[ 2017-12-24T12:48:56+08:00 ] 127.0.0.1 /
INFO: [ app_init ] --START--
INFO: Run Behavior\BuildLiteBehavior [ RunTime:0.000000s ]
INFO: [ app_init ] --END-- [ RunTime:0.001000s ]
INFO: [ app_begin ] --START--
INFO: Run Behavior\ReadHtmlCacheBehavior [ RunTime:0.002000s ]
INFO: [ app_begin ] --END-- [ RunTime:0.002000s ]
INFO: [ view_parse ] --START--
INFO: [ template_filter ] --START--
INFO: Run Behavior\ContentReplaceBehavior [ RunTime:0.000000s ]
INFO: [ template_filter ] --END-- [ RunTime:0.000000s ]
INFO: Run Behavior\ParseTemplateBehavior [ RunTime:0.047002s ]
INFO: [ view_parse ] --END-- [ RunTime:0.047002s ]
INFO: [ view_filter ] --START--
INFO: Run Behavior\WriteHtmlCacheBehavior [ RunTime:0.001000s ]
INFO: [ view_filter ] --END-- [ RunTime:0.001000s ]
INFO: [ app_end ] --START--
INFO: Run Behavior\ShowPageTraceBehavior [ RunTime:0.001000s ]
INFO: [ app_end ] --END-- [ RunTime:0.001000s ]

[ 2017-12-24T12:49:10+08:00 ] 127.0.0.1 /index.php/Home/Login/dologin
INFO: [ app_init ] --START--
INFO: Run Behavior\BuildLiteBehavior [ RunTime:0.001000s ]
INFO: [ app_init ] --END-- [ RunTime:0.002000s ]
INFO: [ app_begin ] --START--
INFO: Run Behavior\ReadHtmlCacheBehavior [ RunTime:0.003000s ]
INFO: [ app_begin ] --END-- [ RunTime:0.004000s ]
SQL: SHOW COLUMNS FROM `sjy_origanization_user_info` [ RunTime:0.1100s ]
SQL: SELECT * FROM `sjy_origanization_user_info` WHERE `sjy_origanization_login_id` = '15620608138' AND `password` = 'e10adc3949ba59abbe56e057f20f883e' LIMIT 1   [ RunTime:0.0880s ]
SQL: SELECT * FROM `sjy_origanization_user_info` WHERE `sjy_origanization_login_id` = '15620608138' LIMIT 1   [ RunTime:0.1270s ]

[ 2017-12-24T12:49:11+08:00 ] 127.0.0.1 /index.php/Home/Origanization/index
INFO: [ app_init ] --START--
INFO: Run Behavior\BuildLiteBehavior [ RunTime:0.000000s ]
INFO: [ app_init ] --END-- [ RunTime:0.001000s ]
INFO: [ app_begin ] --START--
INFO: Run Behavior\ReadHtmlCacheBehavior [ RunTime:0.003001s ]
INFO: [ app_begin ] --END-- [ RunTime:0.003001s ]
SQL: SHOW COLUMNS FROM `sjy_cities` [ RunTime:0.1070s ]
SQL: SELECT * FROM `sjy_cities` WHERE `cityid` = 110000 LIMIT 1   [ RunTime:0.0910s ]
NOTIC: [8] Undefined variable: islogin C:\xampp\htdocs\shejuyi\Application\Home\Controller\BaseController.class.php 第 94 行.
NOTIC: [8] Undefined variable: user_image C:\xampp\htdocs\shejuyi\Application\Home\Controller\BaseController.class.php 第 98 行.
INFO: [ view_parse ] --START--
INFO: [ template_filter ] --START--
INFO: Run Behavior\ContentReplaceBehavior [ RunTime:0.000000s ]
INFO: [ template_filter ] --END-- [ RunTime:0.000000s ]
INFO: Run Behavior\ParseTemplateBehavior [ RunTime:0.167009s ]
INFO: [ view_parse ] --END-- [ RunTime:0.167009s ]
INFO: [ view_filter ] --START--
INFO: Run Behavior\WriteHtmlCacheBehavior [ RunTime:0.005001s ]
INFO: [ view_filter ] --END-- [ RunTime:0.005001s ]
INFO: [ app_end ] --START--
INFO: Run Behavior\ShowPageTraceBehavior [ RunTime:0.006000s ]
INFO: [ app_end ] --END-- [ RunTime:0.006000s ]

[ 2017-12-24T12:49:11+08:00 ] 127.0.0.1 /index.php/Home/js/cityBoxShow.js
INFO: [ app_init ] --START--
INFO: Run Behavior\BuildLiteBehavior [ RunTime:0.000000s ]
INFO: [ app_init ] --END-- [ RunTime:0.001000s ]
INFO: [ app_begin ] --START--
INFO: Run Behavior\ReadHtmlCacheBehavior [ RunTime:0.005000s ]
INFO: [ app_begin ] --END-- [ RunTime:0.005000s ]
ERR: 无法加载控制器:Js

[ 2017-12-24T12:52:55+08:00 ] 127.0.0.1 /index.php/Home/Origanization/origanizationIdenty
INFO: [ app_init ] --START--
INFO: Run Behavior\BuildLiteBehavior [ RunTime:0.000000s ]
INFO: [ app_init ] --END-- [ RunTime:0.001000s ]
INFO: [ app_begin ] --START--
INFO: Run Behavior\ReadHtmlCacheBehavior [ RunTime:0.004000s ]
INFO: [ app_begin ] --END-- [ RunTime:0.004000s ]
SQL: SHOW COLUMNS FROM `sjy_cities` [ RunTime:0.0580s ]
SQL: SELECT * FROM `sjy_cities` WHERE `cityid` = 110000 LIMIT 1   [ RunTime:0.0750s ]
NOTIC: [8] Undefined variable: islogin C:\xampp\htdocs\shejuyi\Application\Home\Controller\BaseController.class.php 第 94 行.
NOTIC: [8] Undefined variable: user_image C:\xampp\htdocs\shejuyi\Application\Home\Controller\BaseController.class.php 第 98 行.
SQL: SHOW COLUMNS FROM `sjy_origanization_type` [ RunTime:0.1080s ]
SQL: SELECT * FROM `sjy_origanization_type`  [ RunTime:0.1320s ]
INFO: [ view_parse ] --START--
INFO: [ template_filter ] --START--
INFO: Run Behavior\ContentReplaceBehavior [ RunTime:0.001000s ]
INFO: [ template_filter ] --END-- [ RunTime:0.001000s ]
INFO: Run Behavior\ParseTemplateBehavior [ RunTime:0.038002s ]
INFO: [ view_parse ] --END-- [ RunTime:0.038002s ]
INFO: [ view_filter ] --START--
INFO: Run Behavior\WriteHtmlCacheBehavior [ RunTime:0.002000s ]
INFO: [ view_filter ] --END-- [ RunTime:0.002000s ]
INFO: [ app_end ] --START--
INFO: Run Behavior\ShowPageTraceBehavior [ RunTime:0.002000s ]
INFO: [ app_end ] --END-- [ RunTime:0.002000s ]

[ 2017-12-24T12:53:03+08:00 ] 127.0.0.1 /index.php/Home/Origanization/personal2.html
INFO: [ app_init ] --START--
INFO: Run Behavior\BuildLiteBehavior [ RunTime:0.000000s ]
INFO: [ app_init ] --END-- [ RunTime:0.001000s ]
INFO: [ app_begin ] --START--
INFO: Run Behavior\ReadHtmlCacheBehavior [ RunTime:0.002000s ]
INFO: [ app_begin ] --END-- [ RunTime:0.002000s ]
SQL: SHOW COLUMNS FROM `sjy_cities` [ RunTime:0.1340s ]
SQL: SELECT * FROM `sjy_cities` WHERE `cityid` = 110000 LIMIT 1   [ RunTime:0.1580s ]
NOTIC: [8] Undefined variable: islogin C:\xampp\htdocs\shejuyi\Application\Home\Controller\BaseController.class.php 第 94 行.
NOTIC: [8] Undefined variable: user_image C:\xampp\htdocs\shejuyi\Application\Home\Controller\BaseController.class.php 第 98 行.
ERR: 非法操作:personal2

