[ 2017-11-07T21:28:58+08:00 ] 124.127.154.8 /shejuyi/
INFO: [ app_init ] --START--
INFO: Run Behavior\BuildLiteBehavior [ RunTime:0.000013s ]
INFO: [ app_init ] --END-- [ RunTime:0.000250s ]
INFO: [ app_begin ] --START--
INFO: Run Behavior\ReadHtmlCacheBehavior [ RunTime:0.000306s ]
INFO: [ app_begin ] --END-- [ RunTime:0.000332s ]
INFO: [ view_parse ] --START--
INFO: [ template_filter ] --START--
INFO: Run Behavior\ContentReplaceBehavior [ RunTime:0.000113s ]
INFO: [ template_filter ] --END-- [ RunTime:0.000142s ]
INFO: Run Behavior\ParseTemplateBehavior [ RunTime:0.003997s ]
INFO: [ view_parse ] --END-- [ RunTime:0.004020s ]
INFO: [ view_filter ] --START--
INFO: Run Behavior\WriteHtmlCacheBehavior [ RunTime:0.000089s ]
INFO: [ view_filter ] --END-- [ RunTime:0.000107s ]
INFO: [ app_end ] --START--
INFO: Run Behavior\ShowPageTraceBehavior [ RunTime:0.028402s ]
INFO: [ app_end ] --END-- [ RunTime:0.028482s ]

[ 2017-11-07T21:29:58+08:00 ] 124.127.154.8 /shejuyi/index.php/Home/Login/login/type/2
INFO: [ app_init ] --START--
INFO: Run Behavior\BuildLiteBehavior [ RunTime:0.000009s ]
INFO: [ app_init ] --END-- [ RunTime:0.000202s ]
INFO: [ app_begin ] --START--
INFO: Run Behavior\ReadHtmlCacheBehavior [ RunTime:0.000294s ]
INFO: [ app_begin ] --END-- [ RunTime:0.000318s ]
INFO: [ view_parse ] --START--
INFO: [ template_filter ] --START--
INFO: Run Behavior\ContentReplaceBehavior [ RunTime:0.000067s ]
INFO: [ template_filter ] --END-- [ RunTime:0.000127s ]
INFO: Run Behavior\ParseTemplateBehavior [ RunTime:0.154113s ]
INFO: [ view_parse ] --END-- [ RunTime:0.154168s ]
INFO: [ view_filter ] --START--
INFO: Run Behavior\WriteHtmlCacheBehavior [ RunTime:0.000138s ]
INFO: [ view_filter ] --END-- [ RunTime:0.000158s ]
INFO: [ app_end ] --START--
INFO: Run Behavior\ShowPageTraceBehavior [ RunTime:0.000374s ]
INFO: [ app_end ] --END-- [ RunTime:0.000398s ]

[ 2017-11-07T21:30:04+08:00 ] 124.127.154.8 /shejuyi/index.php/Home/Login/dologin
INFO: [ app_init ] --START--
INFO: Run Behavior\BuildLiteBehavior [ RunTime:0.000026s ]
INFO: [ app_init ] --END-- [ RunTime:0.000221s ]
INFO: [ app_begin ] --START--
INFO: Run Behavior\ReadHtmlCacheBehavior [ RunTime:0.000246s ]
INFO: [ app_begin ] --END-- [ RunTime:0.000270s ]
SQL: SHOW COLUMNS FROM `sjy_community_user_info` [ RunTime:0.0010s ]
SQL: SELECT * FROM `sjy_community_user_info` WHERE `sjy_community_login_id` = '13110016939' LIMIT 1   [ RunTime:0.0003s ]
SQL: SELECT * FROM `sjy_community_user_info` WHERE `sjy_community_login_id` = '13110016939' LIMIT 1   [ RunTime:0.0002s ]

[ 2017-11-07T21:30:05+08:00 ] 124.127.154.8 /shejuyi/index.php/Home/Community/index
INFO: [ app_init ] --START--
INFO: Run Behavior\BuildLiteBehavior [ RunTime:0.000012s ]
INFO: [ app_init ] --END-- [ RunTime:0.000236s ]
INFO: [ app_begin ] --START--
INFO: Run Behavior\ReadHtmlCacheBehavior [ RunTime:0.000290s ]
INFO: [ app_begin ] --END-- [ RunTime:0.000315s ]
NOTIC: [8] Undefined index: sjy_community_user_role_name /xiaoheiwu/shejuyi/Application/Home/Controller/CommunityController.class.php 第 50 行.
SQL: SHOW COLUMNS FROM `sjy_community_user_info` [ RunTime:0.0010s ]
SQL: SELECT * FROM `sjy_community_user_info` WHERE `sjy_id` = 7 LIMIT 1   [ RunTime:0.0003s ]
SQL: SHOW COLUMNS FROM `sjy_origanization_type` [ RunTime:0.0004s ]
SQL: SELECT * FROM `sjy_origanization_type`  [ RunTime:0.0002s ]
SQL: SHOW COLUMNS FROM `sjy_cities` [ RunTime:0.0005s ]
SQL: SELECT * FROM `sjy_cities` WHERE `cityid` = 350200 LIMIT 1   [ RunTime:0.0002s ]
SQL: SHOW COLUMNS FROM `sjy_origanization_position_info` [ RunTime:0.0006s ]
SQL: SELECT `sjy_origanization_id`,sjy_origanization_area_name as area FROM `sjy_origanization_position_info` WHERE `sjy_origanization_city` = 350200  [ RunTime:0.0002s ]
SQL: SHOW COLUMNS FROM `sjy_origanization_base_info` [ RunTime:0.0005s ]
SQL: SELECT * FROM `sjy_origanization_base_info` WHERE `sjy_id` = 7 LIMIT 1   [ RunTime:0.0002s ]
SQL: SELECT `sjy_origanization_type_name` FROM `sjy_origanization_type` WHERE `sjy_id` = 1 LIMIT 1   [ RunTime:0.0001s ]
SQL: SHOW COLUMNS FROM `sjy_origanization_image` [ RunTime:0.1161s ]
SQL: SELECT * FROM `sjy_origanization_image` WHERE `sjy_origanization_code` = '7' LIMIT 1   [ RunTime:0.0005s ]
INFO: [ view_parse ] --START--
INFO: [ template_filter ] --START--
INFO: Run Behavior\ContentReplaceBehavior [ RunTime:0.000106s ]
INFO: [ template_filter ] --END-- [ RunTime:0.000131s ]
INFO: Run Behavior\ParseTemplateBehavior [ RunTime:0.089761s ]
INFO: [ view_parse ] --END-- [ RunTime:0.089831s ]
INFO: [ view_filter ] --START--
INFO: Run Behavior\WriteHtmlCacheBehavior [ RunTime:0.000210s ]
INFO: [ view_filter ] --END-- [ RunTime:0.000229s ]
INFO: [ app_end ] --START--
INFO: Run Behavior\ShowPageTraceBehavior [ RunTime:0.000440s ]
INFO: [ app_end ] --END-- [ RunTime:0.000467s ]

[ 2017-11-07T21:30:06+08:00 ] 124.127.154.8 /shejuyi/
INFO: [ app_init ] --START--
INFO: Run Behavior\BuildLiteBehavior [ RunTime:0.000009s ]
INFO: [ app_init ] --END-- [ RunTime:0.000212s ]
INFO: [ app_begin ] --START--
INFO: Run Behavior\ReadHtmlCacheBehavior [ RunTime:0.000251s ]
INFO: [ app_begin ] --END-- [ RunTime:0.000276s ]
INFO: [ view_parse ] --START--
INFO: [ template_filter ] --START--
INFO: Run Behavior\ContentReplaceBehavior [ RunTime:0.000107s ]
INFO: [ template_filter ] --END-- [ RunTime:0.000167s ]
INFO: Run Behavior\ParseTemplateBehavior [ RunTime:0.145746s ]
INFO: [ view_parse ] --END-- [ RunTime:0.145798s ]
INFO: [ view_filter ] --START--
INFO: Run Behavior\WriteHtmlCacheBehavior [ RunTime:0.000156s ]
INFO: [ view_filter ] --END-- [ RunTime:0.000177s ]
INFO: [ app_end ] --START--
INFO: Run Behavior\ShowPageTraceBehavior [ RunTime:0.000426s ]
INFO: [ app_end ] --END-- [ RunTime:0.000453s ]

[ 2017-11-07T21:30:12+08:00 ] 124.127.154.8 /shejuyi/index.php/Home/Community/index
INFO: [ app_init ] --START--
INFO: Run Behavior\BuildLiteBehavior [ RunTime:0.000061s ]
INFO: [ app_init ] --END-- [ RunTime:0.000432s ]
INFO: [ app_begin ] --START--
INFO: Run Behavior\ReadHtmlCacheBehavior [ RunTime:0.000290s ]
INFO: [ app_begin ] --END-- [ RunTime:0.000317s ]
NOTIC: [8] Undefined index: sjy_community_user_role_name /xiaoheiwu/shejuyi/Application/Home/Controller/CommunityController.class.php 第 50 行.
SQL: SHOW COLUMNS FROM `sjy_community_user_info` [ RunTime:0.1109s ]
SQL: SELECT * FROM `sjy_community_user_info` WHERE `sjy_id` = 7 LIMIT 1   [ RunTime:0.0003s ]
SQL: SHOW COLUMNS FROM `sjy_origanization_type` [ RunTime:0.0004s ]
SQL: SELECT * FROM `sjy_origanization_type`  [ RunTime:0.0002s ]
SQL: SHOW COLUMNS FROM `sjy_cities` [ RunTime:0.0004s ]
SQL: SELECT * FROM `sjy_cities` WHERE `cityid` = 350200 LIMIT 1   [ RunTime:0.0002s ]
SQL: SHOW COLUMNS FROM `sjy_origanization_position_info` [ RunTime:0.0005s ]
SQL: SELECT `sjy_origanization_id`,sjy_origanization_area_name as area FROM `sjy_origanization_position_info` WHERE `sjy_origanization_city` = 350200  [ RunTime:0.0002s ]
SQL: SHOW COLUMNS FROM `sjy_origanization_base_info` [ RunTime:0.0004s ]
SQL: SELECT * FROM `sjy_origanization_base_info` WHERE `sjy_id` = 7 LIMIT 1   [ RunTime:0.0002s ]
SQL: SELECT `sjy_origanization_type_name` FROM `sjy_origanization_type` WHERE `sjy_id` = 1 LIMIT 1   [ RunTime:0.0001s ]
SQL: SHOW COLUMNS FROM `sjy_origanization_image` [ RunTime:0.0004s ]
SQL: SELECT * FROM `sjy_origanization_image` WHERE `sjy_origanization_code` = '7' LIMIT 1   [ RunTime:0.0002s ]
INFO: [ view_parse ] --START--
INFO: [ template_filter ] --START--
INFO: Run Behavior\ContentReplaceBehavior [ RunTime:0.000130s ]
INFO: [ template_filter ] --END-- [ RunTime:0.000183s ]
INFO: Run Behavior\ParseTemplateBehavior [ RunTime:0.190146s ]
INFO: [ view_parse ] --END-- [ RunTime:0.190201s ]
INFO: [ view_filter ] --START--
INFO: Run Behavior\WriteHtmlCacheBehavior [ RunTime:0.000141s ]
INFO: [ view_filter ] --END-- [ RunTime:0.000162s ]
INFO: [ app_end ] --START--
INFO: Run Behavior\ShowPageTraceBehavior [ RunTime:0.000400s ]
INFO: [ app_end ] --END-- [ RunTime:0.000427s ]

[ 2017-11-07T21:30:13+08:00 ] 124.127.154.8 /shejuyi/
INFO: [ app_init ] --START--
INFO: Run Behavior\BuildLiteBehavior [ RunTime:0.000009s ]
INFO: [ app_init ] --END-- [ RunTime:0.000211s ]
INFO: [ app_begin ] --START--
INFO: Run Behavior\ReadHtmlCacheBehavior [ RunTime:0.086586s ]
INFO: [ app_begin ] --END-- [ RunTime:0.086649s ]
INFO: [ view_parse ] --START--
INFO: [ template_filter ] --START--
INFO: Run Behavior\ContentReplaceBehavior [ RunTime:0.000096s ]
INFO: [ template_filter ] --END-- [ RunTime:0.000145s ]
INFO: Run Behavior\ParseTemplateBehavior [ RunTime:0.117237s ]
INFO: [ view_parse ] --END-- [ RunTime:0.117263s ]
INFO: [ view_filter ] --START--
INFO: Run Behavior\WriteHtmlCacheBehavior [ RunTime:0.000091s ]
INFO: [ view_filter ] --END-- [ RunTime:0.000110s ]
INFO: [ app_end ] --START--
INFO: Run Behavior\ShowPageTraceBehavior [ RunTime:0.000340s ]
INFO: [ app_end ] --END-- [ RunTime:0.000365s ]

[ 2017-11-07T21:30:14+08:00 ] 124.127.154.8 /shejuyi/index.php/Home/Community/choosecity
INFO: [ app_init ] --START--
INFO: Run Behavior\BuildLiteBehavior [ RunTime:0.000014s ]
INFO: [ app_init ] --END-- [ RunTime:0.000227s ]
INFO: [ app_begin ] --START--
INFO: Run Behavior\ReadHtmlCacheBehavior [ RunTime:0.000385s ]
INFO: [ app_begin ] --END-- [ RunTime:0.000439s ]
SQL: SHOW COLUMNS FROM `sjy_origanization_position_info` [ RunTime:0.0008s ]
NOTIC: [8] Undefined offset: 0 /xiaoheiwu/shejuyi/ThinkPHP/Library/Think/Model.class.php 第 222 行.
SQL: SELECT `sjy_origanization_city`,sjy_origanization_city_name as city FROM `sjy_origanization_position_info`  [ RunTime:0.0006s ]
INFO: [ view_parse ] --START--
INFO: [ template_filter ] --START--
INFO: Run Behavior\ContentReplaceBehavior [ RunTime:0.000034s ]
INFO: [ template_filter ] --END-- [ RunTime:0.000061s ]
INFO: Run Behavior\ParseTemplateBehavior [ RunTime:0.003507s ]
INFO: [ view_parse ] --END-- [ RunTime:0.003533s ]
INFO: [ view_filter ] --START--
INFO: Run Behavior\WriteHtmlCacheBehavior [ RunTime:0.000090s ]
INFO: [ view_filter ] --END-- [ RunTime:0.000109s ]
INFO: [ app_end ] --START--
INFO: Run Behavior\ShowPageTraceBehavior [ RunTime:0.080642s ]
INFO: [ app_end ] --END-- [ RunTime:0.080708s ]

[ 2017-11-07T21:30:16+08:00 ] 124.127.154.8 /shejuyi/index.php/Home/Community/setcity
INFO: [ app_init ] --START--
INFO: Run Behavior\BuildLiteBehavior [ RunTime:0.000009s ]
INFO: [ app_init ] --END-- [ RunTime:0.000207s ]
INFO: [ app_begin ] --START--
INFO: Run Behavior\ReadHtmlCacheBehavior [ RunTime:0.000276s ]
INFO: [ app_begin ] --END-- [ RunTime:0.000300s ]

[ 2017-11-07T21:30:17+08:00 ] 124.127.154.8 /shejuyi/index.php/Home/Community/index
INFO: [ app_init ] --START--
INFO: Run Behavior\BuildLiteBehavior [ RunTime:0.000013s ]
INFO: [ app_init ] --END-- [ RunTime:0.000235s ]
INFO: [ app_begin ] --START--
INFO: Run Behavior\ReadHtmlCacheBehavior [ RunTime:0.152762s ]
INFO: [ app_begin ] --END-- [ RunTime:0.152824s ]
NOTIC: [8] Undefined index: sjy_community_user_role_name /xiaoheiwu/shejuyi/Application/Home/Controller/CommunityController.class.php 第 50 行.
SQL: SHOW COLUMNS FROM `sjy_community_user_info` [ RunTime:0.0009s ]
SQL: SELECT * FROM `sjy_community_user_info` WHERE `sjy_id` = 7 LIMIT 1   [ RunTime:0.0290s ]
SQL: SHOW COLUMNS FROM `sjy_origanization_type` [ RunTime:0.0007s ]
SQL: SELECT * FROM `sjy_origanization_type`  [ RunTime:0.0002s ]
SQL: SHOW COLUMNS FROM `sjy_cities` [ RunTime:0.1136s ]
SQL: SELECT * FROM `sjy_cities` WHERE `cityid` = '120000' LIMIT 1   [ RunTime:0.0002s ]
SQL: SHOW COLUMNS FROM `sjy_origanization_position_info` [ RunTime:0.0005s ]
SQL: SELECT `sjy_origanization_id`,sjy_origanization_area_name as area FROM `sjy_origanization_position_info` WHERE `sjy_origanization_city` = '120000'  [ RunTime:0.0002s ]
SQL: SHOW COLUMNS FROM `sjy_origanization_base_info` [ RunTime:0.0005s ]
SQL: SELECT * FROM `sjy_origanization_base_info` WHERE `sjy_id` = 5 LIMIT 1   [ RunTime:0.0002s ]
SQL: SELECT `sjy_origanization_type_name` FROM `sjy_origanization_type` WHERE `sjy_id` = 2 LIMIT 1   [ RunTime:0.0002s ]
SQL: SHOW COLUMNS FROM `sjy_origanization_image` [ RunTime:0.0004s ]
SQL: SELECT * FROM `sjy_origanization_image` WHERE `sjy_origanization_code` = '5' LIMIT 1   [ RunTime:0.0002s ]
SQL: SELECT * FROM `sjy_origanization_base_info` WHERE `sjy_id` = 6 LIMIT 1   [ RunTime:0.0002s ]
SQL: SELECT `sjy_origanization_type_name` FROM `sjy_origanization_type` WHERE `sjy_id` = 1 LIMIT 1   [ RunTime:0.0001s ]
SQL: SELECT * FROM `sjy_origanization_image` WHERE `sjy_origanization_code` = '6' LIMIT 1   [ RunTime:0.0002s ]
INFO: [ view_parse ] --START--
INFO: [ template_filter ] --START--
INFO: Run Behavior\ContentReplaceBehavior [ RunTime:0.000122s ]
INFO: [ template_filter ] --END-- [ RunTime:0.000175s ]
INFO: Run Behavior\ParseTemplateBehavior [ RunTime:0.033967s ]
INFO: [ view_parse ] --END-- [ RunTime:0.033993s ]
INFO: [ view_filter ] --START--
INFO: Run Behavior\WriteHtmlCacheBehavior [ RunTime:0.000123s ]
INFO: [ view_filter ] --END-- [ RunTime:0.000142s ]
INFO: [ app_end ] --START--
INFO: Run Behavior\ShowPageTraceBehavior [ RunTime:0.000377s ]
INFO: [ app_end ] --END-- [ RunTime:0.000403s ]

[ 2017-11-07T21:30:20+08:00 ] 124.127.154.8 /shejuyi/index.php/Home/Community/choosecity
INFO: [ app_init ] --START--
INFO: Run Behavior\BuildLiteBehavior [ RunTime:0.000013s ]
INFO: [ app_init ] --END-- [ RunTime:0.000271s ]
INFO: [ app_begin ] --START--
INFO: Run Behavior\ReadHtmlCacheBehavior [ RunTime:0.112902s ]
INFO: [ app_begin ] --END-- [ RunTime:0.112962s ]
SQL: SHOW COLUMNS FROM `sjy_origanization_position_info` [ RunTime:0.0008s ]
NOTIC: [8] Undefined offset: 0 /xiaoheiwu/shejuyi/ThinkPHP/Library/Think/Model.class.php 第 222 行.
SQL: SELECT `sjy_origanization_city`,sjy_origanization_city_name as city FROM `sjy_origanization_position_info`  [ RunTime:0.0002s ]
INFO: [ view_parse ] --START--
INFO: [ template_filter ] --START--
INFO: Run Behavior\ContentReplaceBehavior [ RunTime:0.000034s ]
INFO: [ template_filter ] --END-- [ RunTime:0.000088s ]
INFO: Run Behavior\ParseTemplateBehavior [ RunTime:0.003496s ]
INFO: [ view_parse ] --END-- [ RunTime:0.003520s ]
INFO: [ view_filter ] --START--
INFO: Run Behavior\WriteHtmlCacheBehavior [ RunTime:0.000099s ]
INFO: [ view_filter ] --END-- [ RunTime:0.000121s ]
INFO: [ app_end ] --START--
INFO: Run Behavior\ShowPageTraceBehavior [ RunTime:0.000303s ]
INFO: [ app_end ] --END-- [ RunTime:0.000336s ]

[ 2017-11-07T21:30:22+08:00 ] 124.127.154.8 /shejuyi/index.php/Home/Community/setcity
INFO: [ app_init ] --START--
INFO: Run Behavior\BuildLiteBehavior [ RunTime:0.000013s ]
INFO: [ app_init ] --END-- [ RunTime:0.000238s ]
INFO: [ app_begin ] --START--
INFO: Run Behavior\ReadHtmlCacheBehavior [ RunTime:0.000262s ]
INFO: [ app_begin ] --END-- [ RunTime:0.000287s ]

[ 2017-11-07T21:30:22+08:00 ] 124.127.154.8 /shejuyi/index.php/Home/Community/index
INFO: [ app_init ] --START--
INFO: Run Behavior\BuildLiteBehavior [ RunTime:0.000009s ]
INFO: [ app_init ] --END-- [ RunTime:0.000205s ]
INFO: [ app_begin ] --START--
INFO: Run Behavior\ReadHtmlCacheBehavior [ RunTime:0.000273s ]
INFO: [ app_begin ] --END-- [ RunTime:0.000298s ]
NOTIC: [8] Undefined index: sjy_community_user_role_name /xiaoheiwu/shejuyi/Application/Home/Controller/CommunityController.class.php 第 50 行.
SQL: SHOW COLUMNS FROM `sjy_community_user_info` [ RunTime:0.0009s ]
SQL: SELECT * FROM `sjy_community_user_info` WHERE `sjy_id` = 7 LIMIT 1   [ RunTime:0.0003s ]
SQL: SHOW COLUMNS FROM `sjy_origanization_type` [ RunTime:0.0004s ]
SQL: SELECT * FROM `sjy_origanization_type`  [ RunTime:0.0002s ]
SQL: SHOW COLUMNS FROM `sjy_cities` [ RunTime:0.0004s ]
SQL: SELECT * FROM `sjy_cities` WHERE `cityid` = '110000' LIMIT 1   [ RunTime:0.0501s ]
SQL: SHOW COLUMNS FROM `sjy_origanization_position_info` [ RunTime:0.0009s ]
SQL: SELECT `sjy_origanization_id`,sjy_origanization_area_name as area FROM `sjy_origanization_position_info` WHERE `sjy_origanization_city` = '110000'  [ RunTime:0.0005s ]
SQL: SHOW COLUMNS FROM `sjy_origanization_base_info` [ RunTime:0.0007s ]
SQL: SELECT * FROM `sjy_origanization_base_info` WHERE `sjy_id` = 8 LIMIT 1   [ RunTime:0.0002s ]
SQL: SELECT `sjy_origanization_type_name` FROM `sjy_origanization_type` WHERE `sjy_id` = 1 LIMIT 1   [ RunTime:0.0002s ]
SQL: SHOW COLUMNS FROM `sjy_origanization_image` [ RunTime:0.0005s ]
SQL: SELECT * FROM `sjy_origanization_image` WHERE `sjy_origanization_code` = '8' LIMIT 1   [ RunTime:0.0004s ]
INFO: [ view_parse ] --START--
INFO: [ template_filter ] --START--
INFO: Run Behavior\ContentReplaceBehavior [ RunTime:0.000126s ]
INFO: [ template_filter ] --END-- [ RunTime:0.000185s ]
INFO: Run Behavior\ParseTemplateBehavior [ RunTime:0.103384s ]
INFO: [ view_parse ] --END-- [ RunTime:0.103410s ]
INFO: [ view_filter ] --START--
INFO: Run Behavior\WriteHtmlCacheBehavior [ RunTime:0.000112s ]
INFO: [ view_filter ] --END-- [ RunTime:0.000147s ]
INFO: [ app_end ] --START--
INFO: Run Behavior\ShowPageTraceBehavior [ RunTime:0.000357s ]
INFO: [ app_end ] --END-- [ RunTime:0.000382s ]

[ 2017-11-07T21:30:24+08:00 ] 124.127.154.8 /shejuyi/
INFO: [ app_init ] --START--
INFO: Run Behavior\BuildLiteBehavior [ RunTime:0.000011s ]
INFO: [ app_init ] --END-- [ RunTime:0.000248s ]
INFO: [ app_begin ] --START--
INFO: Run Behavior\ReadHtmlCacheBehavior [ RunTime:0.000393s ]
INFO: [ app_begin ] --END-- [ RunTime:0.000443s ]
INFO: [ view_parse ] --START--
INFO: [ template_filter ] --START--
INFO: Run Behavior\ContentReplaceBehavior [ RunTime:0.000108s ]
INFO: [ template_filter ] --END-- [ RunTime:0.000161s ]
INFO: Run Behavior\ParseTemplateBehavior [ RunTime:0.135359s ]
INFO: [ view_parse ] --END-- [ RunTime:0.135396s ]
INFO: [ view_filter ] --START--
INFO: Run Behavior\WriteHtmlCacheBehavior [ RunTime:0.000096s ]
INFO: [ view_filter ] --END-- [ RunTime:0.000114s ]
INFO: [ app_end ] --START--
INFO: Run Behavior\ShowPageTraceBehavior [ RunTime:0.000358s ]
INFO: [ app_end ] --END-- [ RunTime:0.000385s ]

[ 2017-11-07T21:30:31+08:00 ] 124.127.154.8 /shejuyi/index.php/Home/Community/send_project
INFO: [ app_init ] --START--
INFO: Run Behavior\BuildLiteBehavior [ RunTime:0.000009s ]
INFO: [ app_init ] --END-- [ RunTime:0.000203s ]
INFO: [ app_begin ] --START--
INFO: Run Behavior\ReadHtmlCacheBehavior [ RunTime:0.036496s ]
INFO: [ app_begin ] --END-- [ RunTime:0.036548s ]
SQL: SHOW COLUMNS FROM `sjy_service_object` [ RunTime:0.0007s ]
SQL: SELECT * FROM `sjy_service_object`  [ RunTime:0.0002s ]
INFO: [ view_parse ] --START--
INFO: [ template_filter ] --START--
INFO: Run Behavior\ContentReplaceBehavior [ RunTime:0.000077s ]
INFO: [ template_filter ] --END-- [ RunTime:0.000103s ]
NOTIC: [8] Undefined variable: origanization_images /xiaoheiwu/shejuyi/Application/Runtime/Cache/Home/259c37238cea8334bb822767b0cef0fa.php 第 93 行.
INFO: Run Behavior\ParseTemplateBehavior [ RunTime:0.033504s ]
INFO: [ view_parse ] --END-- [ RunTime:0.033545s ]
INFO: [ view_filter ] --START--
INFO: Run Behavior\WriteHtmlCacheBehavior [ RunTime:0.000197s ]
INFO: [ view_filter ] --END-- [ RunTime:0.050404s ]
INFO: [ app_end ] --START--
INFO: Run Behavior\ShowPageTraceBehavior [ RunTime:0.000534s ]
INFO: [ app_end ] --END-- [ RunTime:0.000563s ]

[ 2017-11-07T21:30:32+08:00 ] 124.127.154.8 /shejuyi/index.php/Home/Community/layui.js
INFO: [ app_init ] --START--
INFO: Run Behavior\BuildLiteBehavior [ RunTime:0.000010s ]
INFO: [ app_init ] --END-- [ RunTime:0.000208s ]
INFO: [ app_begin ] --START--
INFO: Run Behavior\ReadHtmlCacheBehavior [ RunTime:0.000250s ]
INFO: [ app_begin ] --END-- [ RunTime:0.000275s ]
ERR: 非法操作:layui.js

[ 2017-11-07T21:30:53+08:00 ] 124.127.154.8 /shejuyi/index.php/Home/Community/delsessionimgid
INFO: [ app_init ] --START--
INFO: Run Behavior\BuildLiteBehavior [ RunTime:0.000011s ]
INFO: [ app_init ] --END-- [ RunTime:0.000212s ]
INFO: [ app_begin ] --START--
INFO: Run Behavior\ReadHtmlCacheBehavior [ RunTime:0.000277s ]
INFO: [ app_begin ] --END-- [ RunTime:0.000302s ]
INFO: [ app_end ] --START--
INFO: Run Behavior\ShowPageTraceBehavior [ RunTime:0.000480s ]
INFO: [ app_end ] --END-- [ RunTime:0.000543s ]

[ 2017-11-07T21:30:55+08:00 ] 124.127.154.8 /shejuyi/index.php/Home/Community/origanizationinfo/id/8
INFO: [ app_init ] --START--
INFO: Run Behavior\BuildLiteBehavior [ RunTime:0.000012s ]
INFO: [ app_init ] --END-- [ RunTime:0.000227s ]
INFO: [ app_begin ] --START--
INFO: Run Behavior\ReadHtmlCacheBehavior [ RunTime:0.036622s ]
INFO: [ app_begin ] --END-- [ RunTime:0.036682s ]
SQL: select sjy_origanization_base_info.*,sjy_origanization_position_info.sjy_origanization_address,sjy_provinces.province,sjy_cities.city,sjy_areas.area from sjy_origanization_base_info left join sjy_origanization_position_info on sjy_origanization_base_info.sjy_id=sjy_origanization_position_info.sjy_origanization_id left join sjy_provinces on sjy_origanization_position_info.sjy_origanization_province=sjy_provinces.provinceid left join sjy_cities on sjy_origanization_position_info.sjy_origanization_city=sjy_cities.cityid left join sjy_areas on sjy_origanization_position_info.sjy_origanization_area=sjy_areas.areaid where sjy_origanization_base_info.sjy_id=8 [ RunTime:0.0023s ]
SQL: SHOW COLUMNS FROM `sjy_origanization_project_info` [ RunTime:0.1302s ]
SQL: SELECT * FROM `sjy_origanization_project_info` WHERE `sjy_origanization_id` = '8' AND `sjy_origanization_project_start_time` > '2017-11-07 21:30:55'  [ RunTime:0.0004s ]
SQL: SHOW COLUMNS FROM `sjy_project` [ RunTime:0.0004s ]
SQL: SELECT * FROM `sjy_project` left join sjy_community_project_info on sjy_project.project_id=sjy_community_project_info.sjy_id  WHERE `origanization_id` = '8' AND `status` = '100'  [ RunTime:0.0003s ]
SQL: SHOW COLUMNS FROM `sjy_origanization_image` [ RunTime:0.0004s ]
SQL: SELECT * FROM `sjy_origanization_image` WHERE `sjy_origanization_code` = '8'  [ RunTime:0.0002s ]
SQL: SHOW COLUMNS FROM `sjy_cities` [ RunTime:0.0004s ]
SQL: SELECT * FROM `sjy_cities` WHERE `cityid` = '110000' LIMIT 1   [ RunTime:0.0002s ]
INFO: [ view_parse ] --START--
INFO: [ template_filter ] --START--
INFO: Run Behavior\ContentReplaceBehavior [ RunTime:0.000145s ]
INFO: [ template_filter ] --END-- [ RunTime:0.000174s ]
NOTIC: [8] Undefined variable: userinfo /xiaoheiwu/shejuyi/Application/Runtime/Cache/Home/8bdcbd3a93e6855d598da0b0112dbe2d.php 第 55 行.
INFO: Run Behavior\ParseTemplateBehavior [ RunTime:0.006077s ]
INFO: [ view_parse ] --END-- [ RunTime:0.006099s ]
INFO: [ view_filter ] --START--
INFO: Run Behavior\WriteHtmlCacheBehavior [ RunTime:0.000095s ]
INFO: [ view_filter ] --END-- [ RunTime:0.000113s ]
INFO: [ app_end ] --START--
INFO: Run Behavior\ShowPageTraceBehavior [ RunTime:0.028543s ]
INFO: [ app_end ] --END-- [ RunTime:0.028610s ]

[ 2017-11-07T21:30:56+08:00 ] 124.127.154.8 /shejuyi/
INFO: [ app_init ] --START--
INFO: Run Behavior\BuildLiteBehavior [ RunTime:0.000009s ]
INFO: [ app_init ] --END-- [ RunTime:0.000203s ]
INFO: [ app_begin ] --START--
INFO: Run Behavior\ReadHtmlCacheBehavior [ RunTime:0.000245s ]
INFO: [ app_begin ] --END-- [ RunTime:0.000270s ]
INFO: [ view_parse ] --START--
INFO: [ template_filter ] --START--
INFO: Run Behavior\ContentReplaceBehavior [ RunTime:0.000098s ]
INFO: [ template_filter ] --END-- [ RunTime:0.000146s ]
INFO: Run Behavior\ParseTemplateBehavior [ RunTime:0.150328s ]
INFO: [ view_parse ] --END-- [ RunTime:0.150353s ]
INFO: [ view_filter ] --START--
INFO: Run Behavior\WriteHtmlCacheBehavior [ RunTime:0.000096s ]
INFO: [ view_filter ] --END-- [ RunTime:0.000117s ]
INFO: [ app_end ] --START--
INFO: Run Behavior\ShowPageTraceBehavior [ RunTime:0.000349s ]
INFO: [ app_end ] --END-- [ RunTime:0.000380s ]

[ 2017-11-07T21:31:07+08:00 ] 124.127.154.8 /shejuyi/index.php/Home/Community/origanizationinfo/id/8
INFO: [ app_init ] --START--
INFO: Run Behavior\BuildLiteBehavior [ RunTime:0.000015s ]
INFO: [ app_init ] --END-- [ RunTime:0.000274s ]
INFO: [ app_begin ] --START--
INFO: Run Behavior\ReadHtmlCacheBehavior [ RunTime:0.000470s ]
INFO: [ app_begin ] --END-- [ RunTime:0.000537s ]
SQL: select sjy_origanization_base_info.*,sjy_origanization_position_info.sjy_origanization_address,sjy_provinces.province,sjy_cities.city,sjy_areas.area from sjy_origanization_base_info left join sjy_origanization_position_info on sjy_origanization_base_info.sjy_id=sjy_origanization_position_info.sjy_origanization_id left join sjy_provinces on sjy_origanization_position_info.sjy_origanization_province=sjy_provinces.provinceid left join sjy_cities on sjy_origanization_position_info.sjy_origanization_city=sjy_cities.cityid left join sjy_areas on sjy_origanization_position_info.sjy_origanization_area=sjy_areas.areaid where sjy_origanization_base_info.sjy_id=8 [ RunTime:0.1312s ]
SQL: SHOW COLUMNS FROM `sjy_origanization_project_info` [ RunTime:0.0009s ]
SQL: SELECT * FROM `sjy_origanization_project_info` WHERE `sjy_origanization_id` = '8' AND `sjy_origanization_project_start_time` > '2017-11-07 21:31:07'  [ RunTime:0.0003s ]
SQL: SHOW COLUMNS FROM `sjy_project` [ RunTime:0.0626s ]
SQL: SELECT * FROM `sjy_project` left join sjy_community_project_info on sjy_project.project_id=sjy_community_project_info.sjy_id  WHERE `origanization_id` = '8' AND `status` = '100'  [ RunTime:0.0004s ]
SQL: SHOW COLUMNS FROM `sjy_origanization_image` [ RunTime:0.0005s ]
SQL: SELECT * FROM `sjy_origanization_image` WHERE `sjy_origanization_code` = '8'  [ RunTime:0.0002s ]
SQL: SHOW COLUMNS FROM `sjy_cities` [ RunTime:0.0004s ]
SQL: SELECT * FROM `sjy_cities` WHERE `cityid` = '110000' LIMIT 1   [ RunTime:0.0002s ]
INFO: [ view_parse ] --START--
INFO: [ template_filter ] --START--
INFO: Run Behavior\ContentReplaceBehavior [ RunTime:0.000116s ]
INFO: [ template_filter ] --END-- [ RunTime:0.000150s ]
NOTIC: [8] Undefined variable: userinfo /xiaoheiwu/shejuyi/Application/Runtime/Cache/Home/8bdcbd3a93e6855d598da0b0112dbe2d.php 第 55 行.
INFO: Run Behavior\ParseTemplateBehavior [ RunTime:0.126758s ]
INFO: [ view_parse ] --END-- [ RunTime:0.126796s ]
INFO: [ view_filter ] --START--
INFO: Run Behavior\WriteHtmlCacheBehavior [ RunTime:0.000132s ]
INFO: [ view_filter ] --END-- [ RunTime:0.000152s ]
INFO: [ app_end ] --START--
INFO: Run Behavior\ShowPageTraceBehavior [ RunTime:0.000383s ]
INFO: [ app_end ] --END-- [ RunTime:0.000409s ]

[ 2017-11-07T21:31:08+08:00 ] 124.127.154.8 /shejuyi/
INFO: [ app_init ] --START--
INFO: Run Behavior\BuildLiteBehavior [ RunTime:0.000012s ]
INFO: [ app_init ] --END-- [ RunTime:0.000226s ]
INFO: [ app_begin ] --START--
INFO: Run Behavior\ReadHtmlCacheBehavior [ RunTime:0.000302s ]
INFO: [ app_begin ] --END-- [ RunTime:0.000328s ]
INFO: [ view_parse ] --START--
INFO: [ template_filter ] --START--
INFO: Run Behavior\ContentReplaceBehavior [ RunTime:0.000108s ]
INFO: [ template_filter ] --END-- [ RunTime:0.000186s ]
INFO: Run Behavior\ParseTemplateBehavior [ RunTime:0.048050s ]
INFO: [ view_parse ] --END-- [ RunTime:0.048075s ]
INFO: [ view_filter ] --START--
INFO: Run Behavior\WriteHtmlCacheBehavior [ RunTime:0.000156s ]
INFO: [ view_filter ] --END-- [ RunTime:0.000183s ]
INFO: [ app_end ] --START--
INFO: Run Behavior\ShowPageTraceBehavior [ RunTime:0.036924s ]
INFO: [ app_end ] --END-- [ RunTime:0.036982s ]

[ 2017-11-07T21:31:10+08:00 ] 124.127.154.8 /shejuyi/
INFO: [ app_init ] --START--
INFO: Run Behavior\BuildLiteBehavior [ RunTime:0.000012s ]
INFO: [ app_init ] --END-- [ RunTime:0.000239s ]
INFO: [ app_begin ] --START--
INFO: Run Behavior\ReadHtmlCacheBehavior [ RunTime:0.000264s ]
INFO: [ app_begin ] --END-- [ RunTime:0.000287s ]
INFO: [ view_parse ] --START--
INFO: [ template_filter ] --START--
INFO: Run Behavior\ContentReplaceBehavior [ RunTime:0.000101s ]
INFO: [ template_filter ] --END-- [ RunTime:0.000154s ]
INFO: Run Behavior\ParseTemplateBehavior [ RunTime:0.085971s ]
INFO: [ view_parse ] --END-- [ RunTime:0.085997s ]
INFO: [ view_filter ] --START--
INFO: Run Behavior\WriteHtmlCacheBehavior [ RunTime:0.000105s ]
INFO: [ view_filter ] --END-- [ RunTime:0.000124s ]
INFO: [ app_end ] --START--
INFO: Run Behavior\ShowPageTraceBehavior [ RunTime:0.000376s ]
INFO: [ app_end ] --END-- [ RunTime:0.000402s ]

[ 2017-11-07T21:31:10+08:00 ] 124.127.154.8 /shejuyi/
INFO: [ app_init ] --START--
INFO: Run Behavior\BuildLiteBehavior [ RunTime:0.000013s ]
INFO: [ app_init ] --END-- [ RunTime:0.000232s ]
INFO: [ app_begin ] --START--
INFO: Run Behavior\ReadHtmlCacheBehavior [ RunTime:0.000260s ]
INFO: [ app_begin ] --END-- [ RunTime:0.000283s ]
INFO: [ view_parse ] --START--
INFO: [ template_filter ] --START--
INFO: Run Behavior\ContentReplaceBehavior [ RunTime:0.043204s ]
INFO: [ template_filter ] --END-- [ RunTime:0.043297s ]
INFO: Run Behavior\ParseTemplateBehavior [ RunTime:0.083527s ]
INFO: [ view_parse ] --END-- [ RunTime:0.083551s ]
INFO: [ view_filter ] --START--
INFO: Run Behavior\WriteHtmlCacheBehavior [ RunTime:0.000136s ]
INFO: [ view_filter ] --END-- [ RunTime:0.000154s ]
INFO: [ app_end ] --START--
INFO: Run Behavior\ShowPageTraceBehavior [ RunTime:0.000436s ]
INFO: [ app_end ] --END-- [ RunTime:0.000462s ]

[ 2017-11-07T21:31:13+08:00 ] 124.127.154.8 /shejuyi/index.php/Home/Login/login/type/1
INFO: [ app_init ] --START--
INFO: Run Behavior\BuildLiteBehavior [ RunTime:0.000014s ]
INFO: [ app_init ] --END-- [ RunTime:0.000247s ]
INFO: [ app_begin ] --START--
INFO: Run Behavior\ReadHtmlCacheBehavior [ RunTime:0.000321s ]
INFO: [ app_begin ] --END-- [ RunTime:0.000345s ]
INFO: [ view_parse ] --START--
INFO: [ template_filter ] --START--
INFO: Run Behavior\ContentReplaceBehavior [ RunTime:0.000045s ]
INFO: [ template_filter ] --END-- [ RunTime:0.000069s ]
INFO: Run Behavior\ParseTemplateBehavior [ RunTime:0.003378s ]
INFO: [ view_parse ] --END-- [ RunTime:0.003401s ]
INFO: [ view_filter ] --START--
INFO: Run Behavior\WriteHtmlCacheBehavior [ RunTime:0.000089s ]
INFO: [ view_filter ] --END-- [ RunTime:0.000130s ]
INFO: [ app_end ] --START--
INFO: Run Behavior\ShowPageTraceBehavior [ RunTime:0.000304s ]
INFO: [ app_end ] --END-- [ RunTime:0.000326s ]

[ 2017-11-07T21:31:19+08:00 ] 124.127.154.8 /shejuyi/index.php/Home/Login/dologin
INFO: [ app_init ] --START--
INFO: Run Behavior\BuildLiteBehavior [ RunTime:0.000014s ]
INFO: [ app_init ] --END-- [ RunTime:0.000237s ]
INFO: [ app_begin ] --START--
INFO: Run Behavior\ReadHtmlCacheBehavior [ RunTime:0.000316s ]
INFO: [ app_begin ] --END-- [ RunTime:0.000342s ]
SQL: SHOW COLUMNS FROM `sjy_origanization_user_info` [ RunTime:0.0009s ]
SQL: SELECT * FROM `sjy_origanization_user_info` WHERE `sjy_origanization_login_id` = '13683315040' LIMIT 1   [ RunTime:0.0003s ]
SQL: SELECT * FROM `sjy_origanization_user_info` WHERE `sjy_origanization_login_id` = '13683315040' LIMIT 1   [ RunTime:0.0002s ]

[ 2017-11-07T21:31:20+08:00 ] 124.127.154.8 /shejuyi/index.php/Home/Origanization/index
INFO: [ app_init ] --START--
INFO: Run Behavior\BuildLiteBehavior [ RunTime:0.000009s ]
INFO: [ app_init ] --END-- [ RunTime:0.000203s ]
INFO: [ app_begin ] --START--
INFO: Run Behavior\ReadHtmlCacheBehavior [ RunTime:0.000275s ]
INFO: [ app_begin ] --END-- [ RunTime:0.000300s ]
SQL: SHOW COLUMNS FROM `sjy_origanization_user_info` [ RunTime:0.0009s ]
SQL: SELECT * FROM `sjy_origanization_user_info` WHERE `sjy_id` = 26 LIMIT 1   [ RunTime:0.0003s ]
SQL: SHOW COLUMNS FROM `sjy_cities` [ RunTime:0.0004s ]
SQL: SELECT * FROM `sjy_cities` WHERE `cityid` = '110000' LIMIT 1   [ RunTime:0.1352s ]
INFO: [ view_parse ] --START--
INFO: [ template_filter ] --START--
INFO: Run Behavior\ContentReplaceBehavior [ RunTime:0.000125s ]
INFO: [ template_filter ] --END-- [ RunTime:0.000160s ]
NOTIC: [8] Undefined variable: info /xiaoheiwu/shejuyi/Application/Runtime/Cache/Home/902041a5b34c13ce8e049e37450c1bab.php 第 178 行.
INFO: Run Behavior\ParseTemplateBehavior [ RunTime:0.006318s ]
INFO: [ view_parse ] --END-- [ RunTime:0.006345s ]
INFO: [ view_filter ] --START--
INFO: Run Behavior\WriteHtmlCacheBehavior [ RunTime:0.000094s ]
INFO: [ view_filter ] --END-- [ RunTime:0.000112s ]
INFO: [ app_end ] --START--
INFO: Run Behavior\ShowPageTraceBehavior [ RunTime:0.000395s ]
INFO: [ app_end ] --END-- [ RunTime:0.000420s ]

[ 2017-11-07T21:31:21+08:00 ] 124.127.154.8 /shejuyi/index.php/Home/Origanization/getprojectlist?page=1
INFO: [ app_init ] --START--
INFO: Run Behavior\BuildLiteBehavior [ RunTime:0.000012s ]
INFO: [ app_init ] --END-- [ RunTime:0.056438s ]
INFO: [ app_begin ] --START--
INFO: Run Behavior\ReadHtmlCacheBehavior [ RunTime:0.000366s ]
INFO: [ app_begin ] --END-- [ RunTime:0.000393s ]
SQL: SHOW COLUMNS FROM `sjy_cities` [ RunTime:0.0008s ]
SQL: SELECT * FROM `sjy_cities` WHERE `cityid` = '110000' LIMIT 1   [ RunTime:0.0002s ]
SQL: select sjy_community_project_info.*,sjy_community_base_info.sjy_community_name from sjy_community_position_info left join sjy_community_project_info on sjy_community_position_info.sjy_community_id=sjy_community_project_info.sjy_community_id left join sjy_community_base_info on sjy_community_position_info.sjy_community_id=sjy_community_base_info.sjy_id where sjy_community_position_info.sjy_community_city=110000 limit 0,4 [ RunTime:0.0004s ]
SQL: select sjy_community_project_info.* from sjy_community_position_info left join sjy_community_project_info on sjy_community_position_info.sjy_community_id=sjy_community_project_info.sjy_community_id left join sjy_community_base_info on sjy_community_position_info.sjy_community_id=sjy_community_base_info.sjy_id where sjy_community_position_info.sjy_community_city=110000 [ RunTime:0.0003s ]
SQL: SHOW COLUMNS FROM `sjy_community_project_image` [ RunTime:0.0004s ]
SQL: SELECT * FROM `sjy_community_project_image` WHERE `sjy_community_project_id` = 14 LIMIT 1   [ RunTime:0.0002s ]
SQL: SHOW COLUMNS FROM `sjy_community_position_info` [ RunTime:0.0006s ]
SQL: SELECT * FROM `sjy_community_position_info` WHERE `sjy_community_id` = '6' LIMIT 1   [ RunTime:0.0002s ]

[ 2017-11-07T21:32:26+08:00 ] 124.127.154.8 /shejuyi/index.php/Home/Origanization/myoriganization
INFO: [ app_init ] --START--
INFO: Run Behavior\BuildLiteBehavior [ RunTime:0.000012s ]
INFO: [ app_init ] --END-- [ RunTime:0.000276s ]
INFO: [ app_begin ] --START--
INFO: Run Behavior\ReadHtmlCacheBehavior [ RunTime:0.036564s ]
INFO: [ app_begin ] --END-- [ RunTime:0.036633s ]
SQL: SHOW COLUMNS FROM `sjy_origanization_user_info` [ RunTime:0.0012s ]
SQL: SELECT * FROM `sjy_origanization_user_info` WHERE `sjy_id` = 26 LIMIT 1   [ RunTime:0.0003s ]
NOTIC: [8] Undefined variable: origanization_base_info /xiaoheiwu/shejuyi/Application/Home/Controller/OriganizationController.class.php 第 592 行.
SQL: SHOW COLUMNS FROM `sjy_origanization_base_info` [ RunTime:0.0004s ]
SQL: SELECT * FROM `sjy_origanization_base_info` WHERE `sjy_id` = 8 LIMIT 1   [ RunTime:0.0002s ]
SQL: SHOW COLUMNS FROM `sjy_origanization_position_info` [ RunTime:0.0004s ]
SQL: SELECT * FROM `sjy_origanization_position_info` WHERE `sjy_origanization_id` = '8' LIMIT 1   [ RunTime:0.1293s ]
SQL: SHOW COLUMNS FROM `sjy_origanization_type` [ RunTime:0.0007s ]
SQL: SELECT `sjy_origanization_type_name` FROM `sjy_origanization_type` WHERE `sjy_id` = 1 LIMIT 1   [ RunTime:0.0002s ]
SQL: SELECT * FROM `sjy_origanization_user_info` WHERE `sjy_origanization_user_origanization_code` = '8'  [ RunTime:0.0002s ]
SQL: SHOW COLUMNS FROM `sjy_origanization_image` [ RunTime:0.0004s ]
SQL: SELECT * FROM `sjy_origanization_image` WHERE `sjy_origanization_code` = '8'  [ RunTime:0.0002s ]
INFO: [ view_parse ] --START--
INFO: [ template_filter ] --START--
INFO: Run Behavior\ContentReplaceBehavior [ RunTime:0.000081s ]
INFO: [ template_filter ] --END-- [ RunTime:0.000120s ]
INFO: Run Behavior\ParseTemplateBehavior [ RunTime:0.005928s ]
INFO: [ view_parse ] --END-- [ RunTime:0.005960s ]
INFO: [ view_filter ] --START--
INFO: Run Behavior\WriteHtmlCacheBehavior [ RunTime:0.000107s ]
INFO: [ view_filter ] --END-- [ RunTime:0.000134s ]
INFO: [ app_end ] --START--
INFO: Run Behavior\ShowPageTraceBehavior [ RunTime:0.000313s ]
INFO: [ app_end ] --END-- [ RunTime:0.057467s ]

[ 2017-11-07T21:32:31+08:00 ] 124.127.154.8 /shejuyi/index.php/Home/Origanization/logout
INFO: [ app_init ] --START--
INFO: Run Behavior\BuildLiteBehavior [ RunTime:0.000009s ]
INFO: [ app_init ] --END-- [ RunTime:0.000205s ]
INFO: [ app_begin ] --START--
INFO: Run Behavior\ReadHtmlCacheBehavior [ RunTime:0.000257s ]
INFO: [ app_begin ] --END-- [ RunTime:0.000281s ]
INFO: [ app_end ] --START--
INFO: Run Behavior\ShowPageTraceBehavior [ RunTime:0.000423s ]
INFO: [ app_end ] --END-- [ RunTime:0.000477s ]

[ 2017-11-07T21:32:31+08:00 ] 124.127.154.8 /shejuyi/
INFO: [ app_init ] --START--
INFO: Run Behavior\BuildLiteBehavior [ RunTime:0.000016s ]
INFO: [ app_init ] --END-- [ RunTime:0.000297s ]
INFO: [ app_begin ] --START--
INFO: Run Behavior\ReadHtmlCacheBehavior [ RunTime:0.000286s ]
INFO: [ app_begin ] --END-- [ RunTime:0.000317s ]
INFO: [ view_parse ] --START--
INFO: [ template_filter ] --START--
INFO: Run Behavior\ContentReplaceBehavior [ RunTime:0.000105s ]
INFO: [ template_filter ] --END-- [ RunTime:0.000166s ]
INFO: Run Behavior\ParseTemplateBehavior [ RunTime:0.135999s ]
INFO: [ view_parse ] --END-- [ RunTime:0.136029s ]
INFO: [ view_filter ] --START--
INFO: Run Behavior\WriteHtmlCacheBehavior [ RunTime:0.000118s ]
INFO: [ view_filter ] --END-- [ RunTime:0.000137s ]
INFO: [ app_end ] --START--
INFO: Run Behavior\ShowPageTraceBehavior [ RunTime:0.036512s ]
INFO: [ app_end ] --END-- [ RunTime:0.036581s ]

[ 2017-11-07T21:32:34+08:00 ] 124.127.154.8 /shejuyi/index.php/Home/Login/login/type/2
INFO: [ app_init ] --START--
INFO: Run Behavior\BuildLiteBehavior [ RunTime:0.000033s ]
INFO: [ app_init ] --END-- [ RunTime:0.036626s ]
INFO: [ app_begin ] --START--
INFO: Run Behavior\ReadHtmlCacheBehavior [ RunTime:0.000311s ]
INFO: [ app_begin ] --END-- [ RunTime:0.000338s ]
INFO: [ view_parse ] --START--
INFO: [ template_filter ] --START--
INFO: Run Behavior\ContentReplaceBehavior [ RunTime:0.000061s ]
INFO: [ template_filter ] --END-- [ RunTime:0.000109s ]
INFO: Run Behavior\ParseTemplateBehavior [ RunTime:0.136647s ]
INFO: [ view_parse ] --END-- [ RunTime:0.136684s ]
INFO: [ view_filter ] --START--
INFO: Run Behavior\WriteHtmlCacheBehavior [ RunTime:0.000102s ]
INFO: [ view_filter ] --END-- [ RunTime:0.000122s ]
INFO: [ app_end ] --START--
INFO: Run Behavior\ShowPageTraceBehavior [ RunTime:0.000327s ]
INFO: [ app_end ] --END-- [ RunTime:0.000348s ]

[ 2017-11-07T21:32:41+08:00 ] 124.127.154.8 /shejuyi/index.php/Home/Login/dologin
INFO: [ app_init ] --START--
INFO: Run Behavior\BuildLiteBehavior [ RunTime:0.000010s ]
INFO: [ app_init ] --END-- [ RunTime:0.000202s ]
INFO: [ app_begin ] --START--
INFO: Run Behavior\ReadHtmlCacheBehavior [ RunTime:0.000252s ]
INFO: [ app_begin ] --END-- [ RunTime:0.000276s ]
SQL: SHOW COLUMNS FROM `sjy_community_user_info` [ RunTime:0.0009s ]
SQL: SELECT * FROM `sjy_community_user_info` WHERE `sjy_community_login_id` = '13683315040' LIMIT 1   [ RunTime:0.0003s ]
SQL: SELECT * FROM `sjy_community_user_info` WHERE `sjy_community_login_id` = '13683315040' LIMIT 1   [ RunTime:0.0369s ]

[ 2017-11-07T21:32:41+08:00 ] 124.127.154.8 /shejuyi/index.php/Home/Community/index
INFO: [ app_init ] --START--
INFO: Run Behavior\BuildLiteBehavior [ RunTime:0.000009s ]
INFO: [ app_init ] --END-- [ RunTime:0.000207s ]
INFO: [ app_begin ] --START--
INFO: Run Behavior\ReadHtmlCacheBehavior [ RunTime:0.000455s ]
INFO: [ app_begin ] --END-- [ RunTime:0.000516s ]
SQL: SHOW COLUMNS FROM `sjy_community_base_info` [ RunTime:0.0008s ]
SQL: SELECT `sjy_community_name` FROM `sjy_community_base_info` WHERE `sjy_community_code` = '6' LIMIT 1   [ RunTime:0.0002s ]
SQL: SHOW COLUMNS FROM `sjy_community_user_info` [ RunTime:0.0007s ]
SQL: SELECT * FROM `sjy_community_user_info` WHERE `sjy_id` = 8 LIMIT 1   [ RunTime:0.0002s ]
SQL: SHOW COLUMNS FROM `sjy_origanization_type` [ RunTime:0.0004s ]
SQL: SELECT * FROM `sjy_origanization_type`  [ RunTime:0.0003s ]
SQL: SHOW COLUMNS FROM `sjy_cities` [ RunTime:0.0005s ]
SQL: SELECT * FROM `sjy_cities` WHERE `cityid` = '110000' LIMIT 1   [ RunTime:0.0002s ]
SQL: SHOW COLUMNS FROM `sjy_origanization_position_info` [ RunTime:0.0005s ]
SQL: SELECT `sjy_origanization_id`,sjy_origanization_area_name as area FROM `sjy_origanization_position_info` WHERE `sjy_origanization_city` = '110000'  [ RunTime:0.0002s ]
SQL: SHOW COLUMNS FROM `sjy_origanization_base_info` [ RunTime:0.0005s ]
SQL: SELECT * FROM `sjy_origanization_base_info` WHERE `sjy_id` = 8 LIMIT 1   [ RunTime:0.0002s ]
SQL: SELECT `sjy_origanization_type_name` FROM `sjy_origanization_type` WHERE `sjy_id` = 1 LIMIT 1   [ RunTime:0.0001s ]
SQL: SHOW COLUMNS FROM `sjy_origanization_image` [ RunTime:0.0004s ]
SQL: SELECT * FROM `sjy_origanization_image` WHERE `sjy_origanization_code` = '8' LIMIT 1   [ RunTime:0.0002s ]
INFO: [ view_parse ] --START--
INFO: [ template_filter ] --START--
INFO: Run Behavior\ContentReplaceBehavior [ RunTime:0.000137s ]
INFO: [ template_filter ] --END-- [ RunTime:0.000188s ]
INFO: Run Behavior\ParseTemplateBehavior [ RunTime:0.077452s ]
INFO: [ view_parse ] --END-- [ RunTime:0.077478s ]
INFO: [ view_filter ] --START--
INFO: Run Behavior\WriteHtmlCacheBehavior [ RunTime:0.000121s ]
INFO: [ view_filter ] --END-- [ RunTime:0.000140s ]
INFO: [ app_end ] --START--
INFO: Run Behavior\ShowPageTraceBehavior [ RunTime:0.000553s ]
INFO: [ app_end ] --END-- [ RunTime:0.000650s ]

[ 2017-11-07T21:32:43+08:00 ] 124.127.154.8 /shejuyi/
INFO: [ app_init ] --START--
INFO: Run Behavior\BuildLiteBehavior [ RunTime:0.000014s ]
INFO: [ app_init ] --END-- [ RunTime:0.000276s ]
INFO: [ app_begin ] --START--
INFO: Run Behavior\ReadHtmlCacheBehavior [ RunTime:0.000325s ]
INFO: [ app_begin ] --END-- [ RunTime:0.000349s ]
INFO: [ view_parse ] --START--
INFO: [ template_filter ] --START--
INFO: Run Behavior\ContentReplaceBehavior [ RunTime:0.000098s ]
INFO: [ template_filter ] --END-- [ RunTime:0.000152s ]
INFO: Run Behavior\ParseTemplateBehavior [ RunTime:0.187482s ]
INFO: [ view_parse ] --END-- [ RunTime:0.187511s ]
INFO: [ view_filter ] --START--
INFO: Run Behavior\WriteHtmlCacheBehavior [ RunTime:0.000103s ]
INFO: [ view_filter ] --END-- [ RunTime:0.000129s ]
INFO: [ app_end ] --START--
INFO: Run Behavior\ShowPageTraceBehavior [ RunTime:0.000348s ]
INFO: [ app_end ] --END-- [ RunTime:0.000375s ]

[ 2017-11-07T21:32:45+08:00 ] 124.127.154.8 /shejuyi/index.php/Home/Community/myproject
INFO: [ app_init ] --START--
INFO: Run Behavior\BuildLiteBehavior [ RunTime:0.000015s ]
INFO: [ app_init ] --END-- [ RunTime:0.000230s ]
INFO: [ app_begin ] --START--
INFO: Run Behavior\ReadHtmlCacheBehavior [ RunTime:0.000307s ]
INFO: [ app_begin ] --END-- [ RunTime:0.000335s ]
INFO: [ view_parse ] --START--
INFO: [ template_filter ] --START--
INFO: Run Behavior\ContentReplaceBehavior [ RunTime:0.000060s ]
INFO: [ template_filter ] --END-- [ RunTime:0.000106s ]
INFO: Run Behavior\ParseTemplateBehavior [ RunTime:0.005470s ]
INFO: [ view_parse ] --END-- [ RunTime:0.005505s ]
INFO: [ view_filter ] --START--
INFO: Run Behavior\WriteHtmlCacheBehavior [ RunTime:0.000088s ]
INFO: [ view_filter ] --END-- [ RunTime:0.002131s ]
INFO: [ app_end ] --START--
INFO: Run Behavior\ShowPageTraceBehavior [ RunTime:0.000305s ]
INFO: [ app_end ] --END-- [ RunTime:0.000328s ]

[ 2017-11-07T21:32:46+08:00 ] 124.127.154.8 /shejuyi/index.php/Home/Community/reciveprojectbook?page=1&limit=30
INFO: [ app_init ] --START--
INFO: Run Behavior\BuildLiteBehavior [ RunTime:0.000009s ]
INFO: [ app_init ] --END-- [ RunTime:0.000201s ]
INFO: [ app_begin ] --START--
INFO: Run Behavior\ReadHtmlCacheBehavior [ RunTime:0.000261s ]
INFO: [ app_begin ] --END-- [ RunTime:0.000286s ]
SQL: SHOW COLUMNS FROM `sjy_project` [ RunTime:0.0008s ]
SQL: SELECT `project_id` FROM `sjy_project` WHERE `community_id` = 6 AND `status` = 1 LIMIT 0,30   [ RunTime:0.0003s ]

[ 2017-11-07T21:32:46+08:00 ] 124.127.154.8 /shejuyi/index.php/Home/Community/confirmproject?page=1&limit=30
INFO: [ app_init ] --START--
INFO: Run Behavior\BuildLiteBehavior [ RunTime:0.000013s ]
INFO: [ app_init ] --END-- [ RunTime:0.000227s ]
INFO: [ app_begin ] --START--
INFO: Run Behavior\ReadHtmlCacheBehavior [ RunTime:0.000317s ]
INFO: [ app_begin ] --END-- [ RunTime:0.000368s ]
SQL: SHOW COLUMNS FROM `sjy_project` [ RunTime:0.0011s ]
SQL: SELECT * FROM `sjy_project` WHERE `community_id` = 6 AND `status` IN ('2','-2')  [ RunTime:0.0003s ]

[ 2017-11-07T21:32:54+08:00 ] 124.127.154.8 /shejuyi/index.php/Home/Community/personinfo
INFO: [ app_init ] --START--
INFO: Run Behavior\BuildLiteBehavior [ RunTime:0.000009s ]
INFO: [ app_init ] --END-- [ RunTime:0.000204s ]
INFO: [ app_begin ] --START--
INFO: Run Behavior\ReadHtmlCacheBehavior [ RunTime:0.000277s ]
INFO: [ app_begin ] --END-- [ RunTime:0.000302s ]
SQL: SHOW COLUMNS FROM `sjy_community_user_info` [ RunTime:0.0009s ]
SQL: SELECT * FROM `sjy_community_user_info` WHERE `sjy_id` = 8 LIMIT 1   [ RunTime:0.0003s ]
SQL: SHOW COLUMNS FROM `sjy_community_base_info` [ RunTime:0.0005s ]
SQL: SELECT `sjy_community_name` FROM `sjy_community_base_info` WHERE `sjy_id` = 6 LIMIT 1   [ RunTime:0.0002s ]
INFO: [ view_parse ] --START--
INFO: [ template_filter ] --START--
INFO: Run Behavior\ContentReplaceBehavior [ RunTime:0.000052s ]
INFO: [ template_filter ] --END-- [ RunTime:0.000079s ]
INFO: Run Behavior\ParseTemplateBehavior [ RunTime:0.003565s ]
INFO: [ view_parse ] --END-- [ RunTime:0.003591s ]
INFO: [ view_filter ] --START--
INFO: Run Behavior\WriteHtmlCacheBehavior [ RunTime:0.000089s ]
INFO: [ view_filter ] --END-- [ RunTime:0.000108s ]
INFO: [ app_end ] --START--
INFO: Run Behavior\ShowPageTraceBehavior [ RunTime:0.000317s ]
INFO: [ app_end ] --END-- [ RunTime:0.000340s ]

[ 2017-11-07T21:32:57+08:00 ] 124.127.154.8 /shejuyi/index.php/Home/Community/mycommunity
INFO: [ app_init ] --START--
INFO: Run Behavior\BuildLiteBehavior [ RunTime:0.000011s ]
INFO: [ app_init ] --END-- [ RunTime:0.000244s ]
INFO: [ app_begin ] --START--
INFO: Run Behavior\ReadHtmlCacheBehavior [ RunTime:0.000267s ]
INFO: [ app_begin ] --END-- [ RunTime:0.000297s ]
SQL: SHOW COLUMNS FROM `sjy_community_user_info` [ RunTime:0.0009s ]
SQL: SELECT * FROM `sjy_community_user_info` WHERE `sjy_id` = 8 LIMIT 1   [ RunTime:0.0003s ]
SQL: SHOW COLUMNS FROM `sjy_community_base_info` [ RunTime:0.0004s ]
SQL: SELECT * FROM `sjy_community_base_info` WHERE `sjy_id` = 6 LIMIT 1   [ RunTime:0.0002s ]
SQL: SHOW COLUMNS FROM `sjy_community_position_info` [ RunTime:0.1016s ]
SQL: SELECT * FROM `sjy_community_position_info` WHERE `sjy_community_id` = '6' LIMIT 1   [ RunTime:0.0003s ]
SQL: SELECT * FROM `sjy_community_user_info` WHERE `sjy_community_user_community_code` = '6'  [ RunTime:0.0002s ]
SQL: SHOW COLUMNS FROM `sjy_community_images` [ RunTime:0.0004s ]
SQL: SELECT * FROM `sjy_community_images` WHERE `sjy_community_code` = '6'  [ RunTime:0.0002s ]
INFO: [ view_parse ] --START--
INFO: [ template_filter ] --START--
INFO: Run Behavior\ContentReplaceBehavior [ RunTime:0.000074s ]
INFO: [ template_filter ] --END-- [ RunTime:0.000102s ]
INFO: Run Behavior\ParseTemplateBehavior [ RunTime:0.005009s ]
INFO: [ view_parse ] --END-- [ RunTime:0.005034s ]
INFO: [ view_filter ] --START--
INFO: Run Behavior\WriteHtmlCacheBehavior [ RunTime:0.000097s ]
INFO: [ view_filter ] --END-- [ RunTime:0.000117s ]
INFO: [ app_end ] --START--
INFO: Run Behavior\ShowPageTraceBehavior [ RunTime:0.000316s ]
INFO: [ app_end ] --END-- [ RunTime:0.000338s ]

[ 2017-11-07T21:33:21+08:00 ] 124.127.154.8 /shejuyi/index.php/Home/Origanization/getprojectlist?page=1
INFO: [ app_init ] --START--
INFO: Run Behavior\BuildLiteBehavior [ RunTime:0.000018s ]
INFO: [ app_init ] --END-- [ RunTime:0.000389s ]
INFO: [ app_begin ] --START--
INFO: Run Behavior\ReadHtmlCacheBehavior [ RunTime:0.000302s ]
INFO: [ app_begin ] --END-- [ RunTime:0.000326s ]
NOTIC: [8] Undefined index: sjy_origanization_user_isidentify /xiaoheiwu/shejuyi/Application/Home/Controller/OriganizationController.class.php 第 20 行.
NOTIC: [8] Undefined index: sjy_origanization_user_image /xiaoheiwu/shejuyi/Application/Home/Controller/OriganizationController.class.php 第 21 行.
NOTIC: [8] Undefined index: sjy_origanization_user_role /xiaoheiwu/shejuyi/Application/Home/Controller/OriganizationController.class.php 第 23 行.
NOTIC: [8] Undefined index: sjy_origanization_login_id /xiaoheiwu/shejuyi/Application/Home/Controller/OriganizationController.class.php 第 27 行.
SQL: SHOW COLUMNS FROM `sjy_cities` [ RunTime:0.0008s ]
SQL: SELECT * FROM `sjy_cities` WHERE `cityid` = '110000' LIMIT 1   [ RunTime:0.0003s ]
SQL: select sjy_community_project_info.*,sjy_community_base_info.sjy_community_name from sjy_community_position_info left join sjy_community_project_info on sjy_community_position_info.sjy_community_id=sjy_community_project_info.sjy_community_id left join sjy_community_base_info on sjy_community_position_info.sjy_community_id=sjy_community_base_info.sjy_id where sjy_community_position_info.sjy_community_city=110000 limit 0,4 [ RunTime:0.0004s ]
SQL: select sjy_community_project_info.* from sjy_community_position_info left join sjy_community_project_info on sjy_community_position_info.sjy_community_id=sjy_community_project_info.sjy_community_id left join sjy_community_base_info on sjy_community_position_info.sjy_community_id=sjy_community_base_info.sjy_id where sjy_community_position_info.sjy_community_city=110000 [ RunTime:0.0369s ]
SQL: SHOW COLUMNS FROM `sjy_community_project_image` [ RunTime:0.0006s ]
SQL: SELECT * FROM `sjy_community_project_image` WHERE `sjy_community_project_id` = 14 LIMIT 1   [ RunTime:0.0002s ]
SQL: SHOW COLUMNS FROM `sjy_community_position_info` [ RunTime:0.0005s ]
SQL: SELECT * FROM `sjy_community_position_info` WHERE `sjy_community_id` = '6' LIMIT 1   [ RunTime:0.0501s ]

[ 2017-11-07T21:33:34+08:00 ] 124.127.154.8 /shejuyi/index.php/Home/Origanization/projectinfo/id/14
INFO: [ app_init ] --START--
INFO: Run Behavior\BuildLiteBehavior [ RunTime:0.000014s ]
INFO: [ app_init ] --END-- [ RunTime:0.000318s ]
INFO: [ app_begin ] --START--
INFO: Run Behavior\ReadHtmlCacheBehavior [ RunTime:0.000312s ]
INFO: [ app_begin ] --END-- [ RunTime:0.000339s ]
NOTIC: [8] Undefined index: sjy_origanization_user_isidentify /xiaoheiwu/shejuyi/Application/Home/Controller/OriganizationController.class.php 第 20 行.
NOTIC: [8] Undefined index: sjy_origanization_user_image /xiaoheiwu/shejuyi/Application/Home/Controller/OriganizationController.class.php 第 21 行.
NOTIC: [8] Undefined index: sjy_origanization_user_role /xiaoheiwu/shejuyi/Application/Home/Controller/OriganizationController.class.php 第 23 行.
NOTIC: [8] Undefined index: sjy_origanization_login_id /xiaoheiwu/shejuyi/Application/Home/Controller/OriganizationController.class.php 第 27 行.
SQL: SHOW COLUMNS FROM `sjy_project` [ RunTime:0.0008s ]
SQL: SELECT `origanization_id` FROM `sjy_project` WHERE `project_id` = 14 AND `status` >= 10 LIMIT 1   [ RunTime:0.0560s ]
SQL: SHOW COLUMNS FROM `sjy_projectrate` [ RunTime:0.0007s ]
SQL: SELECT * FROM `sjy_projectrate` WHERE `sjy_project_id` = 14 ORDER BY `create_time` desc  [ RunTime:0.0002s ]
SQL: SHOW COLUMNS FROM `sjy_community_project_info` [ RunTime:0.0005s ]
SQL: SELECT * FROM `sjy_community_project_info` WHERE `sjy_id` = 14 LIMIT 1   [ RunTime:0.0005s ]
SQL: SHOW COLUMNS FROM `sjy_community_project_image` [ RunTime:0.0004s ]
SQL: SELECT * FROM `sjy_community_project_image` WHERE `sjy_community_project_id` = 14  [ RunTime:0.0002s ]
SQL: select sjy_community_base_info.*,sjy_community_position_info.sjy_community_address,sjy_provinces.province,sjy_cities.city,sjy_areas.area,sjy_streets.street from sjy_community_base_info left join sjy_community_position_info on sjy_community_base_info.sjy_id=sjy_community_position_info.sjy_community_id left join sjy_provinces on sjy_community_position_info.sjy_community_province=sjy_provinces.provinceid left join sjy_cities on sjy_community_position_info.sjy_community_city=sjy_cities.cityid left join sjy_areas on sjy_community_position_info.sjy_community_area=sjy_areas.areaid left join sjy_streets on sjy_community_position_info.sjy_community_street=sjy_streets.streetid [ RunTime:0.1967s ]
SQL: SHOW COLUMNS FROM `sjy_cities` [ RunTime:0.0007s ]
SQL: SELECT * FROM `sjy_cities` WHERE `cityid` = '110000' LIMIT 1   [ RunTime:0.0002s ]
INFO: [ view_parse ] --START--
INFO: [ template_filter ] --START--
INFO: Run Behavior\ContentReplaceBehavior [ RunTime:0.000100s ]
INFO: [ template_filter ] --END-- [ RunTime:0.000125s ]
INFO: Run Behavior\ParseTemplateBehavior [ RunTime:0.005967s ]
INFO: [ view_parse ] --END-- [ RunTime:0.005995s ]
INFO: [ view_filter ] --START--
INFO: Run Behavior\WriteHtmlCacheBehavior [ RunTime:0.000095s ]
INFO: [ view_filter ] --END-- [ RunTime:0.000114s ]
INFO: [ app_end ] --START--
INFO: Run Behavior\ShowPageTraceBehavior [ RunTime:0.000425s ]
INFO: [ app_end ] --END-- [ RunTime:0.000470s ]

[ 2017-11-07T21:33:35+08:00 ] 124.127.154.8 /shejuyi/
INFO: [ app_init ] --START--
INFO: Run Behavior\BuildLiteBehavior [ RunTime:0.000009s ]
INFO: [ app_init ] --END-- [ RunTime:0.000207s ]
INFO: [ app_begin ] --START--
INFO: Run Behavior\ReadHtmlCacheBehavior [ RunTime:0.000246s ]
INFO: [ app_begin ] --END-- [ RunTime:0.000270s ]
INFO: [ view_parse ] --START--
INFO: [ template_filter ] --START--
INFO: Run Behavior\ContentReplaceBehavior [ RunTime:0.000109s ]
INFO: [ template_filter ] --END-- [ RunTime:0.000171s ]
INFO: Run Behavior\ParseTemplateBehavior [ RunTime:0.235074s ]
INFO: [ view_parse ] --END-- [ RunTime:0.235101s ]
INFO: [ view_filter ] --START--
INFO: Run Behavior\WriteHtmlCacheBehavior [ RunTime:0.000126s ]
INFO: [ view_filter ] --END-- [ RunTime:0.000145s ]
INFO: [ app_end ] --START--
INFO: Run Behavior\ShowPageTraceBehavior [ RunTime:0.000388s ]
INFO: [ app_end ] --END-- [ RunTime:0.000413s ]

[ 2017-11-07T21:36:20+08:00 ] 124.127.154.8 /shejuyi/index.php/Home/Origanization/getprojectlist?page=1
INFO: [ app_init ] --START--
INFO: Run Behavior\BuildLiteBehavior [ RunTime:0.000010s ]
INFO: [ app_init ] --END-- [ RunTime:0.000209s ]
INFO: [ app_begin ] --START--
INFO: Run Behavior\ReadHtmlCacheBehavior [ RunTime:0.000292s ]
INFO: [ app_begin ] --END-- [ RunTime:0.000316s ]
NOTIC: [8] Undefined index: sjy_origanization_user_isidentify /xiaoheiwu/shejuyi/Application/Home/Controller/OriganizationController.class.php 第 20 行.
NOTIC: [8] Undefined index: sjy_origanization_user_image /xiaoheiwu/shejuyi/Application/Home/Controller/OriganizationController.class.php 第 21 行.
NOTIC: [8] Undefined index: sjy_origanization_user_role /xiaoheiwu/shejuyi/Application/Home/Controller/OriganizationController.class.php 第 23 行.
NOTIC: [8] Undefined index: sjy_origanization_login_id /xiaoheiwu/shejuyi/Application/Home/Controller/OriganizationController.class.php 第 27 行.
SQL: SHOW COLUMNS FROM `sjy_cities` [ RunTime:0.0012s ]
SQL: SELECT * FROM `sjy_cities` WHERE `cityid` = '110000' LIMIT 1   [ RunTime:0.0433s ]
SQL: select sjy_community_project_info.*,sjy_community_base_info.sjy_community_name from sjy_community_position_info left join sjy_community_project_info on sjy_community_position_info.sjy_community_id=sjy_community_project_info.sjy_community_id left join sjy_community_base_info on sjy_community_position_info.sjy_community_id=sjy_community_base_info.sjy_id where sjy_community_position_info.sjy_community_city=110000 limit 0,4 [ RunTime:0.0005s ]
SQL: select sjy_community_project_info.* from sjy_community_position_info left join sjy_community_project_info on sjy_community_position_info.sjy_community_id=sjy_community_project_info.sjy_community_id left join sjy_community_base_info on sjy_community_position_info.sjy_community_id=sjy_community_base_info.sjy_id where sjy_community_position_info.sjy_community_city=110000 [ RunTime:0.0002s ]
SQL: SHOW COLUMNS FROM `sjy_community_project_image` [ RunTime:0.0007s ]
SQL: SELECT * FROM `sjy_community_project_image` WHERE `sjy_community_project_id` = 14 LIMIT 1   [ RunTime:0.0002s ]
SQL: SHOW COLUMNS FROM `sjy_community_position_info` [ RunTime:0.1019s ]
SQL: SELECT * FROM `sjy_community_position_info` WHERE `sjy_community_id` = '6' LIMIT 1   [ RunTime:0.0003s ]

[ 2017-11-07T21:36:24+08:00 ] 124.127.154.8 /shejuyi/index.php/Home/Origanization/logout
INFO: [ app_init ] --START--
INFO: Run Behavior\BuildLiteBehavior [ RunTime:0.000010s ]
INFO: [ app_init ] --END-- [ RunTime:0.000201s ]
INFO: [ app_begin ] --START--
INFO: Run Behavior\ReadHtmlCacheBehavior [ RunTime:0.000268s ]
INFO: [ app_begin ] --END-- [ RunTime:0.000293s ]
NOTIC: [8] Undefined index: sjy_origanization_user_isidentify /xiaoheiwu/shejuyi/Application/Home/Controller/OriganizationController.class.php 第 20 行.
NOTIC: [8] Undefined index: sjy_origanization_user_image /xiaoheiwu/shejuyi/Application/Home/Controller/OriganizationController.class.php 第 21 行.
NOTIC: [8] Undefined index: sjy_origanization_user_role /xiaoheiwu/shejuyi/Application/Home/Controller/OriganizationController.class.php 第 23 行.
NOTIC: [8] Undefined index: sjy_origanization_login_id /xiaoheiwu/shejuyi/Application/Home/Controller/OriganizationController.class.php 第 27 行.
INFO: [ app_end ] --START--
INFO: Run Behavior\ShowPageTraceBehavior [ RunTime:0.000389s ]
INFO: [ app_end ] --END-- [ RunTime:0.000429s ]

[ 2017-11-07T21:36:25+08:00 ] 124.127.154.8 /shejuyi/
INFO: [ app_init ] --START--
INFO: Run Behavior\BuildLiteBehavior [ RunTime:0.000022s ]
INFO: [ app_init ] --END-- [ RunTime:0.043454s ]
INFO: [ app_begin ] --START--
INFO: Run Behavior\ReadHtmlCacheBehavior [ RunTime:0.000336s ]
INFO: [ app_begin ] --END-- [ RunTime:0.000360s ]
INFO: [ view_parse ] --START--
INFO: [ template_filter ] --START--
INFO: Run Behavior\ContentReplaceBehavior [ RunTime:0.000097s ]
INFO: [ template_filter ] --END-- [ RunTime:0.000145s ]
INFO: Run Behavior\ParseTemplateBehavior [ RunTime:0.109182s ]
INFO: [ view_parse ] --END-- [ RunTime:0.109219s ]
INFO: [ view_filter ] --START--
INFO: Run Behavior\WriteHtmlCacheBehavior [ RunTime:0.000097s ]
INFO: [ view_filter ] --END-- [ RunTime:0.000122s ]
INFO: [ app_end ] --START--
INFO: Run Behavior\ShowPageTraceBehavior [ RunTime:0.043647s ]
INFO: [ app_end ] --END-- [ RunTime:0.043710s ]

[ 2017-11-07T21:36:28+08:00 ] 124.127.154.8 /shejuyi/index.php/Home/Login/login/type/2
INFO: [ app_init ] --START--
INFO: Run Behavior\BuildLiteBehavior [ RunTime:0.000010s ]
INFO: [ app_init ] --END-- [ RunTime:0.000203s ]
INFO: [ app_begin ] --START--
INFO: Run Behavior\ReadHtmlCacheBehavior [ RunTime:0.028419s ]
INFO: [ app_begin ] --END-- [ RunTime:0.028470s ]
INFO: [ view_parse ] --START--
INFO: [ template_filter ] --START--
INFO: Run Behavior\ContentReplaceBehavior [ RunTime:0.000060s ]
INFO: [ template_filter ] --END-- [ RunTime:0.000116s ]
INFO: Run Behavior\ParseTemplateBehavior [ RunTime:0.154468s ]
INFO: [ view_parse ] --END-- [ RunTime:0.154492s ]
INFO: [ view_filter ] --START--
INFO: Run Behavior\WriteHtmlCacheBehavior [ RunTime:0.000126s ]
INFO: [ view_filter ] --END-- [ RunTime:0.000148s ]
INFO: [ app_end ] --START--
INFO: Run Behavior\ShowPageTraceBehavior [ RunTime:0.000344s ]
INFO: [ app_end ] --END-- [ RunTime:0.000367s ]

[ 2017-11-07T21:36:34+08:00 ] 124.127.154.8 /shejuyi/index.php/Home/Login/dologin
INFO: [ app_init ] --START--
INFO: Run Behavior\BuildLiteBehavior [ RunTime:0.000010s ]
INFO: [ app_init ] --END-- [ RunTime:0.000204s ]
INFO: [ app_begin ] --START--
INFO: Run Behavior\ReadHtmlCacheBehavior [ RunTime:0.000270s ]
INFO: [ app_begin ] --END-- [ RunTime:0.000296s ]
SQL: SHOW COLUMNS FROM `sjy_community_user_info` [ RunTime:0.0009s ]
SQL: SELECT * FROM `sjy_community_user_info` WHERE `sjy_community_login_id` = '13683315040' LIMIT 1   [ RunTime:0.0003s ]
SQL: SELECT * FROM `sjy_community_user_info` WHERE `sjy_community_login_id` = '13683315040' LIMIT 1   [ RunTime:0.0002s ]

[ 2017-11-07T21:36:35+08:00 ] 124.127.154.8 /shejuyi/index.php/Home/Community/index
INFO: [ app_init ] --START--
INFO: Run Behavior\BuildLiteBehavior [ RunTime:0.000010s ]
INFO: [ app_init ] --END-- [ RunTime:0.000246s ]
INFO: [ app_begin ] --START--
INFO: Run Behavior\ReadHtmlCacheBehavior [ RunTime:0.000246s ]
INFO: [ app_begin ] --END-- [ RunTime:0.000271s ]
SQL: SHOW COLUMNS FROM `sjy_community_base_info` [ RunTime:0.0008s ]
SQL: SELECT `sjy_community_name` FROM `sjy_community_base_info` WHERE `sjy_community_code` = '6' LIMIT 1   [ RunTime:0.0002s ]
SQL: SHOW COLUMNS FROM `sjy_community_user_info` [ RunTime:0.0005s ]
SQL: SELECT * FROM `sjy_community_user_info` WHERE `sjy_id` = 8 LIMIT 1   [ RunTime:0.0002s ]
SQL: SHOW COLUMNS FROM `sjy_origanization_type` [ RunTime:0.0004s ]
SQL: SELECT * FROM `sjy_origanization_type`  [ RunTime:0.0282s ]
SQL: SHOW COLUMNS FROM `sjy_cities` [ RunTime:0.0007s ]
SQL: SELECT * FROM `sjy_cities` WHERE `cityid` = '110000' LIMIT 1   [ RunTime:0.0002s ]
SQL: SHOW COLUMNS FROM `sjy_origanization_position_info` [ RunTime:0.0005s ]
SQL: SELECT `sjy_origanization_id`,sjy_origanization_area_name as area FROM `sjy_origanization_position_info` WHERE `sjy_origanization_city` = '110000'  [ RunTime:0.0503s ]
SQL: SHOW COLUMNS FROM `sjy_origanization_base_info` [ RunTime:0.0007s ]
SQL: SELECT * FROM `sjy_origanization_base_info` WHERE `sjy_id` = 8 LIMIT 1   [ RunTime:0.0002s ]
SQL: SELECT `sjy_origanization_type_name` FROM `sjy_origanization_type` WHERE `sjy_id` = 1 LIMIT 1   [ RunTime:0.0002s ]
SQL: SHOW COLUMNS FROM `sjy_origanization_image` [ RunTime:0.0004s ]
SQL: SELECT * FROM `sjy_origanization_image` WHERE `sjy_origanization_code` = '8' LIMIT 1   [ RunTime:0.0002s ]
INFO: [ view_parse ] --START--
INFO: [ template_filter ] --START--
INFO: Run Behavior\ContentReplaceBehavior [ RunTime:0.000142s ]
INFO: [ template_filter ] --END-- [ RunTime:0.000207s ]
INFO: Run Behavior\ParseTemplateBehavior [ RunTime:0.145692s ]
INFO: [ view_parse ] --END-- [ RunTime:0.145760s ]
INFO: [ view_filter ] --START--
INFO: Run Behavior\WriteHtmlCacheBehavior [ RunTime:0.000168s ]
INFO: [ view_filter ] --END-- [ RunTime:0.000194s ]
INFO: [ app_end ] --START--
INFO: Run Behavior\ShowPageTraceBehavior [ RunTime:0.000406s ]
INFO: [ app_end ] --END-- [ RunTime:0.000434s ]

[ 2017-11-07T21:36:35+08:00 ] 124.127.154.8 /shejuyi/
INFO: [ app_init ] --START--
INFO: Run Behavior\BuildLiteBehavior [ RunTime:0.000009s ]
INFO: [ app_init ] --END-- [ RunTime:0.000205s ]
INFO: [ app_begin ] --START--
INFO: Run Behavior\ReadHtmlCacheBehavior [ RunTime:0.000264s ]
INFO: [ app_begin ] --END-- [ RunTime:0.000289s ]
INFO: [ view_parse ] --START--
INFO: [ template_filter ] --START--
INFO: Run Behavior\ContentReplaceBehavior [ RunTime:0.000111s ]
INFO: [ template_filter ] --END-- [ RunTime:0.000184s ]
INFO: Run Behavior\ParseTemplateBehavior [ RunTime:0.191603s ]
INFO: [ view_parse ] --END-- [ RunTime:0.191628s ]
INFO: [ view_filter ] --START--
INFO: Run Behavior\WriteHtmlCacheBehavior [ RunTime:0.000127s ]
INFO: [ view_filter ] --END-- [ RunTime:0.000146s ]
INFO: [ app_end ] --START--
INFO: Run Behavior\ShowPageTraceBehavior [ RunTime:0.000397s ]
INFO: [ app_end ] --END-- [ RunTime:0.000423s ]

