[ 2017-12-25T22:54:12+08:00 ] 127.0.0.1 /
INFO: [ app_init ] --START--
INFO: Run Behavior\BuildLiteBehavior [ RunTime:0.000000s ]
INFO: [ app_init ] --END-- [ RunTime:0.027002s ]
INFO: [ app_begin ] --START--
INFO: Run Behavior\ReadHtmlCacheBehavior [ RunTime:0.031002s ]
INFO: [ app_begin ] --END-- [ RunTime:0.031002s ]
INFO: [ view_parse ] --START--
INFO: [ template_filter ] --START--
INFO: Run Behavior\ContentReplaceBehavior [ RunTime:0.000000s ]
INFO: [ template_filter ] --END-- [ RunTime:0.001000s ]
INFO: Run Behavior\ParseTemplateBehavior [ RunTime:0.485028s ]
INFO: [ view_parse ] --END-- [ RunTime:0.486028s ]
INFO: [ view_filter ] --START--
INFO: Run Behavior\WriteHtmlCacheBehavior [ RunTime:0.072004s ]
INFO: [ view_filter ] --END-- [ RunTime:0.072004s ]
INFO: [ app_end ] --START--
INFO: Run Behavior\ShowPageTraceBehavior [ RunTime:0.026001s ]
INFO: [ app_end ] --END-- [ RunTime:0.026001s ]

[ 2017-12-25T22:54:33+08:00 ] 127.0.0.1 /index.php/Home/Login/dologin
INFO: [ app_init ] --START--
INFO: Run Behavior\BuildLiteBehavior [ RunTime:0.000000s ]
INFO: [ app_init ] --END-- [ RunTime:0.001000s ]
INFO: [ app_begin ] --START--
INFO: Run Behavior\ReadHtmlCacheBehavior [ RunTime:0.001000s ]
INFO: [ app_begin ] --END-- [ RunTime:0.001000s ]
SQL: SHOW COLUMNS FROM `sjy_origanization_user_info` [ RunTime:0.0930s ]
SQL: SELECT * FROM `sjy_origanization_user_info` WHERE `sjy_origanization_login_id` = '15620608138' AND `password` = 'e10adc3949ba59abbe56e057f20f883e' LIMIT 1   [ RunTime:0.0850s ]
SQL: SELECT * FROM `sjy_origanization_user_info` WHERE `sjy_origanization_login_id` = '15620608138' LIMIT 1   [ RunTime:0.1150s ]

[ 2017-12-25T22:54:34+08:00 ] 127.0.0.1 /index.php/Home/Origanization/index
INFO: [ app_init ] --START--
INFO: Run Behavior\BuildLiteBehavior [ RunTime:0.001001s ]
INFO: [ app_init ] --END-- [ RunTime:0.001001s ]
INFO: [ app_begin ] --START--
INFO: Run Behavior\ReadHtmlCacheBehavior [ RunTime:0.000000s ]
INFO: [ app_begin ] --END-- [ RunTime:0.000000s ]
SQL: SHOW COLUMNS FROM `sjy_cities` [ RunTime:0.0510s ]
SQL: SELECT * FROM `sjy_cities` WHERE `cityid` = 110000 LIMIT 1   [ RunTime:0.1280s ]
NOTIC: [8] Undefined variable: islogin C:\xampp\htdocs\shejuyi\Application\Home\Controller\BaseController.class.php 第 94 行.
NOTIC: [8] Undefined variable: user_image C:\xampp\htdocs\shejuyi\Application\Home\Controller\BaseController.class.php 第 98 行.
INFO: [ view_parse ] --START--
INFO: [ template_filter ] --START--
INFO: Run Behavior\ContentReplaceBehavior [ RunTime:0.000000s ]
INFO: [ template_filter ] --END-- [ RunTime:0.000000s ]
INFO: Run Behavior\ParseTemplateBehavior [ RunTime:0.062004s ]
INFO: [ view_parse ] --END-- [ RunTime:0.062004s ]
INFO: [ view_filter ] --START--
INFO: Run Behavior\WriteHtmlCacheBehavior [ RunTime:0.000000s ]
INFO: [ view_filter ] --END-- [ RunTime:0.000000s ]
INFO: [ app_end ] --START--
INFO: Run Behavior\ShowPageTraceBehavior [ RunTime:0.000000s ]
INFO: [ app_end ] --END-- [ RunTime:0.000000s ]

[ 2017-12-25T22:54:34+08:00 ] 127.0.0.1 /index.php/Home/js/cityBoxShow.js
INFO: [ app_init ] --START--
INFO: Run Behavior\BuildLiteBehavior [ RunTime:0.000000s ]
INFO: [ app_init ] --END-- [ RunTime:0.001000s ]
INFO: [ app_begin ] --START--
INFO: Run Behavior\ReadHtmlCacheBehavior [ RunTime:0.001000s ]
INFO: [ app_begin ] --END-- [ RunTime:0.001000s ]
ERR: 无法加载控制器:Js

[ 2017-12-25T22:54:34+08:00 ] 127.0.0.1 /index.php/Home/js/cityBoxShow.js
INFO: [ app_init ] --START--
INFO: Run Behavior\BuildLiteBehavior [ RunTime:0.000000s ]
INFO: [ app_init ] --END-- [ RunTime:0.000000s ]
INFO: [ app_begin ] --START--
INFO: Run Behavior\ReadHtmlCacheBehavior [ RunTime:0.001000s ]
INFO: [ app_begin ] --END-- [ RunTime:0.001000s ]
ERR: 无法加载控制器:Js

[ 2017-12-25T22:54:54+08:00 ] 127.0.0.1 /index.php/Home/Origanization/origanizationIdenty
INFO: [ app_init ] --START--
INFO: Run Behavior\BuildLiteBehavior [ RunTime:0.000000s ]
INFO: [ app_init ] --END-- [ RunTime:0.001000s ]
INFO: [ app_begin ] --START--
INFO: Run Behavior\ReadHtmlCacheBehavior [ RunTime:0.001000s ]
INFO: [ app_begin ] --END-- [ RunTime:0.001000s ]
SQL: SHOW COLUMNS FROM `sjy_cities` [ RunTime:0.0510s ]
SQL: SELECT * FROM `sjy_cities` WHERE `cityid` = 110000 LIMIT 1   [ RunTime:0.0550s ]
NOTIC: [8] Undefined variable: islogin C:\xampp\htdocs\shejuyi\Application\Home\Controller\BaseController.class.php 第 94 行.
NOTIC: [8] Undefined variable: user_image C:\xampp\htdocs\shejuyi\Application\Home\Controller\BaseController.class.php 第 98 行.
SQL: SHOW COLUMNS FROM `sjy_origanization_type` [ RunTime:0.1370s ]
SQL: SELECT * FROM `sjy_origanization_type`  [ RunTime:0.0420s ]

[ 2017-12-25T22:55:50+08:00 ] 127.0.0.1 /index.php/Home/Origanization/origanizationIdenty
INFO: [ app_init ] --START--
INFO: Run Behavior\BuildLiteBehavior [ RunTime:0.000000s ]
INFO: [ app_init ] --END-- [ RunTime:0.000000s ]
INFO: [ app_begin ] --START--
INFO: Run Behavior\ReadHtmlCacheBehavior [ RunTime:0.001000s ]
INFO: [ app_begin ] --END-- [ RunTime:0.001000s ]
SQL: SHOW COLUMNS FROM `sjy_cities` [ RunTime:0.2290s ]
SQL: SELECT * FROM `sjy_cities` WHERE `cityid` = 110000 LIMIT 1   [ RunTime:0.1370s ]
NOTIC: [8] Undefined variable: islogin C:\xampp\htdocs\shejuyi\Application\Home\Controller\BaseController.class.php 第 94 行.
NOTIC: [8] Undefined variable: user_image C:\xampp\htdocs\shejuyi\Application\Home\Controller\BaseController.class.php 第 98 行.
SQL: SHOW COLUMNS FROM `sjy_origanization_type` [ RunTime:0.1410s ]
SQL: SELECT * FROM `sjy_origanization_type`  [ RunTime:0.1850s ]
INFO: [ view_parse ] --START--
INFO: [ template_filter ] --START--
INFO: Run Behavior\ContentReplaceBehavior [ RunTime:0.000000s ]
INFO: [ template_filter ] --END-- [ RunTime:0.000000s ]
INFO: Run Behavior\ParseTemplateBehavior [ RunTime:0.069004s ]
INFO: [ view_parse ] --END-- [ RunTime:0.070004s ]
INFO: [ view_filter ] --START--
INFO: Run Behavior\WriteHtmlCacheBehavior [ RunTime:0.000000s ]
INFO: [ view_filter ] --END-- [ RunTime:0.000000s ]
INFO: [ app_end ] --START--
INFO: Run Behavior\ShowPageTraceBehavior [ RunTime:0.001000s ]
INFO: [ app_end ] --END-- [ RunTime:0.001000s ]

[ 2017-12-25T22:56:31+08:00 ] 127.0.0.1 /index.php/Home/Origanization/origanizationIdenty
INFO: [ app_init ] --START--
INFO: Run Behavior\BuildLiteBehavior [ RunTime:0.000000s ]
INFO: [ app_init ] --END-- [ RunTime:0.001000s ]
INFO: [ app_begin ] --START--
INFO: Run Behavior\ReadHtmlCacheBehavior [ RunTime:0.000000s ]
INFO: [ app_begin ] --END-- [ RunTime:0.000000s ]
SQL: SHOW COLUMNS FROM `sjy_cities` [ RunTime:0.0790s ]
SQL: SELECT * FROM `sjy_cities` WHERE `cityid` = 110000 LIMIT 1   [ RunTime:0.1070s ]
NOTIC: [8] Undefined variable: islogin C:\xampp\htdocs\shejuyi\Application\Home\Controller\BaseController.class.php 第 94 行.
NOTIC: [8] Undefined variable: user_image C:\xampp\htdocs\shejuyi\Application\Home\Controller\BaseController.class.php 第 98 行.
SQL: SHOW COLUMNS FROM `sjy_origanization_type` [ RunTime:0.0510s ]
SQL: SELECT * FROM `sjy_origanization_type`  [ RunTime:0.1310s ]

[ 2017-12-25T22:56:47+08:00 ] 127.0.0.1 /index.php/Home/Origanization/origanizationIdenty
INFO: [ app_init ] --START--
INFO: Run Behavior\BuildLiteBehavior [ RunTime:0.000000s ]
INFO: [ app_init ] --END-- [ RunTime:0.000000s ]
INFO: [ app_begin ] --START--
INFO: Run Behavior\ReadHtmlCacheBehavior [ RunTime:0.001000s ]
INFO: [ app_begin ] --END-- [ RunTime:0.001000s ]
SQL: SHOW COLUMNS FROM `sjy_cities` [ RunTime:0.1120s ]
SQL: SELECT * FROM `sjy_cities` WHERE `cityid` = 110000 LIMIT 1   [ RunTime:0.0840s ]
NOTIC: [8] Undefined variable: islogin C:\xampp\htdocs\shejuyi\Application\Home\Controller\BaseController.class.php 第 94 行.
NOTIC: [8] Undefined variable: user_image C:\xampp\htdocs\shejuyi\Application\Home\Controller\BaseController.class.php 第 98 行.
SQL: SHOW COLUMNS FROM `sjy_origanization_type` [ RunTime:0.1320s ]
SQL: SELECT * FROM `sjy_origanization_type`  [ RunTime:0.0820s ]

[ 2017-12-25T22:57:00+08:00 ] 127.0.0.1 /index.php/Home/Origanization/origanizationIdenty
INFO: [ app_init ] --START--
INFO: Run Behavior\BuildLiteBehavior [ RunTime:0.000000s ]
INFO: [ app_init ] --END-- [ RunTime:0.001000s ]
INFO: [ app_begin ] --START--
INFO: Run Behavior\ReadHtmlCacheBehavior [ RunTime:0.001000s ]
INFO: [ app_begin ] --END-- [ RunTime:0.001000s ]
SQL: SHOW COLUMNS FROM `sjy_cities` [ RunTime:0.0870s ]
SQL: SELECT * FROM `sjy_cities` WHERE `cityid` = 110000 LIMIT 1   [ RunTime:0.1550s ]
NOTIC: [8] Undefined variable: islogin C:\xampp\htdocs\shejuyi\Application\Home\Controller\BaseController.class.php 第 94 行.
NOTIC: [8] Undefined variable: user_image C:\xampp\htdocs\shejuyi\Application\Home\Controller\BaseController.class.php 第 98 行.
SQL: SHOW COLUMNS FROM `sjy_origanization_type` [ RunTime:0.1000s ]
SQL: SELECT * FROM `sjy_origanization_type`  [ RunTime:0.0780s ]

[ 2017-12-25T23:00:23+08:00 ] 127.0.0.1 /index.php/Home/Origanization/origanizationIdenty
INFO: [ app_init ] --START--
INFO: Run Behavior\BuildLiteBehavior [ RunTime:0.000000s ]
INFO: [ app_init ] --END-- [ RunTime:0.111006s ]
INFO: [ app_begin ] --START--
INFO: Run Behavior\ReadHtmlCacheBehavior [ RunTime:0.012001s ]
INFO: [ app_begin ] --END-- [ RunTime:0.012001s ]
SQL: SHOW COLUMNS FROM `sjy_cities` [ RunTime:0.0910s ]
SQL: SELECT * FROM `sjy_cities` WHERE `cityid` = 110000 LIMIT 1   [ RunTime:0.1410s ]
NOTIC: [8] Undefined variable: islogin C:\xampp\htdocs\shejuyi\Application\Home\Controller\BaseController.class.php 第 94 行.
NOTIC: [8] Undefined variable: user_image C:\xampp\htdocs\shejuyi\Application\Home\Controller\BaseController.class.php 第 98 行.
SQL: SHOW COLUMNS FROM `sjy_origanization_type` [ RunTime:0.0760s ]
SQL: SELECT * FROM `sjy_origanization_type`  [ RunTime:0.1120s ]
INFO: [ view_parse ] --START--
INFO: [ template_filter ] --START--
INFO: Run Behavior\ContentReplaceBehavior [ RunTime:0.000000s ]
INFO: [ template_filter ] --END-- [ RunTime:0.000000s ]
INFO: Run Behavior\ParseTemplateBehavior [ RunTime:0.284016s ]
INFO: [ view_parse ] --END-- [ RunTime:0.284016s ]
INFO: [ view_filter ] --START--
INFO: Run Behavior\WriteHtmlCacheBehavior [ RunTime:0.010000s ]
INFO: [ view_filter ] --END-- [ RunTime:0.010000s ]
INFO: [ app_end ] --START--
INFO: Run Behavior\ShowPageTraceBehavior [ RunTime:0.018001s ]
INFO: [ app_end ] --END-- [ RunTime:0.018001s ]

[ 2017-12-25T23:07:11+08:00 ] 127.0.0.1 /index.php/Home/Origanization/origanizationIdenty
INFO: [ app_init ] --START--
INFO: Run Behavior\BuildLiteBehavior [ RunTime:0.000000s ]
INFO: [ app_init ] --END-- [ RunTime:0.023002s ]
INFO: [ app_begin ] --START--
INFO: Run Behavior\ReadHtmlCacheBehavior [ RunTime:0.022001s ]
INFO: [ app_begin ] --END-- [ RunTime:0.023001s ]
SQL: SHOW COLUMNS FROM `sjy_cities` [ RunTime:0.0810s ]
SQL: SELECT * FROM `sjy_cities` WHERE `cityid` = 110000 LIMIT 1   [ RunTime:0.1310s ]
NOTIC: [8] Undefined variable: islogin C:\xampp\htdocs\shejuyi\Application\Home\Controller\BaseController.class.php 第 94 行.
NOTIC: [8] Undefined variable: user_image C:\xampp\htdocs\shejuyi\Application\Home\Controller\BaseController.class.php 第 98 行.
SQL: SHOW COLUMNS FROM `sjy_origanization_type` [ RunTime:0.1420s ]
SQL: SELECT * FROM `sjy_origanization_type`  [ RunTime:0.0720s ]

[ 2017-12-25T23:08:01+08:00 ] 127.0.0.1 /index.php/Home/Origanization/origanizationIdenty
INFO: [ app_init ] --START--
INFO: Run Behavior\BuildLiteBehavior [ RunTime:0.000000s ]
INFO: [ app_init ] --END-- [ RunTime:0.001000s ]
INFO: [ app_begin ] --START--
INFO: Run Behavior\ReadHtmlCacheBehavior [ RunTime:0.001000s ]
INFO: [ app_begin ] --END-- [ RunTime:0.001000s ]
SQL: SHOW COLUMNS FROM `sjy_cities` [ RunTime:0.1740s ]
SQL: SELECT * FROM `sjy_cities` WHERE `cityid` = 110000 LIMIT 1   [ RunTime:0.0680s ]
NOTIC: [8] Undefined variable: islogin C:\xampp\htdocs\shejuyi\Application\Home\Controller\BaseController.class.php 第 94 行.
NOTIC: [8] Undefined variable: user_image C:\xampp\htdocs\shejuyi\Application\Home\Controller\BaseController.class.php 第 98 行.
SQL: SHOW COLUMNS FROM `sjy_origanization_type` [ RunTime:0.1130s ]
SQL: SELECT * FROM `sjy_origanization_type`  [ RunTime:0.1380s ]

[ 2017-12-25T23:08:05+08:00 ] 127.0.0.1 /index.php/Home/Origanization/origanizationIdenty
INFO: [ app_init ] --START--
INFO: Run Behavior\BuildLiteBehavior [ RunTime:0.000000s ]
INFO: [ app_init ] --END-- [ RunTime:0.001000s ]
INFO: [ app_begin ] --START--
INFO: Run Behavior\ReadHtmlCacheBehavior [ RunTime:0.001000s ]
INFO: [ app_begin ] --END-- [ RunTime:0.001000s ]
SQL: SHOW COLUMNS FROM `sjy_cities` [ RunTime:0.1540s ]
SQL: SELECT * FROM `sjy_cities` WHERE `cityid` = 110000 LIMIT 1   [ RunTime:0.0880s ]
NOTIC: [8] Undefined variable: islogin C:\xampp\htdocs\shejuyi\Application\Home\Controller\BaseController.class.php 第 94 行.
NOTIC: [8] Undefined variable: user_image C:\xampp\htdocs\shejuyi\Application\Home\Controller\BaseController.class.php 第 98 行.
SQL: SHOW COLUMNS FROM `sjy_origanization_type` [ RunTime:0.1140s ]
SQL: SELECT * FROM `sjy_origanization_type`  [ RunTime:0.0920s ]

[ 2017-12-25T23:10:11+08:00 ] 127.0.0.1 /index.php/Home/Origanization/origanizationIdenty
INFO: [ app_init ] --START--
INFO: Run Behavior\BuildLiteBehavior [ RunTime:0.000000s ]
INFO: [ app_init ] --END-- [ RunTime:0.001000s ]
INFO: [ app_begin ] --START--
INFO: Run Behavior\ReadHtmlCacheBehavior [ RunTime:0.002000s ]
INFO: [ app_begin ] --END-- [ RunTime:0.002000s ]
SQL: SHOW COLUMNS FROM `sjy_cities` [ RunTime:0.0960s ]
SQL: SELECT * FROM `sjy_cities` WHERE `cityid` = 110000 LIMIT 1   [ RunTime:0.1070s ]
NOTIC: [8] Undefined variable: islogin C:\xampp\htdocs\shejuyi\Application\Home\Controller\BaseController.class.php 第 94 行.
NOTIC: [8] Undefined variable: user_image C:\xampp\htdocs\shejuyi\Application\Home\Controller\BaseController.class.php 第 98 行.
SQL: SHOW COLUMNS FROM `sjy_origanization_type` [ RunTime:0.1790s ]
SQL: SELECT * FROM `sjy_origanization_type`  [ RunTime:0.0810s ]

[ 2017-12-25T23:10:15+08:00 ] 127.0.0.1 /index.php/Home/Origanization/origanizationIdenty
INFO: [ app_init ] --START--
INFO: Run Behavior\BuildLiteBehavior [ RunTime:0.000000s ]
INFO: [ app_init ] --END-- [ RunTime:0.000000s ]
INFO: [ app_begin ] --START--
INFO: Run Behavior\ReadHtmlCacheBehavior [ RunTime:0.001000s ]
INFO: [ app_begin ] --END-- [ RunTime:0.001000s ]
SQL: SHOW COLUMNS FROM `sjy_cities` [ RunTime:0.1350s ]
SQL: SELECT * FROM `sjy_cities` WHERE `cityid` = 110000 LIMIT 1   [ RunTime:0.0820s ]
NOTIC: [8] Undefined variable: islogin C:\xampp\htdocs\shejuyi\Application\Home\Controller\BaseController.class.php 第 94 行.
NOTIC: [8] Undefined variable: user_image C:\xampp\htdocs\shejuyi\Application\Home\Controller\BaseController.class.php 第 98 行.
SQL: SHOW COLUMNS FROM `sjy_origanization_type` [ RunTime:0.1100s ]
SQL: SELECT * FROM `sjy_origanization_type`  [ RunTime:0.0970s ]

[ 2017-12-25T23:10:20+08:00 ] 127.0.0.1 /index.php/Home/Origanization/origanizationIdenty
INFO: [ app_init ] --START--
INFO: Run Behavior\BuildLiteBehavior [ RunTime:0.000000s ]
INFO: [ app_init ] --END-- [ RunTime:0.001001s ]
INFO: [ app_begin ] --START--
INFO: Run Behavior\ReadHtmlCacheBehavior [ RunTime:0.001000s ]
INFO: [ app_begin ] --END-- [ RunTime:0.001000s ]
SQL: SHOW COLUMNS FROM `sjy_cities` [ RunTime:0.0980s ]
SQL: SELECT * FROM `sjy_cities` WHERE `cityid` = 110000 LIMIT 1   [ RunTime:0.1010s ]
NOTIC: [8] Undefined variable: islogin C:\xampp\htdocs\shejuyi\Application\Home\Controller\BaseController.class.php 第 94 行.
NOTIC: [8] Undefined variable: user_image C:\xampp\htdocs\shejuyi\Application\Home\Controller\BaseController.class.php 第 98 行.
SQL: SHOW COLUMNS FROM `sjy_origanization_type` [ RunTime:0.1530s ]
SQL: SELECT * FROM `sjy_origanization_type`  [ RunTime:0.0870s ]

[ 2017-12-25T23:20:35+08:00 ] 127.0.0.1 /index.php/Home/Origanization/origanizationIdenty
INFO: [ app_init ] --START--
INFO: Run Behavior\BuildLiteBehavior [ RunTime:0.000000s ]
INFO: [ app_init ] --END-- [ RunTime:0.013001s ]
INFO: [ app_begin ] --START--
INFO: Run Behavior\ReadHtmlCacheBehavior [ RunTime:0.011001s ]
INFO: [ app_begin ] --END-- [ RunTime:0.011001s ]
SQL: SHOW COLUMNS FROM `sjy_cities` [ RunTime:0.0870s ]
SQL: SELECT * FROM `sjy_cities` WHERE `cityid` = 110000 LIMIT 1   [ RunTime:0.1070s ]
NOTIC: [8] Undefined variable: islogin C:\xampp\htdocs\shejuyi\Application\Home\Controller\BaseController.class.php 第 94 行.
NOTIC: [8] Undefined variable: user_image C:\xampp\htdocs\shejuyi\Application\Home\Controller\BaseController.class.php 第 98 行.
SQL: SHOW COLUMNS FROM `sjy_origanization_type` [ RunTime:0.0790s ]
SQL: SELECT * FROM `sjy_origanization_type`  [ RunTime:0.1350s ]
NOTIC: [8] Undefined index: HTTP_CLIENT_IP C:\xampp\htdocs\shejuyi\Application\Home\Controller\OriganizationController.class.php 第 57 行.

