[ 2017-10-03T20:29:11+08:00 ] 112.28.148.158 /shejuyi/index.php/Home/Community/origanizationinfo/id/6
INFO: [ app_init ] --START--
INFO: Run Behavior\BuildLiteBehavior [ RunTime:0.000011s ]
INFO: [ app_init ] --END-- [ RunTime:0.000288s ]
INFO: [ app_begin ] --START--
INFO: Run Behavior\ReadHtmlCacheBehavior [ RunTime:0.000264s ]
INFO: [ app_begin ] --END-- [ RunTime:0.000289s ]
SQL: select sjy_origanization_base_info.*,sjy_origanization_position_info.sjy_origanization_address,sjy_provinces.province,sjy_cities.city,sjy_areas.area from sjy_origanization_base_info left join sjy_origanization_position_info on sjy_origanization_base_info.sjy_id=sjy_origanization_position_info.sjy_origanization_id left join sjy_provinces on sjy_origanization_position_info.sjy_origanization_province=sjy_provinces.provinceid left join sjy_cities on sjy_origanization_position_info.sjy_origanization_city=sjy_cities.cityid left join sjy_areas on sjy_origanization_position_info.sjy_origanization_area=sjy_areas.areaid where sjy_origanization_base_info.sjy_id=6 [ RunTime:0.0025s ]
SQL: SHOW COLUMNS FROM `sjy_origanization_project_info` [ RunTime:0.0007s ]
SQL: SELECT * FROM `sjy_origanization_project_info` WHERE `sjy_origanization_id` = '6' AND `sjy_origanization_project_start_time` > '2017-10-03 20:29:11'  [ RunTime:0.0003s ]
SQL: SHOW COLUMNS FROM `sjy_origanization_project_image` [ RunTime:0.0005s ]
SQL: SELECT * FROM `sjy_origanization_project_image` WHERE `sjy_origanization_project_id` = 9 LIMIT 1   [ RunTime:0.0002s ]
SQL: SHOW COLUMNS FROM `sjy_project` [ RunTime:0.0004s ]
SQL: SELECT * FROM `sjy_project` left join sjy_community_project_info on sjy_project.project_id=sjy_community_project_info.sjy_id  WHERE `origanization_id` = '6' AND `status` = '100'  [ RunTime:0.0002s ]
SQL: SHOW COLUMNS FROM `sjy_origanization_image` [ RunTime:0.0004s ]
SQL: SELECT * FROM `sjy_origanization_image` WHERE `sjy_origanization_code` = '6'  [ RunTime:0.0002s ]
SQL: SHOW COLUMNS FROM `sjy_cities` [ RunTime:0.0004s ]
SQL: SELECT * FROM `sjy_cities` WHERE `cityid` = '120000' LIMIT 1   [ RunTime:0.0002s ]
INFO: [ view_parse ] --START--
INFO: [ template_filter ] --START--
INFO: Run Behavior\ContentReplaceBehavior [ RunTime:0.000120s ]
INFO: [ template_filter ] --END-- [ RunTime:0.000150s ]
NOTIC: [8] Undefined variable: userinfo /xiaoheiwu/shejuyi/Application/Runtime/Cache/Home/8bdcbd3a93e6855d598da0b0112dbe2d.php 第 55 行.
INFO: Run Behavior\ParseTemplateBehavior [ RunTime:0.007502s ]
INFO: [ view_parse ] --END-- [ RunTime:0.007524s ]
INFO: [ view_filter ] --START--
INFO: Run Behavior\WriteHtmlCacheBehavior [ RunTime:0.000100s ]
INFO: [ view_filter ] --END-- [ RunTime:0.000119s ]
INFO: [ app_end ] --START--
INFO: Run Behavior\ShowPageTraceBehavior [ RunTime:0.000350s ]
INFO: [ app_end ] --END-- [ RunTime:0.000376s ]

[ 2017-10-03T20:29:11+08:00 ] 112.28.148.158 /shejuyi/
INFO: [ app_init ] --START--
INFO: Run Behavior\BuildLiteBehavior [ RunTime:0.000011s ]
INFO: [ app_init ] --END-- [ RunTime:0.000247s ]
INFO: [ app_begin ] --START--
INFO: Run Behavior\ReadHtmlCacheBehavior [ RunTime:0.000294s ]
INFO: [ app_begin ] --END-- [ RunTime:0.000319s ]
INFO: [ view_parse ] --START--
INFO: [ template_filter ] --START--
INFO: Run Behavior\ContentReplaceBehavior [ RunTime:0.000144s ]
INFO: [ template_filter ] --END-- [ RunTime:0.000198s ]
INFO: Run Behavior\ParseTemplateBehavior [ RunTime:0.005634s ]
INFO: [ view_parse ] --END-- [ RunTime:0.005658s ]
INFO: [ view_filter ] --START--
INFO: Run Behavior\WriteHtmlCacheBehavior [ RunTime:0.000119s ]
INFO: [ view_filter ] --END-- [ RunTime:0.000138s ]
INFO: [ app_end ] --START--
INFO: Run Behavior\ShowPageTraceBehavior [ RunTime:0.000390s ]
INFO: [ app_end ] --END-- [ RunTime:0.000416s ]

[ 2017-10-03T20:29:11+08:00 ] 112.28.148.158 /shejuyi/
INFO: [ app_init ] --START--
INFO: Run Behavior\BuildLiteBehavior [ RunTime:0.000010s ]
INFO: [ app_init ] --END-- [ RunTime:0.000212s ]
INFO: [ app_begin ] --START--
INFO: Run Behavior\ReadHtmlCacheBehavior [ RunTime:0.000281s ]
INFO: [ app_begin ] --END-- [ RunTime:0.000305s ]
INFO: [ view_parse ] --START--
INFO: [ template_filter ] --START--
INFO: Run Behavior\ContentReplaceBehavior [ RunTime:0.000094s ]
INFO: [ template_filter ] --END-- [ RunTime:0.000120s ]
INFO: Run Behavior\ParseTemplateBehavior [ RunTime:0.005624s ]
INFO: [ view_parse ] --END-- [ RunTime:0.005649s ]
INFO: [ view_filter ] --START--
INFO: Run Behavior\WriteHtmlCacheBehavior [ RunTime:0.000088s ]
INFO: [ view_filter ] --END-- [ RunTime:0.000107s ]
INFO: [ app_end ] --START--
INFO: Run Behavior\ShowPageTraceBehavior [ RunTime:0.000321s ]
INFO: [ app_end ] --END-- [ RunTime:0.000354s ]

[ 2017-10-03T20:29:21+08:00 ] 101.226.68.161 /shejuyi/
INFO: [ app_init ] --START--
INFO: Run Behavior\BuildLiteBehavior [ RunTime:0.000012s ]
INFO: [ app_init ] --END-- [ RunTime:0.000273s ]
INFO: [ app_begin ] --START--
INFO: Run Behavior\ReadHtmlCacheBehavior [ RunTime:0.000255s ]
INFO: [ app_begin ] --END-- [ RunTime:0.000279s ]
INFO: [ view_parse ] --START--
INFO: [ template_filter ] --START--
INFO: Run Behavior\ContentReplaceBehavior [ RunTime:0.000102s ]
INFO: [ template_filter ] --END-- [ RunTime:0.000130s ]
INFO: Run Behavior\ParseTemplateBehavior [ RunTime:0.005374s ]
INFO: [ view_parse ] --END-- [ RunTime:0.005399s ]
INFO: [ view_filter ] --START--
INFO: Run Behavior\WriteHtmlCacheBehavior [ RunTime:0.000096s ]
INFO: [ view_filter ] --END-- [ RunTime:0.000115s ]
INFO: [ app_end ] --START--
INFO: Run Behavior\ShowPageTraceBehavior [ RunTime:0.000336s ]
INFO: [ app_end ] --END-- [ RunTime:0.000361s ]

[ 2017-10-03T20:29:30+08:00 ] 112.28.148.158 /shejuyi/
INFO: [ app_init ] --START--
INFO: Run Behavior\BuildLiteBehavior [ RunTime:0.000010s ]
INFO: [ app_init ] --END-- [ RunTime:0.000233s ]
INFO: [ app_begin ] --START--
INFO: Run Behavior\ReadHtmlCacheBehavior [ RunTime:0.000252s ]
INFO: [ app_begin ] --END-- [ RunTime:0.000280s ]
INFO: [ view_parse ] --START--
INFO: [ template_filter ] --START--
INFO: Run Behavior\ContentReplaceBehavior [ RunTime:0.000106s ]
INFO: [ template_filter ] --END-- [ RunTime:0.000161s ]
INFO: Run Behavior\ParseTemplateBehavior [ RunTime:0.004368s ]
INFO: [ view_parse ] --END-- [ RunTime:0.004393s ]
INFO: [ view_filter ] --START--
INFO: Run Behavior\WriteHtmlCacheBehavior [ RunTime:0.000119s ]
INFO: [ view_filter ] --END-- [ RunTime:0.000136s ]
INFO: [ app_end ] --START--
INFO: Run Behavior\ShowPageTraceBehavior [ RunTime:0.000372s ]
INFO: [ app_end ] --END-- [ RunTime:0.000397s ]

[ 2017-10-03T20:29:34+08:00 ] 112.28.148.158 /shejuyi/
INFO: [ app_init ] --START--
INFO: Run Behavior\BuildLiteBehavior [ RunTime:0.000010s ]
INFO: [ app_init ] --END-- [ RunTime:0.000205s ]
INFO: [ app_begin ] --START--
INFO: Run Behavior\ReadHtmlCacheBehavior [ RunTime:0.000247s ]
INFO: [ app_begin ] --END-- [ RunTime:0.000272s ]
INFO: [ view_parse ] --START--
INFO: [ template_filter ] --START--
INFO: Run Behavior\ContentReplaceBehavior [ RunTime:0.000095s ]
INFO: [ template_filter ] --END-- [ RunTime:0.000122s ]
INFO: Run Behavior\ParseTemplateBehavior [ RunTime:0.003983s ]
INFO: [ view_parse ] --END-- [ RunTime:0.004007s ]
INFO: [ view_filter ] --START--
INFO: Run Behavior\WriteHtmlCacheBehavior [ RunTime:0.000084s ]
INFO: [ view_filter ] --END-- [ RunTime:0.000103s ]
INFO: [ app_end ] --START--
INFO: Run Behavior\ShowPageTraceBehavior [ RunTime:0.000324s ]
INFO: [ app_end ] --END-- [ RunTime:0.000350s ]

[ 2017-10-03T20:30:09+08:00 ] 112.28.148.158 /shejuyi/
INFO: [ app_init ] --START--
INFO: Run Behavior\BuildLiteBehavior [ RunTime:0.000011s ]
INFO: [ app_init ] --END-- [ RunTime:0.000214s ]
INFO: [ app_begin ] --START--
INFO: Run Behavior\ReadHtmlCacheBehavior [ RunTime:0.000248s ]
INFO: [ app_begin ] --END-- [ RunTime:0.000272s ]
INFO: [ view_parse ] --START--
INFO: [ template_filter ] --START--
INFO: Run Behavior\ContentReplaceBehavior [ RunTime:0.000091s ]
INFO: [ template_filter ] --END-- [ RunTime:0.000117s ]
INFO: Run Behavior\ParseTemplateBehavior [ RunTime:0.004085s ]
INFO: [ view_parse ] --END-- [ RunTime:0.004116s ]
INFO: [ view_filter ] --START--
INFO: Run Behavior\WriteHtmlCacheBehavior [ RunTime:0.000091s ]
INFO: [ view_filter ] --END-- [ RunTime:0.000114s ]
INFO: [ app_end ] --START--
INFO: Run Behavior\ShowPageTraceBehavior [ RunTime:0.000344s ]
INFO: [ app_end ] --END-- [ RunTime:0.000371s ]

[ 2017-10-03T20:32:21+08:00 ] 112.28.148.158 /shejuyi/
INFO: [ app_init ] --START--
INFO: Run Behavior\BuildLiteBehavior [ RunTime:0.000009s ]
INFO: [ app_init ] --END-- [ RunTime:0.000205s ]
INFO: [ app_begin ] --START--
INFO: Run Behavior\ReadHtmlCacheBehavior [ RunTime:0.000249s ]
INFO: [ app_begin ] --END-- [ RunTime:0.000273s ]
INFO: [ view_parse ] --START--
INFO: [ template_filter ] --START--
INFO: Run Behavior\ContentReplaceBehavior [ RunTime:0.000095s ]
INFO: [ template_filter ] --END-- [ RunTime:0.000125s ]
INFO: Run Behavior\ParseTemplateBehavior [ RunTime:0.004360s ]
INFO: [ view_parse ] --END-- [ RunTime:0.004384s ]
INFO: [ view_filter ] --START--
INFO: Run Behavior\WriteHtmlCacheBehavior [ RunTime:0.000102s ]
INFO: [ view_filter ] --END-- [ RunTime:0.000123s ]
INFO: [ app_end ] --START--
INFO: Run Behavior\ShowPageTraceBehavior [ RunTime:0.000328s ]
INFO: [ app_end ] --END-- [ RunTime:0.000360s ]

[ 2017-10-03T20:44:07+08:00 ] 112.28.148.158 /shejuyi/
INFO: [ app_init ] --START--
INFO: Run Behavior\BuildLiteBehavior [ RunTime:0.000009s ]
INFO: [ app_init ] --END-- [ RunTime:0.000203s ]
INFO: [ app_begin ] --START--
INFO: Run Behavior\ReadHtmlCacheBehavior [ RunTime:0.000248s ]
INFO: [ app_begin ] --END-- [ RunTime:0.000271s ]
INFO: [ view_parse ] --START--
INFO: [ template_filter ] --START--
INFO: Run Behavior\ContentReplaceBehavior [ RunTime:0.000094s ]
INFO: [ template_filter ] --END-- [ RunTime:0.000139s ]
INFO: Run Behavior\ParseTemplateBehavior [ RunTime:0.007795s ]
INFO: [ view_parse ] --END-- [ RunTime:0.007824s ]
INFO: [ view_filter ] --START--
INFO: Run Behavior\WriteHtmlCacheBehavior [ RunTime:0.000103s ]
INFO: [ view_filter ] --END-- [ RunTime:0.000122s ]
INFO: [ app_end ] --START--
INFO: Run Behavior\ShowPageTraceBehavior [ RunTime:0.000390s ]
INFO: [ app_end ] --END-- [ RunTime:0.000421s ]

[ 2017-10-03T20:46:18+08:00 ] 112.28.148.158 /shejuyi/
INFO: [ app_init ] --START--
INFO: Run Behavior\BuildLiteBehavior [ RunTime:0.000010s ]
INFO: [ app_init ] --END-- [ RunTime:0.000246s ]
INFO: [ app_begin ] --START--
INFO: Run Behavior\ReadHtmlCacheBehavior [ RunTime:0.000279s ]
INFO: [ app_begin ] --END-- [ RunTime:0.000303s ]
INFO: [ view_parse ] --START--
INFO: [ template_filter ] --START--
INFO: Run Behavior\ContentReplaceBehavior [ RunTime:0.000098s ]
INFO: [ template_filter ] --END-- [ RunTime:0.000131s ]
INFO: Run Behavior\ParseTemplateBehavior [ RunTime:0.004345s ]
INFO: [ view_parse ] --END-- [ RunTime:0.004374s ]
INFO: [ view_filter ] --START--
INFO: Run Behavior\WriteHtmlCacheBehavior [ RunTime:0.000087s ]
INFO: [ view_filter ] --END-- [ RunTime:0.000107s ]
INFO: [ app_end ] --START--
INFO: Run Behavior\ShowPageTraceBehavior [ RunTime:0.000382s ]
INFO: [ app_end ] --END-- [ RunTime:0.000408s ]

[ 2017-10-03T20:46:43+08:00 ] 112.28.148.158 /shejuyi/
INFO: [ app_init ] --START--
INFO: Run Behavior\BuildLiteBehavior [ RunTime:0.000009s ]
INFO: [ app_init ] --END-- [ RunTime:0.000201s ]
INFO: [ app_begin ] --START--
INFO: Run Behavior\ReadHtmlCacheBehavior [ RunTime:0.000245s ]
INFO: [ app_begin ] --END-- [ RunTime:0.000269s ]
INFO: [ view_parse ] --START--
INFO: [ template_filter ] --START--
INFO: Run Behavior\ContentReplaceBehavior [ RunTime:0.000104s ]
INFO: [ template_filter ] --END-- [ RunTime:0.000130s ]
INFO: Run Behavior\ParseTemplateBehavior [ RunTime:0.003905s ]
INFO: [ view_parse ] --END-- [ RunTime:0.003929s ]
INFO: [ view_filter ] --START--
INFO: Run Behavior\WriteHtmlCacheBehavior [ RunTime:0.000088s ]
INFO: [ view_filter ] --END-- [ RunTime:0.000106s ]
INFO: [ app_end ] --START--
INFO: Run Behavior\ShowPageTraceBehavior [ RunTime:0.000318s ]
INFO: [ app_end ] --END-- [ RunTime:0.000348s ]

[ 2017-10-03T20:47:08+08:00 ] 112.28.148.158 /shejuyi/index.php/Home/Login/login/type/1
INFO: [ app_init ] --START--
INFO: Run Behavior\BuildLiteBehavior [ RunTime:0.000019s ]
INFO: [ app_init ] --END-- [ RunTime:0.000288s ]
INFO: [ app_begin ] --START--
INFO: Run Behavior\ReadHtmlCacheBehavior [ RunTime:0.000313s ]
INFO: [ app_begin ] --END-- [ RunTime:0.000340s ]
INFO: [ view_parse ] --START--
INFO: [ template_filter ] --START--
INFO: Run Behavior\ContentReplaceBehavior [ RunTime:0.000045s ]
INFO: [ template_filter ] --END-- [ RunTime:0.000078s ]
INFO: Run Behavior\ParseTemplateBehavior [ RunTime:0.005406s ]
INFO: [ view_parse ] --END-- [ RunTime:0.005451s ]
INFO: [ view_filter ] --START--
INFO: Run Behavior\WriteHtmlCacheBehavior [ RunTime:0.000091s ]
INFO: [ view_filter ] --END-- [ RunTime:0.000110s ]
INFO: [ app_end ] --START--
INFO: Run Behavior\ShowPageTraceBehavior [ RunTime:0.000301s ]
INFO: [ app_end ] --END-- [ RunTime:0.000322s ]

[ 2017-10-03T20:47:14+08:00 ] 112.28.148.158 /shejuyi/index.php/Home/Login/dologin
INFO: [ app_init ] --START--
INFO: Run Behavior\BuildLiteBehavior [ RunTime:0.000015s ]
INFO: [ app_init ] --END-- [ RunTime:0.000260s ]
INFO: [ app_begin ] --START--
INFO: Run Behavior\ReadHtmlCacheBehavior [ RunTime:0.000306s ]
INFO: [ app_begin ] --END-- [ RunTime:0.000336s ]
SQL: SHOW COLUMNS FROM `sjy_origanization_user_info` [ RunTime:0.0009s ]
SQL: SELECT * FROM `sjy_origanization_user_info` WHERE `sjy_origanization_login_id` = '15620608137' LIMIT 1   [ RunTime:0.0003s ]
SQL: SELECT * FROM `sjy_origanization_user_info` WHERE `sjy_origanization_login_id` = '15620608137' LIMIT 1   [ RunTime:0.0002s ]

[ 2017-10-03T20:47:15+08:00 ] 112.28.148.158 /shejuyi/index.php/Home/Origanization/index
INFO: [ app_init ] --START--
INFO: Run Behavior\BuildLiteBehavior [ RunTime:0.000009s ]
INFO: [ app_init ] --END-- [ RunTime:0.000203s ]
INFO: [ app_begin ] --START--
INFO: Run Behavior\ReadHtmlCacheBehavior [ RunTime:0.000246s ]
INFO: [ app_begin ] --END-- [ RunTime:0.000300s ]
SQL: SHOW COLUMNS FROM `sjy_origanization_user_info` [ RunTime:0.0008s ]
SQL: SELECT * FROM `sjy_origanization_user_info` WHERE `sjy_id` = 11 LIMIT 1   [ RunTime:0.0003s ]
SQL: SHOW COLUMNS FROM `sjy_cities` [ RunTime:0.0004s ]
SQL: SELECT * FROM `sjy_cities` WHERE `cityid` = '120000' LIMIT 1   [ RunTime:0.0002s ]
SQL: select sjy_community_project_info.* from sjy_community_position_info left join sjy_community_project_info on sjy_community_position_info.sjy_community_id=sjy_community_project_info.sjy_community_id left join sjy_community_base_info on sjy_community_position_info.sjy_community_id=sjy_community_base_info.sjy_id where sjy_community_position_info.sjy_community_city=120000 [ RunTime:0.0003s ]
SQL: SHOW COLUMNS FROM `sjy_community_project_image` [ RunTime:0.0004s ]
SQL: SELECT * FROM `sjy_community_project_image` LIMIT 1   [ RunTime:0.0001s ]
SQL: SHOW COLUMNS FROM `sjy_community_position_info` [ RunTime:0.0004s ]
SQL: SELECT * FROM `sjy_community_position_info` WHERE `sjy_community_id` = '6' LIMIT 1   [ RunTime:0.0002s ]
SQL: SHOW COLUMNS FROM `sjy_areas` [ RunTime:0.0004s ]
SQL: SELECT `area` FROM `sjy_areas` WHERE `areaid` = null LIMIT 1   [ RunTime:0.0007s ]
SQL: SHOW COLUMNS FROM `sjy_streets` [ RunTime:0.0004s ]
SQL: SELECT `street` FROM `sjy_streets` WHERE `streetid` = null LIMIT 1   [ RunTime:0.0001s ]
INFO: [ view_parse ] --START--
INFO: [ template_filter ] --START--
INFO: Run Behavior\ContentReplaceBehavior [ RunTime:0.000121s ]
INFO: [ template_filter ] --END-- [ RunTime:0.000150s ]
INFO: Run Behavior\ParseTemplateBehavior [ RunTime:0.006432s ]
INFO: [ view_parse ] --END-- [ RunTime:0.006456s ]
INFO: [ view_filter ] --START--
INFO: Run Behavior\WriteHtmlCacheBehavior [ RunTime:0.000091s ]
INFO: [ view_filter ] --END-- [ RunTime:0.000109s ]
INFO: [ app_end ] --START--
INFO: Run Behavior\ShowPageTraceBehavior [ RunTime:0.000347s ]
INFO: [ app_end ] --END-- [ RunTime:0.000373s ]

[ 2017-10-03T20:47:24+08:00 ] 180.163.2.88 /shejuyi/index.php/Home/Origanization/index
INFO: [ app_init ] --START--
INFO: Run Behavior\BuildLiteBehavior [ RunTime:0.000010s ]
INFO: [ app_init ] --END-- [ RunTime:0.000213s ]
INFO: [ app_begin ] --START--
INFO: Run Behavior\ReadHtmlCacheBehavior [ RunTime:0.000257s ]
INFO: [ app_begin ] --END-- [ RunTime:0.000282s ]
SQL: SHOW COLUMNS FROM `sjy_origanization_user_info` [ RunTime:0.0008s ]
SQL: SELECT * FROM `sjy_origanization_user_info` WHERE `sjy_id` = null LIMIT 1   [ RunTime:0.0002s ]
SQL: SHOW COLUMNS FROM `sjy_cities` [ RunTime:0.0004s ]
SQL: SELECT * FROM `sjy_cities` WHERE `cityid` = 120000 LIMIT 1   [ RunTime:0.0002s ]
SQL: select sjy_community_project_info.* from sjy_community_position_info left join sjy_community_project_info on sjy_community_position_info.sjy_community_id=sjy_community_project_info.sjy_community_id left join sjy_community_base_info on sjy_community_position_info.sjy_community_id=sjy_community_base_info.sjy_id where sjy_community_position_info.sjy_community_city=120000 [ RunTime:0.0003s ]
SQL: SHOW COLUMNS FROM `sjy_community_project_image` [ RunTime:0.0004s ]
SQL: SELECT * FROM `sjy_community_project_image` LIMIT 1   [ RunTime:0.0002s ]
SQL: SHOW COLUMNS FROM `sjy_community_position_info` [ RunTime:0.0005s ]
SQL: SELECT * FROM `sjy_community_position_info` WHERE `sjy_community_id` = '6' LIMIT 1   [ RunTime:0.0002s ]
SQL: SHOW COLUMNS FROM `sjy_areas` [ RunTime:0.0004s ]
SQL: SELECT `area` FROM `sjy_areas` WHERE `areaid` = null LIMIT 1   [ RunTime:0.0007s ]
SQL: SHOW COLUMNS FROM `sjy_streets` [ RunTime:0.0004s ]
SQL: SELECT `street` FROM `sjy_streets` WHERE `streetid` = null LIMIT 1   [ RunTime:0.0001s ]
NOTIC: [8] Undefined variable: isidentify /xiaoheiwu/shejuyi/Application/Home/Controller/OriganizationController.class.php 第 72 行.
INFO: [ view_parse ] --START--
INFO: [ template_filter ] --START--
INFO: Run Behavior\ContentReplaceBehavior [ RunTime:0.000131s ]
INFO: [ template_filter ] --END-- [ RunTime:0.000178s ]
INFO: Run Behavior\ParseTemplateBehavior [ RunTime:0.006360s ]
INFO: [ view_parse ] --END-- [ RunTime:0.006394s ]
INFO: [ view_filter ] --START--
INFO: Run Behavior\WriteHtmlCacheBehavior [ RunTime:0.000137s ]
INFO: [ view_filter ] --END-- [ RunTime:0.000165s ]
INFO: [ app_end ] --START--
INFO: Run Behavior\ShowPageTraceBehavior [ RunTime:0.000384s ]
INFO: [ app_end ] --END-- [ RunTime:0.000415s ]

[ 2017-10-03T20:47:25+08:00 ] 112.28.148.158 /shejuyi/index.php/Home/Origanization/send_project
INFO: [ app_init ] --START--
INFO: Run Behavior\BuildLiteBehavior [ RunTime:0.000010s ]
INFO: [ app_init ] --END-- [ RunTime:0.000207s ]
INFO: [ app_begin ] --START--
INFO: Run Behavior\ReadHtmlCacheBehavior [ RunTime:0.000257s ]
INFO: [ app_begin ] --END-- [ RunTime:0.000282s ]
SQL: SHOW COLUMNS FROM `sjy_service_object` [ RunTime:0.0007s ]
SQL: SELECT * FROM `sjy_service_object`  [ RunTime:0.0002s ]
INFO: [ view_parse ] --START--
INFO: [ template_filter ] --START--
INFO: Run Behavior\ContentReplaceBehavior [ RunTime:0.000073s ]
INFO: [ template_filter ] --END-- [ RunTime:0.000099s ]
NOTIC: [8] Undefined variable: origanization_images /xiaoheiwu/shejuyi/Application/Runtime/Cache/Home/c82b06c94b2cb5cdca4d2736f59a4125.php 第 84 行.
INFO: Run Behavior\ParseTemplateBehavior [ RunTime:0.004470s ]
INFO: [ view_parse ] --END-- [ RunTime:0.004490s ]
INFO: [ view_filter ] --START--
INFO: Run Behavior\WriteHtmlCacheBehavior [ RunTime:0.000093s ]
INFO: [ view_filter ] --END-- [ RunTime:0.000114s ]
INFO: [ app_end ] --START--
INFO: Run Behavior\ShowPageTraceBehavior [ RunTime:0.000317s ]
INFO: [ app_end ] --END-- [ RunTime:0.000339s ]

[ 2017-10-03T20:47:26+08:00 ] 112.28.148.158 /shejuyi/index.php/Home/Origanization/layui.js
INFO: [ app_init ] --START--
INFO: Run Behavior\BuildLiteBehavior [ RunTime:0.000014s ]
INFO: [ app_init ] --END-- [ RunTime:0.000356s ]
INFO: [ app_begin ] --START--
INFO: Run Behavior\ReadHtmlCacheBehavior [ RunTime:0.000269s ]
INFO: [ app_begin ] --END-- [ RunTime:0.000295s ]
ERR: 非法操作:layui.js

[ 2017-10-03T20:47:26+08:00 ] 112.28.148.158 /shejuyi/index.php/Home/Origanization/layui.js
INFO: [ app_init ] --START--
INFO: Run Behavior\BuildLiteBehavior [ RunTime:0.000014s ]
INFO: [ app_init ] --END-- [ RunTime:0.000302s ]
INFO: [ app_begin ] --START--
INFO: Run Behavior\ReadHtmlCacheBehavior [ RunTime:0.000384s ]
INFO: [ app_begin ] --END-- [ RunTime:0.000458s ]
ERR: 非法操作:layui.js

[ 2017-10-03T20:47:35+08:00 ] 180.163.2.88 /shejuyi/index.php/Home/Origanization/send_project
INFO: [ app_init ] --START--
INFO: Run Behavior\BuildLiteBehavior [ RunTime:0.000012s ]
INFO: [ app_init ] --END-- [ RunTime:0.000247s ]
INFO: [ app_begin ] --START--
INFO: Run Behavior\ReadHtmlCacheBehavior [ RunTime:0.000286s ]
INFO: [ app_begin ] --END-- [ RunTime:0.000311s ]
SQL: SHOW COLUMNS FROM `sjy_service_object` [ RunTime:0.0008s ]
SQL: SELECT * FROM `sjy_service_object`  [ RunTime:0.0002s ]
INFO: [ view_parse ] --START--
INFO: [ template_filter ] --START--
INFO: Run Behavior\ContentReplaceBehavior [ RunTime:0.000086s ]
INFO: [ template_filter ] --END-- [ RunTime:0.000115s ]
NOTIC: [8] Undefined variable: origanization_images /xiaoheiwu/shejuyi/Application/Runtime/Cache/Home/c82b06c94b2cb5cdca4d2736f59a4125.php 第 84 行.
INFO: Run Behavior\ParseTemplateBehavior [ RunTime:0.005957s ]
INFO: [ view_parse ] --END-- [ RunTime:0.005980s ]
INFO: [ view_filter ] --START--
INFO: Run Behavior\WriteHtmlCacheBehavior [ RunTime:0.000122s ]
INFO: [ view_filter ] --END-- [ RunTime:0.000142s ]
INFO: [ app_end ] --START--
INFO: Run Behavior\ShowPageTraceBehavior [ RunTime:0.000306s ]
INFO: [ app_end ] --END-- [ RunTime:0.000334s ]

[ 2017-10-03T20:47:37+08:00 ] 180.163.2.88 /shejuyi/index.php/Home/Origanization/layui.js
INFO: [ app_init ] --START--
INFO: Run Behavior\BuildLiteBehavior [ RunTime:0.000028s ]
INFO: [ app_init ] --END-- [ RunTime:0.000487s ]
INFO: [ app_begin ] --START--
INFO: Run Behavior\ReadHtmlCacheBehavior [ RunTime:0.000360s ]
INFO: [ app_begin ] --END-- [ RunTime:0.000400s ]
ERR: 非法操作:layui.js

[ 2017-10-03T20:49:06+08:00 ] 112.28.148.158 /shejuyi/index.php/Home/Origanization/delsessionimgid
INFO: [ app_init ] --START--
INFO: Run Behavior\BuildLiteBehavior [ RunTime:0.000013s ]
INFO: [ app_init ] --END-- [ RunTime:0.000253s ]
INFO: [ app_begin ] --START--
INFO: Run Behavior\ReadHtmlCacheBehavior [ RunTime:0.000262s ]
INFO: [ app_begin ] --END-- [ RunTime:0.000286s ]
INFO: [ app_end ] --START--
INFO: Run Behavior\ShowPageTraceBehavior [ RunTime:0.000299s ]
INFO: [ app_end ] --END-- [ RunTime:0.000327s ]

[ 2017-10-03T20:49:08+08:00 ] 112.28.148.158 /shejuyi/index.php/Home/Origanization/send_project
INFO: [ app_init ] --START--
INFO: Run Behavior\BuildLiteBehavior [ RunTime:0.000008s ]
INFO: [ app_init ] --END-- [ RunTime:0.000199s ]
INFO: [ app_begin ] --START--
INFO: Run Behavior\ReadHtmlCacheBehavior [ RunTime:0.000282s ]
INFO: [ app_begin ] --END-- [ RunTime:0.000306s ]
SQL: SHOW COLUMNS FROM `sjy_service_object` [ RunTime:0.0007s ]
SQL: SELECT * FROM `sjy_service_object`  [ RunTime:0.0002s ]
INFO: [ view_parse ] --START--
INFO: [ template_filter ] --START--
INFO: Run Behavior\ContentReplaceBehavior [ RunTime:0.000084s ]
INFO: [ template_filter ] --END-- [ RunTime:0.000128s ]
NOTIC: [8] Undefined variable: origanization_images /xiaoheiwu/shejuyi/Application/Runtime/Cache/Home/c82b06c94b2cb5cdca4d2736f59a4125.php 第 84 行.
INFO: Run Behavior\ParseTemplateBehavior [ RunTime:0.006287s ]
INFO: [ view_parse ] --END-- [ RunTime:0.006310s ]
INFO: [ view_filter ] --START--
INFO: Run Behavior\WriteHtmlCacheBehavior [ RunTime:0.000118s ]
INFO: [ view_filter ] --END-- [ RunTime:0.000156s ]
INFO: [ app_end ] --START--
INFO: Run Behavior\ShowPageTraceBehavior [ RunTime:0.000326s ]
INFO: [ app_end ] --END-- [ RunTime:0.000349s ]

[ 2017-10-03T20:49:08+08:00 ] 112.28.148.158 /shejuyi/index.php/Home/Origanization/layui.js
INFO: [ app_init ] --START--
INFO: Run Behavior\BuildLiteBehavior [ RunTime:0.000009s ]
INFO: [ app_init ] --END-- [ RunTime:0.000201s ]
INFO: [ app_begin ] --START--
INFO: Run Behavior\ReadHtmlCacheBehavior [ RunTime:0.000249s ]
INFO: [ app_begin ] --END-- [ RunTime:0.000275s ]
ERR: 非法操作:layui.js

[ 2017-10-03T20:49:08+08:00 ] 112.28.148.158 /shejuyi/index.php/Home/Origanization/layui.js
INFO: [ app_init ] --START--
INFO: Run Behavior\BuildLiteBehavior [ RunTime:0.000012s ]
INFO: [ app_init ] --END-- [ RunTime:0.000235s ]
INFO: [ app_begin ] --START--
INFO: Run Behavior\ReadHtmlCacheBehavior [ RunTime:0.000289s ]
INFO: [ app_begin ] --END-- [ RunTime:0.000314s ]
ERR: 非法操作:layui.js

[ 2017-10-03T20:50:04+08:00 ] 112.28.148.158 /shejuyi/index.php/Home/Origanization/delsessionimgid
INFO: [ app_init ] --START--
INFO: Run Behavior\BuildLiteBehavior [ RunTime:0.000018s ]
INFO: [ app_init ] --END-- [ RunTime:0.000364s ]
INFO: [ app_begin ] --START--
INFO: Run Behavior\ReadHtmlCacheBehavior [ RunTime:0.000300s ]
INFO: [ app_begin ] --END-- [ RunTime:0.000324s ]
INFO: [ app_end ] --START--
INFO: Run Behavior\ShowPageTraceBehavior [ RunTime:0.000291s ]
INFO: [ app_end ] --END-- [ RunTime:0.000318s ]

[ 2017-10-03T20:50:06+08:00 ] 112.28.148.158 /shejuyi/index.php/Home/Origanization/send_project
INFO: [ app_init ] --START--
INFO: Run Behavior\BuildLiteBehavior [ RunTime:0.000010s ]
INFO: [ app_init ] --END-- [ RunTime:0.000205s ]
INFO: [ app_begin ] --START--
INFO: Run Behavior\ReadHtmlCacheBehavior [ RunTime:0.000253s ]
INFO: [ app_begin ] --END-- [ RunTime:0.000278s ]
SQL: SHOW COLUMNS FROM `sjy_service_object` [ RunTime:0.0007s ]
SQL: SELECT * FROM `sjy_service_object`  [ RunTime:0.0002s ]
INFO: [ view_parse ] --START--
INFO: [ template_filter ] --START--
INFO: Run Behavior\ContentReplaceBehavior [ RunTime:0.000080s ]
INFO: [ template_filter ] --END-- [ RunTime:0.000109s ]
NOTIC: [8] Undefined variable: origanization_images /xiaoheiwu/shejuyi/Application/Runtime/Cache/Home/c82b06c94b2cb5cdca4d2736f59a4125.php 第 84 行.
INFO: Run Behavior\ParseTemplateBehavior [ RunTime:0.005873s ]
INFO: [ view_parse ] --END-- [ RunTime:0.005895s ]
INFO: [ view_filter ] --START--
INFO: Run Behavior\WriteHtmlCacheBehavior [ RunTime:0.000099s ]
INFO: [ view_filter ] --END-- [ RunTime:0.000118s ]
INFO: [ app_end ] --START--
INFO: Run Behavior\ShowPageTraceBehavior [ RunTime:0.000294s ]
INFO: [ app_end ] --END-- [ RunTime:0.000316s ]

[ 2017-10-03T20:50:06+08:00 ] 112.28.148.158 /shejuyi/index.php/Home/Origanization/layui.js
INFO: [ app_init ] --START--
INFO: Run Behavior\BuildLiteBehavior [ RunTime:0.000009s ]
INFO: [ app_init ] --END-- [ RunTime:0.000236s ]
INFO: [ app_begin ] --START--
INFO: Run Behavior\ReadHtmlCacheBehavior [ RunTime:0.000250s ]
INFO: [ app_begin ] --END-- [ RunTime:0.000275s ]
ERR: 非法操作:layui.js

[ 2017-10-03T20:50:07+08:00 ] 112.28.148.158 /shejuyi/index.php/Home/Origanization/layui.js
INFO: [ app_init ] --START--
INFO: Run Behavior\BuildLiteBehavior [ RunTime:0.000009s ]
INFO: [ app_init ] --END-- [ RunTime:0.000235s ]
INFO: [ app_begin ] --START--
INFO: Run Behavior\ReadHtmlCacheBehavior [ RunTime:0.000265s ]
INFO: [ app_begin ] --END-- [ RunTime:0.000289s ]
ERR: 非法操作:layui.js

[ 2017-10-03T20:50:09+08:00 ] 112.28.148.158 /shejuyi/index.php/Home/Origanization/delsessionimgid
INFO: [ app_init ] --START--
INFO: Run Behavior\BuildLiteBehavior [ RunTime:0.000010s ]
INFO: [ app_init ] --END-- [ RunTime:0.000202s ]
INFO: [ app_begin ] --START--
INFO: Run Behavior\ReadHtmlCacheBehavior [ RunTime:0.000281s ]
INFO: [ app_begin ] --END-- [ RunTime:0.000304s ]
INFO: [ app_end ] --START--
INFO: Run Behavior\ShowPageTraceBehavior [ RunTime:0.000274s ]
INFO: [ app_end ] --END-- [ RunTime:0.000301s ]

[ 2017-10-03T20:52:45+08:00 ] 112.28.148.158 /shejuyi/index.php/Home/Origanization/send_project
INFO: [ app_init ] --START--
INFO: Run Behavior\BuildLiteBehavior [ RunTime:0.000012s ]
INFO: [ app_init ] --END-- [ RunTime:0.000216s ]
INFO: [ app_begin ] --START--
INFO: Run Behavior\ReadHtmlCacheBehavior [ RunTime:0.000256s ]
INFO: [ app_begin ] --END-- [ RunTime:0.000279s ]
SQL: SHOW COLUMNS FROM `sjy_service_object` [ RunTime:0.0007s ]
SQL: SELECT * FROM `sjy_service_object`  [ RunTime:0.0002s ]
INFO: [ view_parse ] --START--
INFO: [ template_filter ] --START--
INFO: Run Behavior\ContentReplaceBehavior [ RunTime:0.000075s ]
INFO: [ template_filter ] --END-- [ RunTime:0.000110s ]
NOTIC: [8] Undefined variable: origanization_images /xiaoheiwu/shejuyi/Application/Runtime/Cache/Home/c82b06c94b2cb5cdca4d2736f59a4125.php 第 83 行.
INFO: Run Behavior\ParseTemplateBehavior [ RunTime:0.004567s ]
INFO: [ view_parse ] --END-- [ RunTime:0.004588s ]
INFO: [ view_filter ] --START--
INFO: Run Behavior\WriteHtmlCacheBehavior [ RunTime:0.000095s ]
INFO: [ view_filter ] --END-- [ RunTime:0.000114s ]
INFO: [ app_end ] --START--
INFO: Run Behavior\ShowPageTraceBehavior [ RunTime:0.000314s ]
INFO: [ app_end ] --END-- [ RunTime:0.000336s ]

[ 2017-10-03T20:52:50+08:00 ] 112.28.148.158 /shejuyi/index.php/Home/Origanization/delsessionimgid
INFO: [ app_init ] --START--
INFO: Run Behavior\BuildLiteBehavior [ RunTime:0.000009s ]
INFO: [ app_init ] --END-- [ RunTime:0.000201s ]
INFO: [ app_begin ] --START--
INFO: Run Behavior\ReadHtmlCacheBehavior [ RunTime:0.000246s ]
INFO: [ app_begin ] --END-- [ RunTime:0.000269s ]
INFO: [ app_end ] --START--
INFO: Run Behavior\ShowPageTraceBehavior [ RunTime:0.000274s ]
INFO: [ app_end ] --END-- [ RunTime:0.000301s ]

[ 2017-10-03T20:52:52+08:00 ] 112.28.148.158 /shejuyi/index.php/Home/Origanization/send_project
INFO: [ app_init ] --START--
INFO: Run Behavior\BuildLiteBehavior [ RunTime:0.000010s ]
INFO: [ app_init ] --END-- [ RunTime:0.000215s ]
INFO: [ app_begin ] --START--
INFO: Run Behavior\ReadHtmlCacheBehavior [ RunTime:0.000284s ]
INFO: [ app_begin ] --END-- [ RunTime:0.000309s ]
SQL: SHOW COLUMNS FROM `sjy_service_object` [ RunTime:0.0024s ]
SQL: SELECT * FROM `sjy_service_object`  [ RunTime:0.0002s ]
INFO: [ view_parse ] --START--
INFO: [ template_filter ] --START--
INFO: Run Behavior\ContentReplaceBehavior [ RunTime:0.000068s ]
INFO: [ template_filter ] --END-- [ RunTime:0.000095s ]
NOTIC: [8] Undefined variable: origanization_images /xiaoheiwu/shejuyi/Application/Runtime/Cache/Home/c82b06c94b2cb5cdca4d2736f59a4125.php 第 83 行.
INFO: Run Behavior\ParseTemplateBehavior [ RunTime:0.004700s ]
INFO: [ view_parse ] --END-- [ RunTime:0.004727s ]
INFO: [ view_filter ] --START--
INFO: Run Behavior\WriteHtmlCacheBehavior [ RunTime:0.000120s ]
INFO: [ view_filter ] --END-- [ RunTime:0.000147s ]
INFO: [ app_end ] --START--
INFO: Run Behavior\ShowPageTraceBehavior [ RunTime:0.000305s ]
INFO: [ app_end ] --END-- [ RunTime:0.000327s ]

[ 2017-10-03T20:56:58+08:00 ] 112.28.148.158 /shejuyi/index.php/Home/Origanization/add_project_image
INFO: [ app_init ] --START--
INFO: Run Behavior\BuildLiteBehavior [ RunTime:0.000009s ]
INFO: [ app_init ] --END-- [ RunTime:0.000204s ]
INFO: [ app_begin ] --START--
INFO: Run Behavior\ReadHtmlCacheBehavior [ RunTime:0.000247s ]
INFO: [ app_begin ] --END-- [ RunTime:0.000269s ]
SQL: SHOW COLUMNS FROM `sjy_origanization_project_image` [ RunTime:0.0007s ]
SQL: INSERT INTO `sjy_origanization_project_image` (`sjy_origanization_project_image`) VALUES ('/Uploads/origanization/project/20171003/1507035418.jpeg') [ RunTime:0.0112s ]

[ 2017-10-03T20:57:07+08:00 ] 112.28.148.158 /shejuyi/index.php/Home/Origanization/add_project_image
INFO: [ app_init ] --START--
INFO: Run Behavior\BuildLiteBehavior [ RunTime:0.000010s ]
INFO: [ app_init ] --END-- [ RunTime:0.000289s ]
INFO: [ app_begin ] --START--
INFO: Run Behavior\ReadHtmlCacheBehavior [ RunTime:0.000253s ]
INFO: [ app_begin ] --END-- [ RunTime:0.000278s ]
SQL: SHOW COLUMNS FROM `sjy_origanization_project_image` [ RunTime:0.0008s ]
SQL: INSERT INTO `sjy_origanization_project_image` (`sjy_origanization_project_image`) VALUES ('/Uploads/origanization/project/20171003/1507035427.jpeg') [ RunTime:0.0118s ]

[ 2017-10-03T20:57:10+08:00 ] 112.28.148.158 /shejuyi/index.php/Home/Origanization/doSendProject
INFO: [ app_init ] --START--
INFO: Run Behavior\BuildLiteBehavior [ RunTime:0.000010s ]
INFO: [ app_init ] --END-- [ RunTime:0.000203s ]
INFO: [ app_begin ] --START--
INFO: Run Behavior\ReadHtmlCacheBehavior [ RunTime:0.000292s ]
INFO: [ app_begin ] --END-- [ RunTime:0.000316s ]
SQL: SHOW COLUMNS FROM `sjy_origanization_user_info` [ RunTime:0.0009s ]
SQL: SELECT `sjy_origanization_user_origanization_code` FROM `sjy_origanization_user_info` WHERE `sjy_id` = 11 LIMIT 1   [ RunTime:0.0002s ]
SQL: SHOW COLUMNS FROM `sjy_service_object` [ RunTime:0.0004s ]
SQL: SELECT `service_object_name` FROM `sjy_service_object` WHERE `sjy_id` = 3 LIMIT 1   [ RunTime:0.0002s ]
SQL: SHOW COLUMNS FROM `sjy_origanization_project_info` [ RunTime:0.0005s ]
SQL: INSERT INTO `sjy_origanization_project_info` (`sjy_origanization_id`,`sjy_origanization_project_title`,`sjy_origanization_project_service_object`,`sjy_origanization_project_info`,`sjy_origanization_project_target`,`sjy_origanization_project_start_time`,`sjy_origanization_project_end_time`) VALUES ('5','陪伴儿童','青少年','大学生进社区陪孩子','促进孩子友谊','2017-11-24 ',' 2017-11-25') [ RunTime:0.0215s ]
SQL: SHOW COLUMNS FROM `sjy_origanization_project_image` [ RunTime:0.0007s ]
SQL: UPDATE `sjy_origanization_project_image` SET `sjy_origanization_project_id`='10' WHERE `sjy_id` IN ('9','10') [ RunTime:0.0081s ]

[ 2017-10-03T20:57:31+08:00 ] 112.28.148.158 /shejuyi/index.php/Home/Origanization/projectinfo/id/6
INFO: [ app_init ] --START--
INFO: Run Behavior\BuildLiteBehavior [ RunTime:0.000009s ]
INFO: [ app_init ] --END-- [ RunTime:0.000239s ]
INFO: [ app_begin ] --START--
INFO: Run Behavior\ReadHtmlCacheBehavior [ RunTime:0.000249s ]
INFO: [ app_begin ] --END-- [ RunTime:0.000273s ]
SQL: SHOW COLUMNS FROM `sjy_community_project_info` [ RunTime:0.0008s ]
SQL: SELECT * FROM `sjy_community_project_info` WHERE `sjy_id` = 6 LIMIT 1   [ RunTime:0.0003s ]
SQL: SHOW COLUMNS FROM `sjy_community_project_image` [ RunTime:0.0004s ]
SQL: SELECT * FROM `sjy_community_project_image` WHERE `sjy_community_project_id` = 6  [ RunTime:0.0002s ]
SQL: select sjy_community_base_info.*,sjy_community_position_info.sjy_community_address,sjy_provinces.province,sjy_cities.city,sjy_areas.area,sjy_streets.street from sjy_community_base_info left join sjy_community_position_info on sjy_community_base_info.sjy_id=sjy_community_position_info.sjy_community_id left join sjy_provinces on sjy_community_position_info.sjy_community_province=sjy_provinces.provinceid left join sjy_cities on sjy_community_position_info.sjy_community_city=sjy_cities.cityid left join sjy_areas on sjy_community_position_info.sjy_community_area=sjy_areas.areaid left join sjy_streets on sjy_community_position_info.sjy_community_street=sjy_streets.streetid [ RunTime:0.0027s ]
SQL: SHOW COLUMNS FROM `sjy_cities` [ RunTime:0.0004s ]
SQL: SELECT * FROM `sjy_cities` WHERE `cityid` = '120000' LIMIT 1   [ RunTime:0.0002s ]
INFO: [ view_parse ] --START--
INFO: [ template_filter ] --START--
INFO: Run Behavior\ContentReplaceBehavior [ RunTime:0.000099s ]
INFO: [ template_filter ] --END-- [ RunTime:0.000124s ]
INFO: Run Behavior\ParseTemplateBehavior [ RunTime:0.006237s ]
INFO: [ view_parse ] --END-- [ RunTime:0.006260s ]
INFO: [ view_filter ] --START--
INFO: Run Behavior\WriteHtmlCacheBehavior [ RunTime:0.000092s ]
INFO: [ view_filter ] --END-- [ RunTime:0.000110s ]
INFO: [ app_end ] --START--
INFO: Run Behavior\ShowPageTraceBehavior [ RunTime:0.000338s ]
INFO: [ app_end ] --END-- [ RunTime:0.000364s ]

[ 2017-10-03T20:57:44+08:00 ] 112.28.148.158 /shejuyi/index.php/Home/Origanization/communityinfo/id/4
INFO: [ app_init ] --START--
INFO: Run Behavior\BuildLiteBehavior [ RunTime:0.000010s ]
INFO: [ app_init ] --END-- [ RunTime:0.000246s ]
INFO: [ app_begin ] --START--
INFO: Run Behavior\ReadHtmlCacheBehavior [ RunTime:0.000250s ]
INFO: [ app_begin ] --END-- [ RunTime:0.000277s ]
SQL: select sjy_community_base_info.*,sjy_community_position_info.sjy_community_address,sjy_provinces.province,sjy_cities.city,sjy_areas.area,sjy_streets.street from sjy_community_base_info left join sjy_community_position_info on sjy_community_base_info.sjy_id=sjy_community_position_info.sjy_community_id left join sjy_provinces on sjy_community_position_info.sjy_community_province=sjy_provinces.provinceid left join sjy_cities on sjy_community_position_info.sjy_community_city=sjy_cities.cityid left join sjy_areas on sjy_community_position_info.sjy_community_area=sjy_areas.areaid left join sjy_streets on sjy_community_position_info.sjy_community_street=sjy_streets.streetid where sjy_community_base_info.sjy_id=4 [ RunTime:0.0024s ]
SQL: SHOW COLUMNS FROM `sjy_community_images` [ RunTime:0.0006s ]
SQL: SELECT * FROM `sjy_community_images` WHERE `sjy_community_code` = '4' LIMIT 3   [ RunTime:0.0002s ]
SQL: SHOW COLUMNS FROM `sjy_community_project_info` [ RunTime:0.0005s ]
SQL: SELECT * FROM `sjy_community_project_info` WHERE `sjy_community_project_state` = 0 AND `sjy_community_id` = '4' AND `sjy_community_project_collect_end_time` > '2017-10-03 20:57:44'  [ RunTime:0.0002s ]
SQL: SHOW COLUMNS FROM `sjy_community_project_image` [ RunTime:0.0004s ]
SQL: SELECT * FROM `sjy_community_project_image` WHERE `sjy_community_project_id` = 6 LIMIT 1   [ RunTime:0.0002s ]
SQL: SHOW COLUMNS FROM `sjy_project` [ RunTime:0.0004s ]
SQL: SELECT * FROM `sjy_project` left join sjy_community_project_info on sjy_project.project_id=sjy_community_project_info.sjy_id  WHERE `community_id` = '4' AND `status` = '100'  [ RunTime:0.0002s ]
SQL: SHOW COLUMNS FROM `sjy_cities` [ RunTime:0.0004s ]
SQL: SELECT * FROM `sjy_cities` WHERE `cityid` = '120000' LIMIT 1   [ RunTime:0.0003s ]
INFO: [ view_parse ] --START--
INFO: [ template_filter ] --START--
INFO: Run Behavior\ContentReplaceBehavior [ RunTime:0.000121s ]
INFO: [ template_filter ] --END-- [ RunTime:0.000147s ]
INFO: Run Behavior\ParseTemplateBehavior [ RunTime:0.007241s ]
INFO: [ view_parse ] --END-- [ RunTime:0.007265s ]
INFO: [ view_filter ] --START--
INFO: Run Behavior\WriteHtmlCacheBehavior [ RunTime:0.000093s ]
INFO: [ view_filter ] --END-- [ RunTime:0.000111s ]
INFO: [ app_end ] --START--
INFO: Run Behavior\ShowPageTraceBehavior [ RunTime:0.000340s ]
INFO: [ app_end ] --END-- [ RunTime:0.000366s ]

[ 2017-10-03T20:57:54+08:00 ] 101.226.125.16 /shejuyi/index.php/Home/Origanization/communityinfo/id/4
INFO: [ app_init ] --START--
INFO: Run Behavior\BuildLiteBehavior [ RunTime:0.000011s ]
INFO: [ app_init ] --END-- [ RunTime:0.000219s ]
INFO: [ app_begin ] --START--
INFO: Run Behavior\ReadHtmlCacheBehavior [ RunTime:0.000252s ]
INFO: [ app_begin ] --END-- [ RunTime:0.000277s ]
SQL: select sjy_community_base_info.*,sjy_community_position_info.sjy_community_address,sjy_provinces.province,sjy_cities.city,sjy_areas.area,sjy_streets.street from sjy_community_base_info left join sjy_community_position_info on sjy_community_base_info.sjy_id=sjy_community_position_info.sjy_community_id left join sjy_provinces on sjy_community_position_info.sjy_community_province=sjy_provinces.provinceid left join sjy_cities on sjy_community_position_info.sjy_community_city=sjy_cities.cityid left join sjy_areas on sjy_community_position_info.sjy_community_area=sjy_areas.areaid left join sjy_streets on sjy_community_position_info.sjy_community_street=sjy_streets.streetid where sjy_community_base_info.sjy_id=4 [ RunTime:0.0025s ]
SQL: SHOW COLUMNS FROM `sjy_community_images` [ RunTime:0.0006s ]
SQL: SELECT * FROM `sjy_community_images` WHERE `sjy_community_code` = '4' LIMIT 3   [ RunTime:0.0002s ]
SQL: SHOW COLUMNS FROM `sjy_community_project_info` [ RunTime:0.0006s ]
SQL: SELECT * FROM `sjy_community_project_info` WHERE `sjy_community_project_state` = 0 AND `sjy_community_id` = '4' AND `sjy_community_project_collect_end_time` > '2017-10-03 20:57:54'  [ RunTime:0.0002s ]
SQL: SHOW COLUMNS FROM `sjy_community_project_image` [ RunTime:0.0004s ]
SQL: SELECT * FROM `sjy_community_project_image` WHERE `sjy_community_project_id` = 6 LIMIT 1   [ RunTime:0.0002s ]
SQL: SHOW COLUMNS FROM `sjy_project` [ RunTime:0.0004s ]
SQL: SELECT * FROM `sjy_project` left join sjy_community_project_info on sjy_project.project_id=sjy_community_project_info.sjy_id  WHERE `community_id` = '4' AND `status` = '100'  [ RunTime:0.0002s ]
SQL: SHOW COLUMNS FROM `sjy_cities` [ RunTime:0.0004s ]
SQL: SELECT * FROM `sjy_cities` WHERE `cityid` = 120000 LIMIT 1   [ RunTime:0.0002s ]
INFO: [ view_parse ] --START--
INFO: [ template_filter ] --START--
INFO: Run Behavior\ContentReplaceBehavior [ RunTime:0.000122s ]
INFO: [ template_filter ] --END-- [ RunTime:0.000157s ]
INFO: Run Behavior\ParseTemplateBehavior [ RunTime:0.006274s ]
INFO: [ view_parse ] --END-- [ RunTime:0.006299s ]
INFO: [ view_filter ] --START--
INFO: Run Behavior\WriteHtmlCacheBehavior [ RunTime:0.000103s ]
INFO: [ view_filter ] --END-- [ RunTime:0.000122s ]
INFO: [ app_end ] --START--
INFO: Run Behavior\ShowPageTraceBehavior [ RunTime:0.000379s ]
INFO: [ app_end ] --END-- [ RunTime:0.000405s ]

[ 2017-10-03T20:58:28+08:00 ] 112.28.148.158 /shejuyi/index.php/Home/Origanization/myproject
INFO: [ app_init ] --START--
INFO: Run Behavior\BuildLiteBehavior [ RunTime:0.000010s ]
INFO: [ app_init ] --END-- [ RunTime:0.000211s ]
INFO: [ app_begin ] --START--
INFO: Run Behavior\ReadHtmlCacheBehavior [ RunTime:0.000251s ]
INFO: [ app_begin ] --END-- [ RunTime:0.000276s ]
SQL: SHOW COLUMNS FROM `sjy_project` [ RunTime:0.0008s ]
SQL: SELECT * FROM `sjy_project` WHERE `origanization_id` = 5 AND `status` = 0  [ RunTime:0.0002s ]
NOTIC: [8] Undefined offset: 1 /xiaoheiwu/shejuyi/ThinkPHP/Library/Think/Db/Driver.class.php 第 596 行.
NOTIC: [8] Undefined offset: 0 /xiaoheiwu/shejuyi/ThinkPHP/Library/Think/Db/Driver.class.php 第 597 行.
NOTIC: [8] Undefined offset: 0 /xiaoheiwu/shejuyi/ThinkPHP/Library/Think/Db/Driver.class.php 第 550 行.
NOTIC: [8] Undefined offset: 0 /xiaoheiwu/shejuyi/ThinkPHP/Library/Think/Db/Driver.class.php 第 596 行.
NOTIC: [8] Undefined offset: 0 /xiaoheiwu/shejuyi/ThinkPHP/Library/Think/Db/Driver.class.php 第 596 行.
NOTIC: [8] Undefined offset: 0 /xiaoheiwu/shejuyi/ThinkPHP/Library/Think/Db/Driver.class.php 第 597 行.
NOTIC: [8] Undefined offset: 0 /xiaoheiwu/shejuyi/ThinkPHP/Library/Think/Db/Driver.class.php 第 600 行.
SQL: SELECT * FROM `sjy_project` WHERE `origanization_id` = 5 AND ( ( `status` = null  ) OR `status` = 1 )  [ RunTime:0.0002s ]
NOTIC: [8] Undefined variable: ing_project_info /xiaoheiwu/shejuyi/Application/Home/Controller/OriganizationController.class.php 第 626 行.
SQL: SHOW COLUMNS FROM `sjy_origanization_project_info` [ RunTime:0.0005s ]
SQL: SELECT * FROM `sjy_origanization_project_info` WHERE `sjy_origanization_id` = '5'  [ RunTime:0.0002s ]
INFO: [ view_parse ] --START--
INFO: [ template_filter ] --START--
INFO: Run Behavior\ContentReplaceBehavior [ RunTime:0.000072s ]
INFO: [ template_filter ] --END-- [ RunTime:0.000121s ]
NOTIC: [8] Undefined variable: project_info /xiaoheiwu/shejuyi/Application/Runtime/Cache/Home/72f656e71a2e92c220e9d86e8ff0d952.php 第 68 行.
INFO: Run Behavior\ParseTemplateBehavior [ RunTime:0.005193s ]
INFO: [ view_parse ] --END-- [ RunTime:0.005214s ]
INFO: [ view_filter ] --START--
INFO: Run Behavior\WriteHtmlCacheBehavior [ RunTime:0.000118s ]
INFO: [ view_filter ] --END-- [ RunTime:0.000136s ]
INFO: [ app_end ] --START--
INFO: Run Behavior\ShowPageTraceBehavior [ RunTime:0.000337s ]
INFO: [ app_end ] --END-- [ RunTime:0.000359s ]

[ 2017-10-03T20:58:34+08:00 ] 112.28.148.158 /shejuyi/index.php/Home/Community/project_info/id/10
INFO: [ app_init ] --START--
INFO: Run Behavior\BuildLiteBehavior [ RunTime:0.000009s ]
INFO: [ app_init ] --END-- [ RunTime:0.000206s ]
INFO: [ app_begin ] --START--
INFO: Run Behavior\ReadHtmlCacheBehavior [ RunTime:0.000285s ]
INFO: [ app_begin ] --END-- [ RunTime:0.000308s ]
NOTIC: [8] Undefined index: sjy_community_user_isidentify /xiaoheiwu/shejuyi/Application/Home/Controller/CommunityController.class.php 第 17 行.
NOTIC: [8] Undefined index: sjy_community_user_image /xiaoheiwu/shejuyi/Application/Home/Controller/CommunityController.class.php 第 18 行.
NOTIC: [8] Undefined index: sjy_community_user_role /xiaoheiwu/shejuyi/Application/Home/Controller/CommunityController.class.php 第 20 行.
NOTIC: [8] Undefined index: sjy_community_login_id /xiaoheiwu/shejuyi/Application/Home/Controller/CommunityController.class.php 第 24 行.
SQL: SHOW COLUMNS FROM `sjy_origanization_project_info` [ RunTime:0.0008s ]
SQL: SELECT * FROM `sjy_origanization_project_info` WHERE `sjy_id` = 10 LIMIT 1   [ RunTime:0.0003s ]
SQL: SHOW COLUMNS FROM `sjy_origanization_project_image` [ RunTime:0.0004s ]
SQL: SELECT * FROM `sjy_origanization_project_image` WHERE `sjy_origanization_project_id` = 10  [ RunTime:0.0002s ]
SQL: select sjy_origanization_base_info.*,sjy_origanization_position_info.sjy_origanization_address,sjy_provinces.province,sjy_cities.city,sjy_areas.area from sjy_origanization_base_info left join sjy_origanization_position_info on sjy_origanization_base_info.sjy_id=sjy_origanization_position_info.sjy_origanization_id left join sjy_provinces on sjy_origanization_position_info.sjy_origanization_province=sjy_provinces.provinceid left join sjy_cities on sjy_origanization_position_info.sjy_origanization_city=sjy_cities.cityid left join sjy_areas on sjy_origanization_position_info.sjy_origanization_area=sjy_areas.areaid where sjy_origanization_base_info.sjy_id=5 [ RunTime:0.0021s ]
SQL: SHOW COLUMNS FROM `sjy_cities` [ RunTime:0.0004s ]
SQL: SELECT * FROM `sjy_cities` WHERE `cityid` = '120000' LIMIT 1   [ RunTime:0.0002s ]
INFO: [ view_parse ] --START--
INFO: [ template_filter ] --START--
INFO: Run Behavior\ContentReplaceBehavior [ RunTime:0.000093s ]
INFO: [ template_filter ] --END-- [ RunTime:0.000133s ]
NOTIC: [8] Undefined variable: userinfo /xiaoheiwu/shejuyi/Application/Runtime/Cache/Home/633b1d00a7c00392fc6e8dc151dae1d3.php 第 57 行.
INFO: Run Behavior\ParseTemplateBehavior [ RunTime:0.004982s ]
INFO: [ view_parse ] --END-- [ RunTime:0.005003s ]
INFO: [ view_filter ] --START--
INFO: Run Behavior\WriteHtmlCacheBehavior [ RunTime:0.000093s ]
INFO: [ view_filter ] --END-- [ RunTime:0.000112s ]
INFO: [ app_end ] --START--
INFO: Run Behavior\ShowPageTraceBehavior [ RunTime:0.000357s ]
INFO: [ app_end ] --END-- [ RunTime:0.000382s ]

[ 2017-10-03T20:58:34+08:00 ] 112.28.148.158 /shejuyi/
INFO: [ app_init ] --START--
INFO: Run Behavior\BuildLiteBehavior [ RunTime:0.000009s ]
INFO: [ app_init ] --END-- [ RunTime:0.000205s ]
INFO: [ app_begin ] --START--
INFO: Run Behavior\ReadHtmlCacheBehavior [ RunTime:0.000243s ]
INFO: [ app_begin ] --END-- [ RunTime:0.000266s ]
INFO: [ view_parse ] --START--
INFO: [ template_filter ] --START--
INFO: Run Behavior\ContentReplaceBehavior [ RunTime:0.000096s ]
INFO: [ template_filter ] --END-- [ RunTime:0.000127s ]
INFO: Run Behavior\ParseTemplateBehavior [ RunTime:0.004075s ]
INFO: [ view_parse ] --END-- [ RunTime:0.004099s ]
INFO: [ view_filter ] --START--
INFO: Run Behavior\WriteHtmlCacheBehavior [ RunTime:0.000085s ]
INFO: [ view_filter ] --END-- [ RunTime:0.000104s ]
INFO: [ app_end ] --START--
INFO: Run Behavior\ShowPageTraceBehavior [ RunTime:0.000312s ]
INFO: [ app_end ] --END-- [ RunTime:0.000336s ]

[ 2017-10-03T20:58:34+08:00 ] 112.28.148.158 /shejuyi/
INFO: [ app_init ] --START--
INFO: Run Behavior\BuildLiteBehavior [ RunTime:0.000008s ]
INFO: [ app_init ] --END-- [ RunTime:0.000200s ]
INFO: [ app_begin ] --START--
INFO: Run Behavior\ReadHtmlCacheBehavior [ RunTime:0.000272s ]
INFO: [ app_begin ] --END-- [ RunTime:0.000298s ]
INFO: [ view_parse ] --START--
INFO: [ template_filter ] --START--
INFO: Run Behavior\ContentReplaceBehavior [ RunTime:0.000089s ]
INFO: [ template_filter ] --END-- [ RunTime:0.000136s ]
INFO: Run Behavior\ParseTemplateBehavior [ RunTime:0.005155s ]
INFO: [ view_parse ] --END-- [ RunTime:0.005179s ]
INFO: [ view_filter ] --START--
INFO: Run Behavior\WriteHtmlCacheBehavior [ RunTime:0.000087s ]
INFO: [ view_filter ] --END-- [ RunTime:0.000105s ]
INFO: [ app_end ] --START--
INFO: Run Behavior\ShowPageTraceBehavior [ RunTime:0.000319s ]
INFO: [ app_end ] --END-- [ RunTime:0.000343s ]

[ 2017-10-03T20:58:38+08:00 ] 101.226.33.204 /shejuyi/index.php/Home/Origanization/myproject
INFO: [ app_init ] --START--
INFO: Run Behavior\BuildLiteBehavior [ RunTime:0.000009s ]
INFO: [ app_init ] --END-- [ RunTime:0.000202s ]
INFO: [ app_begin ] --START--
INFO: Run Behavior\ReadHtmlCacheBehavior [ RunTime:0.000246s ]
INFO: [ app_begin ] --END-- [ RunTime:0.000270s ]
SQL: SHOW COLUMNS FROM `sjy_project` [ RunTime:0.0007s ]
SQL: SELECT * FROM `sjy_project` WHERE `origanization_id` = null AND `status` = 0  [ RunTime:0.0002s ]
NOTIC: [8] Undefined offset: 1 /xiaoheiwu/shejuyi/ThinkPHP/Library/Think/Db/Driver.class.php 第 596 行.
NOTIC: [8] Undefined offset: 0 /xiaoheiwu/shejuyi/ThinkPHP/Library/Think/Db/Driver.class.php 第 597 行.
NOTIC: [8] Undefined offset: 0 /xiaoheiwu/shejuyi/ThinkPHP/Library/Think/Db/Driver.class.php 第 550 行.
NOTIC: [8] Undefined offset: 0 /xiaoheiwu/shejuyi/ThinkPHP/Library/Think/Db/Driver.class.php 第 596 行.
NOTIC: [8] Undefined offset: 0 /xiaoheiwu/shejuyi/ThinkPHP/Library/Think/Db/Driver.class.php 第 596 行.
NOTIC: [8] Undefined offset: 0 /xiaoheiwu/shejuyi/ThinkPHP/Library/Think/Db/Driver.class.php 第 597 行.
NOTIC: [8] Undefined offset: 0 /xiaoheiwu/shejuyi/ThinkPHP/Library/Think/Db/Driver.class.php 第 600 行.
SQL: SELECT * FROM `sjy_project` WHERE `origanization_id` = null AND ( ( `status` = null  ) OR `status` = 1 )  [ RunTime:0.0002s ]
NOTIC: [8] Undefined variable: ing_project_info /xiaoheiwu/shejuyi/Application/Home/Controller/OriganizationController.class.php 第 626 行.
SQL: SHOW COLUMNS FROM `sjy_origanization_project_info` [ RunTime:0.0005s ]
SQL: SELECT * FROM `sjy_origanization_project_info` WHERE `sjy_origanization_id` = null  [ RunTime:0.0002s ]
INFO: [ view_parse ] --START--
INFO: [ template_filter ] --START--
INFO: Run Behavior\ContentReplaceBehavior [ RunTime:0.000078s ]
INFO: [ template_filter ] --END-- [ RunTime:0.000125s ]
NOTIC: [8] Undefined variable: project_info /xiaoheiwu/shejuyi/Application/Runtime/Cache/Home/72f656e71a2e92c220e9d86e8ff0d952.php 第 68 行.
INFO: Run Behavior\ParseTemplateBehavior [ RunTime:0.005405s ]
INFO: [ view_parse ] --END-- [ RunTime:0.005425s ]
INFO: [ view_filter ] --START--
INFO: Run Behavior\WriteHtmlCacheBehavior [ RunTime:0.000121s ]
INFO: [ view_filter ] --END-- [ RunTime:0.000140s ]
INFO: [ app_end ] --START--
INFO: Run Behavior\ShowPageTraceBehavior [ RunTime:0.000341s ]
INFO: [ app_end ] --END-- [ RunTime:0.000366s ]

[ 2017-10-03T20:58:44+08:00 ] 101.226.65.108 /shejuyi/index.php/Home/Community/project_info/id/10
INFO: [ app_init ] --START--
INFO: Run Behavior\BuildLiteBehavior [ RunTime:0.000009s ]
INFO: [ app_init ] --END-- [ RunTime:0.000208s ]
INFO: [ app_begin ] --START--
INFO: Run Behavior\ReadHtmlCacheBehavior [ RunTime:0.000345s ]
INFO: [ app_begin ] --END-- [ RunTime:0.000377s ]
SQL: SHOW COLUMNS FROM `sjy_origanization_project_info` [ RunTime:0.0008s ]
SQL: SELECT * FROM `sjy_origanization_project_info` WHERE `sjy_id` = 10 LIMIT 1   [ RunTime:0.0003s ]
SQL: SHOW COLUMNS FROM `sjy_origanization_project_image` [ RunTime:0.0004s ]
SQL: SELECT * FROM `sjy_origanization_project_image` WHERE `sjy_origanization_project_id` = 10  [ RunTime:0.0002s ]
SQL: select sjy_origanization_base_info.*,sjy_origanization_position_info.sjy_origanization_address,sjy_provinces.province,sjy_cities.city,sjy_areas.area from sjy_origanization_base_info left join sjy_origanization_position_info on sjy_origanization_base_info.sjy_id=sjy_origanization_position_info.sjy_origanization_id left join sjy_provinces on sjy_origanization_position_info.sjy_origanization_province=sjy_provinces.provinceid left join sjy_cities on sjy_origanization_position_info.sjy_origanization_city=sjy_cities.cityid left join sjy_areas on sjy_origanization_position_info.sjy_origanization_area=sjy_areas.areaid where sjy_origanization_base_info.sjy_id=5 [ RunTime:0.0024s ]
SQL: SHOW COLUMNS FROM `sjy_cities` [ RunTime:0.0005s ]
SQL: SELECT * FROM `sjy_cities` WHERE `cityid` = 350200 LIMIT 1   [ RunTime:0.0002s ]
INFO: [ view_parse ] --START--
INFO: [ template_filter ] --START--
INFO: Run Behavior\ContentReplaceBehavior [ RunTime:0.000094s ]
INFO: [ template_filter ] --END-- [ RunTime:0.000121s ]
NOTIC: [8] Undefined variable: islogin /xiaoheiwu/shejuyi/Application/Runtime/Cache/Home/633b1d00a7c00392fc6e8dc151dae1d3.php 第 34 行.
INFO: Run Behavior\ParseTemplateBehavior [ RunTime:0.004775s ]
INFO: [ view_parse ] --END-- [ RunTime:0.004796s ]
INFO: [ view_filter ] --START--
INFO: Run Behavior\WriteHtmlCacheBehavior [ RunTime:0.000094s ]
INFO: [ view_filter ] --END-- [ RunTime:0.000112s ]
INFO: [ app_end ] --START--
INFO: Run Behavior\ShowPageTraceBehavior [ RunTime:0.000296s ]
INFO: [ app_end ] --END-- [ RunTime:0.000319s ]

[ 2017-10-03T21:01:19+08:00 ] 112.28.148.158 /shejuyi/index.php/Home/Origanization/projectinfo/id/6
INFO: [ app_init ] --START--
INFO: Run Behavior\BuildLiteBehavior [ RunTime:0.000010s ]
INFO: [ app_init ] --END-- [ RunTime:0.000209s ]
INFO: [ app_begin ] --START--
INFO: Run Behavior\ReadHtmlCacheBehavior [ RunTime:0.000291s ]
INFO: [ app_begin ] --END-- [ RunTime:0.000316s ]
SQL: SHOW COLUMNS FROM `sjy_community_project_info` [ RunTime:0.0008s ]
SQL: SELECT * FROM `sjy_community_project_info` WHERE `sjy_id` = 6 LIMIT 1   [ RunTime:0.0003s ]
SQL: SHOW COLUMNS FROM `sjy_community_project_image` [ RunTime:0.0004s ]
SQL: SELECT * FROM `sjy_community_project_image` WHERE `sjy_community_project_id` = 6  [ RunTime:0.0002s ]
SQL: select sjy_community_base_info.*,sjy_community_position_info.sjy_community_address,sjy_provinces.province,sjy_cities.city,sjy_areas.area,sjy_streets.street from sjy_community_base_info left join sjy_community_position_info on sjy_community_base_info.sjy_id=sjy_community_position_info.sjy_community_id left join sjy_provinces on sjy_community_position_info.sjy_community_province=sjy_provinces.provinceid left join sjy_cities on sjy_community_position_info.sjy_community_city=sjy_cities.cityid left join sjy_areas on sjy_community_position_info.sjy_community_area=sjy_areas.areaid left join sjy_streets on sjy_community_position_info.sjy_community_street=sjy_streets.streetid [ RunTime:0.0027s ]
SQL: SHOW COLUMNS FROM `sjy_cities` [ RunTime:0.0004s ]
SQL: SELECT * FROM `sjy_cities` WHERE `cityid` = '120000' LIMIT 1   [ RunTime:0.0002s ]
INFO: [ view_parse ] --START--
INFO: [ template_filter ] --START--
INFO: Run Behavior\ContentReplaceBehavior [ RunTime:0.000096s ]
INFO: [ template_filter ] --END-- [ RunTime:0.000122s ]
INFO: Run Behavior\ParseTemplateBehavior [ RunTime:0.005041s ]
INFO: [ view_parse ] --END-- [ RunTime:0.005065s ]
INFO: [ view_filter ] --START--
INFO: Run Behavior\WriteHtmlCacheBehavior [ RunTime:0.000094s ]
INFO: [ view_filter ] --END-- [ RunTime:0.000113s ]
INFO: [ app_end ] --START--
INFO: Run Behavior\ShowPageTraceBehavior [ RunTime:0.000352s ]
INFO: [ app_end ] --END-- [ RunTime:0.000378s ]

[ 2017-10-03T21:01:40+08:00 ] 112.28.148.158 /shejuyi/index.php/Home/Origanization/projectinfo/id/6
INFO: [ app_init ] --START--
INFO: Run Behavior\BuildLiteBehavior [ RunTime:0.000009s ]
INFO: [ app_init ] --END-- [ RunTime:0.000238s ]
INFO: [ app_begin ] --START--
INFO: Run Behavior\ReadHtmlCacheBehavior [ RunTime:0.000263s ]
INFO: [ app_begin ] --END-- [ RunTime:0.000286s ]
SQL: SHOW COLUMNS FROM `sjy_community_project_info` [ RunTime:0.0008s ]
SQL: SELECT * FROM `sjy_community_project_info` WHERE `sjy_id` = 6 LIMIT 1   [ RunTime:0.0003s ]
SQL: SHOW COLUMNS FROM `sjy_community_project_image` [ RunTime:0.0004s ]
SQL: SELECT * FROM `sjy_community_project_image` WHERE `sjy_community_project_id` = 6  [ RunTime:0.0002s ]
SQL: select sjy_community_base_info.*,sjy_community_position_info.sjy_community_address,sjy_provinces.province,sjy_cities.city,sjy_areas.area,sjy_streets.street from sjy_community_base_info left join sjy_community_position_info on sjy_community_base_info.sjy_id=sjy_community_position_info.sjy_community_id left join sjy_provinces on sjy_community_position_info.sjy_community_province=sjy_provinces.provinceid left join sjy_cities on sjy_community_position_info.sjy_community_city=sjy_cities.cityid left join sjy_areas on sjy_community_position_info.sjy_community_area=sjy_areas.areaid left join sjy_streets on sjy_community_position_info.sjy_community_street=sjy_streets.streetid [ RunTime:0.0028s ]
SQL: SHOW COLUMNS FROM `sjy_cities` [ RunTime:0.0005s ]
SQL: SELECT * FROM `sjy_cities` WHERE `cityid` = '120000' LIMIT 1   [ RunTime:0.0002s ]
INFO: [ view_parse ] --START--
INFO: [ template_filter ] --START--
INFO: Run Behavior\ContentReplaceBehavior [ RunTime:0.000098s ]
INFO: [ template_filter ] --END-- [ RunTime:0.000136s ]
INFO: Run Behavior\ParseTemplateBehavior [ RunTime:0.005558s ]
INFO: [ view_parse ] --END-- [ RunTime:0.005585s ]
INFO: [ view_filter ] --START--
INFO: Run Behavior\WriteHtmlCacheBehavior [ RunTime:0.000098s ]
INFO: [ view_filter ] --END-- [ RunTime:0.000123s ]
INFO: [ app_end ] --START--
INFO: Run Behavior\ShowPageTraceBehavior [ RunTime:0.000427s ]
INFO: [ app_end ] --END-- [ RunTime:0.000458s ]

[ 2017-10-03T21:02:10+08:00 ] 112.28.148.158 /shejuyi/index.php/Home/Origanization/myoriganization
INFO: [ app_init ] --START--
INFO: Run Behavior\BuildLiteBehavior [ RunTime:0.000014s ]
INFO: [ app_init ] --END-- [ RunTime:0.000345s ]
INFO: [ app_begin ] --START--
INFO: Run Behavior\ReadHtmlCacheBehavior [ RunTime:0.000350s ]
INFO: [ app_begin ] --END-- [ RunTime:0.000381s ]
SQL: SHOW COLUMNS FROM `sjy_origanization_user_info` [ RunTime:0.0009s ]
SQL: SELECT * FROM `sjy_origanization_user_info` WHERE `sjy_id` = 11 LIMIT 1   [ RunTime:0.0003s ]
NOTIC: [8] Undefined variable: origanization_base_info /xiaoheiwu/shejuyi/Application/Home/Controller/OriganizationController.class.php 第 508 行.
SQL: SHOW COLUMNS FROM `sjy_origanization_base_info` [ RunTime:0.0005s ]
SQL: SELECT * FROM `sjy_origanization_base_info` WHERE `sjy_id` = 5 LIMIT 1   [ RunTime:0.0002s ]
SQL: SHOW COLUMNS FROM `sjy_origanization_position_info` [ RunTime:0.0004s ]
SQL: SELECT * FROM `sjy_origanization_position_info` WHERE `sjy_origanization_id` = '5' LIMIT 1   [ RunTime:0.0002s ]
SQL: SHOW COLUMNS FROM `sjy_origanization_type` [ RunTime:0.0004s ]
SQL: SELECT `sjy_origanization_type_name` FROM `sjy_origanization_type` WHERE `sjy_id` = 2 LIMIT 1   [ RunTime:0.0002s ]
SQL: SELECT * FROM `sjy_origanization_user_info` WHERE `sjy_origanization_user_origanization_code` = '5'  [ RunTime:0.0002s ]
SQL: SHOW COLUMNS FROM `sjy_origanization_image` [ RunTime:0.0004s ]
SQL: SELECT * FROM `sjy_origanization_image` WHERE `sjy_origanization_code` = '5'  [ RunTime:0.0002s ]
INFO: [ view_parse ] --START--
INFO: [ template_filter ] --START--
INFO: Run Behavior\ContentReplaceBehavior [ RunTime:0.000082s ]
INFO: [ template_filter ] --END-- [ RunTime:0.000115s ]
INFO: Run Behavior\ParseTemplateBehavior [ RunTime:0.005201s ]
INFO: [ view_parse ] --END-- [ RunTime:0.005226s ]
INFO: [ view_filter ] --START--
INFO: Run Behavior\WriteHtmlCacheBehavior [ RunTime:0.000097s ]
INFO: [ view_filter ] --END-- [ RunTime:0.000132s ]
INFO: [ app_end ] --START--
INFO: Run Behavior\ShowPageTraceBehavior [ RunTime:0.000351s ]
INFO: [ app_end ] --END-- [ RunTime:0.000376s ]

[ 2017-10-03T21:06:50+08:00 ] 112.28.148.158 /shejuyi/index.php/Home/Origanization/myproject
INFO: [ app_init ] --START--
INFO: Run Behavior\BuildLiteBehavior [ RunTime:0.000021s ]
INFO: [ app_init ] --END-- [ RunTime:0.000592s ]
INFO: [ app_begin ] --START--
INFO: Run Behavior\ReadHtmlCacheBehavior [ RunTime:0.000436s ]
INFO: [ app_begin ] --END-- [ RunTime:0.000469s ]
SQL: SHOW COLUMNS FROM `sjy_project` [ RunTime:0.0008s ]
SQL: SELECT * FROM `sjy_project` WHERE `origanization_id` = 5 AND `status` = 0  [ RunTime:0.0003s ]
NOTIC: [8] Undefined offset: 1 /xiaoheiwu/shejuyi/ThinkPHP/Library/Think/Db/Driver.class.php 第 596 行.
NOTIC: [8] Undefined offset: 0 /xiaoheiwu/shejuyi/ThinkPHP/Library/Think/Db/Driver.class.php 第 597 行.
NOTIC: [8] Undefined offset: 0 /xiaoheiwu/shejuyi/ThinkPHP/Library/Think/Db/Driver.class.php 第 550 行.
NOTIC: [8] Undefined offset: 0 /xiaoheiwu/shejuyi/ThinkPHP/Library/Think/Db/Driver.class.php 第 596 行.
NOTIC: [8] Undefined offset: 0 /xiaoheiwu/shejuyi/ThinkPHP/Library/Think/Db/Driver.class.php 第 596 行.
NOTIC: [8] Undefined offset: 0 /xiaoheiwu/shejuyi/ThinkPHP/Library/Think/Db/Driver.class.php 第 597 行.
NOTIC: [8] Undefined offset: 0 /xiaoheiwu/shejuyi/ThinkPHP/Library/Think/Db/Driver.class.php 第 600 行.
SQL: SELECT * FROM `sjy_project` WHERE `origanization_id` = 5 AND ( ( `status` = null  ) OR `status` = 1 )  [ RunTime:0.0002s ]
NOTIC: [8] Undefined variable: ing_project_info /xiaoheiwu/shejuyi/Application/Home/Controller/OriganizationController.class.php 第 626 行.
SQL: SHOW COLUMNS FROM `sjy_origanization_project_info` [ RunTime:0.0139s ]
SQL: SELECT * FROM `sjy_origanization_project_info` WHERE `sjy_origanization_id` = '5'  [ RunTime:0.0003s ]
INFO: [ view_parse ] --START--
INFO: [ template_filter ] --START--
INFO: Run Behavior\ContentReplaceBehavior [ RunTime:0.000063s ]
INFO: [ template_filter ] --END-- [ RunTime:0.000089s ]
NOTIC: [8] Undefined variable: project_info /xiaoheiwu/shejuyi/Application/Runtime/Cache/Home/72f656e71a2e92c220e9d86e8ff0d952.php 第 68 行.
INFO: Run Behavior\ParseTemplateBehavior [ RunTime:0.004643s ]
INFO: [ view_parse ] --END-- [ RunTime:0.004664s ]
INFO: [ view_filter ] --START--
INFO: Run Behavior\WriteHtmlCacheBehavior [ RunTime:0.000096s ]
INFO: [ view_filter ] --END-- [ RunTime:0.000118s ]
INFO: [ app_end ] --START--
INFO: Run Behavior\ShowPageTraceBehavior [ RunTime:0.000295s ]
INFO: [ app_end ] --END-- [ RunTime:0.000317s ]

[ 2017-10-03T21:06:53+08:00 ] 112.28.148.158 /shejuyi/index.php/Home/Community/project_info/id/10
INFO: [ app_init ] --START--
INFO: Run Behavior\BuildLiteBehavior [ RunTime:0.000010s ]
INFO: [ app_init ] --END-- [ RunTime:0.000215s ]
INFO: [ app_begin ] --START--
INFO: Run Behavior\ReadHtmlCacheBehavior [ RunTime:0.000247s ]
INFO: [ app_begin ] --END-- [ RunTime:0.000271s ]
NOTIC: [8] Undefined index: sjy_community_user_isidentify /xiaoheiwu/shejuyi/Application/Home/Controller/CommunityController.class.php 第 17 行.
NOTIC: [8] Undefined index: sjy_community_user_image /xiaoheiwu/shejuyi/Application/Home/Controller/CommunityController.class.php 第 18 行.
NOTIC: [8] Undefined index: sjy_community_user_role /xiaoheiwu/shejuyi/Application/Home/Controller/CommunityController.class.php 第 20 行.
NOTIC: [8] Undefined index: sjy_community_login_id /xiaoheiwu/shejuyi/Application/Home/Controller/CommunityController.class.php 第 24 行.
SQL: SHOW COLUMNS FROM `sjy_origanization_project_info` [ RunTime:0.0008s ]
SQL: SELECT * FROM `sjy_origanization_project_info` WHERE `sjy_id` = 10 LIMIT 1   [ RunTime:0.0003s ]
SQL: SHOW COLUMNS FROM `sjy_origanization_project_image` [ RunTime:0.0004s ]
SQL: SELECT * FROM `sjy_origanization_project_image` WHERE `sjy_origanization_project_id` = 10  [ RunTime:0.0002s ]
SQL: select sjy_origanization_base_info.*,sjy_origanization_position_info.sjy_origanization_address,sjy_provinces.province,sjy_cities.city,sjy_areas.area from sjy_origanization_base_info left join sjy_origanization_position_info on sjy_origanization_base_info.sjy_id=sjy_origanization_position_info.sjy_origanization_id left join sjy_provinces on sjy_origanization_position_info.sjy_origanization_province=sjy_provinces.provinceid left join sjy_cities on sjy_origanization_position_info.sjy_origanization_city=sjy_cities.cityid left join sjy_areas on sjy_origanization_position_info.sjy_origanization_area=sjy_areas.areaid where sjy_origanization_base_info.sjy_id=5 [ RunTime:0.0021s ]
SQL: SHOW COLUMNS FROM `sjy_cities` [ RunTime:0.0005s ]
SQL: SELECT * FROM `sjy_cities` WHERE `cityid` = '120000' LIMIT 1   [ RunTime:0.0004s ]
INFO: [ view_parse ] --START--
INFO: [ template_filter ] --START--
INFO: Run Behavior\ContentReplaceBehavior [ RunTime:0.000090s ]
INFO: [ template_filter ] --END-- [ RunTime:0.000120s ]
NOTIC: [8] Undefined variable: userinfo /xiaoheiwu/shejuyi/Application/Runtime/Cache/Home/633b1d00a7c00392fc6e8dc151dae1d3.php 第 57 行.
INFO: Run Behavior\ParseTemplateBehavior [ RunTime:0.005358s ]
INFO: [ view_parse ] --END-- [ RunTime:0.005382s ]
INFO: [ view_filter ] --START--
INFO: Run Behavior\WriteHtmlCacheBehavior [ RunTime:0.000113s ]
INFO: [ view_filter ] --END-- [ RunTime:0.000131s ]
INFO: [ app_end ] --START--
INFO: Run Behavior\ShowPageTraceBehavior [ RunTime:0.000361s ]
INFO: [ app_end ] --END-- [ RunTime:0.000386s ]

[ 2017-10-03T21:06:54+08:00 ] 112.28.148.158 /shejuyi/
INFO: [ app_init ] --START--
INFO: Run Behavior\BuildLiteBehavior [ RunTime:0.000010s ]
INFO: [ app_init ] --END-- [ RunTime:0.000211s ]
INFO: [ app_begin ] --START--
INFO: Run Behavior\ReadHtmlCacheBehavior [ RunTime:0.000241s ]
INFO: [ app_begin ] --END-- [ RunTime:0.000266s ]
INFO: [ view_parse ] --START--
INFO: [ template_filter ] --START--
INFO: Run Behavior\ContentReplaceBehavior [ RunTime:0.000092s ]
INFO: [ template_filter ] --END-- [ RunTime:0.000122s ]
INFO: Run Behavior\ParseTemplateBehavior [ RunTime:0.004601s ]
INFO: [ view_parse ] --END-- [ RunTime:0.004632s ]
INFO: [ view_filter ] --START--
INFO: Run Behavior\WriteHtmlCacheBehavior [ RunTime:0.000088s ]
INFO: [ view_filter ] --END-- [ RunTime:0.000112s ]
INFO: [ app_end ] --START--
INFO: Run Behavior\ShowPageTraceBehavior [ RunTime:0.000333s ]
INFO: [ app_end ] --END-- [ RunTime:0.000360s ]

[ 2017-10-03T21:06:54+08:00 ] 112.28.148.158 /shejuyi/
INFO: [ app_init ] --START--
INFO: Run Behavior\BuildLiteBehavior [ RunTime:0.000013s ]
INFO: [ app_init ] --END-- [ RunTime:0.000307s ]
INFO: [ app_begin ] --START--
INFO: Run Behavior\ReadHtmlCacheBehavior [ RunTime:0.000426s ]
INFO: [ app_begin ] --END-- [ RunTime:0.000460s ]
INFO: [ view_parse ] --START--
INFO: [ template_filter ] --START--
INFO: Run Behavior\ContentReplaceBehavior [ RunTime:0.000089s ]
INFO: [ template_filter ] --END-- [ RunTime:0.000114s ]
INFO: Run Behavior\ParseTemplateBehavior [ RunTime:0.004518s ]
INFO: [ view_parse ] --END-- [ RunTime:0.004547s ]
INFO: [ view_filter ] --START--
INFO: Run Behavior\WriteHtmlCacheBehavior [ RunTime:0.000084s ]
INFO: [ view_filter ] --END-- [ RunTime:0.000105s ]
INFO: [ app_end ] --START--
INFO: Run Behavior\ShowPageTraceBehavior [ RunTime:0.000319s ]
INFO: [ app_end ] --END-- [ RunTime:0.000344s ]

[ 2017-10-03T22:28:08+08:00 ] 112.28.148.158 /shejuyi/index.php/Home/Origanization/myproject
INFO: [ app_init ] --START--
INFO: Run Behavior\BuildLiteBehavior [ RunTime:0.000013s ]
INFO: [ app_init ] --END-- [ RunTime:0.000309s ]
INFO: [ app_begin ] --START--
INFO: Run Behavior\ReadHtmlCacheBehavior [ RunTime:0.000435s ]
INFO: [ app_begin ] --END-- [ RunTime:0.000461s ]
SQL: SHOW COLUMNS FROM `sjy_project` [ RunTime:0.0008s ]
SQL: SELECT * FROM `sjy_project` WHERE `origanization_id` = 5 AND `status` = 0  [ RunTime:0.0003s ]
NOTIC: [8] Undefined offset: 1 /xiaoheiwu/shejuyi/ThinkPHP/Library/Think/Db/Driver.class.php 第 596 行.
NOTIC: [8] Undefined offset: 0 /xiaoheiwu/shejuyi/ThinkPHP/Library/Think/Db/Driver.class.php 第 597 行.
NOTIC: [8] Undefined offset: 0 /xiaoheiwu/shejuyi/ThinkPHP/Library/Think/Db/Driver.class.php 第 550 行.
NOTIC: [8] Undefined offset: 0 /xiaoheiwu/shejuyi/ThinkPHP/Library/Think/Db/Driver.class.php 第 596 行.
NOTIC: [8] Undefined offset: 0 /xiaoheiwu/shejuyi/ThinkPHP/Library/Think/Db/Driver.class.php 第 596 行.
NOTIC: [8] Undefined offset: 0 /xiaoheiwu/shejuyi/ThinkPHP/Library/Think/Db/Driver.class.php 第 597 行.
NOTIC: [8] Undefined offset: 0 /xiaoheiwu/shejuyi/ThinkPHP/Library/Think/Db/Driver.class.php 第 600 行.
SQL: SELECT * FROM `sjy_project` WHERE `origanization_id` = 5 AND ( ( `status` = null  ) OR `status` = 1 )  [ RunTime:0.0002s ]
NOTIC: [8] Undefined variable: ing_project_info /xiaoheiwu/shejuyi/Application/Home/Controller/OriganizationController.class.php 第 626 行.
SQL: SHOW COLUMNS FROM `sjy_origanization_project_info` [ RunTime:0.0005s ]
SQL: SELECT * FROM `sjy_origanization_project_info` WHERE `sjy_origanization_id` = '5'  [ RunTime:0.0002s ]
INFO: [ view_parse ] --START--
INFO: [ template_filter ] --START--
INFO: Run Behavior\ContentReplaceBehavior [ RunTime:0.000068s ]
INFO: [ template_filter ] --END-- [ RunTime:0.000096s ]
NOTIC: [8] Undefined variable: project_info /xiaoheiwu/shejuyi/Application/Runtime/Cache/Home/72f656e71a2e92c220e9d86e8ff0d952.php 第 68 行.
INFO: Run Behavior\ParseTemplateBehavior [ RunTime:0.004843s ]
INFO: [ view_parse ] --END-- [ RunTime:0.004864s ]
INFO: [ view_filter ] --START--
INFO: Run Behavior\WriteHtmlCacheBehavior [ RunTime:0.000095s ]
INFO: [ view_filter ] --END-- [ RunTime:0.000113s ]
INFO: [ app_end ] --START--
INFO: Run Behavior\ShowPageTraceBehavior [ RunTime:0.000305s ]
INFO: [ app_end ] --END-- [ RunTime:0.000326s ]

[ 2017-10-03T22:28:18+08:00 ] 61.151.228.22 /shejuyi/index.php/Home/Origanization/myproject
INFO: [ app_init ] --START--
INFO: Run Behavior\BuildLiteBehavior [ RunTime:0.000013s ]
INFO: [ app_init ] --END-- [ RunTime:0.000259s ]
INFO: [ app_begin ] --START--
INFO: Run Behavior\ReadHtmlCacheBehavior [ RunTime:0.000315s ]
INFO: [ app_begin ] --END-- [ RunTime:0.000340s ]
SQL: SHOW COLUMNS FROM `sjy_project` [ RunTime:0.0007s ]
SQL: SELECT * FROM `sjy_project` WHERE `origanization_id` = null AND `status` = 0  [ RunTime:0.0003s ]
NOTIC: [8] Undefined offset: 1 /xiaoheiwu/shejuyi/ThinkPHP/Library/Think/Db/Driver.class.php 第 596 行.
NOTIC: [8] Undefined offset: 0 /xiaoheiwu/shejuyi/ThinkPHP/Library/Think/Db/Driver.class.php 第 597 行.
NOTIC: [8] Undefined offset: 0 /xiaoheiwu/shejuyi/ThinkPHP/Library/Think/Db/Driver.class.php 第 550 行.
NOTIC: [8] Undefined offset: 0 /xiaoheiwu/shejuyi/ThinkPHP/Library/Think/Db/Driver.class.php 第 596 行.
NOTIC: [8] Undefined offset: 0 /xiaoheiwu/shejuyi/ThinkPHP/Library/Think/Db/Driver.class.php 第 596 行.
NOTIC: [8] Undefined offset: 0 /xiaoheiwu/shejuyi/ThinkPHP/Library/Think/Db/Driver.class.php 第 597 行.
NOTIC: [8] Undefined offset: 0 /xiaoheiwu/shejuyi/ThinkPHP/Library/Think/Db/Driver.class.php 第 600 行.
SQL: SELECT * FROM `sjy_project` WHERE `origanization_id` = null AND ( ( `status` = null  ) OR `status` = 1 )  [ RunTime:0.0002s ]
NOTIC: [8] Undefined variable: ing_project_info /xiaoheiwu/shejuyi/Application/Home/Controller/OriganizationController.class.php 第 626 行.
SQL: SHOW COLUMNS FROM `sjy_origanization_project_info` [ RunTime:0.0005s ]
SQL: SELECT * FROM `sjy_origanization_project_info` WHERE `sjy_origanization_id` = null  [ RunTime:0.0002s ]
INFO: [ view_parse ] --START--
INFO: [ template_filter ] --START--
INFO: Run Behavior\ContentReplaceBehavior [ RunTime:0.000084s ]
INFO: [ template_filter ] --END-- [ RunTime:0.000137s ]
NOTIC: [8] Undefined variable: project_info /xiaoheiwu/shejuyi/Application/Runtime/Cache/Home/72f656e71a2e92c220e9d86e8ff0d952.php 第 68 行.
INFO: Run Behavior\ParseTemplateBehavior [ RunTime:0.006728s ]
INFO: [ view_parse ] --END-- [ RunTime:0.006749s ]
INFO: [ view_filter ] --START--
INFO: Run Behavior\WriteHtmlCacheBehavior [ RunTime:0.000099s ]
INFO: [ view_filter ] --END-- [ RunTime:0.000116s ]
INFO: [ app_end ] --START--
INFO: Run Behavior\ShowPageTraceBehavior [ RunTime:0.000332s ]
INFO: [ app_end ] --END-- [ RunTime:0.000354s ]

[ 2017-10-03T22:28:51+08:00 ] 112.28.148.158 /shejuyi/index.php/Home/Origanization/myproject
INFO: [ app_init ] --START--
INFO: Run Behavior\BuildLiteBehavior [ RunTime:0.000010s ]
INFO: [ app_init ] --END-- [ RunTime:0.000204s ]
INFO: [ app_begin ] --START--
INFO: Run Behavior\ReadHtmlCacheBehavior [ RunTime:0.000285s ]
INFO: [ app_begin ] --END-- [ RunTime:0.000310s ]
SQL: SHOW COLUMNS FROM `sjy_project` [ RunTime:0.0008s ]
SQL: SELECT * FROM `sjy_project` WHERE `origanization_id` = 5 AND `status` = 0  [ RunTime:0.0003s ]
NOTIC: [8] Undefined offset: 1 /xiaoheiwu/shejuyi/ThinkPHP/Library/Think/Db/Driver.class.php 第 596 行.
NOTIC: [8] Undefined offset: 0 /xiaoheiwu/shejuyi/ThinkPHP/Library/Think/Db/Driver.class.php 第 597 行.
NOTIC: [8] Undefined offset: 0 /xiaoheiwu/shejuyi/ThinkPHP/Library/Think/Db/Driver.class.php 第 550 行.
NOTIC: [8] Undefined offset: 0 /xiaoheiwu/shejuyi/ThinkPHP/Library/Think/Db/Driver.class.php 第 596 行.
NOTIC: [8] Undefined offset: 0 /xiaoheiwu/shejuyi/ThinkPHP/Library/Think/Db/Driver.class.php 第 596 行.
NOTIC: [8] Undefined offset: 0 /xiaoheiwu/shejuyi/ThinkPHP/Library/Think/Db/Driver.class.php 第 597 行.
NOTIC: [8] Undefined offset: 0 /xiaoheiwu/shejuyi/ThinkPHP/Library/Think/Db/Driver.class.php 第 600 行.
SQL: SELECT * FROM `sjy_project` WHERE `origanization_id` = 5 AND ( ( `status` = null  ) OR `status` = 1 )  [ RunTime:0.0002s ]
NOTIC: [8] Undefined variable: ing_project_info /xiaoheiwu/shejuyi/Application/Home/Controller/OriganizationController.class.php 第 626 行.
SQL: SHOW COLUMNS FROM `sjy_origanization_project_info` [ RunTime:0.0005s ]
SQL: SELECT * FROM `sjy_origanization_project_info` WHERE `sjy_origanization_id` = '5'  [ RunTime:0.0002s ]
INFO: [ view_parse ] --START--
INFO: [ template_filter ] --START--
INFO: Run Behavior\ContentReplaceBehavior [ RunTime:0.000066s ]
INFO: [ template_filter ] --END-- [ RunTime:0.000093s ]
NOTIC: [8] Undefined variable: project_info /xiaoheiwu/shejuyi/Application/Runtime/Cache/Home/72f656e71a2e92c220e9d86e8ff0d952.php 第 68 行.
INFO: Run Behavior\ParseTemplateBehavior [ RunTime:0.004886s ]
INFO: [ view_parse ] --END-- [ RunTime:0.004906s ]
INFO: [ view_filter ] --START--
INFO: Run Behavior\WriteHtmlCacheBehavior [ RunTime:0.000092s ]
INFO: [ view_filter ] --END-- [ RunTime:0.000110s ]
INFO: [ app_end ] --START--
INFO: Run Behavior\ShowPageTraceBehavior [ RunTime:0.000292s ]
INFO: [ app_end ] --END-- [ RunTime:0.000314s ]

[ 2017-10-03T22:28:54+08:00 ] 112.28.148.158 /shejuyi/index.php/Home/Origanization/editProject/id/10
INFO: [ app_init ] --START--
INFO: Run Behavior\BuildLiteBehavior [ RunTime:0.000011s ]
INFO: [ app_init ] --END-- [ RunTime:0.000229s ]
INFO: [ app_begin ] --START--
INFO: Run Behavior\ReadHtmlCacheBehavior [ RunTime:0.000250s ]
INFO: [ app_begin ] --END-- [ RunTime:0.000275s ]
SQL: SHOW COLUMNS FROM `sjy_origanization_project_info` [ RunTime:0.0008s ]
SQL: SELECT * FROM `sjy_origanization_project_info` WHERE `sjy_id` = 10 LIMIT 1   [ RunTime:0.0003s ]
SQL: SHOW COLUMNS FROM `sjy_origanization_project_image` [ RunTime:0.0004s ]
SQL: SELECT * FROM `sjy_origanization_project_image` WHERE `sjy_origanization_project_id` = 10  [ RunTime:0.0002s ]
SQL: SHOW COLUMNS FROM `sjy_service_object` [ RunTime:0.0005s ]
SQL: SELECT * FROM `sjy_service_object`  [ RunTime:0.0002s ]
INFO: [ view_parse ] --START--
INFO: [ template_filter ] --START--
INFO: Run Behavior\ContentReplaceBehavior [ RunTime:0.000075s ]
INFO: [ template_filter ] --END-- [ RunTime:0.000111s ]
INFO: Run Behavior\ParseTemplateBehavior [ RunTime:0.004724s ]
INFO: [ view_parse ] --END-- [ RunTime:0.004754s ]
INFO: [ view_filter ] --START--
INFO: Run Behavior\WriteHtmlCacheBehavior [ RunTime:0.000105s ]
INFO: [ view_filter ] --END-- [ RunTime:0.000126s ]
INFO: [ app_end ] --START--
INFO: Run Behavior\ShowPageTraceBehavior [ RunTime:0.000342s ]
INFO: [ app_end ] --END-- [ RunTime:0.000372s ]

[ 2017-10-03T22:29:04+08:00 ] 101.226.33.225 /shejuyi/index.php/Home/Origanization/editProject/id/10
INFO: [ app_init ] --START--
INFO: Run Behavior\BuildLiteBehavior [ RunTime:0.000009s ]
INFO: [ app_init ] --END-- [ RunTime:0.000202s ]
INFO: [ app_begin ] --START--
INFO: Run Behavior\ReadHtmlCacheBehavior [ RunTime:0.000254s ]
INFO: [ app_begin ] --END-- [ RunTime:0.000279s ]
SQL: SHOW COLUMNS FROM `sjy_origanization_project_info` [ RunTime:0.0008s ]
SQL: SELECT * FROM `sjy_origanization_project_info` WHERE `sjy_id` = 10 LIMIT 1   [ RunTime:0.0004s ]
SQL: SHOW COLUMNS FROM `sjy_origanization_project_image` [ RunTime:0.0004s ]
SQL: SELECT * FROM `sjy_origanization_project_image` WHERE `sjy_origanization_project_id` = 10  [ RunTime:0.0002s ]
SQL: SHOW COLUMNS FROM `sjy_service_object` [ RunTime:0.0004s ]
SQL: SELECT * FROM `sjy_service_object`  [ RunTime:0.0001s ]
INFO: [ view_parse ] --START--
INFO: [ template_filter ] --START--
INFO: Run Behavior\ContentReplaceBehavior [ RunTime:0.000065s ]
INFO: [ template_filter ] --END-- [ RunTime:0.000090s ]
INFO: Run Behavior\ParseTemplateBehavior [ RunTime:0.005064s ]
INFO: [ view_parse ] --END-- [ RunTime:0.005088s ]
INFO: [ view_filter ] --START--
INFO: Run Behavior\WriteHtmlCacheBehavior [ RunTime:0.000092s ]
INFO: [ view_filter ] --END-- [ RunTime:0.000110s ]
INFO: [ app_end ] --START--
INFO: Run Behavior\ShowPageTraceBehavior [ RunTime:0.000342s ]
INFO: [ app_end ] --END-- [ RunTime:0.000368s ]

[ 2017-10-03T22:29:34+08:00 ] 112.28.148.158 /shejuyi/index.php/Home/Origanization/editProject/id/10
INFO: [ app_init ] --START--
INFO: Run Behavior\BuildLiteBehavior [ RunTime:0.000010s ]
INFO: [ app_init ] --END-- [ RunTime:0.000205s ]
INFO: [ app_begin ] --START--
INFO: Run Behavior\ReadHtmlCacheBehavior [ RunTime:0.000251s ]
INFO: [ app_begin ] --END-- [ RunTime:0.000275s ]
SQL: SHOW COLUMNS FROM `sjy_origanization_project_info` [ RunTime:0.0008s ]
SQL: SELECT * FROM `sjy_origanization_project_info` WHERE `sjy_id` = 10 LIMIT 1   [ RunTime:0.0003s ]
SQL: SHOW COLUMNS FROM `sjy_origanization_project_image` [ RunTime:0.0004s ]
SQL: SELECT * FROM `sjy_origanization_project_image` WHERE `sjy_origanization_project_id` = 10  [ RunTime:0.0002s ]
SQL: SHOW COLUMNS FROM `sjy_service_object` [ RunTime:0.0004s ]
SQL: SELECT * FROM `sjy_service_object`  [ RunTime:0.0002s ]
INFO: [ view_parse ] --START--
INFO: [ template_filter ] --START--
INFO: Run Behavior\ContentReplaceBehavior [ RunTime:0.000064s ]
INFO: [ template_filter ] --END-- [ RunTime:0.000089s ]
INFO: Run Behavior\ParseTemplateBehavior [ RunTime:0.004277s ]
INFO: [ view_parse ] --END-- [ RunTime:0.004300s ]
INFO: [ view_filter ] --START--
INFO: Run Behavior\WriteHtmlCacheBehavior [ RunTime:0.000091s ]
INFO: [ view_filter ] --END-- [ RunTime:0.000110s ]
INFO: [ app_end ] --START--
INFO: Run Behavior\ShowPageTraceBehavior [ RunTime:0.000324s ]
INFO: [ app_end ] --END-- [ RunTime:0.000349s ]

