[ 2017-12-08T13:39:31+08:00 ] 127.0.0.1 /shejuyi/
INFO: [ app_init ] --START--
INFO: Run Behavior\BuildLiteBehavior [ RunTime:0.000000s ]
INFO: [ app_init ] --END-- [ RunTime:0.001000s ]
INFO: [ app_begin ] --START--
INFO: Run Behavior\ReadHtmlCacheBehavior [ RunTime:0.002000s ]
INFO: [ app_begin ] --END-- [ RunTime:0.002000s ]
INFO: [ view_parse ] --START--
INFO: [ template_filter ] --START--
INFO: Run Behavior\ContentReplaceBehavior [ RunTime:0.000000s ]
INFO: [ template_filter ] --END-- [ RunTime:0.001000s ]
INFO: Run Behavior\ParseTemplateBehavior [ RunTime:0.019000s ]
INFO: [ view_parse ] --END-- [ RunTime:0.019000s ]
INFO: [ view_filter ] --START--
INFO: Run Behavior\WriteHtmlCacheBehavior [ RunTime:0.004000s ]
INFO: [ view_filter ] --END-- [ RunTime:0.004000s ]
INFO: [ app_end ] --START--
INFO: Run Behavior\ShowPageTraceBehavior [ RunTime:0.007000s ]
INFO: [ app_end ] --END-- [ RunTime:0.007000s ]

[ 2017-12-08T13:40:14+08:00 ] 127.0.0.1 /shejuyi/index.php/Home/Login/dologin
INFO: [ app_init ] --START--
INFO: Run Behavior\BuildLiteBehavior [ RunTime:0.000000s ]
INFO: [ app_init ] --END-- [ RunTime:0.001000s ]
INFO: [ app_begin ] --START--
INFO: Run Behavior\ReadHtmlCacheBehavior [ RunTime:0.003000s ]
INFO: [ app_begin ] --END-- [ RunTime:0.004000s ]
SQL: SHOW COLUMNS FROM `sjy_community_user_info` [ RunTime:0.0890s ]
SQL: SELECT * FROM `sjy_community_user_info` WHERE `sjy_community_login_id` = '13966731915' AND `password` = 'e10adc3949ba59abbe56e057f20f883e' LIMIT 1   [ RunTime:0.1370s ]
SQL: SELECT * FROM `sjy_community_user_info` WHERE `sjy_community_login_id` = '13966731915' LIMIT 1   [ RunTime:0.0860s ]

[ 2017-12-08T13:40:15+08:00 ] 127.0.0.1 /shejuyi/index.php/Home/Community/index
INFO: [ app_init ] --START--
INFO: Run Behavior\BuildLiteBehavior [ RunTime:0.000000s ]
INFO: [ app_init ] --END-- [ RunTime:0.001000s ]
INFO: [ app_begin ] --START--
INFO: Run Behavior\ReadHtmlCacheBehavior [ RunTime:0.002000s ]
INFO: [ app_begin ] --END-- [ RunTime:0.002000s ]
SQL: SHOW COLUMNS FROM `sjy_community_user_info` [ RunTime:0.0900s ]
SQL: SELECT `sjy_community_user_community_code` FROM `sjy_community_user_info` WHERE `sjy_id` = 30 LIMIT 1   [ RunTime:0.1180s ]
SQL: SHOW COLUMNS FROM `sjy_cities` [ RunTime:0.1760s ]
SQL: SELECT * FROM `sjy_cities` WHERE `cityid` = 120000 LIMIT 1   [ RunTime:0.1440s ]
NOTIC: [8] Undefined variable: islogin C:\wamp64\www\shejuyi\Application\Home\Controller\BaseController.class.php 第 88 行.
NOTIC: [8] Undefined variable: user_image C:\wamp64\www\shejuyi\Application\Home\Controller\BaseController.class.php 第 92 行.
INFO: [ view_parse ] --START--
INFO: [ template_filter ] --START--
INFO: Run Behavior\ContentReplaceBehavior [ RunTime:0.000000s ]
INFO: [ template_filter ] --END-- [ RunTime:0.000000s ]
NOTIC: [8] Undefined variable: type C:\wamp64\www\shejuyi\Application\Runtime\Cache\Home\a694fdae0bac13e1b11b112467ce4577.php 第 215 行.
NOTIC: [8] Undefined variable: info C:\wamp64\www\shejuyi\Application\Runtime\Cache\Home\a694fdae0bac13e1b11b112467ce4577.php 第 230 行.
NOTIC: [8] Undefined variable: ishascommunity C:\wamp64\www\shejuyi\Application\Runtime\Cache\Home\a694fdae0bac13e1b11b112467ce4577.php 第 380 行.
NOTIC: [8] Undefined variable: hassendop C:\wamp64\www\shejuyi\Application\Runtime\Cache\Home\a694fdae0bac13e1b11b112467ce4577.php 第 448 行.
INFO: Run Behavior\ParseTemplateBehavior [ RunTime:0.020000s ]
INFO: [ view_parse ] --END-- [ RunTime:0.021000s ]
INFO: [ view_filter ] --START--
INFO: Run Behavior\WriteHtmlCacheBehavior [ RunTime:0.001000s ]
INFO: [ view_filter ] --END-- [ RunTime:0.001000s ]
INFO: [ app_end ] --START--
INFO: Run Behavior\ShowPageTraceBehavior [ RunTime:0.002000s ]
INFO: [ app_end ] --END-- [ RunTime:0.002000s ]

[ 2017-12-08T13:40:18+08:00 ] 127.0.0.1 /shejuyi/index.php/Home/Community/getprojectlist?page=1
INFO: [ app_init ] --START--
INFO: Run Behavior\BuildLiteBehavior [ RunTime:0.000000s ]
INFO: [ app_init ] --END-- [ RunTime:0.001000s ]
INFO: [ app_begin ] --START--
INFO: Run Behavior\ReadHtmlCacheBehavior [ RunTime:0.001000s ]
INFO: [ app_begin ] --END-- [ RunTime:0.001000s ]
SQL: SHOW COLUMNS FROM `sjy_community_user_info` [ RunTime:0.0950s ]
SQL: SELECT `sjy_community_user_community_code` FROM `sjy_community_user_info` WHERE `sjy_id` = 30 LIMIT 1   [ RunTime:0.1440s ]
SQL: SHOW COLUMNS FROM `sjy_cities` [ RunTime:0.0860s ]
SQL: SELECT * FROM `sjy_cities` WHERE `cityid` = 120000 LIMIT 1   [ RunTime:0.1220s ]
NOTIC: [8] Undefined variable: islogin C:\wamp64\www\shejuyi\Application\Home\Controller\BaseController.class.php 第 88 行.
NOTIC: [8] Undefined variable: user_image C:\wamp64\www\shejuyi\Application\Home\Controller\BaseController.class.php 第 92 行.
SQL: SHOW COLUMNS FROM `sjy_origanization_position_info` [ RunTime:0.1640s ]
SQL: SELECT `sjy_origanization_id` FROM `sjy_origanization_position_info` WHERE `sjy_origanization_city` = 120000  [ RunTime:0.1550s ]
SQL: SHOW COLUMNS FROM `sjy_origanization_base_info` [ RunTime:0.1140s ]
SQL: SELECT COUNT(*) AS tp_count FROM `sjy_origanization_base_info` LIMIT 1   [ RunTime:0.0760s ]

[ 2017-12-08T13:40:19+08:00 ] 127.0.0.1 /shejuyi/index.php/Home/Community/chooserole
INFO: [ app_init ] --START--
INFO: Run Behavior\BuildLiteBehavior [ RunTime:0.000000s ]
INFO: [ app_init ] --END-- [ RunTime:0.001000s ]
INFO: [ app_begin ] --START--
INFO: Run Behavior\ReadHtmlCacheBehavior [ RunTime:0.001000s ]
INFO: [ app_begin ] --END-- [ RunTime:0.001000s ]
SQL: SHOW COLUMNS FROM `sjy_community_user_info` [ RunTime:0.1230s ]
SQL: SELECT `sjy_community_user_community_code` FROM `sjy_community_user_info` WHERE `sjy_id` = 30 LIMIT 1   [ RunTime:0.0940s ]
SQL: SHOW COLUMNS FROM `sjy_cities` [ RunTime:0.1600s ]
SQL: SELECT * FROM `sjy_cities` WHERE `cityid` = 120000 LIMIT 1   [ RunTime:0.0670s ]
NOTIC: [8] Undefined variable: islogin C:\wamp64\www\shejuyi\Application\Home\Controller\BaseController.class.php 第 88 行.
NOTIC: [8] Undefined variable: user_image C:\wamp64\www\shejuyi\Application\Home\Controller\BaseController.class.php 第 92 行.
INFO: [ view_parse ] --START--
INFO: [ template_filter ] --START--
INFO: Run Behavior\ContentReplaceBehavior [ RunTime:0.000000s ]
INFO: [ template_filter ] --END-- [ RunTime:0.001000s ]
INFO: Run Behavior\ParseTemplateBehavior [ RunTime:0.014000s ]
INFO: [ view_parse ] --END-- [ RunTime:0.014000s ]
INFO: [ view_filter ] --START--
INFO: Run Behavior\WriteHtmlCacheBehavior [ RunTime:0.002000s ]
INFO: [ view_filter ] --END-- [ RunTime:0.002000s ]
INFO: [ app_end ] --START--
INFO: Run Behavior\ShowPageTraceBehavior [ RunTime:0.002001s ]
INFO: [ app_end ] --END-- [ RunTime:0.002001s ]

[ 2017-12-08T13:40:42+08:00 ] 127.0.0.1 /shejuyi/index.php/Home/Community/setcity
INFO: [ app_init ] --START--
INFO: Run Behavior\BuildLiteBehavior [ RunTime:0.000000s ]
INFO: [ app_init ] --END-- [ RunTime:0.001000s ]
INFO: [ app_begin ] --START--
INFO: Run Behavior\ReadHtmlCacheBehavior [ RunTime:0.001000s ]
INFO: [ app_begin ] --END-- [ RunTime:0.001000s ]
SQL: SHOW COLUMNS FROM `sjy_community_user_info` [ RunTime:0.1520s ]
SQL: SELECT `sjy_community_user_community_code` FROM `sjy_community_user_info` WHERE `sjy_id` = 30 LIMIT 1   [ RunTime:0.0850s ]
SQL: SHOW COLUMNS FROM `sjy_cities` [ RunTime:0.1050s ]
SQL: SELECT * FROM `sjy_cities` WHERE `cityid` = 120000 LIMIT 1   [ RunTime:0.1350s ]
NOTIC: [8] Undefined variable: islogin C:\wamp64\www\shejuyi\Application\Home\Controller\BaseController.class.php 第 88 行.
NOTIC: [8] Undefined variable: user_image C:\wamp64\www\shejuyi\Application\Home\Controller\BaseController.class.php 第 92 行.

[ 2017-12-08T13:40:43+08:00 ] 127.0.0.1 /shejuyi/index.php/Home/Community/index
INFO: [ app_init ] --START--
INFO: Run Behavior\BuildLiteBehavior [ RunTime:0.000000s ]
INFO: [ app_init ] --END-- [ RunTime:0.001000s ]
INFO: [ app_begin ] --START--
INFO: Run Behavior\ReadHtmlCacheBehavior [ RunTime:0.002000s ]
INFO: [ app_begin ] --END-- [ RunTime:0.002000s ]
SQL: SHOW COLUMNS FROM `sjy_community_user_info` [ RunTime:0.0790s ]
SQL: SELECT `sjy_community_user_community_code` FROM `sjy_community_user_info` WHERE `sjy_id` = 30 LIMIT 1   [ RunTime:0.1300s ]
SQL: SHOW COLUMNS FROM `sjy_cities` [ RunTime:0.0910s ]
SQL: SELECT * FROM `sjy_cities` WHERE `cityid` = '110000' LIMIT 1   [ RunTime:0.1030s ]
NOTIC: [8] Undefined variable: islogin C:\wamp64\www\shejuyi\Application\Home\Controller\BaseController.class.php 第 88 行.
NOTIC: [8] Undefined variable: user_image C:\wamp64\www\shejuyi\Application\Home\Controller\BaseController.class.php 第 92 行.
INFO: [ view_parse ] --START--
INFO: [ template_filter ] --START--
INFO: Run Behavior\ContentReplaceBehavior [ RunTime:0.000000s ]
INFO: [ template_filter ] --END-- [ RunTime:0.001000s ]
NOTIC: [8] Undefined variable: type C:\wamp64\www\shejuyi\Application\Runtime\Cache\Home\a694fdae0bac13e1b11b112467ce4577.php 第 215 行.
NOTIC: [8] Undefined variable: info C:\wamp64\www\shejuyi\Application\Runtime\Cache\Home\a694fdae0bac13e1b11b112467ce4577.php 第 230 行.
NOTIC: [8] Undefined variable: ishascommunity C:\wamp64\www\shejuyi\Application\Runtime\Cache\Home\a694fdae0bac13e1b11b112467ce4577.php 第 380 行.
NOTIC: [8] Undefined variable: hassendop C:\wamp64\www\shejuyi\Application\Runtime\Cache\Home\a694fdae0bac13e1b11b112467ce4577.php 第 448 行.
INFO: Run Behavior\ParseTemplateBehavior [ RunTime:0.019000s ]
INFO: [ view_parse ] --END-- [ RunTime:0.019000s ]
INFO: [ view_filter ] --START--
INFO: Run Behavior\WriteHtmlCacheBehavior [ RunTime:0.001000s ]
INFO: [ view_filter ] --END-- [ RunTime:0.001000s ]
INFO: [ app_end ] --START--
INFO: Run Behavior\ShowPageTraceBehavior [ RunTime:0.002000s ]
INFO: [ app_end ] --END-- [ RunTime:0.002000s ]

[ 2017-12-08T13:40:46+08:00 ] 127.0.0.1 /shejuyi/index.php/Home/Community/getprojectlist?page=1
INFO: [ app_init ] --START--
INFO: Run Behavior\BuildLiteBehavior [ RunTime:0.000000s ]
INFO: [ app_init ] --END-- [ RunTime:0.001000s ]
INFO: [ app_begin ] --START--
INFO: Run Behavior\ReadHtmlCacheBehavior [ RunTime:0.002000s ]
INFO: [ app_begin ] --END-- [ RunTime:0.002000s ]
SQL: SHOW COLUMNS FROM `sjy_community_user_info` [ RunTime:0.1310s ]
SQL: SELECT `sjy_community_user_community_code` FROM `sjy_community_user_info` WHERE `sjy_id` = 30 LIMIT 1   [ RunTime:0.0940s ]
SQL: SHOW COLUMNS FROM `sjy_cities` [ RunTime:0.0870s ]
SQL: SELECT * FROM `sjy_cities` WHERE `cityid` = '110000' LIMIT 1   [ RunTime:0.1350s ]
NOTIC: [8] Undefined variable: islogin C:\wamp64\www\shejuyi\Application\Home\Controller\BaseController.class.php 第 88 行.
NOTIC: [8] Undefined variable: user_image C:\wamp64\www\shejuyi\Application\Home\Controller\BaseController.class.php 第 92 行.
SQL: SHOW COLUMNS FROM `sjy_origanization_position_info` [ RunTime:0.0870s ]
SQL: SELECT `sjy_origanization_id` FROM `sjy_origanization_position_info` WHERE `sjy_origanization_city` = '110000'  [ RunTime:0.1380s ]
SQL: SHOW COLUMNS FROM `sjy_origanization_base_info` [ RunTime:0.0700s ]
SQL: SELECT * FROM `sjy_origanization_base_info` LIMIT 0,10   [ RunTime:0.1060s ]
SQL: SELECT * FROM `sjy_origanization_position_info` WHERE `sjy_origanization_city` = '110000' LIMIT 1   [ RunTime:0.0660s ]
SQL: SELECT * FROM `sjy_origanization_position_info` WHERE `sjy_origanization_city` = '110000' LIMIT 1   [ RunTime:0.1110s ]
SQL: SELECT * FROM `sjy_origanization_position_info` WHERE `sjy_origanization_city` = '110000' LIMIT 1   [ RunTime:0.0760s ]
SQL: SELECT COUNT(*) AS tp_count FROM `sjy_origanization_base_info` LIMIT 1   [ RunTime:0.1320s ]

[ 2017-12-08T13:40:47+08:00 ] 127.0.0.1 /shejuyi/index.php/Home/Community/chooserole
INFO: [ app_init ] --START--
INFO: Run Behavior\BuildLiteBehavior [ RunTime:0.000000s ]
INFO: [ app_init ] --END-- [ RunTime:0.002000s ]
INFO: [ app_begin ] --START--
INFO: Run Behavior\ReadHtmlCacheBehavior [ RunTime:0.003000s ]
INFO: [ app_begin ] --END-- [ RunTime:0.003000s ]
SQL: SHOW COLUMNS FROM `sjy_community_user_info` [ RunTime:0.1380s ]
SQL: SELECT `sjy_community_user_community_code` FROM `sjy_community_user_info` WHERE `sjy_id` = 30 LIMIT 1   [ RunTime:0.0830s ]
SQL: SHOW COLUMNS FROM `sjy_cities` [ RunTime:0.1010s ]
SQL: SELECT * FROM `sjy_cities` WHERE `cityid` = '110000' LIMIT 1   [ RunTime:0.0860s ]
NOTIC: [8] Undefined variable: islogin C:\wamp64\www\shejuyi\Application\Home\Controller\BaseController.class.php 第 88 行.
NOTIC: [8] Undefined variable: user_image C:\wamp64\www\shejuyi\Application\Home\Controller\BaseController.class.php 第 92 行.
INFO: [ view_parse ] --START--
INFO: [ template_filter ] --START--
INFO: Run Behavior\ContentReplaceBehavior [ RunTime:0.000000s ]
INFO: [ template_filter ] --END-- [ RunTime:0.000000s ]
INFO: Run Behavior\ParseTemplateBehavior [ RunTime:0.014000s ]
INFO: [ view_parse ] --END-- [ RunTime:0.015000s ]
INFO: [ view_filter ] --START--
INFO: Run Behavior\WriteHtmlCacheBehavior [ RunTime:0.001000s ]
INFO: [ view_filter ] --END-- [ RunTime:0.001000s ]
INFO: [ app_end ] --START--
INFO: Run Behavior\ShowPageTraceBehavior [ RunTime:0.002000s ]
INFO: [ app_end ] --END-- [ RunTime:0.002000s ]

[ 2017-12-08T13:50:12+08:00 ] 127.0.0.1 /shejuyi/index.php/Home/Community/index
INFO: [ app_init ] --START--
INFO: Run Behavior\BuildLiteBehavior [ RunTime:0.000000s ]
INFO: [ app_init ] --END-- [ RunTime:0.001000s ]
INFO: [ app_begin ] --START--
INFO: Run Behavior\ReadHtmlCacheBehavior [ RunTime:0.001000s ]
INFO: [ app_begin ] --END-- [ RunTime:0.001000s ]
SQL: SHOW COLUMNS FROM `sjy_community_user_info` [ RunTime:0.1390s ]
SQL: SELECT `sjy_community_user_community_code` FROM `sjy_community_user_info` WHERE `sjy_id` = 30 LIMIT 1   [ RunTime:0.1810s ]
SQL: SHOW COLUMNS FROM `sjy_cities` [ RunTime:0.0960s ]
SQL: SELECT * FROM `sjy_cities` WHERE `cityid` = '110000' LIMIT 1   [ RunTime:0.1500s ]
NOTIC: [8] Undefined variable: islogin C:\wamp64\www\shejuyi\Application\Home\Controller\BaseController.class.php 第 88 行.
NOTIC: [8] Undefined variable: user_image C:\wamp64\www\shejuyi\Application\Home\Controller\BaseController.class.php 第 92 行.
INFO: [ view_parse ] --START--
INFO: [ template_filter ] --START--
INFO: Run Behavior\ContentReplaceBehavior [ RunTime:0.000000s ]
INFO: [ template_filter ] --END-- [ RunTime:0.001000s ]
NOTIC: [8] Undefined variable: type C:\wamp64\www\shejuyi\Application\Runtime\Cache\Home\a694fdae0bac13e1b11b112467ce4577.php 第 215 行.
NOTIC: [8] Undefined variable: info C:\wamp64\www\shejuyi\Application\Runtime\Cache\Home\a694fdae0bac13e1b11b112467ce4577.php 第 230 行.
NOTIC: [8] Undefined variable: ishascommunity C:\wamp64\www\shejuyi\Application\Runtime\Cache\Home\a694fdae0bac13e1b11b112467ce4577.php 第 380 行.
NOTIC: [8] Undefined variable: hassendop C:\wamp64\www\shejuyi\Application\Runtime\Cache\Home\a694fdae0bac13e1b11b112467ce4577.php 第 448 行.
INFO: Run Behavior\ParseTemplateBehavior [ RunTime:0.020000s ]
INFO: [ view_parse ] --END-- [ RunTime:0.021000s ]
INFO: [ view_filter ] --START--
INFO: Run Behavior\WriteHtmlCacheBehavior [ RunTime:0.001000s ]
INFO: [ view_filter ] --END-- [ RunTime:0.001000s ]
INFO: [ app_end ] --START--
INFO: Run Behavior\ShowPageTraceBehavior [ RunTime:0.002000s ]
INFO: [ app_end ] --END-- [ RunTime:0.003000s ]

[ 2017-12-08T13:50:15+08:00 ] 127.0.0.1 /shejuyi/index.php/Home/Community/getprojectlist?page=1
INFO: [ app_init ] --START--
INFO: Run Behavior\BuildLiteBehavior [ RunTime:0.000000s ]
INFO: [ app_init ] --END-- [ RunTime:0.001000s ]
INFO: [ app_begin ] --START--
INFO: Run Behavior\ReadHtmlCacheBehavior [ RunTime:0.001000s ]
INFO: [ app_begin ] --END-- [ RunTime:0.002000s ]
SQL: SHOW COLUMNS FROM `sjy_community_user_info` [ RunTime:0.0870s ]
SQL: SELECT `sjy_community_user_community_code` FROM `sjy_community_user_info` WHERE `sjy_id` = 30 LIMIT 1   [ RunTime:0.1190s ]
SQL: SHOW COLUMNS FROM `sjy_cities` [ RunTime:0.1600s ]
SQL: SELECT * FROM `sjy_cities` WHERE `cityid` = '110000' LIMIT 1   [ RunTime:0.0980s ]
NOTIC: [8] Undefined variable: islogin C:\wamp64\www\shejuyi\Application\Home\Controller\BaseController.class.php 第 88 行.
NOTIC: [8] Undefined variable: user_image C:\wamp64\www\shejuyi\Application\Home\Controller\BaseController.class.php 第 92 行.
SQL: SHOW COLUMNS FROM `sjy_origanization_position_info` [ RunTime:0.1570s ]
SQL: SELECT `sjy_origanization_id` FROM `sjy_origanization_position_info` WHERE `sjy_origanization_city` = '110000'  [ RunTime:0.0920s ]
SQL: SHOW COLUMNS FROM `sjy_origanization_base_info` [ RunTime:0.1030s ]
SQL: SELECT * FROM `sjy_origanization_base_info` LIMIT 0,10   [ RunTime:0.1410s ]
SQL: SELECT * FROM `sjy_origanization_position_info` WHERE `sjy_origanization_id` = '13' LIMIT 1   [ RunTime:0.0840s ]
SQL: SELECT * FROM `sjy_origanization_position_info` WHERE `sjy_origanization_id` = '14' LIMIT 1   [ RunTime:0.1350s ]
SQL: SELECT * FROM `sjy_origanization_position_info` WHERE `sjy_origanization_id` = '15' LIMIT 1   [ RunTime:0.0850s ]
SQL: SELECT COUNT(*) AS tp_count FROM `sjy_origanization_base_info` LIMIT 1   [ RunTime:0.1090s ]

[ 2017-12-08T13:50:16+08:00 ] 127.0.0.1 /shejuyi/index.php/Home/Community/chooserole
INFO: [ app_init ] --START--
INFO: Run Behavior\BuildLiteBehavior [ RunTime:0.000000s ]
INFO: [ app_init ] --END-- [ RunTime:0.001000s ]
INFO: [ app_begin ] --START--
INFO: Run Behavior\ReadHtmlCacheBehavior [ RunTime:0.002000s ]
INFO: [ app_begin ] --END-- [ RunTime:0.002000s ]
SQL: SHOW COLUMNS FROM `sjy_community_user_info` [ RunTime:0.0970s ]
SQL: SELECT `sjy_community_user_community_code` FROM `sjy_community_user_info` WHERE `sjy_id` = 30 LIMIT 1   [ RunTime:0.1370s ]
SQL: SHOW COLUMNS FROM `sjy_cities` [ RunTime:0.0870s ]
SQL: SELECT * FROM `sjy_cities` WHERE `cityid` = '110000' LIMIT 1   [ RunTime:0.1060s ]
NOTIC: [8] Undefined variable: islogin C:\wamp64\www\shejuyi\Application\Home\Controller\BaseController.class.php 第 88 行.
NOTIC: [8] Undefined variable: user_image C:\wamp64\www\shejuyi\Application\Home\Controller\BaseController.class.php 第 92 行.
INFO: [ view_parse ] --START--
INFO: [ template_filter ] --START--
INFO: Run Behavior\ContentReplaceBehavior [ RunTime:0.000000s ]
INFO: [ template_filter ] --END-- [ RunTime:0.000000s ]
INFO: Run Behavior\ParseTemplateBehavior [ RunTime:0.012001s ]
INFO: [ view_parse ] --END-- [ RunTime:0.012001s ]
INFO: [ view_filter ] --START--
INFO: Run Behavior\WriteHtmlCacheBehavior [ RunTime:0.001000s ]
INFO: [ view_filter ] --END-- [ RunTime:0.001000s ]
INFO: [ app_end ] --START--
INFO: Run Behavior\ShowPageTraceBehavior [ RunTime:0.001000s ]
INFO: [ app_end ] --END-- [ RunTime:0.001000s ]

[ 2017-12-08T14:02:12+08:00 ] 127.0.0.1 /shejuyi/index.php/Home/Login/doregister
INFO: [ app_init ] --START--
INFO: Run Behavior\BuildLiteBehavior [ RunTime:0.000000s ]
INFO: [ app_init ] --END-- [ RunTime:0.001000s ]
INFO: [ app_begin ] --START--
INFO: Run Behavior\ReadHtmlCacheBehavior [ RunTime:0.002000s ]
INFO: [ app_begin ] --END-- [ RunTime:0.002000s ]
SQL: SHOW COLUMNS FROM `sjy_origanization_user_info` [ RunTime:0.1340s ]
SQL: SELECT * FROM `sjy_origanization_user_info` WHERE `sjy_origanization_login_id` = '13966731915' LIMIT 1   [ RunTime:0.0480s ]
SQL: INSERT INTO `sjy_origanization_user_info` (`sjy_origanization_login_id`,`password`,`sjy_origanization_user_image`,`sjy_origanization_user_register_time`) VALUES ('13966731915','e10adc3949ba59abbe56e057f20f883e','/Uploads/touxiang/moren.png','2017-12-08 14:02:12') [ RunTime:0.2090s ]
SQL: SELECT * FROM `sjy_origanization_user_info` WHERE `sjy_origanization_login_id` = '13966731915' LIMIT 1   [ RunTime:0.1090s ]

[ 2017-12-08T14:02:12+08:00 ] 127.0.0.1 /shejuyi/index.php/Home/Origanization/index
INFO: [ app_init ] --START--
INFO: Run Behavior\BuildLiteBehavior [ RunTime:0.000000s ]
INFO: [ app_init ] --END-- [ RunTime:0.001000s ]
INFO: [ app_begin ] --START--
INFO: Run Behavior\ReadHtmlCacheBehavior [ RunTime:0.001000s ]
INFO: [ app_begin ] --END-- [ RunTime:0.001000s ]
ERR: syntax error, unexpected '=>' (T_DOUBLE_ARROW)

[ 2017-12-08T14:02:34+08:00 ] 127.0.0.1 /shejuyi/index.php/Home/Origanization/index
INFO: [ app_init ] --START--
INFO: Run Behavior\BuildLiteBehavior [ RunTime:0.000000s ]
INFO: [ app_init ] --END-- [ RunTime:0.001000s ]
INFO: [ app_begin ] --START--
INFO: Run Behavior\ReadHtmlCacheBehavior [ RunTime:0.002000s ]
INFO: [ app_begin ] --END-- [ RunTime:0.002000s ]
ERR: syntax error, unexpected '=>' (T_DOUBLE_ARROW)

[ 2017-12-08T14:02:43+08:00 ] 127.0.0.1 /shejuyi/index.php/Home/Origanization/index
INFO: [ app_init ] --START--
INFO: Run Behavior\BuildLiteBehavior [ RunTime:0.000000s ]
INFO: [ app_init ] --END-- [ RunTime:0.001000s ]
INFO: [ app_begin ] --START--
INFO: Run Behavior\ReadHtmlCacheBehavior [ RunTime:0.001000s ]
INFO: [ app_begin ] --END-- [ RunTime:0.001000s ]
SQL: SHOW COLUMNS FROM `sjy_cities` [ RunTime:0.1610s ]
SQL: SELECT * FROM `sjy_cities` WHERE `cityid` = '110000' LIMIT 1   [ RunTime:0.0790s ]
NOTIC: [8] Undefined variable: islogin C:\wamp64\www\shejuyi\Application\Home\Controller\BaseController.class.php 第 88 行.
NOTIC: [8] Undefined variable: user_image C:\wamp64\www\shejuyi\Application\Home\Controller\BaseController.class.php 第 92 行.
INFO: [ view_parse ] --START--
INFO: [ template_filter ] --START--
INFO: Run Behavior\ContentReplaceBehavior [ RunTime:0.000000s ]
INFO: [ template_filter ] --END-- [ RunTime:0.000000s ]
NOTIC: [8] Undefined variable: info C:\wamp64\www\shejuyi\Application\Runtime\Cache\Home\902041a5b34c13ce8e049e37450c1bab.php 第 214 行.
NOTIC: [8] Undefined variable: hassendop C:\wamp64\www\shejuyi\Application\Runtime\Cache\Home\902041a5b34c13ce8e049e37450c1bab.php 第 421 行.
INFO: Run Behavior\ParseTemplateBehavior [ RunTime:0.021000s ]
INFO: [ view_parse ] --END-- [ RunTime:0.021000s ]
INFO: [ view_filter ] --START--
INFO: Run Behavior\WriteHtmlCacheBehavior [ RunTime:0.001000s ]
INFO: [ view_filter ] --END-- [ RunTime:0.002000s ]
INFO: [ app_end ] --START--
INFO: Run Behavior\ShowPageTraceBehavior [ RunTime:0.002000s ]
INFO: [ app_end ] --END-- [ RunTime:0.002000s ]

[ 2017-12-08T14:02:47+08:00 ] 127.0.0.1 /shejuyi/index.php/Home/Origanization/getprojectlist?page=1
INFO: [ app_init ] --START--
INFO: Run Behavior\BuildLiteBehavior [ RunTime:0.000000s ]
INFO: [ app_init ] --END-- [ RunTime:0.001000s ]
INFO: [ app_begin ] --START--
INFO: Run Behavior\ReadHtmlCacheBehavior [ RunTime:0.001000s ]
INFO: [ app_begin ] --END-- [ RunTime:0.001000s ]
SQL: SHOW COLUMNS FROM `sjy_cities` [ RunTime:0.1020s ]
SQL: SELECT * FROM `sjy_cities` WHERE `cityid` = '110000' LIMIT 1   [ RunTime:0.1610s ]
NOTIC: [8] Undefined variable: islogin C:\wamp64\www\shejuyi\Application\Home\Controller\BaseController.class.php 第 88 行.
NOTIC: [8] Undefined variable: user_image C:\wamp64\www\shejuyi\Application\Home\Controller\BaseController.class.php 第 92 行.
SQL: SHOW COLUMNS FROM `sjy_community_base_info` [ RunTime:0.1510s ]
SQL: SELECT * FROM `sjy_community_base_info` LIMIT 0,10   [ RunTime:0.0730s ]
NOTIC: [8] Undefined index: sjy_community_id C:\wamp64\www\shejuyi\Application\Home\Controller\OriganizationController.class.php 第 25 行.
SQL: SELECT * FROM `sjy_community_base_info` WHERE `sjy_id` = null LIMIT 1   [ RunTime:0.1230s ]
SQL: SHOW COLUMNS FROM `sjy_community_position_info` [ RunTime:0.0820s ]
NOTIC: [8] Undefined index: sjy_community_id C:\wamp64\www\shejuyi\Application\Home\Controller\OriganizationController.class.php 第 26 行.
SQL: SELECT * FROM `sjy_community_position_info` WHERE `sjy_community_id` = null LIMIT 1   [ RunTime:0.1040s ]
SQL: SHOW COLUMNS FROM `sjy_community_project_image` [ RunTime:0.0840s ]
SQL: SELECT `sjy_community_project_image` FROM `sjy_community_project_image` WHERE `sjy_community_project_id` = 11 AND `main` = 1 LIMIT 1   [ RunTime:0.1280s ]
NOTIC: [8] Undefined index: sjy_community_id C:\wamp64\www\shejuyi\Application\Home\Controller\OriganizationController.class.php 第 25 行.
SQL: SELECT * FROM `sjy_community_base_info` WHERE `sjy_id` = null LIMIT 1   [ RunTime:0.0720s ]
NOTIC: [8] Undefined index: sjy_community_id C:\wamp64\www\shejuyi\Application\Home\Controller\OriganizationController.class.php 第 26 行.
SQL: SELECT * FROM `sjy_community_position_info` WHERE `sjy_community_id` = null LIMIT 1   [ RunTime:0.1180s ]
SQL: SELECT `sjy_community_project_image` FROM `sjy_community_project_image` WHERE `sjy_community_project_id` = 12 AND `main` = 1 LIMIT 1   [ RunTime:0.1690s ]
NOTIC: [8] Undefined index: sjy_community_id C:\wamp64\www\shejuyi\Application\Home\Controller\OriganizationController.class.php 第 25 行.
SQL: SELECT * FROM `sjy_community_base_info` WHERE `sjy_id` = null LIMIT 1   [ RunTime:0.0930s ]
NOTIC: [8] Undefined index: sjy_community_id C:\wamp64\www\shejuyi\Application\Home\Controller\OriganizationController.class.php 第 26 行.
SQL: SELECT * FROM `sjy_community_position_info` WHERE `sjy_community_id` = null LIMIT 1   [ RunTime:0.1310s ]
SQL: SELECT `sjy_community_project_image` FROM `sjy_community_project_image` WHERE `sjy_community_project_id` = 13 AND `main` = 1 LIMIT 1   [ RunTime:0.0900s ]
SQL: SELECT COUNT(*) AS tp_count FROM `sjy_community_base_info` LIMIT 1   [ RunTime:0.3620s ]

[ 2017-12-08T14:02:48+08:00 ] 127.0.0.1 /shejuyi/index.php/Home/Origanization/chooserole
INFO: [ app_init ] --START--
INFO: Run Behavior\BuildLiteBehavior [ RunTime:0.000000s ]
INFO: [ app_init ] --END-- [ RunTime:0.002000s ]
INFO: [ app_begin ] --START--
INFO: Run Behavior\ReadHtmlCacheBehavior [ RunTime:0.002000s ]
INFO: [ app_begin ] --END-- [ RunTime:0.002000s ]
SQL: SHOW COLUMNS FROM `sjy_cities` [ RunTime:0.0780s ]
SQL: SELECT * FROM `sjy_cities` WHERE `cityid` = '110000' LIMIT 1   [ RunTime:0.1140s ]
NOTIC: [8] Undefined variable: islogin C:\wamp64\www\shejuyi\Application\Home\Controller\BaseController.class.php 第 88 行.
NOTIC: [8] Undefined variable: user_image C:\wamp64\www\shejuyi\Application\Home\Controller\BaseController.class.php 第 92 行.
INFO: [ view_parse ] --START--
INFO: [ template_filter ] --START--
INFO: Run Behavior\ContentReplaceBehavior [ RunTime:0.000000s ]
INFO: [ template_filter ] --END-- [ RunTime:0.000000s ]
INFO: Run Behavior\ParseTemplateBehavior [ RunTime:0.012000s ]
INFO: [ view_parse ] --END-- [ RunTime:0.012000s ]
INFO: [ view_filter ] --START--
INFO: Run Behavior\WriteHtmlCacheBehavior [ RunTime:0.001000s ]
INFO: [ view_filter ] --END-- [ RunTime:0.001000s ]
INFO: [ app_end ] --START--
INFO: Run Behavior\ShowPageTraceBehavior [ RunTime:0.002000s ]
INFO: [ app_end ] --END-- [ RunTime:0.002000s ]

[ 2017-12-08T14:03:50+08:00 ] 127.0.0.1 /shejuyi/index.php/Home/Origanization/index
INFO: [ app_init ] --START--
INFO: Run Behavior\BuildLiteBehavior [ RunTime:0.000000s ]
INFO: [ app_init ] --END-- [ RunTime:0.001000s ]
INFO: [ app_begin ] --START--
INFO: Run Behavior\ReadHtmlCacheBehavior [ RunTime:0.002000s ]
INFO: [ app_begin ] --END-- [ RunTime:0.004000s ]
SQL: SHOW COLUMNS FROM `sjy_cities` [ RunTime:0.1190s ]
SQL: SELECT * FROM `sjy_cities` WHERE `cityid` = '110000' LIMIT 1   [ RunTime:0.0860s ]
NOTIC: [8] Undefined variable: islogin C:\wamp64\www\shejuyi\Application\Home\Controller\BaseController.class.php 第 88 行.
NOTIC: [8] Undefined variable: user_image C:\wamp64\www\shejuyi\Application\Home\Controller\BaseController.class.php 第 92 行.
INFO: [ view_parse ] --START--
INFO: [ template_filter ] --START--
INFO: Run Behavior\ContentReplaceBehavior [ RunTime:0.000000s ]
INFO: [ template_filter ] --END-- [ RunTime:0.000000s ]
NOTIC: [8] Undefined variable: info C:\wamp64\www\shejuyi\Application\Runtime\Cache\Home\902041a5b34c13ce8e049e37450c1bab.php 第 214 行.
NOTIC: [8] Undefined variable: hassendop C:\wamp64\www\shejuyi\Application\Runtime\Cache\Home\902041a5b34c13ce8e049e37450c1bab.php 第 421 行.
INFO: Run Behavior\ParseTemplateBehavior [ RunTime:0.019000s ]
INFO: [ view_parse ] --END-- [ RunTime:0.019000s ]
INFO: [ view_filter ] --START--
INFO: Run Behavior\WriteHtmlCacheBehavior [ RunTime:0.001000s ]
INFO: [ view_filter ] --END-- [ RunTime:0.001000s ]
INFO: [ app_end ] --START--
INFO: Run Behavior\ShowPageTraceBehavior [ RunTime:0.002000s ]
INFO: [ app_end ] --END-- [ RunTime:0.002000s ]

[ 2017-12-08T14:03:54+08:00 ] 127.0.0.1 /shejuyi/index.php/Home/Origanization/getprojectlist?page=1
INFO: [ app_init ] --START--
INFO: Run Behavior\BuildLiteBehavior [ RunTime:0.000000s ]
INFO: [ app_init ] --END-- [ RunTime:0.001000s ]
INFO: [ app_begin ] --START--
INFO: Run Behavior\ReadHtmlCacheBehavior [ RunTime:0.001000s ]
INFO: [ app_begin ] --END-- [ RunTime:0.002000s ]
SQL: SHOW COLUMNS FROM `sjy_cities` [ RunTime:0.1060s ]
SQL: SELECT * FROM `sjy_cities` WHERE `cityid` = '110000' LIMIT 1   [ RunTime:0.0910s ]
NOTIC: [8] Undefined variable: islogin C:\wamp64\www\shejuyi\Application\Home\Controller\BaseController.class.php 第 88 行.
NOTIC: [8] Undefined variable: user_image C:\wamp64\www\shejuyi\Application\Home\Controller\BaseController.class.php 第 92 行.
SQL: SHOW COLUMNS FROM `sjy_community_base_info` [ RunTime:0.0980s ]
SQL: SELECT * FROM `sjy_community_base_info` LIMIT 0,10   [ RunTime:0.1660s ]
NOTIC: [8] Undefined index: sjy_community_id C:\wamp64\www\shejuyi\Application\Home\Controller\OriganizationController.class.php 第 25 行.
SQL: SELECT * FROM `sjy_community_base_info` WHERE `sjy_id` = null LIMIT 1   [ RunTime:0.1570s ]
SQL: SHOW COLUMNS FROM `sjy_community_position_info` [ RunTime:0.0990s ]
NOTIC: [8] Undefined index: sjy_community_id C:\wamp64\www\shejuyi\Application\Home\Controller\OriganizationController.class.php 第 26 行.
SQL: SELECT * FROM `sjy_community_position_info` WHERE `sjy_community_id` = null LIMIT 1   [ RunTime:0.0930s ]
SQL: SHOW COLUMNS FROM `sjy_community_project_image` [ RunTime:0.1090s ]
SQL: SELECT `sjy_community_project_image` FROM `sjy_community_project_image` WHERE `sjy_community_project_id` = 11 AND `main` = 1 LIMIT 1   [ RunTime:0.1600s ]
NOTIC: [8] Undefined index: sjy_community_id C:\wamp64\www\shejuyi\Application\Home\Controller\OriganizationController.class.php 第 25 行.
SQL: SELECT * FROM `sjy_community_base_info` WHERE `sjy_id` = null LIMIT 1   [ RunTime:0.1340s ]
NOTIC: [8] Undefined index: sjy_community_id C:\wamp64\www\shejuyi\Application\Home\Controller\OriganizationController.class.php 第 26 行.
SQL: SELECT * FROM `sjy_community_position_info` WHERE `sjy_community_id` = null LIMIT 1   [ RunTime:0.0860s ]
SQL: SELECT `sjy_community_project_image` FROM `sjy_community_project_image` WHERE `sjy_community_project_id` = 12 AND `main` = 1 LIMIT 1   [ RunTime:0.1020s ]
NOTIC: [8] Undefined index: sjy_community_id C:\wamp64\www\shejuyi\Application\Home\Controller\OriganizationController.class.php 第 25 行.
SQL: SELECT * FROM `sjy_community_base_info` WHERE `sjy_id` = null LIMIT 1   [ RunTime:0.1630s ]
NOTIC: [8] Undefined index: sjy_community_id C:\wamp64\www\shejuyi\Application\Home\Controller\OriganizationController.class.php 第 26 行.
SQL: SELECT * FROM `sjy_community_position_info` WHERE `sjy_community_id` = null LIMIT 1   [ RunTime:0.0800s ]
SQL: SELECT `sjy_community_project_image` FROM `sjy_community_project_image` WHERE `sjy_community_project_id` = 13 AND `main` = 1 LIMIT 1   [ RunTime:0.1300s ]
SQL: SELECT COUNT(*) AS tp_count FROM `sjy_community_base_info` LIMIT 1   [ RunTime:0.0770s ]

[ 2017-12-08T14:03:55+08:00 ] 127.0.0.1 /shejuyi/index.php/Home/Origanization/chooserole
INFO: [ app_init ] --START--
INFO: Run Behavior\BuildLiteBehavior [ RunTime:0.000000s ]
INFO: [ app_init ] --END-- [ RunTime:0.001000s ]
INFO: [ app_begin ] --START--
INFO: Run Behavior\ReadHtmlCacheBehavior [ RunTime:0.001000s ]
INFO: [ app_begin ] --END-- [ RunTime:0.001000s ]
SQL: SHOW COLUMNS FROM `sjy_cities` [ RunTime:0.1330s ]
SQL: SELECT * FROM `sjy_cities` WHERE `cityid` = '110000' LIMIT 1   [ RunTime:0.0980s ]
NOTIC: [8] Undefined variable: islogin C:\wamp64\www\shejuyi\Application\Home\Controller\BaseController.class.php 第 88 行.
NOTIC: [8] Undefined variable: user_image C:\wamp64\www\shejuyi\Application\Home\Controller\BaseController.class.php 第 92 行.
INFO: [ view_parse ] --START--
INFO: [ template_filter ] --START--
INFO: Run Behavior\ContentReplaceBehavior [ RunTime:0.000000s ]
INFO: [ template_filter ] --END-- [ RunTime:0.000000s ]
INFO: Run Behavior\ParseTemplateBehavior [ RunTime:0.012000s ]
INFO: [ view_parse ] --END-- [ RunTime:0.012000s ]
INFO: [ view_filter ] --START--
INFO: Run Behavior\WriteHtmlCacheBehavior [ RunTime:0.001000s ]
INFO: [ view_filter ] --END-- [ RunTime:0.001000s ]
INFO: [ app_end ] --START--
INFO: Run Behavior\ShowPageTraceBehavior [ RunTime:0.002000s ]
INFO: [ app_end ] --END-- [ RunTime:0.002000s ]

[ 2017-12-08T14:04:37+08:00 ] 127.0.0.1 /shejuyi/index.php/Home/Origanization/index
INFO: [ app_init ] --START--
INFO: Run Behavior\BuildLiteBehavior [ RunTime:0.000000s ]
INFO: [ app_init ] --END-- [ RunTime:0.001000s ]
INFO: [ app_begin ] --START--
INFO: Run Behavior\ReadHtmlCacheBehavior [ RunTime:0.002000s ]
INFO: [ app_begin ] --END-- [ RunTime:0.002000s ]
SQL: SHOW COLUMNS FROM `sjy_cities` [ RunTime:0.1710s ]
SQL: SELECT * FROM `sjy_cities` WHERE `cityid` = '110000' LIMIT 1   [ RunTime:0.0840s ]
NOTIC: [8] Undefined variable: islogin C:\wamp64\www\shejuyi\Application\Home\Controller\BaseController.class.php 第 88 行.
NOTIC: [8] Undefined variable: user_image C:\wamp64\www\shejuyi\Application\Home\Controller\BaseController.class.php 第 92 行.
INFO: [ view_parse ] --START--
INFO: [ template_filter ] --START--
INFO: Run Behavior\ContentReplaceBehavior [ RunTime:0.000000s ]
INFO: [ template_filter ] --END-- [ RunTime:0.000000s ]
NOTIC: [8] Undefined variable: info C:\wamp64\www\shejuyi\Application\Runtime\Cache\Home\902041a5b34c13ce8e049e37450c1bab.php 第 214 行.
NOTIC: [8] Undefined variable: hassendop C:\wamp64\www\shejuyi\Application\Runtime\Cache\Home\902041a5b34c13ce8e049e37450c1bab.php 第 421 行.
INFO: Run Behavior\ParseTemplateBehavior [ RunTime:0.020000s ]
INFO: [ view_parse ] --END-- [ RunTime:0.021000s ]
INFO: [ view_filter ] --START--
INFO: Run Behavior\WriteHtmlCacheBehavior [ RunTime:0.001000s ]
INFO: [ view_filter ] --END-- [ RunTime:0.001000s ]
INFO: [ app_end ] --START--
INFO: Run Behavior\ShowPageTraceBehavior [ RunTime:0.001000s ]
INFO: [ app_end ] --END-- [ RunTime:0.001000s ]

[ 2017-12-08T14:04:40+08:00 ] 127.0.0.1 /shejuyi/index.php/Home/Origanization/getprojectlist?page=1
INFO: [ app_init ] --START--
INFO: Run Behavior\BuildLiteBehavior [ RunTime:0.000000s ]
INFO: [ app_init ] --END-- [ RunTime:0.001000s ]
INFO: [ app_begin ] --START--
INFO: Run Behavior\ReadHtmlCacheBehavior [ RunTime:0.001000s ]
INFO: [ app_begin ] --END-- [ RunTime:0.001000s ]
SQL: SHOW COLUMNS FROM `sjy_cities` [ RunTime:0.1190s ]
SQL: SELECT * FROM `sjy_cities` WHERE `cityid` = '110000' LIMIT 1   [ RunTime:0.0900s ]
NOTIC: [8] Undefined variable: islogin C:\wamp64\www\shejuyi\Application\Home\Controller\BaseController.class.php 第 88 行.
NOTIC: [8] Undefined variable: user_image C:\wamp64\www\shejuyi\Application\Home\Controller\BaseController.class.php 第 92 行.
SQL: SHOW COLUMNS FROM `sjy_community_project_info` [ RunTime:0.1080s ]
SQL: SELECT * FROM `sjy_community_project_info` WHERE `cityid` = 110000 LIMIT 0,10   [ RunTime:0.0920s ]
SQL: SHOW COLUMNS FROM `sjy_community_base_info` [ RunTime:0.1270s ]
SQL: SELECT * FROM `sjy_community_base_info` WHERE `sjy_id` = 12 LIMIT 1   [ RunTime:0.0660s ]
SQL: SHOW COLUMNS FROM `sjy_community_position_info` [ RunTime:0.1290s ]
SQL: SELECT * FROM `sjy_community_position_info` WHERE `sjy_community_id` = '12' LIMIT 1   [ RunTime:0.0860s ]
SQL: SHOW COLUMNS FROM `sjy_community_project_image` [ RunTime:0.0970s ]
SQL: SELECT `sjy_community_project_image` FROM `sjy_community_project_image` WHERE `sjy_community_project_id` = 31 AND `main` = 1 LIMIT 1   [ RunTime:0.0900s ]
SQL: SELECT COUNT(*) AS tp_count FROM `sjy_community_base_info` LIMIT 1   [ RunTime:0.1310s ]

[ 2017-12-08T14:04:41+08:00 ] 127.0.0.1 /shejuyi/index.php/Home/Origanization/chooserole
INFO: [ app_init ] --START--
INFO: Run Behavior\BuildLiteBehavior [ RunTime:0.000000s ]
INFO: [ app_init ] --END-- [ RunTime:0.002000s ]
INFO: [ app_begin ] --START--
INFO: Run Behavior\ReadHtmlCacheBehavior [ RunTime:0.002000s ]
INFO: [ app_begin ] --END-- [ RunTime:0.003000s ]
SQL: SHOW COLUMNS FROM `sjy_cities` [ RunTime:0.1780s ]
SQL: SELECT * FROM `sjy_cities` WHERE `cityid` = '110000' LIMIT 1   [ RunTime:0.1470s ]
NOTIC: [8] Undefined variable: islogin C:\wamp64\www\shejuyi\Application\Home\Controller\BaseController.class.php 第 88 行.
NOTIC: [8] Undefined variable: user_image C:\wamp64\www\shejuyi\Application\Home\Controller\BaseController.class.php 第 92 行.
INFO: [ view_parse ] --START--
INFO: [ template_filter ] --START--
INFO: Run Behavior\ContentReplaceBehavior [ RunTime:0.000000s ]
INFO: [ template_filter ] --END-- [ RunTime:0.000000s ]
INFO: Run Behavior\ParseTemplateBehavior [ RunTime:0.012000s ]
INFO: [ view_parse ] --END-- [ RunTime:0.012000s ]
INFO: [ view_filter ] --START--
INFO: Run Behavior\WriteHtmlCacheBehavior [ RunTime:0.000000s ]
INFO: [ view_filter ] --END-- [ RunTime:0.002000s ]
INFO: [ app_end ] --START--
INFO: Run Behavior\ShowPageTraceBehavior [ RunTime:0.001000s ]
INFO: [ app_end ] --END-- [ RunTime:0.001000s ]

[ 2017-12-08T14:06:41+08:00 ] 127.0.0.1 /shejuyi/index.php/Home/Origanization/index
INFO: [ app_init ] --START--
INFO: Run Behavior\BuildLiteBehavior [ RunTime:0.000000s ]
INFO: [ app_init ] --END-- [ RunTime:0.001000s ]
INFO: [ app_begin ] --START--
INFO: Run Behavior\ReadHtmlCacheBehavior [ RunTime:0.001000s ]
INFO: [ app_begin ] --END-- [ RunTime:0.002000s ]
SQL: SHOW COLUMNS FROM `sjy_cities` [ RunTime:0.1140s ]
SQL: SELECT * FROM `sjy_cities` WHERE `cityid` = '110000' LIMIT 1   [ RunTime:0.0740s ]
NOTIC: [8] Undefined variable: islogin C:\wamp64\www\shejuyi\Application\Home\Controller\BaseController.class.php 第 88 行.
NOTIC: [8] Undefined variable: user_image C:\wamp64\www\shejuyi\Application\Home\Controller\BaseController.class.php 第 92 行.
INFO: [ view_parse ] --START--
INFO: [ template_filter ] --START--
INFO: Run Behavior\ContentReplaceBehavior [ RunTime:0.000000s ]
INFO: [ template_filter ] --END-- [ RunTime:0.001000s ]
NOTIC: [8] Undefined variable: info C:\wamp64\www\shejuyi\Application\Runtime\Cache\Home\902041a5b34c13ce8e049e37450c1bab.php 第 214 行.
NOTIC: [8] Undefined variable: hassendop C:\wamp64\www\shejuyi\Application\Runtime\Cache\Home\902041a5b34c13ce8e049e37450c1bab.php 第 421 行.
INFO: Run Behavior\ParseTemplateBehavior [ RunTime:0.021000s ]
INFO: [ view_parse ] --END-- [ RunTime:0.021000s ]
INFO: [ view_filter ] --START--
INFO: Run Behavior\WriteHtmlCacheBehavior [ RunTime:0.001000s ]
INFO: [ view_filter ] --END-- [ RunTime:0.001000s ]
INFO: [ app_end ] --START--
INFO: Run Behavior\ShowPageTraceBehavior [ RunTime:0.002000s ]
INFO: [ app_end ] --END-- [ RunTime:0.002000s ]

[ 2017-12-08T14:06:44+08:00 ] 127.0.0.1 /shejuyi/index.php/Home/Origanization/getprojectlist?page=1
INFO: [ app_init ] --START--
INFO: Run Behavior\BuildLiteBehavior [ RunTime:0.000000s ]
INFO: [ app_init ] --END-- [ RunTime:0.000000s ]
INFO: [ app_begin ] --START--
INFO: Run Behavior\ReadHtmlCacheBehavior [ RunTime:0.002000s ]
INFO: [ app_begin ] --END-- [ RunTime:0.002000s ]
SQL: SHOW COLUMNS FROM `sjy_cities` [ RunTime:0.1060s ]
SQL: SELECT * FROM `sjy_cities` WHERE `cityid` = '110000' LIMIT 1   [ RunTime:0.0920s ]
NOTIC: [8] Undefined variable: islogin C:\wamp64\www\shejuyi\Application\Home\Controller\BaseController.class.php 第 88 行.
NOTIC: [8] Undefined variable: user_image C:\wamp64\www\shejuyi\Application\Home\Controller\BaseController.class.php 第 92 行.
SQL: SHOW COLUMNS FROM `sjy_community_project_info` [ RunTime:0.1270s ]
SQL: SELECT * FROM `sjy_community_project_info` WHERE `cityid` = 110000 LIMIT 0,10   [ RunTime:0.1010s ]
SQL: SHOW COLUMNS FROM `sjy_community_base_info` [ RunTime:0.0860s ]
SQL: SELECT * FROM `sjy_community_base_info` WHERE `sjy_id` = 12 LIMIT 1   [ RunTime:0.1090s ]
SQL: SHOW COLUMNS FROM `sjy_community_position_info` [ RunTime:0.0950s ]
SQL: SELECT * FROM `sjy_community_position_info` WHERE `sjy_community_id` = '12' LIMIT 1   [ RunTime:0.1560s ]
SQL: SHOW COLUMNS FROM `sjy_community_project_image` [ RunTime:0.0840s ]
SQL: SELECT `sjy_community_project_image` FROM `sjy_community_project_image` WHERE `sjy_community_project_id` = 31 AND `main` = 1 LIMIT 1   [ RunTime:0.1060s ]
SQL: SELECT COUNT(*) AS tp_count FROM `sjy_community_project_info` WHERE `cityid` = 110000 LIMIT 1   [ RunTime:0.0860s ]

[ 2017-12-08T14:06:45+08:00 ] 127.0.0.1 /shejuyi/index.php/Home/Origanization/chooserole
INFO: [ app_init ] --START--
INFO: Run Behavior\BuildLiteBehavior [ RunTime:0.000000s ]
INFO: [ app_init ] --END-- [ RunTime:0.001000s ]
INFO: [ app_begin ] --START--
INFO: Run Behavior\ReadHtmlCacheBehavior [ RunTime:0.003000s ]
INFO: [ app_begin ] --END-- [ RunTime:0.003000s ]
SQL: SHOW COLUMNS FROM `sjy_cities` [ RunTime:0.0790s ]
SQL: SELECT * FROM `sjy_cities` WHERE `cityid` = '110000' LIMIT 1   [ RunTime:0.1100s ]
NOTIC: [8] Undefined variable: islogin C:\wamp64\www\shejuyi\Application\Home\Controller\BaseController.class.php 第 88 行.
NOTIC: [8] Undefined variable: user_image C:\wamp64\www\shejuyi\Application\Home\Controller\BaseController.class.php 第 92 行.
INFO: [ view_parse ] --START--
INFO: [ template_filter ] --START--
INFO: Run Behavior\ContentReplaceBehavior [ RunTime:0.000000s ]
INFO: [ template_filter ] --END-- [ RunTime:0.001000s ]
INFO: Run Behavior\ParseTemplateBehavior [ RunTime:0.023000s ]
INFO: [ view_parse ] --END-- [ RunTime:0.023000s ]
INFO: [ view_filter ] --START--
INFO: Run Behavior\WriteHtmlCacheBehavior [ RunTime:0.001000s ]
INFO: [ view_filter ] --END-- [ RunTime:0.001000s ]
INFO: [ app_end ] --START--
INFO: Run Behavior\ShowPageTraceBehavior [ RunTime:0.002000s ]
INFO: [ app_end ] --END-- [ RunTime:0.002000s ]

[ 2017-12-08T15:42:41+08:00 ] 127.0.0.1 /shejuyi/index.php/Home/Origanization/index
INFO: [ app_init ] --START--
INFO: Run Behavior\BuildLiteBehavior [ RunTime:0.000000s ]
INFO: [ app_init ] --END-- [ RunTime:0.002000s ]
INFO: [ app_begin ] --START--
INFO: Run Behavior\ReadHtmlCacheBehavior [ RunTime:0.001000s ]
INFO: [ app_begin ] --END-- [ RunTime:0.003000s ]
SQL: SHOW COLUMNS FROM `sjy_cities` [ RunTime:0.0800s ]
SQL: SELECT * FROM `sjy_cities` WHERE `cityid` = '110000' LIMIT 1   [ RunTime:0.1490s ]
NOTIC: [8] Undefined variable: islogin C:\wamp64\www\shejuyi\Application\Home\Controller\BaseController.class.php 第 88 行.
NOTIC: [8] Undefined variable: user_image C:\wamp64\www\shejuyi\Application\Home\Controller\BaseController.class.php 第 92 行.
INFO: [ view_parse ] --START--
INFO: [ template_filter ] --START--
INFO: Run Behavior\ContentReplaceBehavior [ RunTime:0.000000s ]
INFO: [ template_filter ] --END-- [ RunTime:0.000000s ]
NOTIC: [8] Undefined variable: info C:\wamp64\www\shejuyi\Application\Runtime\Cache\Home\902041a5b34c13ce8e049e37450c1bab.php 第 214 行.
NOTIC: [8] Undefined variable: hassendop C:\wamp64\www\shejuyi\Application\Runtime\Cache\Home\902041a5b34c13ce8e049e37450c1bab.php 第 421 行.
INFO: Run Behavior\ParseTemplateBehavior [ RunTime:0.021000s ]
INFO: [ view_parse ] --END-- [ RunTime:0.021000s ]
INFO: [ view_filter ] --START--
INFO: Run Behavior\WriteHtmlCacheBehavior [ RunTime:0.002000s ]
INFO: [ view_filter ] --END-- [ RunTime:0.002000s ]
INFO: [ app_end ] --START--
INFO: Run Behavior\ShowPageTraceBehavior [ RunTime:0.002000s ]
INFO: [ app_end ] --END-- [ RunTime:0.002000s ]

[ 2017-12-08T15:42:44+08:00 ] 127.0.0.1 /shejuyi/index.php/Home/Origanization/getprojectlist?page=1
INFO: [ app_init ] --START--
INFO: Run Behavior\BuildLiteBehavior [ RunTime:0.000000s ]
INFO: [ app_init ] --END-- [ RunTime:0.001000s ]
INFO: [ app_begin ] --START--
INFO: Run Behavior\ReadHtmlCacheBehavior [ RunTime:0.002000s ]
INFO: [ app_begin ] --END-- [ RunTime:0.002000s ]
SQL: SHOW COLUMNS FROM `sjy_cities` [ RunTime:0.0920s ]
SQL: SELECT * FROM `sjy_cities` WHERE `cityid` = '110000' LIMIT 1   [ RunTime:0.1080s ]
NOTIC: [8] Undefined variable: islogin C:\wamp64\www\shejuyi\Application\Home\Controller\BaseController.class.php 第 88 行.
NOTIC: [8] Undefined variable: user_image C:\wamp64\www\shejuyi\Application\Home\Controller\BaseController.class.php 第 92 行.
SQL: SHOW COLUMNS FROM `sjy_community_project_info` [ RunTime:0.1450s ]
SQL: SELECT * FROM `sjy_community_project_info` WHERE `cityid` = 110000 LIMIT 0,10   [ RunTime:0.0710s ]
SQL: SHOW COLUMNS FROM `sjy_community_base_info` [ RunTime:0.0970s ]
SQL: SELECT * FROM `sjy_community_base_info` WHERE `sjy_id` = 12 LIMIT 1   [ RunTime:0.0860s ]
SQL: SHOW COLUMNS FROM `sjy_community_position_info` [ RunTime:0.1040s ]
SQL: SELECT * FROM `sjy_community_position_info` WHERE `sjy_community_id` = '12' LIMIT 1   [ RunTime:0.0890s ]
SQL: SHOW COLUMNS FROM `sjy_community_project_image` [ RunTime:0.1290s ]
SQL: SELECT `sjy_community_project_image` FROM `sjy_community_project_image` WHERE `sjy_community_project_id` = 31 AND `main` = 1 LIMIT 1   [ RunTime:0.0620s ]
SQL: SELECT COUNT(*) AS tp_count FROM `sjy_community_project_info` WHERE `cityid` = 110000 LIMIT 1   [ RunTime:0.1070s ]

[ 2017-12-08T15:42:44+08:00 ] 127.0.0.1 /shejuyi/index.php/Home/Origanization/chooserole
INFO: [ app_init ] --START--
INFO: Run Behavior\BuildLiteBehavior [ RunTime:0.000000s ]
INFO: [ app_init ] --END-- [ RunTime:0.001000s ]
INFO: [ app_begin ] --START--
INFO: Run Behavior\ReadHtmlCacheBehavior [ RunTime:0.001000s ]
INFO: [ app_begin ] --END-- [ RunTime:0.001000s ]
SQL: SHOW COLUMNS FROM `sjy_cities` [ RunTime:0.1210s ]
SQL: SELECT * FROM `sjy_cities` WHERE `cityid` = '110000' LIMIT 1   [ RunTime:0.0800s ]
NOTIC: [8] Undefined variable: islogin C:\wamp64\www\shejuyi\Application\Home\Controller\BaseController.class.php 第 88 行.
NOTIC: [8] Undefined variable: user_image C:\wamp64\www\shejuyi\Application\Home\Controller\BaseController.class.php 第 92 行.
INFO: [ view_parse ] --START--
INFO: [ template_filter ] --START--
INFO: Run Behavior\ContentReplaceBehavior [ RunTime:0.000000s ]
INFO: [ template_filter ] --END-- [ RunTime:0.000000s ]
INFO: Run Behavior\ParseTemplateBehavior [ RunTime:0.017000s ]
INFO: [ view_parse ] --END-- [ RunTime:0.017000s ]
INFO: [ view_filter ] --START--
INFO: Run Behavior\WriteHtmlCacheBehavior [ RunTime:0.002000s ]
INFO: [ view_filter ] --END-- [ RunTime:0.002000s ]
INFO: [ app_end ] --START--
INFO: Run Behavior\ShowPageTraceBehavior [ RunTime:0.002000s ]
INFO: [ app_end ] --END-- [ RunTime:0.002000s ]

[ 2017-12-08T15:57:44+08:00 ] 127.0.0.1 /shejuyi/index.php/Home/Origanization/index/
INFO: [ app_init ] --START--
INFO: Run Behavior\BuildLiteBehavior [ RunTime:0.000000s ]
INFO: [ app_init ] --END-- [ RunTime:0.001000s ]
INFO: [ app_begin ] --START--
INFO: Run Behavior\ReadHtmlCacheBehavior [ RunTime:0.007000s ]
INFO: [ app_begin ] --END-- [ RunTime:0.007000s ]
SQL: SHOW COLUMNS FROM `sjy_cities` [ RunTime:0.1200s ]
SQL: SELECT * FROM `sjy_cities` WHERE `cityid` = '110000' LIMIT 1   [ RunTime:0.0810s ]
NOTIC: [8] Undefined variable: islogin C:\wamp64\www\shejuyi\Application\Home\Controller\BaseController.class.php 第 88 行.
NOTIC: [8] Undefined variable: user_image C:\wamp64\www\shejuyi\Application\Home\Controller\BaseController.class.php 第 92 行.
INFO: [ view_parse ] --START--
INFO: [ template_filter ] --START--
INFO: Run Behavior\ContentReplaceBehavior [ RunTime:0.000000s ]
INFO: [ template_filter ] --END-- [ RunTime:0.000000s ]
NOTIC: [8] Undefined variable: info C:\wamp64\www\shejuyi\Application\Runtime\Cache\Home\902041a5b34c13ce8e049e37450c1bab.php 第 214 行.
NOTIC: [8] Undefined variable: hassendop C:\wamp64\www\shejuyi\Application\Runtime\Cache\Home\902041a5b34c13ce8e049e37450c1bab.php 第 421 行.
INFO: Run Behavior\ParseTemplateBehavior [ RunTime:0.027000s ]
INFO: [ view_parse ] --END-- [ RunTime:0.027000s ]
INFO: [ view_filter ] --START--
INFO: Run Behavior\WriteHtmlCacheBehavior [ RunTime:0.002000s ]
INFO: [ view_filter ] --END-- [ RunTime:0.002000s ]
INFO: [ app_end ] --START--
INFO: Run Behavior\ShowPageTraceBehavior [ RunTime:0.002000s ]
INFO: [ app_end ] --END-- [ RunTime:0.002000s ]

[ 2017-12-08T15:57:48+08:00 ] 127.0.0.1 /shejuyi/index.php/Home/Origanization/getprojectlist?page=1
INFO: [ app_init ] --START--
INFO: Run Behavior\BuildLiteBehavior [ RunTime:0.000000s ]
INFO: [ app_init ] --END-- [ RunTime:0.002000s ]
INFO: [ app_begin ] --START--
INFO: Run Behavior\ReadHtmlCacheBehavior [ RunTime:0.002000s ]
INFO: [ app_begin ] --END-- [ RunTime:0.002000s ]
SQL: SHOW COLUMNS FROM `sjy_cities` [ RunTime:0.1280s ]
SQL: SELECT * FROM `sjy_cities` WHERE `cityid` = '110000' LIMIT 1   [ RunTime:0.1060s ]
NOTIC: [8] Undefined variable: islogin C:\wamp64\www\shejuyi\Application\Home\Controller\BaseController.class.php 第 88 行.
NOTIC: [8] Undefined variable: user_image C:\wamp64\www\shejuyi\Application\Home\Controller\BaseController.class.php 第 92 行.
SQL: SHOW COLUMNS FROM `sjy_community_project_info` [ RunTime:0.0880s ]
SQL: SELECT * FROM `sjy_community_project_info` WHERE `cityid` = 110000 LIMIT 0,10   [ RunTime:0.1030s ]
SQL: SHOW COLUMNS FROM `sjy_community_base_info` [ RunTime:0.0880s ]
SQL: SELECT * FROM `sjy_community_base_info` WHERE `sjy_id` = 12 LIMIT 1   [ RunTime:0.1020s ]
SQL: SHOW COLUMNS FROM `sjy_community_position_info` [ RunTime:0.0880s ]
SQL: SELECT * FROM `sjy_community_position_info` WHERE `sjy_community_id` = '12' LIMIT 1   [ RunTime:0.3020s ]
SQL: SHOW COLUMNS FROM `sjy_community_project_image` [ RunTime:0.0830s ]
SQL: SELECT `sjy_community_project_image` FROM `sjy_community_project_image` WHERE `sjy_community_project_id` = 31 AND `main` = 1 LIMIT 1   [ RunTime:0.1670s ]
SQL: SELECT COUNT(*) AS tp_count FROM `sjy_community_project_info` WHERE `cityid` = 110000 LIMIT 1   [ RunTime:0.1560s ]

[ 2017-12-08T15:57:49+08:00 ] 127.0.0.1 /shejuyi/index.php/Home/Origanization/index/chooserole
INFO: [ app_init ] --START--
INFO: Run Behavior\BuildLiteBehavior [ RunTime:0.000000s ]
INFO: [ app_init ] --END-- [ RunTime:0.004000s ]
INFO: [ app_begin ] --START--
INFO: Run Behavior\ReadHtmlCacheBehavior [ RunTime:0.002000s ]
INFO: [ app_begin ] --END-- [ RunTime:0.003000s ]
SQL: SHOW COLUMNS FROM `sjy_cities` [ RunTime:0.4170s ]
SQL: SELECT * FROM `sjy_cities` WHERE `cityid` = '110000' LIMIT 1   [ RunTime:0.1560s ]
NOTIC: [8] Undefined variable: islogin C:\wamp64\www\shejuyi\Application\Home\Controller\BaseController.class.php 第 88 行.
NOTIC: [8] Undefined variable: user_image C:\wamp64\www\shejuyi\Application\Home\Controller\BaseController.class.php 第 92 行.
INFO: [ view_parse ] --START--
INFO: [ template_filter ] --START--
INFO: Run Behavior\ContentReplaceBehavior [ RunTime:0.001000s ]
INFO: [ template_filter ] --END-- [ RunTime:0.001000s ]
NOTIC: [8] Undefined variable: info C:\wamp64\www\shejuyi\Application\Runtime\Cache\Home\902041a5b34c13ce8e049e37450c1bab.php 第 214 行.
NOTIC: [8] Undefined variable: hassendop C:\wamp64\www\shejuyi\Application\Runtime\Cache\Home\902041a5b34c13ce8e049e37450c1bab.php 第 421 行.
INFO: Run Behavior\ParseTemplateBehavior [ RunTime:0.022000s ]
INFO: [ view_parse ] --END-- [ RunTime:0.022000s ]
INFO: [ view_filter ] --START--
INFO: Run Behavior\WriteHtmlCacheBehavior [ RunTime:0.001000s ]
INFO: [ view_filter ] --END-- [ RunTime:0.001000s ]
INFO: [ app_end ] --START--
INFO: Run Behavior\ShowPageTraceBehavior [ RunTime:0.002000s ]
INFO: [ app_end ] --END-- [ RunTime:0.002000s ]

[ 2017-12-08T15:57:55+08:00 ] 127.0.0.1 /shejuyi/index.php/Home/Origanization/getprojectlist?page=1
INFO: [ app_init ] --START--
INFO: Run Behavior\BuildLiteBehavior [ RunTime:0.000000s ]
INFO: [ app_init ] --END-- [ RunTime:0.001000s ]
INFO: [ app_begin ] --START--
INFO: Run Behavior\ReadHtmlCacheBehavior [ RunTime:0.002000s ]
INFO: [ app_begin ] --END-- [ RunTime:0.002000s ]
SQL: SHOW COLUMNS FROM `sjy_cities` [ RunTime:0.0970s ]
SQL: SELECT * FROM `sjy_cities` WHERE `cityid` = '110000' LIMIT 1   [ RunTime:0.1570s ]
NOTIC: [8] Undefined variable: islogin C:\wamp64\www\shejuyi\Application\Home\Controller\BaseController.class.php 第 88 行.
NOTIC: [8] Undefined variable: user_image C:\wamp64\www\shejuyi\Application\Home\Controller\BaseController.class.php 第 92 行.
SQL: SHOW COLUMNS FROM `sjy_community_project_info` [ RunTime:0.0810s ]
SQL: SELECT * FROM `sjy_community_project_info` WHERE `cityid` = 110000 LIMIT 0,10   [ RunTime:0.0990s ]
SQL: SHOW COLUMNS FROM `sjy_community_base_info` [ RunTime:0.3730s ]
SQL: SELECT * FROM `sjy_community_base_info` WHERE `sjy_id` = 12 LIMIT 1   [ RunTime:0.6850s ]
SQL: SHOW COLUMNS FROM `sjy_community_position_info` [ RunTime:0.0700s ]
SQL: SELECT * FROM `sjy_community_position_info` WHERE `sjy_community_id` = '12' LIMIT 1   [ RunTime:0.1610s ]
SQL: SHOW COLUMNS FROM `sjy_community_project_image` [ RunTime:0.1370s ]
SQL: SELECT `sjy_community_project_image` FROM `sjy_community_project_image` WHERE `sjy_community_project_id` = 31 AND `main` = 1 LIMIT 1   [ RunTime:0.0770s ]
SQL: SELECT COUNT(*) AS tp_count FROM `sjy_community_project_info` WHERE `cityid` = 110000 LIMIT 1   [ RunTime:0.1500s ]

[ 2017-12-08T15:58:05+08:00 ] 127.0.0.1 /shejuyi/index.php/Home/Origanization/index/page/2
INFO: [ app_init ] --START--
INFO: Run Behavior\BuildLiteBehavior [ RunTime:0.001000s ]
INFO: [ app_init ] --END-- [ RunTime:0.001000s ]
INFO: [ app_begin ] --START--
INFO: Run Behavior\ReadHtmlCacheBehavior [ RunTime:0.002000s ]
INFO: [ app_begin ] --END-- [ RunTime:0.002000s ]
SQL: SHOW COLUMNS FROM `sjy_cities` [ RunTime:0.0800s ]
SQL: SELECT * FROM `sjy_cities` WHERE `cityid` = '110000' LIMIT 1   [ RunTime:0.1320s ]
NOTIC: [8] Undefined variable: islogin C:\wamp64\www\shejuyi\Application\Home\Controller\BaseController.class.php 第 88 行.
NOTIC: [8] Undefined variable: user_image C:\wamp64\www\shejuyi\Application\Home\Controller\BaseController.class.php 第 92 行.
INFO: [ view_parse ] --START--
INFO: [ template_filter ] --START--
INFO: Run Behavior\ContentReplaceBehavior [ RunTime:0.001000s ]
INFO: [ template_filter ] --END-- [ RunTime:0.001000s ]
NOTIC: [8] Undefined variable: info C:\wamp64\www\shejuyi\Application\Runtime\Cache\Home\902041a5b34c13ce8e049e37450c1bab.php 第 214 行.
NOTIC: [8] Undefined variable: hassendop C:\wamp64\www\shejuyi\Application\Runtime\Cache\Home\902041a5b34c13ce8e049e37450c1bab.php 第 421 行.
INFO: Run Behavior\ParseTemplateBehavior [ RunTime:0.023000s ]
INFO: [ view_parse ] --END-- [ RunTime:0.023000s ]
INFO: [ view_filter ] --START--
INFO: Run Behavior\WriteHtmlCacheBehavior [ RunTime:0.001000s ]
INFO: [ view_filter ] --END-- [ RunTime:0.001000s ]
INFO: [ app_end ] --START--
INFO: Run Behavior\ShowPageTraceBehavior [ RunTime:0.002000s ]
INFO: [ app_end ] --END-- [ RunTime:0.002000s ]

[ 2017-12-08T15:58:08+08:00 ] 127.0.0.1 /shejuyi/index.php/Home/Origanization/getprojectlist?page=1
INFO: [ app_init ] --START--
INFO: Run Behavior\BuildLiteBehavior [ RunTime:0.000000s ]
INFO: [ app_init ] --END-- [ RunTime:0.001000s ]
INFO: [ app_begin ] --START--
INFO: Run Behavior\ReadHtmlCacheBehavior [ RunTime:0.001000s ]
INFO: [ app_begin ] --END-- [ RunTime:0.002000s ]
SQL: SHOW COLUMNS FROM `sjy_cities` [ RunTime:0.0920s ]
SQL: SELECT * FROM `sjy_cities` WHERE `cityid` = '110000' LIMIT 1   [ RunTime:0.1030s ]
NOTIC: [8] Undefined variable: islogin C:\wamp64\www\shejuyi\Application\Home\Controller\BaseController.class.php 第 88 行.
NOTIC: [8] Undefined variable: user_image C:\wamp64\www\shejuyi\Application\Home\Controller\BaseController.class.php 第 92 行.
SQL: SHOW COLUMNS FROM `sjy_community_project_info` [ RunTime:0.0860s ]
SQL: SELECT * FROM `sjy_community_project_info` WHERE `cityid` = 110000 LIMIT 0,10   [ RunTime:0.1350s ]
SQL: SHOW COLUMNS FROM `sjy_community_base_info` [ RunTime:0.0690s ]
SQL: SELECT * FROM `sjy_community_base_info` WHERE `sjy_id` = 12 LIMIT 1   [ RunTime:0.1070s ]
SQL: SHOW COLUMNS FROM `sjy_community_position_info` [ RunTime:0.1800s ]
SQL: SELECT * FROM `sjy_community_position_info` WHERE `sjy_community_id` = '12' LIMIT 1   [ RunTime:0.0940s ]
SQL: SHOW COLUMNS FROM `sjy_community_project_image` [ RunTime:0.1260s ]
SQL: SELECT `sjy_community_project_image` FROM `sjy_community_project_image` WHERE `sjy_community_project_id` = 31 AND `main` = 1 LIMIT 1   [ RunTime:0.1010s ]
SQL: SELECT COUNT(*) AS tp_count FROM `sjy_community_project_info` WHERE `cityid` = 110000 LIMIT 1   [ RunTime:0.0960s ]

[ 2017-12-08T15:58:08+08:00 ] 127.0.0.1 /shejuyi/index.php/Home/Origanization/index/page/chooserole
INFO: [ app_init ] --START--
INFO: Run Behavior\BuildLiteBehavior [ RunTime:0.000000s ]
INFO: [ app_init ] --END-- [ RunTime:0.001000s ]
INFO: [ app_begin ] --START--
INFO: Run Behavior\ReadHtmlCacheBehavior [ RunTime:0.001000s ]
INFO: [ app_begin ] --END-- [ RunTime:0.002000s ]
SQL: SHOW COLUMNS FROM `sjy_cities` [ RunTime:0.0880s ]
SQL: SELECT * FROM `sjy_cities` WHERE `cityid` = '110000' LIMIT 1   [ RunTime:0.1360s ]
NOTIC: [8] Undefined variable: islogin C:\wamp64\www\shejuyi\Application\Home\Controller\BaseController.class.php 第 88 行.
NOTIC: [8] Undefined variable: user_image C:\wamp64\www\shejuyi\Application\Home\Controller\BaseController.class.php 第 92 行.
INFO: [ view_parse ] --START--
INFO: [ template_filter ] --START--
INFO: Run Behavior\ContentReplaceBehavior [ RunTime:0.000000s ]
INFO: [ template_filter ] --END-- [ RunTime:0.000000s ]
NOTIC: [8] Undefined variable: info C:\wamp64\www\shejuyi\Application\Runtime\Cache\Home\902041a5b34c13ce8e049e37450c1bab.php 第 214 行.
NOTIC: [8] Undefined variable: hassendop C:\wamp64\www\shejuyi\Application\Runtime\Cache\Home\902041a5b34c13ce8e049e37450c1bab.php 第 421 行.
INFO: Run Behavior\ParseTemplateBehavior [ RunTime:0.019000s ]
INFO: [ view_parse ] --END-- [ RunTime:0.019000s ]
INFO: [ view_filter ] --START--
INFO: Run Behavior\WriteHtmlCacheBehavior [ RunTime:0.001000s ]
INFO: [ view_filter ] --END-- [ RunTime:0.001000s ]
INFO: [ app_end ] --START--
INFO: Run Behavior\ShowPageTraceBehavior [ RunTime:0.002000s ]
INFO: [ app_end ] --END-- [ RunTime:0.002000s ]

[ 2017-12-08T15:58:13+08:00 ] 127.0.0.1 /shejuyi/index.php/Home/Origanization/getprojectlist?page=1
INFO: [ app_init ] --START--
INFO: Run Behavior\BuildLiteBehavior [ RunTime:0.000000s ]
INFO: [ app_init ] --END-- [ RunTime:0.004000s ]
INFO: [ app_begin ] --START--
INFO: Run Behavior\ReadHtmlCacheBehavior [ RunTime:0.002000s ]
INFO: [ app_begin ] --END-- [ RunTime:0.002000s ]
SQL: SHOW COLUMNS FROM `sjy_cities` [ RunTime:0.1310s ]
SQL: SELECT * FROM `sjy_cities` WHERE `cityid` = '110000' LIMIT 1   [ RunTime:0.1790s ]
NOTIC: [8] Undefined variable: islogin C:\wamp64\www\shejuyi\Application\Home\Controller\BaseController.class.php 第 88 行.
NOTIC: [8] Undefined variable: user_image C:\wamp64\www\shejuyi\Application\Home\Controller\BaseController.class.php 第 92 行.
SQL: SHOW COLUMNS FROM `sjy_community_project_info` [ RunTime:0.0860s ]
SQL: SELECT * FROM `sjy_community_project_info` WHERE `cityid` = 110000 LIMIT 0,10   [ RunTime:0.1210s ]
SQL: SHOW COLUMNS FROM `sjy_community_base_info` [ RunTime:0.3370s ]
SQL: SELECT * FROM `sjy_community_base_info` WHERE `sjy_id` = 12 LIMIT 1   [ RunTime:0.0870s ]
SQL: SHOW COLUMNS FROM `sjy_community_position_info` [ RunTime:0.0600s ]
SQL: SELECT * FROM `sjy_community_position_info` WHERE `sjy_community_id` = '12' LIMIT 1   [ RunTime:0.1000s ]
SQL: SHOW COLUMNS FROM `sjy_community_project_image` [ RunTime:0.1680s ]
SQL: SELECT `sjy_community_project_image` FROM `sjy_community_project_image` WHERE `sjy_community_project_id` = 31 AND `main` = 1 LIMIT 1   [ RunTime:0.1410s ]
SQL: SELECT COUNT(*) AS tp_count FROM `sjy_community_project_info` WHERE `cityid` = 110000 LIMIT 1   [ RunTime:0.0980s ]

