[ 2017-12-04T09:50:48+08:00 ] 61.50.127.238 /shejuyi/
INFO: [ app_init ] --START--
INFO: Run Behavior\BuildLiteBehavior [ RunTime:0.000015s ]
INFO: [ app_init ] --END-- [ RunTime:0.000271s ]
INFO: [ app_begin ] --START--
INFO: Run Behavior\ReadHtmlCacheBehavior [ RunTime:0.000283s ]
INFO: [ app_begin ] --END-- [ RunTime:0.000309s ]
INFO: [ view_parse ] --START--
INFO: [ template_filter ] --START--
INFO: Run Behavior\ContentReplaceBehavior [ RunTime:0.000117s ]
INFO: [ template_filter ] --END-- [ RunTime:0.000172s ]
INFO: Run Behavior\ParseTemplateBehavior [ RunTime:0.188213s ]
INFO: [ view_parse ] --END-- [ RunTime:0.188238s ]
INFO: [ view_filter ] --START--
INFO: Run Behavior\WriteHtmlCacheBehavior [ RunTime:0.000126s ]
INFO: [ view_filter ] --END-- [ RunTime:0.000146s ]
INFO: [ app_end ] --START--
INFO: Run Behavior\ShowPageTraceBehavior [ RunTime:0.000394s ]
INFO: [ app_end ] --END-- [ RunTime:0.000421s ]

[ 2017-12-04T09:51:47+08:00 ] 61.50.127.238 /shejuyi/index.php/Home/Login/login/type/1
INFO: [ app_init ] --START--
INFO: Run Behavior\BuildLiteBehavior [ RunTime:0.000017s ]
INFO: [ app_init ] --END-- [ RunTime:0.000370s ]
INFO: [ app_begin ] --START--
INFO: Run Behavior\ReadHtmlCacheBehavior [ RunTime:0.000400s ]
INFO: [ app_begin ] --END-- [ RunTime:0.000449s ]
INFO: [ view_parse ] --START--
INFO: [ template_filter ] --START--
INFO: Run Behavior\ContentReplaceBehavior [ RunTime:0.000094s ]
INFO: [ template_filter ] --END-- [ RunTime:0.036261s ]
INFO: Run Behavior\ParseTemplateBehavior [ RunTime:0.077435s ]
INFO: [ view_parse ] --END-- [ RunTime:0.077459s ]
INFO: [ view_filter ] --START--
INFO: Run Behavior\WriteHtmlCacheBehavior [ RunTime:0.000129s ]
INFO: [ view_filter ] --END-- [ RunTime:0.000147s ]
INFO: [ app_end ] --START--
INFO: Run Behavior\ShowPageTraceBehavior [ RunTime:0.000404s ]
INFO: [ app_end ] --END-- [ RunTime:0.000426s ]

[ 2017-12-04T09:51:51+08:00 ] 61.50.127.238 /shejuyi/index.php/Home/Login/login/type/2
INFO: [ app_init ] --START--
INFO: Run Behavior\BuildLiteBehavior [ RunTime:0.000013s ]
INFO: [ app_init ] --END-- [ RunTime:0.000228s ]
INFO: [ app_begin ] --START--
INFO: Run Behavior\ReadHtmlCacheBehavior [ RunTime:0.000273s ]
INFO: [ app_begin ] --END-- [ RunTime:0.000301s ]
INFO: [ view_parse ] --START--
INFO: [ template_filter ] --START--
INFO: Run Behavior\ContentReplaceBehavior [ RunTime:0.000058s ]
INFO: [ template_filter ] --END-- [ RunTime:0.000113s ]
INFO: Run Behavior\ParseTemplateBehavior [ RunTime:0.159726s ]
INFO: [ view_parse ] --END-- [ RunTime:0.159753s ]
INFO: [ view_filter ] --START--
INFO: Run Behavior\WriteHtmlCacheBehavior [ RunTime:0.000128s ]
INFO: [ view_filter ] --END-- [ RunTime:0.000149s ]
INFO: [ app_end ] --START--
INFO: Run Behavior\ShowPageTraceBehavior [ RunTime:0.000373s ]
INFO: [ app_end ] --END-- [ RunTime:0.000395s ]

[ 2017-12-04T09:52:56+08:00 ] 61.50.127.238 /shejuyi/index.php/Home/Login/login/type/1
INFO: [ app_init ] --START--
INFO: Run Behavior\BuildLiteBehavior [ RunTime:0.000019s ]
INFO: [ app_init ] --END-- [ RunTime:0.000419s ]
INFO: [ app_begin ] --START--
INFO: Run Behavior\ReadHtmlCacheBehavior [ RunTime:0.000336s ]
INFO: [ app_begin ] --END-- [ RunTime:0.000363s ]
INFO: [ view_parse ] --START--
INFO: [ template_filter ] --START--
INFO: Run Behavior\ContentReplaceBehavior [ RunTime:0.000070s ]
INFO: [ template_filter ] --END-- [ RunTime:0.000128s ]
INFO: Run Behavior\ParseTemplateBehavior [ RunTime:0.184271s ]
INFO: [ view_parse ] --END-- [ RunTime:0.184297s ]
INFO: [ view_filter ] --START--
INFO: Run Behavior\WriteHtmlCacheBehavior [ RunTime:0.000123s ]
INFO: [ view_filter ] --END-- [ RunTime:0.000142s ]
INFO: [ app_end ] --START--
INFO: Run Behavior\ShowPageTraceBehavior [ RunTime:0.000396s ]
INFO: [ app_end ] --END-- [ RunTime:0.000419s ]

[ 2017-12-04T09:52:58+08:00 ] 61.50.127.238 /shejuyi/index.php/Home/Login/dologin
INFO: [ app_init ] --START--
INFO: Run Behavior\BuildLiteBehavior [ RunTime:0.000010s ]
INFO: [ app_init ] --END-- [ RunTime:0.000211s ]
INFO: [ app_begin ] --START--
INFO: Run Behavior\ReadHtmlCacheBehavior [ RunTime:0.000256s ]
INFO: [ app_begin ] --END-- [ RunTime:0.000281s ]
SQL: SHOW COLUMNS FROM `sjy_origanization_user_info` [ RunTime:0.0009s ]
SQL: SELECT * FROM `sjy_origanization_user_info` WHERE `sjy_origanization_login_id` = '' LIMIT 1   [ RunTime:0.0003s ]
SQL: SELECT * FROM `sjy_origanization_user_info` WHERE `sjy_origanization_login_id` = '' LIMIT 1   [ RunTime:0.0002s ]

[ 2017-12-04T09:52:58+08:00 ] 61.50.127.238 /shejuyi/index.php/Home/Origanization/index
INFO: [ app_init ] --START--
INFO: Run Behavior\BuildLiteBehavior [ RunTime:0.000013s ]
INFO: [ app_init ] --END-- [ RunTime:0.000270s ]
INFO: [ app_begin ] --START--
INFO: Run Behavior\ReadHtmlCacheBehavior [ RunTime:0.000324s ]
INFO: [ app_begin ] --END-- [ RunTime:0.000349s ]
SQL: SHOW COLUMNS FROM `sjy_origanization_user_info` [ RunTime:0.0011s ]
SQL: SELECT * FROM `sjy_origanization_user_info` WHERE `sjy_id` = 44 LIMIT 1   [ RunTime:0.0003s ]
SQL: SHOW COLUMNS FROM `sjy_cities` [ RunTime:0.0006s ]
SQL: SELECT * FROM `sjy_cities` WHERE `cityid` = 120000 LIMIT 1   [ RunTime:0.0002s ]
NOTIC: [8] Undefined variable: isidentify /xiaoheiwu/shejuyi/Application/Home/Controller/OriganizationController.class.php 第 96 行.
INFO: [ view_parse ] --START--
INFO: [ template_filter ] --START--
INFO: Run Behavior\ContentReplaceBehavior [ RunTime:0.000152s ]
INFO: [ template_filter ] --END-- [ RunTime:0.000207s ]
NOTIC: [8] Undefined variable: info /xiaoheiwu/shejuyi/Application/Runtime/Cache/Home/902041a5b34c13ce8e049e37450c1bab.php 第 214 行.
INFO: Run Behavior\ParseTemplateBehavior [ RunTime:0.150551s ]
INFO: [ view_parse ] --END-- [ RunTime:0.150594s ]
INFO: [ view_filter ] --START--
INFO: Run Behavior\WriteHtmlCacheBehavior [ RunTime:0.000127s ]
INFO: [ view_filter ] --END-- [ RunTime:0.000146s ]
INFO: [ app_end ] --START--
INFO: Run Behavior\ShowPageTraceBehavior [ RunTime:0.043652s ]
INFO: [ app_end ] --END-- [ RunTime:0.043714s ]

[ 2017-12-04T09:52:59+08:00 ] 61.50.127.238 /shejuyi/index.php/Home/Origanization/chooserole
INFO: [ app_init ] --START--
INFO: Run Behavior\BuildLiteBehavior [ RunTime:0.000016s ]
INFO: [ app_init ] --END-- [ RunTime:0.000292s ]
INFO: [ app_begin ] --START--
INFO: Run Behavior\ReadHtmlCacheBehavior [ RunTime:0.000300s ]
INFO: [ app_begin ] --END-- [ RunTime:0.000325s ]
INFO: [ view_parse ] --START--
INFO: [ template_filter ] --START--
INFO: Run Behavior\ContentReplaceBehavior [ RunTime:0.000057s ]
INFO: [ template_filter ] --END-- [ RunTime:0.000126s ]
INFO: Run Behavior\ParseTemplateBehavior [ RunTime:0.134724s ]
INFO: [ view_parse ] --END-- [ RunTime:0.134760s ]
INFO: [ view_filter ] --START--
INFO: Run Behavior\WriteHtmlCacheBehavior [ RunTime:0.000132s ]
INFO: [ view_filter ] --END-- [ RunTime:0.000163s ]
INFO: [ app_end ] --START--
INFO: Run Behavior\ShowPageTraceBehavior [ RunTime:0.000479s ]
INFO: [ app_end ] --END-- [ RunTime:0.000516s ]

[ 2017-12-04T09:52:59+08:00 ] 61.50.127.238 /shejuyi/index.php/Home/Origanization/getprojectlist?page=1
INFO: [ app_init ] --START--
INFO: Run Behavior\BuildLiteBehavior [ RunTime:0.000014s ]
INFO: [ app_init ] --END-- [ RunTime:0.000330s ]
INFO: [ app_begin ] --START--
INFO: Run Behavior\ReadHtmlCacheBehavior [ RunTime:0.000305s ]
INFO: [ app_begin ] --END-- [ RunTime:0.000330s ]
SQL: SHOW COLUMNS FROM `sjy_cities` [ RunTime:0.0008s ]
SQL: SELECT * FROM `sjy_cities` WHERE `cityid` = 120000 LIMIT 1   [ RunTime:0.0002s ]
SQL: select sjy_community_project_info.*,sjy_community_base_info.sjy_community_name from sjy_community_position_info inner join sjy_community_project_info on sjy_community_position_info.sjy_community_id=sjy_community_project_info.sjy_community_id inner join sjy_community_base_info on sjy_community_position_info.sjy_community_id=sjy_community_base_info.sjy_id where sjy_community_position_info.sjy_community_city=120000 limit 0,4 [ RunTime:0.0004s ]
SQL: select count(*) as num from sjy_community_position_info inner join sjy_community_project_info on sjy_community_position_info.sjy_community_id=sjy_community_project_info.sjy_community_id inner join sjy_community_base_info on sjy_community_position_info.sjy_community_id=sjy_community_base_info.sjy_id where sjy_community_position_info.sjy_community_city=120000 [ RunTime:0.0002s ]

[ 2017-12-04T09:53:06+08:00 ] 61.50.127.238 /shejuyi/index.php/Home/Origanization/origanizationIdenty
INFO: [ app_init ] --START--
INFO: Run Behavior\BuildLiteBehavior [ RunTime:0.000018s ]
INFO: [ app_init ] --END-- [ RunTime:0.000396s ]
INFO: [ app_begin ] --START--
INFO: Run Behavior\ReadHtmlCacheBehavior [ RunTime:0.000416s ]
INFO: [ app_begin ] --END-- [ RunTime:0.000467s ]
SQL: SHOW COLUMNS FROM `sjy_origanization_type` [ RunTime:0.0007s ]
SQL: SELECT * FROM `sjy_origanization_type`  [ RunTime:0.0002s ]
INFO: [ view_parse ] --START--
INFO: [ template_filter ] --START--
INFO: Run Behavior\ContentReplaceBehavior [ RunTime:0.000077s ]
INFO: [ template_filter ] --END-- [ RunTime:0.000125s ]
INFO: Run Behavior\ParseTemplateBehavior [ RunTime:0.076789s ]
INFO: [ view_parse ] --END-- [ RunTime:0.076817s ]
INFO: [ view_filter ] --START--
INFO: Run Behavior\WriteHtmlCacheBehavior [ RunTime:0.100618s ]
INFO: [ view_filter ] --END-- [ RunTime:0.100680s ]
INFO: [ app_end ] --START--
INFO: Run Behavior\ShowPageTraceBehavior [ RunTime:0.000492s ]
INFO: [ app_end ] --END-- [ RunTime:0.000516s ]

[ 2017-12-04T09:53:22+08:00 ] 61.50.127.238 /shejuyi/index.php/Home/Origanization/setcity
INFO: [ app_init ] --START--
INFO: Run Behavior\BuildLiteBehavior [ RunTime:0.000018s ]
INFO: [ app_init ] --END-- [ RunTime:0.000409s ]
INFO: [ app_begin ] --START--
INFO: Run Behavior\ReadHtmlCacheBehavior [ RunTime:0.000378s ]
INFO: [ app_begin ] --END-- [ RunTime:0.000427s ]

[ 2017-12-04T09:53:22+08:00 ] 61.50.127.238 /shejuyi/index.php/Home/Origanization/index
INFO: [ app_init ] --START--
INFO: Run Behavior\BuildLiteBehavior [ RunTime:0.000012s ]
INFO: [ app_init ] --END-- [ RunTime:0.000224s ]
INFO: [ app_begin ] --START--
INFO: Run Behavior\ReadHtmlCacheBehavior [ RunTime:0.000287s ]
INFO: [ app_begin ] --END-- [ RunTime:0.000311s ]
SQL: SHOW COLUMNS FROM `sjy_origanization_user_info` [ RunTime:0.0010s ]
SQL: SELECT * FROM `sjy_origanization_user_info` WHERE `sjy_id` = 44 LIMIT 1   [ RunTime:0.0432s ]
SQL: SHOW COLUMNS FROM `sjy_cities` [ RunTime:0.0007s ]
SQL: SELECT * FROM `sjy_cities` WHERE `cityid` = '22' LIMIT 1   [ RunTime:0.0002s ]
NOTIC: [8] Undefined variable: isidentify /xiaoheiwu/shejuyi/Application/Home/Controller/OriganizationController.class.php 第 96 行.
INFO: [ view_parse ] --START--
INFO: [ template_filter ] --START--
INFO: Run Behavior\ContentReplaceBehavior [ RunTime:0.036198s ]
INFO: [ template_filter ] --END-- [ RunTime:0.036262s ]
NOTIC: [8] Undefined variable: info /xiaoheiwu/shejuyi/Application/Runtime/Cache/Home/902041a5b34c13ce8e049e37450c1bab.php 第 214 行.
INFO: Run Behavior\ParseTemplateBehavior [ RunTime:0.149805s ]
INFO: [ view_parse ] --END-- [ RunTime:0.149828s ]
INFO: [ view_filter ] --START--
INFO: Run Behavior\WriteHtmlCacheBehavior [ RunTime:0.000117s ]
INFO: [ view_filter ] --END-- [ RunTime:0.000136s ]
INFO: [ app_end ] --START--
INFO: Run Behavior\ShowPageTraceBehavior [ RunTime:0.000568s ]
INFO: [ app_end ] --END-- [ RunTime:0.000641s ]

[ 2017-12-04T09:53:23+08:00 ] 61.50.127.238 /shejuyi/index.php/Home/Origanization/getprojectlist?page=1
INFO: [ app_init ] --START--
INFO: Run Behavior\BuildLiteBehavior [ RunTime:0.000011s ]
INFO: [ app_init ] --END-- [ RunTime:0.000222s ]
INFO: [ app_begin ] --START--
INFO: Run Behavior\ReadHtmlCacheBehavior [ RunTime:0.000401s ]
INFO: [ app_begin ] --END-- [ RunTime:0.000451s ]
SQL: SHOW COLUMNS FROM `sjy_cities` [ RunTime:0.0007s ]
SQL: SELECT * FROM `sjy_cities` WHERE `cityid` = '22' LIMIT 1   [ RunTime:0.0003s ]
SQL: select sjy_community_project_info.*,sjy_community_base_info.sjy_community_name from sjy_community_position_info inner join sjy_community_project_info on sjy_community_position_info.sjy_community_id=sjy_community_project_info.sjy_community_id inner join sjy_community_base_info on sjy_community_position_info.sjy_community_id=sjy_community_base_info.sjy_id where sjy_community_position_info.sjy_community_city=22 limit 0,4 [ RunTime:0.0004s ]
SQL: select count(*) as num from sjy_community_position_info inner join sjy_community_project_info on sjy_community_position_info.sjy_community_id=sjy_community_project_info.sjy_community_id inner join sjy_community_base_info on sjy_community_position_info.sjy_community_id=sjy_community_base_info.sjy_id where sjy_community_position_info.sjy_community_city=22 [ RunTime:0.0002s ]

[ 2017-12-04T09:53:23+08:00 ] 61.50.127.238 /shejuyi/index.php/Home/Origanization/chooserole
INFO: [ app_init ] --START--
INFO: Run Behavior\BuildLiteBehavior [ RunTime:0.000008s ]
INFO: [ app_init ] --END-- [ RunTime:0.000216s ]
INFO: [ app_begin ] --START--
INFO: Run Behavior\ReadHtmlCacheBehavior [ RunTime:0.000261s ]
INFO: [ app_begin ] --END-- [ RunTime:0.000285s ]
INFO: [ view_parse ] --START--
INFO: [ template_filter ] --START--
INFO: Run Behavior\ContentReplaceBehavior [ RunTime:0.000044s ]
INFO: [ template_filter ] --END-- [ RunTime:0.000098s ]
INFO: Run Behavior\ParseTemplateBehavior [ RunTime:0.059471s ]
INFO: [ view_parse ] --END-- [ RunTime:0.059501s ]
INFO: [ view_filter ] --START--
INFO: Run Behavior\WriteHtmlCacheBehavior [ RunTime:0.000104s ]
INFO: [ view_filter ] --END-- [ RunTime:0.000123s ]
INFO: [ app_end ] --START--
INFO: Run Behavior\ShowPageTraceBehavior [ RunTime:0.000346s ]
INFO: [ app_end ] --END-- [ RunTime:0.000369s ]

[ 2017-12-04T09:53:39+08:00 ] 61.50.127.238 /shejuyi/index.php/Home/Origanization/index
INFO: [ app_init ] --START--
INFO: Run Behavior\BuildLiteBehavior [ RunTime:0.000010s ]
INFO: [ app_init ] --END-- [ RunTime:0.000204s ]
INFO: [ app_begin ] --START--
INFO: Run Behavior\ReadHtmlCacheBehavior [ RunTime:0.000252s ]
INFO: [ app_begin ] --END-- [ RunTime:0.000276s ]
SQL: SHOW COLUMNS FROM `sjy_origanization_user_info` [ RunTime:0.0009s ]
SQL: SELECT * FROM `sjy_origanization_user_info` WHERE `sjy_id` = 44 LIMIT 1   [ RunTime:0.0005s ]
SQL: SHOW COLUMNS FROM `sjy_cities` [ RunTime:0.0006s ]
SQL: SELECT * FROM `sjy_cities` WHERE `cityid` = '22' LIMIT 1   [ RunTime:0.0002s ]
NOTIC: [8] Undefined variable: isidentify /xiaoheiwu/shejuyi/Application/Home/Controller/OriganizationController.class.php 第 96 行.
INFO: [ view_parse ] --START--
INFO: [ template_filter ] --START--
INFO: Run Behavior\ContentReplaceBehavior [ RunTime:0.000198s ]
INFO: [ template_filter ] --END-- [ RunTime:0.000266s ]
NOTIC: [8] Undefined variable: info /xiaoheiwu/shejuyi/Application/Runtime/Cache/Home/902041a5b34c13ce8e049e37450c1bab.php 第 214 行.
INFO: Run Behavior\ParseTemplateBehavior [ RunTime:0.179913s ]
INFO: [ view_parse ] --END-- [ RunTime:0.179949s ]
INFO: [ view_filter ] --START--
INFO: Run Behavior\WriteHtmlCacheBehavior [ RunTime:0.000156s ]
INFO: [ view_filter ] --END-- [ RunTime:0.000185s ]
INFO: [ app_end ] --START--
INFO: Run Behavior\ShowPageTraceBehavior [ RunTime:0.067845s ]
INFO: [ app_end ] --END-- [ RunTime:0.067911s ]

[ 2017-12-04T09:53:40+08:00 ] 61.50.127.238 /shejuyi/index.php/Home/Origanization/getprojectlist?page=1
INFO: [ app_init ] --START--
INFO: Run Behavior\BuildLiteBehavior [ RunTime:0.000014s ]
INFO: [ app_init ] --END-- [ RunTime:0.000303s ]
INFO: [ app_begin ] --START--
INFO: Run Behavior\ReadHtmlCacheBehavior [ RunTime:0.000293s ]
INFO: [ app_begin ] --END-- [ RunTime:0.000317s ]
SQL: SHOW COLUMNS FROM `sjy_cities` [ RunTime:0.0008s ]
SQL: SELECT * FROM `sjy_cities` WHERE `cityid` = '22' LIMIT 1   [ RunTime:0.0003s ]
SQL: select sjy_community_project_info.*,sjy_community_base_info.sjy_community_name from sjy_community_position_info inner join sjy_community_project_info on sjy_community_position_info.sjy_community_id=sjy_community_project_info.sjy_community_id inner join sjy_community_base_info on sjy_community_position_info.sjy_community_id=sjy_community_base_info.sjy_id where sjy_community_position_info.sjy_community_city=22 limit 0,4 [ RunTime:0.0004s ]
SQL: select count(*) as num from sjy_community_position_info inner join sjy_community_project_info on sjy_community_position_info.sjy_community_id=sjy_community_project_info.sjy_community_id inner join sjy_community_base_info on sjy_community_position_info.sjy_community_id=sjy_community_base_info.sjy_id where sjy_community_position_info.sjy_community_city=22 [ RunTime:0.0002s ]

[ 2017-12-04T09:53:40+08:00 ] 61.50.127.238 /shejuyi/index.php/Home/Origanization/chooserole
INFO: [ app_init ] --START--
INFO: Run Behavior\BuildLiteBehavior [ RunTime:0.000011s ]
INFO: [ app_init ] --END-- [ RunTime:0.000263s ]
INFO: [ app_begin ] --START--
INFO: Run Behavior\ReadHtmlCacheBehavior [ RunTime:0.000326s ]
INFO: [ app_begin ] --END-- [ RunTime:0.000352s ]
INFO: [ view_parse ] --START--
INFO: [ template_filter ] --START--
INFO: Run Behavior\ContentReplaceBehavior [ RunTime:0.000044s ]
INFO: [ template_filter ] --END-- [ RunTime:0.000072s ]
INFO: Run Behavior\ParseTemplateBehavior [ RunTime:0.004540s ]
INFO: [ view_parse ] --END-- [ RunTime:0.004569s ]
INFO: [ view_filter ] --START--
INFO: Run Behavior\WriteHtmlCacheBehavior [ RunTime:0.000090s ]
INFO: [ view_filter ] --END-- [ RunTime:0.056447s ]
INFO: [ app_end ] --START--
INFO: Run Behavior\ShowPageTraceBehavior [ RunTime:0.000519s ]
INFO: [ app_end ] --END-- [ RunTime:0.000546s ]

[ 2017-12-04T10:28:21+08:00 ] 61.50.127.238 /shejuyi/index.php/Home/Origanization/index
INFO: [ app_init ] --START--
INFO: Run Behavior\BuildLiteBehavior [ RunTime:0.000010s ]
INFO: [ app_init ] --END-- [ RunTime:0.000213s ]
INFO: [ app_begin ] --START--
INFO: Run Behavior\ReadHtmlCacheBehavior [ RunTime:0.000325s ]
INFO: [ app_begin ] --END-- [ RunTime:0.000350s ]
SQL: SHOW COLUMNS FROM `sjy_origanization_user_info` [ RunTime:0.0010s ]
SQL: SELECT * FROM `sjy_origanization_user_info` WHERE `sjy_id` = 44 LIMIT 1   [ RunTime:0.1008s ]
SQL: SHOW COLUMNS FROM `sjy_cities` [ RunTime:0.0006s ]
SQL: SELECT * FROM `sjy_cities` WHERE `cityid` = '22' LIMIT 1   [ RunTime:0.0003s ]
NOTIC: [8] Undefined variable: isidentify /xiaoheiwu/shejuyi/Application/Home/Controller/OriganizationController.class.php 第 96 行.
INFO: [ view_parse ] --START--
INFO: [ template_filter ] --START--
INFO: Run Behavior\ContentReplaceBehavior [ RunTime:0.000155s ]
INFO: [ template_filter ] --END-- [ RunTime:0.000212s ]
NOTIC: [8] Undefined variable: info /xiaoheiwu/shejuyi/Application/Runtime/Cache/Home/902041a5b34c13ce8e049e37450c1bab.php 第 214 行.
INFO: Run Behavior\ParseTemplateBehavior [ RunTime:0.034340s ]
INFO: [ view_parse ] --END-- [ RunTime:0.034378s ]
INFO: [ view_filter ] --START--
INFO: Run Behavior\WriteHtmlCacheBehavior [ RunTime:0.000155s ]
INFO: [ view_filter ] --END-- [ RunTime:0.000178s ]
INFO: [ app_end ] --START--
INFO: Run Behavior\ShowPageTraceBehavior [ RunTime:0.000572s ]
INFO: [ app_end ] --END-- [ RunTime:0.000644s ]

[ 2017-12-04T10:28:21+08:00 ] 61.50.127.238 /shejuyi/index.php/Home/Origanization/getprojectlist?page=1
INFO: [ app_init ] --START--
INFO: Run Behavior\BuildLiteBehavior [ RunTime:0.000014s ]
INFO: [ app_init ] --END-- [ RunTime:0.000254s ]
INFO: [ app_begin ] --START--
INFO: Run Behavior\ReadHtmlCacheBehavior [ RunTime:0.000292s ]
INFO: [ app_begin ] --END-- [ RunTime:0.000320s ]
SQL: SHOW COLUMNS FROM `sjy_cities` [ RunTime:0.0008s ]
SQL: SELECT * FROM `sjy_cities` WHERE `cityid` = '22' LIMIT 1   [ RunTime:0.0003s ]
SQL: select sjy_community_project_info.*,sjy_community_base_info.sjy_community_name from sjy_community_position_info inner join sjy_community_project_info on sjy_community_position_info.sjy_community_id=sjy_community_project_info.sjy_community_id inner join sjy_community_base_info on sjy_community_position_info.sjy_community_id=sjy_community_base_info.sjy_id where sjy_community_position_info.sjy_community_city=22 limit 0,4 [ RunTime:0.0437s ]
SQL: select count(*) as num from sjy_community_position_info inner join sjy_community_project_info on sjy_community_position_info.sjy_community_id=sjy_community_project_info.sjy_community_id inner join sjy_community_base_info on sjy_community_position_info.sjy_community_id=sjy_community_base_info.sjy_id where sjy_community_position_info.sjy_community_city=22 [ RunTime:0.0003s ]

[ 2017-12-04T10:28:22+08:00 ] 61.50.127.238 /shejuyi/index.php/Home/Origanization/chooserole
INFO: [ app_init ] --START--
INFO: Run Behavior\BuildLiteBehavior [ RunTime:0.000009s ]
INFO: [ app_init ] --END-- [ RunTime:0.000226s ]
INFO: [ app_begin ] --START--
INFO: Run Behavior\ReadHtmlCacheBehavior [ RunTime:0.000298s ]
INFO: [ app_begin ] --END-- [ RunTime:0.000322s ]
INFO: [ view_parse ] --START--
INFO: [ template_filter ] --START--
INFO: Run Behavior\ContentReplaceBehavior [ RunTime:0.000039s ]
INFO: [ template_filter ] --END-- [ RunTime:0.000085s ]
INFO: Run Behavior\ParseTemplateBehavior [ RunTime:0.132860s ]
INFO: [ view_parse ] --END-- [ RunTime:0.132890s ]
INFO: [ view_filter ] --START--
INFO: Run Behavior\WriteHtmlCacheBehavior [ RunTime:0.000092s ]
INFO: [ view_filter ] --END-- [ RunTime:0.000111s ]
INFO: [ app_end ] --START--
INFO: Run Behavior\ShowPageTraceBehavior [ RunTime:0.000298s ]
INFO: [ app_end ] --END-- [ RunTime:0.000320s ]

[ 2017-12-04T10:41:12+08:00 ] 61.50.127.238 /shejuyi/index.php/Home/Origanization/index
INFO: [ app_init ] --START--
INFO: Run Behavior\BuildLiteBehavior [ RunTime:0.000010s ]
INFO: [ app_init ] --END-- [ RunTime:0.000242s ]
INFO: [ app_begin ] --START--
INFO: Run Behavior\ReadHtmlCacheBehavior [ RunTime:0.000252s ]
INFO: [ app_begin ] --END-- [ RunTime:0.000276s ]
SQL: SHOW COLUMNS FROM `sjy_origanization_user_info` [ RunTime:0.0010s ]
SQL: SELECT * FROM `sjy_origanization_user_info` WHERE `sjy_id` = 44 LIMIT 1   [ RunTime:0.0024s ]
SQL: SHOW COLUMNS FROM `sjy_cities` [ RunTime:0.0007s ]
SQL: SELECT * FROM `sjy_cities` WHERE `cityid` = '22' LIMIT 1   [ RunTime:0.0003s ]
NOTIC: [8] Undefined variable: isidentify /xiaoheiwu/shejuyi/Application/Home/Controller/OriganizationController.class.php 第 96 行.
INFO: [ view_parse ] --START--
INFO: [ template_filter ] --START--
INFO: Run Behavior\ContentReplaceBehavior [ RunTime:0.000195s ]
INFO: [ template_filter ] --END-- [ RunTime:0.000269s ]
NOTIC: [8] Undefined variable: info /xiaoheiwu/shejuyi/Application/Runtime/Cache/Home/902041a5b34c13ce8e049e37450c1bab.php 第 214 行.
INFO: Run Behavior\ParseTemplateBehavior [ RunTime:0.153127s ]
INFO: [ view_parse ] --END-- [ RunTime:0.153169s ]
INFO: [ view_filter ] --START--
INFO: Run Behavior\WriteHtmlCacheBehavior [ RunTime:0.000188s ]
INFO: [ view_filter ] --END-- [ RunTime:0.000213s ]
INFO: [ app_end ] --START--
INFO: Run Behavior\ShowPageTraceBehavior [ RunTime:0.000402s ]
INFO: [ app_end ] --END-- [ RunTime:0.000429s ]

[ 2017-12-04T10:41:20+08:00 ] 61.50.127.238 /shejuyi/index.php/Home/Origanization/getprojectlist?page=1
INFO: [ app_init ] --START--
INFO: Run Behavior\BuildLiteBehavior [ RunTime:0.000016s ]
INFO: [ app_init ] --END-- [ RunTime:0.000385s ]
INFO: [ app_begin ] --START--
INFO: Run Behavior\ReadHtmlCacheBehavior [ RunTime:0.000306s ]
INFO: [ app_begin ] --END-- [ RunTime:0.000331s ]
SQL: SHOW COLUMNS FROM `sjy_cities` [ RunTime:0.0008s ]
SQL: SELECT * FROM `sjy_cities` WHERE `cityid` = '22' LIMIT 1   [ RunTime:0.0003s ]
SQL: select sjy_community_project_info.*,sjy_community_base_info.sjy_community_name from sjy_community_position_info inner join sjy_community_project_info on sjy_community_position_info.sjy_community_id=sjy_community_project_info.sjy_community_id inner join sjy_community_base_info on sjy_community_position_info.sjy_community_id=sjy_community_base_info.sjy_id where sjy_community_position_info.sjy_community_city=22 limit 0,4 [ RunTime:0.0004s ]
SQL: select count(*) as num from sjy_community_position_info inner join sjy_community_project_info on sjy_community_position_info.sjy_community_id=sjy_community_project_info.sjy_community_id inner join sjy_community_base_info on sjy_community_position_info.sjy_community_id=sjy_community_base_info.sjy_id where sjy_community_position_info.sjy_community_city=22 [ RunTime:0.0002s ]

[ 2017-12-04T10:41:20+08:00 ] 61.50.127.238 /shejuyi/index.php/Home/Origanization/chooserole
INFO: [ app_init ] --START--
INFO: Run Behavior\BuildLiteBehavior [ RunTime:0.000009s ]
INFO: [ app_init ] --END-- [ RunTime:0.000205s ]
INFO: [ app_begin ] --START--
INFO: Run Behavior\ReadHtmlCacheBehavior [ RunTime:0.002286s ]
INFO: [ app_begin ] --END-- [ RunTime:0.002312s ]
INFO: [ view_parse ] --START--
INFO: [ template_filter ] --START--
INFO: Run Behavior\ContentReplaceBehavior [ RunTime:0.000049s ]
INFO: [ template_filter ] --END-- [ RunTime:0.000114s ]
INFO: Run Behavior\ParseTemplateBehavior [ RunTime:0.093537s ]
INFO: [ view_parse ] --END-- [ RunTime:0.093567s ]
INFO: [ view_filter ] --START--
INFO: Run Behavior\WriteHtmlCacheBehavior [ RunTime:0.000130s ]
INFO: [ view_filter ] --END-- [ RunTime:0.000148s ]
INFO: [ app_end ] --START--
INFO: Run Behavior\ShowPageTraceBehavior [ RunTime:0.000367s ]
INFO: [ app_end ] --END-- [ RunTime:0.000387s ]

[ 2017-12-04T10:47:24+08:00 ] 121.69.35.250 /shejuyi/
INFO: [ app_init ] --START--
INFO: Run Behavior\BuildLiteBehavior [ RunTime:0.000026s ]
INFO: [ app_init ] --END-- [ RunTime:0.129027s ]
INFO: [ app_begin ] --START--
INFO: Run Behavior\ReadHtmlCacheBehavior [ RunTime:0.000325s ]
INFO: [ app_begin ] --END-- [ RunTime:0.000351s ]
INFO: [ view_parse ] --START--
INFO: [ template_filter ] --START--
INFO: Run Behavior\ContentReplaceBehavior [ RunTime:0.000117s ]
INFO: [ template_filter ] --END-- [ RunTime:0.000167s ]
INFO: Run Behavior\ParseTemplateBehavior [ RunTime:0.092230s ]
INFO: [ view_parse ] --END-- [ RunTime:0.092290s ]
INFO: [ view_filter ] --START--
INFO: Run Behavior\WriteHtmlCacheBehavior [ RunTime:0.000155s ]
INFO: [ view_filter ] --END-- [ RunTime:0.000179s ]
INFO: [ app_end ] --START--
INFO: Run Behavior\ShowPageTraceBehavior [ RunTime:0.000429s ]
INFO: [ app_end ] --END-- [ RunTime:0.000456s ]

[ 2017-12-04T10:49:57+08:00 ] 121.69.35.250 /shejuyi/
INFO: [ app_init ] --START--
INFO: Run Behavior\BuildLiteBehavior [ RunTime:0.000016s ]
INFO: [ app_init ] --END-- [ RunTime:0.000282s ]
INFO: [ app_begin ] --START--
INFO: Run Behavior\ReadHtmlCacheBehavior [ RunTime:0.000304s ]
INFO: [ app_begin ] --END-- [ RunTime:0.043628s ]
INFO: [ view_parse ] --START--
INFO: [ template_filter ] --START--
INFO: Run Behavior\ContentReplaceBehavior [ RunTime:0.000108s ]
INFO: [ template_filter ] --END-- [ RunTime:0.000167s ]
INFO: Run Behavior\ParseTemplateBehavior [ RunTime:0.186449s ]
INFO: [ view_parse ] --END-- [ RunTime:0.186481s ]
INFO: [ view_filter ] --START--
INFO: Run Behavior\WriteHtmlCacheBehavior [ RunTime:0.000095s ]
INFO: [ view_filter ] --END-- [ RunTime:0.000114s ]
INFO: [ app_end ] --START--
INFO: Run Behavior\ShowPageTraceBehavior [ RunTime:0.000405s ]
INFO: [ app_end ] --END-- [ RunTime:0.000432s ]

[ 2017-12-04T10:56:01+08:00 ] 121.69.35.250 /shejuyi/
INFO: [ app_init ] --START--
INFO: Run Behavior\BuildLiteBehavior [ RunTime:0.000009s ]
INFO: [ app_init ] --END-- [ RunTime:0.000209s ]
INFO: [ app_begin ] --START--
INFO: Run Behavior\ReadHtmlCacheBehavior [ RunTime:0.000252s ]
INFO: [ app_begin ] --END-- [ RunTime:0.000281s ]
INFO: [ view_parse ] --START--
INFO: [ template_filter ] --START--
INFO: Run Behavior\ContentReplaceBehavior [ RunTime:0.000107s ]
INFO: [ template_filter ] --END-- [ RunTime:0.000170s ]
INFO: Run Behavior\ParseTemplateBehavior [ RunTime:0.186356s ]
INFO: [ view_parse ] --END-- [ RunTime:0.186399s ]
INFO: [ view_filter ] --START--
INFO: Run Behavior\WriteHtmlCacheBehavior [ RunTime:0.000181s ]
INFO: [ view_filter ] --END-- [ RunTime:0.000202s ]
INFO: [ app_end ] --START--
INFO: Run Behavior\ShowPageTraceBehavior [ RunTime:0.000452s ]
INFO: [ app_end ] --END-- [ RunTime:0.000480s ]

[ 2017-12-04T10:56:02+08:00 ] 121.69.35.250 /shejuyi/index.php/Home/Login/login/type/1
INFO: [ app_init ] --START--
INFO: Run Behavior\BuildLiteBehavior [ RunTime:0.000010s ]
INFO: [ app_init ] --END-- [ RunTime:0.000208s ]
INFO: [ app_begin ] --START--
INFO: Run Behavior\ReadHtmlCacheBehavior [ RunTime:0.000475s ]
INFO: [ app_begin ] --END-- [ RunTime:0.000531s ]
INFO: [ view_parse ] --START--
INFO: [ template_filter ] --START--
INFO: Run Behavior\ContentReplaceBehavior [ RunTime:0.000053s ]
INFO: [ template_filter ] --END-- [ RunTime:0.000101s ]
INFO: Run Behavior\ParseTemplateBehavior [ RunTime:0.134185s ]
INFO: [ view_parse ] --END-- [ RunTime:0.134209s ]
INFO: [ view_filter ] --START--
INFO: Run Behavior\WriteHtmlCacheBehavior [ RunTime:0.000089s ]
INFO: [ view_filter ] --END-- [ RunTime:0.000107s ]
INFO: [ app_end ] --START--
INFO: Run Behavior\ShowPageTraceBehavior [ RunTime:0.000296s ]
INFO: [ app_end ] --END-- [ RunTime:0.000318s ]

[ 2017-12-04T10:56:08+08:00 ] 121.69.35.250 /shejuyi/index.php/Home/Login/dologin
INFO: [ app_init ] --START--
INFO: Run Behavior\BuildLiteBehavior [ RunTime:0.000013s ]
INFO: [ app_init ] --END-- [ RunTime:0.000243s ]
INFO: [ app_begin ] --START--
INFO: Run Behavior\ReadHtmlCacheBehavior [ RunTime:0.000296s ]
INFO: [ app_begin ] --END-- [ RunTime:0.000322s ]
SQL: SHOW COLUMNS FROM `sjy_origanization_user_info` [ RunTime:0.0009s ]
SQL: SELECT * FROM `sjy_origanization_user_info` WHERE `sjy_origanization_login_id` = '15620608137' LIMIT 1   [ RunTime:0.0003s ]
SQL: INSERT INTO `sjy_origanization_user_info` (`sjy_origanization_login_id`,`sjy_origanization_user_image`,`sjy_origanization_user_register_time`) VALUES ('15620608137','/Uploads/touxiang/moren.png','2017-12-04 10:56:08') [ RunTime:0.2251s ]
SQL: SELECT * FROM `sjy_origanization_user_info` WHERE `sjy_origanization_login_id` = '15620608137' LIMIT 1   [ RunTime:0.0005s ]

[ 2017-12-04T10:56:09+08:00 ] 121.69.35.250 /shejuyi/index.php/Home/Origanization/index
INFO: [ app_init ] --START--
INFO: Run Behavior\BuildLiteBehavior [ RunTime:0.000012s ]
INFO: [ app_init ] --END-- [ RunTime:0.000242s ]
INFO: [ app_begin ] --START--
INFO: Run Behavior\ReadHtmlCacheBehavior [ RunTime:0.148706s ]
INFO: [ app_begin ] --END-- [ RunTime:0.148766s ]
SQL: SHOW COLUMNS FROM `sjy_origanization_user_info` [ RunTime:0.0011s ]
SQL: SELECT * FROM `sjy_origanization_user_info` WHERE `sjy_id` = 45 LIMIT 1   [ RunTime:0.0004s ]
SQL: SHOW COLUMNS FROM `sjy_cities` [ RunTime:0.0005s ]
SQL: SELECT * FROM `sjy_cities` WHERE `cityid` = 120000 LIMIT 1   [ RunTime:0.0002s ]
NOTIC: [8] Undefined variable: isidentify /xiaoheiwu/shejuyi/Application/Home/Controller/OriganizationController.class.php 第 96 行.
INFO: [ view_parse ] --START--
INFO: [ template_filter ] --START--
INFO: Run Behavior\ContentReplaceBehavior [ RunTime:0.000196s ]
INFO: [ template_filter ] --END-- [ RunTime:0.040308s ]
NOTIC: [8] Undefined variable: info /xiaoheiwu/shejuyi/Application/Runtime/Cache/Home/902041a5b34c13ce8e049e37450c1bab.php 第 214 行.
INFO: Run Behavior\ParseTemplateBehavior [ RunTime:0.046693s ]
INFO: [ view_parse ] --END-- [ RunTime:0.046716s ]
INFO: [ view_filter ] --START--
INFO: Run Behavior\WriteHtmlCacheBehavior [ RunTime:0.000129s ]
INFO: [ view_filter ] --END-- [ RunTime:0.000149s ]
INFO: [ app_end ] --START--
INFO: Run Behavior\ShowPageTraceBehavior [ RunTime:0.000391s ]
INFO: [ app_end ] --END-- [ RunTime:0.000418s ]

[ 2017-12-04T10:56:10+08:00 ] 121.69.35.250 /shejuyi/index.php/Home/Origanization/getprojectlist?page=1
INFO: [ app_init ] --START--
INFO: Run Behavior\BuildLiteBehavior [ RunTime:0.000011s ]
INFO: [ app_init ] --END-- [ RunTime:0.000214s ]
INFO: [ app_begin ] --START--
INFO: Run Behavior\ReadHtmlCacheBehavior [ RunTime:0.000306s ]
INFO: [ app_begin ] --END-- [ RunTime:0.000330s ]
SQL: SHOW COLUMNS FROM `sjy_cities` [ RunTime:0.0008s ]
SQL: SELECT * FROM `sjy_cities` WHERE `cityid` = 120000 LIMIT 1   [ RunTime:0.1335s ]
SQL: select sjy_community_project_info.*,sjy_community_base_info.sjy_community_name from sjy_community_position_info inner join sjy_community_project_info on sjy_community_position_info.sjy_community_id=sjy_community_project_info.sjy_community_id inner join sjy_community_base_info on sjy_community_position_info.sjy_community_id=sjy_community_base_info.sjy_id where sjy_community_position_info.sjy_community_city=120000 limit 0,4 [ RunTime:0.0005s ]
SQL: select count(*) as num from sjy_community_position_info inner join sjy_community_project_info on sjy_community_position_info.sjy_community_id=sjy_community_project_info.sjy_community_id inner join sjy_community_base_info on sjy_community_position_info.sjy_community_id=sjy_community_base_info.sjy_id where sjy_community_position_info.sjy_community_city=120000 [ RunTime:0.0002s ]

[ 2017-12-04T10:56:10+08:00 ] 121.69.35.250 /shejuyi/index.php/Home/Origanization/chooserole
INFO: [ app_init ] --START--
INFO: Run Behavior\BuildLiteBehavior [ RunTime:0.000016s ]
INFO: [ app_init ] --END-- [ RunTime:0.000327s ]
INFO: [ app_begin ] --START--
INFO: Run Behavior\ReadHtmlCacheBehavior [ RunTime:0.000365s ]
INFO: [ app_begin ] --END-- [ RunTime:0.000399s ]
INFO: [ view_parse ] --START--
INFO: [ template_filter ] --START--
INFO: Run Behavior\ContentReplaceBehavior [ RunTime:0.000055s ]
INFO: [ template_filter ] --END-- [ RunTime:0.000115s ]
INFO: Run Behavior\ParseTemplateBehavior [ RunTime:0.181822s ]
INFO: [ view_parse ] --END-- [ RunTime:0.181881s ]
INFO: [ view_filter ] --START--
INFO: Run Behavior\WriteHtmlCacheBehavior [ RunTime:0.000143s ]
INFO: [ view_filter ] --END-- [ RunTime:0.000164s ]
INFO: [ app_end ] --START--
INFO: Run Behavior\ShowPageTraceBehavior [ RunTime:0.000410s ]
INFO: [ app_end ] --END-- [ RunTime:0.000432s ]

[ 2017-12-04T10:56:44+08:00 ] 121.69.35.250 /shejuyi/
INFO: [ app_init ] --START--
INFO: Run Behavior\BuildLiteBehavior [ RunTime:0.000017s ]
INFO: [ app_init ] --END-- [ RunTime:0.000404s ]
INFO: [ app_begin ] --START--
INFO: Run Behavior\ReadHtmlCacheBehavior [ RunTime:0.126982s ]
INFO: [ app_begin ] --END-- [ RunTime:0.127039s ]
INFO: [ view_parse ] --START--
INFO: [ template_filter ] --START--
INFO: Run Behavior\ContentReplaceBehavior [ RunTime:0.000125s ]
INFO: [ template_filter ] --END-- [ RunTime:0.000188s ]
INFO: Run Behavior\ParseTemplateBehavior [ RunTime:0.176144s ]
INFO: [ view_parse ] --END-- [ RunTime:0.176184s ]
INFO: [ view_filter ] --START--
INFO: Run Behavior\WriteHtmlCacheBehavior [ RunTime:0.000156s ]
INFO: [ view_filter ] --END-- [ RunTime:0.000175s ]
INFO: [ app_end ] --START--
INFO: Run Behavior\ShowPageTraceBehavior [ RunTime:0.000405s ]
INFO: [ app_end ] --END-- [ RunTime:0.000431s ]

[ 2017-12-04T10:56:45+08:00 ] 121.69.35.250 /shejuyi/index.php/Home/Login/login/type/1
INFO: [ app_init ] --START--
INFO: Run Behavior\BuildLiteBehavior [ RunTime:0.000012s ]
INFO: [ app_init ] --END-- [ RunTime:0.000228s ]
INFO: [ app_begin ] --START--
INFO: Run Behavior\ReadHtmlCacheBehavior [ RunTime:0.000324s ]
INFO: [ app_begin ] --END-- [ RunTime:0.000351s ]
INFO: [ view_parse ] --START--
INFO: [ template_filter ] --START--
INFO: Run Behavior\ContentReplaceBehavior [ RunTime:0.000058s ]
INFO: [ template_filter ] --END-- [ RunTime:0.000119s ]
INFO: Run Behavior\ParseTemplateBehavior [ RunTime:0.092493s ]
INFO: [ view_parse ] --END-- [ RunTime:0.092518s ]
INFO: [ view_filter ] --START--
INFO: Run Behavior\WriteHtmlCacheBehavior [ RunTime:0.000135s ]
INFO: [ view_filter ] --END-- [ RunTime:0.000156s ]
INFO: [ app_end ] --START--
INFO: Run Behavior\ShowPageTraceBehavior [ RunTime:0.000358s ]
INFO: [ app_end ] --END-- [ RunTime:0.000381s ]

[ 2017-12-04T10:56:46+08:00 ] 121.69.35.250 /shejuyi/index.php/Home/Origanization/index
INFO: [ app_init ] --START--
INFO: Run Behavior\BuildLiteBehavior [ RunTime:0.000017s ]
INFO: [ app_init ] --END-- [ RunTime:0.000298s ]
INFO: [ app_begin ] --START--
INFO: Run Behavior\ReadHtmlCacheBehavior [ RunTime:0.000335s ]
INFO: [ app_begin ] --END-- [ RunTime:0.000361s ]
SQL: SHOW COLUMNS FROM `sjy_origanization_user_info` [ RunTime:0.0010s ]
SQL: SELECT * FROM `sjy_origanization_user_info` WHERE `sjy_id` = 45 LIMIT 1   [ RunTime:0.0003s ]
SQL: SHOW COLUMNS FROM `sjy_cities` [ RunTime:0.0004s ]
SQL: SELECT * FROM `sjy_cities` WHERE `cityid` = 120000 LIMIT 1   [ RunTime:0.0002s ]
NOTIC: [8] Undefined variable: isidentify /xiaoheiwu/shejuyi/Application/Home/Controller/OriganizationController.class.php 第 96 行.
INFO: [ view_parse ] --START--
INFO: [ template_filter ] --START--
INFO: Run Behavior\ContentReplaceBehavior [ RunTime:0.000162s ]
INFO: [ template_filter ] --END-- [ RunTime:0.000221s ]
NOTIC: [8] Undefined variable: info /xiaoheiwu/shejuyi/Application/Runtime/Cache/Home/902041a5b34c13ce8e049e37450c1bab.php 第 214 行.
INFO: Run Behavior\ParseTemplateBehavior [ RunTime:0.188360s ]
INFO: [ view_parse ] --END-- [ RunTime:0.188388s ]
INFO: [ view_filter ] --START--
INFO: Run Behavior\WriteHtmlCacheBehavior [ RunTime:0.000139s ]
INFO: [ view_filter ] --END-- [ RunTime:0.000160s ]
INFO: [ app_end ] --START--
INFO: Run Behavior\ShowPageTraceBehavior [ RunTime:0.000407s ]
INFO: [ app_end ] --END-- [ RunTime:0.000433s ]

[ 2017-12-04T10:56:47+08:00 ] 121.69.35.250 /shejuyi/index.php/Home/Origanization/getprojectlist?page=1
INFO: [ app_init ] --START--
INFO: Run Behavior\BuildLiteBehavior [ RunTime:0.000010s ]
INFO: [ app_init ] --END-- [ RunTime:0.000224s ]
INFO: [ app_begin ] --START--
INFO: Run Behavior\ReadHtmlCacheBehavior [ RunTime:0.000305s ]
INFO: [ app_begin ] --END-- [ RunTime:0.000371s ]
SQL: SHOW COLUMNS FROM `sjy_cities` [ RunTime:0.0008s ]
SQL: SELECT * FROM `sjy_cities` WHERE `cityid` = 120000 LIMIT 1   [ RunTime:0.0002s ]
SQL: select sjy_community_project_info.*,sjy_community_base_info.sjy_community_name from sjy_community_position_info inner join sjy_community_project_info on sjy_community_position_info.sjy_community_id=sjy_community_project_info.sjy_community_id inner join sjy_community_base_info on sjy_community_position_info.sjy_community_id=sjy_community_base_info.sjy_id where sjy_community_position_info.sjy_community_city=120000 limit 0,4 [ RunTime:0.0004s ]
SQL: select count(*) as num from sjy_community_position_info inner join sjy_community_project_info on sjy_community_position_info.sjy_community_id=sjy_community_project_info.sjy_community_id inner join sjy_community_base_info on sjy_community_position_info.sjy_community_id=sjy_community_base_info.sjy_id where sjy_community_position_info.sjy_community_city=120000 [ RunTime:0.0003s ]

[ 2017-12-04T10:56:47+08:00 ] 121.69.35.250 /shejuyi/index.php/Home/Origanization/chooserole
INFO: [ app_init ] --START--
INFO: Run Behavior\BuildLiteBehavior [ RunTime:0.000014s ]
INFO: [ app_init ] --END-- [ RunTime:0.000309s ]
INFO: [ app_begin ] --START--
INFO: Run Behavior\ReadHtmlCacheBehavior [ RunTime:0.000350s ]
INFO: [ app_begin ] --END-- [ RunTime:0.000380s ]
INFO: [ view_parse ] --START--
INFO: [ template_filter ] --START--
INFO: Run Behavior\ContentReplaceBehavior [ RunTime:0.000058s ]
INFO: [ template_filter ] --END-- [ RunTime:0.000121s ]
INFO: Run Behavior\ParseTemplateBehavior [ RunTime:0.143388s ]
INFO: [ view_parse ] --END-- [ RunTime:0.143419s ]
INFO: [ view_filter ] --START--
INFO: Run Behavior\WriteHtmlCacheBehavior [ RunTime:0.000127s ]
INFO: [ view_filter ] --END-- [ RunTime:0.000146s ]
INFO: [ app_end ] --START--
INFO: Run Behavior\ShowPageTraceBehavior [ RunTime:0.000361s ]
INFO: [ app_end ] --END-- [ RunTime:0.000388s ]

[ 2017-12-04T10:56:50+08:00 ] 121.69.35.250 /shejuyi/index.php/Home/Origanization/logout
INFO: [ app_init ] --START--
INFO: Run Behavior\BuildLiteBehavior [ RunTime:0.000014s ]
INFO: [ app_init ] --END-- [ RunTime:0.000301s ]
INFO: [ app_begin ] --START--
INFO: Run Behavior\ReadHtmlCacheBehavior [ RunTime:0.000309s ]
INFO: [ app_begin ] --END-- [ RunTime:0.000334s ]
INFO: [ app_end ] --START--
INFO: Run Behavior\ShowPageTraceBehavior [ RunTime:0.000291s ]
INFO: [ app_end ] --END-- [ RunTime:0.000319s ]

[ 2017-12-04T10:56:50+08:00 ] 121.69.35.250 /shejuyi/
INFO: [ app_init ] --START--
INFO: Run Behavior\BuildLiteBehavior [ RunTime:0.000014s ]
INFO: [ app_init ] --END-- [ RunTime:0.000431s ]
INFO: [ app_begin ] --START--
INFO: Run Behavior\ReadHtmlCacheBehavior [ RunTime:0.000342s ]
INFO: [ app_begin ] --END-- [ RunTime:0.000368s ]
INFO: [ view_parse ] --START--
INFO: [ template_filter ] --START--
INFO: Run Behavior\ContentReplaceBehavior [ RunTime:0.000100s ]
INFO: [ template_filter ] --END-- [ RunTime:0.000144s ]
INFO: Run Behavior\ParseTemplateBehavior [ RunTime:0.135061s ]
INFO: [ view_parse ] --END-- [ RunTime:0.135092s ]
INFO: [ view_filter ] --START--
INFO: Run Behavior\WriteHtmlCacheBehavior [ RunTime:0.000089s ]
INFO: [ view_filter ] --END-- [ RunTime:0.000107s ]
INFO: [ app_end ] --START--
INFO: Run Behavior\ShowPageTraceBehavior [ RunTime:0.000399s ]
INFO: [ app_end ] --END-- [ RunTime:0.000429s ]

[ 2017-12-04T10:56:52+08:00 ] 121.69.35.250 /shejuyi/index.php/Home/Login/login/type/1
INFO: [ app_init ] --START--
INFO: Run Behavior\BuildLiteBehavior [ RunTime:0.000010s ]
INFO: [ app_init ] --END-- [ RunTime:0.000202s ]
INFO: [ app_begin ] --START--
INFO: Run Behavior\ReadHtmlCacheBehavior [ RunTime:0.000276s ]
INFO: [ app_begin ] --END-- [ RunTime:0.000301s ]
INFO: [ view_parse ] --START--
INFO: [ template_filter ] --START--
INFO: Run Behavior\ContentReplaceBehavior [ RunTime:0.000058s ]
INFO: [ template_filter ] --END-- [ RunTime:0.000113s ]
INFO: Run Behavior\ParseTemplateBehavior [ RunTime:0.192937s ]
INFO: [ view_parse ] --END-- [ RunTime:0.192960s ]
INFO: [ view_filter ] --START--
INFO: Run Behavior\WriteHtmlCacheBehavior [ RunTime:0.000123s ]
INFO: [ view_filter ] --END-- [ RunTime:0.000142s ]
INFO: [ app_end ] --START--
INFO: Run Behavior\ShowPageTraceBehavior [ RunTime:0.000359s ]
INFO: [ app_end ] --END-- [ RunTime:0.000380s ]

[ 2017-12-04T10:56:57+08:00 ] 121.69.35.250 /shejuyi/index.php/Home/Login/dologin
INFO: [ app_init ] --START--
INFO: Run Behavior\BuildLiteBehavior [ RunTime:0.000011s ]
INFO: [ app_init ] --END-- [ RunTime:0.000219s ]
INFO: [ app_begin ] --START--
INFO: Run Behavior\ReadHtmlCacheBehavior [ RunTime:0.000437s ]
INFO: [ app_begin ] --END-- [ RunTime:0.000475s ]
SQL: SHOW COLUMNS FROM `sjy_origanization_user_info` [ RunTime:0.0009s ]
SQL: SELECT * FROM `sjy_origanization_user_info` WHERE `sjy_origanization_login_id` = '13820962107' LIMIT 1   [ RunTime:0.0003s ]
SQL: SELECT * FROM `sjy_origanization_user_info` WHERE `sjy_origanization_login_id` = '13820962107' LIMIT 1   [ RunTime:0.0002s ]

[ 2017-12-04T10:56:58+08:00 ] 121.69.35.250 /shejuyi/index.php/Home/Origanization/index
INFO: [ app_init ] --START--
INFO: Run Behavior\BuildLiteBehavior [ RunTime:0.000013s ]
INFO: [ app_init ] --END-- [ RunTime:0.000300s ]
INFO: [ app_begin ] --START--
INFO: Run Behavior\ReadHtmlCacheBehavior [ RunTime:0.000298s ]
INFO: [ app_begin ] --END-- [ RunTime:0.000324s ]
SQL: SHOW COLUMNS FROM `sjy_origanization_user_info` [ RunTime:0.0009s ]
SQL: SELECT * FROM `sjy_origanization_user_info` WHERE `sjy_id` = 43 LIMIT 1   [ RunTime:0.0003s ]
SQL: SHOW COLUMNS FROM `sjy_cities` [ RunTime:0.0004s ]
SQL: SELECT * FROM `sjy_cities` WHERE `cityid` = 120000 LIMIT 1   [ RunTime:0.0002s ]
NOTIC: [8] Undefined variable: isidentify /xiaoheiwu/shejuyi/Application/Home/Controller/OriganizationController.class.php 第 96 行.
INFO: [ view_parse ] --START--
INFO: [ template_filter ] --START--
INFO: Run Behavior\ContentReplaceBehavior [ RunTime:0.000190s ]
INFO: [ template_filter ] --END-- [ RunTime:0.000250s ]
NOTIC: [8] Undefined variable: info /xiaoheiwu/shejuyi/Application/Runtime/Cache/Home/902041a5b34c13ce8e049e37450c1bab.php 第 214 行.
INFO: Run Behavior\ParseTemplateBehavior [ RunTime:0.130716s ]
INFO: [ view_parse ] --END-- [ RunTime:0.130738s ]
INFO: [ view_filter ] --START--
INFO: Run Behavior\WriteHtmlCacheBehavior [ RunTime:0.000121s ]
INFO: [ view_filter ] --END-- [ RunTime:0.000141s ]
INFO: [ app_end ] --START--
INFO: Run Behavior\ShowPageTraceBehavior [ RunTime:0.000555s ]
INFO: [ app_end ] --END-- [ RunTime:0.000622s ]

[ 2017-12-04T10:56:59+08:00 ] 121.69.35.250 /shejuyi/index.php/Home/Origanization/getprojectlist?page=1
INFO: [ app_init ] --START--
INFO: Run Behavior\BuildLiteBehavior [ RunTime:0.000012s ]
INFO: [ app_init ] --END-- [ RunTime:0.000231s ]
INFO: [ app_begin ] --START--
INFO: Run Behavior\ReadHtmlCacheBehavior [ RunTime:0.000310s ]
INFO: [ app_begin ] --END-- [ RunTime:0.000334s ]
SQL: SHOW COLUMNS FROM `sjy_cities` [ RunTime:0.0007s ]
SQL: SELECT * FROM `sjy_cities` WHERE `cityid` = 120000 LIMIT 1   [ RunTime:0.0002s ]
SQL: select sjy_community_project_info.*,sjy_community_base_info.sjy_community_name from sjy_community_position_info inner join sjy_community_project_info on sjy_community_position_info.sjy_community_id=sjy_community_project_info.sjy_community_id inner join sjy_community_base_info on sjy_community_position_info.sjy_community_id=sjy_community_base_info.sjy_id where sjy_community_position_info.sjy_community_city=120000 limit 0,4 [ RunTime:0.0364s ]
SQL: select count(*) as num from sjy_community_position_info inner join sjy_community_project_info on sjy_community_position_info.sjy_community_id=sjy_community_project_info.sjy_community_id inner join sjy_community_base_info on sjy_community_position_info.sjy_community_id=sjy_community_base_info.sjy_id where sjy_community_position_info.sjy_community_city=120000 [ RunTime:0.0003s ]

[ 2017-12-04T10:56:59+08:00 ] 121.69.35.250 /shejuyi/index.php/Home/Origanization/chooserole
INFO: [ app_init ] --START--
INFO: Run Behavior\BuildLiteBehavior [ RunTime:0.000011s ]
INFO: [ app_init ] --END-- [ RunTime:0.000253s ]
INFO: [ app_begin ] --START--
INFO: Run Behavior\ReadHtmlCacheBehavior [ RunTime:0.000315s ]
INFO: [ app_begin ] --END-- [ RunTime:0.000352s ]
INFO: [ view_parse ] --START--
INFO: [ template_filter ] --START--
INFO: Run Behavior\ContentReplaceBehavior [ RunTime:0.000037s ]
INFO: [ template_filter ] --END-- [ RunTime:0.000066s ]
INFO: Run Behavior\ParseTemplateBehavior [ RunTime:0.003140s ]
INFO: [ view_parse ] --END-- [ RunTime:0.003169s ]
INFO: [ view_filter ] --START--
INFO: Run Behavior\WriteHtmlCacheBehavior [ RunTime:0.140409s ]
INFO: [ view_filter ] --END-- [ RunTime:0.140479s ]
INFO: [ app_end ] --START--
INFO: Run Behavior\ShowPageTraceBehavior [ RunTime:0.000461s ]
INFO: [ app_end ] --END-- [ RunTime:0.000491s ]

[ 2017-12-04T10:57:12+08:00 ] 121.69.35.250 /shejuyi/index.php/Home/Origanization/logout
INFO: [ app_init ] --START--
INFO: Run Behavior\BuildLiteBehavior [ RunTime:0.000018s ]
INFO: [ app_init ] --END-- [ RunTime:0.000423s ]
INFO: [ app_begin ] --START--
INFO: Run Behavior\ReadHtmlCacheBehavior [ RunTime:0.000456s ]
INFO: [ app_begin ] --END-- [ RunTime:0.000511s ]
INFO: [ app_end ] --START--
INFO: Run Behavior\ShowPageTraceBehavior [ RunTime:0.000347s ]
INFO: [ app_end ] --END-- [ RunTime:0.000378s ]

[ 2017-12-04T10:57:13+08:00 ] 121.69.35.250 /shejuyi/
INFO: [ app_init ] --START--
INFO: Run Behavior\BuildLiteBehavior [ RunTime:0.000012s ]
INFO: [ app_init ] --END-- [ RunTime:0.000221s ]
INFO: [ app_begin ] --START--
INFO: Run Behavior\ReadHtmlCacheBehavior [ RunTime:0.000310s ]
INFO: [ app_begin ] --END-- [ RunTime:0.000335s ]
INFO: [ view_parse ] --START--
INFO: [ template_filter ] --START--
INFO: Run Behavior\ContentReplaceBehavior [ RunTime:0.000122s ]
INFO: [ template_filter ] --END-- [ RunTime:0.000182s ]
INFO: Run Behavior\ParseTemplateBehavior [ RunTime:0.193813s ]
INFO: [ view_parse ] --END-- [ RunTime:0.193840s ]
INFO: [ view_filter ] --START--
INFO: Run Behavior\WriteHtmlCacheBehavior [ RunTime:0.000129s ]
INFO: [ view_filter ] --END-- [ RunTime:0.000154s ]
INFO: [ app_end ] --START--
INFO: Run Behavior\ShowPageTraceBehavior [ RunTime:0.000437s ]
INFO: [ app_end ] --END-- [ RunTime:0.000465s ]

[ 2017-12-04T10:57:15+08:00 ] 121.69.35.250 /shejuyi/index.php/Home/Login/login/type/1
INFO: [ app_init ] --START--
INFO: Run Behavior\BuildLiteBehavior [ RunTime:0.000013s ]
INFO: [ app_init ] --END-- [ RunTime:0.000233s ]
INFO: [ app_begin ] --START--
INFO: Run Behavior\ReadHtmlCacheBehavior [ RunTime:0.000296s ]
INFO: [ app_begin ] --END-- [ RunTime:0.000321s ]
INFO: [ view_parse ] --START--
INFO: [ template_filter ] --START--
INFO: Run Behavior\ContentReplaceBehavior [ RunTime:0.000058s ]
INFO: [ template_filter ] --END-- [ RunTime:0.000139s ]
INFO: Run Behavior\ParseTemplateBehavior [ RunTime:0.083916s ]
INFO: [ view_parse ] --END-- [ RunTime:0.083946s ]
INFO: [ view_filter ] --START--
INFO: Run Behavior\WriteHtmlCacheBehavior [ RunTime:0.000142s ]
INFO: [ view_filter ] --END-- [ RunTime:0.000170s ]
INFO: [ app_end ] --START--
INFO: Run Behavior\ShowPageTraceBehavior [ RunTime:0.100942s ]
INFO: [ app_end ] --END-- [ RunTime:0.101013s ]

[ 2017-12-04T10:57:18+08:00 ] 121.69.35.250 /shejuyi/index.php/Home/Login/dologin
INFO: [ app_init ] --START--
INFO: Run Behavior\BuildLiteBehavior [ RunTime:0.000013s ]
INFO: [ app_init ] --END-- [ RunTime:0.000244s ]
INFO: [ app_begin ] --START--
INFO: Run Behavior\ReadHtmlCacheBehavior [ RunTime:0.000295s ]
INFO: [ app_begin ] --END-- [ RunTime:0.000321s ]
SQL: SHOW COLUMNS FROM `sjy_origanization_user_info` [ RunTime:0.0009s ]
SQL: SELECT * FROM `sjy_origanization_user_info` WHERE `sjy_origanization_login_id` = '13683315040' LIMIT 1   [ RunTime:0.0003s ]
SQL: INSERT INTO `sjy_origanization_user_info` (`sjy_origanization_login_id`,`sjy_origanization_user_image`,`sjy_origanization_user_register_time`) VALUES ('13683315040','/Uploads/touxiang/moren.png','2017-12-04 10:57:18') [ RunTime:0.3171s ]
SQL: SELECT * FROM `sjy_origanization_user_info` WHERE `sjy_origanization_login_id` = '13683315040' LIMIT 1   [ RunTime:0.0005s ]

[ 2017-12-04T10:57:19+08:00 ] 121.69.35.250 /shejuyi/index.php/Home/Origanization/index
INFO: [ app_init ] --START--
INFO: Run Behavior\BuildLiteBehavior [ RunTime:0.000025s ]
INFO: [ app_init ] --END-- [ RunTime:0.036357s ]
INFO: [ app_begin ] --START--
INFO: Run Behavior\ReadHtmlCacheBehavior [ RunTime:0.000361s ]
INFO: [ app_begin ] --END-- [ RunTime:0.000387s ]
SQL: SHOW COLUMNS FROM `sjy_origanization_user_info` [ RunTime:0.0009s ]
SQL: SELECT * FROM `sjy_origanization_user_info` WHERE `sjy_id` = 46 LIMIT 1   [ RunTime:0.0003s ]
SQL: SHOW COLUMNS FROM `sjy_cities` [ RunTime:0.0004s ]
SQL: SELECT * FROM `sjy_cities` WHERE `cityid` = 120000 LIMIT 1   [ RunTime:0.0002s ]
NOTIC: [8] Undefined variable: isidentify /xiaoheiwu/shejuyi/Application/Home/Controller/OriganizationController.class.php 第 96 行.
INFO: [ view_parse ] --START--
INFO: [ template_filter ] --START--
INFO: Run Behavior\ContentReplaceBehavior [ RunTime:0.000149s ]
INFO: [ template_filter ] --END-- [ RunTime:0.000203s ]
NOTIC: [8] Undefined variable: info /xiaoheiwu/shejuyi/Application/Runtime/Cache/Home/902041a5b34c13ce8e049e37450c1bab.php 第 214 行.
INFO: Run Behavior\ParseTemplateBehavior [ RunTime:0.186340s ]
INFO: [ view_parse ] --END-- [ RunTime:0.186364s ]
INFO: [ view_filter ] --START--
INFO: Run Behavior\WriteHtmlCacheBehavior [ RunTime:0.000122s ]
INFO: [ view_filter ] --END-- [ RunTime:0.000142s ]
INFO: [ app_end ] --START--
INFO: Run Behavior\ShowPageTraceBehavior [ RunTime:0.000358s ]
INFO: [ app_end ] --END-- [ RunTime:0.000385s ]

[ 2017-12-04T10:57:20+08:00 ] 121.69.35.250 /shejuyi/index.php/Home/Origanization/getprojectlist?page=1
INFO: [ app_init ] --START--
INFO: Run Behavior\BuildLiteBehavior [ RunTime:0.000012s ]
INFO: [ app_init ] --END-- [ RunTime:0.000253s ]
INFO: [ app_begin ] --START--
INFO: Run Behavior\ReadHtmlCacheBehavior [ RunTime:0.000284s ]
INFO: [ app_begin ] --END-- [ RunTime:0.000308s ]
SQL: SHOW COLUMNS FROM `sjy_cities` [ RunTime:0.0008s ]
SQL: SELECT * FROM `sjy_cities` WHERE `cityid` = 120000 LIMIT 1   [ RunTime:0.0007s ]
SQL: select sjy_community_project_info.*,sjy_community_base_info.sjy_community_name from sjy_community_position_info inner join sjy_community_project_info on sjy_community_position_info.sjy_community_id=sjy_community_project_info.sjy_community_id inner join sjy_community_base_info on sjy_community_position_info.sjy_community_id=sjy_community_base_info.sjy_id where sjy_community_position_info.sjy_community_city=120000 limit 0,4 [ RunTime:0.0004s ]
SQL: select count(*) as num from sjy_community_position_info inner join sjy_community_project_info on sjy_community_position_info.sjy_community_id=sjy_community_project_info.sjy_community_id inner join sjy_community_base_info on sjy_community_position_info.sjy_community_id=sjy_community_base_info.sjy_id where sjy_community_position_info.sjy_community_city=120000 [ RunTime:0.0381s ]

[ 2017-12-04T10:57:20+08:00 ] 121.69.35.250 /shejuyi/index.php/Home/Origanization/chooserole
INFO: [ app_init ] --START--
INFO: Run Behavior\BuildLiteBehavior [ RunTime:0.000007s ]
INFO: [ app_init ] --END-- [ RunTime:0.000207s ]
INFO: [ app_begin ] --START--
INFO: Run Behavior\ReadHtmlCacheBehavior [ RunTime:0.000253s ]
INFO: [ app_begin ] --END-- [ RunTime:0.000277s ]
INFO: [ view_parse ] --START--
INFO: [ template_filter ] --START--
INFO: Run Behavior\ContentReplaceBehavior [ RunTime:0.000042s ]
INFO: [ template_filter ] --END-- [ RunTime:0.000094s ]
INFO: Run Behavior\ParseTemplateBehavior [ RunTime:0.184373s ]
INFO: [ view_parse ] --END-- [ RunTime:0.184436s ]
INFO: [ view_filter ] --START--
INFO: Run Behavior\WriteHtmlCacheBehavior [ RunTime:0.000140s ]
INFO: [ view_filter ] --END-- [ RunTime:0.000159s ]
INFO: [ app_end ] --START--
INFO: Run Behavior\ShowPageTraceBehavior [ RunTime:0.000510s ]
INFO: [ app_end ] --END-- [ RunTime:0.000547s ]

[ 2017-12-04T10:58:01+08:00 ] 121.69.35.250 /shejuyi/index.php/Home/Origanization/logout
INFO: [ app_init ] --START--
INFO: Run Behavior\BuildLiteBehavior [ RunTime:0.000021s ]
INFO: [ app_init ] --END-- [ RunTime:0.000411s ]
INFO: [ app_begin ] --START--
INFO: Run Behavior\ReadHtmlCacheBehavior [ RunTime:0.000562s ]
INFO: [ app_begin ] --END-- [ RunTime:0.000629s ]
INFO: [ app_end ] --START--
INFO: Run Behavior\ShowPageTraceBehavior [ RunTime:0.000410s ]
INFO: [ app_end ] --END-- [ RunTime:0.000464s ]

[ 2017-12-04T10:58:01+08:00 ] 121.69.35.250 /shejuyi/
INFO: [ app_init ] --START--
INFO: Run Behavior\BuildLiteBehavior [ RunTime:0.000015s ]
INFO: [ app_init ] --END-- [ RunTime:0.000315s ]
INFO: [ app_begin ] --START--
INFO: Run Behavior\ReadHtmlCacheBehavior [ RunTime:0.000335s ]
INFO: [ app_begin ] --END-- [ RunTime:0.000361s ]
INFO: [ view_parse ] --START--
INFO: [ template_filter ] --START--
INFO: Run Behavior\ContentReplaceBehavior [ RunTime:0.000149s ]
INFO: [ template_filter ] --END-- [ RunTime:0.050357s ]
INFO: Run Behavior\ParseTemplateBehavior [ RunTime:0.084596s ]
INFO: [ view_parse ] --END-- [ RunTime:0.084648s ]
INFO: [ view_filter ] --START--
INFO: Run Behavior\WriteHtmlCacheBehavior [ RunTime:0.000276s ]
INFO: [ view_filter ] --END-- [ RunTime:0.000311s ]
INFO: [ app_end ] --START--
INFO: Run Behavior\ShowPageTraceBehavior [ RunTime:0.000613s ]
INFO: [ app_end ] --END-- [ RunTime:0.000655s ]

[ 2017-12-04T10:58:02+08:00 ] 121.69.35.250 /shejuyi/index.php/Home/Login/login/type/1
INFO: [ app_init ] --START--
INFO: Run Behavior\BuildLiteBehavior [ RunTime:0.000012s ]
INFO: [ app_init ] --END-- [ RunTime:0.000229s ]
INFO: [ app_begin ] --START--
INFO: Run Behavior\ReadHtmlCacheBehavior [ RunTime:0.000288s ]
INFO: [ app_begin ] --END-- [ RunTime:0.000332s ]
INFO: [ view_parse ] --START--
INFO: [ template_filter ] --START--
INFO: Run Behavior\ContentReplaceBehavior [ RunTime:0.000047s ]
INFO: [ template_filter ] --END-- [ RunTime:0.000082s ]
INFO: Run Behavior\ParseTemplateBehavior [ RunTime:0.053757s ]
INFO: [ view_parse ] --END-- [ RunTime:0.053819s ]
INFO: [ view_filter ] --START--
INFO: Run Behavior\WriteHtmlCacheBehavior [ RunTime:0.000153s ]
INFO: [ view_filter ] --END-- [ RunTime:0.000174s ]
INFO: [ app_end ] --START--
INFO: Run Behavior\ShowPageTraceBehavior [ RunTime:0.000393s ]
INFO: [ app_end ] --END-- [ RunTime:0.000415s ]

[ 2017-12-04T10:58:06+08:00 ] 121.69.35.250 /shejuyi/index.php/Home/Login/dologin
INFO: [ app_init ] --START--
INFO: Run Behavior\BuildLiteBehavior [ RunTime:0.000010s ]
INFO: [ app_init ] --END-- [ RunTime:0.000210s ]
INFO: [ app_begin ] --START--
INFO: Run Behavior\ReadHtmlCacheBehavior [ RunTime:0.000287s ]
INFO: [ app_begin ] --END-- [ RunTime:0.000313s ]
SQL: SHOW COLUMNS FROM `sjy_origanization_user_info` [ RunTime:0.0009s ]
SQL: SELECT * FROM `sjy_origanization_user_info` WHERE `sjy_origanization_login_id` = '15201176732' LIMIT 1   [ RunTime:0.0003s ]
SQL: SELECT * FROM `sjy_origanization_user_info` WHERE `sjy_origanization_login_id` = '15201176732' LIMIT 1   [ RunTime:0.0002s ]

[ 2017-12-04T10:58:07+08:00 ] 121.69.35.250 /shejuyi/index.php/Home/Origanization/index
INFO: [ app_init ] --START--
INFO: Run Behavior\BuildLiteBehavior [ RunTime:0.000012s ]
INFO: [ app_init ] --END-- [ RunTime:0.000245s ]
INFO: [ app_begin ] --START--
INFO: Run Behavior\ReadHtmlCacheBehavior [ RunTime:0.000289s ]
INFO: [ app_begin ] --END-- [ RunTime:0.000319s ]
SQL: SHOW COLUMNS FROM `sjy_origanization_user_info` [ RunTime:0.0012s ]
SQL: SELECT * FROM `sjy_origanization_user_info` WHERE `sjy_id` = 41 LIMIT 1   [ RunTime:0.1049s ]
SQL: SHOW COLUMNS FROM `sjy_cities` [ RunTime:0.0007s ]
SQL: SELECT * FROM `sjy_cities` WHERE `cityid` = 120000 LIMIT 1   [ RunTime:0.0002s ]
INFO: [ view_parse ] --START--
INFO: [ template_filter ] --START--
INFO: Run Behavior\ContentReplaceBehavior [ RunTime:0.020166s ]
INFO: [ template_filter ] --END-- [ RunTime:0.020207s ]
NOTIC: [8] Undefined variable: info /xiaoheiwu/shejuyi/Application/Runtime/Cache/Home/902041a5b34c13ce8e049e37450c1bab.php 第 214 行.
INFO: Run Behavior\ParseTemplateBehavior [ RunTime:0.026152s ]
INFO: [ view_parse ] --END-- [ RunTime:0.026175s ]
INFO: [ view_filter ] --START--
INFO: Run Behavior\WriteHtmlCacheBehavior [ RunTime:0.000099s ]
INFO: [ view_filter ] --END-- [ RunTime:0.000117s ]
INFO: [ app_end ] --START--
INFO: Run Behavior\ShowPageTraceBehavior [ RunTime:0.050676s ]
INFO: [ app_end ] --END-- [ RunTime:0.050731s ]

[ 2017-12-04T10:58:08+08:00 ] 121.69.35.250 /shejuyi/index.php/Home/Origanization/getprojectlist?page=1
INFO: [ app_init ] --START--
INFO: Run Behavior\BuildLiteBehavior [ RunTime:0.000009s ]
INFO: [ app_init ] --END-- [ RunTime:0.000206s ]
INFO: [ app_begin ] --START--
INFO: Run Behavior\ReadHtmlCacheBehavior [ RunTime:0.000250s ]
INFO: [ app_begin ] --END-- [ RunTime:0.000272s ]
SQL: SHOW COLUMNS FROM `sjy_cities` [ RunTime:0.0010s ]
SQL: SELECT * FROM `sjy_cities` WHERE `cityid` = 120000 LIMIT 1   [ RunTime:0.0290s ]
SQL: select sjy_community_project_info.*,sjy_community_base_info.sjy_community_name from sjy_community_position_info inner join sjy_community_project_info on sjy_community_position_info.sjy_community_id=sjy_community_project_info.sjy_community_id inner join sjy_community_base_info on sjy_community_position_info.sjy_community_id=sjy_community_base_info.sjy_id where sjy_community_position_info.sjy_community_city=120000 limit 0,4 [ RunTime:0.0005s ]
SQL: select count(*) as num from sjy_community_position_info inner join sjy_community_project_info on sjy_community_position_info.sjy_community_id=sjy_community_project_info.sjy_community_id inner join sjy_community_base_info on sjy_community_position_info.sjy_community_id=sjy_community_base_info.sjy_id where sjy_community_position_info.sjy_community_city=120000 [ RunTime:0.1279s ]

[ 2017-12-04T10:58:10+08:00 ] 121.69.35.250 /shejuyi/index.php/Home/Origanization/myproject
INFO: [ app_init ] --START--
INFO: Run Behavior\BuildLiteBehavior [ RunTime:0.000014s ]
INFO: [ app_init ] --END-- [ RunTime:0.000335s ]
INFO: [ app_begin ] --START--
INFO: Run Behavior\ReadHtmlCacheBehavior [ RunTime:0.028479s ]
INFO: [ app_begin ] --END-- [ RunTime:0.028541s ]
INFO: [ view_parse ] --START--
INFO: [ template_filter ] --START--
INFO: Run Behavior\ContentReplaceBehavior [ RunTime:0.000157s ]
INFO: [ template_filter ] --END-- [ RunTime:0.000215s ]
INFO: Run Behavior\ParseTemplateBehavior [ RunTime:0.193134s ]
INFO: [ view_parse ] --END-- [ RunTime:0.193206s ]
INFO: [ view_filter ] --START--
INFO: Run Behavior\WriteHtmlCacheBehavior [ RunTime:0.000147s ]
INFO: [ view_filter ] --END-- [ RunTime:0.000167s ]
INFO: [ app_end ] --START--
INFO: Run Behavior\ShowPageTraceBehavior [ RunTime:0.000410s ]
INFO: [ app_end ] --END-- [ RunTime:0.000435s ]

[ 2017-12-04T10:58:12+08:00 ] 121.69.35.250 /shejuyi/index.php/Home/Origanization/alreadysendprojectbook?page=1&limit=10
INFO: [ app_init ] --START--
INFO: Run Behavior\BuildLiteBehavior [ RunTime:0.000007s ]
INFO: [ app_init ] --END-- [ RunTime:0.000212s ]
INFO: [ app_begin ] --START--
INFO: Run Behavior\ReadHtmlCacheBehavior [ RunTime:0.000266s ]
INFO: [ app_begin ] --END-- [ RunTime:0.000291s ]
SQL: SHOW COLUMNS FROM `sjy_project` [ RunTime:0.0009s ]
SQL: SELECT * FROM `sjy_project` WHERE `origanization_id` = 14 AND `status` = 1  [ RunTime:0.0005s ]

[ 2017-12-04T10:58:12+08:00 ] 121.69.35.250 /shejuyi/index.php/Home/Origanization/invateme?page=1&limit=10
INFO: [ app_init ] --START--
INFO: Run Behavior\BuildLiteBehavior [ RunTime:0.000012s ]
INFO: [ app_init ] --END-- [ RunTime:0.009275s ]
INFO: [ app_begin ] --START--
INFO: Run Behavior\ReadHtmlCacheBehavior [ RunTime:0.000316s ]
INFO: [ app_begin ] --END-- [ RunTime:0.000342s ]
SQL: SHOW COLUMNS FROM `sjy_project` [ RunTime:0.0009s ]
SQL: SELECT * FROM `sjy_project` WHERE `origanization_id` = 14 AND `status` = 0  [ RunTime:0.0434s ]

[ 2017-12-04T10:58:12+08:00 ] 121.69.35.250 /shejuyi/index.php/Home/Origanization/ingproject?page=1&limit=10
INFO: [ app_init ] --START--
INFO: Run Behavior\BuildLiteBehavior [ RunTime:0.000018s ]
INFO: [ app_init ] --END-- [ RunTime:0.000315s ]
INFO: [ app_begin ] --START--
INFO: Run Behavior\ReadHtmlCacheBehavior [ RunTime:0.000312s ]
INFO: [ app_begin ] --END-- [ RunTime:0.000337s ]
SQL: SHOW COLUMNS FROM `sjy_project` [ RunTime:0.0009s ]
SQL: SELECT * FROM `sjy_project` WHERE `origanization_id` = 14 AND `status` BETWEEN 10 AND 98  [ RunTime:0.0368s ]
SQL: SHOW COLUMNS FROM `sjy_community_project_info` [ RunTime:0.0009s ]
SQL: SELECT * FROM `sjy_community_project_info` WHERE `sjy_id` = 31 LIMIT 1   [ RunTime:0.0567s ]
SQL: SHOW COLUMNS FROM `sjy_community_base_info` [ RunTime:0.0010s ]
SQL: SELECT `sjy_community_name` FROM `sjy_community_base_info` WHERE `sjy_id` = 12 LIMIT 1   [ RunTime:0.0002s ]

[ 2017-12-04T10:58:12+08:00 ] 121.69.35.250 /shejuyi/index.php/Home/Origanization/mysendproject?page=1&limit=10
INFO: [ app_init ] --START--
INFO: Run Behavior\BuildLiteBehavior [ RunTime:0.000011s ]
INFO: [ app_init ] --END-- [ RunTime:0.000236s ]
INFO: [ app_begin ] --START--
INFO: Run Behavior\ReadHtmlCacheBehavior [ RunTime:0.000276s ]
INFO: [ app_begin ] --END-- [ RunTime:0.000316s ]
SQL: SHOW COLUMNS FROM `sjy_origanization_project_info` [ RunTime:0.0009s ]
SQL: SELECT * FROM `sjy_origanization_project_info` WHERE `sjy_origanization_id` = '14'  [ RunTime:0.0003s ]

[ 2017-12-04T10:58:13+08:00 ] 121.69.35.250 /shejuyi/index.php/Home/Origanization/waitdelproject?page=1&limit=10
INFO: [ app_init ] --START--
INFO: Run Behavior\BuildLiteBehavior [ RunTime:0.000014s ]
INFO: [ app_init ] --END-- [ RunTime:0.011432s ]
INFO: [ app_begin ] --START--
INFO: Run Behavior\ReadHtmlCacheBehavior [ RunTime:0.000316s ]
INFO: [ app_begin ] --END-- [ RunTime:0.000340s ]
SQL: SHOW COLUMNS FROM `sjy_project` [ RunTime:0.0010s ]
SQL: SELECT * FROM `sjy_project` WHERE `origanization_id` = 14 AND `status` = 2  [ RunTime:0.0004s ]

[ 2017-12-04T10:58:13+08:00 ] 121.69.35.250 /shejuyi/index.php/Home/Origanization/endproject?page=1&limit=10
INFO: [ app_init ] --START--
INFO: Run Behavior\BuildLiteBehavior [ RunTime:0.000019s ]
INFO: [ app_init ] --END-- [ RunTime:0.083358s ]
INFO: [ app_begin ] --START--
INFO: Run Behavior\ReadHtmlCacheBehavior [ RunTime:0.000326s ]
INFO: [ app_begin ] --END-- [ RunTime:0.000352s ]
SQL: SHOW COLUMNS FROM `sjy_project` [ RunTime:0.0009s ]
SQL: SELECT * FROM `sjy_project` WHERE `origanization_id` = 14 AND `status` = 100  [ RunTime:0.0284s ]

[ 2017-12-04T10:58:13+08:00 ] 121.69.35.250 /shejuyi/index.php/Home/Origanization/waitendproject?page=1&limit=10
INFO: [ app_init ] --START--
INFO: Run Behavior\BuildLiteBehavior [ RunTime:0.000016s ]
INFO: [ app_init ] --END-- [ RunTime:0.000413s ]
INFO: [ app_begin ] --START--
INFO: Run Behavior\ReadHtmlCacheBehavior [ RunTime:0.000332s ]
INFO: [ app_begin ] --END-- [ RunTime:0.000361s ]
SQL: SHOW COLUMNS FROM `sjy_project` [ RunTime:0.0010s ]
SQL: SELECT * FROM `sjy_project` WHERE `origanization_id` = 14 AND `status` = 99  [ RunTime:0.0434s ]

[ 2017-12-04T10:58:13+08:00 ] 121.69.35.250 /shejuyi/index.php/Home/Origanization/alreadysendprojectbook?page=1&limit=10
INFO: [ app_init ] --START--
INFO: Run Behavior\BuildLiteBehavior [ RunTime:0.000010s ]
INFO: [ app_init ] --END-- [ RunTime:0.002263s ]
INFO: [ app_begin ] --START--
INFO: Run Behavior\ReadHtmlCacheBehavior [ RunTime:0.000268s ]
INFO: [ app_begin ] --END-- [ RunTime:0.000292s ]
SQL: SHOW COLUMNS FROM `sjy_project` [ RunTime:0.0009s ]
SQL: SELECT * FROM `sjy_project` WHERE `origanization_id` = 14 AND `status` = 1  [ RunTime:0.0499s ]

[ 2017-12-04T10:58:15+08:00 ] 121.69.35.250 /shejuyi/index.php/Home/Origanization/ingproject?page=1&limit=10
INFO: [ app_init ] --START--
INFO: Run Behavior\BuildLiteBehavior [ RunTime:0.000010s ]
INFO: [ app_init ] --END-- [ RunTime:0.000237s ]
INFO: [ app_begin ] --START--
INFO: Run Behavior\ReadHtmlCacheBehavior [ RunTime:0.000252s ]
INFO: [ app_begin ] --END-- [ RunTime:0.000278s ]
SQL: SHOW COLUMNS FROM `sjy_project` [ RunTime:0.0009s ]
SQL: SELECT * FROM `sjy_project` WHERE `origanization_id` = 14 AND `status` BETWEEN 10 AND 98  [ RunTime:0.0003s ]
SQL: SHOW COLUMNS FROM `sjy_community_project_info` [ RunTime:0.0005s ]
SQL: SELECT * FROM `sjy_community_project_info` WHERE `sjy_id` = 31 LIMIT 1   [ RunTime:0.0002s ]
SQL: SHOW COLUMNS FROM `sjy_community_base_info` [ RunTime:0.1080s ]
SQL: SELECT `sjy_community_name` FROM `sjy_community_base_info` WHERE `sjy_id` = 12 LIMIT 1   [ RunTime:0.0003s ]

[ 2017-12-04T11:44:07+08:00 ] 61.50.127.238 /shejuyi/
INFO: [ app_init ] --START--
INFO: Run Behavior\BuildLiteBehavior [ RunTime:0.000018s ]
INFO: [ app_init ] --END-- [ RunTime:0.000351s ]
INFO: [ app_begin ] --START--
INFO: Run Behavior\ReadHtmlCacheBehavior [ RunTime:0.000323s ]
INFO: [ app_begin ] --END-- [ RunTime:0.000350s ]
INFO: [ view_parse ] --START--
INFO: [ template_filter ] --START--
INFO: Run Behavior\ContentReplaceBehavior [ RunTime:0.000111s ]
INFO: [ template_filter ] --END-- [ RunTime:0.000161s ]
INFO: Run Behavior\ParseTemplateBehavior [ RunTime:0.246341s ]
INFO: [ view_parse ] --END-- [ RunTime:0.246417s ]
INFO: [ view_filter ] --START--
INFO: Run Behavior\WriteHtmlCacheBehavior [ RunTime:0.000168s ]
INFO: [ view_filter ] --END-- [ RunTime:0.000190s ]
INFO: [ app_end ] --START--
INFO: Run Behavior\ShowPageTraceBehavior [ RunTime:0.000399s ]
INFO: [ app_end ] --END-- [ RunTime:0.000429s ]

[ 2017-12-04T13:15:56+08:00 ] 121.69.35.250 /shejuyi/index.php/Home/Origanization/logout
INFO: [ app_init ] --START--
INFO: Run Behavior\BuildLiteBehavior [ RunTime:0.000012s ]
INFO: [ app_init ] --END-- [ RunTime:0.000229s ]
INFO: [ app_begin ] --START--
INFO: Run Behavior\ReadHtmlCacheBehavior [ RunTime:0.000307s ]
INFO: [ app_begin ] --END-- [ RunTime:0.000332s ]
INFO: [ app_end ] --START--
INFO: Run Behavior\ShowPageTraceBehavior [ RunTime:0.000517s ]
INFO: [ app_end ] --END-- [ RunTime:0.000584s ]

[ 2017-12-04T13:15:56+08:00 ] 121.69.35.250 /shejuyi/
INFO: [ app_init ] --START--
INFO: Run Behavior\BuildLiteBehavior [ RunTime:0.000013s ]
INFO: [ app_init ] --END-- [ RunTime:0.000311s ]
INFO: [ app_begin ] --START--
INFO: Run Behavior\ReadHtmlCacheBehavior [ RunTime:0.000451s ]
INFO: [ app_begin ] --END-- [ RunTime:0.000480s ]
INFO: [ view_parse ] --START--
INFO: [ template_filter ] --START--
INFO: Run Behavior\ContentReplaceBehavior [ RunTime:0.000099s ]
INFO: [ template_filter ] --END-- [ RunTime:0.000145s ]
INFO: Run Behavior\ParseTemplateBehavior [ RunTime:0.135039s ]
INFO: [ view_parse ] --END-- [ RunTime:0.135063s ]
INFO: [ view_filter ] --START--
INFO: Run Behavior\WriteHtmlCacheBehavior [ RunTime:0.000092s ]
INFO: [ view_filter ] --END-- [ RunTime:0.000110s ]
INFO: [ app_end ] --START--
INFO: Run Behavior\ShowPageTraceBehavior [ RunTime:0.000380s ]
INFO: [ app_end ] --END-- [ RunTime:0.000406s ]

[ 2017-12-04T13:16:10+08:00 ] 121.69.35.250 /shejuyi/index.php/Home/Community/index
INFO: [ app_init ] --START--
INFO: Run Behavior\BuildLiteBehavior [ RunTime:0.000017s ]
INFO: [ app_init ] --END-- [ RunTime:0.000431s ]
INFO: [ app_begin ] --START--
INFO: Run Behavior\ReadHtmlCacheBehavior [ RunTime:0.100955s ]
INFO: [ app_begin ] --END-- [ RunTime:0.101022s ]

[ 2017-12-04T13:16:10+08:00 ] 121.69.35.250 /shejuyi/index.php/
INFO: [ app_init ] --START--
INFO: Run Behavior\BuildLiteBehavior [ RunTime:0.000012s ]
INFO: [ app_init ] --END-- [ RunTime:0.000220s ]
INFO: [ app_begin ] --START--
INFO: Run Behavior\ReadHtmlCacheBehavior [ RunTime:0.000257s ]
INFO: [ app_begin ] --END-- [ RunTime:0.000281s ]
INFO: [ view_parse ] --START--
INFO: [ template_filter ] --START--
INFO: Run Behavior\ContentReplaceBehavior [ RunTime:0.000106s ]
INFO: [ template_filter ] --END-- [ RunTime:0.000144s ]
INFO: Run Behavior\ParseTemplateBehavior [ RunTime:0.006128s ]
INFO: [ view_parse ] --END-- [ RunTime:0.006167s ]
INFO: [ view_filter ] --START--
INFO: Run Behavior\WriteHtmlCacheBehavior [ RunTime:0.000110s ]
INFO: [ view_filter ] --END-- [ RunTime:0.000131s ]
INFO: [ app_end ] --START--
INFO: Run Behavior\ShowPageTraceBehavior [ RunTime:0.000376s ]
INFO: [ app_end ] --END-- [ RunTime:0.000406s ]

[ 2017-12-04T13:16:43+08:00 ] 121.69.35.250 /shejuyi/index.php/Home/COmmunity/index
INFO: [ app_init ] --START--
INFO: Run Behavior\BuildLiteBehavior [ RunTime:0.000020s ]
INFO: [ app_init ] --END-- [ RunTime:0.000394s ]
INFO: [ app_begin ] --START--
INFO: Run Behavior\ReadHtmlCacheBehavior [ RunTime:0.000462s ]
INFO: [ app_begin ] --END-- [ RunTime:0.000514s ]
ERR: 无法加载控制器:COmmunity

[ 2017-12-04T13:16:50+08:00 ] 121.69.35.250 /shejuyi/index.php/Home/Community/index
INFO: [ app_init ] --START--
INFO: Run Behavior\BuildLiteBehavior [ RunTime:0.000029s ]
INFO: [ app_init ] --END-- [ RunTime:0.151540s ]
INFO: [ app_begin ] --START--
INFO: Run Behavior\ReadHtmlCacheBehavior [ RunTime:0.000343s ]
INFO: [ app_begin ] --END-- [ RunTime:0.000370s ]

[ 2017-12-04T13:16:51+08:00 ] 121.69.35.250 /shejuyi/index.php/
INFO: [ app_init ] --START--
INFO: Run Behavior\BuildLiteBehavior [ RunTime:0.000010s ]
INFO: [ app_init ] --END-- [ RunTime:0.000207s ]
INFO: [ app_begin ] --START--
INFO: Run Behavior\ReadHtmlCacheBehavior [ RunTime:0.000269s ]
INFO: [ app_begin ] --END-- [ RunTime:0.000295s ]
INFO: [ view_parse ] --START--
INFO: [ template_filter ] --START--
INFO: Run Behavior\ContentReplaceBehavior [ RunTime:0.000123s ]
INFO: [ template_filter ] --END-- [ RunTime:0.000181s ]
INFO: Run Behavior\ParseTemplateBehavior [ RunTime:0.243773s ]
INFO: [ view_parse ] --END-- [ RunTime:0.243824s ]
INFO: [ view_filter ] --START--
INFO: Run Behavior\WriteHtmlCacheBehavior [ RunTime:0.000166s ]
INFO: [ view_filter ] --END-- [ RunTime:0.000186s ]
INFO: [ app_end ] --START--
INFO: Run Behavior\ShowPageTraceBehavior [ RunTime:0.000400s ]
INFO: [ app_end ] --END-- [ RunTime:0.000427s ]

[ 2017-12-04T14:58:21+08:00 ] 61.50.127.238 /shejuyi/
INFO: [ app_init ] --START--
INFO: Run Behavior\BuildLiteBehavior [ RunTime:0.000018s ]
INFO: [ app_init ] --END-- [ RunTime:0.000420s ]
INFO: [ app_begin ] --START--
INFO: Run Behavior\ReadHtmlCacheBehavior [ RunTime:0.000313s ]
INFO: [ app_begin ] --END-- [ RunTime:0.000339s ]
INFO: [ view_parse ] --START--
INFO: [ template_filter ] --START--
INFO: Run Behavior\ContentReplaceBehavior [ RunTime:0.000159s ]
INFO: [ template_filter ] --END-- [ RunTime:0.000224s ]
INFO: Run Behavior\ParseTemplateBehavior [ RunTime:0.209828s ]
INFO: [ view_parse ] --END-- [ RunTime:0.209862s ]
INFO: [ view_filter ] --START--
INFO: Run Behavior\WriteHtmlCacheBehavior [ RunTime:0.000134s ]
INFO: [ view_filter ] --END-- [ RunTime:0.000152s ]
INFO: [ app_end ] --START--
INFO: Run Behavior\ShowPageTraceBehavior [ RunTime:0.000427s ]
INFO: [ app_end ] --END-- [ RunTime:0.000454s ]

[ 2017-12-04T14:58:32+08:00 ] 61.50.127.238 /shejuyi/index.php/Home/Login/login/type/1
INFO: [ app_init ] --START--
INFO: Run Behavior\BuildLiteBehavior [ RunTime:0.000009s ]
INFO: [ app_init ] --END-- [ RunTime:0.000208s ]
INFO: [ app_begin ] --START--
INFO: Run Behavior\ReadHtmlCacheBehavior [ RunTime:0.000289s ]
INFO: [ app_begin ] --END-- [ RunTime:0.000320s ]
INFO: [ view_parse ] --START--
INFO: [ template_filter ] --START--
INFO: Run Behavior\ContentReplaceBehavior [ RunTime:0.000057s ]
INFO: [ template_filter ] --END-- [ RunTime:0.000110s ]
INFO: Run Behavior\ParseTemplateBehavior [ RunTime:0.039817s ]
INFO: [ view_parse ] --END-- [ RunTime:0.039841s ]
INFO: [ view_filter ] --START--
INFO: Run Behavior\WriteHtmlCacheBehavior [ RunTime:0.000127s ]
INFO: [ view_filter ] --END-- [ RunTime:0.000151s ]
INFO: [ app_end ] --START--
INFO: Run Behavior\ShowPageTraceBehavior [ RunTime:0.000345s ]
INFO: [ app_end ] --END-- [ RunTime:0.000366s ]

[ 2017-12-04T15:04:34+08:00 ] 61.50.127.238 /shejuyi/
INFO: [ app_init ] --START--
INFO: Run Behavior\BuildLiteBehavior [ RunTime:0.000013s ]
INFO: [ app_init ] --END-- [ RunTime:0.000243s ]
INFO: [ app_begin ] --START--
INFO: Run Behavior\ReadHtmlCacheBehavior [ RunTime:0.000278s ]
INFO: [ app_begin ] --END-- [ RunTime:0.000303s ]
INFO: [ view_parse ] --START--
INFO: [ template_filter ] --START--
INFO: Run Behavior\ContentReplaceBehavior [ RunTime:0.000105s ]
INFO: [ template_filter ] --END-- [ RunTime:0.000162s ]
INFO: Run Behavior\ParseTemplateBehavior [ RunTime:0.155835s ]
INFO: [ view_parse ] --END-- [ RunTime:0.155875s ]
INFO: [ view_filter ] --START--
INFO: Run Behavior\WriteHtmlCacheBehavior [ RunTime:0.000137s ]
INFO: [ view_filter ] --END-- [ RunTime:0.000159s ]
INFO: [ app_end ] --START--
INFO: Run Behavior\ShowPageTraceBehavior [ RunTime:0.000428s ]
INFO: [ app_end ] --END-- [ RunTime:0.000455s ]

[ 2017-12-04T15:04:34+08:00 ] 61.50.127.238 /shejuyi/
INFO: [ app_init ] --START--
INFO: Run Behavior\BuildLiteBehavior [ RunTime:0.000024s ]
INFO: [ app_init ] --END-- [ RunTime:0.036497s ]
INFO: [ app_begin ] --START--
INFO: Run Behavior\ReadHtmlCacheBehavior [ RunTime:0.000299s ]
INFO: [ app_begin ] --END-- [ RunTime:0.000325s ]
INFO: [ view_parse ] --START--
INFO: [ template_filter ] --START--
INFO: Run Behavior\ContentReplaceBehavior [ RunTime:0.000129s ]
INFO: [ template_filter ] --END-- [ RunTime:0.000193s ]
INFO: Run Behavior\ParseTemplateBehavior [ RunTime:0.160437s ]
INFO: [ view_parse ] --END-- [ RunTime:0.160462s ]
INFO: [ view_filter ] --START--
INFO: Run Behavior\WriteHtmlCacheBehavior [ RunTime:0.128767s ]
INFO: [ view_filter ] --END-- [ RunTime:0.128820s ]
INFO: [ app_end ] --START--
INFO: Run Behavior\ShowPageTraceBehavior [ RunTime:0.000432s ]
INFO: [ app_end ] --END-- [ RunTime:0.000461s ]

[ 2017-12-04T15:04:59+08:00 ] 61.50.127.238 /shejuyi/index.php/Home/Login/login/type/1
INFO: [ app_init ] --START--
INFO: Run Behavior\BuildLiteBehavior [ RunTime:0.000010s ]
INFO: [ app_init ] --END-- [ RunTime:0.000208s ]
INFO: [ app_begin ] --START--
INFO: Run Behavior\ReadHtmlCacheBehavior [ RunTime:0.000251s ]
INFO: [ app_begin ] --END-- [ RunTime:0.000276s ]
INFO: [ view_parse ] --START--
INFO: [ template_filter ] --START--
INFO: Run Behavior\ContentReplaceBehavior [ RunTime:0.000054s ]
INFO: [ template_filter ] --END-- [ RunTime:0.000099s ]
INFO: Run Behavior\ParseTemplateBehavior [ RunTime:0.175623s ]
INFO: [ view_parse ] --END-- [ RunTime:0.175695s ]
INFO: [ view_filter ] --START--
INFO: Run Behavior\WriteHtmlCacheBehavior [ RunTime:0.000225s ]
INFO: [ view_filter ] --END-- [ RunTime:0.000246s ]
INFO: [ app_end ] --START--
INFO: Run Behavior\ShowPageTraceBehavior [ RunTime:0.000385s ]
INFO: [ app_end ] --END-- [ RunTime:0.000413s ]

[ 2017-12-04T21:40:46+08:00 ] 114.250.136.223 /shejuyi/index.php/Home/Login/doregister
INFO: [ app_init ] --START--
INFO: Run Behavior\BuildLiteBehavior [ RunTime:0.000018s ]
INFO: [ app_init ] --END-- [ RunTime:0.000416s ]
INFO: [ app_begin ] --START--
INFO: Run Behavior\ReadHtmlCacheBehavior [ RunTime:0.131068s ]
INFO: [ app_begin ] --END-- [ RunTime:0.131133s ]
ERR: Call to undefined function Home\Controller\isregistered()

[ 2017-12-04T21:40:56+08:00 ] 58.246.221.75 /shejuyi/index.php/Home/Login/doregister
INFO: [ app_init ] --START--
INFO: Run Behavior\BuildLiteBehavior [ RunTime:0.000017s ]
INFO: [ app_init ] --END-- [ RunTime:0.000462s ]
INFO: [ app_begin ] --START--
INFO: Run Behavior\ReadHtmlCacheBehavior [ RunTime:0.000307s ]
INFO: [ app_begin ] --END-- [ RunTime:0.000333s ]
ERR: Call to undefined function Home\Controller\isregistered()

[ 2017-12-04T21:41:34+08:00 ] 114.250.136.223 /shejuyi/index.php/Home/Login/doregister
INFO: [ app_init ] --START--
INFO: Run Behavior\BuildLiteBehavior [ RunTime:0.000010s ]
INFO: [ app_init ] --END-- [ RunTime:0.000210s ]
INFO: [ app_begin ] --START--
INFO: Run Behavior\ReadHtmlCacheBehavior [ RunTime:0.000403s ]
INFO: [ app_begin ] --END-- [ RunTime:0.000455s ]
ERR: Call to undefined function Home\Controller\isregistered()

[ 2017-12-04T21:41:45+08:00 ] 114.250.136.223 /shejuyi/index.php/Home/Login/doregister
INFO: [ app_init ] --START--
INFO: Run Behavior\BuildLiteBehavior [ RunTime:0.000009s ]
INFO: [ app_init ] --END-- [ RunTime:0.000229s ]
INFO: [ app_begin ] --START--
INFO: Run Behavior\ReadHtmlCacheBehavior [ RunTime:0.000258s ]
INFO: [ app_begin ] --END-- [ RunTime:0.000286s ]
ERR: Call to undefined function Home\Controller\isregistered()

[ 2017-12-04T21:42:51+08:00 ] 114.250.136.223 /shejuyi/index.php/Home/Login/doregister
INFO: [ app_init ] --START--
INFO: Run Behavior\BuildLiteBehavior [ RunTime:0.000009s ]
INFO: [ app_init ] --END-- [ RunTime:0.000205s ]
INFO: [ app_begin ] --START--
INFO: Run Behavior\ReadHtmlCacheBehavior [ RunTime:0.000281s ]
INFO: [ app_begin ] --END-- [ RunTime:0.000307s ]
ERR: Call to undefined function Home\Controller\isregistered()

[ 2017-12-04T21:46:49+08:00 ] 114.250.136.223 /shejuyi/index.php/Home/Login/doregister
INFO: [ app_init ] --START--
INFO: Run Behavior\BuildLiteBehavior [ RunTime:0.000016s ]
INFO: [ app_init ] --END-- [ RunTime:0.000255s ]
INFO: [ app_begin ] --START--
INFO: Run Behavior\ReadHtmlCacheBehavior [ RunTime:0.000295s ]
INFO: [ app_begin ] --END-- [ RunTime:0.000322s ]
SQL: SHOW COLUMNS FROM `sjy_community_user_info` [ RunTime:0.0010s ]
SQL: SELECT * FROM `sjy_community_user_info` WHERE `sjy_community_login_id` = '111111' LIMIT 1   [ RunTime:0.1102s ]
SQL: INSERT INTO `sjy_community_user_info` (`sjy_community_login_id`,`password`,`sjy_community_user_image`,`sjy_community_user_register_time`) VALUES ('111111','81b073de9370ea873f548e31b8adc081','/Uploads/touxiang/moren.png','2017-12-04 21:46:49') [ RunTime:0.1968s ]
SQL: SELECT * FROM `sjy_community_user_info` WHERE `sjy_community_login_id` = '111111' LIMIT 1   [ RunTime:0.0005s ]

[ 2017-12-04T21:47:05+08:00 ] 114.250.136.223 /shejuyi/index.php/Home/Login/doregister
INFO: [ app_init ] --START--
INFO: Run Behavior\BuildLiteBehavior [ RunTime:0.000009s ]
INFO: [ app_init ] --END-- [ RunTime:0.000205s ]
INFO: [ app_begin ] --START--
INFO: Run Behavior\ReadHtmlCacheBehavior [ RunTime:0.000252s ]
INFO: [ app_begin ] --END-- [ RunTime:0.000278s ]
SQL: SHOW COLUMNS FROM `sjy_community_user_info` [ RunTime:0.0505s ]
SQL: SELECT * FROM `sjy_community_user_info` WHERE `sjy_community_login_id` = '111111' LIMIT 1   [ RunTime:0.0003s ]

[ 2017-12-04T21:48:15+08:00 ] 114.250.136.223 /shejuyi/index.php/Home/Login/doregister
INFO: [ app_init ] --START--
INFO: Run Behavior\BuildLiteBehavior [ RunTime:0.000010s ]
INFO: [ app_init ] --END-- [ RunTime:0.000236s ]
INFO: [ app_begin ] --START--
INFO: Run Behavior\ReadHtmlCacheBehavior [ RunTime:0.000249s ]
INFO: [ app_begin ] --END-- [ RunTime:0.000274s ]
SQL: SHOW COLUMNS FROM `sjy_community_user_info` [ RunTime:0.0009s ]
SQL: SELECT * FROM `sjy_community_user_info` WHERE `sjy_community_login_id` = '111111' LIMIT 1   [ RunTime:0.0287s ]

[ 2017-12-04T21:48:22+08:00 ] 114.250.136.223 /shejuyi/index.php/Home/Login/doregister
INFO: [ app_init ] --START--
INFO: Run Behavior\BuildLiteBehavior [ RunTime:0.000012s ]
INFO: [ app_init ] --END-- [ RunTime:0.000234s ]
INFO: [ app_begin ] --START--
INFO: Run Behavior\ReadHtmlCacheBehavior [ RunTime:0.000318s ]
INFO: [ app_begin ] --END-- [ RunTime:0.000344s ]
SQL: SHOW COLUMNS FROM `sjy_community_user_info` [ RunTime:0.0010s ]
SQL: SELECT * FROM `sjy_community_user_info` WHERE `sjy_community_login_id` = '111111' LIMIT 1   [ RunTime:0.0003s ]

[ 2017-12-04T21:48:31+08:00 ] 114.250.136.223 /shejuyi/index.php/Home/Login/doregister
INFO: [ app_init ] --START--
INFO: Run Behavior\BuildLiteBehavior [ RunTime:0.000017s ]
INFO: [ app_init ] --END-- [ RunTime:0.000276s ]
INFO: [ app_begin ] --START--
INFO: Run Behavior\ReadHtmlCacheBehavior [ RunTime:0.000537s ]
INFO: [ app_begin ] --END-- [ RunTime:0.000590s ]
SQL: SHOW COLUMNS FROM `sjy_community_user_info` [ RunTime:0.0009s ]
SQL: SELECT * FROM `sjy_community_user_info` WHERE `sjy_community_login_id` = '111111' LIMIT 1   [ RunTime:0.0003s ]

[ 2017-12-04T21:48:57+08:00 ] 114.250.136.223 /shejuyi/index.php/Home/Login/doregister
INFO: [ app_init ] --START--
INFO: Run Behavior\BuildLiteBehavior [ RunTime:0.000014s ]
INFO: [ app_init ] --END-- [ RunTime:0.000313s ]
INFO: [ app_begin ] --START--
INFO: Run Behavior\ReadHtmlCacheBehavior [ RunTime:0.000295s ]
INFO: [ app_begin ] --END-- [ RunTime:0.000319s ]
SQL: SHOW COLUMNS FROM `sjy_community_user_info` [ RunTime:0.0010s ]
SQL: SELECT * FROM `sjy_community_user_info` WHERE `sjy_community_login_id` = '111111' LIMIT 1   [ RunTime:0.0005s ]

[ 2017-12-04T21:49:04+08:00 ] 114.250.136.223 /shejuyi/index.php/Home/Login/dologin
INFO: [ app_init ] --START--
INFO: Run Behavior\BuildLiteBehavior [ RunTime:0.000009s ]
INFO: [ app_init ] --END-- [ RunTime:0.000269s ]
INFO: [ app_begin ] --START--
INFO: Run Behavior\ReadHtmlCacheBehavior [ RunTime:0.000249s ]
INFO: [ app_begin ] --END-- [ RunTime:0.000278s ]
SQL: SHOW COLUMNS FROM `sjy_community_user_info` [ RunTime:0.0010s ]
SQL: SELECT * FROM `sjy_community_user_info` WHERE `sjy_community_login_id` = '111111' AND `password` = '81b073de9370ea873f548e31b8adc081' LIMIT 1   [ RunTime:0.0437s ]
SQL: SELECT * FROM `sjy_community_user_info` WHERE `sjy_community_login_id` = '111111' LIMIT 1   [ RunTime:0.0002s ]

[ 2017-12-04T21:49:21+08:00 ] 114.250.136.223 /shejuyi/index.php/Home/Login/dologin
INFO: [ app_init ] --START--
INFO: Run Behavior\BuildLiteBehavior [ RunTime:0.000018s ]
INFO: [ app_init ] --END-- [ RunTime:0.000525s ]
INFO: [ app_begin ] --START--
INFO: Run Behavior\ReadHtmlCacheBehavior [ RunTime:0.000302s ]
INFO: [ app_begin ] --END-- [ RunTime:0.000328s ]
SQL: SHOW COLUMNS FROM `sjy_community_user_info` [ RunTime:0.0009s ]
SQL: SELECT * FROM `sjy_community_user_info` WHERE `sjy_community_login_id` = '111111' AND `password` = '577ef1154f3240ad5b9b413aa7346a1e' LIMIT 1   [ RunTime:0.0003s ]

[ 2017-12-04T22:00:33+08:00 ] 113.96.219.243 /shejuyi/index.php/Home/Login/dologin?nsukey=NyYLdW%2FFam24IYKzYaIKMNuqGTASjo3IpkdCQZsZZYP74zbAFONwTZLU4JKN0FhV17jTL79taTASP2okURpOYuIdACwCJjiLkuEw7vZshrEk6mGv%2F393TrPEJJB2V57ecPKrecFKe1OfXcQkMRd8F0nQfOP3YqnFnmSm9YJHBElyCsQuNUaijWY0cHHAf2KHhUxQkpgPIHbowfAlxRrSLA%3D%3D
INFO: [ app_init ] --START--
INFO: Run Behavior\BuildLiteBehavior [ RunTime:0.000010s ]
INFO: [ app_init ] --END-- [ RunTime:0.000203s ]
INFO: [ app_begin ] --START--
INFO: Run Behavior\ReadHtmlCacheBehavior [ RunTime:0.000256s ]
INFO: [ app_begin ] --END-- [ RunTime:0.000280s ]

[ 2017-12-04T22:00:33+08:00 ] 113.96.219.248 /shejuyi/index.php/Home/Login/dologin?nsukey=NyYLdW%2FFam24IYKzYaIKMNuqGTASjo3IpkdCQZsZZYP74zbAFONwTZLU4JKN0FhV17jTL79taTASP2okURpOYuIdACwCJjiLkuEw7vZshrEk6mGv%2F393TrPEJJB2V57ecPKrecFKe1OfXcQkMRd8F0nQfOP3YqnFnmSm9YJHBElyCsQuNUaijWY0cHHAf2KHhUxQkpgPIHbowfAlxRrSLA%3D%3D
INFO: [ app_init ] --START--
INFO: Run Behavior\BuildLiteBehavior [ RunTime:0.000010s ]
INFO: [ app_init ] --END-- [ RunTime:0.000218s ]
INFO: [ app_begin ] --START--
INFO: Run Behavior\ReadHtmlCacheBehavior [ RunTime:0.000373s ]
INFO: [ app_begin ] --END-- [ RunTime:0.000424s ]

[ 2017-12-04T22:00:35+08:00 ] 211.94.248.236 /shejuyi/index.php/Home/Login/dologin?nsukey=NyYLdW%2FFam24IYKzYaIKMNuqGTASjo3IpkdCQZsZZYP74zbAFONwTZLU4JKN0FhV17jTL79taTASP2okURpOYuIdACwCJjiLkuEw7vZshrEk6mGv%2F393TrPEJJB2V57ecPKrecFKe1OfXcQkMRd8F0nQfOP3YqnFnmSm9YJHBElyCsQuNUaijWY0cHHAf2KHhUxQkpgPIHbowfAlxRrSLA%3D%3D
INFO: [ app_init ] --START--
INFO: Run Behavior\BuildLiteBehavior [ RunTime:0.000009s ]
INFO: [ app_init ] --END-- [ RunTime:0.000203s ]
INFO: [ app_begin ] --START--
INFO: Run Behavior\ReadHtmlCacheBehavior [ RunTime:0.036607s ]
INFO: [ app_begin ] --END-- [ RunTime:0.036672s ]

[ 2017-12-04T22:00:39+08:00 ] 120.204.17.46 /shejuyi/index.php/Home/Login/dologin
INFO: [ app_init ] --START--
INFO: Run Behavior\BuildLiteBehavior [ RunTime:0.000010s ]
INFO: [ app_init ] --END-- [ RunTime:0.000235s ]
INFO: [ app_begin ] --START--
INFO: Run Behavior\ReadHtmlCacheBehavior [ RunTime:0.000251s ]
INFO: [ app_begin ] --END-- [ RunTime:0.000275s ]

[ 2017-12-04T22:00:43+08:00 ] 120.204.17.69 /shejuyi/index.php/Home/Login/dologin?nsukey=NyYLdW%2FFam24IYKzYaIKMNuqGTASjo3IpkdCQZsZZYP74zbAFONwTZLU4JKN0FhV17jTL79taTASP2okURpOYuIdACwCJjiLkuEw7vZshrEk6mGv%2F393TrPEJJB2V57ecPKrecFKe1OfXcQkMRd8F0nQfOP3YqnFnmSm9YJHBElyCsQuNUaijWY0cHHAf2KHhUxQkpgPIHbowfAlxRrSLA%3D%3D
INFO: [ app_init ] --START--
INFO: Run Behavior\BuildLiteBehavior [ RunTime:0.000014s ]
INFO: [ app_init ] --END-- [ RunTime:0.000284s ]
INFO: [ app_begin ] --START--
INFO: Run Behavior\ReadHtmlCacheBehavior [ RunTime:0.000303s ]
INFO: [ app_begin ] --END-- [ RunTime:0.000325s ]

[ 2017-12-04T22:00:43+08:00 ] 183.192.201.97 /shejuyi/index.php/Home/Login/dologin?nsukey=NyYLdW%2FFam24IYKzYaIKMNuqGTASjo3IpkdCQZsZZYP74zbAFONwTZLU4JKN0FhV17jTL79taTASP2okURpOYuIdACwCJjiLkuEw7vZshrEk6mGv%2F393TrPEJJB2V57ecPKrecFKe1OfXcQkMRd8F0nQfOP3YqnFnmSm9YJHBElyCsQuNUaijWY0cHHAf2KHhUxQkpgPIHbowfAlxRrSLA%3D%3D
INFO: [ app_init ] --START--
INFO: Run Behavior\BuildLiteBehavior [ RunTime:0.000026s ]
INFO: [ app_init ] --END-- [ RunTime:0.144962s ]
INFO: [ app_begin ] --START--
INFO: Run Behavior\ReadHtmlCacheBehavior [ RunTime:0.000459s ]
INFO: [ app_begin ] --END-- [ RunTime:0.000513s ]

[ 2017-12-04T22:12:07+08:00 ] 61.151.178.168 /shejuyi/index.php/Home/Login/doregister?nsukey=lLgfZXF18oGohAob%2BC8qGg47B3b%2BvOgM0RU9OYDJO1LJLoWivnqBWLJH0PhcfjG%2B3T3gH0160YNYjv1gxM8Upru8ebSNNeIung1h2OKrrk96%2Bf5JijLIXsLkIkAFzWD93Ar3feQCFErOFino2TygLDD6%2FHz1Sjo7RVUnoZ3ZXPg%2B%2FZNOsh4IC28ocKqbkqz5yBONiR8lbfLjPV3JsuUd9Q%3D%3D
INFO: [ app_init ] --START--
INFO: Run Behavior\BuildLiteBehavior [ RunTime:0.000013s ]
INFO: [ app_init ] --END-- [ RunTime:0.000241s ]
INFO: [ app_begin ] --START--
INFO: Run Behavior\ReadHtmlCacheBehavior [ RunTime:0.000275s ]
INFO: [ app_begin ] --END-- [ RunTime:0.000299s ]
INFO: [ app_end ] --START--
INFO: Run Behavior\ShowPageTraceBehavior [ RunTime:0.000294s ]
INFO: [ app_end ] --END-- [ RunTime:0.000321s ]

[ 2017-12-04T22:12:08+08:00 ] 211.94.248.236 /shejuyi/index.php/Home/Login/doregister?nsukey=lLgfZXF18oGohAob%2BC8qGg47B3b%2BvOgM0RU9OYDJO1LJLoWivnqBWLJH0PhcfjG%2B3T3gH0160YNYjv1gxM8Upru8ebSNNeIung1h2OKrrk96%2Bf5JijLIXsLkIkAFzWD93Ar3feQCFErOFino2TygLDD6%2FHz1Sjo7RVUnoZ3ZXPg%2B%2FZNOsh4IC28ocKqbkqz5yBONiR8lbfLjPV3JsuUd9Q%3D%3D
INFO: [ app_init ] --START--
INFO: Run Behavior\BuildLiteBehavior [ RunTime:0.000012s ]
INFO: [ app_init ] --END-- [ RunTime:0.002265s ]
INFO: [ app_begin ] --START--
INFO: Run Behavior\ReadHtmlCacheBehavior [ RunTime:0.000270s ]
INFO: [ app_begin ] --END-- [ RunTime:0.000295s ]
INFO: [ app_end ] --START--
INFO: Run Behavior\ShowPageTraceBehavior [ RunTime:0.000285s ]
INFO: [ app_end ] --END-- [ RunTime:0.000310s ]

[ 2017-12-04T22:12:15+08:00 ] 61.129.10.43 /shejuyi/index.php/Home/Login/doregister?nsukey=lLgfZXF18oGohAob%2BC8qGg47B3b%2BvOgM0RU9OYDJO1LJLoWivnqBWLJH0PhcfjG%2B3T3gH0160YNYjv1gxM8Upru8ebSNNeIung1h2OKrrk96%2Bf5JijLIXsLkIkAFzWD93Ar3feQCFErOFino2TygLDD6%2FHz1Sjo7RVUnoZ3ZXPg%2B%2FZNOsh4IC28ocKqbkqz5yBONiR8lbfLjPV3JsuUd9Q%3D%3D
INFO: [ app_init ] --START--
INFO: Run Behavior\BuildLiteBehavior [ RunTime:0.000035s ]
INFO: [ app_init ] --END-- [ RunTime:0.108946s ]
INFO: [ app_begin ] --START--
INFO: Run Behavior\ReadHtmlCacheBehavior [ RunTime:0.000402s ]
INFO: [ app_begin ] --END-- [ RunTime:0.000429s ]
INFO: [ app_end ] --START--
INFO: Run Behavior\ShowPageTraceBehavior [ RunTime:0.000314s ]
INFO: [ app_end ] --END-- [ RunTime:0.000341s ]

[ 2017-12-04T22:12:15+08:00 ] 211.94.248.236 /shejuyi/index.php/Home/Login/doregister?nsukey=lLgfZXF18oGohAob%2BC8qGg47B3b%2BvOgM0RU9OYDJO1LJLoWivnqBWLJH0PhcfjG%2B3T3gH0160YNYjv1gxM8Upru8ebSNNeIung1h2OKrrk96%2Bf5JijLIXsLkIkAFzWD93Ar3feQCFErOFino2TygLDD6%2FHz1Sjo7RVUnoZ3ZXPg%2B%2FZNOsh4IC28ocKqbkqz5yBONiR8lbfLjPV3JsuUd9Q%3D%3D
INFO: [ app_init ] --START--
INFO: Run Behavior\BuildLiteBehavior [ RunTime:0.000013s ]
INFO: [ app_init ] --END-- [ RunTime:0.000252s ]
INFO: [ app_begin ] --START--
INFO: Run Behavior\ReadHtmlCacheBehavior [ RunTime:0.000265s ]
INFO: [ app_begin ] --END-- [ RunTime:0.000288s ]
INFO: [ app_end ] --START--
INFO: Run Behavior\ShowPageTraceBehavior [ RunTime:0.000311s ]
INFO: [ app_end ] --END-- [ RunTime:0.000336s ]

[ 2017-12-04T22:12:18+08:00 ] 120.204.17.68 /shejuyi/index.php/Home/Login/doregister?nsukey=lLgfZXF18oGohAob%2BC8qGg47B3b%2BvOgM0RU9OYDJO1LJLoWivnqBWLJH0PhcfjG%2B3T3gH0160YNYjv1gxM8Upru8ebSNNeIung1h2OKrrk96%2Bf5JijLIXsLkIkAFzWD93Ar3feQCFErOFino2TygLDD6%2FHz1Sjo7RVUnoZ3ZXPg%2B%2FZNOsh4IC28ocKqbkqz5yBONiR8lbfLjPV3JsuUd9Q%3D%3D
INFO: [ app_init ] --START--
INFO: Run Behavior\BuildLiteBehavior [ RunTime:0.000014s ]
INFO: [ app_init ] --END-- [ RunTime:0.000306s ]
INFO: [ app_begin ] --START--
INFO: Run Behavior\ReadHtmlCacheBehavior [ RunTime:0.000315s ]
INFO: [ app_begin ] --END-- [ RunTime:0.000346s ]
INFO: [ app_end ] --START--
INFO: Run Behavior\ShowPageTraceBehavior [ RunTime:0.036587s ]
INFO: [ app_end ] --END-- [ RunTime:0.036647s ]

[ 2017-12-04T22:12:25+08:00 ] 113.96.219.248 /shejuyi/index.php/Home/Login/dologin?nsukey=%2FKBsObxegdV6sGrBcbcKbjY%2BHI3gC5blwjzsLn%2FQF7TmEkzJ8bK3oN0vJWKAgj9j8%2Fw25HxXbs2AyIuqY%2BDYe%2Fwxtfb4AFWrwvdaRAo68thnP5DvujsQC1TatnptZvInf63NfFMkK7u7u%2FWBkuQIqd22w4Ha1pFheSnDLoez24ClUBB4eLbeE21UasYID34amC62%2FL5aa7e3FkaYg%2F7L4A%3D%3D
INFO: [ app_init ] --START--
INFO: Run Behavior\BuildLiteBehavior [ RunTime:0.000010s ]
INFO: [ app_init ] --END-- [ RunTime:0.000228s ]
INFO: [ app_begin ] --START--
INFO: Run Behavior\ReadHtmlCacheBehavior [ RunTime:0.000257s ]
INFO: [ app_begin ] --END-- [ RunTime:0.000285s ]

[ 2017-12-04T22:12:25+08:00 ] 183.3.255.35 /shejuyi/index.php/Home/Login/dologin?nsukey=%2FKBsObxegdV6sGrBcbcKbjY%2BHI3gC5blwjzsLn%2FQF7TmEkzJ8bK3oN0vJWKAgj9j8%2Fw25HxXbs2AyIuqY%2BDYe%2Fwxtfb4AFWrwvdaRAo68thnP5DvujsQC1TatnptZvInf63NfFMkK7u7u%2FWBkuQIqd22w4Ha1pFheSnDLoez24ClUBB4eLbeE21UasYID34amC62%2FL5aa7e3FkaYg%2F7L4A%3D%3D
INFO: [ app_init ] --START--
INFO: Run Behavior\BuildLiteBehavior [ RunTime:0.000009s ]
INFO: [ app_init ] --END-- [ RunTime:0.000205s ]
INFO: [ app_begin ] --START--
INFO: Run Behavior\ReadHtmlCacheBehavior [ RunTime:0.000332s ]
INFO: [ app_begin ] --END-- [ RunTime:0.000357s ]

[ 2017-12-04T22:12:26+08:00 ] 211.94.248.236 /shejuyi/index.php/Home/Login/dologin?nsukey=%2FKBsObxegdV6sGrBcbcKbjY%2BHI3gC5blwjzsLn%2FQF7TmEkzJ8bK3oN0vJWKAgj9j8%2Fw25HxXbs2AyIuqY%2BDYe%2Fwxtfb4AFWrwvdaRAo68thnP5DvujsQC1TatnptZvInf63NfFMkK7u7u%2FWBkuQIqd22w4Ha1pFheSnDLoez24ClUBB4eLbeE21UasYID34amC62%2FL5aa7e3FkaYg%2F7L4A%3D%3D
INFO: [ app_init ] --START--
INFO: Run Behavior\BuildLiteBehavior [ RunTime:0.000009s ]
INFO: [ app_init ] --END-- [ RunTime:0.000228s ]
INFO: [ app_begin ] --START--
INFO: Run Behavior\ReadHtmlCacheBehavior [ RunTime:0.000270s ]
INFO: [ app_begin ] --END-- [ RunTime:0.000295s ]

[ 2017-12-04T22:12:35+08:00 ] 120.204.17.71 /shejuyi/index.php/Home/Login/dologin?nsukey=%2FKBsObxegdV6sGrBcbcKbjY%2BHI3gC5blwjzsLn%2FQF7TmEkzJ8bK3oN0vJWKAgj9j8%2Fw25HxXbs2AyIuqY%2BDYe%2Fwxtfb4AFWrwvdaRAo68thnP5DvujsQC1TatnptZvInf63NfFMkK7u7u%2FWBkuQIqd22w4Ha1pFheSnDLoez24ClUBB4eLbeE21UasYID34amC62%2FL5aa7e3FkaYg%2F7L4A%3D%3D
INFO: [ app_init ] --START--
INFO: Run Behavior\BuildLiteBehavior [ RunTime:0.000013s ]
INFO: [ app_init ] --END-- [ RunTime:0.000221s ]
INFO: [ app_begin ] --START--
INFO: Run Behavior\ReadHtmlCacheBehavior [ RunTime:0.000257s ]
INFO: [ app_begin ] --END-- [ RunTime:0.000281s ]

[ 2017-12-04T22:23:20+08:00 ] 114.250.136.223 /shejuyi/index.php/Home/Login/doregister
INFO: [ app_init ] --START--
INFO: Run Behavior\BuildLiteBehavior [ RunTime:0.000012s ]
INFO: [ app_init ] --END-- [ RunTime:0.000218s ]
INFO: [ app_begin ] --START--
INFO: Run Behavior\ReadHtmlCacheBehavior [ RunTime:0.000396s ]
INFO: [ app_begin ] --END-- [ RunTime:0.000451s ]
INFO: [ app_end ] --START--
INFO: Run Behavior\ShowPageTraceBehavior [ RunTime:0.000341s ]
INFO: [ app_end ] --END-- [ RunTime:0.000368s ]

[ 2017-12-04T22:23:25+08:00 ] 120.204.17.67 /shejuyi/index.php/Home/Login/dologin
INFO: [ app_init ] --START--
INFO: Run Behavior\BuildLiteBehavior [ RunTime:0.000010s ]
INFO: [ app_init ] --END-- [ RunTime:0.000232s ]
INFO: [ app_begin ] --START--
INFO: Run Behavior\ReadHtmlCacheBehavior [ RunTime:0.000261s ]
INFO: [ app_begin ] --END-- [ RunTime:0.000286s ]

[ 2017-12-04T22:26:34+08:00 ] 114.250.136.223 /shejuyi/index.php/Home/Login/doregister
INFO: [ app_init ] --START--
INFO: Run Behavior\BuildLiteBehavior [ RunTime:0.000012s ]
INFO: [ app_init ] --END-- [ RunTime:0.000212s ]
INFO: [ app_begin ] --START--
INFO: Run Behavior\ReadHtmlCacheBehavior [ RunTime:0.028408s ]
INFO: [ app_begin ] --END-- [ RunTime:0.028454s ]

[ 2017-12-04T22:27:09+08:00 ] 114.250.136.223 /shejuyi/index.php/Home/Login/doregister
INFO: [ app_init ] --START--
INFO: Run Behavior\BuildLiteBehavior [ RunTime:0.000046s ]
INFO: [ app_init ] --END-- [ RunTime:0.000280s ]
INFO: [ app_begin ] --START--
INFO: Run Behavior\ReadHtmlCacheBehavior [ RunTime:0.000272s ]
INFO: [ app_begin ] --END-- [ RunTime:0.000296s ]

[ 2017-12-04T22:27:22+08:00 ] 114.250.136.223 /shejuyi/index.php/Home/Login/doregister
INFO: [ app_init ] --START--
INFO: Run Behavior\BuildLiteBehavior [ RunTime:0.000010s ]
INFO: [ app_init ] --END-- [ RunTime:0.000205s ]
INFO: [ app_begin ] --START--
INFO: Run Behavior\ReadHtmlCacheBehavior [ RunTime:0.000251s ]
INFO: [ app_begin ] --END-- [ RunTime:0.000274s ]

