[ 2017-10-09T18:11:25+08:00 ] 219.142.209.189 /shejuyi/
INFO: [ app_init ] --START--
INFO: Run Behavior\BuildLiteBehavior [ RunTime:0.000012s ]
INFO: [ app_init ] --END-- [ RunTime:0.000223s ]
INFO: [ app_begin ] --START--
INFO: Run Behavior\ReadHtmlCacheBehavior [ RunTime:0.000243s ]
INFO: [ app_begin ] --END-- [ RunTime:0.000267s ]
INFO: [ view_parse ] --START--
INFO: [ template_filter ] --START--
INFO: Run Behavior\ContentReplaceBehavior [ RunTime:0.000099s ]
INFO: [ template_filter ] --END-- [ RunTime:0.000129s ]
INFO: Run Behavior\ParseTemplateBehavior [ RunTime:0.005554s ]
INFO: [ view_parse ] --END-- [ RunTime:0.005585s ]
INFO: [ view_filter ] --START--
INFO: Run Behavior\WriteHtmlCacheBehavior [ RunTime:0.000106s ]
INFO: [ view_filter ] --END-- [ RunTime:0.000148s ]
INFO: [ app_end ] --START--
INFO: Run Behavior\ShowPageTraceBehavior [ RunTime:0.000354s ]
INFO: [ app_end ] --END-- [ RunTime:0.000379s ]

[ 2017-10-09T18:11:45+08:00 ] 219.142.209.189 /shejuyi/index.php/Home/Login/login/type/1
INFO: [ app_init ] --START--
INFO: Run Behavior\BuildLiteBehavior [ RunTime:0.000013s ]
INFO: [ app_init ] --END-- [ RunTime:0.000246s ]
INFO: [ app_begin ] --START--
INFO: Run Behavior\ReadHtmlCacheBehavior [ RunTime:0.000267s ]
INFO: [ app_begin ] --END-- [ RunTime:0.000292s ]
INFO: [ view_parse ] --START--
INFO: [ template_filter ] --START--
INFO: Run Behavior\ContentReplaceBehavior [ RunTime:0.000043s ]
INFO: [ template_filter ] --END-- [ RunTime:0.000071s ]
INFO: Run Behavior\ParseTemplateBehavior [ RunTime:0.004429s ]
INFO: [ view_parse ] --END-- [ RunTime:0.004452s ]
INFO: [ view_filter ] --START--
INFO: Run Behavior\WriteHtmlCacheBehavior [ RunTime:0.000087s ]
INFO: [ view_filter ] --END-- [ RunTime:0.000105s ]
INFO: [ app_end ] --START--
INFO: Run Behavior\ShowPageTraceBehavior [ RunTime:0.000280s ]
INFO: [ app_end ] --END-- [ RunTime:0.000300s ]

[ 2017-10-09T18:12:06+08:00 ] 219.142.209.189 /shejuyi/index.php/Home/Login/dologin
INFO: [ app_init ] --START--
INFO: Run Behavior\BuildLiteBehavior [ RunTime:0.000017s ]
INFO: [ app_init ] --END-- [ RunTime:0.000319s ]
INFO: [ app_begin ] --START--
INFO: Run Behavior\ReadHtmlCacheBehavior [ RunTime:0.000294s ]
INFO: [ app_begin ] --END-- [ RunTime:0.000321s ]
SQL: SHOW COLUMNS FROM `sjy_origanization_user_info` [ RunTime:0.0009s ]
SQL: SELECT * FROM `sjy_origanization_user_info` WHERE `sjy_origanization_login_id` = '15620608137' LIMIT 1   [ RunTime:0.0003s ]
SQL: SELECT * FROM `sjy_origanization_user_info` WHERE `sjy_origanization_login_id` = '15620608137' LIMIT 1   [ RunTime:0.0002s ]

[ 2017-10-09T18:12:06+08:00 ] 219.142.209.189 /shejuyi/index.php/Home/Origanization/index
INFO: [ app_init ] --START--
INFO: Run Behavior\BuildLiteBehavior [ RunTime:0.000013s ]
INFO: [ app_init ] --END-- [ RunTime:0.000214s ]
INFO: [ app_begin ] --START--
INFO: Run Behavior\ReadHtmlCacheBehavior [ RunTime:0.000281s ]
INFO: [ app_begin ] --END-- [ RunTime:0.000306s ]
SQL: SHOW COLUMNS FROM `sjy_origanization_user_info` [ RunTime:0.0010s ]
SQL: SELECT * FROM `sjy_origanization_user_info` WHERE `sjy_id` = 11 LIMIT 1   [ RunTime:0.0003s ]
SQL: SHOW COLUMNS FROM `sjy_cities` [ RunTime:0.0004s ]
SQL: SELECT * FROM `sjy_cities` WHERE `cityid` = 120000 LIMIT 1   [ RunTime:0.0002s ]
SQL: select sjy_community_project_info.* from sjy_community_position_info left join sjy_community_project_info on sjy_community_position_info.sjy_community_id=sjy_community_project_info.sjy_community_id left join sjy_community_base_info on sjy_community_position_info.sjy_community_id=sjy_community_base_info.sjy_id where sjy_community_position_info.sjy_community_city=120000 [ RunTime:0.0003s ]
SQL: SHOW COLUMNS FROM `sjy_community_project_image` [ RunTime:0.0004s ]
SQL: SELECT * FROM `sjy_community_project_image` LIMIT 1   [ RunTime:0.0002s ]
SQL: SHOW COLUMNS FROM `sjy_community_position_info` [ RunTime:0.0005s ]
SQL: SELECT * FROM `sjy_community_position_info` WHERE `sjy_community_id` = '6' LIMIT 1   [ RunTime:0.0002s ]
SQL: SHOW COLUMNS FROM `sjy_areas` [ RunTime:0.0004s ]
SQL: SELECT `area` FROM `sjy_areas` WHERE `areaid` = null LIMIT 1   [ RunTime:0.0007s ]
SQL: SHOW COLUMNS FROM `sjy_streets` [ RunTime:0.0004s ]
SQL: SELECT `street` FROM `sjy_streets` WHERE `streetid` = null LIMIT 1   [ RunTime:0.0001s ]
INFO: [ view_parse ] --START--
INFO: [ template_filter ] --START--
INFO: Run Behavior\ContentReplaceBehavior [ RunTime:0.000112s ]
INFO: [ template_filter ] --END-- [ RunTime:0.000142s ]
INFO: Run Behavior\ParseTemplateBehavior [ RunTime:0.007383s ]
INFO: [ view_parse ] --END-- [ RunTime:0.007408s ]
INFO: [ view_filter ] --START--
INFO: Run Behavior\WriteHtmlCacheBehavior [ RunTime:0.000097s ]
INFO: [ view_filter ] --END-- [ RunTime:0.000115s ]
INFO: [ app_end ] --START--
INFO: Run Behavior\ShowPageTraceBehavior [ RunTime:0.000347s ]
INFO: [ app_end ] --END-- [ RunTime:0.000374s ]

[ 2017-10-09T18:12:11+08:00 ] 219.142.209.189 /shejuyi/index.php/Home/Origanization/index
INFO: [ app_init ] --START--
INFO: Run Behavior\BuildLiteBehavior [ RunTime:0.000012s ]
INFO: [ app_init ] --END-- [ RunTime:0.000233s ]
INFO: [ app_begin ] --START--
INFO: Run Behavior\ReadHtmlCacheBehavior [ RunTime:0.000262s ]
INFO: [ app_begin ] --END-- [ RunTime:0.000286s ]
SQL: SHOW COLUMNS FROM `sjy_origanization_user_info` [ RunTime:0.0016s ]
SQL: SELECT * FROM `sjy_origanization_user_info` WHERE `sjy_id` = 11 LIMIT 1   [ RunTime:0.0004s ]
SQL: SHOW COLUMNS FROM `sjy_cities` [ RunTime:0.0005s ]
SQL: SELECT * FROM `sjy_cities` WHERE `cityid` = 120000 LIMIT 1   [ RunTime:0.0002s ]
SQL: select sjy_community_project_info.* from sjy_community_position_info left join sjy_community_project_info on sjy_community_position_info.sjy_community_id=sjy_community_project_info.sjy_community_id left join sjy_community_base_info on sjy_community_position_info.sjy_community_id=sjy_community_base_info.sjy_id where sjy_community_position_info.sjy_community_city=120000 [ RunTime:0.0003s ]
SQL: SHOW COLUMNS FROM `sjy_community_project_image` [ RunTime:0.0005s ]
SQL: SELECT * FROM `sjy_community_project_image` LIMIT 1   [ RunTime:0.0001s ]
SQL: SHOW COLUMNS FROM `sjy_community_position_info` [ RunTime:0.0005s ]
SQL: SELECT * FROM `sjy_community_position_info` WHERE `sjy_community_id` = '6' LIMIT 1   [ RunTime:0.0002s ]
SQL: SHOW COLUMNS FROM `sjy_areas` [ RunTime:0.0007s ]
SQL: SELECT `area` FROM `sjy_areas` WHERE `areaid` = null LIMIT 1   [ RunTime:0.0008s ]
SQL: SHOW COLUMNS FROM `sjy_streets` [ RunTime:0.0004s ]
SQL: SELECT `street` FROM `sjy_streets` WHERE `streetid` = null LIMIT 1   [ RunTime:0.0002s ]
INFO: [ view_parse ] --START--
INFO: [ template_filter ] --START--
INFO: Run Behavior\ContentReplaceBehavior [ RunTime:0.000112s ]
INFO: [ template_filter ] --END-- [ RunTime:0.000139s ]
INFO: Run Behavior\ParseTemplateBehavior [ RunTime:0.007236s ]
INFO: [ view_parse ] --END-- [ RunTime:0.007267s ]
INFO: [ view_filter ] --START--
INFO: Run Behavior\WriteHtmlCacheBehavior [ RunTime:0.000094s ]
INFO: [ view_filter ] --END-- [ RunTime:0.000112s ]
INFO: [ app_end ] --START--
INFO: Run Behavior\ShowPageTraceBehavior [ RunTime:0.000395s ]
INFO: [ app_end ] --END-- [ RunTime:0.000422s ]

[ 2017-10-09T18:12:13+08:00 ] 219.142.209.189 /shejuyi/index.php/Home/Origanization/send_project
INFO: [ app_init ] --START--
INFO: Run Behavior\BuildLiteBehavior [ RunTime:0.000011s ]
INFO: [ app_init ] --END-- [ RunTime:0.000220s ]
INFO: [ app_begin ] --START--
INFO: Run Behavior\ReadHtmlCacheBehavior [ RunTime:0.000252s ]
INFO: [ app_begin ] --END-- [ RunTime:0.000276s ]
SQL: SHOW COLUMNS FROM `sjy_service_object` [ RunTime:0.0008s ]
SQL: SELECT * FROM `sjy_service_object`  [ RunTime:0.0002s ]
INFO: [ view_parse ] --START--
INFO: [ template_filter ] --START--
INFO: Run Behavior\ContentReplaceBehavior [ RunTime:0.000074s ]
INFO: [ template_filter ] --END-- [ RunTime:0.000103s ]
NOTIC: [8] Undefined variable: origanization_images /xiaoheiwu/shejuyi/Application/Runtime/Cache/Home/c82b06c94b2cb5cdca4d2736f59a4125.php 第 83 行.
INFO: Run Behavior\ParseTemplateBehavior [ RunTime:0.004668s ]
INFO: [ view_parse ] --END-- [ RunTime:0.004689s ]
INFO: [ view_filter ] --START--
INFO: Run Behavior\WriteHtmlCacheBehavior [ RunTime:0.000095s ]
INFO: [ view_filter ] --END-- [ RunTime:0.000114s ]
INFO: [ app_end ] --START--
INFO: Run Behavior\ShowPageTraceBehavior [ RunTime:0.000322s ]
INFO: [ app_end ] --END-- [ RunTime:0.000343s ]

[ 2017-10-09T18:12:16+08:00 ] 219.142.209.189 /shejuyi/index.php/Home/Origanization/delsessionimgid
INFO: [ app_init ] --START--
INFO: Run Behavior\BuildLiteBehavior [ RunTime:0.000011s ]
INFO: [ app_init ] --END-- [ RunTime:0.000239s ]
INFO: [ app_begin ] --START--
INFO: Run Behavior\ReadHtmlCacheBehavior [ RunTime:0.000253s ]
INFO: [ app_begin ] --END-- [ RunTime:0.000277s ]
INFO: [ app_end ] --START--
INFO: Run Behavior\ShowPageTraceBehavior [ RunTime:0.000289s ]
INFO: [ app_end ] --END-- [ RunTime:0.000318s ]

[ 2017-10-09T18:12:19+08:00 ] 219.142.209.189 /shejuyi/index.php/Home/Origanization/projectinfo/id/6
INFO: [ app_init ] --START--
INFO: Run Behavior\BuildLiteBehavior [ RunTime:0.000011s ]
INFO: [ app_init ] --END-- [ RunTime:0.000247s ]
INFO: [ app_begin ] --START--
INFO: Run Behavior\ReadHtmlCacheBehavior [ RunTime:0.000254s ]
INFO: [ app_begin ] --END-- [ RunTime:0.000278s ]
SQL: SHOW COLUMNS FROM `sjy_community_project_info` [ RunTime:0.0008s ]
SQL: SELECT * FROM `sjy_community_project_info` WHERE `sjy_id` = 6 LIMIT 1   [ RunTime:0.0003s ]
SQL: SHOW COLUMNS FROM `sjy_community_project_image` [ RunTime:0.0004s ]
SQL: SELECT * FROM `sjy_community_project_image` WHERE `sjy_community_project_id` = 6  [ RunTime:0.0002s ]
SQL: select sjy_community_base_info.*,sjy_community_position_info.sjy_community_address,sjy_provinces.province,sjy_cities.city,sjy_areas.area,sjy_streets.street from sjy_community_base_info left join sjy_community_position_info on sjy_community_base_info.sjy_id=sjy_community_position_info.sjy_community_id left join sjy_provinces on sjy_community_position_info.sjy_community_province=sjy_provinces.provinceid left join sjy_cities on sjy_community_position_info.sjy_community_city=sjy_cities.cityid left join sjy_areas on sjy_community_position_info.sjy_community_area=sjy_areas.areaid left join sjy_streets on sjy_community_position_info.sjy_community_street=sjy_streets.streetid [ RunTime:0.0027s ]
SQL: SHOW COLUMNS FROM `sjy_cities` [ RunTime:0.0004s ]
SQL: SELECT * FROM `sjy_cities` WHERE `cityid` = 120000 LIMIT 1   [ RunTime:0.0001s ]
INFO: [ view_parse ] --START--
INFO: [ template_filter ] --START--
INFO: Run Behavior\ContentReplaceBehavior [ RunTime:0.000097s ]
INFO: [ template_filter ] --END-- [ RunTime:0.000122s ]
INFO: Run Behavior\ParseTemplateBehavior [ RunTime:0.004957s ]
INFO: [ view_parse ] --END-- [ RunTime:0.004986s ]
INFO: [ view_filter ] --START--
INFO: Run Behavior\WriteHtmlCacheBehavior [ RunTime:0.000094s ]
INFO: [ view_filter ] --END-- [ RunTime:0.000112s ]
INFO: [ app_end ] --START--
INFO: Run Behavior\ShowPageTraceBehavior [ RunTime:0.000353s ]
INFO: [ app_end ] --END-- [ RunTime:0.000380s ]

[ 2017-10-09T18:12:31+08:00 ] 219.142.209.189 /shejuyi/index.php/Home/Origanization/projectinfo/id/6
INFO: [ app_init ] --START--
INFO: Run Behavior\BuildLiteBehavior [ RunTime:0.000012s ]
INFO: [ app_init ] --END-- [ RunTime:0.000222s ]
INFO: [ app_begin ] --START--
INFO: Run Behavior\ReadHtmlCacheBehavior [ RunTime:0.000304s ]
INFO: [ app_begin ] --END-- [ RunTime:0.000331s ]
SQL: SHOW COLUMNS FROM `sjy_community_project_info` [ RunTime:0.0008s ]
SQL: SELECT * FROM `sjy_community_project_info` WHERE `sjy_id` = 6 LIMIT 1   [ RunTime:0.0003s ]
SQL: SHOW COLUMNS FROM `sjy_community_project_image` [ RunTime:0.0004s ]
SQL: SELECT * FROM `sjy_community_project_image` WHERE `sjy_community_project_id` = 6  [ RunTime:0.0002s ]
SQL: select sjy_community_base_info.*,sjy_community_position_info.sjy_community_address,sjy_provinces.province,sjy_cities.city,sjy_areas.area,sjy_streets.street from sjy_community_base_info left join sjy_community_position_info on sjy_community_base_info.sjy_id=sjy_community_position_info.sjy_community_id left join sjy_provinces on sjy_community_position_info.sjy_community_province=sjy_provinces.provinceid left join sjy_cities on sjy_community_position_info.sjy_community_city=sjy_cities.cityid left join sjy_areas on sjy_community_position_info.sjy_community_area=sjy_areas.areaid left join sjy_streets on sjy_community_position_info.sjy_community_street=sjy_streets.streetid [ RunTime:0.0028s ]
SQL: SHOW COLUMNS FROM `sjy_cities` [ RunTime:0.0005s ]
SQL: SELECT * FROM `sjy_cities` WHERE `cityid` = 120000 LIMIT 1   [ RunTime:0.0002s ]
INFO: [ view_parse ] --START--
INFO: [ template_filter ] --START--
INFO: Run Behavior\ContentReplaceBehavior [ RunTime:0.000098s ]
INFO: [ template_filter ] --END-- [ RunTime:0.000144s ]
INFO: Run Behavior\ParseTemplateBehavior [ RunTime:0.005518s ]
INFO: [ view_parse ] --END-- [ RunTime:0.005550s ]
INFO: [ view_filter ] --START--
INFO: Run Behavior\WriteHtmlCacheBehavior [ RunTime:0.000129s ]
INFO: [ view_filter ] --END-- [ RunTime:0.000158s ]
INFO: [ app_end ] --START--
INFO: Run Behavior\ShowPageTraceBehavior [ RunTime:0.000506s ]
INFO: [ app_end ] --END-- [ RunTime:0.000543s ]

[ 2017-10-09T18:12:32+08:00 ] 219.142.209.189 /shejuyi/index.php/Home/Origanization/personinfo
INFO: [ app_init ] --START--
INFO: Run Behavior\BuildLiteBehavior [ RunTime:0.000009s ]
INFO: [ app_init ] --END-- [ RunTime:0.000204s ]
INFO: [ app_begin ] --START--
INFO: Run Behavior\ReadHtmlCacheBehavior [ RunTime:0.000250s ]
INFO: [ app_begin ] --END-- [ RunTime:0.000275s ]
SQL: SHOW COLUMNS FROM `sjy_origanization_user_info` [ RunTime:0.0010s ]
SQL: SELECT * FROM `sjy_origanization_user_info` WHERE `sjy_id` = 11 LIMIT 1   [ RunTime:0.0003s ]
SQL: SHOW COLUMNS FROM `sjy_origanization_base_info` [ RunTime:0.0005s ]
SQL: SELECT `sjy_origanization_name` FROM `sjy_origanization_base_info` WHERE `sjy_id` = 5 LIMIT 1   [ RunTime:0.0002s ]
INFO: [ view_parse ] --START--
INFO: [ template_filter ] --START--
INFO: Run Behavior\ContentReplaceBehavior [ RunTime:0.000060s ]
INFO: [ template_filter ] --END-- [ RunTime:0.000092s ]
INFO: Run Behavior\ParseTemplateBehavior [ RunTime:0.003294s ]
INFO: [ view_parse ] --END-- [ RunTime:0.003319s ]
INFO: [ view_filter ] --START--
INFO: Run Behavior\WriteHtmlCacheBehavior [ RunTime:0.000088s ]
INFO: [ view_filter ] --END-- [ RunTime:0.000112s ]
INFO: [ app_end ] --START--
INFO: Run Behavior\ShowPageTraceBehavior [ RunTime:0.000290s ]
INFO: [ app_end ] --END-- [ RunTime:0.000312s ]

[ 2017-10-09T18:12:35+08:00 ] 219.142.209.189 /shejuyi/index.php/Home/Origanization/updatePersonInfo
INFO: [ app_init ] --START--
INFO: Run Behavior\BuildLiteBehavior [ RunTime:0.000014s ]
INFO: [ app_init ] --END-- [ RunTime:0.000266s ]
INFO: [ app_begin ] --START--
INFO: Run Behavior\ReadHtmlCacheBehavior [ RunTime:0.000298s ]
INFO: [ app_begin ] --END-- [ RunTime:0.000324s ]
SQL: SHOW COLUMNS FROM `sjy_origanization_user_info` [ RunTime:0.0009s ]
SQL: UPDATE `sjy_origanization_user_info` SET `sjy_origanization_user_email`='1980439463@qq.com' WHERE `sjy_id` = 11 [ RunTime:0.0109s ]

[ 2017-10-09T18:12:36+08:00 ] 219.142.209.189 /shejuyi/index.php/Home/Origanization/projectinfo/id/6
INFO: [ app_init ] --START--
INFO: Run Behavior\BuildLiteBehavior [ RunTime:0.000010s ]
INFO: [ app_init ] --END-- [ RunTime:0.000204s ]
INFO: [ app_begin ] --START--
INFO: Run Behavior\ReadHtmlCacheBehavior [ RunTime:0.000254s ]
INFO: [ app_begin ] --END-- [ RunTime:0.000279s ]
SQL: SHOW COLUMNS FROM `sjy_community_project_info` [ RunTime:0.0011s ]
SQL: SELECT * FROM `sjy_community_project_info` WHERE `sjy_id` = 6 LIMIT 1   [ RunTime:0.0003s ]
SQL: SHOW COLUMNS FROM `sjy_community_project_image` [ RunTime:0.0005s ]
SQL: SELECT * FROM `sjy_community_project_image` WHERE `sjy_community_project_id` = 6  [ RunTime:0.0002s ]
SQL: select sjy_community_base_info.*,sjy_community_position_info.sjy_community_address,sjy_provinces.province,sjy_cities.city,sjy_areas.area,sjy_streets.street from sjy_community_base_info left join sjy_community_position_info on sjy_community_base_info.sjy_id=sjy_community_position_info.sjy_community_id left join sjy_provinces on sjy_community_position_info.sjy_community_province=sjy_provinces.provinceid left join sjy_cities on sjy_community_position_info.sjy_community_city=sjy_cities.cityid left join sjy_areas on sjy_community_position_info.sjy_community_area=sjy_areas.areaid left join sjy_streets on sjy_community_position_info.sjy_community_street=sjy_streets.streetid [ RunTime:0.0029s ]
SQL: SHOW COLUMNS FROM `sjy_cities` [ RunTime:0.0004s ]
SQL: SELECT * FROM `sjy_cities` WHERE `cityid` = 120000 LIMIT 1   [ RunTime:0.0002s ]
INFO: [ view_parse ] --START--
INFO: [ template_filter ] --START--
INFO: Run Behavior\ContentReplaceBehavior [ RunTime:0.000106s ]
INFO: [ template_filter ] --END-- [ RunTime:0.000147s ]
INFO: Run Behavior\ParseTemplateBehavior [ RunTime:0.006874s ]
INFO: [ view_parse ] --END-- [ RunTime:0.006900s ]
INFO: [ view_filter ] --START--
INFO: Run Behavior\WriteHtmlCacheBehavior [ RunTime:0.000106s ]
INFO: [ view_filter ] --END-- [ RunTime:0.000125s ]
INFO: [ app_end ] --START--
INFO: Run Behavior\ShowPageTraceBehavior [ RunTime:0.000428s ]
INFO: [ app_end ] --END-- [ RunTime:0.000460s ]

[ 2017-10-09T18:12:38+08:00 ] 219.142.209.189 /shejuyi/index.php/Home/Origanization/myoriganization
INFO: [ app_init ] --START--
INFO: Run Behavior\BuildLiteBehavior [ RunTime:0.000010s ]
INFO: [ app_init ] --END-- [ RunTime:0.000209s ]
INFO: [ app_begin ] --START--
INFO: Run Behavior\ReadHtmlCacheBehavior [ RunTime:0.000250s ]
INFO: [ app_begin ] --END-- [ RunTime:0.000274s ]
SQL: SHOW COLUMNS FROM `sjy_origanization_user_info` [ RunTime:0.0009s ]
SQL: SELECT * FROM `sjy_origanization_user_info` WHERE `sjy_id` = 11 LIMIT 1   [ RunTime:0.0003s ]
NOTIC: [8] Undefined variable: origanization_base_info /xiaoheiwu/shejuyi/Application/Home/Controller/OriganizationController.class.php 第 534 行.
SQL: SHOW COLUMNS FROM `sjy_origanization_base_info` [ RunTime:0.0005s ]
SQL: SELECT * FROM `sjy_origanization_base_info` WHERE `sjy_id` = 5 LIMIT 1   [ RunTime:0.0002s ]
SQL: SHOW COLUMNS FROM `sjy_origanization_position_info` [ RunTime:0.0005s ]
SQL: SELECT * FROM `sjy_origanization_position_info` WHERE `sjy_origanization_id` = '5' LIMIT 1   [ RunTime:0.0002s ]
SQL: SHOW COLUMNS FROM `sjy_origanization_type` [ RunTime:0.0004s ]
SQL: SELECT `sjy_origanization_type_name` FROM `sjy_origanization_type` WHERE `sjy_id` = 2 LIMIT 1   [ RunTime:0.0002s ]
SQL: SELECT * FROM `sjy_origanization_user_info` WHERE `sjy_origanization_user_origanization_code` = '5'  [ RunTime:0.0002s ]
SQL: SHOW COLUMNS FROM `sjy_origanization_image` [ RunTime:0.0004s ]
SQL: SELECT * FROM `sjy_origanization_image` WHERE `sjy_origanization_code` = '5'  [ RunTime:0.0002s ]
INFO: [ view_parse ] --START--
INFO: [ template_filter ] --START--
INFO: Run Behavior\ContentReplaceBehavior [ RunTime:0.000080s ]
INFO: [ template_filter ] --END-- [ RunTime:0.000105s ]
INFO: Run Behavior\ParseTemplateBehavior [ RunTime:0.004944s ]
INFO: [ view_parse ] --END-- [ RunTime:0.004969s ]
INFO: [ view_filter ] --START--
INFO: Run Behavior\WriteHtmlCacheBehavior [ RunTime:0.000093s ]
INFO: [ view_filter ] --END-- [ RunTime:0.000112s ]
INFO: [ app_end ] --START--
INFO: Run Behavior\ShowPageTraceBehavior [ RunTime:0.000338s ]
INFO: [ app_end ] --END-- [ RunTime:0.000363s ]

[ 2017-10-09T18:12:48+08:00 ] 219.142.209.189 /shejuyi/index.php/Home/Origanization/projectinfo/id/6
INFO: [ app_init ] --START--
INFO: Run Behavior\BuildLiteBehavior [ RunTime:0.000010s ]
INFO: [ app_init ] --END-- [ RunTime:0.000202s ]
INFO: [ app_begin ] --START--
INFO: Run Behavior\ReadHtmlCacheBehavior [ RunTime:0.000287s ]
INFO: [ app_begin ] --END-- [ RunTime:0.000313s ]
SQL: SHOW COLUMNS FROM `sjy_community_project_info` [ RunTime:0.0008s ]
SQL: SELECT * FROM `sjy_community_project_info` WHERE `sjy_id` = 6 LIMIT 1   [ RunTime:0.0004s ]
SQL: SHOW COLUMNS FROM `sjy_community_project_image` [ RunTime:0.0005s ]
SQL: SELECT * FROM `sjy_community_project_image` WHERE `sjy_community_project_id` = 6  [ RunTime:0.0002s ]
SQL: select sjy_community_base_info.*,sjy_community_position_info.sjy_community_address,sjy_provinces.province,sjy_cities.city,sjy_areas.area,sjy_streets.street from sjy_community_base_info left join sjy_community_position_info on sjy_community_base_info.sjy_id=sjy_community_position_info.sjy_community_id left join sjy_provinces on sjy_community_position_info.sjy_community_province=sjy_provinces.provinceid left join sjy_cities on sjy_community_position_info.sjy_community_city=sjy_cities.cityid left join sjy_areas on sjy_community_position_info.sjy_community_area=sjy_areas.areaid left join sjy_streets on sjy_community_position_info.sjy_community_street=sjy_streets.streetid [ RunTime:0.0027s ]
SQL: SHOW COLUMNS FROM `sjy_cities` [ RunTime:0.0005s ]
SQL: SELECT * FROM `sjy_cities` WHERE `cityid` = 120000 LIMIT 1   [ RunTime:0.0002s ]
INFO: [ view_parse ] --START--
INFO: [ template_filter ] --START--
INFO: Run Behavior\ContentReplaceBehavior [ RunTime:0.000095s ]
INFO: [ template_filter ] --END-- [ RunTime:0.000123s ]
INFO: Run Behavior\ParseTemplateBehavior [ RunTime:0.005076s ]
INFO: [ view_parse ] --END-- [ RunTime:0.005099s ]
INFO: [ view_filter ] --START--
INFO: Run Behavior\WriteHtmlCacheBehavior [ RunTime:0.000094s ]
INFO: [ view_filter ] --END-- [ RunTime:0.000113s ]
INFO: [ app_end ] --START--
INFO: Run Behavior\ShowPageTraceBehavior [ RunTime:0.000355s ]
INFO: [ app_end ] --END-- [ RunTime:0.000381s ]

[ 2017-10-09T18:12:49+08:00 ] 219.142.209.189 /shejuyi/index.php/Home/Origanization/projectinfo/id/6
INFO: [ app_init ] --START--
INFO: Run Behavior\BuildLiteBehavior [ RunTime:0.000010s ]
INFO: [ app_init ] --END-- [ RunTime:0.000237s ]
INFO: [ app_begin ] --START--
INFO: Run Behavior\ReadHtmlCacheBehavior [ RunTime:0.000251s ]
INFO: [ app_begin ] --END-- [ RunTime:0.000275s ]
SQL: SHOW COLUMNS FROM `sjy_community_project_info` [ RunTime:0.0009s ]
SQL: SELECT * FROM `sjy_community_project_info` WHERE `sjy_id` = 6 LIMIT 1   [ RunTime:0.0003s ]
SQL: SHOW COLUMNS FROM `sjy_community_project_image` [ RunTime:0.0004s ]
SQL: SELECT * FROM `sjy_community_project_image` WHERE `sjy_community_project_id` = 6  [ RunTime:0.0002s ]
SQL: select sjy_community_base_info.*,sjy_community_position_info.sjy_community_address,sjy_provinces.province,sjy_cities.city,sjy_areas.area,sjy_streets.street from sjy_community_base_info left join sjy_community_position_info on sjy_community_base_info.sjy_id=sjy_community_position_info.sjy_community_id left join sjy_provinces on sjy_community_position_info.sjy_community_province=sjy_provinces.provinceid left join sjy_cities on sjy_community_position_info.sjy_community_city=sjy_cities.cityid left join sjy_areas on sjy_community_position_info.sjy_community_area=sjy_areas.areaid left join sjy_streets on sjy_community_position_info.sjy_community_street=sjy_streets.streetid [ RunTime:0.0030s ]
SQL: SHOW COLUMNS FROM `sjy_cities` [ RunTime:0.0006s ]
SQL: SELECT * FROM `sjy_cities` WHERE `cityid` = 120000 LIMIT 1   [ RunTime:0.0002s ]
INFO: [ view_parse ] --START--
INFO: [ template_filter ] --START--
INFO: Run Behavior\ContentReplaceBehavior [ RunTime:0.000109s ]
INFO: [ template_filter ] --END-- [ RunTime:0.000137s ]
INFO: Run Behavior\ParseTemplateBehavior [ RunTime:0.005551s ]
INFO: [ view_parse ] --END-- [ RunTime:0.005576s ]
INFO: [ view_filter ] --START--
INFO: Run Behavior\WriteHtmlCacheBehavior [ RunTime:0.000093s ]
INFO: [ view_filter ] --END-- [ RunTime:0.000112s ]
INFO: [ app_end ] --START--
INFO: Run Behavior\ShowPageTraceBehavior [ RunTime:0.000354s ]
INFO: [ app_end ] --END-- [ RunTime:0.000380s ]

[ 2017-10-09T18:12:54+08:00 ] 219.142.209.189 /shejuyi/index.php/Home/Origanization/myproject
INFO: [ app_init ] --START--
INFO: Run Behavior\BuildLiteBehavior [ RunTime:0.000010s ]
INFO: [ app_init ] --END-- [ RunTime:0.000212s ]
INFO: [ app_begin ] --START--
INFO: Run Behavior\ReadHtmlCacheBehavior [ RunTime:0.000253s ]
INFO: [ app_begin ] --END-- [ RunTime:0.000277s ]
SQL: SHOW COLUMNS FROM `sjy_project` [ RunTime:0.0008s ]
SQL: SELECT * FROM `sjy_project` WHERE `origanization_id` = 5 AND `status` = 0  [ RunTime:0.0003s ]
NOTIC: [8] Undefined variable: project_info /xiaoheiwu/shejuyi/Application/Home/Controller/OriganizationController.class.php 第 647 行.
NOTIC: [8] Undefined offset: 1 /xiaoheiwu/shejuyi/ThinkPHP/Library/Think/Db/Driver.class.php 第 596 行.
NOTIC: [8] Undefined offset: 0 /xiaoheiwu/shejuyi/ThinkPHP/Library/Think/Db/Driver.class.php 第 597 行.
NOTIC: [8] Undefined offset: 0 /xiaoheiwu/shejuyi/ThinkPHP/Library/Think/Db/Driver.class.php 第 550 行.
NOTIC: [8] Undefined offset: 0 /xiaoheiwu/shejuyi/ThinkPHP/Library/Think/Db/Driver.class.php 第 596 行.
NOTIC: [8] Undefined offset: 0 /xiaoheiwu/shejuyi/ThinkPHP/Library/Think/Db/Driver.class.php 第 596 行.
NOTIC: [8] Undefined offset: 0 /xiaoheiwu/shejuyi/ThinkPHP/Library/Think/Db/Driver.class.php 第 597 行.
NOTIC: [8] Undefined offset: 0 /xiaoheiwu/shejuyi/ThinkPHP/Library/Think/Db/Driver.class.php 第 600 行.
SQL: SELECT * FROM `sjy_project` WHERE `origanization_id` = 5 AND ( ( `status` = null  ) OR `status` = 1 )  [ RunTime:0.0002s ]
NOTIC: [8] Undefined variable: ing_project_info /xiaoheiwu/shejuyi/Application/Home/Controller/OriganizationController.class.php 第 658 行.
SQL: SHOW COLUMNS FROM `sjy_origanization_project_info` [ RunTime:0.0005s ]
SQL: SELECT * FROM `sjy_origanization_project_info` WHERE `sjy_origanization_id` = '5'  [ RunTime:0.0002s ]
INFO: [ view_parse ] --START--
INFO: [ template_filter ] --START--
INFO: Run Behavior\ContentReplaceBehavior [ RunTime:0.000078s ]
INFO: [ template_filter ] --END-- [ RunTime:0.000105s ]
INFO: Run Behavior\ParseTemplateBehavior [ RunTime:0.004901s ]
INFO: [ view_parse ] --END-- [ RunTime:0.004926s ]
INFO: [ view_filter ] --START--
INFO: Run Behavior\WriteHtmlCacheBehavior [ RunTime:0.000091s ]
INFO: [ view_filter ] --END-- [ RunTime:0.000110s ]
INFO: [ app_end ] --START--
INFO: Run Behavior\ShowPageTraceBehavior [ RunTime:0.000304s ]
INFO: [ app_end ] --END-- [ RunTime:0.000330s ]

[ 2017-10-09T18:13:02+08:00 ] 219.142.209.189 /shejuyi/index.php/Home/Community/project_info/id/8
INFO: [ app_init ] --START--
INFO: Run Behavior\BuildLiteBehavior [ RunTime:0.000015s ]
INFO: [ app_init ] --END-- [ RunTime:0.000293s ]
INFO: [ app_begin ] --START--
INFO: Run Behavior\ReadHtmlCacheBehavior [ RunTime:0.000297s ]
INFO: [ app_begin ] --END-- [ RunTime:0.000323s ]
NOTIC: [8] Undefined index: sjy_community_user_isidentify /xiaoheiwu/shejuyi/Application/Home/Controller/CommunityController.class.php 第 17 行.
NOTIC: [8] Undefined index: sjy_community_user_image /xiaoheiwu/shejuyi/Application/Home/Controller/CommunityController.class.php 第 18 行.
NOTIC: [8] Undefined index: sjy_community_user_role /xiaoheiwu/shejuyi/Application/Home/Controller/CommunityController.class.php 第 20 行.
NOTIC: [8] Undefined index: sjy_community_login_id /xiaoheiwu/shejuyi/Application/Home/Controller/CommunityController.class.php 第 24 行.
SQL: SHOW COLUMNS FROM `sjy_origanization_project_info` [ RunTime:0.0008s ]
SQL: SELECT * FROM `sjy_origanization_project_info` WHERE `sjy_id` = 8 LIMIT 1   [ RunTime:0.0003s ]
SQL: SHOW COLUMNS FROM `sjy_origanization_project_image` [ RunTime:0.0004s ]
SQL: SELECT * FROM `sjy_origanization_project_image` WHERE `sjy_origanization_project_id` = 8  [ RunTime:0.0002s ]
SQL: select sjy_origanization_base_info.*,sjy_origanization_position_info.sjy_origanization_address,sjy_provinces.province,sjy_cities.city,sjy_areas.area from sjy_origanization_base_info left join sjy_origanization_position_info on sjy_origanization_base_info.sjy_id=sjy_origanization_position_info.sjy_origanization_id left join sjy_provinces on sjy_origanization_position_info.sjy_origanization_province=sjy_provinces.provinceid left join sjy_cities on sjy_origanization_position_info.sjy_origanization_city=sjy_cities.cityid left join sjy_areas on sjy_origanization_position_info.sjy_origanization_area=sjy_areas.areaid where sjy_origanization_base_info.sjy_id=5 [ RunTime:0.0021s ]
SQL: SHOW COLUMNS FROM `sjy_cities` [ RunTime:0.0004s ]
SQL: SELECT * FROM `sjy_cities` WHERE `cityid` = 350200 LIMIT 1   [ RunTime:0.0002s ]
INFO: [ view_parse ] --START--
INFO: [ template_filter ] --START--
INFO: Run Behavior\ContentReplaceBehavior [ RunTime:0.000099s ]
INFO: [ template_filter ] --END-- [ RunTime:0.000135s ]
NOTIC: [8] Undefined variable: userinfo /xiaoheiwu/shejuyi/Application/Runtime/Cache/Home/633b1d00a7c00392fc6e8dc151dae1d3.php 第 57 行.
INFO: Run Behavior\ParseTemplateBehavior [ RunTime:0.006924s ]
INFO: [ view_parse ] --END-- [ RunTime:0.006951s ]
INFO: [ view_filter ] --START--
INFO: Run Behavior\WriteHtmlCacheBehavior [ RunTime:0.000104s ]
INFO: [ view_filter ] --END-- [ RunTime:0.000123s ]
INFO: [ app_end ] --START--
INFO: Run Behavior\ShowPageTraceBehavior [ RunTime:0.000356s ]
INFO: [ app_end ] --END-- [ RunTime:0.000381s ]

[ 2017-10-09T18:13:03+08:00 ] 219.142.209.189 /shejuyi/
INFO: [ app_init ] --START--
INFO: Run Behavior\BuildLiteBehavior [ RunTime:0.000014s ]
INFO: [ app_init ] --END-- [ RunTime:0.000243s ]
INFO: [ app_begin ] --START--
INFO: Run Behavior\ReadHtmlCacheBehavior [ RunTime:0.000296s ]
INFO: [ app_begin ] --END-- [ RunTime:0.000321s ]
INFO: [ view_parse ] --START--
INFO: [ template_filter ] --START--
INFO: Run Behavior\ContentReplaceBehavior [ RunTime:0.000116s ]
INFO: [ template_filter ] --END-- [ RunTime:0.000174s ]
INFO: Run Behavior\ParseTemplateBehavior [ RunTime:0.005931s ]
INFO: [ view_parse ] --END-- [ RunTime:0.005955s ]
INFO: [ view_filter ] --START--
INFO: Run Behavior\WriteHtmlCacheBehavior [ RunTime:0.000126s ]
INFO: [ view_filter ] --END-- [ RunTime:0.000144s ]
INFO: [ app_end ] --START--
INFO: Run Behavior\ShowPageTraceBehavior [ RunTime:0.000404s ]
INFO: [ app_end ] --END-- [ RunTime:0.000430s ]

