[ 2018-03-29T17:03:02+08:00 ] 127.0.0.1 /index.php/Home/Community/getoriganizationlist/page/1
INFO: [ app_init ] --START--
INFO: Run Behavior\BuildLiteBehavior [ RunTime:0.000000s ]
INFO: [ app_init ] --END-- [ RunTime:0.001000s ]
INFO: [ app_begin ] --START--
INFO: Run Behavior\ReadHtmlCacheBehavior [ RunTime:0.001000s ]
INFO: [ app_begin ] --END-- [ RunTime:0.001000s ]
SQL: SHOW COLUMNS FROM `sjy_community_user_info` [ RunTime:0.0600s ]
SQL: SELECT * FROM `sjy_community_user_info` WHERE `sjy_id` = 57 LIMIT 1   [ RunTime:0.0720s ]
SQL: SHOW COLUMNS FROM `sjy_cities` [ RunTime:0.0670s ]
SQL: SELECT `city` FROM `sjy_cities` WHERE `cityid` = 110000 LIMIT 1   [ RunTime:0.0630s ]
NOTIC: [8] Undefined variable: islogin C:\wamp64\www\shejuyi\Application\Home\Controller\BaseController.class.php 第 105 行.
SQL: SHOW COLUMNS FROM `sjy_project` [ RunTime:0.0500s ]
SQL: SELECT * FROM `sjy_project` WHERE `status` = 2 AND `community_id` = 30  [ RunTime:0.0650s ]
SQL: SHOW COLUMNS FROM `sjy_origanization_position_info` [ RunTime:0.0670s ]
SQL: SELECT `sjy_origanization_id` FROM `sjy_origanization_position_info` WHERE `sjy_origanization_city` = 110000  [ RunTime:0.0710s ]
SQL: SHOW COLUMNS FROM `sjy_origanization_base_info` [ RunTime:0.0560s ]
SQL: SELECT * FROM `sjy_origanization_base_info` LIMIT 0,10   [ RunTime:0.2850s ]
SQL: SELECT * FROM `sjy_origanization_position_info` WHERE `sjy_origanization_id` = '24' LIMIT 1   [ RunTime:0.3840s ]
SQL: SELECT COUNT(*) AS tp_count FROM `sjy_origanization_base_info` LIMIT 1   [ RunTime:0.0910s ]

[ 2018-03-29T17:03:04+08:00 ] 127.0.0.1 /index.php/Home/Login/verify?t=1522314184310
INFO: [ app_init ] --START--
INFO: Run Behavior\BuildLiteBehavior [ RunTime:0.000000s ]
INFO: [ app_init ] --END-- [ RunTime:0.002000s ]
INFO: [ app_begin ] --START--
INFO: Run Behavior\ReadHtmlCacheBehavior [ RunTime:0.002000s ]
INFO: [ app_begin ] --END-- [ RunTime:0.002000s ]
INFO: [ app_end ] --START--
INFO: Run Behavior\ShowPageTraceBehavior [ RunTime:0.002000s ]
INFO: [ app_end ] --END-- [ RunTime:0.002000s ]

[ 2018-03-29T17:03:08+08:00 ] 127.0.0.1 /
INFO: [ app_init ] --START--
INFO: Run Behavior\BuildLiteBehavior [ RunTime:0.000000s ]
INFO: [ app_init ] --END-- [ RunTime:0.000000s ]
INFO: [ app_begin ] --START--
INFO: Run Behavior\ReadHtmlCacheBehavior [ RunTime:0.002000s ]
INFO: [ app_begin ] --END-- [ RunTime:0.002000s ]

[ 2018-03-29T17:03:09+08:00 ] 127.0.0.1 /index.php/Home/Community/index
INFO: [ app_init ] --START--
INFO: Run Behavior\BuildLiteBehavior [ RunTime:0.000000s ]
INFO: [ app_init ] --END-- [ RunTime:0.001000s ]
INFO: [ app_begin ] --START--
INFO: Run Behavior\ReadHtmlCacheBehavior [ RunTime:0.001000s ]
INFO: [ app_begin ] --END-- [ RunTime:0.001000s ]
SQL: SHOW COLUMNS FROM `sjy_community_user_info` [ RunTime:0.0560s ]
SQL: SELECT * FROM `sjy_community_user_info` WHERE `sjy_id` = 57 LIMIT 1   [ RunTime:0.0800s ]
SQL: SHOW COLUMNS FROM `sjy_cities` [ RunTime:0.0790s ]
SQL: SELECT `city` FROM `sjy_cities` WHERE `cityid` = 110000 LIMIT 1   [ RunTime:0.0750s ]
NOTIC: [8] Undefined variable: islogin C:\wamp64\www\shejuyi\Application\Home\Controller\BaseController.class.php 第 105 行.
SQL: SHOW COLUMNS FROM `sjy_project` [ RunTime:0.0600s ]
SQL: SELECT * FROM `sjy_project` WHERE `status` = 2 AND `community_id` = 30  [ RunTime:0.0490s ]
INFO: [ view_parse ] --START--
INFO: [ template_filter ] --START--
INFO: Run Behavior\ContentReplaceBehavior [ RunTime:0.000000s ]
INFO: [ template_filter ] --END-- [ RunTime:0.000000s ]
INFO: Run Behavior\ParseTemplateBehavior [ RunTime:0.017000s ]
INFO: [ view_parse ] --END-- [ RunTime:0.017000s ]
INFO: [ view_filter ] --START--
INFO: Run Behavior\WriteHtmlCacheBehavior [ RunTime:0.002000s ]
INFO: [ view_filter ] --END-- [ RunTime:0.002000s ]
INFO: [ app_end ] --START--
INFO: Run Behavior\ShowPageTraceBehavior [ RunTime:0.002000s ]
INFO: [ app_end ] --END-- [ RunTime:0.002000s ]

[ 2018-03-29T17:03:11+08:00 ] 127.0.0.1 /index.php/Home/Community/getoriganizationlist/page/1
INFO: [ app_init ] --START--
INFO: Run Behavior\BuildLiteBehavior [ RunTime:0.000000s ]
INFO: [ app_init ] --END-- [ RunTime:0.001000s ]
INFO: [ app_begin ] --START--
INFO: Run Behavior\ReadHtmlCacheBehavior [ RunTime:0.002000s ]
INFO: [ app_begin ] --END-- [ RunTime:0.002000s ]
SQL: SHOW COLUMNS FROM `sjy_community_user_info` [ RunTime:0.0740s ]
SQL: SELECT * FROM `sjy_community_user_info` WHERE `sjy_id` = 57 LIMIT 1   [ RunTime:0.0790s ]
SQL: SHOW COLUMNS FROM `sjy_cities` [ RunTime:0.0720s ]
SQL: SELECT `city` FROM `sjy_cities` WHERE `cityid` = 110000 LIMIT 1   [ RunTime:0.0500s ]
NOTIC: [8] Undefined variable: islogin C:\wamp64\www\shejuyi\Application\Home\Controller\BaseController.class.php 第 105 行.
SQL: SHOW COLUMNS FROM `sjy_project` [ RunTime:0.0510s ]
SQL: SELECT * FROM `sjy_project` WHERE `status` = 2 AND `community_id` = 30  [ RunTime:0.0750s ]
SQL: SHOW COLUMNS FROM `sjy_origanization_position_info` [ RunTime:0.1070s ]
SQL: SELECT `sjy_origanization_id` FROM `sjy_origanization_position_info` WHERE `sjy_origanization_city` = 110000  [ RunTime:0.0580s ]
SQL: SHOW COLUMNS FROM `sjy_origanization_base_info` [ RunTime:0.0820s ]
SQL: SELECT * FROM `sjy_origanization_base_info` LIMIT 0,10   [ RunTime:0.0730s ]
SQL: SELECT * FROM `sjy_origanization_position_info` WHERE `sjy_origanization_id` = '24' LIMIT 1   [ RunTime:0.0860s ]
SQL: SELECT COUNT(*) AS tp_count FROM `sjy_origanization_base_info` LIMIT 1   [ RunTime:0.0870s ]

[ 2018-03-29T17:03:24+08:00 ] 127.0.0.1 /
INFO: [ app_init ] --START--
INFO: Run Behavior\BuildLiteBehavior [ RunTime:0.000000s ]
INFO: [ app_init ] --END-- [ RunTime:0.000000s ]
INFO: [ app_begin ] --START--
INFO: Run Behavior\ReadHtmlCacheBehavior [ RunTime:0.003000s ]
INFO: [ app_begin ] --END-- [ RunTime:0.003000s ]

[ 2018-03-29T17:03:26+08:00 ] 127.0.0.1 /index.php/Home/Community/getoriganizationlist/page/1
INFO: [ app_init ] --START--
INFO: Run Behavior\BuildLiteBehavior [ RunTime:0.000000s ]
INFO: [ app_init ] --END-- [ RunTime:0.001000s ]
INFO: [ app_begin ] --START--
INFO: Run Behavior\ReadHtmlCacheBehavior [ RunTime:0.002000s ]
INFO: [ app_begin ] --END-- [ RunTime:0.002000s ]
SQL: SHOW COLUMNS FROM `sjy_community_user_info` [ RunTime:0.0810s ]
SQL: SELECT * FROM `sjy_community_user_info` WHERE `sjy_id` = 57 LIMIT 1   [ RunTime:0.0880s ]
SQL: SHOW COLUMNS FROM `sjy_cities` [ RunTime:0.0650s ]
SQL: SELECT `city` FROM `sjy_cities` WHERE `cityid` = 110000 LIMIT 1   [ RunTime:0.0700s ]
NOTIC: [8] Undefined variable: islogin C:\wamp64\www\shejuyi\Application\Home\Controller\BaseController.class.php 第 105 行.
SQL: SHOW COLUMNS FROM `sjy_project` [ RunTime:0.0740s ]
SQL: SELECT * FROM `sjy_project` WHERE `status` = 2 AND `community_id` = 30  [ RunTime:0.0660s ]
SQL: SHOW COLUMNS FROM `sjy_origanization_position_info` [ RunTime:0.0800s ]
SQL: SELECT `sjy_origanization_id` FROM `sjy_origanization_position_info` WHERE `sjy_origanization_city` = 110000  [ RunTime:0.1610s ]
SQL: SHOW COLUMNS FROM `sjy_origanization_base_info` [ RunTime:0.0660s ]
SQL: SELECT * FROM `sjy_origanization_base_info` LIMIT 0,10   [ RunTime:0.1460s ]
SQL: SELECT * FROM `sjy_origanization_position_info` WHERE `sjy_origanization_id` = '24' LIMIT 1   [ RunTime:0.0730s ]
SQL: SELECT COUNT(*) AS tp_count FROM `sjy_origanization_base_info` LIMIT 1   [ RunTime:0.0550s ]

[ 2018-03-29T17:03:27+08:00 ] 127.0.0.1 /index.php/Home/Origanization/getprojectlist/page/1
INFO: [ app_init ] --START--
INFO: Run Behavior\BuildLiteBehavior [ RunTime:0.000000s ]
INFO: [ app_init ] --END-- [ RunTime:0.000000s ]
INFO: [ app_begin ] --START--
INFO: Run Behavior\ReadHtmlCacheBehavior [ RunTime:0.003000s ]
INFO: [ app_begin ] --END-- [ RunTime:0.003000s ]
SQL: SHOW COLUMNS FROM `sjy_community_user_info` [ RunTime:0.0510s ]
SQL: SELECT * FROM `sjy_community_user_info` WHERE `sjy_id` = 57 LIMIT 1   [ RunTime:0.0560s ]
SQL: SHOW COLUMNS FROM `sjy_cities` [ RunTime:0.0800s ]
SQL: SELECT `city` FROM `sjy_cities` WHERE `cityid` = 110000 LIMIT 1   [ RunTime:0.0640s ]
NOTIC: [8] Undefined variable: islogin C:\wamp64\www\shejuyi\Application\Home\Controller\BaseController.class.php 第 105 行.
SQL: SHOW COLUMNS FROM `sjy_community_project_info` [ RunTime:0.0660s ]
SQL: SELECT * FROM `sjy_community_project_info` WHERE `cityid` = 110000 LIMIT 0,10   [ RunTime:0.0680s ]
SQL: SHOW COLUMNS FROM `sjy_community_base_info` [ RunTime:0.0770s ]
SQL: SELECT * FROM `sjy_community_base_info` WHERE `sjy_id` = 30 LIMIT 1   [ RunTime:0.0810s ]
SQL: SHOW COLUMNS FROM `sjy_community_position_info` [ RunTime:0.0860s ]
SQL: SELECT * FROM `sjy_community_position_info` WHERE `sjy_community_id` = '30' LIMIT 1   [ RunTime:0.0720s ]
SQL: SHOW COLUMNS FROM `sjy_community_project_image` [ RunTime:0.0800s ]
SQL: SELECT `sjy_community_project_image` FROM `sjy_community_project_image` WHERE `sjy_community_project_id` = 41 LIMIT 1   [ RunTime:0.0650s ]
SQL: SELECT COUNT(*) AS tp_count FROM `sjy_community_project_info` WHERE `cityid` = 110000 LIMIT 1   [ RunTime:0.0660s ]

[ 2018-03-29T17:03:29+08:00 ] 127.0.0.1 /index.php/Home/Origanization/logout
INFO: [ app_init ] --START--
INFO: Run Behavior\BuildLiteBehavior [ RunTime:0.000000s ]
INFO: [ app_init ] --END-- [ RunTime:0.001000s ]
INFO: [ app_begin ] --START--
INFO: Run Behavior\ReadHtmlCacheBehavior [ RunTime:0.002000s ]
INFO: [ app_begin ] --END-- [ RunTime:0.003000s ]
SQL: SHOW COLUMNS FROM `sjy_community_user_info` [ RunTime:0.0830s ]
SQL: SELECT * FROM `sjy_community_user_info` WHERE `sjy_id` = 57 LIMIT 1   [ RunTime:0.0890s ]
SQL: SHOW COLUMNS FROM `sjy_cities` [ RunTime:0.0690s ]
SQL: SELECT `city` FROM `sjy_cities` WHERE `cityid` = 110000 LIMIT 1   [ RunTime:0.0600s ]
NOTIC: [8] Undefined variable: islogin C:\wamp64\www\shejuyi\Application\Home\Controller\BaseController.class.php 第 105 行.
INFO: [ app_end ] --START--
INFO: Run Behavior\ShowPageTraceBehavior [ RunTime:0.002000s ]
INFO: [ app_end ] --END-- [ RunTime:0.002000s ]

[ 2018-03-29T17:03:29+08:00 ] 127.0.0.1 /
INFO: [ app_init ] --START--
INFO: Run Behavior\BuildLiteBehavior [ RunTime:0.000000s ]
INFO: [ app_init ] --END-- [ RunTime:0.003000s ]
INFO: [ app_begin ] --START--
INFO: Run Behavior\ReadHtmlCacheBehavior [ RunTime:0.001000s ]
INFO: [ app_begin ] --END-- [ RunTime:0.002000s ]
INFO: [ view_parse ] --START--
INFO: [ template_filter ] --START--
INFO: Run Behavior\ContentReplaceBehavior [ RunTime:0.000000s ]
INFO: [ template_filter ] --END-- [ RunTime:0.000000s ]
INFO: Run Behavior\ParseTemplateBehavior [ RunTime:0.019000s ]
INFO: [ view_parse ] --END-- [ RunTime:0.019000s ]
INFO: [ view_filter ] --START--
INFO: Run Behavior\WriteHtmlCacheBehavior [ RunTime:0.002000s ]
INFO: [ view_filter ] --END-- [ RunTime:0.002000s ]
INFO: [ app_end ] --START--
INFO: Run Behavior\ShowPageTraceBehavior [ RunTime:0.004000s ]
INFO: [ app_end ] --END-- [ RunTime:0.004000s ]

[ 2018-03-29T17:03:31+08:00 ] 127.0.0.1 /index.php/Home/Login/verify?t=1522314211184
INFO: [ app_init ] --START--
INFO: Run Behavior\BuildLiteBehavior [ RunTime:0.000000s ]
INFO: [ app_init ] --END-- [ RunTime:0.001000s ]
INFO: [ app_begin ] --START--
INFO: Run Behavior\ReadHtmlCacheBehavior [ RunTime:0.002000s ]
INFO: [ app_begin ] --END-- [ RunTime:0.002000s ]
INFO: [ app_end ] --START--
INFO: Run Behavior\ShowPageTraceBehavior [ RunTime:0.002000s ]
INFO: [ app_end ] --END-- [ RunTime:0.002000s ]

[ 2018-03-29T17:03:46+08:00 ] 127.0.0.1 /index.php/Home/Login/dologin
INFO: [ app_init ] --START--
INFO: Run Behavior\BuildLiteBehavior [ RunTime:0.000000s ]
INFO: [ app_init ] --END-- [ RunTime:0.001000s ]
INFO: [ app_begin ] --START--
INFO: Run Behavior\ReadHtmlCacheBehavior [ RunTime:0.003000s ]
INFO: [ app_begin ] --END-- [ RunTime:0.004000s ]
SQL: SHOW COLUMNS FROM `sjy_origanization_user_info` [ RunTime:0.0680s ]
SQL: SELECT * FROM `sjy_origanization_user_info` WHERE `sjy_origanization_login_id` = '15620608137' AND `password` = 'e10adc3949ba59abbe56e057f20f883e' LIMIT 1   [ RunTime:0.0780s ]
SQL: SELECT * FROM `sjy_origanization_user_info` WHERE `sjy_origanization_login_id` = '15620608137' LIMIT 1   [ RunTime:0.0620s ]

[ 2018-03-29T17:03:46+08:00 ] 127.0.0.1 /index.php/Home/Origanization/index
INFO: [ app_init ] --START--
INFO: Run Behavior\BuildLiteBehavior [ RunTime:0.000000s ]
INFO: [ app_init ] --END-- [ RunTime:0.001000s ]
INFO: [ app_begin ] --START--
INFO: Run Behavior\ReadHtmlCacheBehavior [ RunTime:0.002000s ]
INFO: [ app_begin ] --END-- [ RunTime:0.002000s ]
SQL: SHOW COLUMNS FROM `sjy_origanization_user_info` [ RunTime:0.0790s ]
SQL: SELECT * FROM `sjy_origanization_user_info` WHERE `sjy_id` = 79 LIMIT 1   [ RunTime:0.0480s ]
SQL: SHOW COLUMNS FROM `sjy_cities` [ RunTime:0.0800s ]
SQL: SELECT `city` FROM `sjy_cities` WHERE `cityid` = 110000 LIMIT 1   [ RunTime:0.0960s ]
NOTIC: [8] Undefined variable: islogin C:\wamp64\www\shejuyi\Application\Home\Controller\BaseController.class.php 第 105 行.
SQL: SHOW COLUMNS FROM `sjy_project` [ RunTime:0.0630s ]
SQL: SELECT * FROM `sjy_project` WHERE `status` = 2 AND `origanization_id` = 24  [ RunTime:0.0530s ]
INFO: [ view_parse ] --START--
INFO: [ template_filter ] --START--
INFO: Run Behavior\ContentReplaceBehavior [ RunTime:0.001000s ]
INFO: [ template_filter ] --END-- [ RunTime:0.001000s ]
INFO: Run Behavior\ParseTemplateBehavior [ RunTime:0.016000s ]
INFO: [ view_parse ] --END-- [ RunTime:0.016000s ]
INFO: [ view_filter ] --START--
INFO: Run Behavior\WriteHtmlCacheBehavior [ RunTime:0.004000s ]
INFO: [ view_filter ] --END-- [ RunTime:0.004000s ]
INFO: [ app_end ] --START--
INFO: Run Behavior\ShowPageTraceBehavior [ RunTime:0.003000s ]
INFO: [ app_end ] --END-- [ RunTime:0.003000s ]

[ 2018-03-29T17:03:48+08:00 ] 127.0.0.1 /index.php/Home/Origanization/getprojectlist/page/1
INFO: [ app_init ] --START--
INFO: Run Behavior\BuildLiteBehavior [ RunTime:0.000000s ]
INFO: [ app_init ] --END-- [ RunTime:0.001000s ]
INFO: [ app_begin ] --START--
INFO: Run Behavior\ReadHtmlCacheBehavior [ RunTime:0.003000s ]
INFO: [ app_begin ] --END-- [ RunTime:0.003000s ]
SQL: SHOW COLUMNS FROM `sjy_origanization_user_info` [ RunTime:0.0810s ]
SQL: SELECT * FROM `sjy_origanization_user_info` WHERE `sjy_id` = 79 LIMIT 1   [ RunTime:0.0790s ]
SQL: SHOW COLUMNS FROM `sjy_cities` [ RunTime:0.0820s ]
SQL: SELECT `city` FROM `sjy_cities` WHERE `cityid` = 110000 LIMIT 1   [ RunTime:0.0840s ]
NOTIC: [8] Undefined variable: islogin C:\wamp64\www\shejuyi\Application\Home\Controller\BaseController.class.php 第 105 行.
SQL: SHOW COLUMNS FROM `sjy_project` [ RunTime:0.0760s ]
SQL: SELECT * FROM `sjy_project` WHERE `status` = 2 AND `origanization_id` = 24  [ RunTime:0.0950s ]
SQL: SHOW COLUMNS FROM `sjy_community_project_info` [ RunTime:0.0650s ]
SQL: SELECT * FROM `sjy_community_project_info` WHERE `cityid` = 110000 LIMIT 0,10   [ RunTime:0.0640s ]
SQL: SHOW COLUMNS FROM `sjy_community_base_info` [ RunTime:0.0630s ]
SQL: SELECT * FROM `sjy_community_base_info` WHERE `sjy_id` = 30 LIMIT 1   [ RunTime:0.0660s ]
SQL: SHOW COLUMNS FROM `sjy_community_position_info` [ RunTime:0.1050s ]
SQL: SELECT * FROM `sjy_community_position_info` WHERE `sjy_community_id` = '30' LIMIT 1   [ RunTime:0.0840s ]
SQL: SHOW COLUMNS FROM `sjy_community_project_image` [ RunTime:0.0720s ]
SQL: SELECT `sjy_community_project_image` FROM `sjy_community_project_image` WHERE `sjy_community_project_id` = 41 LIMIT 1   [ RunTime:0.0500s ]
SQL: SELECT COUNT(*) AS tp_count FROM `sjy_community_project_info` WHERE `cityid` = 110000 LIMIT 1   [ RunTime:0.0710s ]

[ 2018-03-29T17:03:53+08:00 ] 127.0.0.1 /index.php/Home/Origanization/send_project
INFO: [ app_init ] --START--
INFO: Run Behavior\BuildLiteBehavior [ RunTime:0.000000s ]
INFO: [ app_init ] --END-- [ RunTime:0.001000s ]
INFO: [ app_begin ] --START--
INFO: Run Behavior\ReadHtmlCacheBehavior [ RunTime:0.002000s ]
INFO: [ app_begin ] --END-- [ RunTime:0.002000s ]
SQL: SHOW COLUMNS FROM `sjy_origanization_user_info` [ RunTime:0.0680s ]
SQL: SELECT * FROM `sjy_origanization_user_info` WHERE `sjy_id` = 79 LIMIT 1   [ RunTime:0.0840s ]
SQL: SHOW COLUMNS FROM `sjy_cities` [ RunTime:0.0740s ]
SQL: SELECT `city` FROM `sjy_cities` WHERE `cityid` = 110000 LIMIT 1   [ RunTime:0.0790s ]
NOTIC: [8] Undefined variable: islogin C:\wamp64\www\shejuyi\Application\Home\Controller\BaseController.class.php 第 105 行.
SQL: SHOW COLUMNS FROM `sjy_project` [ RunTime:0.0820s ]
SQL: SELECT * FROM `sjy_project` WHERE `status` = 2 AND `origanization_id` = 24  [ RunTime:0.0640s ]
SQL: SHOW COLUMNS FROM `sjy_service_object` [ RunTime:0.0800s ]
SQL: SELECT * FROM `sjy_service_object`  [ RunTime:0.0800s ]
INFO: [ view_parse ] --START--
INFO: [ template_filter ] --START--
INFO: Run Behavior\ContentReplaceBehavior [ RunTime:0.000000s ]
INFO: [ template_filter ] --END-- [ RunTime:0.000000s ]
INFO: Run Behavior\ParseTemplateBehavior [ RunTime:0.017000s ]
INFO: [ view_parse ] --END-- [ RunTime:0.017000s ]
INFO: [ view_filter ] --START--
INFO: Run Behavior\WriteHtmlCacheBehavior [ RunTime:0.003000s ]
INFO: [ view_filter ] --END-- [ RunTime:0.003000s ]
INFO: [ app_end ] --START--
INFO: Run Behavior\ShowPageTraceBehavior [ RunTime:0.002000s ]
INFO: [ app_end ] --END-- [ RunTime:0.002000s ]

[ 2018-03-29T17:05:05+08:00 ] 127.0.0.1 /index.php/Home/Origanization/index
INFO: [ app_init ] --START--
INFO: Run Behavior\BuildLiteBehavior [ RunTime:0.000000s ]
INFO: [ app_init ] --END-- [ RunTime:0.000000s ]
INFO: [ app_begin ] --START--
INFO: Run Behavior\ReadHtmlCacheBehavior [ RunTime:0.003000s ]
INFO: [ app_begin ] --END-- [ RunTime:0.003000s ]

[ 2018-03-29T17:05:05+08:00 ] 127.0.0.1 /index.php/
INFO: [ app_init ] --START--
INFO: Run Behavior\BuildLiteBehavior [ RunTime:0.000000s ]
INFO: [ app_init ] --END-- [ RunTime:0.000000s ]
INFO: [ app_begin ] --START--
INFO: Run Behavior\ReadHtmlCacheBehavior [ RunTime:0.004000s ]
INFO: [ app_begin ] --END-- [ RunTime:0.004000s ]
INFO: [ view_parse ] --START--
INFO: [ template_filter ] --START--
INFO: Run Behavior\ContentReplaceBehavior [ RunTime:0.000000s ]
INFO: [ template_filter ] --END-- [ RunTime:0.000000s ]
INFO: Run Behavior\ParseTemplateBehavior [ RunTime:0.017000s ]
INFO: [ view_parse ] --END-- [ RunTime:0.017000s ]
INFO: [ view_filter ] --START--
INFO: Run Behavior\WriteHtmlCacheBehavior [ RunTime:0.001000s ]
INFO: [ view_filter ] --END-- [ RunTime:0.001000s ]
INFO: [ app_end ] --START--
INFO: Run Behavior\ShowPageTraceBehavior [ RunTime:0.003000s ]
INFO: [ app_end ] --END-- [ RunTime:0.003000s ]

