[ 2018-03-10T15:46:22+08:00 ] 127.0.0.1 /index.php/Home/Project/communityProjectManger
INFO: [ app_init ] --START--
INFO: Run Behavior\BuildLiteBehavior [ RunTime:0.000041s ]
INFO: [ app_init ] --END-- [ RunTime:0.001355s ]
INFO: [ app_begin ] --START--
INFO: Run Behavior\ReadHtmlCacheBehavior [ RunTime:0.003125s ]
INFO: [ app_begin ] --END-- [ RunTime:0.003319s ]
SQL: SHOW COLUMNS FROM `sjy_community_user_info` [ RunTime:0.0919s ]
SQL: SELECT * FROM `sjy_community_user_info` WHERE `sjy_id` = 52 LIMIT 1   [ RunTime:0.0839s ]
SQL: SELECT `sjy_community_user_community_code` FROM `sjy_community_user_info` WHERE `sjy_id` = 52 LIMIT 1   [ RunTime:0.3569s ]
SQL: SHOW COLUMNS FROM `sjy_cities` [ RunTime:0.1555s ]
SQL: SELECT `city` FROM `sjy_cities` WHERE `cityid` = '110000' LIMIT 1   [ RunTime:0.1752s ]
NOTIC: [8] Undefined variable: islogin C:\xampp\htdocs\shejuyi\Application\Home\Controller\BaseController.class.php 第 98 行.
INFO: [ view_parse ] --START--
INFO: [ template_filter ] --START--
INFO: Run Behavior\ContentReplaceBehavior [ RunTime:0.000317s ]
INFO: [ template_filter ] --END-- [ RunTime:0.000406s ]
INFO: Run Behavior\ParseTemplateBehavior [ RunTime:0.041018s ]
INFO: [ view_parse ] --END-- [ RunTime:0.041131s ]
INFO: [ view_filter ] --START--
INFO: Run Behavior\WriteHtmlCacheBehavior [ RunTime:0.001719s ]
INFO: [ view_filter ] --END-- [ RunTime:0.001829s ]
INFO: [ app_end ] --START--
INFO: Run Behavior\ShowPageTraceBehavior [ RunTime:0.004805s ]
INFO: [ app_end ] --END-- [ RunTime:0.005126s ]

[ 2018-03-10T15:46:25+08:00 ] 127.0.0.1 /index.php/Home/Project/communityTenderProject
INFO: [ app_init ] --START--
INFO: Run Behavior\BuildLiteBehavior [ RunTime:0.000024s ]
INFO: [ app_init ] --END-- [ RunTime:0.000796s ]
INFO: [ app_begin ] --START--
INFO: Run Behavior\ReadHtmlCacheBehavior [ RunTime:0.001167s ]
INFO: [ app_begin ] --END-- [ RunTime:0.001302s ]
SQL: SHOW COLUMNS FROM `sjy_community_user_info` [ RunTime:0.3437s ]
SQL: SELECT * FROM `sjy_community_user_info` WHERE `sjy_id` = 52 LIMIT 1   [ RunTime:0.5102s ]
SQL: SELECT `sjy_community_user_community_code` FROM `sjy_community_user_info` WHERE `sjy_id` = 52 LIMIT 1   [ RunTime:0.0643s ]
SQL: SHOW COLUMNS FROM `sjy_cities` [ RunTime:0.2633s ]
SQL: SELECT `city` FROM `sjy_cities` WHERE `cityid` = '110000' LIMIT 1   [ RunTime:0.0545s ]
NOTIC: [8] Undefined variable: islogin C:\xampp\htdocs\shejuyi\Application\Home\Controller\BaseController.class.php 第 98 行.
SQL: SHOW COLUMNS FROM `sjy_community_project_info` [ RunTime:0.0963s ]
SQL: SELECT * FROM `sjy_community_project_info` WHERE `sjy_community_project_status` = 0 AND `sjy_community_project_collect_start_time` < '2018-03-10' AND `sjy_community_project_start_time` > '2018-03-10' LIMIT 0,15   [ RunTime:0.0528s ]
SQL: SELECT COUNT(*) AS tp_count FROM `sjy_community_project_info` WHERE `sjy_community_project_status` = 0 AND `sjy_community_project_collect_start_time` < '2018-03-10' AND `sjy_community_project_start_time` > '2018-03-10' LIMIT 1   [ RunTime:0.1798s ]

[ 2018-03-10T15:46:29+08:00 ] 127.0.0.1 /index.php/Home/Project/intentOriganization/id/40
INFO: [ app_init ] --START--
INFO: Run Behavior\BuildLiteBehavior [ RunTime:0.000016s ]
INFO: [ app_init ] --END-- [ RunTime:0.000485s ]
INFO: [ app_begin ] --START--
INFO: Run Behavior\ReadHtmlCacheBehavior [ RunTime:0.000923s ]
INFO: [ app_begin ] --END-- [ RunTime:0.000992s ]
SQL: SHOW COLUMNS FROM `sjy_community_user_info` [ RunTime:0.2224s ]
SQL: SELECT * FROM `sjy_community_user_info` WHERE `sjy_id` = 52 LIMIT 1   [ RunTime:0.3387s ]
SQL: SELECT `sjy_community_user_community_code` FROM `sjy_community_user_info` WHERE `sjy_id` = 52 LIMIT 1   [ RunTime:0.0523s ]
SQL: SHOW COLUMNS FROM `sjy_cities` [ RunTime:0.2239s ]
SQL: SELECT `city` FROM `sjy_cities` WHERE `cityid` = '110000' LIMIT 1   [ RunTime:0.1913s ]
NOTIC: [8] Undefined variable: islogin C:\xampp\htdocs\shejuyi\Application\Home\Controller\BaseController.class.php 第 98 行.
SQL: SHOW COLUMNS FROM `sjy_project` [ RunTime:0.0972s ]
SQL: SELECT * FROM `sjy_project` WHERE `community_id` = 29 AND `project_id` = 40 AND `status` = 1 LIMIT 0,15   [ RunTime:0.2339s ]
SQL: SHOW COLUMNS FROM `sjy_origanization_base_info` [ RunTime:0.3452s ]
SQL: SELECT * FROM `sjy_origanization_base_info` WHERE `sjy_id` = 23 LIMIT 1   [ RunTime:0.3536s ]
SQL: SELECT COUNT(*) AS tp_count FROM `sjy_project` WHERE `community_id` = 29 AND `project_id` = 40 AND `status` = 1 LIMIT 1   [ RunTime:0.1113s ]

[ 2018-03-10T15:46:34+08:00 ] 127.0.0.1 /index.php/Home/Project/projectBookList/origanization_id/23/project_id/40
INFO: [ app_init ] --START--
INFO: Run Behavior\BuildLiteBehavior [ RunTime:0.000024s ]
INFO: [ app_init ] --END-- [ RunTime:0.000579s ]
INFO: [ app_begin ] --START--
INFO: Run Behavior\ReadHtmlCacheBehavior [ RunTime:0.001038s ]
INFO: [ app_begin ] --END-- [ RunTime:0.001107s ]
SQL: SHOW COLUMNS FROM `sjy_community_user_info` [ RunTime:0.0551s ]
SQL: SELECT * FROM `sjy_community_user_info` WHERE `sjy_id` = 52 LIMIT 1   [ RunTime:0.0496s ]
SQL: SELECT `sjy_community_user_community_code` FROM `sjy_community_user_info` WHERE `sjy_id` = 52 LIMIT 1   [ RunTime:0.0636s ]
SQL: SHOW COLUMNS FROM `sjy_cities` [ RunTime:0.0859s ]
SQL: SELECT `city` FROM `sjy_cities` WHERE `cityid` = '110000' LIMIT 1   [ RunTime:0.0673s ]
NOTIC: [8] Undefined variable: islogin C:\xampp\htdocs\shejuyi\Application\Home\Controller\BaseController.class.php 第 98 行.
SQL: SHOW COLUMNS FROM `sjy_project_book` [ RunTime:0.0510s ]
SQL: SELECT * FROM `sjy_project_book` WHERE `sjy_project_id` = 40 AND `sjy_origanization_id` = 23 AND `sjy_community_id` = '29' LIMIT 0,15   [ RunTime:0.0745s ]
SQL: SELECT COUNT(*) AS tp_count FROM `sjy_project_book` WHERE `sjy_project_id` = 40 AND `sjy_origanization_id` = 23 AND `sjy_community_id` = '29' LIMIT 1   [ RunTime:0.1449s ]

[ 2018-03-10T15:51:56+08:00 ] 127.0.0.1 /index.php/Home/Project/communityProjectManger
INFO: [ app_init ] --START--
INFO: Run Behavior\BuildLiteBehavior [ RunTime:0.000034s ]
INFO: [ app_init ] --END-- [ RunTime:0.000655s ]
INFO: [ app_begin ] --START--
INFO: Run Behavior\ReadHtmlCacheBehavior [ RunTime:0.000788s ]
INFO: [ app_begin ] --END-- [ RunTime:0.000922s ]
SQL: SHOW COLUMNS FROM `sjy_community_user_info` [ RunTime:0.0836s ]
SQL: SELECT * FROM `sjy_community_user_info` WHERE `sjy_id` = 52 LIMIT 1   [ RunTime:0.0747s ]
SQL: SELECT `sjy_community_user_community_code` FROM `sjy_community_user_info` WHERE `sjy_id` = 52 LIMIT 1   [ RunTime:0.0602s ]
SQL: SHOW COLUMNS FROM `sjy_cities` [ RunTime:0.0727s ]
SQL: SELECT `city` FROM `sjy_cities` WHERE `cityid` = 110000 LIMIT 1   [ RunTime:0.0656s ]
NOTIC: [8] Undefined variable: islogin D:\wamp64\www\shejuyi\Application\Home\Controller\BaseController.class.php 第 98 行.
INFO: [ view_parse ] --START--
INFO: [ template_filter ] --START--
INFO: Run Behavior\ContentReplaceBehavior [ RunTime:0.000367s ]
INFO: [ template_filter ] --END-- [ RunTime:0.000505s ]
INFO: Run Behavior\ParseTemplateBehavior [ RunTime:0.013356s ]
INFO: [ view_parse ] --END-- [ RunTime:0.013477s ]
INFO: [ view_filter ] --START--
INFO: Run Behavior\WriteHtmlCacheBehavior [ RunTime:0.000464s ]
INFO: [ view_filter ] --END-- [ RunTime:0.000563s ]
INFO: [ app_end ] --START--
INFO: Run Behavior\ShowPageTraceBehavior [ RunTime:0.000850s ]
INFO: [ app_end ] --END-- [ RunTime:0.000964s ]

[ 2018-03-10T15:51:57+08:00 ] 127.0.0.1 /index.php/Home/Project/communityTenderProject
INFO: [ app_init ] --START--
INFO: Run Behavior\BuildLiteBehavior [ RunTime:0.000029s ]
INFO: [ app_init ] --END-- [ RunTime:0.000553s ]
INFO: [ app_begin ] --START--
INFO: Run Behavior\ReadHtmlCacheBehavior [ RunTime:0.000590s ]
INFO: [ app_begin ] --END-- [ RunTime:0.000716s ]
SQL: SHOW COLUMNS FROM `sjy_community_user_info` [ RunTime:0.0719s ]
SQL: SELECT * FROM `sjy_community_user_info` WHERE `sjy_id` = 52 LIMIT 1   [ RunTime:0.0555s ]
SQL: SELECT `sjy_community_user_community_code` FROM `sjy_community_user_info` WHERE `sjy_id` = 52 LIMIT 1   [ RunTime:0.0870s ]
SQL: SHOW COLUMNS FROM `sjy_cities` [ RunTime:0.0769s ]
SQL: SELECT `city` FROM `sjy_cities` WHERE `cityid` = 110000 LIMIT 1   [ RunTime:0.0842s ]
NOTIC: [8] Undefined variable: islogin D:\wamp64\www\shejuyi\Application\Home\Controller\BaseController.class.php 第 98 行.
SQL: SHOW COLUMNS FROM `sjy_community_project_info` [ RunTime:0.0756s ]
SQL: SELECT * FROM `sjy_community_project_info` WHERE `sjy_community_project_status` = 0 AND `sjy_community_project_collect_start_time` < '2018-03-10' AND `sjy_community_project_start_time` > '2018-03-10' LIMIT 0,15   [ RunTime:0.0523s ]
SQL: SELECT COUNT(*) AS tp_count FROM `sjy_community_project_info` WHERE `sjy_community_project_status` = 0 AND `sjy_community_project_collect_start_time` < '2018-03-10' AND `sjy_community_project_start_time` > '2018-03-10' LIMIT 1   [ RunTime:0.0690s ]

[ 2018-03-10T15:52:00+08:00 ] 127.0.0.1 /index.php/Home/Project/intentOriganization/id/40
INFO: [ app_init ] --START--
INFO: Run Behavior\BuildLiteBehavior [ RunTime:0.000024s ]
INFO: [ app_init ] --END-- [ RunTime:0.000478s ]
INFO: [ app_begin ] --START--
INFO: Run Behavior\ReadHtmlCacheBehavior [ RunTime:0.000549s ]
INFO: [ app_begin ] --END-- [ RunTime:0.000649s ]
SQL: SHOW COLUMNS FROM `sjy_community_user_info` [ RunTime:0.0927s ]
SQL: SELECT * FROM `sjy_community_user_info` WHERE `sjy_id` = 52 LIMIT 1   [ RunTime:0.0737s ]
SQL: SELECT `sjy_community_user_community_code` FROM `sjy_community_user_info` WHERE `sjy_id` = 52 LIMIT 1   [ RunTime:0.0727s ]
SQL: SHOW COLUMNS FROM `sjy_cities` [ RunTime:0.0999s ]
SQL: SELECT `city` FROM `sjy_cities` WHERE `cityid` = 110000 LIMIT 1   [ RunTime:0.0845s ]
NOTIC: [8] Undefined variable: islogin D:\wamp64\www\shejuyi\Application\Home\Controller\BaseController.class.php 第 98 行.
SQL: SHOW COLUMNS FROM `sjy_project` [ RunTime:0.1020s ]
SQL: SELECT * FROM `sjy_project` WHERE `community_id` = 29 AND `project_id` = 40 AND `status` = 1 LIMIT 0,15   [ RunTime:0.0886s ]
SQL: SHOW COLUMNS FROM `sjy_origanization_base_info` [ RunTime:0.0669s ]
SQL: SELECT * FROM `sjy_origanization_base_info` WHERE `sjy_id` = 23 LIMIT 1   [ RunTime:0.0658s ]
SQL: SELECT COUNT(*) AS tp_count FROM `sjy_project` WHERE `community_id` = 29 AND `project_id` = 40 AND `status` = 1 LIMIT 1   [ RunTime:0.0850s ]

[ 2018-03-10T15:52:04+08:00 ] 127.0.0.1 /index.php/Home/Project/projectBookList/origanization_id/23/project_id/40
INFO: [ app_init ] --START--
INFO: Run Behavior\BuildLiteBehavior [ RunTime:0.000044s ]
INFO: [ app_init ] --END-- [ RunTime:0.000975s ]
INFO: [ app_begin ] --START--
INFO: Run Behavior\ReadHtmlCacheBehavior [ RunTime:0.002470s ]
INFO: [ app_begin ] --END-- [ RunTime:0.002696s ]
SQL: SHOW COLUMNS FROM `sjy_community_user_info` [ RunTime:0.0628s ]
SQL: SELECT * FROM `sjy_community_user_info` WHERE `sjy_id` = 52 LIMIT 1   [ RunTime:0.0933s ]
SQL: SELECT `sjy_community_user_community_code` FROM `sjy_community_user_info` WHERE `sjy_id` = 52 LIMIT 1   [ RunTime:0.0687s ]
SQL: SHOW COLUMNS FROM `sjy_cities` [ RunTime:0.0806s ]
SQL: SELECT `city` FROM `sjy_cities` WHERE `cityid` = 110000 LIMIT 1   [ RunTime:0.0560s ]
NOTIC: [8] Undefined variable: islogin D:\wamp64\www\shejuyi\Application\Home\Controller\BaseController.class.php 第 98 行.
SQL: SHOW COLUMNS FROM `sjy_project_book` [ RunTime:0.0716s ]
SQL: SELECT * FROM `sjy_project_book` WHERE `sjy_project_id` = 40 AND `sjy_origanization_id` = 23 AND `sjy_community_id` = '29' LIMIT 0,15   [ RunTime:0.0900s ]
SQL: SELECT COUNT(*) AS tp_count FROM `sjy_project_book` WHERE `sjy_project_id` = 40 AND `sjy_origanization_id` = 23 AND `sjy_community_id` = '29' LIMIT 1   [ RunTime:0.0797s ]

[ 2018-03-10T15:52:06+08:00 ] 127.0.0.1 /index.php/Home/Project/projectBookList/origanization_id/23/project_id/40
INFO: [ app_init ] --START--
INFO: Run Behavior\BuildLiteBehavior [ RunTime:0.000019s ]
INFO: [ app_init ] --END-- [ RunTime:0.000367s ]
INFO: [ app_begin ] --START--
INFO: Run Behavior\ReadHtmlCacheBehavior [ RunTime:0.000503s ]
INFO: [ app_begin ] --END-- [ RunTime:0.000593s ]
SQL: SHOW COLUMNS FROM `sjy_community_user_info` [ RunTime:0.1535s ]
SQL: SELECT * FROM `sjy_community_user_info` WHERE `sjy_id` = 52 LIMIT 1   [ RunTime:0.0744s ]
SQL: SELECT `sjy_community_user_community_code` FROM `sjy_community_user_info` WHERE `sjy_id` = 52 LIMIT 1   [ RunTime:0.0558s ]
SQL: SHOW COLUMNS FROM `sjy_cities` [ RunTime:0.0978s ]
SQL: SELECT `city` FROM `sjy_cities` WHERE `cityid` = 110000 LIMIT 1   [ RunTime:0.0728s ]
NOTIC: [8] Undefined variable: islogin D:\wamp64\www\shejuyi\Application\Home\Controller\BaseController.class.php 第 98 行.
SQL: SHOW COLUMNS FROM `sjy_project_book` [ RunTime:0.0817s ]
SQL: SELECT * FROM `sjy_project_book` WHERE `sjy_project_id` = 40 AND `sjy_origanization_id` = 23 AND `sjy_community_id` = '29' LIMIT 0,15   [ RunTime:0.0881s ]
SQL: SELECT COUNT(*) AS tp_count FROM `sjy_project_book` WHERE `sjy_project_id` = 40 AND `sjy_origanization_id` = 23 AND `sjy_community_id` = '29' LIMIT 1   [ RunTime:0.0655s ]

[ 2018-03-10T17:11:40+08:00 ] 127.0.0.1 /index.php/Home/Community/index
INFO: [ app_init ] --START--
INFO: Run Behavior\BuildLiteBehavior [ RunTime:0.000025s ]
INFO: [ app_init ] --END-- [ RunTime:0.002994s ]
INFO: [ app_begin ] --START--
INFO: Run Behavior\ReadHtmlCacheBehavior [ RunTime:0.001449s ]
INFO: [ app_begin ] --END-- [ RunTime:0.001531s ]
SQL: SHOW COLUMNS FROM `sjy_community_user_info` [ RunTime:0.1328s ]
SQL: SELECT * FROM `sjy_community_user_info` WHERE `sjy_id` = 52 LIMIT 1   [ RunTime:0.0653s ]
SQL: SELECT `sjy_community_user_community_code` FROM `sjy_community_user_info` WHERE `sjy_id` = 52 LIMIT 1   [ RunTime:0.3930s ]
SQL: SHOW COLUMNS FROM `sjy_cities` [ RunTime:0.0559s ]
SQL: SELECT `city` FROM `sjy_cities` WHERE `cityid` = 110000 LIMIT 1   [ RunTime:0.0895s ]
NOTIC: [8] Undefined variable: islogin D:\wamp64\www\shejuyi\Application\Home\Controller\BaseController.class.php 第 98 行.
SQL: SHOW COLUMNS FROM `sjy_project` [ RunTime:0.0702s ]
SQL: SELECT * FROM `sjy_project` WHERE `status` = 2 AND `community_id` = 29  [ RunTime:0.0742s ]
INFO: [ view_parse ] --START--
INFO: [ template_filter ] --START--
INFO: Run Behavior\ContentReplaceBehavior [ RunTime:0.003255s ]
INFO: [ template_filter ] --END-- [ RunTime:0.003407s ]
INFO: Run Behavior\ParseTemplateBehavior [ RunTime:0.017719s ]
INFO: [ view_parse ] --END-- [ RunTime:0.017831s ]
INFO: [ view_filter ] --START--
INFO: Run Behavior\WriteHtmlCacheBehavior [ RunTime:0.000759s ]
INFO: [ view_filter ] --END-- [ RunTime:0.000840s ]
INFO: [ app_end ] --START--
INFO: Run Behavior\ShowPageTraceBehavior [ RunTime:0.000953s ]
INFO: [ app_end ] --END-- [ RunTime:0.001033s ]

[ 2018-03-10T17:11:41+08:00 ] 127.0.0.1 /index.php/Home/Community/getoriganizationlist/page/1
INFO: [ app_init ] --START--
INFO: Run Behavior\BuildLiteBehavior [ RunTime:0.000026s ]
INFO: [ app_init ] --END-- [ RunTime:0.000488s ]
INFO: [ app_begin ] --START--
INFO: Run Behavior\ReadHtmlCacheBehavior [ RunTime:0.000553s ]
INFO: [ app_begin ] --END-- [ RunTime:0.000797s ]
SQL: SHOW COLUMNS FROM `sjy_community_user_info` [ RunTime:0.0847s ]
SQL: SELECT * FROM `sjy_community_user_info` WHERE `sjy_id` = 52 LIMIT 1   [ RunTime:0.0923s ]
SQL: SELECT `sjy_community_user_community_code` FROM `sjy_community_user_info` WHERE `sjy_id` = 52 LIMIT 1   [ RunTime:0.0868s ]
SQL: SHOW COLUMNS FROM `sjy_cities` [ RunTime:0.0638s ]
SQL: SELECT `city` FROM `sjy_cities` WHERE `cityid` = 110000 LIMIT 1   [ RunTime:0.0788s ]
NOTIC: [8] Undefined variable: islogin D:\wamp64\www\shejuyi\Application\Home\Controller\BaseController.class.php 第 98 行.
SQL: SHOW COLUMNS FROM `sjy_project` [ RunTime:0.0728s ]
SQL: SELECT * FROM `sjy_project` WHERE `status` = 2 AND `community_id` = 29  [ RunTime:0.0720s ]
SQL: SHOW COLUMNS FROM `sjy_origanization_position_info` [ RunTime:0.0861s ]
SQL: SELECT `sjy_origanization_id` FROM `sjy_origanization_position_info` WHERE `sjy_origanization_city` = 110000  [ RunTime:0.0846s ]
SQL: SHOW COLUMNS FROM `sjy_origanization_base_info` [ RunTime:0.0657s ]
SQL: SELECT COUNT(*) AS tp_count FROM `sjy_origanization_base_info` LIMIT 1   [ RunTime:0.0564s ]

[ 2018-03-10T17:11:50+08:00 ] 127.0.0.1 /index.php/Home/Community/index
INFO: [ app_init ] --START--
INFO: Run Behavior\BuildLiteBehavior [ RunTime:0.000021s ]
INFO: [ app_init ] --END-- [ RunTime:0.000555s ]
INFO: [ app_begin ] --START--
INFO: Run Behavior\ReadHtmlCacheBehavior [ RunTime:0.000698s ]
INFO: [ app_begin ] --END-- [ RunTime:0.000784s ]
SQL: SHOW COLUMNS FROM `sjy_community_user_info` [ RunTime:0.0725s ]
SQL: SELECT * FROM `sjy_community_user_info` WHERE `sjy_id` = 52 LIMIT 1   [ RunTime:0.0720s ]
SQL: SELECT `sjy_community_user_community_code` FROM `sjy_community_user_info` WHERE `sjy_id` = 52 LIMIT 1   [ RunTime:0.0838s ]
SQL: SHOW COLUMNS FROM `sjy_cities` [ RunTime:0.0485s ]
SQL: SELECT `city` FROM `sjy_cities` WHERE `cityid` = 110000 LIMIT 1   [ RunTime:0.0778s ]
NOTIC: [8] Undefined variable: islogin D:\wamp64\www\shejuyi\Application\Home\Controller\BaseController.class.php 第 98 行.
SQL: SHOW COLUMNS FROM `sjy_project` [ RunTime:0.0847s ]
SQL: SELECT * FROM `sjy_project` WHERE `status` = 2 AND `community_id` = 29  [ RunTime:0.3067s ]
INFO: [ view_parse ] --START--
INFO: [ template_filter ] --START--
INFO: Run Behavior\ContentReplaceBehavior [ RunTime:0.000108s ]
INFO: [ template_filter ] --END-- [ RunTime:0.000183s ]
INFO: Run Behavior\ParseTemplateBehavior [ RunTime:0.015055s ]
INFO: [ view_parse ] --END-- [ RunTime:0.015136s ]
INFO: [ view_filter ] --START--
INFO: Run Behavior\WriteHtmlCacheBehavior [ RunTime:0.000292s ]
INFO: [ view_filter ] --END-- [ RunTime:0.000355s ]
INFO: [ app_end ] --START--
INFO: Run Behavior\ShowPageTraceBehavior [ RunTime:0.000764s ]
INFO: [ app_end ] --END-- [ RunTime:0.000864s ]

[ 2018-03-10T17:11:51+08:00 ] 127.0.0.1 /index.php/Home/Community/getoriganizationlist/page/1
INFO: [ app_init ] --START--
INFO: Run Behavior\BuildLiteBehavior [ RunTime:0.000029s ]
INFO: [ app_init ] --END-- [ RunTime:0.000552s ]
INFO: [ app_begin ] --START--
INFO: Run Behavior\ReadHtmlCacheBehavior [ RunTime:0.000715s ]
INFO: [ app_begin ] --END-- [ RunTime:0.000851s ]
SQL: SHOW COLUMNS FROM `sjy_community_user_info` [ RunTime:0.0784s ]
SQL: SELECT * FROM `sjy_community_user_info` WHERE `sjy_id` = 52 LIMIT 1   [ RunTime:0.0697s ]
SQL: SELECT `sjy_community_user_community_code` FROM `sjy_community_user_info` WHERE `sjy_id` = 52 LIMIT 1   [ RunTime:0.0610s ]
SQL: SHOW COLUMNS FROM `sjy_cities` [ RunTime:0.1085s ]
SQL: SELECT `city` FROM `sjy_cities` WHERE `cityid` = 110000 LIMIT 1   [ RunTime:0.0585s ]
NOTIC: [8] Undefined variable: islogin D:\wamp64\www\shejuyi\Application\Home\Controller\BaseController.class.php 第 98 行.
SQL: SHOW COLUMNS FROM `sjy_project` [ RunTime:0.0761s ]
SQL: SELECT * FROM `sjy_project` WHERE `status` = 2 AND `community_id` = 29  [ RunTime:0.0646s ]
SQL: SHOW COLUMNS FROM `sjy_origanization_position_info` [ RunTime:0.0652s ]
SQL: SELECT `sjy_origanization_id` FROM `sjy_origanization_position_info` WHERE `sjy_origanization_city` = 110000  [ RunTime:0.0996s ]
SQL: SHOW COLUMNS FROM `sjy_origanization_base_info` [ RunTime:0.0667s ]
SQL: SELECT COUNT(*) AS tp_count FROM `sjy_origanization_base_info` LIMIT 1   [ RunTime:0.0628s ]

[ 2018-03-10T17:12:25+08:00 ] 127.0.0.1 /index.php/Home/Project/communityProjectManger
INFO: [ app_init ] --START--
INFO: Run Behavior\BuildLiteBehavior [ RunTime:0.000028s ]
INFO: [ app_init ] --END-- [ RunTime:0.000526s ]
INFO: [ app_begin ] --START--
INFO: Run Behavior\ReadHtmlCacheBehavior [ RunTime:0.000581s ]
INFO: [ app_begin ] --END-- [ RunTime:0.000685s ]
SQL: SHOW COLUMNS FROM `sjy_community_user_info` [ RunTime:0.0672s ]
SQL: SELECT * FROM `sjy_community_user_info` WHERE `sjy_id` = 52 LIMIT 1   [ RunTime:0.0758s ]
SQL: SELECT `sjy_community_user_community_code` FROM `sjy_community_user_info` WHERE `sjy_id` = 52 LIMIT 1   [ RunTime:0.0812s ]
SQL: SHOW COLUMNS FROM `sjy_cities` [ RunTime:0.0870s ]
SQL: SELECT `city` FROM `sjy_cities` WHERE `cityid` = 110000 LIMIT 1   [ RunTime:0.0677s ]
NOTIC: [8] Undefined variable: islogin D:\wamp64\www\shejuyi\Application\Home\Controller\BaseController.class.php 第 98 行.
INFO: [ view_parse ] --START--
INFO: [ template_filter ] --START--
INFO: Run Behavior\ContentReplaceBehavior [ RunTime:0.000219s ]
INFO: [ template_filter ] --END-- [ RunTime:0.000292s ]
INFO: Run Behavior\ParseTemplateBehavior [ RunTime:0.013023s ]
INFO: [ view_parse ] --END-- [ RunTime:0.013123s ]
INFO: [ view_filter ] --START--
INFO: Run Behavior\WriteHtmlCacheBehavior [ RunTime:0.000209s ]
INFO: [ view_filter ] --END-- [ RunTime:0.000264s ]
INFO: [ app_end ] --START--
INFO: Run Behavior\ShowPageTraceBehavior [ RunTime:0.000440s ]
INFO: [ app_end ] --END-- [ RunTime:0.000510s ]

[ 2018-03-10T17:12:27+08:00 ] 127.0.0.1 /index.php/Home/Project/communityTenderProject
INFO: [ app_init ] --START--
INFO: Run Behavior\BuildLiteBehavior [ RunTime:0.000026s ]
INFO: [ app_init ] --END-- [ RunTime:0.000553s ]
INFO: [ app_begin ] --START--
INFO: Run Behavior\ReadHtmlCacheBehavior [ RunTime:0.000549s ]
INFO: [ app_begin ] --END-- [ RunTime:0.000654s ]
SQL: SHOW COLUMNS FROM `sjy_community_user_info` [ RunTime:0.0718s ]
SQL: SELECT * FROM `sjy_community_user_info` WHERE `sjy_id` = 52 LIMIT 1   [ RunTime:0.0835s ]
SQL: SELECT `sjy_community_user_community_code` FROM `sjy_community_user_info` WHERE `sjy_id` = 52 LIMIT 1   [ RunTime:0.0619s ]
SQL: SHOW COLUMNS FROM `sjy_cities` [ RunTime:0.0719s ]
SQL: SELECT `city` FROM `sjy_cities` WHERE `cityid` = 110000 LIMIT 1   [ RunTime:0.0770s ]
NOTIC: [8] Undefined variable: islogin D:\wamp64\www\shejuyi\Application\Home\Controller\BaseController.class.php 第 98 行.
SQL: SHOW COLUMNS FROM `sjy_community_project_info` [ RunTime:0.0791s ]
SQL: SELECT * FROM `sjy_community_project_info` WHERE `sjy_community_project_status` = 0 AND `sjy_community_project_collect_start_time` < '2018-03-10' AND `sjy_community_project_start_time` > '2018-03-10' LIMIT 0,15   [ RunTime:0.0833s ]
SQL: SELECT COUNT(*) AS tp_count FROM `sjy_community_project_info` WHERE `sjy_community_project_status` = 0 AND `sjy_community_project_collect_start_time` < '2018-03-10' AND `sjy_community_project_start_time` > '2018-03-10' LIMIT 1   [ RunTime:0.0776s ]

[ 2018-03-10T17:16:26+08:00 ] 127.0.0.1 /index.php/Home/Community/getoriganizationlist/page/1
INFO: [ app_init ] --START--
INFO: Run Behavior\BuildLiteBehavior [ RunTime:0.000040s ]
INFO: [ app_init ] --END-- [ RunTime:0.000594s ]
INFO: [ app_begin ] --START--
INFO: Run Behavior\ReadHtmlCacheBehavior [ RunTime:0.000774s ]
INFO: [ app_begin ] --END-- [ RunTime:0.000883s ]
SQL: SHOW COLUMNS FROM `sjy_community_user_info` [ RunTime:0.0894s ]
SQL: SELECT * FROM `sjy_community_user_info` WHERE `sjy_id` = 52 LIMIT 1   [ RunTime:0.0856s ]
SQL: SELECT `sjy_community_user_community_code` FROM `sjy_community_user_info` WHERE `sjy_id` = 52 LIMIT 1   [ RunTime:0.0521s ]
SQL: SHOW COLUMNS FROM `sjy_cities` [ RunTime:0.0591s ]
SQL: SELECT `city` FROM `sjy_cities` WHERE `cityid` = 110000 LIMIT 1   [ RunTime:0.0833s ]
NOTIC: [8] Undefined variable: islogin D:\wamp64\www\shejuyi\Application\Home\Controller\BaseController.class.php 第 98 行.
SQL: SHOW COLUMNS FROM `sjy_project` [ RunTime:0.0506s ]
SQL: SELECT * FROM `sjy_project` WHERE `status` = 2 AND `community_id` = 29  [ RunTime:0.0781s ]
SQL: SHOW COLUMNS FROM `sjy_origanization_position_info` [ RunTime:0.0825s ]
SQL: SELECT `sjy_origanization_id` FROM `sjy_origanization_position_info` WHERE `sjy_origanization_city` = 110000  [ RunTime:0.1012s ]
SQL: SHOW COLUMNS FROM `sjy_origanization_base_info` [ RunTime:0.0508s ]
SQL: SELECT COUNT(*) AS tp_count FROM `sjy_origanization_base_info` LIMIT 1   [ RunTime:0.0624s ]

[ 2018-03-10T17:16:28+08:00 ] 127.0.0.1 /index.php/Home/Community/logout
INFO: [ app_init ] --START--
INFO: Run Behavior\BuildLiteBehavior [ RunTime:0.000020s ]
INFO: [ app_init ] --END-- [ RunTime:0.000313s ]
INFO: [ app_begin ] --START--
INFO: Run Behavior\ReadHtmlCacheBehavior [ RunTime:0.000335s ]
INFO: [ app_begin ] --END-- [ RunTime:0.000401s ]
SQL: SHOW COLUMNS FROM `sjy_community_user_info` [ RunTime:0.0649s ]
SQL: SELECT * FROM `sjy_community_user_info` WHERE `sjy_id` = 52 LIMIT 1   [ RunTime:0.0689s ]
SQL: SELECT `sjy_community_user_community_code` FROM `sjy_community_user_info` WHERE `sjy_id` = 52 LIMIT 1   [ RunTime:0.0572s ]
SQL: SHOW COLUMNS FROM `sjy_cities` [ RunTime:0.0702s ]
SQL: SELECT `city` FROM `sjy_cities` WHERE `cityid` = 110000 LIMIT 1   [ RunTime:0.0709s ]
NOTIC: [8] Undefined variable: islogin D:\wamp64\www\shejuyi\Application\Home\Controller\BaseController.class.php 第 98 行.
SQL: SHOW COLUMNS FROM `sjy_project` [ RunTime:0.0582s ]
SQL: SELECT * FROM `sjy_project` WHERE `status` = 2 AND `community_id` = 29  [ RunTime:0.0556s ]
INFO: [ app_end ] --START--
INFO: Run Behavior\ShowPageTraceBehavior [ RunTime:0.000601s ]
INFO: [ app_end ] --END-- [ RunTime:0.000663s ]

[ 2018-03-10T17:16:33+08:00 ] 127.0.0.1 /
INFO: [ app_init ] --START--
INFO: Run Behavior\BuildLiteBehavior [ RunTime:0.000017s ]
INFO: [ app_init ] --END-- [ RunTime:0.000366s ]
INFO: [ app_begin ] --START--
INFO: Run Behavior\ReadHtmlCacheBehavior [ RunTime:0.000426s ]
INFO: [ app_begin ] --END-- [ RunTime:0.000511s ]
INFO: [ view_parse ] --START--
INFO: [ template_filter ] --START--
INFO: Run Behavior\ContentReplaceBehavior [ RunTime:0.000208s ]
INFO: [ template_filter ] --END-- [ RunTime:0.000355s ]
INFO: Run Behavior\ParseTemplateBehavior [ RunTime:0.012674s ]
INFO: [ view_parse ] --END-- [ RunTime:0.012758s ]
INFO: [ view_filter ] --START--
INFO: Run Behavior\WriteHtmlCacheBehavior [ RunTime:0.000306s ]
INFO: [ view_filter ] --END-- [ RunTime:0.000368s ]
INFO: [ app_end ] --START--
INFO: Run Behavior\ShowPageTraceBehavior [ RunTime:0.000604s ]
INFO: [ app_end ] --END-- [ RunTime:0.000717s ]

[ 2018-03-10T17:16:35+08:00 ] 127.0.0.1 /index.php/Home/Login/verify?t=1520673395085
INFO: [ app_init ] --START--
INFO: Run Behavior\BuildLiteBehavior [ RunTime:0.000025s ]
INFO: [ app_init ] --END-- [ RunTime:0.000524s ]
INFO: [ app_begin ] --START--
INFO: Run Behavior\ReadHtmlCacheBehavior [ RunTime:0.000614s ]
INFO: [ app_begin ] --END-- [ RunTime:0.000717s ]
INFO: [ app_end ] --START--
INFO: Run Behavior\ShowPageTraceBehavior [ RunTime:0.000466s ]
INFO: [ app_end ] --END-- [ RunTime:0.000542s ]

[ 2018-03-10T17:16:46+08:00 ] 127.0.0.1 /index.php/Home/Login/dologin
INFO: [ app_init ] --START--
INFO: Run Behavior\BuildLiteBehavior [ RunTime:0.000016s ]
INFO: [ app_init ] --END-- [ RunTime:0.000294s ]
INFO: [ app_begin ] --START--
INFO: Run Behavior\ReadHtmlCacheBehavior [ RunTime:0.000323s ]
INFO: [ app_begin ] --END-- [ RunTime:0.000377s ]
SQL: SHOW COLUMNS FROM `sjy_community_user_info` [ RunTime:0.1136s ]
SQL: SELECT * FROM `sjy_community_user_info` WHERE `sjy_community_login_id` = '15620608137' AND `password` = 'e10adc3949ba59abbe56e057f20f883e' LIMIT 1   [ RunTime:0.0799s ]
SQL: SELECT * FROM `sjy_community_user_info` WHERE `sjy_community_login_id` = '15620608137' LIMIT 1   [ RunTime:0.1044s ]

[ 2018-03-10T17:16:48+08:00 ] 127.0.0.1 /index.php/Home/Community/index
INFO: [ app_init ] --START--
INFO: Run Behavior\BuildLiteBehavior [ RunTime:0.000020s ]
INFO: [ app_init ] --END-- [ RunTime:0.000318s ]
INFO: [ app_begin ] --START--
INFO: Run Behavior\ReadHtmlCacheBehavior [ RunTime:0.000340s ]
INFO: [ app_begin ] --END-- [ RunTime:0.000401s ]
SQL: SHOW COLUMNS FROM `sjy_community_user_info` [ RunTime:0.0860s ]
SQL: SELECT * FROM `sjy_community_user_info` WHERE `sjy_id` = 52 LIMIT 1   [ RunTime:0.1186s ]
SQL: SELECT `sjy_community_user_community_code` FROM `sjy_community_user_info` WHERE `sjy_id` = 52 LIMIT 1   [ RunTime:0.0814s ]
SQL: SHOW COLUMNS FROM `sjy_cities` [ RunTime:0.0886s ]
SQL: SELECT `city` FROM `sjy_cities` WHERE `cityid` = 110000 LIMIT 1   [ RunTime:0.0895s ]
NOTIC: [8] Undefined variable: islogin D:\wamp64\www\shejuyi\Application\Home\Controller\BaseController.class.php 第 98 行.
SQL: SHOW COLUMNS FROM `sjy_project` [ RunTime:0.0672s ]
SQL: SELECT * FROM `sjy_project` WHERE `status` = 2 AND `community_id` = 29  [ RunTime:0.3731s ]
INFO: [ view_parse ] --START--
INFO: [ template_filter ] --START--
INFO: Run Behavior\ContentReplaceBehavior [ RunTime:0.000122s ]
INFO: [ template_filter ] --END-- [ RunTime:0.000211s ]
INFO: Run Behavior\ParseTemplateBehavior [ RunTime:0.007187s ]
INFO: [ view_parse ] --END-- [ RunTime:0.007296s ]
INFO: [ view_filter ] --START--
INFO: Run Behavior\WriteHtmlCacheBehavior [ RunTime:0.000358s ]
INFO: [ view_filter ] --END-- [ RunTime:0.000474s ]
INFO: [ app_end ] --START--
INFO: Run Behavior\ShowPageTraceBehavior [ RunTime:0.000763s ]
INFO: [ app_end ] --END-- [ RunTime:0.000884s ]

[ 2018-03-10T17:16:49+08:00 ] 127.0.0.1 /index.php/Home/Community/getoriganizationlist/page/1
INFO: [ app_init ] --START--
INFO: Run Behavior\BuildLiteBehavior [ RunTime:0.000074s ]
INFO: [ app_init ] --END-- [ RunTime:0.000971s ]
INFO: [ app_begin ] --START--
INFO: Run Behavior\ReadHtmlCacheBehavior [ RunTime:0.000478s ]
INFO: [ app_begin ] --END-- [ RunTime:0.000566s ]
SQL: SHOW COLUMNS FROM `sjy_community_user_info` [ RunTime:0.0685s ]
SQL: SELECT * FROM `sjy_community_user_info` WHERE `sjy_id` = 52 LIMIT 1   [ RunTime:0.0820s ]
SQL: SELECT `sjy_community_user_community_code` FROM `sjy_community_user_info` WHERE `sjy_id` = 52 LIMIT 1   [ RunTime:0.0757s ]
SQL: SHOW COLUMNS FROM `sjy_cities` [ RunTime:0.0880s ]
SQL: SELECT `city` FROM `sjy_cities` WHERE `cityid` = 110000 LIMIT 1   [ RunTime:0.0728s ]
NOTIC: [8] Undefined variable: islogin D:\wamp64\www\shejuyi\Application\Home\Controller\BaseController.class.php 第 98 行.
SQL: SHOW COLUMNS FROM `sjy_project` [ RunTime:0.0668s ]
SQL: SELECT * FROM `sjy_project` WHERE `status` = 2 AND `community_id` = 29  [ RunTime:0.0503s ]
SQL: SHOW COLUMNS FROM `sjy_origanization_position_info` [ RunTime:0.0624s ]
SQL: SELECT `sjy_origanization_id` FROM `sjy_origanization_position_info` WHERE `sjy_origanization_city` = 110000  [ RunTime:0.0795s ]
SQL: SHOW COLUMNS FROM `sjy_origanization_base_info` [ RunTime:0.0566s ]
SQL: SELECT COUNT(*) AS tp_count FROM `sjy_origanization_base_info` LIMIT 1   [ RunTime:0.0532s ]

