[ 2018-04-13T18:02:19+08:00 ] 127.0.0.1 /index.php/Home/Project/displayCommunityProject?id=42
INFO: [ app_init ] --START--
INFO: Run Behavior\BuildLiteBehavior [ RunTime:0.000013s ]
INFO: [ app_init ] --END-- [ RunTime:0.000509s ]
INFO: [ app_begin ] --START--
INFO: Run Behavior\ReadHtmlCacheBehavior [ RunTime:0.000705s ]
INFO: [ app_begin ] --END-- [ RunTime:0.000743s ]
SQL: SHOW COLUMNS FROM `sjy_origanization_user_info` [ RunTime:0.0483s ]
SQL: SELECT * FROM `sjy_origanization_user_info` WHERE `sjy_id` = 79 LIMIT 1   [ RunTime:0.0468s ]
SQL: SHOW COLUMNS FROM `sjy_project` [ RunTime:0.0476s ]
SQL: SELECT * FROM `sjy_project` WHERE `origanization_id` = 24 AND `status` BETWEEN 0 AND 99 LIMIT 1   [ RunTime:0.0404s ]
SQL: SHOW COLUMNS FROM `sjy_cities` [ RunTime:0.0390s ]
SQL: SELECT `city` FROM `sjy_cities` WHERE `cityid` = 110000 LIMIT 1   [ RunTime:0.0469s ]
NOTIC: [8] Undefined variable: islogin C:\xampp\htdocs\shejuyi\Application\Home\Controller\BaseController.class.php 第 118 行.
SQL: SHOW COLUMNS FROM `sjy_community_project_info` [ RunTime:0.0465s ]
SQL: SELECT `sjy_community_project_status` FROM `sjy_community_project_info` WHERE `sjy_id` = 42 LIMIT 1   [ RunTime:0.0447s ]
SQL: SELECT * FROM `sjy_project` WHERE `project_id` = 42 AND `status` = 2 LIMIT 1   [ RunTime:0.0461s ]
INFO: [ view_parse ] --START--
INFO: [ template_filter ] --START--
INFO: Run Behavior\ContentReplaceBehavior [ RunTime:0.000290s ]
INFO: [ template_filter ] --END-- [ RunTime:0.000375s ]
INFO: Run Behavior\ParseTemplateBehavior [ RunTime:0.046987s ]
INFO: [ view_parse ] --END-- [ RunTime:0.047094s ]
INFO: [ view_filter ] --START--
INFO: Run Behavior\WriteHtmlCacheBehavior [ RunTime:0.000588s ]
INFO: [ view_filter ] --END-- [ RunTime:0.000626s ]
INFO: [ app_end ] --START--
INFO: Run Behavior\ShowPageTraceBehavior [ RunTime:0.000789s ]
INFO: [ app_end ] --END-- [ RunTime:0.000832s ]

[ 2018-04-13T18:02:20+08:00 ] 127.0.0.1 /index.php/Home/Project/getCommunityProject/id/42
INFO: [ app_init ] --START--
INFO: Run Behavior\BuildLiteBehavior [ RunTime:0.000022s ]
INFO: [ app_init ] --END-- [ RunTime:0.000897s ]
INFO: [ app_begin ] --START--
INFO: Run Behavior\ReadHtmlCacheBehavior [ RunTime:0.000758s ]
INFO: [ app_begin ] --END-- [ RunTime:0.000801s ]
SQL: SHOW COLUMNS FROM `sjy_origanization_user_info` [ RunTime:0.0493s ]
SQL: SELECT * FROM `sjy_origanization_user_info` WHERE `sjy_id` = 79 LIMIT 1   [ RunTime:0.0474s ]
SQL: SHOW COLUMNS FROM `sjy_project` [ RunTime:0.0481s ]
SQL: SELECT * FROM `sjy_project` WHERE `origanization_id` = 24 AND `status` BETWEEN 0 AND 99 LIMIT 1   [ RunTime:0.0475s ]
SQL: SHOW COLUMNS FROM `sjy_cities` [ RunTime:0.0478s ]
SQL: SELECT `city` FROM `sjy_cities` WHERE `cityid` = 110000 LIMIT 1   [ RunTime:0.0460s ]
NOTIC: [8] Undefined variable: islogin C:\xampp\htdocs\shejuyi\Application\Home\Controller\BaseController.class.php 第 118 行.
SQL: SHOW COLUMNS FROM `sjy_community_project_info` [ RunTime:0.0510s ]
SQL: SELECT * FROM `sjy_community_project_info` WHERE `sjy_id` = 42 LIMIT 1   [ RunTime:0.0440s ]
SQL: SHOW COLUMNS FROM `sjy_community_position_info` [ RunTime:0.0461s ]
SQL: SELECT * FROM `sjy_community_position_info` WHERE `sjy_community_id` = '30' LIMIT 1   [ RunTime:0.0464s ]
SQL: SHOW COLUMNS FROM `sjy_community_project_image` [ RunTime:0.0441s ]
SQL: SELECT * FROM `sjy_community_project_image` WHERE `sjy_community_project_id` = 42  [ RunTime:0.0475s ]

[ 2018-04-13T18:03:40+08:00 ] 127.0.0.1 /index.php/Home/Project/displayCommunityProject?id=42
INFO: [ app_init ] --START--
INFO: Run Behavior\BuildLiteBehavior [ RunTime:0.000011s ]
INFO: [ app_init ] --END-- [ RunTime:0.000337s ]
INFO: [ app_begin ] --START--
INFO: Run Behavior\ReadHtmlCacheBehavior [ RunTime:0.000538s ]
INFO: [ app_begin ] --END-- [ RunTime:0.000579s ]
SQL: SHOW COLUMNS FROM `sjy_origanization_user_info` [ RunTime:0.0462s ]
SQL: SELECT * FROM `sjy_origanization_user_info` WHERE `sjy_id` = 79 LIMIT 1   [ RunTime:0.0463s ]
SQL: SHOW COLUMNS FROM `sjy_project` [ RunTime:0.0480s ]
SQL: SELECT * FROM `sjy_project` WHERE `origanization_id` = 24 AND `status` BETWEEN 0 AND 99 LIMIT 1   [ RunTime:0.0454s ]
SQL: SHOW COLUMNS FROM `sjy_cities` [ RunTime:0.0467s ]
SQL: SELECT `city` FROM `sjy_cities` WHERE `cityid` = 110000 LIMIT 1   [ RunTime:0.0460s ]
NOTIC: [8] Undefined variable: islogin C:\xampp\htdocs\shejuyi\Application\Home\Controller\BaseController.class.php 第 118 行.
SQL: SHOW COLUMNS FROM `sjy_community_project_info` [ RunTime:0.0468s ]
SQL: SELECT `sjy_community_project_status` FROM `sjy_community_project_info` WHERE `sjy_id` = 42 LIMIT 1   [ RunTime:0.0459s ]
SQL: SELECT * FROM `sjy_project` WHERE `project_id` = 42 AND `status` = 2 LIMIT 1   [ RunTime:0.0463s ]
INFO: [ view_parse ] --START--
INFO: [ template_filter ] --START--
INFO: Run Behavior\ContentReplaceBehavior [ RunTime:0.000276s ]
INFO: [ template_filter ] --END-- [ RunTime:0.000365s ]
INFO: Run Behavior\ParseTemplateBehavior [ RunTime:0.044234s ]
INFO: [ view_parse ] --END-- [ RunTime:0.044312s ]
INFO: [ view_filter ] --START--
INFO: Run Behavior\WriteHtmlCacheBehavior [ RunTime:0.000648s ]
INFO: [ view_filter ] --END-- [ RunTime:0.000681s ]
INFO: [ app_end ] --START--
INFO: Run Behavior\ShowPageTraceBehavior [ RunTime:0.000721s ]
INFO: [ app_end ] --END-- [ RunTime:0.000761s ]

[ 2018-04-13T18:03:57+08:00 ] 127.0.0.1 /index.php/Home/Project/displayCommunityProject?id=42
INFO: [ app_init ] --START--
INFO: Run Behavior\BuildLiteBehavior [ RunTime:0.000024s ]
INFO: [ app_init ] --END-- [ RunTime:0.000949s ]
INFO: [ app_begin ] --START--
INFO: Run Behavior\ReadHtmlCacheBehavior [ RunTime:0.000641s ]
INFO: [ app_begin ] --END-- [ RunTime:0.000689s ]
SQL: SHOW COLUMNS FROM `sjy_origanization_user_info` [ RunTime:0.0486s ]
SQL: SELECT * FROM `sjy_origanization_user_info` WHERE `sjy_id` = 79 LIMIT 1   [ RunTime:0.0431s ]
SQL: SHOW COLUMNS FROM `sjy_project` [ RunTime:0.0445s ]
SQL: SELECT * FROM `sjy_project` WHERE `origanization_id` = 24 AND `status` BETWEEN 0 AND 99 LIMIT 1   [ RunTime:0.0459s ]
SQL: SHOW COLUMNS FROM `sjy_cities` [ RunTime:0.0492s ]
SQL: SELECT `city` FROM `sjy_cities` WHERE `cityid` = 110000 LIMIT 1   [ RunTime:0.0421s ]
NOTIC: [8] Undefined variable: islogin C:\xampp\htdocs\shejuyi\Application\Home\Controller\BaseController.class.php 第 118 行.
SQL: SHOW COLUMNS FROM `sjy_community_project_info` [ RunTime:0.0449s ]
SQL: SELECT `sjy_community_project_status` FROM `sjy_community_project_info` WHERE `sjy_id` = 42 LIMIT 1   [ RunTime:0.0463s ]
SQL: SELECT * FROM `sjy_project` WHERE `project_id` = 42 AND `status` = 2 LIMIT 1   [ RunTime:0.0468s ]
INFO: [ view_parse ] --START--
INFO: [ template_filter ] --START--
INFO: Run Behavior\ContentReplaceBehavior [ RunTime:0.000276s ]
INFO: [ template_filter ] --END-- [ RunTime:0.000368s ]
INFO: Run Behavior\ParseTemplateBehavior [ RunTime:0.047066s ]
INFO: [ view_parse ] --END-- [ RunTime:0.047147s ]
INFO: [ view_filter ] --START--
INFO: Run Behavior\WriteHtmlCacheBehavior [ RunTime:0.000727s ]
INFO: [ view_filter ] --END-- [ RunTime:0.000772s ]
INFO: [ app_end ] --START--
INFO: Run Behavior\ShowPageTraceBehavior [ RunTime:0.000638s ]
INFO: [ app_end ] --END-- [ RunTime:0.000683s ]

[ 2018-04-13T18:03:59+08:00 ] 127.0.0.1 /index.php/Home/Project/getCommunityProject/id/42
INFO: [ app_init ] --START--
INFO: Run Behavior\BuildLiteBehavior [ RunTime:0.000015s ]
INFO: [ app_init ] --END-- [ RunTime:0.000456s ]
INFO: [ app_begin ] --START--
INFO: Run Behavior\ReadHtmlCacheBehavior [ RunTime:0.000767s ]
INFO: [ app_begin ] --END-- [ RunTime:0.000818s ]
SQL: SHOW COLUMNS FROM `sjy_origanization_user_info` [ RunTime:0.0494s ]
SQL: SELECT * FROM `sjy_origanization_user_info` WHERE `sjy_id` = 79 LIMIT 1   [ RunTime:0.0474s ]
SQL: SHOW COLUMNS FROM `sjy_project` [ RunTime:0.0473s ]
SQL: SELECT * FROM `sjy_project` WHERE `origanization_id` = 24 AND `status` BETWEEN 0 AND 99 LIMIT 1   [ RunTime:0.0456s ]
SQL: SHOW COLUMNS FROM `sjy_cities` [ RunTime:0.0460s ]
SQL: SELECT `city` FROM `sjy_cities` WHERE `cityid` = 110000 LIMIT 1   [ RunTime:0.0483s ]
NOTIC: [8] Undefined variable: islogin C:\xampp\htdocs\shejuyi\Application\Home\Controller\BaseController.class.php 第 118 行.
SQL: SHOW COLUMNS FROM `sjy_community_project_info` [ RunTime:0.0422s ]
SQL: SELECT * FROM `sjy_community_project_info` WHERE `sjy_id` = 42 LIMIT 1   [ RunTime:0.0408s ]
SQL: SHOW COLUMNS FROM `sjy_community_position_info` [ RunTime:0.0491s ]
SQL: SELECT * FROM `sjy_community_position_info` WHERE `sjy_community_id` = '30' LIMIT 1   [ RunTime:0.0390s ]
SQL: SHOW COLUMNS FROM `sjy_community_project_image` [ RunTime:0.0429s ]
SQL: SELECT * FROM `sjy_community_project_image` WHERE `sjy_community_project_id` = 42  [ RunTime:0.3016s ]

[ 2018-04-13T18:04:21+08:00 ] 127.0.0.1 /index.php/Home/Project/displayCommunityProject?id=42
INFO: [ app_init ] --START--
INFO: Run Behavior\BuildLiteBehavior [ RunTime:0.000011s ]
INFO: [ app_init ] --END-- [ RunTime:0.000328s ]
INFO: [ app_begin ] --START--
INFO: Run Behavior\ReadHtmlCacheBehavior [ RunTime:0.000520s ]
INFO: [ app_begin ] --END-- [ RunTime:0.000557s ]
SQL: SHOW COLUMNS FROM `sjy_origanization_user_info` [ RunTime:0.0424s ]
SQL: SELECT * FROM `sjy_origanization_user_info` WHERE `sjy_id` = 79 LIMIT 1   [ RunTime:0.0419s ]
SQL: SHOW COLUMNS FROM `sjy_project` [ RunTime:0.0481s ]
SQL: SELECT * FROM `sjy_project` WHERE `origanization_id` = 24 AND `status` BETWEEN 0 AND 99 LIMIT 1   [ RunTime:0.0478s ]
SQL: SHOW COLUMNS FROM `sjy_cities` [ RunTime:0.0458s ]
SQL: SELECT `city` FROM `sjy_cities` WHERE `cityid` = 110000 LIMIT 1   [ RunTime:0.0460s ]
NOTIC: [8] Undefined variable: islogin C:\xampp\htdocs\shejuyi\Application\Home\Controller\BaseController.class.php 第 118 行.
SQL: SHOW COLUMNS FROM `sjy_community_project_info` [ RunTime:0.0456s ]
SQL: SELECT `sjy_community_project_status` FROM `sjy_community_project_info` WHERE `sjy_id` = 42 LIMIT 1   [ RunTime:0.0456s ]
SQL: SELECT * FROM `sjy_project` WHERE `project_id` = 42 AND `status` = 2 LIMIT 1   [ RunTime:0.0461s ]
INFO: [ view_parse ] --START--
INFO: [ template_filter ] --START--
INFO: Run Behavior\ContentReplaceBehavior [ RunTime:0.000273s ]
INFO: [ template_filter ] --END-- [ RunTime:0.000355s ]
INFO: Run Behavior\ParseTemplateBehavior [ RunTime:0.045547s ]
INFO: [ view_parse ] --END-- [ RunTime:0.045626s ]
INFO: [ view_filter ] --START--
INFO: Run Behavior\WriteHtmlCacheBehavior [ RunTime:0.000550s ]
INFO: [ view_filter ] --END-- [ RunTime:0.000583s ]
INFO: [ app_end ] --START--
INFO: Run Behavior\ShowPageTraceBehavior [ RunTime:0.000773s ]
INFO: [ app_end ] --END-- [ RunTime:0.000816s ]

[ 2018-04-13T18:04:22+08:00 ] 127.0.0.1 /index.php/Home/Project/getCommunityProject/id/42
INFO: [ app_init ] --START--
INFO: Run Behavior\BuildLiteBehavior [ RunTime:0.000014s ]
INFO: [ app_init ] --END-- [ RunTime:0.000422s ]
INFO: [ app_begin ] --START--
INFO: Run Behavior\ReadHtmlCacheBehavior [ RunTime:0.000820s ]
INFO: [ app_begin ] --END-- [ RunTime:0.000873s ]
SQL: SHOW COLUMNS FROM `sjy_origanization_user_info` [ RunTime:0.0412s ]
SQL: SELECT * FROM `sjy_origanization_user_info` WHERE `sjy_id` = 79 LIMIT 1   [ RunTime:0.0484s ]
SQL: SHOW COLUMNS FROM `sjy_project` [ RunTime:0.0449s ]
SQL: SELECT * FROM `sjy_project` WHERE `origanization_id` = 24 AND `status` BETWEEN 0 AND 99 LIMIT 1   [ RunTime:0.0474s ]
SQL: SHOW COLUMNS FROM `sjy_cities` [ RunTime:0.0415s ]
SQL: SELECT `city` FROM `sjy_cities` WHERE `cityid` = 110000 LIMIT 1   [ RunTime:0.0476s ]
NOTIC: [8] Undefined variable: islogin C:\xampp\htdocs\shejuyi\Application\Home\Controller\BaseController.class.php 第 118 行.
SQL: SHOW COLUMNS FROM `sjy_community_project_info` [ RunTime:0.0488s ]
SQL: SELECT * FROM `sjy_community_project_info` WHERE `sjy_id` = 42 LIMIT 1   [ RunTime:0.0474s ]
SQL: SHOW COLUMNS FROM `sjy_community_position_info` [ RunTime:0.0470s ]
SQL: SELECT * FROM `sjy_community_position_info` WHERE `sjy_community_id` = '30' LIMIT 1   [ RunTime:0.0463s ]
SQL: SHOW COLUMNS FROM `sjy_community_project_image` [ RunTime:0.0460s ]
SQL: SELECT * FROM `sjy_community_project_image` WHERE `sjy_community_project_id` = 42  [ RunTime:0.0473s ]

[ 2018-04-13T18:05:39+08:00 ] 127.0.0.1 /index.php/Home/Project/displayCommunityProject?id=42
INFO: [ app_init ] --START--
INFO: Run Behavior\BuildLiteBehavior [ RunTime:0.000013s ]
INFO: [ app_init ] --END-- [ RunTime:0.000425s ]
INFO: [ app_begin ] --START--
INFO: Run Behavior\ReadHtmlCacheBehavior [ RunTime:0.000555s ]
INFO: [ app_begin ] --END-- [ RunTime:0.000594s ]
SQL: SHOW COLUMNS FROM `sjy_origanization_user_info` [ RunTime:0.0474s ]
SQL: SELECT * FROM `sjy_origanization_user_info` WHERE `sjy_id` = 79 LIMIT 1   [ RunTime:0.0475s ]
SQL: SHOW COLUMNS FROM `sjy_project` [ RunTime:0.0465s ]
SQL: SELECT * FROM `sjy_project` WHERE `origanization_id` = 24 AND `status` BETWEEN 0 AND 99 LIMIT 1   [ RunTime:0.0457s ]
SQL: SHOW COLUMNS FROM `sjy_cities` [ RunTime:0.0509s ]
SQL: SELECT `city` FROM `sjy_cities` WHERE `cityid` = 110000 LIMIT 1   [ RunTime:0.0489s ]
NOTIC: [8] Undefined variable: islogin C:\xampp\htdocs\shejuyi\Application\Home\Controller\BaseController.class.php 第 118 行.
SQL: SHOW COLUMNS FROM `sjy_community_project_info` [ RunTime:0.0487s ]
SQL: SELECT `sjy_community_project_status` FROM `sjy_community_project_info` WHERE `sjy_id` = 42 LIMIT 1   [ RunTime:0.0484s ]
SQL: SELECT * FROM `sjy_project` WHERE `project_id` = 42 AND `status` = 2 LIMIT 1   [ RunTime:0.0482s ]
INFO: [ view_parse ] --START--
INFO: [ template_filter ] --START--
INFO: Run Behavior\ContentReplaceBehavior [ RunTime:0.000277s ]
INFO: [ template_filter ] --END-- [ RunTime:0.000364s ]
INFO: Run Behavior\ParseTemplateBehavior [ RunTime:0.052988s ]
INFO: [ view_parse ] --END-- [ RunTime:0.053065s ]
INFO: [ view_filter ] --START--
INFO: Run Behavior\WriteHtmlCacheBehavior [ RunTime:0.000524s ]
INFO: [ view_filter ] --END-- [ RunTime:0.000557s ]
INFO: [ app_end ] --START--
INFO: Run Behavior\ShowPageTraceBehavior [ RunTime:0.000938s ]
INFO: [ app_end ] --END-- [ RunTime:0.001091s ]

[ 2018-04-13T18:05:40+08:00 ] 127.0.0.1 /index.php/Home/Project/getCommunityProject/id/42
INFO: [ app_init ] --START--
INFO: Run Behavior\BuildLiteBehavior [ RunTime:0.000013s ]
INFO: [ app_init ] --END-- [ RunTime:0.000433s ]
INFO: [ app_begin ] --START--
INFO: Run Behavior\ReadHtmlCacheBehavior [ RunTime:0.000684s ]
INFO: [ app_begin ] --END-- [ RunTime:0.000739s ]
SQL: SHOW COLUMNS FROM `sjy_origanization_user_info` [ RunTime:0.0483s ]
SQL: SELECT * FROM `sjy_origanization_user_info` WHERE `sjy_id` = 79 LIMIT 1   [ RunTime:0.0461s ]
SQL: SHOW COLUMNS FROM `sjy_project` [ RunTime:0.0458s ]
SQL: SELECT * FROM `sjy_project` WHERE `origanization_id` = 24 AND `status` BETWEEN 0 AND 99 LIMIT 1   [ RunTime:0.0454s ]
SQL: SHOW COLUMNS FROM `sjy_cities` [ RunTime:0.0457s ]
SQL: SELECT `city` FROM `sjy_cities` WHERE `cityid` = 110000 LIMIT 1   [ RunTime:0.0453s ]
NOTIC: [8] Undefined variable: islogin C:\xampp\htdocs\shejuyi\Application\Home\Controller\BaseController.class.php 第 118 行.
SQL: SHOW COLUMNS FROM `sjy_community_project_info` [ RunTime:0.0468s ]
SQL: SELECT * FROM `sjy_community_project_info` WHERE `sjy_id` = 42 LIMIT 1   [ RunTime:0.0453s ]
SQL: SHOW COLUMNS FROM `sjy_community_position_info` [ RunTime:0.0469s ]
SQL: SELECT * FROM `sjy_community_position_info` WHERE `sjy_community_id` = '30' LIMIT 1   [ RunTime:0.0459s ]
SQL: SHOW COLUMNS FROM `sjy_community_project_image` [ RunTime:0.0449s ]
SQL: SELECT * FROM `sjy_community_project_image` WHERE `sjy_community_project_id` = 42  [ RunTime:0.0463s ]

[ 2018-04-13T18:06:10+08:00 ] 127.0.0.1 /index.php/Home/Project/displayCommunityProject?id=42
INFO: [ app_init ] --START--
INFO: Run Behavior\BuildLiteBehavior [ RunTime:0.000012s ]
INFO: [ app_init ] --END-- [ RunTime:0.000493s ]
INFO: [ app_begin ] --START--
INFO: Run Behavior\ReadHtmlCacheBehavior [ RunTime:0.000791s ]
INFO: [ app_begin ] --END-- [ RunTime:0.000834s ]
SQL: SHOW COLUMNS FROM `sjy_origanization_user_info` [ RunTime:0.0404s ]
SQL: SELECT * FROM `sjy_origanization_user_info` WHERE `sjy_id` = 79 LIMIT 1   [ RunTime:0.0382s ]
SQL: SHOW COLUMNS FROM `sjy_project` [ RunTime:0.0462s ]
SQL: SELECT * FROM `sjy_project` WHERE `origanization_id` = 24 AND `status` BETWEEN 0 AND 99 LIMIT 1   [ RunTime:0.0383s ]
SQL: SHOW COLUMNS FROM `sjy_cities` [ RunTime:0.0389s ]
SQL: SELECT `city` FROM `sjy_cities` WHERE `cityid` = 110000 LIMIT 1   [ RunTime:0.0432s ]
NOTIC: [8] Undefined variable: islogin C:\xampp\htdocs\shejuyi\Application\Home\Controller\BaseController.class.php 第 118 行.
SQL: SHOW COLUMNS FROM `sjy_community_project_info` [ RunTime:0.0395s ]
SQL: SELECT `sjy_community_project_status` FROM `sjy_community_project_info` WHERE `sjy_id` = 42 LIMIT 1   [ RunTime:0.0446s ]
SQL: SELECT * FROM `sjy_project` WHERE `project_id` = 42 AND `status` = 2 LIMIT 1   [ RunTime:0.0422s ]
INFO: [ view_parse ] --START--
INFO: [ template_filter ] --START--
INFO: Run Behavior\ContentReplaceBehavior [ RunTime:0.000138s ]
INFO: [ template_filter ] --END-- [ RunTime:0.000180s ]
INFO: Run Behavior\ParseTemplateBehavior [ RunTime:0.030229s ]
INFO: [ view_parse ] --END-- [ RunTime:0.030290s ]
INFO: [ view_filter ] --START--
INFO: Run Behavior\WriteHtmlCacheBehavior [ RunTime:0.000420s ]
INFO: [ view_filter ] --END-- [ RunTime:0.000454s ]
INFO: [ app_end ] --START--
INFO: Run Behavior\ShowPageTraceBehavior [ RunTime:0.000684s ]
INFO: [ app_end ] --END-- [ RunTime:0.000732s ]

[ 2018-04-13T18:06:11+08:00 ] 127.0.0.1 /index.php/Home/Project/getCommunityProject/id/42
INFO: [ app_init ] --START--
INFO: Run Behavior\BuildLiteBehavior [ RunTime:0.000012s ]
INFO: [ app_init ] --END-- [ RunTime:0.000356s ]
INFO: [ app_begin ] --START--
INFO: Run Behavior\ReadHtmlCacheBehavior [ RunTime:0.000554s ]
INFO: [ app_begin ] --END-- [ RunTime:0.000593s ]
SQL: SHOW COLUMNS FROM `sjy_origanization_user_info` [ RunTime:0.0525s ]
SQL: SELECT * FROM `sjy_origanization_user_info` WHERE `sjy_id` = 79 LIMIT 1   [ RunTime:0.0456s ]
SQL: SHOW COLUMNS FROM `sjy_project` [ RunTime:0.0516s ]
SQL: SELECT * FROM `sjy_project` WHERE `origanization_id` = 24 AND `status` BETWEEN 0 AND 99 LIMIT 1   [ RunTime:0.0423s ]
SQL: SHOW COLUMNS FROM `sjy_cities` [ RunTime:0.0487s ]
SQL: SELECT `city` FROM `sjy_cities` WHERE `cityid` = 110000 LIMIT 1   [ RunTime:0.0483s ]
NOTIC: [8] Undefined variable: islogin C:\xampp\htdocs\shejuyi\Application\Home\Controller\BaseController.class.php 第 118 行.
SQL: SHOW COLUMNS FROM `sjy_community_project_info` [ RunTime:0.0502s ]
SQL: SELECT * FROM `sjy_community_project_info` WHERE `sjy_id` = 42 LIMIT 1   [ RunTime:0.0509s ]
SQL: SHOW COLUMNS FROM `sjy_community_position_info` [ RunTime:0.0429s ]
SQL: SELECT * FROM `sjy_community_position_info` WHERE `sjy_community_id` = '30' LIMIT 1   [ RunTime:0.0476s ]
SQL: SHOW COLUMNS FROM `sjy_community_project_image` [ RunTime:0.0511s ]
SQL: SELECT * FROM `sjy_community_project_image` WHERE `sjy_community_project_id` = 42  [ RunTime:0.0491s ]

[ 2018-04-13T18:06:27+08:00 ] 127.0.0.1 /index.php/Home/Project/displayCommunityProject?id=42
INFO: [ app_init ] --START--
INFO: Run Behavior\BuildLiteBehavior [ RunTime:0.000013s ]
INFO: [ app_init ] --END-- [ RunTime:0.000432s ]
INFO: [ app_begin ] --START--
INFO: Run Behavior\ReadHtmlCacheBehavior [ RunTime:0.000702s ]
INFO: [ app_begin ] --END-- [ RunTime:0.000742s ]
SQL: SHOW COLUMNS FROM `sjy_origanization_user_info` [ RunTime:0.0474s ]
SQL: SELECT * FROM `sjy_origanization_user_info` WHERE `sjy_id` = 79 LIMIT 1   [ RunTime:0.0441s ]
SQL: SHOW COLUMNS FROM `sjy_project` [ RunTime:0.0450s ]
SQL: SELECT * FROM `sjy_project` WHERE `origanization_id` = 24 AND `status` BETWEEN 0 AND 99 LIMIT 1   [ RunTime:0.0454s ]
SQL: SHOW COLUMNS FROM `sjy_cities` [ RunTime:0.0447s ]
SQL: SELECT `city` FROM `sjy_cities` WHERE `cityid` = 110000 LIMIT 1   [ RunTime:0.0451s ]
NOTIC: [8] Undefined variable: islogin C:\xampp\htdocs\shejuyi\Application\Home\Controller\BaseController.class.php 第 118 行.
SQL: SHOW COLUMNS FROM `sjy_community_project_info` [ RunTime:0.0486s ]
SQL: SELECT `sjy_community_project_status` FROM `sjy_community_project_info` WHERE `sjy_id` = 42 LIMIT 1   [ RunTime:0.0458s ]
SQL: SELECT * FROM `sjy_project` WHERE `project_id` = 42 AND `status` = 2 LIMIT 1   [ RunTime:0.0482s ]
INFO: [ view_parse ] --START--
INFO: [ template_filter ] --START--
INFO: Run Behavior\ContentReplaceBehavior [ RunTime:0.000272s ]
INFO: [ template_filter ] --END-- [ RunTime:0.000355s ]
INFO: Run Behavior\ParseTemplateBehavior [ RunTime:0.044858s ]
INFO: [ view_parse ] --END-- [ RunTime:0.044922s ]
INFO: [ view_filter ] --START--
INFO: Run Behavior\WriteHtmlCacheBehavior [ RunTime:0.000431s ]
INFO: [ view_filter ] --END-- [ RunTime:0.000464s ]
INFO: [ app_end ] --START--
INFO: Run Behavior\ShowPageTraceBehavior [ RunTime:0.000606s ]
INFO: [ app_end ] --END-- [ RunTime:0.000645s ]

[ 2018-04-13T18:06:27+08:00 ] 127.0.0.1 /index.php/Home/Project/getCommunityProject/id/42
INFO: [ app_init ] --START--
INFO: Run Behavior\BuildLiteBehavior [ RunTime:0.000013s ]
INFO: [ app_init ] --END-- [ RunTime:0.000400s ]
INFO: [ app_begin ] --START--
INFO: Run Behavior\ReadHtmlCacheBehavior [ RunTime:0.000555s ]
INFO: [ app_begin ] --END-- [ RunTime:0.000592s ]
SQL: SHOW COLUMNS FROM `sjy_origanization_user_info` [ RunTime:0.0440s ]
SQL: SELECT * FROM `sjy_origanization_user_info` WHERE `sjy_id` = 79 LIMIT 1   [ RunTime:0.0447s ]
SQL: SHOW COLUMNS FROM `sjy_project` [ RunTime:0.0407s ]
SQL: SELECT * FROM `sjy_project` WHERE `origanization_id` = 24 AND `status` BETWEEN 0 AND 99 LIMIT 1   [ RunTime:0.0464s ]
SQL: SHOW COLUMNS FROM `sjy_cities` [ RunTime:0.0470s ]
SQL: SELECT `city` FROM `sjy_cities` WHERE `cityid` = 110000 LIMIT 1   [ RunTime:0.0464s ]
NOTIC: [8] Undefined variable: islogin C:\xampp\htdocs\shejuyi\Application\Home\Controller\BaseController.class.php 第 118 行.
SQL: SHOW COLUMNS FROM `sjy_community_project_info` [ RunTime:0.0464s ]
SQL: SELECT * FROM `sjy_community_project_info` WHERE `sjy_id` = 42 LIMIT 1   [ RunTime:0.0475s ]
SQL: SHOW COLUMNS FROM `sjy_community_position_info` [ RunTime:0.0470s ]
SQL: SELECT * FROM `sjy_community_position_info` WHERE `sjy_community_id` = '30' LIMIT 1   [ RunTime:0.0464s ]
SQL: SHOW COLUMNS FROM `sjy_community_project_image` [ RunTime:0.0492s ]
SQL: SELECT * FROM `sjy_community_project_image` WHERE `sjy_community_project_id` = 42  [ RunTime:0.0431s ]

[ 2018-04-13T18:06:50+08:00 ] 127.0.0.1 /index.php/Home/Project/displayCommunityProject?id=42
INFO: [ app_init ] --START--
INFO: Run Behavior\BuildLiteBehavior [ RunTime:0.000012s ]
INFO: [ app_init ] --END-- [ RunTime:0.000352s ]
INFO: [ app_begin ] --START--
INFO: Run Behavior\ReadHtmlCacheBehavior [ RunTime:0.000606s ]
INFO: [ app_begin ] --END-- [ RunTime:0.000651s ]
SQL: SHOW COLUMNS FROM `sjy_origanization_user_info` [ RunTime:0.0464s ]
SQL: SELECT * FROM `sjy_origanization_user_info` WHERE `sjy_id` = 79 LIMIT 1   [ RunTime:0.0513s ]
SQL: SHOW COLUMNS FROM `sjy_project` [ RunTime:0.0492s ]
SQL: SELECT * FROM `sjy_project` WHERE `origanization_id` = 24 AND `status` BETWEEN 0 AND 99 LIMIT 1   [ RunTime:0.0472s ]
SQL: SHOW COLUMNS FROM `sjy_cities` [ RunTime:0.0473s ]
SQL: SELECT `city` FROM `sjy_cities` WHERE `cityid` = 110000 LIMIT 1   [ RunTime:0.0478s ]
NOTIC: [8] Undefined variable: islogin C:\xampp\htdocs\shejuyi\Application\Home\Controller\BaseController.class.php 第 118 行.
SQL: SHOW COLUMNS FROM `sjy_community_project_info` [ RunTime:0.0520s ]
SQL: SELECT `sjy_community_project_status` FROM `sjy_community_project_info` WHERE `sjy_id` = 42 LIMIT 1   [ RunTime:0.0467s ]
SQL: SELECT * FROM `sjy_project` WHERE `project_id` = 42 AND `status` = 2 LIMIT 1   [ RunTime:0.0471s ]
INFO: [ view_parse ] --START--
INFO: [ template_filter ] --START--
INFO: Run Behavior\ContentReplaceBehavior [ RunTime:0.000277s ]
INFO: [ template_filter ] --END-- [ RunTime:0.000367s ]
INFO: Run Behavior\ParseTemplateBehavior [ RunTime:0.043598s ]
INFO: [ view_parse ] --END-- [ RunTime:0.043677s ]
INFO: [ view_filter ] --START--
INFO: Run Behavior\WriteHtmlCacheBehavior [ RunTime:0.000460s ]
INFO: [ view_filter ] --END-- [ RunTime:0.000496s ]
INFO: [ app_end ] --START--
INFO: Run Behavior\ShowPageTraceBehavior [ RunTime:0.000911s ]
INFO: [ app_end ] --END-- [ RunTime:0.000971s ]

[ 2018-04-13T18:06:51+08:00 ] 127.0.0.1 /index.php/Home/Project/displayCommunityProject?id=42
INFO: [ app_init ] --START--
INFO: Run Behavior\BuildLiteBehavior [ RunTime:0.000010s ]
INFO: [ app_init ] --END-- [ RunTime:0.000325s ]
INFO: [ app_begin ] --START--
INFO: Run Behavior\ReadHtmlCacheBehavior [ RunTime:0.000514s ]
INFO: [ app_begin ] --END-- [ RunTime:0.000551s ]
SQL: SHOW COLUMNS FROM `sjy_origanization_user_info` [ RunTime:0.0472s ]
SQL: SELECT * FROM `sjy_origanization_user_info` WHERE `sjy_id` = 79 LIMIT 1   [ RunTime:0.0468s ]
SQL: SHOW COLUMNS FROM `sjy_project` [ RunTime:0.0460s ]
SQL: SELECT * FROM `sjy_project` WHERE `origanization_id` = 24 AND `status` BETWEEN 0 AND 99 LIMIT 1   [ RunTime:0.0401s ]
SQL: SHOW COLUMNS FROM `sjy_cities` [ RunTime:0.0463s ]
SQL: SELECT `city` FROM `sjy_cities` WHERE `cityid` = 110000 LIMIT 1   [ RunTime:0.0397s ]
NOTIC: [8] Undefined variable: islogin C:\xampp\htdocs\shejuyi\Application\Home\Controller\BaseController.class.php 第 118 行.
SQL: SHOW COLUMNS FROM `sjy_community_project_info` [ RunTime:0.0477s ]
SQL: SELECT `sjy_community_project_status` FROM `sjy_community_project_info` WHERE `sjy_id` = 42 LIMIT 1   [ RunTime:0.0451s ]
SQL: SELECT * FROM `sjy_project` WHERE `project_id` = 42 AND `status` = 2 LIMIT 1   [ RunTime:0.0435s ]
INFO: [ view_parse ] --START--
INFO: [ template_filter ] --START--
INFO: Run Behavior\ContentReplaceBehavior [ RunTime:0.000123s ]
INFO: [ template_filter ] --END-- [ RunTime:0.000157s ]
INFO: Run Behavior\ParseTemplateBehavior [ RunTime:0.028133s ]
INFO: [ view_parse ] --END-- [ RunTime:0.028192s ]
INFO: [ view_filter ] --START--
INFO: Run Behavior\WriteHtmlCacheBehavior [ RunTime:0.000393s ]
INFO: [ view_filter ] --END-- [ RunTime:0.000424s ]
INFO: [ app_end ] --START--
INFO: Run Behavior\ShowPageTraceBehavior [ RunTime:0.000602s ]
INFO: [ app_end ] --END-- [ RunTime:0.000643s ]

[ 2018-04-13T18:06:52+08:00 ] 127.0.0.1 /index.php/Home/Project/getCommunityProject/id/42
INFO: [ app_init ] --START--
INFO: Run Behavior\BuildLiteBehavior [ RunTime:0.000013s ]
INFO: [ app_init ] --END-- [ RunTime:0.000385s ]
INFO: [ app_begin ] --START--
INFO: Run Behavior\ReadHtmlCacheBehavior [ RunTime:0.000633s ]
INFO: [ app_begin ] --END-- [ RunTime:0.000688s ]
SQL: SHOW COLUMNS FROM `sjy_origanization_user_info` [ RunTime:0.0482s ]
SQL: SELECT * FROM `sjy_origanization_user_info` WHERE `sjy_id` = 79 LIMIT 1   [ RunTime:0.0417s ]
SQL: SHOW COLUMNS FROM `sjy_project` [ RunTime:0.0449s ]
SQL: SELECT * FROM `sjy_project` WHERE `origanization_id` = 24 AND `status` BETWEEN 0 AND 99 LIMIT 1   [ RunTime:0.0473s ]
SQL: SHOW COLUMNS FROM `sjy_cities` [ RunTime:0.0478s ]
SQL: SELECT `city` FROM `sjy_cities` WHERE `cityid` = 110000 LIMIT 1   [ RunTime:0.0461s ]
NOTIC: [8] Undefined variable: islogin C:\xampp\htdocs\shejuyi\Application\Home\Controller\BaseController.class.php 第 118 行.
SQL: SHOW COLUMNS FROM `sjy_community_project_info` [ RunTime:0.0471s ]
SQL: SELECT * FROM `sjy_community_project_info` WHERE `sjy_id` = 42 LIMIT 1   [ RunTime:0.0408s ]
SQL: SHOW COLUMNS FROM `sjy_community_position_info` [ RunTime:0.0456s ]
SQL: SELECT * FROM `sjy_community_position_info` WHERE `sjy_community_id` = '30' LIMIT 1   [ RunTime:0.0457s ]
SQL: SHOW COLUMNS FROM `sjy_community_project_image` [ RunTime:0.0473s ]
SQL: SELECT * FROM `sjy_community_project_image` WHERE `sjy_community_project_id` = 42  [ RunTime:0.0379s ]

[ 2018-04-13T18:10:59+08:00 ] 127.0.0.1 /index.php/Home/Project/displayCommunityProject?id=42
INFO: [ app_init ] --START--
INFO: Run Behavior\BuildLiteBehavior [ RunTime:0.000023s ]
INFO: [ app_init ] --END-- [ RunTime:0.000864s ]
INFO: [ app_begin ] --START--
INFO: Run Behavior\ReadHtmlCacheBehavior [ RunTime:0.001481s ]
INFO: [ app_begin ] --END-- [ RunTime:0.001564s ]
SQL: SHOW COLUMNS FROM `sjy_origanization_user_info` [ RunTime:0.0474s ]
SQL: SELECT * FROM `sjy_origanization_user_info` WHERE `sjy_id` = 79 LIMIT 1   [ RunTime:0.0524s ]
SQL: SHOW COLUMNS FROM `sjy_project` [ RunTime:0.0466s ]
SQL: SELECT * FROM `sjy_project` WHERE `origanization_id` = 24 AND `status` BETWEEN 0 AND 99 LIMIT 1   [ RunTime:0.0453s ]
SQL: SHOW COLUMNS FROM `sjy_cities` [ RunTime:0.0468s ]
SQL: SELECT `city` FROM `sjy_cities` WHERE `cityid` = 110000 LIMIT 1   [ RunTime:0.0480s ]
NOTIC: [8] Undefined variable: islogin C:\xampp\htdocs\shejuyi\Application\Home\Controller\BaseController.class.php 第 118 行.
SQL: SHOW COLUMNS FROM `sjy_community_project_info` [ RunTime:0.0476s ]
SQL: SELECT `sjy_community_project_status` FROM `sjy_community_project_info` WHERE `sjy_id` = 42 LIMIT 1   [ RunTime:0.0504s ]
SQL: SELECT * FROM `sjy_project` WHERE `project_id` = 42 AND `status` = 2 LIMIT 1   [ RunTime:0.0501s ]
INFO: [ view_parse ] --START--
INFO: [ template_filter ] --START--
INFO: Run Behavior\ContentReplaceBehavior [ RunTime:0.000282s ]
INFO: [ template_filter ] --END-- [ RunTime:0.000374s ]
INFO: Run Behavior\ParseTemplateBehavior [ RunTime:0.064689s ]
INFO: [ view_parse ] --END-- [ RunTime:0.064806s ]
INFO: [ view_filter ] --START--
INFO: Run Behavior\WriteHtmlCacheBehavior [ RunTime:0.001196s ]
INFO: [ view_filter ] --END-- [ RunTime:0.001266s ]
INFO: [ app_end ] --START--
INFO: Run Behavior\ShowPageTraceBehavior [ RunTime:0.001015s ]
INFO: [ app_end ] --END-- [ RunTime:0.001071s ]

[ 2018-04-13T18:10:59+08:00 ] 127.0.0.1 /index.php/Home/Project/displayCommunityProject?id=42
INFO: [ app_init ] --START--
INFO: Run Behavior\BuildLiteBehavior [ RunTime:0.000012s ]
INFO: [ app_init ] --END-- [ RunTime:0.000351s ]
INFO: [ app_begin ] --START--
INFO: Run Behavior\ReadHtmlCacheBehavior [ RunTime:0.000568s ]
INFO: [ app_begin ] --END-- [ RunTime:0.000611s ]
SQL: SHOW COLUMNS FROM `sjy_origanization_user_info` [ RunTime:0.0437s ]
SQL: SELECT * FROM `sjy_origanization_user_info` WHERE `sjy_id` = 79 LIMIT 1   [ RunTime:0.0450s ]
SQL: SHOW COLUMNS FROM `sjy_project` [ RunTime:0.0490s ]
SQL: SELECT * FROM `sjy_project` WHERE `origanization_id` = 24 AND `status` BETWEEN 0 AND 99 LIMIT 1   [ RunTime:0.0512s ]
SQL: SHOW COLUMNS FROM `sjy_cities` [ RunTime:0.0447s ]
SQL: SELECT `city` FROM `sjy_cities` WHERE `cityid` = 110000 LIMIT 1   [ RunTime:0.0470s ]
NOTIC: [8] Undefined variable: islogin C:\xampp\htdocs\shejuyi\Application\Home\Controller\BaseController.class.php 第 118 行.
SQL: SHOW COLUMNS FROM `sjy_community_project_info` [ RunTime:0.0472s ]
SQL: SELECT `sjy_community_project_status` FROM `sjy_community_project_info` WHERE `sjy_id` = 42 LIMIT 1   [ RunTime:0.0454s ]
SQL: SELECT * FROM `sjy_project` WHERE `project_id` = 42 AND `status` = 2 LIMIT 1   [ RunTime:0.0473s ]
INFO: [ view_parse ] --START--
INFO: [ template_filter ] --START--
INFO: Run Behavior\ContentReplaceBehavior [ RunTime:0.000154s ]
INFO: [ template_filter ] --END-- [ RunTime:0.000203s ]
INFO: Run Behavior\ParseTemplateBehavior [ RunTime:0.032530s ]
INFO: [ view_parse ] --END-- [ RunTime:0.032645s ]
INFO: [ view_filter ] --START--
INFO: Run Behavior\WriteHtmlCacheBehavior [ RunTime:0.000460s ]
INFO: [ view_filter ] --END-- [ RunTime:0.000496s ]
INFO: [ app_end ] --START--
INFO: Run Behavior\ShowPageTraceBehavior [ RunTime:0.000730s ]
INFO: [ app_end ] --END-- [ RunTime:0.000831s ]

[ 2018-04-13T18:11:00+08:00 ] 127.0.0.1 /index.php/Home/Project/getCommunityProject/id/42
INFO: [ app_init ] --START--
INFO: Run Behavior\BuildLiteBehavior [ RunTime:0.000013s ]
INFO: [ app_init ] --END-- [ RunTime:0.000419s ]
INFO: [ app_begin ] --START--
INFO: Run Behavior\ReadHtmlCacheBehavior [ RunTime:0.000720s ]
INFO: [ app_begin ] --END-- [ RunTime:0.000759s ]
SQL: SHOW COLUMNS FROM `sjy_origanization_user_info` [ RunTime:0.0384s ]
SQL: SELECT * FROM `sjy_origanization_user_info` WHERE `sjy_id` = 79 LIMIT 1   [ RunTime:0.0450s ]
SQL: SHOW COLUMNS FROM `sjy_project` [ RunTime:0.0443s ]
SQL: SELECT * FROM `sjy_project` WHERE `origanization_id` = 24 AND `status` BETWEEN 0 AND 99 LIMIT 1   [ RunTime:0.0369s ]
SQL: SHOW COLUMNS FROM `sjy_cities` [ RunTime:0.0423s ]
SQL: SELECT `city` FROM `sjy_cities` WHERE `cityid` = 110000 LIMIT 1   [ RunTime:0.0366s ]
NOTIC: [8] Undefined variable: islogin C:\xampp\htdocs\shejuyi\Application\Home\Controller\BaseController.class.php 第 118 行.
SQL: SHOW COLUMNS FROM `sjy_community_project_info` [ RunTime:0.0473s ]
SQL: SELECT * FROM `sjy_community_project_info` WHERE `sjy_id` = 42 LIMIT 1   [ RunTime:0.0368s ]
SQL: SHOW COLUMNS FROM `sjy_community_position_info` [ RunTime:0.0405s ]
SQL: SELECT * FROM `sjy_community_position_info` WHERE `sjy_community_id` = '30' LIMIT 1   [ RunTime:0.0369s ]
SQL: SHOW COLUMNS FROM `sjy_community_project_image` [ RunTime:0.0366s ]
SQL: SELECT * FROM `sjy_community_project_image` WHERE `sjy_community_project_id` = 42  [ RunTime:0.0398s ]

[ 2018-04-13T18:11:53+08:00 ] 127.0.0.1 /index.php/Home/Project/displayCommunityProject?id=42
INFO: [ app_init ] --START--
INFO: Run Behavior\BuildLiteBehavior [ RunTime:0.000011s ]
INFO: [ app_init ] --END-- [ RunTime:0.000336s ]
INFO: [ app_begin ] --START--
INFO: Run Behavior\ReadHtmlCacheBehavior [ RunTime:0.000518s ]
INFO: [ app_begin ] --END-- [ RunTime:0.000555s ]
SQL: SHOW COLUMNS FROM `sjy_origanization_user_info` [ RunTime:0.0417s ]
SQL: SELECT * FROM `sjy_origanization_user_info` WHERE `sjy_id` = 79 LIMIT 1   [ RunTime:0.0409s ]
SQL: SHOW COLUMNS FROM `sjy_project` [ RunTime:0.0389s ]
SQL: SELECT * FROM `sjy_project` WHERE `origanization_id` = 24 AND `status` BETWEEN 0 AND 99 LIMIT 1   [ RunTime:0.0403s ]
SQL: SHOW COLUMNS FROM `sjy_cities` [ RunTime:0.0452s ]
SQL: SELECT `city` FROM `sjy_cities` WHERE `cityid` = 110000 LIMIT 1   [ RunTime:0.0452s ]
NOTIC: [8] Undefined variable: islogin C:\xampp\htdocs\shejuyi\Application\Home\Controller\BaseController.class.php 第 118 行.
SQL: SHOW COLUMNS FROM `sjy_community_project_info` [ RunTime:0.0469s ]
SQL: SELECT `sjy_community_project_status` FROM `sjy_community_project_info` WHERE `sjy_id` = 42 LIMIT 1   [ RunTime:0.0384s ]
SQL: SELECT * FROM `sjy_project` WHERE `project_id` = 42 AND `status` = 2 LIMIT 1   [ RunTime:0.0440s ]
INFO: [ view_parse ] --START--
INFO: [ template_filter ] --START--
INFO: Run Behavior\ContentReplaceBehavior [ RunTime:0.000276s ]
INFO: [ template_filter ] --END-- [ RunTime:0.000365s ]
INFO: Run Behavior\ParseTemplateBehavior [ RunTime:0.047551s ]
INFO: [ view_parse ] --END-- [ RunTime:0.047634s ]
INFO: [ view_filter ] --START--
INFO: Run Behavior\WriteHtmlCacheBehavior [ RunTime:0.000712s ]
INFO: [ view_filter ] --END-- [ RunTime:0.000751s ]
INFO: [ app_end ] --START--
INFO: Run Behavior\ShowPageTraceBehavior [ RunTime:0.000793s ]
INFO: [ app_end ] --END-- [ RunTime:0.000837s ]

[ 2018-04-13T18:11:54+08:00 ] 127.0.0.1 /index.php/Home/Project/displayCommunityProject?id=42
INFO: [ app_init ] --START--
INFO: Run Behavior\BuildLiteBehavior [ RunTime:0.000013s ]
INFO: [ app_init ] --END-- [ RunTime:0.000378s ]
INFO: [ app_begin ] --START--
INFO: Run Behavior\ReadHtmlCacheBehavior [ RunTime:0.000595s ]
INFO: [ app_begin ] --END-- [ RunTime:0.000640s ]
SQL: SHOW COLUMNS FROM `sjy_origanization_user_info` [ RunTime:0.0425s ]
SQL: SELECT * FROM `sjy_origanization_user_info` WHERE `sjy_id` = 79 LIMIT 1   [ RunTime:0.0492s ]
SQL: SHOW COLUMNS FROM `sjy_project` [ RunTime:0.0477s ]
SQL: SELECT * FROM `sjy_project` WHERE `origanization_id` = 24 AND `status` BETWEEN 0 AND 99 LIMIT 1   [ RunTime:0.0460s ]
SQL: SHOW COLUMNS FROM `sjy_cities` [ RunTime:0.0404s ]
SQL: SELECT `city` FROM `sjy_cities` WHERE `cityid` = 110000 LIMIT 1   [ RunTime:0.0447s ]
NOTIC: [8] Undefined variable: islogin C:\xampp\htdocs\shejuyi\Application\Home\Controller\BaseController.class.php 第 118 行.
SQL: SHOW COLUMNS FROM `sjy_community_project_info` [ RunTime:0.0427s ]
SQL: SELECT `sjy_community_project_status` FROM `sjy_community_project_info` WHERE `sjy_id` = 42 LIMIT 1   [ RunTime:0.0490s ]
SQL: SELECT * FROM `sjy_project` WHERE `project_id` = 42 AND `status` = 2 LIMIT 1   [ RunTime:0.0407s ]
INFO: [ view_parse ] --START--
INFO: [ template_filter ] --START--
INFO: Run Behavior\ContentReplaceBehavior [ RunTime:0.000275s ]
INFO: [ template_filter ] --END-- [ RunTime:0.000360s ]
INFO: Run Behavior\ParseTemplateBehavior [ RunTime:0.059229s ]
INFO: [ view_parse ] --END-- [ RunTime:0.059337s ]
INFO: [ view_filter ] --START--
INFO: Run Behavior\WriteHtmlCacheBehavior [ RunTime:0.001161s ]
INFO: [ view_filter ] --END-- [ RunTime:0.001233s ]
INFO: [ app_end ] --START--
INFO: Run Behavior\ShowPageTraceBehavior [ RunTime:0.001148s ]
INFO: [ app_end ] --END-- [ RunTime:0.001222s ]

[ 2018-04-13T18:11:55+08:00 ] 127.0.0.1 /index.php/Home/Project/getCommunityProject/id/42
INFO: [ app_init ] --START--
INFO: Run Behavior\BuildLiteBehavior [ RunTime:0.000013s ]
INFO: [ app_init ] --END-- [ RunTime:0.000383s ]
INFO: [ app_begin ] --START--
INFO: Run Behavior\ReadHtmlCacheBehavior [ RunTime:0.000579s ]
INFO: [ app_begin ] --END-- [ RunTime:0.000626s ]
SQL: SHOW COLUMNS FROM `sjy_origanization_user_info` [ RunTime:0.0487s ]
SQL: SELECT * FROM `sjy_origanization_user_info` WHERE `sjy_id` = 79 LIMIT 1   [ RunTime:0.0489s ]
SQL: SHOW COLUMNS FROM `sjy_project` [ RunTime:0.0469s ]
SQL: SELECT * FROM `sjy_project` WHERE `origanization_id` = 24 AND `status` BETWEEN 0 AND 99 LIMIT 1   [ RunTime:0.0404s ]
SQL: SHOW COLUMNS FROM `sjy_cities` [ RunTime:0.0378s ]
SQL: SELECT `city` FROM `sjy_cities` WHERE `cityid` = 110000 LIMIT 1   [ RunTime:0.0376s ]
NOTIC: [8] Undefined variable: islogin C:\xampp\htdocs\shejuyi\Application\Home\Controller\BaseController.class.php 第 118 行.
SQL: SHOW COLUMNS FROM `sjy_community_project_info` [ RunTime:0.0483s ]
SQL: SELECT * FROM `sjy_community_project_info` WHERE `sjy_id` = 42 LIMIT 1   [ RunTime:0.0474s ]
SQL: SHOW COLUMNS FROM `sjy_community_position_info` [ RunTime:0.0400s ]
SQL: SELECT * FROM `sjy_community_position_info` WHERE `sjy_community_id` = '30' LIMIT 1   [ RunTime:0.0392s ]
SQL: SHOW COLUMNS FROM `sjy_community_project_image` [ RunTime:0.0462s ]
SQL: SELECT * FROM `sjy_community_project_image` WHERE `sjy_community_project_id` = 42  [ RunTime:0.0377s ]

[ 2018-04-13T18:12:20+08:00 ] 127.0.0.1 /index.php/Home/Project/displayCommunityProject?id=42
INFO: [ app_init ] --START--
INFO: Run Behavior\BuildLiteBehavior [ RunTime:0.000012s ]
INFO: [ app_init ] --END-- [ RunTime:0.000361s ]
INFO: [ app_begin ] --START--
INFO: Run Behavior\ReadHtmlCacheBehavior [ RunTime:0.000548s ]
INFO: [ app_begin ] --END-- [ RunTime:0.000586s ]
SQL: SHOW COLUMNS FROM `sjy_origanization_user_info` [ RunTime:0.0410s ]
SQL: SELECT * FROM `sjy_origanization_user_info` WHERE `sjy_id` = 79 LIMIT 1   [ RunTime:0.0470s ]
SQL: SHOW COLUMNS FROM `sjy_project` [ RunTime:0.0439s ]
SQL: SELECT * FROM `sjy_project` WHERE `origanization_id` = 24 AND `status` BETWEEN 0 AND 99 LIMIT 1   [ RunTime:0.0474s ]
SQL: SHOW COLUMNS FROM `sjy_cities` [ RunTime:0.0406s ]
SQL: SELECT `city` FROM `sjy_cities` WHERE `cityid` = 110000 LIMIT 1   [ RunTime:0.0402s ]
NOTIC: [8] Undefined variable: islogin C:\xampp\htdocs\shejuyi\Application\Home\Controller\BaseController.class.php 第 118 行.
SQL: SHOW COLUMNS FROM `sjy_community_project_info` [ RunTime:0.0440s ]
SQL: SELECT `sjy_community_project_status` FROM `sjy_community_project_info` WHERE `sjy_id` = 42 LIMIT 1   [ RunTime:0.0494s ]
SQL: SELECT * FROM `sjy_project` WHERE `project_id` = 42 AND `status` = 2 LIMIT 1   [ RunTime:0.0462s ]
INFO: [ view_parse ] --START--
INFO: [ template_filter ] --START--
INFO: Run Behavior\ContentReplaceBehavior [ RunTime:0.000127s ]
INFO: [ template_filter ] --END-- [ RunTime:0.000163s ]
INFO: Run Behavior\ParseTemplateBehavior [ RunTime:0.027471s ]
INFO: [ view_parse ] --END-- [ RunTime:0.027562s ]
INFO: [ view_filter ] --START--
INFO: Run Behavior\WriteHtmlCacheBehavior [ RunTime:0.000785s ]
INFO: [ view_filter ] --END-- [ RunTime:0.000821s ]
INFO: [ app_end ] --START--
INFO: Run Behavior\ShowPageTraceBehavior [ RunTime:0.000802s ]
INFO: [ app_end ] --END-- [ RunTime:0.000867s ]

[ 2018-04-13T18:12:20+08:00 ] 127.0.0.1 /index.php/Home/Project/displayCommunityProject?id=42
INFO: [ app_init ] --START--
INFO: Run Behavior\BuildLiteBehavior [ RunTime:0.000013s ]
INFO: [ app_init ] --END-- [ RunTime:0.000390s ]
INFO: [ app_begin ] --START--
INFO: Run Behavior\ReadHtmlCacheBehavior [ RunTime:0.000567s ]
INFO: [ app_begin ] --END-- [ RunTime:0.000607s ]
SQL: SHOW COLUMNS FROM `sjy_origanization_user_info` [ RunTime:0.0473s ]
SQL: SELECT * FROM `sjy_origanization_user_info` WHERE `sjy_id` = 79 LIMIT 1   [ RunTime:0.0462s ]
SQL: SHOW COLUMNS FROM `sjy_project` [ RunTime:0.0514s ]
SQL: SELECT * FROM `sjy_project` WHERE `origanization_id` = 24 AND `status` BETWEEN 0 AND 99 LIMIT 1   [ RunTime:0.0465s ]
SQL: SHOW COLUMNS FROM `sjy_cities` [ RunTime:0.0492s ]
SQL: SELECT `city` FROM `sjy_cities` WHERE `cityid` = 110000 LIMIT 1   [ RunTime:0.0461s ]
NOTIC: [8] Undefined variable: islogin C:\xampp\htdocs\shejuyi\Application\Home\Controller\BaseController.class.php 第 118 行.
SQL: SHOW COLUMNS FROM `sjy_community_project_info` [ RunTime:0.0478s ]
SQL: SELECT `sjy_community_project_status` FROM `sjy_community_project_info` WHERE `sjy_id` = 42 LIMIT 1   [ RunTime:0.0447s ]
SQL: SELECT * FROM `sjy_project` WHERE `project_id` = 42 AND `status` = 2 LIMIT 1   [ RunTime:0.0470s ]
INFO: [ view_parse ] --START--
INFO: [ template_filter ] --START--
INFO: Run Behavior\ContentReplaceBehavior [ RunTime:0.000271s ]
INFO: [ template_filter ] --END-- [ RunTime:0.000357s ]
INFO: Run Behavior\ParseTemplateBehavior [ RunTime:0.058272s ]
INFO: [ view_parse ] --END-- [ RunTime:0.058350s ]
INFO: [ view_filter ] --START--
INFO: Run Behavior\WriteHtmlCacheBehavior [ RunTime:0.000424s ]
INFO: [ view_filter ] --END-- [ RunTime:0.000457s ]
INFO: [ app_end ] --START--
INFO: Run Behavior\ShowPageTraceBehavior [ RunTime:0.000628s ]
INFO: [ app_end ] --END-- [ RunTime:0.000667s ]

[ 2018-04-13T18:12:21+08:00 ] 127.0.0.1 /index.php/Home/Project/getCommunityProject/id/42
INFO: [ app_init ] --START--
INFO: Run Behavior\BuildLiteBehavior [ RunTime:0.000013s ]
INFO: [ app_init ] --END-- [ RunTime:0.000405s ]
INFO: [ app_begin ] --START--
INFO: Run Behavior\ReadHtmlCacheBehavior [ RunTime:0.000735s ]
INFO: [ app_begin ] --END-- [ RunTime:0.000776s ]
SQL: SHOW COLUMNS FROM `sjy_origanization_user_info` [ RunTime:0.0411s ]
SQL: SELECT * FROM `sjy_origanization_user_info` WHERE `sjy_id` = 79 LIMIT 1   [ RunTime:0.0442s ]
SQL: SHOW COLUMNS FROM `sjy_project` [ RunTime:0.0464s ]
SQL: SELECT * FROM `sjy_project` WHERE `origanization_id` = 24 AND `status` BETWEEN 0 AND 99 LIMIT 1   [ RunTime:0.0443s ]
SQL: SHOW COLUMNS FROM `sjy_cities` [ RunTime:0.0487s ]
SQL: SELECT `city` FROM `sjy_cities` WHERE `cityid` = 110000 LIMIT 1   [ RunTime:0.0406s ]
NOTIC: [8] Undefined variable: islogin C:\xampp\htdocs\shejuyi\Application\Home\Controller\BaseController.class.php 第 118 行.
SQL: SHOW COLUMNS FROM `sjy_community_project_info` [ RunTime:0.0474s ]
SQL: SELECT * FROM `sjy_community_project_info` WHERE `sjy_id` = 42 LIMIT 1   [ RunTime:0.0485s ]
SQL: SHOW COLUMNS FROM `sjy_community_position_info` [ RunTime:0.0493s ]
SQL: SELECT * FROM `sjy_community_position_info` WHERE `sjy_community_id` = '30' LIMIT 1   [ RunTime:0.0422s ]
SQL: SHOW COLUMNS FROM `sjy_community_project_image` [ RunTime:0.0464s ]
SQL: SELECT * FROM `sjy_community_project_image` WHERE `sjy_community_project_id` = 42  [ RunTime:0.0409s ]

[ 2018-04-13T18:12:42+08:00 ] 127.0.0.1 /index.php/Home/Project/displayCommunityProject?id=42
INFO: [ app_init ] --START--
INFO: Run Behavior\BuildLiteBehavior [ RunTime:0.000012s ]
INFO: [ app_init ] --END-- [ RunTime:0.000377s ]
INFO: [ app_begin ] --START--
INFO: Run Behavior\ReadHtmlCacheBehavior [ RunTime:0.000626s ]
INFO: [ app_begin ] --END-- [ RunTime:0.000673s ]
SQL: SHOW COLUMNS FROM `sjy_origanization_user_info` [ RunTime:0.0464s ]
SQL: SELECT * FROM `sjy_origanization_user_info` WHERE `sjy_id` = 79 LIMIT 1   [ RunTime:0.0478s ]
SQL: SHOW COLUMNS FROM `sjy_project` [ RunTime:0.0481s ]
SQL: SELECT * FROM `sjy_project` WHERE `origanization_id` = 24 AND `status` BETWEEN 0 AND 99 LIMIT 1   [ RunTime:0.0371s ]
SQL: SHOW COLUMNS FROM `sjy_cities` [ RunTime:0.0378s ]
SQL: SELECT `city` FROM `sjy_cities` WHERE `cityid` = 110000 LIMIT 1   [ RunTime:0.0366s ]
NOTIC: [8] Undefined variable: islogin C:\xampp\htdocs\shejuyi\Application\Home\Controller\BaseController.class.php 第 118 行.
SQL: SHOW COLUMNS FROM `sjy_community_project_info` [ RunTime:0.0376s ]
SQL: SELECT `sjy_community_project_status` FROM `sjy_community_project_info` WHERE `sjy_id` = 42 LIMIT 1   [ RunTime:0.0455s ]
SQL: SELECT * FROM `sjy_project` WHERE `project_id` = 42 AND `status` = 2 LIMIT 1   [ RunTime:0.0471s ]
INFO: [ view_parse ] --START--
INFO: [ template_filter ] --START--
INFO: Run Behavior\ContentReplaceBehavior [ RunTime:0.000275s ]
INFO: [ template_filter ] --END-- [ RunTime:0.000360s ]
INFO: Run Behavior\ParseTemplateBehavior [ RunTime:0.039848s ]
INFO: [ view_parse ] --END-- [ RunTime:0.039925s ]
INFO: [ view_filter ] --START--
INFO: Run Behavior\WriteHtmlCacheBehavior [ RunTime:0.000518s ]
INFO: [ view_filter ] --END-- [ RunTime:0.000550s ]
INFO: [ app_end ] --START--
INFO: Run Behavior\ShowPageTraceBehavior [ RunTime:0.000684s ]
INFO: [ app_end ] --END-- [ RunTime:0.000722s ]

[ 2018-04-13T18:12:42+08:00 ] 127.0.0.1 /index.php/Home/Project/displayCommunityProject?id=42
INFO: [ app_init ] --START--
INFO: Run Behavior\BuildLiteBehavior [ RunTime:0.000013s ]
INFO: [ app_init ] --END-- [ RunTime:0.000366s ]
INFO: [ app_begin ] --START--
INFO: Run Behavior\ReadHtmlCacheBehavior [ RunTime:0.000655s ]
INFO: [ app_begin ] --END-- [ RunTime:0.000714s ]
SQL: SHOW COLUMNS FROM `sjy_origanization_user_info` [ RunTime:0.0486s ]
SQL: SELECT * FROM `sjy_origanization_user_info` WHERE `sjy_id` = 79 LIMIT 1   [ RunTime:0.0411s ]
SQL: SHOW COLUMNS FROM `sjy_project` [ RunTime:0.0498s ]
SQL: SELECT * FROM `sjy_project` WHERE `origanization_id` = 24 AND `status` BETWEEN 0 AND 99 LIMIT 1   [ RunTime:0.0480s ]
SQL: SHOW COLUMNS FROM `sjy_cities` [ RunTime:0.0491s ]
SQL: SELECT `city` FROM `sjy_cities` WHERE `cityid` = 110000 LIMIT 1   [ RunTime:0.0467s ]
NOTIC: [8] Undefined variable: islogin C:\xampp\htdocs\shejuyi\Application\Home\Controller\BaseController.class.php 第 118 行.
SQL: SHOW COLUMNS FROM `sjy_community_project_info` [ RunTime:0.0468s ]
SQL: SELECT `sjy_community_project_status` FROM `sjy_community_project_info` WHERE `sjy_id` = 42 LIMIT 1   [ RunTime:0.0476s ]
SQL: SELECT * FROM `sjy_project` WHERE `project_id` = 42 AND `status` = 2 LIMIT 1   [ RunTime:0.0473s ]
INFO: [ view_parse ] --START--
INFO: [ template_filter ] --START--
INFO: Run Behavior\ContentReplaceBehavior [ RunTime:0.000272s ]
INFO: [ template_filter ] --END-- [ RunTime:0.000353s ]
INFO: Run Behavior\ParseTemplateBehavior [ RunTime:0.043292s ]
INFO: [ view_parse ] --END-- [ RunTime:0.043374s ]
INFO: [ view_filter ] --START--
INFO: Run Behavior\WriteHtmlCacheBehavior [ RunTime:0.000441s ]
INFO: [ view_filter ] --END-- [ RunTime:0.000474s ]
INFO: [ app_end ] --START--
INFO: Run Behavior\ShowPageTraceBehavior [ RunTime:0.000575s ]
INFO: [ app_end ] --END-- [ RunTime:0.000611s ]

[ 2018-04-13T18:12:43+08:00 ] 127.0.0.1 /index.php/Home/Project/getCommunityProject/id/42
INFO: [ app_init ] --START--
INFO: Run Behavior\BuildLiteBehavior [ RunTime:0.000014s ]
INFO: [ app_init ] --END-- [ RunTime:0.000381s ]
INFO: [ app_begin ] --START--
INFO: Run Behavior\ReadHtmlCacheBehavior [ RunTime:0.000613s ]
INFO: [ app_begin ] --END-- [ RunTime:0.000666s ]
SQL: SHOW COLUMNS FROM `sjy_origanization_user_info` [ RunTime:0.0473s ]
SQL: SELECT * FROM `sjy_origanization_user_info` WHERE `sjy_id` = 79 LIMIT 1   [ RunTime:0.0473s ]
SQL: SHOW COLUMNS FROM `sjy_project` [ RunTime:0.0451s ]
SQL: SELECT * FROM `sjy_project` WHERE `origanization_id` = 24 AND `status` BETWEEN 0 AND 99 LIMIT 1   [ RunTime:0.0373s ]
SQL: SHOW COLUMNS FROM `sjy_cities` [ RunTime:0.0443s ]
SQL: SELECT `city` FROM `sjy_cities` WHERE `cityid` = 110000 LIMIT 1   [ RunTime:0.0446s ]
NOTIC: [8] Undefined variable: islogin C:\xampp\htdocs\shejuyi\Application\Home\Controller\BaseController.class.php 第 118 行.
SQL: SHOW COLUMNS FROM `sjy_community_project_info` [ RunTime:0.0468s ]
SQL: SELECT * FROM `sjy_community_project_info` WHERE `sjy_id` = 42 LIMIT 1   [ RunTime:0.0465s ]
SQL: SHOW COLUMNS FROM `sjy_community_position_info` [ RunTime:0.0449s ]
SQL: SELECT * FROM `sjy_community_position_info` WHERE `sjy_community_id` = '30' LIMIT 1   [ RunTime:0.0463s ]
SQL: SHOW COLUMNS FROM `sjy_community_project_image` [ RunTime:0.0463s ]
SQL: SELECT * FROM `sjy_community_project_image` WHERE `sjy_community_project_id` = 42  [ RunTime:0.0461s ]

[ 2018-04-13T18:12:47+08:00 ] 127.0.0.1 /index.php/Home/Home/displayCommunityHome/id/30
INFO: [ app_init ] --START--
INFO: Run Behavior\BuildLiteBehavior [ RunTime:0.000010s ]
INFO: [ app_init ] --END-- [ RunTime:0.000327s ]
INFO: [ app_begin ] --START--
INFO: Run Behavior\ReadHtmlCacheBehavior [ RunTime:0.000533s ]
INFO: [ app_begin ] --END-- [ RunTime:0.000572s ]
SQL: SHOW COLUMNS FROM `sjy_origanization_user_info` [ RunTime:0.0416s ]
SQL: SELECT * FROM `sjy_origanization_user_info` WHERE `sjy_id` = 79 LIMIT 1   [ RunTime:0.0384s ]
SQL: SHOW COLUMNS FROM `sjy_project` [ RunTime:0.0475s ]
SQL: SELECT * FROM `sjy_project` WHERE `origanization_id` = 24 AND `status` BETWEEN 0 AND 99 LIMIT 1   [ RunTime:0.0411s ]
SQL: SHOW COLUMNS FROM `sjy_cities` [ RunTime:0.0470s ]
SQL: SELECT `city` FROM `sjy_cities` WHERE `cityid` = 110000 LIMIT 1   [ RunTime:0.0372s ]
NOTIC: [8] Undefined variable: islogin C:\xampp\htdocs\shejuyi\Application\Home\Controller\BaseController.class.php 第 118 行.
INFO: [ view_parse ] --START--
INFO: [ template_filter ] --START--
INFO: Run Behavior\ContentReplaceBehavior [ RunTime:0.000320s ]
INFO: [ template_filter ] --END-- [ RunTime:0.000410s ]
INFO: Run Behavior\ParseTemplateBehavior [ RunTime:0.102353s ]
INFO: [ view_parse ] --END-- [ RunTime:0.102430s ]
INFO: [ view_filter ] --START--
INFO: Run Behavior\WriteHtmlCacheBehavior [ RunTime:0.000409s ]
INFO: [ view_filter ] --END-- [ RunTime:0.000440s ]
INFO: [ app_end ] --START--
INFO: Run Behavior\ShowPageTraceBehavior [ RunTime:0.000723s ]
INFO: [ app_end ] --END-- [ RunTime:0.000772s ]

[ 2018-04-13T18:12:48+08:00 ] 127.0.0.1 /index.php/Home/Home/getCommunityInfo?id=30
INFO: [ app_init ] --START--
INFO: Run Behavior\BuildLiteBehavior [ RunTime:0.000012s ]
INFO: [ app_init ] --END-- [ RunTime:0.000361s ]
INFO: [ app_begin ] --START--
INFO: Run Behavior\ReadHtmlCacheBehavior [ RunTime:0.000556s ]
INFO: [ app_begin ] --END-- [ RunTime:0.000596s ]
SQL: SHOW COLUMNS FROM `sjy_origanization_user_info` [ RunTime:0.0462s ]
SQL: SELECT * FROM `sjy_origanization_user_info` WHERE `sjy_id` = 79 LIMIT 1   [ RunTime:0.0462s ]
SQL: SHOW COLUMNS FROM `sjy_project` [ RunTime:0.0451s ]
SQL: SELECT * FROM `sjy_project` WHERE `origanization_id` = 24 AND `status` BETWEEN 0 AND 99 LIMIT 1   [ RunTime:0.0512s ]
SQL: SHOW COLUMNS FROM `sjy_cities` [ RunTime:0.0488s ]
SQL: SELECT `city` FROM `sjy_cities` WHERE `cityid` = 110000 LIMIT 1   [ RunTime:0.0503s ]
NOTIC: [8] Undefined variable: islogin C:\xampp\htdocs\shejuyi\Application\Home\Controller\BaseController.class.php 第 118 行.
SQL: SHOW COLUMNS FROM `sjy_community_base_info` [ RunTime:0.0461s ]
SQL: SELECT * FROM `sjy_community_base_info` WHERE `sjy_id` = 30 LIMIT 1   [ RunTime:0.0463s ]
SQL: SHOW COLUMNS FROM `sjy_community_position_info` [ RunTime:0.0461s ]
SQL: SELECT * FROM `sjy_community_position_info` WHERE `sjy_community_id` = '30' LIMIT 1   [ RunTime:0.0469s ]
SQL: SHOW COLUMNS FROM `sjy_community_images` [ RunTime:0.0444s ]
SQL: SELECT `sjy_community_images` FROM `sjy_community_images` WHERE `sjy_community_code` = '30' LIMIT 1   [ RunTime:0.0420s ]

[ 2018-04-13T18:13:46+08:00 ] 127.0.0.1 /index.php/Home/Home/displayCommunityHome/id/30
INFO: [ app_init ] --START--
INFO: Run Behavior\BuildLiteBehavior [ RunTime:0.000011s ]
INFO: [ app_init ] --END-- [ RunTime:0.000400s ]
INFO: [ app_begin ] --START--
INFO: Run Behavior\ReadHtmlCacheBehavior [ RunTime:0.000757s ]
INFO: [ app_begin ] --END-- [ RunTime:0.000801s ]
SQL: SHOW COLUMNS FROM `sjy_origanization_user_info` [ RunTime:0.0477s ]
SQL: SELECT * FROM `sjy_origanization_user_info` WHERE `sjy_id` = 79 LIMIT 1   [ RunTime:0.0466s ]
SQL: SHOW COLUMNS FROM `sjy_project` [ RunTime:0.0520s ]
SQL: SELECT * FROM `sjy_project` WHERE `origanization_id` = 24 AND `status` BETWEEN 0 AND 99 LIMIT 1   [ RunTime:0.0434s ]
SQL: SHOW COLUMNS FROM `sjy_cities` [ RunTime:0.0476s ]
SQL: SELECT `city` FROM `sjy_cities` WHERE `cityid` = 110000 LIMIT 1   [ RunTime:0.0460s ]
NOTIC: [8] Undefined variable: islogin C:\xampp\htdocs\shejuyi\Application\Home\Controller\BaseController.class.php 第 118 行.
INFO: [ view_parse ] --START--
INFO: [ template_filter ] --START--
INFO: Run Behavior\ContentReplaceBehavior [ RunTime:0.000320s ]
INFO: [ template_filter ] --END-- [ RunTime:0.000408s ]
INFO: Run Behavior\ParseTemplateBehavior [ RunTime:0.048357s ]
INFO: [ view_parse ] --END-- [ RunTime:0.048432s ]
INFO: [ view_filter ] --START--
INFO: Run Behavior\WriteHtmlCacheBehavior [ RunTime:0.000512s ]
INFO: [ view_filter ] --END-- [ RunTime:0.000543s ]
INFO: [ app_end ] --START--
INFO: Run Behavior\ShowPageTraceBehavior [ RunTime:0.000748s ]
INFO: [ app_end ] --END-- [ RunTime:0.000788s ]

[ 2018-04-13T18:13:47+08:00 ] 127.0.0.1 /index.php/Home/Home/getCommunityInfo?id=30
INFO: [ app_init ] --START--
INFO: Run Behavior\BuildLiteBehavior [ RunTime:0.000013s ]
INFO: [ app_init ] --END-- [ RunTime:0.000505s ]
INFO: [ app_begin ] --START--
INFO: Run Behavior\ReadHtmlCacheBehavior [ RunTime:0.000737s ]
INFO: [ app_begin ] --END-- [ RunTime:0.000789s ]
SQL: SHOW COLUMNS FROM `sjy_origanization_user_info` [ RunTime:0.0483s ]
SQL: SELECT * FROM `sjy_origanization_user_info` WHERE `sjy_id` = 79 LIMIT 1   [ RunTime:0.0483s ]
SQL: SHOW COLUMNS FROM `sjy_project` [ RunTime:0.0471s ]
SQL: SELECT * FROM `sjy_project` WHERE `origanization_id` = 24 AND `status` BETWEEN 0 AND 99 LIMIT 1   [ RunTime:0.0464s ]
SQL: SHOW COLUMNS FROM `sjy_cities` [ RunTime:0.0485s ]
SQL: SELECT `city` FROM `sjy_cities` WHERE `cityid` = 110000 LIMIT 1   [ RunTime:0.0405s ]
NOTIC: [8] Undefined variable: islogin C:\xampp\htdocs\shejuyi\Application\Home\Controller\BaseController.class.php 第 118 行.
SQL: SHOW COLUMNS FROM `sjy_community_base_info` [ RunTime:0.0466s ]
SQL: SELECT * FROM `sjy_community_base_info` WHERE `sjy_id` = 30 LIMIT 1   [ RunTime:0.0465s ]
SQL: SHOW COLUMNS FROM `sjy_community_position_info` [ RunTime:0.0480s ]
SQL: SELECT * FROM `sjy_community_position_info` WHERE `sjy_community_id` = '30' LIMIT 1   [ RunTime:0.0472s ]
SQL: SHOW COLUMNS FROM `sjy_community_images` [ RunTime:0.0477s ]
SQL: SELECT `sjy_community_images` FROM `sjy_community_images` WHERE `sjy_community_code` = '30' LIMIT 1   [ RunTime:0.0465s ]

[ 2018-04-13T18:13:51+08:00 ] 127.0.0.1 /index.php/Home/Project/communityTenderProject?community_code=30
INFO: [ app_init ] --START--
INFO: Run Behavior\BuildLiteBehavior [ RunTime:0.000011s ]
INFO: [ app_init ] --END-- [ RunTime:0.000345s ]
INFO: [ app_begin ] --START--
INFO: Run Behavior\ReadHtmlCacheBehavior [ RunTime:0.000533s ]
INFO: [ app_begin ] --END-- [ RunTime:0.000569s ]
SQL: SHOW COLUMNS FROM `sjy_origanization_user_info` [ RunTime:0.0485s ]
SQL: SELECT * FROM `sjy_origanization_user_info` WHERE `sjy_id` = 79 LIMIT 1   [ RunTime:0.0449s ]
SQL: SHOW COLUMNS FROM `sjy_project` [ RunTime:0.0470s ]
SQL: SELECT * FROM `sjy_project` WHERE `origanization_id` = 24 AND `status` BETWEEN 0 AND 99 LIMIT 1   [ RunTime:0.0457s ]
SQL: SHOW COLUMNS FROM `sjy_cities` [ RunTime:0.0470s ]
SQL: SELECT `city` FROM `sjy_cities` WHERE `cityid` = 110000 LIMIT 1   [ RunTime:0.0462s ]
NOTIC: [8] Undefined variable: islogin C:\xampp\htdocs\shejuyi\Application\Home\Controller\BaseController.class.php 第 118 行.
SQL: SHOW COLUMNS FROM `sjy_community_project_info` [ RunTime:0.0425s ]
SQL: SELECT * FROM `sjy_community_project_info` WHERE `sjy_community_project_status` = 0 AND `sjy_community_project_collect_start_time` < '2018-04-13' AND `sjy_community_project_start_time` > '2018-04-13' LIMIT 0,15   [ RunTime:0.0386s ]
SQL: SHOW COLUMNS FROM `sjy_community_project_image` [ RunTime:0.0446s ]
SQL: SELECT * FROM `sjy_community_project_image` WHERE `sjy_community_project_id` = 42 LIMIT 1   [ RunTime:0.0391s ]
SQL: SELECT COUNT(*) AS tp_count FROM `sjy_project` WHERE `community_id` = 30 AND `project_id` = 42 AND `status` = 1 LIMIT 1   [ RunTime:0.0448s ]
SQL: SELECT * FROM `sjy_community_project_image` WHERE `sjy_community_project_id` = 44 LIMIT 1   [ RunTime:0.0470s ]
SQL: SELECT COUNT(*) AS tp_count FROM `sjy_project` WHERE `community_id` = 30 AND `project_id` = 44 AND `status` = 1 LIMIT 1   [ RunTime:0.0475s ]
SQL: SELECT * FROM `sjy_community_project_image` WHERE `sjy_community_project_id` = 45 LIMIT 1   [ RunTime:0.0469s ]
SQL: SELECT COUNT(*) AS tp_count FROM `sjy_project` WHERE `community_id` = 30 AND `project_id` = 45 AND `status` = 1 LIMIT 1   [ RunTime:0.0467s ]
SQL: SELECT * FROM `sjy_community_project_image` WHERE `sjy_community_project_id` = 46 LIMIT 1   [ RunTime:0.0460s ]
SQL: SELECT COUNT(*) AS tp_count FROM `sjy_project` WHERE `community_id` = 30 AND `project_id` = 46 AND `status` = 1 LIMIT 1   [ RunTime:0.0466s ]
SQL: SELECT * FROM `sjy_community_project_image` WHERE `sjy_community_project_id` = 47 LIMIT 1   [ RunTime:0.0462s ]
SQL: SELECT COUNT(*) AS tp_count FROM `sjy_project` WHERE `community_id` = 30 AND `project_id` = 47 AND `status` = 1 LIMIT 1   [ RunTime:0.0454s ]
SQL: SELECT * FROM `sjy_community_project_image` WHERE `sjy_community_project_id` = 50 LIMIT 1   [ RunTime:0.0460s ]
SQL: SELECT COUNT(*) AS tp_count FROM `sjy_project` WHERE `community_id` = 30 AND `project_id` = 50 AND `status` = 1 LIMIT 1   [ RunTime:0.0458s ]
SQL: SELECT * FROM `sjy_community_project_image` WHERE `sjy_community_project_id` = 51 LIMIT 1   [ RunTime:0.0387s ]
SQL: SELECT COUNT(*) AS tp_count FROM `sjy_project` WHERE `community_id` = 30 AND `project_id` = 51 AND `status` = 1 LIMIT 1   [ RunTime:0.0416s ]
SQL: SELECT COUNT(*) AS tp_count FROM `sjy_community_project_info` LIMIT 1   [ RunTime:0.0469s ]

[ 2018-04-13T18:13:51+08:00 ] 127.0.0.1 /index.php/Home/Project/communityIngProject?community_code=30
INFO: [ app_init ] --START--
INFO: Run Behavior\BuildLiteBehavior [ RunTime:0.000014s ]
INFO: [ app_init ] --END-- [ RunTime:0.000360s ]
INFO: [ app_begin ] --START--
INFO: Run Behavior\ReadHtmlCacheBehavior [ RunTime:0.000572s ]
INFO: [ app_begin ] --END-- [ RunTime:0.000614s ]
SQL: SHOW COLUMNS FROM `sjy_origanization_user_info` [ RunTime:0.0471s ]
SQL: SELECT * FROM `sjy_origanization_user_info` WHERE `sjy_id` = 79 LIMIT 1   [ RunTime:0.0453s ]
SQL: SHOW COLUMNS FROM `sjy_project` [ RunTime:0.0399s ]
SQL: SELECT * FROM `sjy_project` WHERE `origanization_id` = 24 AND `status` BETWEEN 0 AND 99 LIMIT 1   [ RunTime:0.0434s ]
SQL: SHOW COLUMNS FROM `sjy_cities` [ RunTime:0.0477s ]
SQL: SELECT `city` FROM `sjy_cities` WHERE `cityid` = 110000 LIMIT 1   [ RunTime:0.0454s ]
NOTIC: [8] Undefined variable: islogin C:\xampp\htdocs\shejuyi\Application\Home\Controller\BaseController.class.php 第 118 行.
SQL: SELECT * FROM `sjy_project` WHERE `community_id` = 30 AND `status` BETWEEN 10 AND 99 ORDER BY project_start_time desc  [ RunTime:0.0472s ]

[ 2018-04-13T18:13:52+08:00 ] 127.0.0.1 /index.php/Home/Home/displayCommunityHome/id/null
INFO: [ app_init ] --START--
INFO: Run Behavior\BuildLiteBehavior [ RunTime:0.000013s ]
INFO: [ app_init ] --END-- [ RunTime:0.000602s ]
INFO: [ app_begin ] --START--
INFO: Run Behavior\ReadHtmlCacheBehavior [ RunTime:0.000547s ]
INFO: [ app_begin ] --END-- [ RunTime:0.000590s ]
SQL: SHOW COLUMNS FROM `sjy_origanization_user_info` [ RunTime:0.0473s ]
SQL: SELECT * FROM `sjy_origanization_user_info` WHERE `sjy_id` = 79 LIMIT 1   [ RunTime:0.0472s ]
SQL: SHOW COLUMNS FROM `sjy_project` [ RunTime:0.0488s ]
SQL: SELECT * FROM `sjy_project` WHERE `origanization_id` = 24 AND `status` BETWEEN 0 AND 99 LIMIT 1   [ RunTime:0.0439s ]
SQL: SHOW COLUMNS FROM `sjy_cities` [ RunTime:0.0469s ]
SQL: SELECT `city` FROM `sjy_cities` WHERE `cityid` = 110000 LIMIT 1   [ RunTime:0.0389s ]
NOTIC: [8] Undefined variable: islogin C:\xampp\htdocs\shejuyi\Application\Home\Controller\BaseController.class.php 第 118 行.
INFO: [ view_parse ] --START--
INFO: [ template_filter ] --START--
INFO: Run Behavior\ContentReplaceBehavior [ RunTime:0.000318s ]
INFO: [ template_filter ] --END-- [ RunTime:0.000406s ]
INFO: Run Behavior\ParseTemplateBehavior [ RunTime:0.043610s ]
INFO: [ view_parse ] --END-- [ RunTime:0.043686s ]
INFO: [ view_filter ] --START--
INFO: Run Behavior\WriteHtmlCacheBehavior [ RunTime:0.000395s ]
INFO: [ view_filter ] --END-- [ RunTime:0.000426s ]
INFO: [ app_end ] --START--
INFO: Run Behavior\ShowPageTraceBehavior [ RunTime:0.000551s ]
INFO: [ app_end ] --END-- [ RunTime:0.000586s ]

[ 2018-04-13T18:13:53+08:00 ] 127.0.0.1 /index.php/Home/Project/communityCompleteProject?community_code=30
INFO: [ app_init ] --START--
INFO: Run Behavior\BuildLiteBehavior [ RunTime:0.000013s ]
INFO: [ app_init ] --END-- [ RunTime:0.000442s ]
INFO: [ app_begin ] --START--
INFO: Run Behavior\ReadHtmlCacheBehavior [ RunTime:0.000963s ]
INFO: [ app_begin ] --END-- [ RunTime:0.001044s ]
SQL: SHOW COLUMNS FROM `sjy_origanization_user_info` [ RunTime:0.0505s ]
SQL: SELECT * FROM `sjy_origanization_user_info` WHERE `sjy_id` = 79 LIMIT 1   [ RunTime:0.0490s ]
SQL: SHOW COLUMNS FROM `sjy_project` [ RunTime:0.0490s ]
SQL: SELECT * FROM `sjy_project` WHERE `origanization_id` = 24 AND `status` BETWEEN 0 AND 99 LIMIT 1   [ RunTime:0.0468s ]
SQL: SHOW COLUMNS FROM `sjy_cities` [ RunTime:0.0400s ]
SQL: SELECT `city` FROM `sjy_cities` WHERE `cityid` = 110000 LIMIT 1   [ RunTime:0.0480s ]
NOTIC: [8] Undefined variable: islogin C:\xampp\htdocs\shejuyi\Application\Home\Controller\BaseController.class.php 第 118 行.
SQL: SELECT * FROM `sjy_project` WHERE `community_id` = 30 AND `status` = 100 ORDER BY project_start_time desc  [ RunTime:0.0401s ]
SQL: SHOW COLUMNS FROM `sjy_community_project_info` [ RunTime:0.0500s ]
SQL: SELECT * FROM `sjy_community_project_info` WHERE `sjy_id` = 43 LIMIT 1   [ RunTime:0.0455s ]
SQL: SHOW COLUMNS FROM `sjy_community_project_image` [ RunTime:0.0453s ]
SQL: SELECT * FROM `sjy_community_project_image` WHERE `sjy_community_project_id` = 43 LIMIT 1   [ RunTime:0.0464s ]
SQL: SELECT * FROM `sjy_community_project_info` WHERE `sjy_id` = 41 LIMIT 1   [ RunTime:0.0465s ]
SQL: SELECT * FROM `sjy_community_project_image` WHERE `sjy_community_project_id` = 41 LIMIT 1   [ RunTime:0.0461s ]

[ 2018-04-13T18:13:53+08:00 ] 127.0.0.1 /index.php/Home/Home/displayCommunityHome/id/null
INFO: [ app_init ] --START--
INFO: Run Behavior\BuildLiteBehavior [ RunTime:0.000013s ]
INFO: [ app_init ] --END-- [ RunTime:0.000402s ]
INFO: [ app_begin ] --START--
INFO: Run Behavior\ReadHtmlCacheBehavior [ RunTime:0.000645s ]
INFO: [ app_begin ] --END-- [ RunTime:0.000696s ]
SQL: SHOW COLUMNS FROM `sjy_origanization_user_info` [ RunTime:0.0474s ]
SQL: SELECT * FROM `sjy_origanization_user_info` WHERE `sjy_id` = 79 LIMIT 1   [ RunTime:0.0459s ]
SQL: SHOW COLUMNS FROM `sjy_project` [ RunTime:0.0391s ]
SQL: SELECT * FROM `sjy_project` WHERE `origanization_id` = 24 AND `status` BETWEEN 0 AND 99 LIMIT 1   [ RunTime:0.0431s ]
SQL: SHOW COLUMNS FROM `sjy_cities` [ RunTime:0.0399s ]
SQL: SELECT `city` FROM `sjy_cities` WHERE `cityid` = 110000 LIMIT 1   [ RunTime:0.0448s ]
NOTIC: [8] Undefined variable: islogin C:\xampp\htdocs\shejuyi\Application\Home\Controller\BaseController.class.php 第 118 行.
INFO: [ view_parse ] --START--
INFO: [ template_filter ] --START--
INFO: Run Behavior\ContentReplaceBehavior [ RunTime:0.000320s ]
INFO: [ template_filter ] --END-- [ RunTime:0.000410s ]
INFO: Run Behavior\ParseTemplateBehavior [ RunTime:0.054470s ]
INFO: [ view_parse ] --END-- [ RunTime:0.054547s ]
INFO: [ view_filter ] --START--
INFO: Run Behavior\WriteHtmlCacheBehavior [ RunTime:0.000530s ]
INFO: [ view_filter ] --END-- [ RunTime:0.000563s ]
INFO: [ app_end ] --START--
INFO: Run Behavior\ShowPageTraceBehavior [ RunTime:0.000676s ]
INFO: [ app_end ] --END-- [ RunTime:0.000711s ]

[ 2018-04-13T18:13:55+08:00 ] 127.0.0.1 /index.php/Home/Project/getCommunityProject/id/42
INFO: [ app_init ] --START--
INFO: Run Behavior\BuildLiteBehavior [ RunTime:0.000013s ]
INFO: [ app_init ] --END-- [ RunTime:0.000356s ]
INFO: [ app_begin ] --START--
INFO: Run Behavior\ReadHtmlCacheBehavior [ RunTime:0.000560s ]
INFO: [ app_begin ] --END-- [ RunTime:0.000600s ]
SQL: SHOW COLUMNS FROM `sjy_origanization_user_info` [ RunTime:0.0455s ]
SQL: SELECT * FROM `sjy_origanization_user_info` WHERE `sjy_id` = 79 LIMIT 1   [ RunTime:0.0393s ]
SQL: SHOW COLUMNS FROM `sjy_project` [ RunTime:0.0402s ]
SQL: SELECT * FROM `sjy_project` WHERE `origanization_id` = 24 AND `status` BETWEEN 0 AND 99 LIMIT 1   [ RunTime:0.0451s ]
SQL: SHOW COLUMNS FROM `sjy_cities` [ RunTime:0.0471s ]
SQL: SELECT `city` FROM `sjy_cities` WHERE `cityid` = 110000 LIMIT 1   [ RunTime:0.0461s ]
NOTIC: [8] Undefined variable: islogin C:\xampp\htdocs\shejuyi\Application\Home\Controller\BaseController.class.php 第 118 行.
SQL: SHOW COLUMNS FROM `sjy_community_project_info` [ RunTime:0.0448s ]
SQL: SELECT * FROM `sjy_community_project_info` WHERE `sjy_id` = 42 LIMIT 1   [ RunTime:0.0464s ]
SQL: SHOW COLUMNS FROM `sjy_community_position_info` [ RunTime:0.0469s ]
SQL: SELECT * FROM `sjy_community_position_info` WHERE `sjy_community_id` = '30' LIMIT 1   [ RunTime:0.0465s ]
SQL: SHOW COLUMNS FROM `sjy_community_project_image` [ RunTime:0.0462s ]
SQL: SELECT * FROM `sjy_community_project_image` WHERE `sjy_community_project_id` = 42  [ RunTime:0.0462s ]

