[ 2018-04-11T11:12:47+08:00 ] 127.0.0.1 /index.php/Home/Project/intentOriganization/id/43
INFO: [ app_init ] --START--
INFO: Run Behavior\BuildLiteBehavior [ RunTime:0.000012s ]
INFO: [ app_init ] --END-- [ RunTime:0.000472s ]
INFO: [ app_begin ] --START--
INFO: Run Behavior\ReadHtmlCacheBehavior [ RunTime:0.000731s ]
INFO: [ app_begin ] --END-- [ RunTime:0.000769s ]
SQL: SHOW COLUMNS FROM `sjy_community_user_info` [ RunTime:0.0444s ]
SQL: SELECT * FROM `sjy_community_user_info` WHERE `sjy_id` = 57 LIMIT 1   [ RunTime:0.0449s ]
SQL: SHOW COLUMNS FROM `sjy_project` [ RunTime:0.0390s ]
SQL: SELECT * FROM `sjy_project` WHERE `community_id` = 30 AND `status` BETWEEN 1 AND 99 LIMIT 1   [ RunTime:0.0461s ]
SQL: SHOW COLUMNS FROM `sjy_cities` [ RunTime:0.0457s ]
SQL: SELECT `city` FROM `sjy_cities` WHERE `cityid` = 110000 LIMIT 1   [ RunTime:0.0470s ]
NOTIC: [8] Undefined variable: islogin C:\xampp\htdocs\shejuyi\Application\Home\Controller\BaseController.class.php 第 118 行.
SQL: SELECT * FROM `sjy_project` WHERE `community_id` = 30 AND `project_id` = 43 AND `status` = 1 LIMIT 0,15   [ RunTime:0.0453s ]
SQL: SHOW COLUMNS FROM `sjy_origanization_base_info` [ RunTime:0.0391s ]
SQL: SELECT * FROM `sjy_origanization_base_info` WHERE `sjy_id` = 24 LIMIT 1   [ RunTime:0.0451s ]
SQL: SELECT COUNT(*) AS tp_count FROM `sjy_project` WHERE `community_id` = 30 AND `project_id` = 43 AND `status` = 1 LIMIT 1   [ RunTime:0.0487s ]

[ 2018-04-11T11:12:49+08:00 ] 127.0.0.1 /index.php/Home/Project/projectBookList/origanization_id/24/project_id/43
INFO: [ app_init ] --START--
INFO: Run Behavior\BuildLiteBehavior [ RunTime:0.000009s ]
INFO: [ app_init ] --END-- [ RunTime:0.000309s ]
INFO: [ app_begin ] --START--
INFO: Run Behavior\ReadHtmlCacheBehavior [ RunTime:0.000694s ]
INFO: [ app_begin ] --END-- [ RunTime:0.000766s ]
SQL: SHOW COLUMNS FROM `sjy_community_user_info` [ RunTime:0.0461s ]
SQL: SELECT * FROM `sjy_community_user_info` WHERE `sjy_id` = 57 LIMIT 1   [ RunTime:0.0462s ]
SQL: SHOW COLUMNS FROM `sjy_project` [ RunTime:0.0491s ]
SQL: SELECT * FROM `sjy_project` WHERE `community_id` = 30 AND `status` BETWEEN 1 AND 99 LIMIT 1   [ RunTime:0.0391s ]
SQL: SHOW COLUMNS FROM `sjy_cities` [ RunTime:0.0429s ]
SQL: SELECT `city` FROM `sjy_cities` WHERE `cityid` = 110000 LIMIT 1   [ RunTime:0.0468s ]
NOTIC: [8] Undefined variable: islogin C:\xampp\htdocs\shejuyi\Application\Home\Controller\BaseController.class.php 第 118 行.
SQL: SHOW COLUMNS FROM `sjy_project_book` [ RunTime:0.0471s ]
SQL: SELECT * FROM `sjy_project_book` WHERE `sjy_project_id` = 43 AND `sjy_origanization_id` = 24 AND `sjy_community_id` = '30' LIMIT 0,15   [ RunTime:0.0489s ]
SQL: SELECT COUNT(*) AS tp_count FROM `sjy_project_book` WHERE `sjy_project_id` = 43 AND `sjy_origanization_id` = 24 AND `sjy_community_id` = '30' LIMIT 1   [ RunTime:0.0462s ]

[ 2018-04-11T11:18:33+08:00 ] 127.0.0.1 /index.php/Home/Project/communityProjectManger
INFO: [ app_init ] --START--
INFO: Run Behavior\BuildLiteBehavior [ RunTime:0.000012s ]
INFO: [ app_init ] --END-- [ RunTime:0.000418s ]
INFO: [ app_begin ] --START--
INFO: Run Behavior\ReadHtmlCacheBehavior [ RunTime:0.000918s ]
INFO: [ app_begin ] --END-- [ RunTime:0.000976s ]
SQL: SHOW COLUMNS FROM `sjy_community_user_info` [ RunTime:0.0480s ]
SQL: SELECT * FROM `sjy_community_user_info` WHERE `sjy_id` = 57 LIMIT 1   [ RunTime:0.0476s ]
SQL: SHOW COLUMNS FROM `sjy_project` [ RunTime:0.0441s ]
SQL: SELECT * FROM `sjy_project` WHERE `community_id` = 30 AND `status` BETWEEN 1 AND 99 LIMIT 1   [ RunTime:0.0468s ]
SQL: SHOW COLUMNS FROM `sjy_cities` [ RunTime:0.0392s ]
SQL: SELECT `city` FROM `sjy_cities` WHERE `cityid` = 110000 LIMIT 1   [ RunTime:0.0450s ]
NOTIC: [8] Undefined variable: islogin C:\xampp\htdocs\shejuyi\Application\Home\Controller\BaseController.class.php 第 118 行.
SQL: SELECT COUNT(*) AS tp_count FROM `sjy_project` WHERE `community_id` = 30 AND `status` = 1 LIMIT 1   [ RunTime:0.0389s ]
SQL: SELECT COUNT(*) AS tp_count FROM `sjy_project` WHERE `community_id` = 30 AND `status` = 2 LIMIT 1   [ RunTime:0.0443s ]
SQL: SELECT COUNT(*) AS tp_count FROM `sjy_project` WHERE `community_id` = 30 AND `status` BETWEEN 10 AND 98 LIMIT 1   [ RunTime:0.0422s ]
SQL: SELECT COUNT(*) AS tp_count FROM `sjy_project` WHERE `community_id` = 30 AND `status` = 99 LIMIT 1   [ RunTime:0.0411s ]
INFO: [ view_parse ] --START--
INFO: [ template_filter ] --START--
INFO: Run Behavior\ContentReplaceBehavior [ RunTime:0.000634s ]
INFO: [ template_filter ] --END-- [ RunTime:0.000724s ]
INFO: Run Behavior\ParseTemplateBehavior [ RunTime:0.058816s ]
INFO: [ view_parse ] --END-- [ RunTime:0.058894s ]
INFO: [ view_filter ] --START--
INFO: Run Behavior\WriteHtmlCacheBehavior [ RunTime:0.000549s ]
INFO: [ view_filter ] --END-- [ RunTime:0.000582s ]
INFO: [ app_end ] --START--
INFO: Run Behavior\ShowPageTraceBehavior [ RunTime:0.000699s ]
INFO: [ app_end ] --END-- [ RunTime:0.000740s ]

[ 2018-04-11T11:18:34+08:00 ] 127.0.0.1 /index.php/Home/Project/communityProjectManger
INFO: [ app_init ] --START--
INFO: Run Behavior\BuildLiteBehavior [ RunTime:0.000011s ]
INFO: [ app_init ] --END-- [ RunTime:0.000461s ]
INFO: [ app_begin ] --START--
INFO: Run Behavior\ReadHtmlCacheBehavior [ RunTime:0.000974s ]
INFO: [ app_begin ] --END-- [ RunTime:0.001029s ]
SQL: SHOW COLUMNS FROM `sjy_community_user_info` [ RunTime:0.0393s ]
SQL: SELECT * FROM `sjy_community_user_info` WHERE `sjy_id` = 57 LIMIT 1   [ RunTime:0.0475s ]
SQL: SHOW COLUMNS FROM `sjy_project` [ RunTime:0.0394s ]
SQL: SELECT * FROM `sjy_project` WHERE `community_id` = 30 AND `status` BETWEEN 1 AND 99 LIMIT 1   [ RunTime:0.0446s ]
SQL: SHOW COLUMNS FROM `sjy_cities` [ RunTime:0.0405s ]
SQL: SELECT `city` FROM `sjy_cities` WHERE `cityid` = 110000 LIMIT 1   [ RunTime:0.0436s ]
NOTIC: [8] Undefined variable: islogin C:\xampp\htdocs\shejuyi\Application\Home\Controller\BaseController.class.php 第 118 行.
SQL: SELECT COUNT(*) AS tp_count FROM `sjy_project` WHERE `community_id` = 30 AND `status` = 1 LIMIT 1   [ RunTime:0.0459s ]
SQL: SELECT COUNT(*) AS tp_count FROM `sjy_project` WHERE `community_id` = 30 AND `status` = 2 LIMIT 1   [ RunTime:0.0463s ]
SQL: SELECT COUNT(*) AS tp_count FROM `sjy_project` WHERE `community_id` = 30 AND `status` BETWEEN 10 AND 98 LIMIT 1   [ RunTime:0.0467s ]
SQL: SELECT COUNT(*) AS tp_count FROM `sjy_project` WHERE `community_id` = 30 AND `status` = 99 LIMIT 1   [ RunTime:0.0391s ]
INFO: [ view_parse ] --START--
INFO: [ template_filter ] --START--
INFO: Run Behavior\ContentReplaceBehavior [ RunTime:0.000288s ]
INFO: [ template_filter ] --END-- [ RunTime:0.000330s ]
INFO: Run Behavior\ParseTemplateBehavior [ RunTime:0.040974s ]
INFO: [ view_parse ] --END-- [ RunTime:0.041032s ]
INFO: [ view_filter ] --START--
INFO: Run Behavior\WriteHtmlCacheBehavior [ RunTime:0.000518s ]
INFO: [ view_filter ] --END-- [ RunTime:0.000550s ]
INFO: [ app_end ] --START--
INFO: Run Behavior\ShowPageTraceBehavior [ RunTime:0.000729s ]
INFO: [ app_end ] --END-- [ RunTime:0.000771s ]

[ 2018-04-11T11:18:34+08:00 ] 127.0.0.1 /index.php/Home/Project/waitOriganizationStart
INFO: [ app_init ] --START--
INFO: Run Behavior\BuildLiteBehavior [ RunTime:0.000012s ]
INFO: [ app_init ] --END-- [ RunTime:0.000417s ]
INFO: [ app_begin ] --START--
INFO: Run Behavior\ReadHtmlCacheBehavior [ RunTime:0.000786s ]
INFO: [ app_begin ] --END-- [ RunTime:0.000829s ]
SQL: SHOW COLUMNS FROM `sjy_community_user_info` [ RunTime:0.0399s ]
SQL: SELECT * FROM `sjy_community_user_info` WHERE `sjy_id` = 57 LIMIT 1   [ RunTime:0.0402s ]
SQL: SHOW COLUMNS FROM `sjy_project` [ RunTime:0.0440s ]
SQL: SELECT * FROM `sjy_project` WHERE `community_id` = 30 AND `status` BETWEEN 1 AND 99 LIMIT 1   [ RunTime:0.0438s ]
SQL: SHOW COLUMNS FROM `sjy_cities` [ RunTime:0.0500s ]
SQL: SELECT `city` FROM `sjy_cities` WHERE `cityid` = 110000 LIMIT 1   [ RunTime:0.0397s ]
NOTIC: [8] Undefined variable: islogin C:\xampp\htdocs\shejuyi\Application\Home\Controller\BaseController.class.php 第 118 行.
SQL: SELECT * FROM `sjy_project` WHERE `community_id` = 30 AND `status` = 2  [ RunTime:0.0433s ]

[ 2018-04-11T11:18:35+08:00 ] 127.0.0.1 /index.php/Home/Project/communityTenderProject
INFO: [ app_init ] --START--
INFO: Run Behavior\BuildLiteBehavior [ RunTime:0.000011s ]
INFO: [ app_init ] --END-- [ RunTime:0.000396s ]
INFO: [ app_begin ] --START--
INFO: Run Behavior\ReadHtmlCacheBehavior [ RunTime:0.000782s ]
INFO: [ app_begin ] --END-- [ RunTime:0.000837s ]
SQL: SHOW COLUMNS FROM `sjy_community_user_info` [ RunTime:0.0499s ]
SQL: SELECT * FROM `sjy_community_user_info` WHERE `sjy_id` = 57 LIMIT 1   [ RunTime:0.0464s ]
SQL: SHOW COLUMNS FROM `sjy_project` [ RunTime:0.0424s ]
SQL: SELECT * FROM `sjy_project` WHERE `community_id` = 30 AND `status` BETWEEN 1 AND 99 LIMIT 1   [ RunTime:0.0398s ]
SQL: SHOW COLUMNS FROM `sjy_cities` [ RunTime:0.0459s ]
SQL: SELECT `city` FROM `sjy_cities` WHERE `cityid` = 110000 LIMIT 1   [ RunTime:0.0460s ]
NOTIC: [8] Undefined variable: islogin C:\xampp\htdocs\shejuyi\Application\Home\Controller\BaseController.class.php 第 118 行.
SQL: SHOW COLUMNS FROM `sjy_community_project_info` [ RunTime:0.0458s ]
SQL: SELECT * FROM `sjy_community_project_info` WHERE `sjy_community_project_status` = 0 AND `sjy_community_project_collect_start_time` < '2018-04-11' AND `sjy_community_project_start_time` > '2018-04-11' LIMIT 0,15   [ RunTime:0.0426s ]
SQL: SHOW COLUMNS FROM `sjy_community_project_image` [ RunTime:0.0475s ]
SQL: SELECT * FROM `sjy_community_project_image` WHERE `sjy_community_project_id` = 42 LIMIT 1   [ RunTime:0.0478s ]
SQL: SELECT COUNT(*) AS tp_count FROM `sjy_project` WHERE `community_id` = 30 AND `project_id` = 42 AND `status` = 1 LIMIT 1   [ RunTime:0.0376s ]
SQL: SELECT * FROM `sjy_community_project_image` WHERE `sjy_community_project_id` = 43 LIMIT 1   [ RunTime:0.0474s ]
SQL: SELECT COUNT(*) AS tp_count FROM `sjy_project` WHERE `community_id` = 30 AND `project_id` = 43 AND `status` = 1 LIMIT 1   [ RunTime:0.0381s ]
SQL: SELECT * FROM `sjy_community_project_image` WHERE `sjy_community_project_id` = 44 LIMIT 1   [ RunTime:0.0423s ]
SQL: SELECT COUNT(*) AS tp_count FROM `sjy_project` WHERE `community_id` = 30 AND `project_id` = 44 AND `status` = 1 LIMIT 1   [ RunTime:0.0389s ]
SQL: SELECT * FROM `sjy_community_project_image` WHERE `sjy_community_project_id` = 45 LIMIT 1   [ RunTime:0.0399s ]
SQL: SELECT COUNT(*) AS tp_count FROM `sjy_project` WHERE `community_id` = 30 AND `project_id` = 45 AND `status` = 1 LIMIT 1   [ RunTime:0.0457s ]
SQL: SELECT * FROM `sjy_community_project_image` WHERE `sjy_community_project_id` = 46 LIMIT 1   [ RunTime:0.0461s ]
SQL: SELECT COUNT(*) AS tp_count FROM `sjy_project` WHERE `community_id` = 30 AND `project_id` = 46 AND `status` = 1 LIMIT 1   [ RunTime:0.0445s ]
SQL: SELECT COUNT(*) AS tp_count FROM `sjy_community_project_info` LIMIT 1   [ RunTime:0.0484s ]

[ 2018-04-11T11:23:39+08:00 ] 127.0.0.1 /index.php/Home/Project/communityProjectManger
INFO: [ app_init ] --START--
INFO: Run Behavior\BuildLiteBehavior [ RunTime:0.000011s ]
INFO: [ app_init ] --END-- [ RunTime:0.000397s ]
INFO: [ app_begin ] --START--
INFO: Run Behavior\ReadHtmlCacheBehavior [ RunTime:0.000722s ]
INFO: [ app_begin ] --END-- [ RunTime:0.000766s ]
SQL: SHOW COLUMNS FROM `sjy_community_user_info` [ RunTime:0.0393s ]
SQL: SELECT * FROM `sjy_community_user_info` WHERE `sjy_id` = 57 LIMIT 1   [ RunTime:0.0459s ]
SQL: SHOW COLUMNS FROM `sjy_project` [ RunTime:0.0442s ]
SQL: SELECT * FROM `sjy_project` WHERE `community_id` = 30 AND `status` BETWEEN 1 AND 99 LIMIT 1   [ RunTime:0.0391s ]
SQL: SHOW COLUMNS FROM `sjy_cities` [ RunTime:0.0399s ]
SQL: SELECT `city` FROM `sjy_cities` WHERE `cityid` = 110000 LIMIT 1   [ RunTime:0.0394s ]
NOTIC: [8] Undefined variable: islogin C:\xampp\htdocs\shejuyi\Application\Home\Controller\BaseController.class.php 第 118 行.
SQL: SELECT COUNT(*) AS tp_count FROM `sjy_project` WHERE `community_id` = 30 AND `status` = 1 LIMIT 1   [ RunTime:0.0388s ]
SQL: SELECT COUNT(*) AS tp_count FROM `sjy_project` WHERE `community_id` = 30 AND `status` = 2 LIMIT 1   [ RunTime:0.0391s ]
SQL: SELECT COUNT(*) AS tp_count FROM `sjy_project` WHERE `community_id` = 30 AND `status` BETWEEN 10 AND 98 LIMIT 1   [ RunTime:0.0412s ]
SQL: SELECT COUNT(*) AS tp_count FROM `sjy_project` WHERE `community_id` = 30 AND `status` = 99 LIMIT 1   [ RunTime:0.0440s ]
INFO: [ view_parse ] --START--
INFO: [ template_filter ] --START--
INFO: Run Behavior\ContentReplaceBehavior [ RunTime:0.000309s ]
INFO: [ template_filter ] --END-- [ RunTime:0.000360s ]
INFO: Run Behavior\ParseTemplateBehavior [ RunTime:0.086155s ]
INFO: [ view_parse ] --END-- [ RunTime:0.086217s ]
INFO: [ view_filter ] --START--
INFO: Run Behavior\WriteHtmlCacheBehavior [ RunTime:0.000520s ]
INFO: [ view_filter ] --END-- [ RunTime:0.000552s ]
INFO: [ app_end ] --START--
INFO: Run Behavior\ShowPageTraceBehavior [ RunTime:0.001054s ]
INFO: [ app_end ] --END-- [ RunTime:0.001126s ]

[ 2018-04-11T11:23:40+08:00 ] 127.0.0.1 /index.php/Home/Project/communityProjectManger
INFO: [ app_init ] --START--
INFO: Run Behavior\BuildLiteBehavior [ RunTime:0.000014s ]
INFO: [ app_init ] --END-- [ RunTime:0.000564s ]
INFO: [ app_begin ] --START--
INFO: Run Behavior\ReadHtmlCacheBehavior [ RunTime:0.001952s ]
INFO: [ app_begin ] --END-- [ RunTime:0.002015s ]
SQL: SHOW COLUMNS FROM `sjy_community_user_info` [ RunTime:0.0409s ]
SQL: SELECT * FROM `sjy_community_user_info` WHERE `sjy_id` = 57 LIMIT 1   [ RunTime:0.0415s ]
SQL: SHOW COLUMNS FROM `sjy_project` [ RunTime:0.0468s ]
SQL: SELECT * FROM `sjy_project` WHERE `community_id` = 30 AND `status` BETWEEN 1 AND 99 LIMIT 1   [ RunTime:0.0437s ]
SQL: SHOW COLUMNS FROM `sjy_cities` [ RunTime:0.0431s ]
SQL: SELECT `city` FROM `sjy_cities` WHERE `cityid` = 110000 LIMIT 1   [ RunTime:0.0435s ]
NOTIC: [8] Undefined variable: islogin C:\xampp\htdocs\shejuyi\Application\Home\Controller\BaseController.class.php 第 118 行.
SQL: SELECT COUNT(*) AS tp_count FROM `sjy_project` WHERE `community_id` = 30 AND `status` = 1 LIMIT 1   [ RunTime:0.0436s ]
SQL: SELECT COUNT(*) AS tp_count FROM `sjy_project` WHERE `community_id` = 30 AND `status` = 2 LIMIT 1   [ RunTime:0.0467s ]
SQL: SELECT COUNT(*) AS tp_count FROM `sjy_project` WHERE `community_id` = 30 AND `status` BETWEEN 10 AND 98 LIMIT 1   [ RunTime:0.0439s ]
SQL: SELECT COUNT(*) AS tp_count FROM `sjy_project` WHERE `community_id` = 30 AND `status` = 99 LIMIT 1   [ RunTime:0.0443s ]
INFO: [ view_parse ] --START--
INFO: [ template_filter ] --START--
INFO: Run Behavior\ContentReplaceBehavior [ RunTime:0.000301s ]
INFO: [ template_filter ] --END-- [ RunTime:0.000352s ]
INFO: Run Behavior\ParseTemplateBehavior [ RunTime:0.067073s ]
INFO: [ view_parse ] --END-- [ RunTime:0.067156s ]
INFO: [ view_filter ] --START--
INFO: Run Behavior\WriteHtmlCacheBehavior [ RunTime:0.000543s ]
INFO: [ view_filter ] --END-- [ RunTime:0.000576s ]
INFO: [ app_end ] --START--
INFO: Run Behavior\ShowPageTraceBehavior [ RunTime:0.001531s ]
INFO: [ app_end ] --END-- [ RunTime:0.001628s ]

[ 2018-04-11T11:23:41+08:00 ] 127.0.0.1 /index.php/Home/Project/communityTenderProject
INFO: [ app_init ] --START--
INFO: Run Behavior\BuildLiteBehavior [ RunTime:0.000012s ]
INFO: [ app_init ] --END-- [ RunTime:0.000403s ]
INFO: [ app_begin ] --START--
INFO: Run Behavior\ReadHtmlCacheBehavior [ RunTime:0.000860s ]
INFO: [ app_begin ] --END-- [ RunTime:0.000917s ]
SQL: SHOW COLUMNS FROM `sjy_community_user_info` [ RunTime:0.0457s ]
SQL: SELECT * FROM `sjy_community_user_info` WHERE `sjy_id` = 57 LIMIT 1   [ RunTime:0.0404s ]
SQL: SHOW COLUMNS FROM `sjy_project` [ RunTime:0.0500s ]
SQL: SELECT * FROM `sjy_project` WHERE `community_id` = 30 AND `status` BETWEEN 1 AND 99 LIMIT 1   [ RunTime:0.0402s ]
SQL: SHOW COLUMNS FROM `sjy_cities` [ RunTime:0.0487s ]
SQL: SELECT `city` FROM `sjy_cities` WHERE `cityid` = 110000 LIMIT 1   [ RunTime:0.0417s ]
NOTIC: [8] Undefined variable: islogin C:\xampp\htdocs\shejuyi\Application\Home\Controller\BaseController.class.php 第 118 行.
SQL: SHOW COLUMNS FROM `sjy_community_project_info` [ RunTime:0.0418s ]
SQL: SELECT * FROM `sjy_community_project_info` WHERE `sjy_community_project_status` = 0 AND `sjy_community_project_collect_start_time` < '2018-04-11' AND `sjy_community_project_start_time` > '2018-04-11' LIMIT 0,15   [ RunTime:0.0436s ]
SQL: SHOW COLUMNS FROM `sjy_community_project_image` [ RunTime:0.0399s ]
SQL: SELECT * FROM `sjy_community_project_image` WHERE `sjy_community_project_id` = 42 LIMIT 1   [ RunTime:0.0400s ]
SQL: SELECT COUNT(*) AS tp_count FROM `sjy_project` WHERE `community_id` = 30 AND `project_id` = 42 AND `status` = 1 LIMIT 1   [ RunTime:0.0412s ]
SQL: SELECT * FROM `sjy_community_project_image` WHERE `sjy_community_project_id` = 43 LIMIT 1   [ RunTime:0.0401s ]
SQL: SELECT COUNT(*) AS tp_count FROM `sjy_project` WHERE `community_id` = 30 AND `project_id` = 43 AND `status` = 1 LIMIT 1   [ RunTime:0.0493s ]
SQL: SELECT * FROM `sjy_community_project_image` WHERE `sjy_community_project_id` = 44 LIMIT 1   [ RunTime:0.0497s ]
SQL: SELECT COUNT(*) AS tp_count FROM `sjy_project` WHERE `community_id` = 30 AND `project_id` = 44 AND `status` = 1 LIMIT 1   [ RunTime:0.0485s ]
SQL: SELECT * FROM `sjy_community_project_image` WHERE `sjy_community_project_id` = 45 LIMIT 1   [ RunTime:0.0426s ]
SQL: SELECT COUNT(*) AS tp_count FROM `sjy_project` WHERE `community_id` = 30 AND `project_id` = 45 AND `status` = 1 LIMIT 1   [ RunTime:0.0500s ]
SQL: SELECT * FROM `sjy_community_project_image` WHERE `sjy_community_project_id` = 46 LIMIT 1   [ RunTime:0.0480s ]
SQL: SELECT COUNT(*) AS tp_count FROM `sjy_project` WHERE `community_id` = 30 AND `project_id` = 46 AND `status` = 1 LIMIT 1   [ RunTime:0.0497s ]
SQL: SELECT COUNT(*) AS tp_count FROM `sjy_community_project_info` LIMIT 1   [ RunTime:0.0476s ]

[ 2018-04-11T11:23:43+08:00 ] 127.0.0.1 /index.php/Home/Project/intentOriganization/id/43
INFO: [ app_init ] --START--
INFO: Run Behavior\BuildLiteBehavior [ RunTime:0.000011s ]
INFO: [ app_init ] --END-- [ RunTime:0.000346s ]
INFO: [ app_begin ] --START--
INFO: Run Behavior\ReadHtmlCacheBehavior [ RunTime:0.000546s ]
INFO: [ app_begin ] --END-- [ RunTime:0.000583s ]
SQL: SHOW COLUMNS FROM `sjy_community_user_info` [ RunTime:0.0457s ]
SQL: SELECT * FROM `sjy_community_user_info` WHERE `sjy_id` = 57 LIMIT 1   [ RunTime:0.0470s ]
SQL: SHOW COLUMNS FROM `sjy_project` [ RunTime:0.0481s ]
SQL: SELECT * FROM `sjy_project` WHERE `community_id` = 30 AND `status` BETWEEN 1 AND 99 LIMIT 1   [ RunTime:0.0417s ]
SQL: SHOW COLUMNS FROM `sjy_cities` [ RunTime:0.0424s ]
SQL: SELECT `city` FROM `sjy_cities` WHERE `cityid` = 110000 LIMIT 1   [ RunTime:0.0433s ]
NOTIC: [8] Undefined variable: islogin C:\xampp\htdocs\shejuyi\Application\Home\Controller\BaseController.class.php 第 118 行.
SQL: SELECT * FROM `sjy_project` WHERE `community_id` = 30 AND `project_id` = 43 AND `status` = 1 LIMIT 0,15   [ RunTime:0.0492s ]
SQL: SHOW COLUMNS FROM `sjy_origanization_base_info` [ RunTime:0.0417s ]
SQL: SELECT * FROM `sjy_origanization_base_info` WHERE `sjy_id` = 24 LIMIT 1   [ RunTime:0.0460s ]
SQL: SELECT COUNT(*) AS tp_count FROM `sjy_project` WHERE `community_id` = 30 AND `project_id` = 43 AND `status` = 1 LIMIT 1   [ RunTime:0.0407s ]

[ 2018-04-11T11:23:48+08:00 ] 127.0.0.1 /index.php/Home/Project/agreeProject
INFO: [ app_init ] --START--
INFO: Run Behavior\BuildLiteBehavior [ RunTime:0.000012s ]
INFO: [ app_init ] --END-- [ RunTime:0.000362s ]
INFO: [ app_begin ] --START--
INFO: Run Behavior\ReadHtmlCacheBehavior [ RunTime:0.000620s ]
INFO: [ app_begin ] --END-- [ RunTime:0.000662s ]
SQL: SHOW COLUMNS FROM `sjy_community_user_info` [ RunTime:0.0383s ]
SQL: SELECT * FROM `sjy_community_user_info` WHERE `sjy_id` = 57 LIMIT 1   [ RunTime:0.0399s ]
SQL: SHOW COLUMNS FROM `sjy_project` [ RunTime:0.0382s ]
SQL: SELECT * FROM `sjy_project` WHERE `community_id` = 30 AND `status` BETWEEN 1 AND 99 LIMIT 1   [ RunTime:0.0433s ]
SQL: SHOW COLUMNS FROM `sjy_cities` [ RunTime:0.0436s ]
SQL: SELECT `city` FROM `sjy_cities` WHERE `cityid` = 110000 LIMIT 1   [ RunTime:0.0420s ]
NOTIC: [8] Undefined variable: islogin C:\xampp\htdocs\shejuyi\Application\Home\Controller\BaseController.class.php 第 118 行.
SQL: UPDATE `sjy_project` SET `status`='2',`community_agreen_project_start_time`='2018-04-11 11:23:48',`community_agreen_project_start_people_id`='57',`community_agreen_project_start_people`='高学婷' WHERE `project_id` = 43 AND `community_id` = 30 AND `origanization_id` = 24 AND `status` = 1 [ RunTime:0.0452s ]
SQL: SHOW COLUMNS FROM `sjy_origanization_base_info` [ RunTime:0.0377s ]
SQL: SELECT `sjy_origanization_name` FROM `sjy_origanization_base_info` WHERE `sjy_id` = 24 LIMIT 1   [ RunTime:0.0381s ]
SQL: SHOW COLUMNS FROM `sjy_community_project_info` [ RunTime:0.0396s ]
SQL: UPDATE `sjy_community_project_info` SET `sjy_community_project_status`='1',`sjy_community_project_origanization`='24',`sjy_community_project_origanization_name`='北京市通州区启明星机构' WHERE `sjy_id` = 43 [ RunTime:0.0460s ]

[ 2018-04-11T11:23:49+08:00 ] 127.0.0.1 /index.php/Home/Project/waitOriganizationStart
INFO: [ app_init ] --START--
INFO: Run Behavior\BuildLiteBehavior [ RunTime:0.000011s ]
INFO: [ app_init ] --END-- [ RunTime:0.000350s ]
INFO: [ app_begin ] --START--
INFO: Run Behavior\ReadHtmlCacheBehavior [ RunTime:0.000558s ]
INFO: [ app_begin ] --END-- [ RunTime:0.000604s ]
SQL: SHOW COLUMNS FROM `sjy_community_user_info` [ RunTime:0.0406s ]
SQL: SELECT * FROM `sjy_community_user_info` WHERE `sjy_id` = 57 LIMIT 1   [ RunTime:0.0449s ]
SQL: SHOW COLUMNS FROM `sjy_project` [ RunTime:0.0460s ]
SQL: SELECT * FROM `sjy_project` WHERE `community_id` = 30 AND `status` BETWEEN 1 AND 99 LIMIT 1   [ RunTime:0.0397s ]
SQL: SHOW COLUMNS FROM `sjy_cities` [ RunTime:0.0480s ]
SQL: SELECT `city` FROM `sjy_cities` WHERE `cityid` = 110000 LIMIT 1   [ RunTime:0.0397s ]
NOTIC: [8] Undefined variable: islogin C:\xampp\htdocs\shejuyi\Application\Home\Controller\BaseController.class.php 第 118 行.
SQL: SELECT * FROM `sjy_project` WHERE `community_id` = 30 AND `status` = 2  [ RunTime:0.0405s ]
SQL: SHOW COLUMNS FROM `sjy_community_project_info` [ RunTime:0.0494s ]
SQL: SELECT * FROM `sjy_community_project_info` WHERE `sjy_id` = 43 LIMIT 1   [ RunTime:0.0503s ]

[ 2018-04-11T11:23:50+08:00 ] 127.0.0.1 /index.php/Home/Project/communityProjectManger
INFO: [ app_init ] --START--
INFO: Run Behavior\BuildLiteBehavior [ RunTime:0.000013s ]
INFO: [ app_init ] --END-- [ RunTime:0.000349s ]
INFO: [ app_begin ] --START--
INFO: Run Behavior\ReadHtmlCacheBehavior [ RunTime:0.000745s ]
INFO: [ app_begin ] --END-- [ RunTime:0.000798s ]
SQL: SHOW COLUMNS FROM `sjy_community_user_info` [ RunTime:0.0410s ]
SQL: SELECT * FROM `sjy_community_user_info` WHERE `sjy_id` = 57 LIMIT 1   [ RunTime:0.0424s ]
SQL: SHOW COLUMNS FROM `sjy_project` [ RunTime:0.0390s ]
SQL: SELECT * FROM `sjy_project` WHERE `community_id` = 30 AND `status` BETWEEN 1 AND 99 LIMIT 1   [ RunTime:0.0466s ]
SQL: SHOW COLUMNS FROM `sjy_cities` [ RunTime:0.0381s ]
SQL: SELECT `city` FROM `sjy_cities` WHERE `cityid` = 110000 LIMIT 1   [ RunTime:0.0437s ]
NOTIC: [8] Undefined variable: islogin C:\xampp\htdocs\shejuyi\Application\Home\Controller\BaseController.class.php 第 118 行.
SQL: SELECT COUNT(*) AS tp_count FROM `sjy_project` WHERE `community_id` = 30 AND `status` = 1 LIMIT 1   [ RunTime:0.0418s ]
SQL: SELECT COUNT(*) AS tp_count FROM `sjy_project` WHERE `community_id` = 30 AND `status` = 2 LIMIT 1   [ RunTime:0.0376s ]
SQL: SELECT COUNT(*) AS tp_count FROM `sjy_project` WHERE `community_id` = 30 AND `status` BETWEEN 10 AND 98 LIMIT 1   [ RunTime:0.0451s ]
SQL: SELECT COUNT(*) AS tp_count FROM `sjy_project` WHERE `community_id` = 30 AND `status` = 99 LIMIT 1   [ RunTime:0.0383s ]
INFO: [ view_parse ] --START--
INFO: [ template_filter ] --START--
INFO: Run Behavior\ContentReplaceBehavior [ RunTime:0.000339s ]
INFO: [ template_filter ] --END-- [ RunTime:0.000386s ]
INFO: Run Behavior\ParseTemplateBehavior [ RunTime:0.045085s ]
INFO: [ view_parse ] --END-- [ RunTime:0.045137s ]
INFO: [ view_filter ] --START--
INFO: Run Behavior\WriteHtmlCacheBehavior [ RunTime:0.000526s ]
INFO: [ view_filter ] --END-- [ RunTime:0.000559s ]
INFO: [ app_end ] --START--
INFO: Run Behavior\ShowPageTraceBehavior [ RunTime:0.000732s ]
INFO: [ app_end ] --END-- [ RunTime:0.000783s ]

[ 2018-04-11T11:23:51+08:00 ] 127.0.0.1 /index.php/Home/Project/communityTenderProject
INFO: [ app_init ] --START--
INFO: Run Behavior\BuildLiteBehavior [ RunTime:0.000011s ]
INFO: [ app_init ] --END-- [ RunTime:0.000355s ]
INFO: [ app_begin ] --START--
INFO: Run Behavior\ReadHtmlCacheBehavior [ RunTime:0.000559s ]
INFO: [ app_begin ] --END-- [ RunTime:0.000601s ]
SQL: SHOW COLUMNS FROM `sjy_community_user_info` [ RunTime:0.0401s ]
SQL: SELECT * FROM `sjy_community_user_info` WHERE `sjy_id` = 57 LIMIT 1   [ RunTime:0.0398s ]
SQL: SHOW COLUMNS FROM `sjy_project` [ RunTime:0.0432s ]
SQL: SELECT * FROM `sjy_project` WHERE `community_id` = 30 AND `status` BETWEEN 1 AND 99 LIMIT 1   [ RunTime:0.0421s ]
SQL: SHOW COLUMNS FROM `sjy_cities` [ RunTime:0.0408s ]
SQL: SELECT `city` FROM `sjy_cities` WHERE `cityid` = 110000 LIMIT 1   [ RunTime:0.0387s ]
NOTIC: [8] Undefined variable: islogin C:\xampp\htdocs\shejuyi\Application\Home\Controller\BaseController.class.php 第 118 行.
SQL: SHOW COLUMNS FROM `sjy_community_project_info` [ RunTime:0.0415s ]
SQL: SELECT * FROM `sjy_community_project_info` WHERE `sjy_community_project_status` = 0 AND `sjy_community_project_collect_start_time` < '2018-04-11' AND `sjy_community_project_start_time` > '2018-04-11' LIMIT 0,15   [ RunTime:0.0402s ]
SQL: SHOW COLUMNS FROM `sjy_community_project_image` [ RunTime:0.0402s ]
SQL: SELECT * FROM `sjy_community_project_image` WHERE `sjy_community_project_id` = 42 LIMIT 1   [ RunTime:0.0492s ]
SQL: SELECT COUNT(*) AS tp_count FROM `sjy_project` WHERE `community_id` = 30 AND `project_id` = 42 AND `status` = 1 LIMIT 1   [ RunTime:0.0494s ]
SQL: SELECT * FROM `sjy_community_project_image` WHERE `sjy_community_project_id` = 44 LIMIT 1   [ RunTime:0.0389s ]
SQL: SELECT COUNT(*) AS tp_count FROM `sjy_project` WHERE `community_id` = 30 AND `project_id` = 44 AND `status` = 1 LIMIT 1   [ RunTime:0.0392s ]
SQL: SELECT * FROM `sjy_community_project_image` WHERE `sjy_community_project_id` = 45 LIMIT 1   [ RunTime:0.0391s ]
SQL: SELECT COUNT(*) AS tp_count FROM `sjy_project` WHERE `community_id` = 30 AND `project_id` = 45 AND `status` = 1 LIMIT 1   [ RunTime:0.0499s ]
SQL: SELECT * FROM `sjy_community_project_image` WHERE `sjy_community_project_id` = 46 LIMIT 1   [ RunTime:0.0392s ]
SQL: SELECT COUNT(*) AS tp_count FROM `sjy_project` WHERE `community_id` = 30 AND `project_id` = 46 AND `status` = 1 LIMIT 1   [ RunTime:0.0396s ]
SQL: SELECT COUNT(*) AS tp_count FROM `sjy_community_project_info` LIMIT 1   [ RunTime:0.0398s ]

[ 2018-04-11T11:24:26+08:00 ] 127.0.0.1 /index.php/Home/Project/communityProjectManger
INFO: [ app_init ] --START--
INFO: Run Behavior\BuildLiteBehavior [ RunTime:0.000014s ]
INFO: [ app_init ] --END-- [ RunTime:0.000424s ]
INFO: [ app_begin ] --START--
INFO: Run Behavior\ReadHtmlCacheBehavior [ RunTime:0.001232s ]
INFO: [ app_begin ] --END-- [ RunTime:0.001301s ]
SQL: SHOW COLUMNS FROM `sjy_community_user_info` [ RunTime:0.0452s ]
SQL: SELECT * FROM `sjy_community_user_info` WHERE `sjy_id` = 57 LIMIT 1   [ RunTime:0.0384s ]
SQL: SHOW COLUMNS FROM `sjy_project` [ RunTime:0.0375s ]
SQL: SELECT * FROM `sjy_project` WHERE `community_id` = 30 AND `status` BETWEEN 1 AND 99 LIMIT 1   [ RunTime:0.0468s ]
SQL: SHOW COLUMNS FROM `sjy_cities` [ RunTime:0.0370s ]
SQL: SELECT `city` FROM `sjy_cities` WHERE `cityid` = 110000 LIMIT 1   [ RunTime:0.0552s ]
NOTIC: [8] Undefined variable: islogin C:\xampp\htdocs\shejuyi\Application\Home\Controller\BaseController.class.php 第 118 行.
SQL: SELECT COUNT(*) AS tp_count FROM `sjy_project` WHERE `community_id` = 30 AND `status` = 1 LIMIT 1   [ RunTime:0.0447s ]
SQL: SELECT COUNT(*) AS tp_count FROM `sjy_project` WHERE `community_id` = 30 AND `status` = 2 LIMIT 1   [ RunTime:0.0365s ]
SQL: SELECT COUNT(*) AS tp_count FROM `sjy_project` WHERE `community_id` = 30 AND `status` BETWEEN 10 AND 98 LIMIT 1   [ RunTime:0.0442s ]
SQL: SELECT COUNT(*) AS tp_count FROM `sjy_project` WHERE `community_id` = 30 AND `status` = 99 LIMIT 1   [ RunTime:0.0368s ]
INFO: [ view_parse ] --START--
INFO: [ template_filter ] --START--
INFO: Run Behavior\ContentReplaceBehavior [ RunTime:0.000303s ]
INFO: [ template_filter ] --END-- [ RunTime:0.000353s ]
INFO: Run Behavior\ParseTemplateBehavior [ RunTime:0.042898s ]
INFO: [ view_parse ] --END-- [ RunTime:0.042954s ]
INFO: [ view_filter ] --START--
INFO: Run Behavior\WriteHtmlCacheBehavior [ RunTime:0.000427s ]
INFO: [ view_filter ] --END-- [ RunTime:0.000460s ]
INFO: [ app_end ] --START--
INFO: Run Behavior\ShowPageTraceBehavior [ RunTime:0.000593s ]
INFO: [ app_end ] --END-- [ RunTime:0.000639s ]

[ 2018-04-11T11:24:27+08:00 ] 127.0.0.1 /index.php/Home/Project/communityProjectManger
INFO: [ app_init ] --START--
INFO: Run Behavior\BuildLiteBehavior [ RunTime:0.000010s ]
INFO: [ app_init ] --END-- [ RunTime:0.000345s ]
INFO: [ app_begin ] --START--
INFO: Run Behavior\ReadHtmlCacheBehavior [ RunTime:0.000630s ]
INFO: [ app_begin ] --END-- [ RunTime:0.000685s ]
SQL: SHOW COLUMNS FROM `sjy_community_user_info` [ RunTime:0.0371s ]
SQL: SELECT * FROM `sjy_community_user_info` WHERE `sjy_id` = 57 LIMIT 1   [ RunTime:0.0443s ]
SQL: SHOW COLUMNS FROM `sjy_project` [ RunTime:0.0422s ]
SQL: SELECT * FROM `sjy_project` WHERE `community_id` = 30 AND `status` BETWEEN 1 AND 99 LIMIT 1   [ RunTime:0.0374s ]
SQL: SHOW COLUMNS FROM `sjy_cities` [ RunTime:0.0408s ]
SQL: SELECT `city` FROM `sjy_cities` WHERE `cityid` = 110000 LIMIT 1   [ RunTime:0.0445s ]
NOTIC: [8] Undefined variable: islogin C:\xampp\htdocs\shejuyi\Application\Home\Controller\BaseController.class.php 第 118 行.
SQL: SELECT COUNT(*) AS tp_count FROM `sjy_project` WHERE `community_id` = 30 AND `status` = 1 LIMIT 1   [ RunTime:0.0385s ]
SQL: SELECT COUNT(*) AS tp_count FROM `sjy_project` WHERE `community_id` = 30 AND `status` = 2 LIMIT 1   [ RunTime:0.0447s ]
SQL: SELECT COUNT(*) AS tp_count FROM `sjy_project` WHERE `community_id` = 30 AND `status` BETWEEN 10 AND 98 LIMIT 1   [ RunTime:0.0390s ]
SQL: SELECT COUNT(*) AS tp_count FROM `sjy_project` WHERE `community_id` = 30 AND `status` = 99 LIMIT 1   [ RunTime:0.0384s ]
INFO: [ view_parse ] --START--
INFO: [ template_filter ] --START--
INFO: Run Behavior\ContentReplaceBehavior [ RunTime:0.000300s ]
INFO: [ template_filter ] --END-- [ RunTime:0.000351s ]
INFO: Run Behavior\ParseTemplateBehavior [ RunTime:0.053404s ]
INFO: [ view_parse ] --END-- [ RunTime:0.053464s ]
INFO: [ view_filter ] --START--
INFO: Run Behavior\WriteHtmlCacheBehavior [ RunTime:0.000521s ]
INFO: [ view_filter ] --END-- [ RunTime:0.000554s ]
INFO: [ app_end ] --START--
INFO: Run Behavior\ShowPageTraceBehavior [ RunTime:0.001169s ]
INFO: [ app_end ] --END-- [ RunTime:0.001519s ]

[ 2018-04-11T11:24:28+08:00 ] 127.0.0.1 /index.php/Home/Project/communityTenderProject
INFO: [ app_init ] --START--
INFO: Run Behavior\BuildLiteBehavior [ RunTime:0.000014s ]
INFO: [ app_init ] --END-- [ RunTime:0.000434s ]
INFO: [ app_begin ] --START--
INFO: Run Behavior\ReadHtmlCacheBehavior [ RunTime:0.000743s ]
INFO: [ app_begin ] --END-- [ RunTime:0.000790s ]
SQL: SHOW COLUMNS FROM `sjy_community_user_info` [ RunTime:0.0491s ]
SQL: SELECT * FROM `sjy_community_user_info` WHERE `sjy_id` = 57 LIMIT 1   [ RunTime:0.0435s ]
SQL: SHOW COLUMNS FROM `sjy_project` [ RunTime:0.0394s ]
SQL: SELECT * FROM `sjy_project` WHERE `community_id` = 30 AND `status` BETWEEN 1 AND 99 LIMIT 1   [ RunTime:0.0450s ]
SQL: SHOW COLUMNS FROM `sjy_cities` [ RunTime:0.0385s ]
SQL: SELECT `city` FROM `sjy_cities` WHERE `cityid` = 110000 LIMIT 1   [ RunTime:0.0466s ]
NOTIC: [8] Undefined variable: islogin C:\xampp\htdocs\shejuyi\Application\Home\Controller\BaseController.class.php 第 118 行.
SQL: SHOW COLUMNS FROM `sjy_community_project_info` [ RunTime:0.0495s ]
SQL: SELECT * FROM `sjy_community_project_info` WHERE `sjy_community_project_status` = 0 AND `sjy_community_project_collect_start_time` < '2018-04-11' AND `sjy_community_project_start_time` > '2018-04-11' LIMIT 0,15   [ RunTime:0.0388s ]
SQL: SHOW COLUMNS FROM `sjy_community_project_image` [ RunTime:0.0430s ]
SQL: SELECT * FROM `sjy_community_project_image` WHERE `sjy_community_project_id` = 42 LIMIT 1   [ RunTime:0.0398s ]
SQL: SELECT COUNT(*) AS tp_count FROM `sjy_project` WHERE `community_id` = 30 AND `project_id` = 42 AND `status` = 1 LIMIT 1   [ RunTime:0.0388s ]
SQL: SELECT * FROM `sjy_community_project_image` WHERE `sjy_community_project_id` = 44 LIMIT 1   [ RunTime:0.0469s ]
SQL: SELECT COUNT(*) AS tp_count FROM `sjy_project` WHERE `community_id` = 30 AND `project_id` = 44 AND `status` = 1 LIMIT 1   [ RunTime:0.0457s ]
SQL: SELECT * FROM `sjy_community_project_image` WHERE `sjy_community_project_id` = 45 LIMIT 1   [ RunTime:0.0392s ]
SQL: SELECT COUNT(*) AS tp_count FROM `sjy_project` WHERE `community_id` = 30 AND `project_id` = 45 AND `status` = 1 LIMIT 1   [ RunTime:0.0395s ]
SQL: SELECT * FROM `sjy_community_project_image` WHERE `sjy_community_project_id` = 46 LIMIT 1   [ RunTime:0.0429s ]
SQL: SELECT COUNT(*) AS tp_count FROM `sjy_project` WHERE `community_id` = 30 AND `project_id` = 46 AND `status` = 1 LIMIT 1   [ RunTime:0.0407s ]
SQL: SELECT COUNT(*) AS tp_count FROM `sjy_community_project_info` LIMIT 1   [ RunTime:0.0418s ]

[ 2018-04-11T11:24:39+08:00 ] 127.0.0.1 /index.php/Home/Project/communityProjectManger
INFO: [ app_init ] --START--
INFO: Run Behavior\BuildLiteBehavior [ RunTime:0.000011s ]
INFO: [ app_init ] --END-- [ RunTime:0.000359s ]
INFO: [ app_begin ] --START--
INFO: Run Behavior\ReadHtmlCacheBehavior [ RunTime:0.000550s ]
INFO: [ app_begin ] --END-- [ RunTime:0.000594s ]
SQL: SHOW COLUMNS FROM `sjy_community_user_info` [ RunTime:0.0382s ]
SQL: SELECT * FROM `sjy_community_user_info` WHERE `sjy_id` = 57 LIMIT 1   [ RunTime:0.0395s ]
SQL: SHOW COLUMNS FROM `sjy_project` [ RunTime:0.0450s ]
SQL: SELECT * FROM `sjy_project` WHERE `community_id` = 30 AND `status` BETWEEN 1 AND 99 LIMIT 1   [ RunTime:0.0643s ]
SQL: SHOW COLUMNS FROM `sjy_cities` [ RunTime:0.0389s ]
SQL: SELECT `city` FROM `sjy_cities` WHERE `cityid` = 110000 LIMIT 1   [ RunTime:0.0510s ]
NOTIC: [8] Undefined variable: islogin C:\xampp\htdocs\shejuyi\Application\Home\Controller\BaseController.class.php 第 118 行.
SQL: SELECT COUNT(*) AS tp_count FROM `sjy_project` WHERE `community_id` = 30 AND `status` = 1 LIMIT 1   [ RunTime:0.0430s ]
SQL: SELECT COUNT(*) AS tp_count FROM `sjy_project` WHERE `community_id` = 30 AND `status` = 2 LIMIT 1   [ RunTime:0.0448s ]
SQL: SELECT COUNT(*) AS tp_count FROM `sjy_project` WHERE `community_id` = 30 AND `status` BETWEEN 10 AND 98 LIMIT 1   [ RunTime:0.0408s ]
SQL: SELECT COUNT(*) AS tp_count FROM `sjy_project` WHERE `community_id` = 30 AND `status` = 99 LIMIT 1   [ RunTime:0.0418s ]
INFO: [ view_parse ] --START--
INFO: [ template_filter ] --START--
INFO: Run Behavior\ContentReplaceBehavior [ RunTime:0.000303s ]
INFO: [ template_filter ] --END-- [ RunTime:0.000351s ]
INFO: Run Behavior\ParseTemplateBehavior [ RunTime:0.045575s ]
INFO: [ view_parse ] --END-- [ RunTime:0.045634s ]
INFO: [ view_filter ] --START--
INFO: Run Behavior\WriteHtmlCacheBehavior [ RunTime:0.000530s ]
INFO: [ view_filter ] --END-- [ RunTime:0.000564s ]
INFO: [ app_end ] --START--
INFO: Run Behavior\ShowPageTraceBehavior [ RunTime:0.000836s ]
INFO: [ app_end ] --END-- [ RunTime:0.000883s ]

[ 2018-04-11T11:24:40+08:00 ] 127.0.0.1 /index.php/Home/Project/communityProjectManger
INFO: [ app_init ] --START--
INFO: Run Behavior\BuildLiteBehavior [ RunTime:0.000010s ]
INFO: [ app_init ] --END-- [ RunTime:0.000340s ]
INFO: [ app_begin ] --START--
INFO: Run Behavior\ReadHtmlCacheBehavior [ RunTime:0.000727s ]
INFO: [ app_begin ] --END-- [ RunTime:0.000774s ]
SQL: SHOW COLUMNS FROM `sjy_community_user_info` [ RunTime:0.0441s ]
SQL: SELECT * FROM `sjy_community_user_info` WHERE `sjy_id` = 57 LIMIT 1   [ RunTime:0.0404s ]
SQL: SHOW COLUMNS FROM `sjy_project` [ RunTime:0.0380s ]
SQL: SELECT * FROM `sjy_project` WHERE `community_id` = 30 AND `status` BETWEEN 1 AND 99 LIMIT 1   [ RunTime:0.0373s ]
SQL: SHOW COLUMNS FROM `sjy_cities` [ RunTime:0.0461s ]
SQL: SELECT `city` FROM `sjy_cities` WHERE `cityid` = 110000 LIMIT 1   [ RunTime:0.0441s ]
NOTIC: [8] Undefined variable: islogin C:\xampp\htdocs\shejuyi\Application\Home\Controller\BaseController.class.php 第 118 行.
SQL: SELECT COUNT(*) AS tp_count FROM `sjy_project` WHERE `community_id` = 30 AND `status` = 1 LIMIT 1   [ RunTime:0.0379s ]
SQL: SELECT COUNT(*) AS tp_count FROM `sjy_project` WHERE `community_id` = 30 AND `status` = 2 LIMIT 1   [ RunTime:0.0467s ]
SQL: SELECT COUNT(*) AS tp_count FROM `sjy_project` WHERE `community_id` = 30 AND `status` BETWEEN 10 AND 98 LIMIT 1   [ RunTime:0.0368s ]
SQL: SELECT COUNT(*) AS tp_count FROM `sjy_project` WHERE `community_id` = 30 AND `status` = 99 LIMIT 1   [ RunTime:0.0391s ]
INFO: [ view_parse ] --START--
INFO: [ template_filter ] --START--
INFO: Run Behavior\ContentReplaceBehavior [ RunTime:0.000315s ]
INFO: [ template_filter ] --END-- [ RunTime:0.000366s ]
INFO: Run Behavior\ParseTemplateBehavior [ RunTime:0.044975s ]
INFO: [ view_parse ] --END-- [ RunTime:0.045050s ]
INFO: [ view_filter ] --START--
INFO: Run Behavior\WriteHtmlCacheBehavior [ RunTime:0.000560s ]
INFO: [ view_filter ] --END-- [ RunTime:0.000598s ]
INFO: [ app_end ] --START--
INFO: Run Behavior\ShowPageTraceBehavior [ RunTime:0.000735s ]
INFO: [ app_end ] --END-- [ RunTime:0.000784s ]

[ 2018-04-11T11:24:41+08:00 ] 127.0.0.1 /index.php/Home/Project/communityTenderProject
INFO: [ app_init ] --START--
INFO: Run Behavior\BuildLiteBehavior [ RunTime:0.000013s ]
INFO: [ app_init ] --END-- [ RunTime:0.000363s ]
INFO: [ app_begin ] --START--
INFO: Run Behavior\ReadHtmlCacheBehavior [ RunTime:0.000574s ]
INFO: [ app_begin ] --END-- [ RunTime:0.000621s ]
SQL: SHOW COLUMNS FROM `sjy_community_user_info` [ RunTime:0.0444s ]
SQL: SELECT * FROM `sjy_community_user_info` WHERE `sjy_id` = 57 LIMIT 1   [ RunTime:0.0482s ]
SQL: SHOW COLUMNS FROM `sjy_project` [ RunTime:0.0407s ]
SQL: SELECT * FROM `sjy_project` WHERE `community_id` = 30 AND `status` BETWEEN 1 AND 99 LIMIT 1   [ RunTime:0.0411s ]
SQL: SHOW COLUMNS FROM `sjy_cities` [ RunTime:0.0474s ]
SQL: SELECT `city` FROM `sjy_cities` WHERE `cityid` = 110000 LIMIT 1   [ RunTime:0.0388s ]
NOTIC: [8] Undefined variable: islogin C:\xampp\htdocs\shejuyi\Application\Home\Controller\BaseController.class.php 第 118 行.
SQL: SHOW COLUMNS FROM `sjy_community_project_info` [ RunTime:0.0475s ]
SQL: SELECT * FROM `sjy_community_project_info` WHERE `sjy_community_project_status` = 0 AND `sjy_community_project_collect_start_time` < '2018-04-11' AND `sjy_community_project_start_time` > '2018-04-11' LIMIT 0,15   [ RunTime:0.0454s ]
SQL: SHOW COLUMNS FROM `sjy_community_project_image` [ RunTime:0.0474s ]
SQL: SELECT * FROM `sjy_community_project_image` WHERE `sjy_community_project_id` = 42 LIMIT 1   [ RunTime:0.0446s ]
SQL: SELECT COUNT(*) AS tp_count FROM `sjy_project` WHERE `community_id` = 30 AND `project_id` = 42 AND `status` = 1 LIMIT 1   [ RunTime:0.0494s ]
SQL: SELECT * FROM `sjy_community_project_image` WHERE `sjy_community_project_id` = 44 LIMIT 1   [ RunTime:0.0433s ]
SQL: SELECT COUNT(*) AS tp_count FROM `sjy_project` WHERE `community_id` = 30 AND `project_id` = 44 AND `status` = 1 LIMIT 1   [ RunTime:0.0422s ]
SQL: SELECT * FROM `sjy_community_project_image` WHERE `sjy_community_project_id` = 45 LIMIT 1   [ RunTime:0.0392s ]
SQL: SELECT COUNT(*) AS tp_count FROM `sjy_project` WHERE `community_id` = 30 AND `project_id` = 45 AND `status` = 1 LIMIT 1   [ RunTime:0.0471s ]
SQL: SELECT * FROM `sjy_community_project_image` WHERE `sjy_community_project_id` = 46 LIMIT 1   [ RunTime:0.0427s ]
SQL: SELECT COUNT(*) AS tp_count FROM `sjy_project` WHERE `community_id` = 30 AND `project_id` = 46 AND `status` = 1 LIMIT 1   [ RunTime:0.0408s ]
SQL: SELECT COUNT(*) AS tp_count FROM `sjy_community_project_info` LIMIT 1   [ RunTime:0.0463s ]

[ 2018-04-11T11:24:53+08:00 ] 127.0.0.1 /index.php/Home/Project/communityProjectManger
INFO: [ app_init ] --START--
INFO: Run Behavior\BuildLiteBehavior [ RunTime:0.000024s ]
INFO: [ app_init ] --END-- [ RunTime:0.000774s ]
INFO: [ app_begin ] --START--
INFO: Run Behavior\ReadHtmlCacheBehavior [ RunTime:0.001168s ]
INFO: [ app_begin ] --END-- [ RunTime:0.001257s ]
SQL: SHOW COLUMNS FROM `sjy_community_user_info` [ RunTime:0.0489s ]
SQL: SELECT * FROM `sjy_community_user_info` WHERE `sjy_id` = 57 LIMIT 1   [ RunTime:0.0380s ]
SQL: SHOW COLUMNS FROM `sjy_project` [ RunTime:0.0469s ]
SQL: SELECT * FROM `sjy_project` WHERE `community_id` = 30 AND `status` BETWEEN 1 AND 99 LIMIT 1   [ RunTime:0.0421s ]
SQL: SHOW COLUMNS FROM `sjy_cities` [ RunTime:0.0389s ]
SQL: SELECT `city` FROM `sjy_cities` WHERE `cityid` = 110000 LIMIT 1   [ RunTime:0.0401s ]
NOTIC: [8] Undefined variable: islogin C:\xampp\htdocs\shejuyi\Application\Home\Controller\BaseController.class.php 第 118 行.
SQL: SELECT COUNT(*) AS tp_count FROM `sjy_project` WHERE `community_id` = 30 AND `status` = 1 LIMIT 1   [ RunTime:0.0375s ]
SQL: SELECT COUNT(*) AS tp_count FROM `sjy_project` WHERE `community_id` = 30 AND `status` = 2 LIMIT 1   [ RunTime:0.0381s ]
SQL: SELECT COUNT(*) AS tp_count FROM `sjy_project` WHERE `community_id` = 30 AND `status` BETWEEN 10 AND 98 LIMIT 1   [ RunTime:0.0453s ]
SQL: SELECT COUNT(*) AS tp_count FROM `sjy_project` WHERE `community_id` = 30 AND `status` = 99 LIMIT 1   [ RunTime:0.0375s ]
INFO: [ view_parse ] --START--
INFO: [ template_filter ] --START--
INFO: Run Behavior\ContentReplaceBehavior [ RunTime:0.000403s ]
INFO: [ template_filter ] --END-- [ RunTime:0.000459s ]
INFO: Run Behavior\ParseTemplateBehavior [ RunTime:0.052036s ]
INFO: [ view_parse ] --END-- [ RunTime:0.052102s ]
INFO: [ view_filter ] --START--
INFO: Run Behavior\WriteHtmlCacheBehavior [ RunTime:0.000375s ]
INFO: [ view_filter ] --END-- [ RunTime:0.000405s ]
INFO: [ app_end ] --START--
INFO: Run Behavior\ShowPageTraceBehavior [ RunTime:0.000567s ]
INFO: [ app_end ] --END-- [ RunTime:0.000608s ]

[ 2018-04-11T11:24:54+08:00 ] 127.0.0.1 /index.php/Home/Project/communityTenderProject
INFO: [ app_init ] --START--
INFO: Run Behavior\BuildLiteBehavior [ RunTime:0.000012s ]
INFO: [ app_init ] --END-- [ RunTime:0.000358s ]
INFO: [ app_begin ] --START--
INFO: Run Behavior\ReadHtmlCacheBehavior [ RunTime:0.000541s ]
INFO: [ app_begin ] --END-- [ RunTime:0.000579s ]
SQL: SHOW COLUMNS FROM `sjy_community_user_info` [ RunTime:0.0379s ]
SQL: SELECT * FROM `sjy_community_user_info` WHERE `sjy_id` = 57 LIMIT 1   [ RunTime:0.0416s ]
SQL: SHOW COLUMNS FROM `sjy_project` [ RunTime:0.0399s ]
SQL: SELECT * FROM `sjy_project` WHERE `community_id` = 30 AND `status` BETWEEN 1 AND 99 LIMIT 1   [ RunTime:0.0440s ]
SQL: SHOW COLUMNS FROM `sjy_cities` [ RunTime:0.0377s ]
SQL: SELECT `city` FROM `sjy_cities` WHERE `cityid` = 110000 LIMIT 1   [ RunTime:0.0381s ]
NOTIC: [8] Undefined variable: islogin C:\xampp\htdocs\shejuyi\Application\Home\Controller\BaseController.class.php 第 118 行.
SQL: SHOW COLUMNS FROM `sjy_community_project_info` [ RunTime:0.0398s ]
SQL: SELECT * FROM `sjy_community_project_info` WHERE `sjy_community_project_status` = 0 AND `sjy_community_project_collect_start_time` < '2018-04-11' AND `sjy_community_project_start_time` > '2018-04-11' LIMIT 0,15   [ RunTime:0.0475s ]
SQL: SHOW COLUMNS FROM `sjy_community_project_image` [ RunTime:0.0460s ]
SQL: SELECT * FROM `sjy_community_project_image` WHERE `sjy_community_project_id` = 42 LIMIT 1   [ RunTime:0.0474s ]
SQL: SELECT COUNT(*) AS tp_count FROM `sjy_project` WHERE `community_id` = 30 AND `project_id` = 42 AND `status` = 1 LIMIT 1   [ RunTime:0.0435s ]
SQL: SELECT * FROM `sjy_community_project_image` WHERE `sjy_community_project_id` = 43 LIMIT 1   [ RunTime:0.0386s ]
SQL: SELECT COUNT(*) AS tp_count FROM `sjy_project` WHERE `community_id` = 30 AND `project_id` = 43 AND `status` = 1 LIMIT 1   [ RunTime:0.0446s ]
SQL: SELECT * FROM `sjy_community_project_image` WHERE `sjy_community_project_id` = 44 LIMIT 1   [ RunTime:0.0421s ]
SQL: SELECT COUNT(*) AS tp_count FROM `sjy_project` WHERE `community_id` = 30 AND `project_id` = 44 AND `status` = 1 LIMIT 1   [ RunTime:0.0370s ]
SQL: SELECT * FROM `sjy_community_project_image` WHERE `sjy_community_project_id` = 45 LIMIT 1   [ RunTime:0.0472s ]
SQL: SELECT COUNT(*) AS tp_count FROM `sjy_project` WHERE `community_id` = 30 AND `project_id` = 45 AND `status` = 1 LIMIT 1   [ RunTime:0.0372s ]
SQL: SELECT * FROM `sjy_community_project_image` WHERE `sjy_community_project_id` = 46 LIMIT 1   [ RunTime:0.0461s ]
SQL: SELECT COUNT(*) AS tp_count FROM `sjy_project` WHERE `community_id` = 30 AND `project_id` = 46 AND `status` = 1 LIMIT 1   [ RunTime:0.0404s ]
SQL: SELECT COUNT(*) AS tp_count FROM `sjy_community_project_info` LIMIT 1   [ RunTime:0.0446s ]

[ 2018-04-11T11:24:56+08:00 ] 127.0.0.1 /index.php/Home/Project/communityProjectManger
INFO: [ app_init ] --START--
INFO: Run Behavior\BuildLiteBehavior [ RunTime:0.000015s ]
INFO: [ app_init ] --END-- [ RunTime:0.000340s ]
INFO: [ app_begin ] --START--
INFO: Run Behavior\ReadHtmlCacheBehavior [ RunTime:0.000536s ]
INFO: [ app_begin ] --END-- [ RunTime:0.000574s ]
SQL: SHOW COLUMNS FROM `sjy_community_user_info` [ RunTime:0.0393s ]
SQL: SELECT * FROM `sjy_community_user_info` WHERE `sjy_id` = 57 LIMIT 1   [ RunTime:0.0468s ]
SQL: SHOW COLUMNS FROM `sjy_project` [ RunTime:0.0391s ]
SQL: SELECT * FROM `sjy_project` WHERE `community_id` = 30 AND `status` BETWEEN 1 AND 99 LIMIT 1   [ RunTime:0.0452s ]
SQL: SHOW COLUMNS FROM `sjy_cities` [ RunTime:0.0418s ]
SQL: SELECT `city` FROM `sjy_cities` WHERE `cityid` = 110000 LIMIT 1   [ RunTime:0.0480s ]
NOTIC: [8] Undefined variable: islogin C:\xampp\htdocs\shejuyi\Application\Home\Controller\BaseController.class.php 第 118 行.
SQL: SELECT COUNT(*) AS tp_count FROM `sjy_project` WHERE `community_id` = 30 AND `status` = 1 LIMIT 1   [ RunTime:0.0480s ]
SQL: SELECT COUNT(*) AS tp_count FROM `sjy_project` WHERE `community_id` = 30 AND `status` = 2 LIMIT 1   [ RunTime:0.0387s ]
SQL: SELECT COUNT(*) AS tp_count FROM `sjy_project` WHERE `community_id` = 30 AND `status` BETWEEN 10 AND 98 LIMIT 1   [ RunTime:0.0446s ]
SQL: SELECT COUNT(*) AS tp_count FROM `sjy_project` WHERE `community_id` = 30 AND `status` = 99 LIMIT 1   [ RunTime:0.0395s ]
INFO: [ view_parse ] --START--
INFO: [ template_filter ] --START--
INFO: Run Behavior\ContentReplaceBehavior [ RunTime:0.000319s ]
INFO: [ template_filter ] --END-- [ RunTime:0.000368s ]
INFO: Run Behavior\ParseTemplateBehavior [ RunTime:0.054703s ]
INFO: [ view_parse ] --END-- [ RunTime:0.054773s ]
INFO: [ view_filter ] --START--
INFO: Run Behavior\WriteHtmlCacheBehavior [ RunTime:0.000430s ]
INFO: [ view_filter ] --END-- [ RunTime:0.000463s ]
INFO: [ app_end ] --START--
INFO: Run Behavior\ShowPageTraceBehavior [ RunTime:0.000571s ]
INFO: [ app_end ] --END-- [ RunTime:0.000607s ]

[ 2018-04-11T11:24:57+08:00 ] 127.0.0.1 /index.php/Home/Project/communityTenderProject
INFO: [ app_init ] --START--
INFO: Run Behavior\BuildLiteBehavior [ RunTime:0.000011s ]
INFO: [ app_init ] --END-- [ RunTime:0.000354s ]
INFO: [ app_begin ] --START--
INFO: Run Behavior\ReadHtmlCacheBehavior [ RunTime:0.000562s ]
INFO: [ app_begin ] --END-- [ RunTime:0.000601s ]
SQL: SHOW COLUMNS FROM `sjy_community_user_info` [ RunTime:0.0523s ]
SQL: SELECT * FROM `sjy_community_user_info` WHERE `sjy_id` = 57 LIMIT 1   [ RunTime:0.0473s ]
SQL: SHOW COLUMNS FROM `sjy_project` [ RunTime:0.0423s ]
SQL: SELECT * FROM `sjy_project` WHERE `community_id` = 30 AND `status` BETWEEN 1 AND 99 LIMIT 1   [ RunTime:0.0423s ]
SQL: SHOW COLUMNS FROM `sjy_cities` [ RunTime:0.0524s ]
SQL: SELECT `city` FROM `sjy_cities` WHERE `cityid` = 110000 LIMIT 1   [ RunTime:0.0527s ]
NOTIC: [8] Undefined variable: islogin C:\xampp\htdocs\shejuyi\Application\Home\Controller\BaseController.class.php 第 118 行.
SQL: SHOW COLUMNS FROM `sjy_community_project_info` [ RunTime:0.0476s ]
SQL: SELECT * FROM `sjy_community_project_info` WHERE `sjy_community_project_status` = 0 AND `sjy_community_project_collect_start_time` < '2018-04-11' AND `sjy_community_project_start_time` > '2018-04-11' LIMIT 0,15   [ RunTime:0.0423s ]
SQL: SHOW COLUMNS FROM `sjy_community_project_image` [ RunTime:0.0435s ]
SQL: SELECT * FROM `sjy_community_project_image` WHERE `sjy_community_project_id` = 42 LIMIT 1   [ RunTime:0.0433s ]
SQL: SELECT COUNT(*) AS tp_count FROM `sjy_project` WHERE `community_id` = 30 AND `project_id` = 42 AND `status` = 1 LIMIT 1   [ RunTime:0.0434s ]
SQL: SELECT * FROM `sjy_community_project_image` WHERE `sjy_community_project_id` = 43 LIMIT 1   [ RunTime:0.0413s ]
SQL: SELECT COUNT(*) AS tp_count FROM `sjy_project` WHERE `community_id` = 30 AND `project_id` = 43 AND `status` = 1 LIMIT 1   [ RunTime:0.0472s ]
SQL: SELECT * FROM `sjy_community_project_image` WHERE `sjy_community_project_id` = 44 LIMIT 1   [ RunTime:0.0438s ]
SQL: SELECT COUNT(*) AS tp_count FROM `sjy_project` WHERE `community_id` = 30 AND `project_id` = 44 AND `status` = 1 LIMIT 1   [ RunTime:0.0456s ]
SQL: SELECT * FROM `sjy_community_project_image` WHERE `sjy_community_project_id` = 45 LIMIT 1   [ RunTime:0.0508s ]
SQL: SELECT COUNT(*) AS tp_count FROM `sjy_project` WHERE `community_id` = 30 AND `project_id` = 45 AND `status` = 1 LIMIT 1   [ RunTime:0.0496s ]
SQL: SELECT * FROM `sjy_community_project_image` WHERE `sjy_community_project_id` = 46 LIMIT 1   [ RunTime:0.0412s ]
SQL: SELECT COUNT(*) AS tp_count FROM `sjy_project` WHERE `community_id` = 30 AND `project_id` = 46 AND `status` = 1 LIMIT 1   [ RunTime:0.0460s ]
SQL: SELECT COUNT(*) AS tp_count FROM `sjy_community_project_info` LIMIT 1   [ RunTime:0.0496s ]

[ 2018-04-11T11:26:35+08:00 ] 127.0.0.1 /index.php/Home/Project/communityProjectManger
INFO: [ app_init ] --START--
INFO: Run Behavior\BuildLiteBehavior [ RunTime:0.000012s ]
INFO: [ app_init ] --END-- [ RunTime:0.000405s ]
INFO: [ app_begin ] --START--
INFO: Run Behavior\ReadHtmlCacheBehavior [ RunTime:0.000645s ]
INFO: [ app_begin ] --END-- [ RunTime:0.000700s ]
SQL: SHOW COLUMNS FROM `sjy_community_user_info` [ RunTime:0.0460s ]
SQL: SELECT * FROM `sjy_community_user_info` WHERE `sjy_id` = 57 LIMIT 1   [ RunTime:0.0423s ]
SQL: SHOW COLUMNS FROM `sjy_project` [ RunTime:0.0374s ]
SQL: SELECT * FROM `sjy_project` WHERE `community_id` = 30 AND `status` BETWEEN 1 AND 99 LIMIT 1   [ RunTime:0.0452s ]
SQL: SHOW COLUMNS FROM `sjy_cities` [ RunTime:0.0468s ]
SQL: SELECT `city` FROM `sjy_cities` WHERE `cityid` = 110000 LIMIT 1   [ RunTime:0.0402s ]
NOTIC: [8] Undefined variable: islogin C:\xampp\htdocs\shejuyi\Application\Home\Controller\BaseController.class.php 第 118 行.
SQL: SELECT COUNT(*) AS tp_count FROM `sjy_project` WHERE `community_id` = 30 AND `status` = 1 LIMIT 1   [ RunTime:0.0423s ]
SQL: SELECT COUNT(*) AS tp_count FROM `sjy_project` WHERE `community_id` = 30 AND `status` = 2 LIMIT 1   [ RunTime:0.0436s ]
SQL: SELECT COUNT(*) AS tp_count FROM `sjy_project` WHERE `community_id` = 30 AND `status` BETWEEN 10 AND 98 LIMIT 1   [ RunTime:0.0416s ]
SQL: SELECT COUNT(*) AS tp_count FROM `sjy_project` WHERE `community_id` = 30 AND `status` = 99 LIMIT 1   [ RunTime:0.0367s ]
INFO: [ view_parse ] --START--
INFO: [ template_filter ] --START--
INFO: Run Behavior\ContentReplaceBehavior [ RunTime:0.000318s ]
INFO: [ template_filter ] --END-- [ RunTime:0.000373s ]
INFO: Run Behavior\ParseTemplateBehavior [ RunTime:0.051260s ]
INFO: [ view_parse ] --END-- [ RunTime:0.051343s ]
INFO: [ view_filter ] --START--
INFO: Run Behavior\WriteHtmlCacheBehavior [ RunTime:0.000692s ]
INFO: [ view_filter ] --END-- [ RunTime:0.000729s ]
INFO: [ app_end ] --START--
INFO: Run Behavior\ShowPageTraceBehavior [ RunTime:0.000751s ]
INFO: [ app_end ] --END-- [ RunTime:0.000803s ]

[ 2018-04-11T11:26:36+08:00 ] 127.0.0.1 /index.php/Home/Project/communityTenderProject
INFO: [ app_init ] --START--
INFO: Run Behavior\BuildLiteBehavior [ RunTime:0.000013s ]
INFO: [ app_init ] --END-- [ RunTime:0.000369s ]
INFO: [ app_begin ] --START--
INFO: Run Behavior\ReadHtmlCacheBehavior [ RunTime:0.000572s ]
INFO: [ app_begin ] --END-- [ RunTime:0.000619s ]
SQL: SHOW COLUMNS FROM `sjy_community_user_info` [ RunTime:0.0474s ]
SQL: SELECT * FROM `sjy_community_user_info` WHERE `sjy_id` = 57 LIMIT 1   [ RunTime:0.0374s ]
SQL: SHOW COLUMNS FROM `sjy_project` [ RunTime:0.0434s ]
SQL: SELECT * FROM `sjy_project` WHERE `community_id` = 30 AND `status` BETWEEN 1 AND 99 LIMIT 1   [ RunTime:0.0404s ]
SQL: SHOW COLUMNS FROM `sjy_cities` [ RunTime:0.0468s ]
SQL: SELECT `city` FROM `sjy_cities` WHERE `cityid` = 110000 LIMIT 1   [ RunTime:0.0367s ]
NOTIC: [8] Undefined variable: islogin C:\xampp\htdocs\shejuyi\Application\Home\Controller\BaseController.class.php 第 118 行.
SQL: SHOW COLUMNS FROM `sjy_community_project_info` [ RunTime:0.0408s ]
SQL: SELECT * FROM `sjy_community_project_info` WHERE `sjy_community_project_status` = 0 AND `sjy_community_project_collect_start_time` < '2018-04-11' AND `sjy_community_project_start_time` > '2018-04-11' LIMIT 0,15   [ RunTime:0.0444s ]
SQL: SHOW COLUMNS FROM `sjy_community_project_image` [ RunTime:0.0473s ]
SQL: SELECT * FROM `sjy_community_project_image` WHERE `sjy_community_project_id` = 42 LIMIT 1   [ RunTime:0.0401s ]
SQL: SELECT COUNT(*) AS tp_count FROM `sjy_project` WHERE `community_id` = 30 AND `project_id` = 42 AND `status` = 1 LIMIT 1   [ RunTime:0.0437s ]
SQL: SELECT * FROM `sjy_community_project_image` WHERE `sjy_community_project_id` = 43 LIMIT 1   [ RunTime:0.0408s ]
SQL: SELECT COUNT(*) AS tp_count FROM `sjy_project` WHERE `community_id` = 30 AND `project_id` = 43 AND `status` = 1 LIMIT 1   [ RunTime:0.0433s ]
SQL: SELECT * FROM `sjy_community_project_image` WHERE `sjy_community_project_id` = 44 LIMIT 1   [ RunTime:0.0401s ]
SQL: SELECT COUNT(*) AS tp_count FROM `sjy_project` WHERE `community_id` = 30 AND `project_id` = 44 AND `status` = 1 LIMIT 1   [ RunTime:0.0389s ]
SQL: SELECT * FROM `sjy_community_project_image` WHERE `sjy_community_project_id` = 45 LIMIT 1   [ RunTime:0.0404s ]
SQL: SELECT COUNT(*) AS tp_count FROM `sjy_project` WHERE `community_id` = 30 AND `project_id` = 45 AND `status` = 1 LIMIT 1   [ RunTime:0.0419s ]
SQL: SELECT * FROM `sjy_community_project_image` WHERE `sjy_community_project_id` = 46 LIMIT 1   [ RunTime:0.0377s ]
SQL: SELECT COUNT(*) AS tp_count FROM `sjy_project` WHERE `community_id` = 30 AND `project_id` = 46 AND `status` = 1 LIMIT 1   [ RunTime:0.0424s ]
SQL: SELECT COUNT(*) AS tp_count FROM `sjy_community_project_info` LIMIT 1   [ RunTime:0.0378s ]

[ 2018-04-11T11:26:38+08:00 ] 127.0.0.1 /index.php/Home/Project/intentOriganization/id/43
INFO: [ app_init ] --START--
INFO: Run Behavior\BuildLiteBehavior [ RunTime:0.000011s ]
INFO: [ app_init ] --END-- [ RunTime:0.000342s ]
INFO: [ app_begin ] --START--
INFO: Run Behavior\ReadHtmlCacheBehavior [ RunTime:0.000534s ]
INFO: [ app_begin ] --END-- [ RunTime:0.000571s ]
SQL: SHOW COLUMNS FROM `sjy_community_user_info` [ RunTime:0.0466s ]
SQL: SELECT * FROM `sjy_community_user_info` WHERE `sjy_id` = 57 LIMIT 1   [ RunTime:0.0452s ]
SQL: SHOW COLUMNS FROM `sjy_project` [ RunTime:0.0460s ]
SQL: SELECT * FROM `sjy_project` WHERE `community_id` = 30 AND `status` BETWEEN 1 AND 99 LIMIT 1   [ RunTime:0.0388s ]
SQL: SHOW COLUMNS FROM `sjy_cities` [ RunTime:0.1035s ]
SQL: SELECT `city` FROM `sjy_cities` WHERE `cityid` = 110000 LIMIT 1   [ RunTime:0.0375s ]
NOTIC: [8] Undefined variable: islogin C:\xampp\htdocs\shejuyi\Application\Home\Controller\BaseController.class.php 第 118 行.
SQL: SELECT * FROM `sjy_project` WHERE `community_id` = 30 AND `project_id` = 43 AND `status` = 1 LIMIT 0,15   [ RunTime:0.0387s ]
SQL: SHOW COLUMNS FROM `sjy_origanization_base_info` [ RunTime:0.0428s ]
SQL: SELECT * FROM `sjy_origanization_base_info` WHERE `sjy_id` = 24 LIMIT 1   [ RunTime:0.0375s ]
SQL: SELECT COUNT(*) AS tp_count FROM `sjy_project` WHERE `community_id` = 30 AND `project_id` = 43 AND `status` = 1 LIMIT 1   [ RunTime:0.0441s ]

[ 2018-04-11T11:26:43+08:00 ] 127.0.0.1 /index.php/Home/Project/agreeProject
INFO: [ app_init ] --START--
INFO: Run Behavior\BuildLiteBehavior [ RunTime:0.000010s ]
INFO: [ app_init ] --END-- [ RunTime:0.000321s ]
INFO: [ app_begin ] --START--
INFO: Run Behavior\ReadHtmlCacheBehavior [ RunTime:0.000495s ]
INFO: [ app_begin ] --END-- [ RunTime:0.000528s ]
SQL: SHOW COLUMNS FROM `sjy_community_user_info` [ RunTime:0.0472s ]
SQL: SELECT * FROM `sjy_community_user_info` WHERE `sjy_id` = 57 LIMIT 1   [ RunTime:0.0375s ]
SQL: SHOW COLUMNS FROM `sjy_project` [ RunTime:0.0420s ]
SQL: SELECT * FROM `sjy_project` WHERE `community_id` = 30 AND `status` BETWEEN 1 AND 99 LIMIT 1   [ RunTime:0.0557s ]
SQL: SHOW COLUMNS FROM `sjy_cities` [ RunTime:0.0457s ]
SQL: SELECT `city` FROM `sjy_cities` WHERE `cityid` = 110000 LIMIT 1   [ RunTime:0.0370s ]
NOTIC: [8] Undefined variable: islogin C:\xampp\htdocs\shejuyi\Application\Home\Controller\BaseController.class.php 第 118 行.
SQL: UPDATE `sjy_project` SET `status`='2',`community_agreen_project_start_time`='2018-04-11 11:26:42',`community_agreen_project_start_people_id`='57',`community_agreen_project_start_people`='高学婷' WHERE `project_id` = 43 AND `community_id` = 30 AND `origanization_id` = 24 AND `status` = 1 [ RunTime:0.0379s ]
SQL: SHOW COLUMNS FROM `sjy_origanization_base_info` [ RunTime:0.0452s ]
SQL: SELECT `sjy_origanization_name` FROM `sjy_origanization_base_info` WHERE `sjy_id` = 24 LIMIT 1   [ RunTime:0.0471s ]
SQL: SHOW COLUMNS FROM `sjy_community_project_info` [ RunTime:0.0383s ]
SQL: UPDATE `sjy_community_project_info` SET `sjy_community_project_status`='1',`sjy_community_project_origanization`='24',`sjy_community_project_origanization_name`='北京市通州区启明星机构' WHERE `sjy_id` = 43 [ RunTime:0.0448s ]

[ 2018-04-11T11:26:43+08:00 ] 127.0.0.1 /index.php/Home/Project/waitOriganizationStart
INFO: [ app_init ] --START--
INFO: Run Behavior\BuildLiteBehavior [ RunTime:0.000012s ]
INFO: [ app_init ] --END-- [ RunTime:0.000351s ]
INFO: [ app_begin ] --START--
INFO: Run Behavior\ReadHtmlCacheBehavior [ RunTime:0.000532s ]
INFO: [ app_begin ] --END-- [ RunTime:0.000573s ]
SQL: SHOW COLUMNS FROM `sjy_community_user_info` [ RunTime:0.0482s ]
SQL: SELECT * FROM `sjy_community_user_info` WHERE `sjy_id` = 57 LIMIT 1   [ RunTime:0.0472s ]
SQL: SHOW COLUMNS FROM `sjy_project` [ RunTime:0.0460s ]
SQL: SELECT * FROM `sjy_project` WHERE `community_id` = 30 AND `status` BETWEEN 1 AND 99 LIMIT 1   [ RunTime:0.0388s ]
SQL: SHOW COLUMNS FROM `sjy_cities` [ RunTime:0.0450s ]
SQL: SELECT `city` FROM `sjy_cities` WHERE `cityid` = 110000 LIMIT 1   [ RunTime:0.0440s ]
NOTIC: [8] Undefined variable: islogin C:\xampp\htdocs\shejuyi\Application\Home\Controller\BaseController.class.php 第 118 行.
SQL: SELECT * FROM `sjy_project` WHERE `community_id` = 30 AND `status` = 2  [ RunTime:0.0413s ]
SQL: SHOW COLUMNS FROM `sjy_community_project_info` [ RunTime:0.0412s ]
SQL: SELECT * FROM `sjy_community_project_info` WHERE `sjy_id` = 43 LIMIT 1   [ RunTime:0.0443s ]

[ 2018-04-11T11:36:16+08:00 ] 127.0.0.1 /index.php/Home/Project/communityProjectManger
INFO: [ app_init ] --START--
INFO: Run Behavior\BuildLiteBehavior [ RunTime:0.000011s ]
INFO: [ app_init ] --END-- [ RunTime:0.000408s ]
INFO: [ app_begin ] --START--
INFO: Run Behavior\ReadHtmlCacheBehavior [ RunTime:0.000713s ]
INFO: [ app_begin ] --END-- [ RunTime:0.000754s ]
SQL: SHOW COLUMNS FROM `sjy_community_user_info` [ RunTime:0.0431s ]
SQL: SELECT * FROM `sjy_community_user_info` WHERE `sjy_id` = 57 LIMIT 1   [ RunTime:0.0448s ]
SQL: SHOW COLUMNS FROM `sjy_project` [ RunTime:0.0447s ]
SQL: SELECT * FROM `sjy_project` WHERE `community_id` = 30 AND `status` BETWEEN 1 AND 99 LIMIT 1   [ RunTime:0.0452s ]
SQL: SHOW COLUMNS FROM `sjy_cities` [ RunTime:0.0450s ]
SQL: SELECT `city` FROM `sjy_cities` WHERE `cityid` = 110000 LIMIT 1   [ RunTime:0.0462s ]
NOTIC: [8] Undefined variable: islogin C:\xampp\htdocs\shejuyi\Application\Home\Controller\BaseController.class.php 第 118 行.
SQL: SELECT COUNT(*) AS tp_count FROM `sjy_project` WHERE `community_id` = 30 AND `status` = 1 LIMIT 1   [ RunTime:0.0397s ]
SQL: SELECT COUNT(*) AS tp_count FROM `sjy_project` WHERE `community_id` = 30 AND `status` = 2 LIMIT 1   [ RunTime:0.0403s ]
SQL: SELECT COUNT(*) AS tp_count FROM `sjy_project` WHERE `community_id` = 30 AND `status` BETWEEN 10 AND 98 LIMIT 1   [ RunTime:0.0451s ]
SQL: SELECT COUNT(*) AS tp_count FROM `sjy_project` WHERE `community_id` = 30 AND `status` = 99 LIMIT 1   [ RunTime:0.0448s ]
INFO: [ view_parse ] --START--
INFO: [ template_filter ] --START--
INFO: Run Behavior\ContentReplaceBehavior [ RunTime:0.000636s ]
INFO: [ template_filter ] --END-- [ RunTime:0.000728s ]
INFO: Run Behavior\ParseTemplateBehavior [ RunTime:0.060981s ]
INFO: [ view_parse ] --END-- [ RunTime:0.061055s ]
INFO: [ view_filter ] --START--
INFO: Run Behavior\WriteHtmlCacheBehavior [ RunTime:0.000578s ]
INFO: [ view_filter ] --END-- [ RunTime:0.000619s ]
INFO: [ app_end ] --START--
INFO: Run Behavior\ShowPageTraceBehavior [ RunTime:0.000756s ]
INFO: [ app_end ] --END-- [ RunTime:0.000804s ]

[ 2018-04-11T11:36:17+08:00 ] 127.0.0.1 /index.php/Home/Project/communityProjectManger
INFO: [ app_init ] --START--
INFO: Run Behavior\BuildLiteBehavior [ RunTime:0.000022s ]
INFO: [ app_init ] --END-- [ RunTime:0.000833s ]
INFO: [ app_begin ] --START--
INFO: Run Behavior\ReadHtmlCacheBehavior [ RunTime:0.001553s ]
INFO: [ app_begin ] --END-- [ RunTime:0.001653s ]
SQL: SHOW COLUMNS FROM `sjy_community_user_info` [ RunTime:0.0466s ]
SQL: SELECT * FROM `sjy_community_user_info` WHERE `sjy_id` = 57 LIMIT 1   [ RunTime:0.0466s ]
SQL: SHOW COLUMNS FROM `sjy_project` [ RunTime:0.0410s ]
SQL: SELECT * FROM `sjy_project` WHERE `community_id` = 30 AND `status` BETWEEN 1 AND 99 LIMIT 1   [ RunTime:0.0421s ]
SQL: SHOW COLUMNS FROM `sjy_cities` [ RunTime:0.0422s ]
SQL: SELECT `city` FROM `sjy_cities` WHERE `cityid` = 110000 LIMIT 1   [ RunTime:0.0454s ]
NOTIC: [8] Undefined variable: islogin C:\xampp\htdocs\shejuyi\Application\Home\Controller\BaseController.class.php 第 118 行.
SQL: SELECT COUNT(*) AS tp_count FROM `sjy_project` WHERE `community_id` = 30 AND `status` = 1 LIMIT 1   [ RunTime:0.0476s ]
SQL: SELECT COUNT(*) AS tp_count FROM `sjy_project` WHERE `community_id` = 30 AND `status` = 2 LIMIT 1   [ RunTime:0.0578s ]
SQL: SELECT COUNT(*) AS tp_count FROM `sjy_project` WHERE `community_id` = 30 AND `status` BETWEEN 10 AND 98 LIMIT 1   [ RunTime:0.0464s ]
SQL: SELECT COUNT(*) AS tp_count FROM `sjy_project` WHERE `community_id` = 30 AND `status` = 99 LIMIT 1   [ RunTime:0.0456s ]
INFO: [ view_parse ] --START--
INFO: [ template_filter ] --START--
INFO: Run Behavior\ContentReplaceBehavior [ RunTime:0.000631s ]
INFO: [ template_filter ] --END-- [ RunTime:0.000728s ]
INFO: Run Behavior\ParseTemplateBehavior [ RunTime:0.063327s ]
INFO: [ view_parse ] --END-- [ RunTime:0.063403s ]
INFO: [ view_filter ] --START--
INFO: Run Behavior\WriteHtmlCacheBehavior [ RunTime:0.000600s ]
INFO: [ view_filter ] --END-- [ RunTime:0.000639s ]
INFO: [ app_end ] --START--
INFO: Run Behavior\ShowPageTraceBehavior [ RunTime:0.001018s ]
INFO: [ app_end ] --END-- [ RunTime:0.001072s ]

[ 2018-04-11T11:36:18+08:00 ] 127.0.0.1 /index.php/Home/Project/communityTenderProject
INFO: [ app_init ] --START--
INFO: Run Behavior\BuildLiteBehavior [ RunTime:0.000013s ]
INFO: [ app_init ] --END-- [ RunTime:0.000377s ]
INFO: [ app_begin ] --START--
INFO: Run Behavior\ReadHtmlCacheBehavior [ RunTime:0.000541s ]
INFO: [ app_begin ] --END-- [ RunTime:0.000582s ]
SQL: SHOW COLUMNS FROM `sjy_community_user_info` [ RunTime:0.0464s ]
SQL: SELECT * FROM `sjy_community_user_info` WHERE `sjy_id` = 57 LIMIT 1   [ RunTime:0.0450s ]
SQL: SHOW COLUMNS FROM `sjy_project` [ RunTime:0.0468s ]
SQL: SELECT * FROM `sjy_project` WHERE `community_id` = 30 AND `status` BETWEEN 1 AND 99 LIMIT 1   [ RunTime:0.0462s ]
SQL: SHOW COLUMNS FROM `sjy_cities` [ RunTime:0.0465s ]
SQL: SELECT `city` FROM `sjy_cities` WHERE `cityid` = 110000 LIMIT 1   [ RunTime:0.0459s ]
NOTIC: [8] Undefined variable: islogin C:\xampp\htdocs\shejuyi\Application\Home\Controller\BaseController.class.php 第 118 行.
SQL: SHOW COLUMNS FROM `sjy_community_project_info` [ RunTime:0.0482s ]
SQL: SELECT * FROM `sjy_community_project_info` WHERE `sjy_community_project_status` = 0 AND `sjy_community_project_collect_start_time` < '2018-04-11' AND `sjy_community_project_start_time` > '2018-04-11' LIMIT 0,15   [ RunTime:0.0457s ]
SQL: SHOW COLUMNS FROM `sjy_community_project_image` [ RunTime:0.0429s ]
SQL: SELECT * FROM `sjy_community_project_image` WHERE `sjy_community_project_id` = 42 LIMIT 1   [ RunTime:0.0474s ]
SQL: SELECT COUNT(*) AS tp_count FROM `sjy_project` WHERE `community_id` = 30 AND `project_id` = 42 AND `status` = 1 LIMIT 1   [ RunTime:0.0421s ]
SQL: SELECT * FROM `sjy_community_project_image` WHERE `sjy_community_project_id` = 44 LIMIT 1   [ RunTime:0.0481s ]
SQL: SELECT COUNT(*) AS tp_count FROM `sjy_project` WHERE `community_id` = 30 AND `project_id` = 44 AND `status` = 1 LIMIT 1   [ RunTime:0.0450s ]
SQL: SELECT * FROM `sjy_community_project_image` WHERE `sjy_community_project_id` = 45 LIMIT 1   [ RunTime:0.0420s ]
SQL: SELECT COUNT(*) AS tp_count FROM `sjy_project` WHERE `community_id` = 30 AND `project_id` = 45 AND `status` = 1 LIMIT 1   [ RunTime:0.0439s ]
SQL: SELECT * FROM `sjy_community_project_image` WHERE `sjy_community_project_id` = 46 LIMIT 1   [ RunTime:0.0465s ]
SQL: SELECT COUNT(*) AS tp_count FROM `sjy_project` WHERE `community_id` = 30 AND `project_id` = 46 AND `status` = 1 LIMIT 1   [ RunTime:0.0468s ]
SQL: SELECT COUNT(*) AS tp_count FROM `sjy_community_project_info` LIMIT 1   [ RunTime:0.0464s ]

[ 2018-04-11T11:38:03+08:00 ] 127.0.0.1 /index.php/Home/Project/communityProjectManger
INFO: [ app_init ] --START--
INFO: Run Behavior\BuildLiteBehavior [ RunTime:0.000013s ]
INFO: [ app_init ] --END-- [ RunTime:0.000398s ]
INFO: [ app_begin ] --START--
INFO: Run Behavior\ReadHtmlCacheBehavior [ RunTime:0.000616s ]
INFO: [ app_begin ] --END-- [ RunTime:0.000665s ]
SQL: SHOW COLUMNS FROM `sjy_community_user_info` [ RunTime:0.0459s ]
SQL: SELECT * FROM `sjy_community_user_info` WHERE `sjy_id` = 57 LIMIT 1   [ RunTime:0.0422s ]
SQL: SHOW COLUMNS FROM `sjy_project` [ RunTime:0.0388s ]
SQL: SELECT * FROM `sjy_project` WHERE `community_id` = 30 AND `status` BETWEEN 1 AND 99 LIMIT 1   [ RunTime:0.0456s ]
SQL: SHOW COLUMNS FROM `sjy_cities` [ RunTime:0.0475s ]
SQL: SELECT `city` FROM `sjy_cities` WHERE `cityid` = 110000 LIMIT 1   [ RunTime:0.0459s ]
NOTIC: [8] Undefined variable: islogin C:\xampp\htdocs\shejuyi\Application\Home\Controller\BaseController.class.php 第 118 行.
SQL: SELECT COUNT(*) AS tp_count FROM `sjy_project` WHERE `community_id` = 30 AND `status` = 1 LIMIT 1   [ RunTime:0.0459s ]
SQL: SELECT COUNT(*) AS tp_count FROM `sjy_project` WHERE `community_id` = 30 AND `status` = 2 LIMIT 1   [ RunTime:0.0467s ]
SQL: SELECT COUNT(*) AS tp_count FROM `sjy_project` WHERE `community_id` = 30 AND `status` BETWEEN 10 AND 98 LIMIT 1   [ RunTime:0.0467s ]
SQL: SELECT COUNT(*) AS tp_count FROM `sjy_project` WHERE `community_id` = 30 AND `status` = 99 LIMIT 1   [ RunTime:0.0459s ]
INFO: [ view_parse ] --START--
INFO: [ template_filter ] --START--
INFO: Run Behavior\ContentReplaceBehavior [ RunTime:0.000305s ]
INFO: [ template_filter ] --END-- [ RunTime:0.000356s ]
INFO: Run Behavior\ParseTemplateBehavior [ RunTime:0.053245s ]
INFO: [ view_parse ] --END-- [ RunTime:0.053299s ]
INFO: [ view_filter ] --START--
INFO: Run Behavior\WriteHtmlCacheBehavior [ RunTime:0.000395s ]
INFO: [ view_filter ] --END-- [ RunTime:0.000427s ]
INFO: [ app_end ] --START--
INFO: Run Behavior\ShowPageTraceBehavior [ RunTime:0.000596s ]
INFO: [ app_end ] --END-- [ RunTime:0.000641s ]

[ 2018-04-11T11:38:04+08:00 ] 127.0.0.1 /index.php/Home/Project/communityTenderProject
INFO: [ app_init ] --START--
INFO: Run Behavior\BuildLiteBehavior [ RunTime:0.000013s ]
INFO: [ app_init ] --END-- [ RunTime:0.000372s ]
INFO: [ app_begin ] --START--
INFO: Run Behavior\ReadHtmlCacheBehavior [ RunTime:0.000596s ]
INFO: [ app_begin ] --END-- [ RunTime:0.000644s ]
SQL: SHOW COLUMNS FROM `sjy_community_user_info` [ RunTime:0.0494s ]
SQL: SELECT * FROM `sjy_community_user_info` WHERE `sjy_id` = 57 LIMIT 1   [ RunTime:0.0431s ]
SQL: SHOW COLUMNS FROM `sjy_project` [ RunTime:0.0470s ]
SQL: SELECT * FROM `sjy_project` WHERE `community_id` = 30 AND `status` BETWEEN 1 AND 99 LIMIT 1   [ RunTime:0.0500s ]
SQL: SHOW COLUMNS FROM `sjy_cities` [ RunTime:0.0505s ]
SQL: SELECT `city` FROM `sjy_cities` WHERE `cityid` = 110000 LIMIT 1   [ RunTime:0.0457s ]
NOTIC: [8] Undefined variable: islogin C:\xampp\htdocs\shejuyi\Application\Home\Controller\BaseController.class.php 第 118 行.
SQL: SHOW COLUMNS FROM `sjy_community_project_info` [ RunTime:0.0501s ]
SQL: SELECT * FROM `sjy_community_project_info` WHERE `sjy_community_project_status` = 0 AND `sjy_community_project_collect_start_time` < '2018-04-11' AND `sjy_community_project_start_time` > '2018-04-11' LIMIT 0,15   [ RunTime:0.0402s ]
SQL: SHOW COLUMNS FROM `sjy_community_project_image` [ RunTime:0.0454s ]
SQL: SELECT * FROM `sjy_community_project_image` WHERE `sjy_community_project_id` = 42 LIMIT 1   [ RunTime:0.0454s ]
SQL: SELECT COUNT(*) AS tp_count FROM `sjy_project` WHERE `community_id` = 30 AND `project_id` = 42 AND `status` = 1 LIMIT 1   [ RunTime:0.0466s ]
SQL: SELECT * FROM `sjy_community_project_image` WHERE `sjy_community_project_id` = 43 LIMIT 1   [ RunTime:0.0456s ]
SQL: SELECT COUNT(*) AS tp_count FROM `sjy_project` WHERE `community_id` = 30 AND `project_id` = 43 AND `status` = 1 LIMIT 1   [ RunTime:0.0397s ]
SQL: SELECT * FROM `sjy_community_project_image` WHERE `sjy_community_project_id` = 44 LIMIT 1   [ RunTime:0.0397s ]
SQL: SELECT COUNT(*) AS tp_count FROM `sjy_project` WHERE `community_id` = 30 AND `project_id` = 44 AND `status` = 1 LIMIT 1   [ RunTime:0.0476s ]
SQL: SELECT * FROM `sjy_community_project_image` WHERE `sjy_community_project_id` = 45 LIMIT 1   [ RunTime:0.0401s ]
SQL: SELECT COUNT(*) AS tp_count FROM `sjy_project` WHERE `community_id` = 30 AND `project_id` = 45 AND `status` = 1 LIMIT 1   [ RunTime:0.0472s ]
SQL: SELECT * FROM `sjy_community_project_image` WHERE `sjy_community_project_id` = 46 LIMIT 1   [ RunTime:0.0478s ]
SQL: SELECT COUNT(*) AS tp_count FROM `sjy_project` WHERE `community_id` = 30 AND `project_id` = 46 AND `status` = 1 LIMIT 1   [ RunTime:0.0477s ]
SQL: SELECT COUNT(*) AS tp_count FROM `sjy_community_project_info` LIMIT 1   [ RunTime:0.0478s ]

[ 2018-04-11T11:38:06+08:00 ] 127.0.0.1 /index.php/Home/Project/intentOriganization/id/43
INFO: [ app_init ] --START--
INFO: Run Behavior\BuildLiteBehavior [ RunTime:0.000011s ]
INFO: [ app_init ] --END-- [ RunTime:0.000323s ]
INFO: [ app_begin ] --START--
INFO: Run Behavior\ReadHtmlCacheBehavior [ RunTime:0.000539s ]
INFO: [ app_begin ] --END-- [ RunTime:0.000582s ]
SQL: SHOW COLUMNS FROM `sjy_community_user_info` [ RunTime:0.0409s ]
SQL: SELECT * FROM `sjy_community_user_info` WHERE `sjy_id` = 57 LIMIT 1   [ RunTime:0.0455s ]
SQL: SHOW COLUMNS FROM `sjy_project` [ RunTime:0.0418s ]
SQL: SELECT * FROM `sjy_project` WHERE `community_id` = 30 AND `status` BETWEEN 1 AND 99 LIMIT 1   [ RunTime:0.0444s ]
SQL: SHOW COLUMNS FROM `sjy_cities` [ RunTime:0.0468s ]
SQL: SELECT `city` FROM `sjy_cities` WHERE `cityid` = 110000 LIMIT 1   [ RunTime:0.0402s ]
NOTIC: [8] Undefined variable: islogin C:\xampp\htdocs\shejuyi\Application\Home\Controller\BaseController.class.php 第 118 行.
SQL: SELECT * FROM `sjy_project` WHERE `community_id` = 30 AND `project_id` = 43 AND `status` = 1 LIMIT 0,15   [ RunTime:0.0468s ]
SQL: SHOW COLUMNS FROM `sjy_origanization_base_info` [ RunTime:0.0471s ]
SQL: SELECT * FROM `sjy_origanization_base_info` WHERE `sjy_id` = 24 LIMIT 1   [ RunTime:0.0396s ]
SQL: SELECT COUNT(*) AS tp_count FROM `sjy_project` WHERE `community_id` = 30 AND `project_id` = 43 AND `status` = 1 LIMIT 1   [ RunTime:0.0489s ]

[ 2018-04-11T11:38:10+08:00 ] 127.0.0.1 /index.php/Home/Project/agreeProject
INFO: [ app_init ] --START--
INFO: Run Behavior\BuildLiteBehavior [ RunTime:0.000010s ]
INFO: [ app_init ] --END-- [ RunTime:0.000342s ]
INFO: [ app_begin ] --START--
INFO: Run Behavior\ReadHtmlCacheBehavior [ RunTime:0.000538s ]
INFO: [ app_begin ] --END-- [ RunTime:0.000574s ]
SQL: SHOW COLUMNS FROM `sjy_community_user_info` [ RunTime:0.0470s ]
SQL: SELECT * FROM `sjy_community_user_info` WHERE `sjy_id` = 57 LIMIT 1   [ RunTime:0.0464s ]
SQL: SHOW COLUMNS FROM `sjy_project` [ RunTime:0.0472s ]
SQL: SELECT * FROM `sjy_project` WHERE `community_id` = 30 AND `status` BETWEEN 1 AND 99 LIMIT 1   [ RunTime:0.0464s ]
SQL: SHOW COLUMNS FROM `sjy_cities` [ RunTime:0.0458s ]
SQL: SELECT `city` FROM `sjy_cities` WHERE `cityid` = 110000 LIMIT 1   [ RunTime:0.0472s ]
NOTIC: [8] Undefined variable: islogin C:\xampp\htdocs\shejuyi\Application\Home\Controller\BaseController.class.php 第 118 行.
SQL: UPDATE `sjy_project` SET `status`='2',`community_agreen_project_start_time`='2018-04-11 11:38:09',`community_agreen_project_start_people_id`='57',`community_agreen_project_start_people`='高学婷' WHERE `project_id` = 43 AND `community_id` = 30 AND `origanization_id` = 24 AND `status` = 1 [ RunTime:0.0470s ]
SQL: SHOW COLUMNS FROM `sjy_origanization_base_info` [ RunTime:0.0464s ]
SQL: SELECT `sjy_origanization_name` FROM `sjy_origanization_base_info` WHERE `sjy_id` = 24 LIMIT 1   [ RunTime:0.0520s ]
SQL: SHOW COLUMNS FROM `sjy_community_project_info` [ RunTime:0.0463s ]
SQL: UPDATE `sjy_community_project_info` SET `sjy_community_project_status`='1',`sjy_community_project_origanization`='24',`sjy_community_project_origanization_name`='北京市通州区启明星机构' WHERE `sjy_id` = 43 [ RunTime:0.0474s ]

[ 2018-04-11T11:38:10+08:00 ] 127.0.0.1 /index.php/Home/Project/waitOriganizationStart
INFO: [ app_init ] --START--
INFO: Run Behavior\BuildLiteBehavior [ RunTime:0.000012s ]
INFO: [ app_init ] --END-- [ RunTime:0.000352s ]
INFO: [ app_begin ] --START--
INFO: Run Behavior\ReadHtmlCacheBehavior [ RunTime:0.000946s ]
INFO: [ app_begin ] --END-- [ RunTime:0.001059s ]
SQL: SHOW COLUMNS FROM `sjy_community_user_info` [ RunTime:0.0393s ]
SQL: SELECT * FROM `sjy_community_user_info` WHERE `sjy_id` = 57 LIMIT 1   [ RunTime:0.0431s ]
SQL: SHOW COLUMNS FROM `sjy_project` [ RunTime:0.0421s ]
SQL: SELECT * FROM `sjy_project` WHERE `community_id` = 30 AND `status` BETWEEN 1 AND 99 LIMIT 1   [ RunTime:0.0462s ]
SQL: SHOW COLUMNS FROM `sjy_cities` [ RunTime:0.0459s ]
SQL: SELECT `city` FROM `sjy_cities` WHERE `cityid` = 110000 LIMIT 1   [ RunTime:0.0445s ]
NOTIC: [8] Undefined variable: islogin C:\xampp\htdocs\shejuyi\Application\Home\Controller\BaseController.class.php 第 118 行.
SQL: SELECT * FROM `sjy_project` WHERE `community_id` = 30 AND `status` = 2  [ RunTime:0.0462s ]
SQL: SHOW COLUMNS FROM `sjy_community_project_info` [ RunTime:0.0463s ]
SQL: SELECT * FROM `sjy_community_project_info` WHERE `sjy_id` = 43 LIMIT 1   [ RunTime:0.0463s ]

