[ 2018-04-12T14:40:19+08:00 ] 127.0.0.1 /
INFO: [ app_init ] --START--
INFO: Run Behavior\BuildLiteBehavior [ RunTime:0.000017s ]
INFO: [ app_init ] --END-- [ RunTime:0.011983s ]
INFO: [ app_begin ] --START--
INFO: Run Behavior\ReadHtmlCacheBehavior [ RunTime:0.014024s ]
INFO: [ app_begin ] --END-- [ RunTime:0.014090s ]
INFO: [ view_parse ] --START--
INFO: [ template_filter ] --START--
INFO: Run Behavior\ContentReplaceBehavior [ RunTime:0.000126s ]
INFO: [ template_filter ] --END-- [ RunTime:0.000173s ]
INFO: Run Behavior\ParseTemplateBehavior [ RunTime:0.329242s ]
INFO: [ view_parse ] --END-- [ RunTime:0.329300s ]
INFO: [ view_filter ] --START--
INFO: Run Behavior\WriteHtmlCacheBehavior [ RunTime:0.008160s ]
INFO: [ view_filter ] --END-- [ RunTime:0.008205s ]
INFO: [ app_end ] --START--
INFO: Run Behavior\ShowPageTraceBehavior [ RunTime:0.012898s ]
INFO: [ app_end ] --END-- [ RunTime:0.012952s ]

[ 2018-04-12T14:49:40+08:00 ] 127.0.0.1 /index.php/Home/Login/verify?t=1523515780365
INFO: [ app_init ] --START--
INFO: Run Behavior\BuildLiteBehavior [ RunTime:0.000012s ]
INFO: [ app_init ] --END-- [ RunTime:0.000402s ]
INFO: [ app_begin ] --START--
INFO: Run Behavior\ReadHtmlCacheBehavior [ RunTime:0.000720s ]
INFO: [ app_begin ] --END-- [ RunTime:0.000758s ]
INFO: [ app_end ] --START--
INFO: Run Behavior\ShowPageTraceBehavior [ RunTime:0.001725s ]
INFO: [ app_end ] --END-- [ RunTime:0.001844s ]

[ 2018-04-12T14:50:09+08:00 ] 127.0.0.1 /index.php/Home/Login/dologin
INFO: [ app_init ] --START--
INFO: Run Behavior\BuildLiteBehavior [ RunTime:0.000010s ]
INFO: [ app_init ] --END-- [ RunTime:0.000325s ]
INFO: [ app_begin ] --START--
INFO: Run Behavior\ReadHtmlCacheBehavior [ RunTime:0.000517s ]
INFO: [ app_begin ] --END-- [ RunTime:0.000553s ]
SQL: SHOW COLUMNS FROM `sjy_community_user_info` [ RunTime:0.0411s ]
SQL: SELECT * FROM `sjy_community_user_info` WHERE `sjy_community_login_id` = '13820962107' AND `password` = 'e10adc3949ba59abbe56e057f20f883e' LIMIT 1   [ RunTime:0.0414s ]
SQL: SELECT * FROM `sjy_community_user_info` WHERE `sjy_community_login_id` = '13820962107' LIMIT 1   [ RunTime:0.0448s ]

[ 2018-04-12T14:50:09+08:00 ] 127.0.0.1 /index.php/Home/Community/index
INFO: [ app_init ] --START--
INFO: Run Behavior\BuildLiteBehavior [ RunTime:0.000013s ]
INFO: [ app_init ] --END-- [ RunTime:0.000385s ]
INFO: [ app_begin ] --START--
INFO: Run Behavior\ReadHtmlCacheBehavior [ RunTime:0.000608s ]
INFO: [ app_begin ] --END-- [ RunTime:0.000658s ]
SQL: SHOW COLUMNS FROM `sjy_community_user_info` [ RunTime:0.0393s ]
SQL: SELECT * FROM `sjy_community_user_info` WHERE `sjy_id` = 57 LIMIT 1   [ RunTime:0.0393s ]
SQL: SHOW COLUMNS FROM `sjy_project` [ RunTime:0.0425s ]
SQL: SELECT * FROM `sjy_project` WHERE `community_id` = 30 AND `status` BETWEEN 1 AND 99 LIMIT 1   [ RunTime:0.0388s ]
SQL: SHOW COLUMNS FROM `sjy_cities` [ RunTime:0.0470s ]
SQL: SELECT `city` FROM `sjy_cities` WHERE `cityid` = 110000 LIMIT 1   [ RunTime:0.0395s ]
NOTIC: [8] Undefined variable: islogin C:\xampp\htdocs\shejuyi\Application\Home\Controller\BaseController.class.php 第 118 行.
SQL: SELECT * FROM `sjy_project` WHERE `status` = 2 AND `community_id` = 30  [ RunTime:0.0448s ]
INFO: [ view_parse ] --START--
INFO: [ template_filter ] --START--
INFO: Run Behavior\ContentReplaceBehavior [ RunTime:0.000106s ]
INFO: [ template_filter ] --END-- [ RunTime:0.000160s ]
INFO: Run Behavior\ParseTemplateBehavior [ RunTime:0.045763s ]
INFO: [ view_parse ] --END-- [ RunTime:0.045834s ]
INFO: [ view_filter ] --START--
INFO: Run Behavior\WriteHtmlCacheBehavior [ RunTime:0.000498s ]
INFO: [ view_filter ] --END-- [ RunTime:0.000530s ]
INFO: [ app_end ] --START--
INFO: Run Behavior\ShowPageTraceBehavior [ RunTime:0.000607s ]
INFO: [ app_end ] --END-- [ RunTime:0.000648s ]

[ 2018-04-12T14:50:10+08:00 ] 127.0.0.1 /index.php/Home/Community/getoriganizationlist/page/1
INFO: [ app_init ] --START--
INFO: Run Behavior\BuildLiteBehavior [ RunTime:0.000013s ]
INFO: [ app_init ] --END-- [ RunTime:0.000367s ]
INFO: [ app_begin ] --START--
INFO: Run Behavior\ReadHtmlCacheBehavior [ RunTime:0.000553s ]
INFO: [ app_begin ] --END-- [ RunTime:0.000595s ]
SQL: SHOW COLUMNS FROM `sjy_community_user_info` [ RunTime:0.0408s ]
SQL: SELECT * FROM `sjy_community_user_info` WHERE `sjy_id` = 57 LIMIT 1   [ RunTime:0.0477s ]
SQL: SHOW COLUMNS FROM `sjy_project` [ RunTime:0.0421s ]
SQL: SELECT * FROM `sjy_project` WHERE `community_id` = 30 AND `status` BETWEEN 1 AND 99 LIMIT 1   [ RunTime:0.0441s ]
SQL: SHOW COLUMNS FROM `sjy_cities` [ RunTime:0.0419s ]
SQL: SELECT `city` FROM `sjy_cities` WHERE `cityid` = 110000 LIMIT 1   [ RunTime:0.0387s ]
NOTIC: [8] Undefined variable: islogin C:\xampp\htdocs\shejuyi\Application\Home\Controller\BaseController.class.php 第 118 行.
SQL: SELECT * FROM `sjy_project` WHERE `status` = 2 AND `community_id` = 30  [ RunTime:0.0393s ]
SQL: SHOW COLUMNS FROM `sjy_origanization_position_info` [ RunTime:0.0466s ]
SQL: SELECT `sjy_origanization_id` FROM `sjy_origanization_position_info` WHERE `sjy_origanization_city` = 110000  [ RunTime:0.0463s ]
SQL: SHOW COLUMNS FROM `sjy_origanization_base_info` [ RunTime:0.0466s ]
SQL: SELECT * FROM `sjy_origanization_base_info` LIMIT 0,10   [ RunTime:0.0386s ]
SQL: SELECT * FROM `sjy_origanization_position_info` WHERE `sjy_origanization_id` = '24' LIMIT 1   [ RunTime:0.0474s ]
SQL: SELECT COUNT(*) AS tp_count FROM `sjy_origanization_base_info` LIMIT 1   [ RunTime:0.0405s ]

[ 2018-04-12T14:57:01+08:00 ] 127.0.0.1 /index.php/Home/Home/displayOriganizationHome/id/24
INFO: [ app_init ] --START--
INFO: Run Behavior\BuildLiteBehavior [ RunTime:0.000010s ]
INFO: [ app_init ] --END-- [ RunTime:0.000379s ]
INFO: [ app_begin ] --START--
INFO: Run Behavior\ReadHtmlCacheBehavior [ RunTime:0.000678s ]
INFO: [ app_begin ] --END-- [ RunTime:0.000724s ]
SQL: SHOW COLUMNS FROM `sjy_community_user_info` [ RunTime:0.0422s ]
SQL: SELECT * FROM `sjy_community_user_info` WHERE `sjy_id` = 57 LIMIT 1   [ RunTime:0.0411s ]
SQL: SHOW COLUMNS FROM `sjy_project` [ RunTime:0.0394s ]
SQL: SELECT * FROM `sjy_project` WHERE `community_id` = 30 AND `status` BETWEEN 1 AND 99 LIMIT 1   [ RunTime:0.0523s ]
SQL: SHOW COLUMNS FROM `sjy_cities` [ RunTime:0.0371s ]
SQL: SELECT `city` FROM `sjy_cities` WHERE `cityid` = 110000 LIMIT 1   [ RunTime:0.0436s ]
NOTIC: [8] Undefined variable: islogin C:\xampp\htdocs\shejuyi\Application\Home\Controller\BaseController.class.php 第 118 行.
INFO: [ view_parse ] --START--
INFO: [ template_filter ] --START--
INFO: Run Behavior\ContentReplaceBehavior [ RunTime:0.000354s ]
INFO: [ template_filter ] --END-- [ RunTime:0.000428s ]
INFO: Run Behavior\ParseTemplateBehavior [ RunTime:0.083797s ]
INFO: [ view_parse ] --END-- [ RunTime:0.083881s ]
INFO: [ view_filter ] --START--
INFO: Run Behavior\WriteHtmlCacheBehavior [ RunTime:0.000524s ]
INFO: [ view_filter ] --END-- [ RunTime:0.000556s ]
INFO: [ app_end ] --START--
INFO: Run Behavior\ShowPageTraceBehavior [ RunTime:0.000705s ]
INFO: [ app_end ] --END-- [ RunTime:0.000746s ]

[ 2018-04-12T14:57:02+08:00 ] 127.0.0.1 /index.php/Home/Home/getOriganizationInfo?id=24
INFO: [ app_init ] --START--
INFO: Run Behavior\BuildLiteBehavior [ RunTime:0.000013s ]
INFO: [ app_init ] --END-- [ RunTime:0.000503s ]
INFO: [ app_begin ] --START--
INFO: Run Behavior\ReadHtmlCacheBehavior [ RunTime:0.000549s ]
INFO: [ app_begin ] --END-- [ RunTime:0.000588s ]
SQL: SHOW COLUMNS FROM `sjy_community_user_info` [ RunTime:0.0411s ]
SQL: SELECT * FROM `sjy_community_user_info` WHERE `sjy_id` = 57 LIMIT 1   [ RunTime:0.0433s ]
SQL: SHOW COLUMNS FROM `sjy_project` [ RunTime:0.0496s ]
SQL: SELECT * FROM `sjy_project` WHERE `community_id` = 30 AND `status` BETWEEN 1 AND 99 LIMIT 1   [ RunTime:0.0480s ]
SQL: SHOW COLUMNS FROM `sjy_cities` [ RunTime:0.0437s ]
SQL: SELECT `city` FROM `sjy_cities` WHERE `cityid` = 110000 LIMIT 1   [ RunTime:0.0451s ]
NOTIC: [8] Undefined variable: islogin C:\xampp\htdocs\shejuyi\Application\Home\Controller\BaseController.class.php 第 118 行.
SQL: SHOW COLUMNS FROM `sjy_origanization_base_info` [ RunTime:0.0406s ]
SQL: SELECT * FROM `sjy_origanization_base_info` WHERE `sjy_id` = 24 LIMIT 1   [ RunTime:0.0398s ]
SQL: SHOW COLUMNS FROM `sjy_origanization_position_info` [ RunTime:0.0503s ]
SQL: SELECT * FROM `sjy_origanization_position_info` WHERE `sjy_origanization_id` = '24' LIMIT 1   [ RunTime:0.0490s ]
SQL: SHOW COLUMNS FROM `sjy_origanization_images` [ RunTime:0.0400s ]
SQL: SELECT `sjy_origanization_images` FROM `sjy_origanization_images` WHERE `sjy_origanization_code` = '24' LIMIT 1   [ RunTime:0.0434s ]

[ 2018-04-12T14:58:29+08:00 ] 127.0.0.1 /index.php/Home/Home/displayOriganizationHome/id/24
INFO: [ app_init ] --START--
INFO: Run Behavior\BuildLiteBehavior [ RunTime:0.000021s ]
INFO: [ app_init ] --END-- [ RunTime:0.000716s ]
INFO: [ app_begin ] --START--
INFO: Run Behavior\ReadHtmlCacheBehavior [ RunTime:0.000754s ]
INFO: [ app_begin ] --END-- [ RunTime:0.000815s ]
SQL: SHOW COLUMNS FROM `sjy_community_user_info` [ RunTime:0.0456s ]
SQL: SELECT * FROM `sjy_community_user_info` WHERE `sjy_id` = 57 LIMIT 1   [ RunTime:0.0478s ]
SQL: SHOW COLUMNS FROM `sjy_project` [ RunTime:0.0469s ]
SQL: SELECT * FROM `sjy_project` WHERE `community_id` = 30 AND `status` BETWEEN 1 AND 99 LIMIT 1   [ RunTime:0.0460s ]
SQL: SHOW COLUMNS FROM `sjy_cities` [ RunTime:0.0458s ]
SQL: SELECT `city` FROM `sjy_cities` WHERE `cityid` = 110000 LIMIT 1   [ RunTime:0.0460s ]
NOTIC: [8] Undefined variable: islogin C:\xampp\htdocs\shejuyi\Application\Home\Controller\BaseController.class.php 第 118 行.
INFO: [ view_parse ] --START--
INFO: [ template_filter ] --START--
INFO: Run Behavior\ContentReplaceBehavior [ RunTime:0.000336s ]
INFO: [ template_filter ] --END-- [ RunTime:0.000428s ]
INFO: Run Behavior\ParseTemplateBehavior [ RunTime:0.066812s ]
INFO: [ view_parse ] --END-- [ RunTime:0.066894s ]
INFO: [ view_filter ] --START--
INFO: Run Behavior\WriteHtmlCacheBehavior [ RunTime:0.000440s ]
INFO: [ view_filter ] --END-- [ RunTime:0.000474s ]
INFO: [ app_end ] --START--
INFO: Run Behavior\ShowPageTraceBehavior [ RunTime:0.000618s ]
INFO: [ app_end ] --END-- [ RunTime:0.000659s ]

[ 2018-04-12T14:58:30+08:00 ] 127.0.0.1 /index.php/Home/Home/getOriganizationInfo?id=24
INFO: [ app_init ] --START--
INFO: Run Behavior\BuildLiteBehavior [ RunTime:0.000016s ]
INFO: [ app_init ] --END-- [ RunTime:0.000373s ]
INFO: [ app_begin ] --START--
INFO: Run Behavior\ReadHtmlCacheBehavior [ RunTime:0.000585s ]
INFO: [ app_begin ] --END-- [ RunTime:0.000634s ]
SQL: SHOW COLUMNS FROM `sjy_community_user_info` [ RunTime:0.0398s ]
SQL: SELECT * FROM `sjy_community_user_info` WHERE `sjy_id` = 57 LIMIT 1   [ RunTime:0.0457s ]
SQL: SHOW COLUMNS FROM `sjy_project` [ RunTime:0.0462s ]
SQL: SELECT * FROM `sjy_project` WHERE `community_id` = 30 AND `status` BETWEEN 1 AND 99 LIMIT 1   [ RunTime:0.0474s ]
SQL: SHOW COLUMNS FROM `sjy_cities` [ RunTime:0.0381s ]
SQL: SELECT `city` FROM `sjy_cities` WHERE `cityid` = 110000 LIMIT 1   [ RunTime:0.0469s ]
NOTIC: [8] Undefined variable: islogin C:\xampp\htdocs\shejuyi\Application\Home\Controller\BaseController.class.php 第 118 行.
SQL: SHOW COLUMNS FROM `sjy_origanization_base_info` [ RunTime:0.0427s ]
SQL: SELECT * FROM `sjy_origanization_base_info` WHERE `sjy_id` = 24 LIMIT 1   [ RunTime:0.0421s ]
SQL: SHOW COLUMNS FROM `sjy_origanization_position_info` [ RunTime:0.0471s ]
SQL: SELECT * FROM `sjy_origanization_position_info` WHERE `sjy_origanization_id` = '24' LIMIT 1   [ RunTime:0.0380s ]
SQL: SHOW COLUMNS FROM `sjy_origanization_images` [ RunTime:0.0470s ]
SQL: SELECT `sjy_origanization_images` FROM `sjy_origanization_images` WHERE `sjy_origanization_code` = '24' LIMIT 1   [ RunTime:0.0401s ]

[ 2018-04-12T14:58:30+08:00 ] 127.0.0.1 /index.php/Home/Home/displayOriganizationHome/id/24
INFO: [ app_init ] --START--
INFO: Run Behavior\BuildLiteBehavior [ RunTime:0.000009s ]
INFO: [ app_init ] --END-- [ RunTime:0.000381s ]
INFO: [ app_begin ] --START--
INFO: Run Behavior\ReadHtmlCacheBehavior [ RunTime:0.000727s ]
INFO: [ app_begin ] --END-- [ RunTime:0.000768s ]
SQL: SHOW COLUMNS FROM `sjy_community_user_info` [ RunTime:0.0409s ]
SQL: SELECT * FROM `sjy_community_user_info` WHERE `sjy_id` = 57 LIMIT 1   [ RunTime:0.0495s ]
SQL: SHOW COLUMNS FROM `sjy_project` [ RunTime:0.0471s ]
SQL: SELECT * FROM `sjy_project` WHERE `community_id` = 30 AND `status` BETWEEN 1 AND 99 LIMIT 1   [ RunTime:0.0489s ]
SQL: SHOW COLUMNS FROM `sjy_cities` [ RunTime:0.0401s ]
SQL: SELECT `city` FROM `sjy_cities` WHERE `cityid` = 110000 LIMIT 1   [ RunTime:0.0446s ]
NOTIC: [8] Undefined variable: islogin C:\xampp\htdocs\shejuyi\Application\Home\Controller\BaseController.class.php 第 118 行.
INFO: [ view_parse ] --START--
INFO: [ template_filter ] --START--
INFO: Run Behavior\ContentReplaceBehavior [ RunTime:0.000334s ]
INFO: [ template_filter ] --END-- [ RunTime:0.000426s ]
INFO: Run Behavior\ParseTemplateBehavior [ RunTime:0.052230s ]
INFO: [ view_parse ] --END-- [ RunTime:0.052316s ]
INFO: [ view_filter ] --START--
INFO: Run Behavior\WriteHtmlCacheBehavior [ RunTime:0.000523s ]
INFO: [ view_filter ] --END-- [ RunTime:0.000555s ]
INFO: [ app_end ] --START--
INFO: Run Behavior\ShowPageTraceBehavior [ RunTime:0.000697s ]
INFO: [ app_end ] --END-- [ RunTime:0.000739s ]

[ 2018-04-12T14:58:31+08:00 ] 127.0.0.1 /index.php/Home/Home/getOriganizationInfo?id=24
INFO: [ app_init ] --START--
INFO: Run Behavior\BuildLiteBehavior [ RunTime:0.000014s ]
INFO: [ app_init ] --END-- [ RunTime:0.000369s ]
INFO: [ app_begin ] --START--
INFO: Run Behavior\ReadHtmlCacheBehavior [ RunTime:0.000575s ]
INFO: [ app_begin ] --END-- [ RunTime:0.000620s ]
SQL: SHOW COLUMNS FROM `sjy_community_user_info` [ RunTime:0.0412s ]
SQL: SELECT * FROM `sjy_community_user_info` WHERE `sjy_id` = 57 LIMIT 1   [ RunTime:0.0421s ]
SQL: SHOW COLUMNS FROM `sjy_project` [ RunTime:0.0453s ]
SQL: SELECT * FROM `sjy_project` WHERE `community_id` = 30 AND `status` BETWEEN 1 AND 99 LIMIT 1   [ RunTime:0.0399s ]
SQL: SHOW COLUMNS FROM `sjy_cities` [ RunTime:0.0470s ]
SQL: SELECT `city` FROM `sjy_cities` WHERE `cityid` = 110000 LIMIT 1   [ RunTime:0.0481s ]
NOTIC: [8] Undefined variable: islogin C:\xampp\htdocs\shejuyi\Application\Home\Controller\BaseController.class.php 第 118 行.
SQL: SHOW COLUMNS FROM `sjy_origanization_base_info` [ RunTime:0.0493s ]
SQL: SELECT * FROM `sjy_origanization_base_info` WHERE `sjy_id` = 24 LIMIT 1   [ RunTime:0.0458s ]
SQL: SHOW COLUMNS FROM `sjy_origanization_position_info` [ RunTime:0.0406s ]
SQL: SELECT * FROM `sjy_origanization_position_info` WHERE `sjy_origanization_id` = '24' LIMIT 1   [ RunTime:0.0403s ]
SQL: SHOW COLUMNS FROM `sjy_origanization_images` [ RunTime:0.0401s ]
SQL: SELECT `sjy_origanization_images` FROM `sjy_origanization_images` WHERE `sjy_origanization_code` = '24' LIMIT 1   [ RunTime:0.0479s ]

[ 2018-04-12T14:58:33+08:00 ] 127.0.0.1 /index.php/Home/Community/getoriganizationlist/page/1
INFO: [ app_init ] --START--
INFO: Run Behavior\BuildLiteBehavior [ RunTime:0.000018s ]
INFO: [ app_init ] --END-- [ RunTime:0.000399s ]
INFO: [ app_begin ] --START--
INFO: Run Behavior\ReadHtmlCacheBehavior [ RunTime:0.000591s ]
INFO: [ app_begin ] --END-- [ RunTime:0.000640s ]
SQL: SHOW COLUMNS FROM `sjy_community_user_info` [ RunTime:0.0389s ]
SQL: SELECT * FROM `sjy_community_user_info` WHERE `sjy_id` = 57 LIMIT 1   [ RunTime:0.0414s ]
SQL: SHOW COLUMNS FROM `sjy_project` [ RunTime:0.0455s ]
SQL: SELECT * FROM `sjy_project` WHERE `community_id` = 30 AND `status` BETWEEN 1 AND 99 LIMIT 1   [ RunTime:0.0449s ]
SQL: SHOW COLUMNS FROM `sjy_cities` [ RunTime:0.0465s ]
SQL: SELECT `city` FROM `sjy_cities` WHERE `cityid` = 110000 LIMIT 1   [ RunTime:0.0450s ]
NOTIC: [8] Undefined variable: islogin C:\xampp\htdocs\shejuyi\Application\Home\Controller\BaseController.class.php 第 118 行.
SQL: SELECT * FROM `sjy_project` WHERE `status` = 2 AND `community_id` = 30  [ RunTime:0.0472s ]
SQL: SHOW COLUMNS FROM `sjy_origanization_position_info` [ RunTime:0.0378s ]
SQL: SELECT `sjy_origanization_id` FROM `sjy_origanization_position_info` WHERE `sjy_origanization_city` = 110000  [ RunTime:0.0389s ]
SQL: SHOW COLUMNS FROM `sjy_origanization_base_info` [ RunTime:0.0419s ]
SQL: SELECT * FROM `sjy_origanization_base_info` LIMIT 0,10   [ RunTime:0.0381s ]
SQL: SELECT * FROM `sjy_origanization_position_info` WHERE `sjy_origanization_id` = '24' LIMIT 1   [ RunTime:0.0476s ]
SQL: SELECT COUNT(*) AS tp_count FROM `sjy_origanization_base_info` LIMIT 1   [ RunTime:0.0422s ]

[ 2018-04-12T14:58:33+08:00 ] 127.0.0.1 /index.php/Home/Community/index
INFO: [ app_init ] --START--
INFO: Run Behavior\BuildLiteBehavior [ RunTime:0.000012s ]
INFO: [ app_init ] --END-- [ RunTime:0.000353s ]
INFO: [ app_begin ] --START--
INFO: Run Behavior\ReadHtmlCacheBehavior [ RunTime:0.000575s ]
INFO: [ app_begin ] --END-- [ RunTime:0.000623s ]
SQL: SHOW COLUMNS FROM `sjy_community_user_info` [ RunTime:0.0493s ]
SQL: SELECT * FROM `sjy_community_user_info` WHERE `sjy_id` = 57 LIMIT 1   [ RunTime:0.0482s ]
SQL: SHOW COLUMNS FROM `sjy_project` [ RunTime:0.0461s ]
SQL: SELECT * FROM `sjy_project` WHERE `community_id` = 30 AND `status` BETWEEN 1 AND 99 LIMIT 1   [ RunTime:0.0402s ]
SQL: SHOW COLUMNS FROM `sjy_cities` [ RunTime:0.0503s ]
SQL: SELECT `city` FROM `sjy_cities` WHERE `cityid` = 110000 LIMIT 1   [ RunTime:0.0395s ]
NOTIC: [8] Undefined variable: islogin C:\xampp\htdocs\shejuyi\Application\Home\Controller\BaseController.class.php 第 118 行.
SQL: SELECT * FROM `sjy_project` WHERE `status` = 2 AND `community_id` = 30  [ RunTime:0.0408s ]
INFO: [ view_parse ] --START--
INFO: [ template_filter ] --START--
INFO: Run Behavior\ContentReplaceBehavior [ RunTime:0.000188s ]
INFO: [ template_filter ] --END-- [ RunTime:0.000267s ]
INFO: Run Behavior\ParseTemplateBehavior [ RunTime:0.042368s ]
INFO: [ view_parse ] --END-- [ RunTime:0.042453s ]
INFO: [ view_filter ] --START--
INFO: Run Behavior\WriteHtmlCacheBehavior [ RunTime:0.000437s ]
INFO: [ view_filter ] --END-- [ RunTime:0.000470s ]
INFO: [ app_end ] --START--
INFO: Run Behavior\ShowPageTraceBehavior [ RunTime:0.000592s ]
INFO: [ app_end ] --END-- [ RunTime:0.000629s ]

[ 2018-04-12T14:58:34+08:00 ] 127.0.0.1 /index.php/Home/Community/getoriganizationlist/page/1
INFO: [ app_init ] --START--
INFO: Run Behavior\BuildLiteBehavior [ RunTime:0.000012s ]
INFO: [ app_init ] --END-- [ RunTime:0.000344s ]
INFO: [ app_begin ] --START--
INFO: Run Behavior\ReadHtmlCacheBehavior [ RunTime:0.000536s ]
INFO: [ app_begin ] --END-- [ RunTime:0.000574s ]
SQL: SHOW COLUMNS FROM `sjy_community_user_info` [ RunTime:0.0399s ]
SQL: SELECT * FROM `sjy_community_user_info` WHERE `sjy_id` = 57 LIMIT 1   [ RunTime:0.0482s ]
SQL: SHOW COLUMNS FROM `sjy_project` [ RunTime:0.0393s ]
SQL: SELECT * FROM `sjy_project` WHERE `community_id` = 30 AND `status` BETWEEN 1 AND 99 LIMIT 1   [ RunTime:0.0429s ]
SQL: SHOW COLUMNS FROM `sjy_cities` [ RunTime:0.0376s ]
SQL: SELECT `city` FROM `sjy_cities` WHERE `cityid` = 110000 LIMIT 1   [ RunTime:0.0460s ]
NOTIC: [8] Undefined variable: islogin C:\xampp\htdocs\shejuyi\Application\Home\Controller\BaseController.class.php 第 118 行.
SQL: SELECT * FROM `sjy_project` WHERE `status` = 2 AND `community_id` = 30  [ RunTime:0.0446s ]
SQL: SHOW COLUMNS FROM `sjy_origanization_position_info` [ RunTime:0.0376s ]
SQL: SELECT `sjy_origanization_id` FROM `sjy_origanization_position_info` WHERE `sjy_origanization_city` = 110000  [ RunTime:0.0395s ]
SQL: SHOW COLUMNS FROM `sjy_origanization_base_info` [ RunTime:0.0464s ]
SQL: SELECT * FROM `sjy_origanization_base_info` LIMIT 0,10   [ RunTime:0.0439s ]
SQL: SELECT * FROM `sjy_origanization_position_info` WHERE `sjy_origanization_id` = '24' LIMIT 1   [ RunTime:0.0456s ]
SQL: SELECT COUNT(*) AS tp_count FROM `sjy_origanization_base_info` LIMIT 1   [ RunTime:0.0452s ]

[ 2018-04-12T14:58:35+08:00 ] 127.0.0.1 /index.php/Home/Community/index
INFO: [ app_init ] --START--
INFO: Run Behavior\BuildLiteBehavior [ RunTime:0.000021s ]
INFO: [ app_init ] --END-- [ RunTime:0.000701s ]
INFO: [ app_begin ] --START--
INFO: Run Behavior\ReadHtmlCacheBehavior [ RunTime:0.001184s ]
INFO: [ app_begin ] --END-- [ RunTime:0.001289s ]
SQL: SHOW COLUMNS FROM `sjy_community_user_info` [ RunTime:0.0497s ]
SQL: SELECT * FROM `sjy_community_user_info` WHERE `sjy_id` = 57 LIMIT 1   [ RunTime:0.0399s ]
SQL: SHOW COLUMNS FROM `sjy_project` [ RunTime:0.0450s ]
SQL: SELECT * FROM `sjy_project` WHERE `community_id` = 30 AND `status` BETWEEN 1 AND 99 LIMIT 1   [ RunTime:0.0408s ]
SQL: SHOW COLUMNS FROM `sjy_cities` [ RunTime:0.0451s ]
SQL: SELECT `city` FROM `sjy_cities` WHERE `cityid` = 110000 LIMIT 1   [ RunTime:0.0391s ]
NOTIC: [8] Undefined variable: islogin C:\xampp\htdocs\shejuyi\Application\Home\Controller\BaseController.class.php 第 118 行.
SQL: SELECT * FROM `sjy_project` WHERE `status` = 2 AND `community_id` = 30  [ RunTime:0.0541s ]
INFO: [ view_parse ] --START--
INFO: [ template_filter ] --START--
INFO: Run Behavior\ContentReplaceBehavior [ RunTime:0.000177s ]
INFO: [ template_filter ] --END-- [ RunTime:0.000250s ]
INFO: Run Behavior\ParseTemplateBehavior [ RunTime:0.039128s ]
INFO: [ view_parse ] --END-- [ RunTime:0.039211s ]
INFO: [ view_filter ] --START--
INFO: Run Behavior\WriteHtmlCacheBehavior [ RunTime:0.000464s ]
INFO: [ view_filter ] --END-- [ RunTime:0.000502s ]
INFO: [ app_end ] --START--
INFO: Run Behavior\ShowPageTraceBehavior [ RunTime:0.000627s ]
INFO: [ app_end ] --END-- [ RunTime:0.000666s ]

[ 2018-04-12T14:58:36+08:00 ] 127.0.0.1 /index.php/Home/Community/getoriganizationlist/page/1
INFO: [ app_init ] --START--
INFO: Run Behavior\BuildLiteBehavior [ RunTime:0.000012s ]
INFO: [ app_init ] --END-- [ RunTime:0.000342s ]
INFO: [ app_begin ] --START--
INFO: Run Behavior\ReadHtmlCacheBehavior [ RunTime:0.000538s ]
INFO: [ app_begin ] --END-- [ RunTime:0.000577s ]
SQL: SHOW COLUMNS FROM `sjy_community_user_info` [ RunTime:0.0455s ]
SQL: SELECT * FROM `sjy_community_user_info` WHERE `sjy_id` = 57 LIMIT 1   [ RunTime:0.0479s ]
SQL: SHOW COLUMNS FROM `sjy_project` [ RunTime:0.0491s ]
SQL: SELECT * FROM `sjy_project` WHERE `community_id` = 30 AND `status` BETWEEN 1 AND 99 LIMIT 1   [ RunTime:0.0476s ]
SQL: SHOW COLUMNS FROM `sjy_cities` [ RunTime:0.0469s ]
SQL: SELECT `city` FROM `sjy_cities` WHERE `cityid` = 110000 LIMIT 1   [ RunTime:0.0413s ]
NOTIC: [8] Undefined variable: islogin C:\xampp\htdocs\shejuyi\Application\Home\Controller\BaseController.class.php 第 118 行.
SQL: SELECT * FROM `sjy_project` WHERE `status` = 2 AND `community_id` = 30  [ RunTime:0.0469s ]
SQL: SHOW COLUMNS FROM `sjy_origanization_position_info` [ RunTime:0.0410s ]
SQL: SELECT `sjy_origanization_id` FROM `sjy_origanization_position_info` WHERE `sjy_origanization_city` = 110000  [ RunTime:0.0487s ]
SQL: SHOW COLUMNS FROM `sjy_origanization_base_info` [ RunTime:0.0456s ]
SQL: SELECT * FROM `sjy_origanization_base_info` LIMIT 0,10   [ RunTime:0.0439s ]
SQL: SELECT * FROM `sjy_origanization_position_info` WHERE `sjy_origanization_id` = '24' LIMIT 1   [ RunTime:0.0410s ]
SQL: SELECT COUNT(*) AS tp_count FROM `sjy_origanization_base_info` LIMIT 1   [ RunTime:0.0446s ]

[ 2018-04-12T15:00:52+08:00 ] 127.0.0.1 /index.php/Home/Community/index
INFO: [ app_init ] --START--
INFO: Run Behavior\BuildLiteBehavior [ RunTime:0.000012s ]
INFO: [ app_init ] --END-- [ RunTime:0.000392s ]
INFO: [ app_begin ] --START--
INFO: Run Behavior\ReadHtmlCacheBehavior [ RunTime:0.000753s ]
INFO: [ app_begin ] --END-- [ RunTime:0.000802s ]
SQL: SHOW COLUMNS FROM `sjy_community_user_info` [ RunTime:0.0481s ]
SQL: SELECT * FROM `sjy_community_user_info` WHERE `sjy_id` = 57 LIMIT 1   [ RunTime:0.0454s ]
SQL: SHOW COLUMNS FROM `sjy_project` [ RunTime:0.0411s ]
SQL: SELECT * FROM `sjy_project` WHERE `community_id` = 30 AND `status` BETWEEN 1 AND 99 LIMIT 1   [ RunTime:0.0473s ]
SQL: SHOW COLUMNS FROM `sjy_cities` [ RunTime:0.0473s ]
SQL: SELECT `city` FROM `sjy_cities` WHERE `cityid` = 110000 LIMIT 1   [ RunTime:0.0378s ]
NOTIC: [8] Undefined variable: islogin C:\xampp\htdocs\shejuyi\Application\Home\Controller\BaseController.class.php 第 118 行.
SQL: SELECT * FROM `sjy_project` WHERE `status` = 2 AND `community_id` = 30  [ RunTime:0.0422s ]
INFO: [ view_parse ] --START--
INFO: [ template_filter ] --START--
INFO: Run Behavior\ContentReplaceBehavior [ RunTime:0.000107s ]
INFO: [ template_filter ] --END-- [ RunTime:0.000153s ]
INFO: Run Behavior\ParseTemplateBehavior [ RunTime:0.028077s ]
INFO: [ view_parse ] --END-- [ RunTime:0.028144s ]
INFO: [ view_filter ] --START--
INFO: Run Behavior\WriteHtmlCacheBehavior [ RunTime:0.000625s ]
INFO: [ view_filter ] --END-- [ RunTime:0.000661s ]
INFO: [ app_end ] --START--
INFO: Run Behavior\ShowPageTraceBehavior [ RunTime:0.000703s ]
INFO: [ app_end ] --END-- [ RunTime:0.000746s ]

[ 2018-04-12T15:00:53+08:00 ] 127.0.0.1 /index.php/Home/Community/index
INFO: [ app_init ] --START--
INFO: Run Behavior\BuildLiteBehavior [ RunTime:0.000015s ]
INFO: [ app_init ] --END-- [ RunTime:0.000377s ]
INFO: [ app_begin ] --START--
INFO: Run Behavior\ReadHtmlCacheBehavior [ RunTime:0.000567s ]
INFO: [ app_begin ] --END-- [ RunTime:0.000618s ]
SQL: SHOW COLUMNS FROM `sjy_community_user_info` [ RunTime:0.0472s ]
SQL: SELECT * FROM `sjy_community_user_info` WHERE `sjy_id` = 57 LIMIT 1   [ RunTime:0.0483s ]
SQL: SHOW COLUMNS FROM `sjy_project` [ RunTime:0.0402s ]
SQL: SELECT * FROM `sjy_project` WHERE `community_id` = 30 AND `status` BETWEEN 1 AND 99 LIMIT 1   [ RunTime:0.0450s ]
SQL: SHOW COLUMNS FROM `sjy_cities` [ RunTime:0.0398s ]
SQL: SELECT `city` FROM `sjy_cities` WHERE `cityid` = 110000 LIMIT 1   [ RunTime:0.0453s ]
NOTIC: [8] Undefined variable: islogin C:\xampp\htdocs\shejuyi\Application\Home\Controller\BaseController.class.php 第 118 行.
SQL: SELECT * FROM `sjy_project` WHERE `status` = 2 AND `community_id` = 30  [ RunTime:0.0484s ]
INFO: [ view_parse ] --START--
INFO: [ template_filter ] --START--
INFO: Run Behavior\ContentReplaceBehavior [ RunTime:0.000101s ]
INFO: [ template_filter ] --END-- [ RunTime:0.000149s ]
INFO: Run Behavior\ParseTemplateBehavior [ RunTime:0.025036s ]
INFO: [ view_parse ] --END-- [ RunTime:0.025095s ]
INFO: [ view_filter ] --START--
INFO: Run Behavior\WriteHtmlCacheBehavior [ RunTime:0.000384s ]
INFO: [ view_filter ] --END-- [ RunTime:0.000414s ]
INFO: [ app_end ] --START--
INFO: Run Behavior\ShowPageTraceBehavior [ RunTime:0.000559s ]
INFO: [ app_end ] --END-- [ RunTime:0.000597s ]

[ 2018-04-12T15:00:54+08:00 ] 127.0.0.1 /index.php/Home/Community/getoriganizationlist/page/1
INFO: [ app_init ] --START--
INFO: Run Behavior\BuildLiteBehavior [ RunTime:0.000014s ]
INFO: [ app_init ] --END-- [ RunTime:0.000486s ]
INFO: [ app_begin ] --START--
INFO: Run Behavior\ReadHtmlCacheBehavior [ RunTime:0.000761s ]
INFO: [ app_begin ] --END-- [ RunTime:0.000808s ]
SQL: SHOW COLUMNS FROM `sjy_community_user_info` [ RunTime:0.0510s ]
SQL: SELECT * FROM `sjy_community_user_info` WHERE `sjy_id` = 57 LIMIT 1   [ RunTime:0.0537s ]
SQL: SHOW COLUMNS FROM `sjy_project` [ RunTime:0.0490s ]
SQL: SELECT * FROM `sjy_project` WHERE `community_id` = 30 AND `status` BETWEEN 1 AND 99 LIMIT 1   [ RunTime:0.0453s ]
SQL: SHOW COLUMNS FROM `sjy_cities` [ RunTime:0.0460s ]
SQL: SELECT `city` FROM `sjy_cities` WHERE `cityid` = 110000 LIMIT 1   [ RunTime:0.0432s ]
NOTIC: [8] Undefined variable: islogin C:\xampp\htdocs\shejuyi\Application\Home\Controller\BaseController.class.php 第 118 行.
SQL: SELECT * FROM `sjy_project` WHERE `status` = 2 AND `community_id` = 30  [ RunTime:0.0505s ]
SQL: SHOW COLUMNS FROM `sjy_origanization_position_info` [ RunTime:0.0498s ]
SQL: SELECT `sjy_origanization_id` FROM `sjy_origanization_position_info` WHERE `sjy_origanization_city` = 110000  [ RunTime:0.0507s ]
SQL: SHOW COLUMNS FROM `sjy_origanization_base_info` [ RunTime:0.0461s ]
SQL: SELECT * FROM `sjy_origanization_base_info` LIMIT 0,10   [ RunTime:0.0457s ]
SQL: SELECT * FROM `sjy_origanization_position_info` WHERE `sjy_origanization_id` = '24' LIMIT 1   [ RunTime:0.0484s ]
SQL: SELECT COUNT(*) AS tp_count FROM `sjy_origanization_base_info` LIMIT 1   [ RunTime:0.0416s ]

[ 2018-04-12T15:00:55+08:00 ] 127.0.0.1 /index.php/Home/Community/getoriganizationlist/page/1
INFO: [ app_init ] --START--
INFO: Run Behavior\BuildLiteBehavior [ RunTime:0.000012s ]
INFO: [ app_init ] --END-- [ RunTime:0.000369s ]
INFO: [ app_begin ] --START--
INFO: Run Behavior\ReadHtmlCacheBehavior [ RunTime:0.000577s ]
INFO: [ app_begin ] --END-- [ RunTime:0.000621s ]
SQL: SHOW COLUMNS FROM `sjy_community_user_info` [ RunTime:0.0460s ]
SQL: SELECT * FROM `sjy_community_user_info` WHERE `sjy_id` = 57 LIMIT 1   [ RunTime:0.0426s ]
SQL: SHOW COLUMNS FROM `sjy_project` [ RunTime:0.0438s ]
SQL: SELECT * FROM `sjy_project` WHERE `community_id` = 30 AND `status` BETWEEN 1 AND 99 LIMIT 1   [ RunTime:0.0493s ]
SQL: SHOW COLUMNS FROM `sjy_cities` [ RunTime:0.0400s ]
SQL: SELECT `city` FROM `sjy_cities` WHERE `cityid` = 110000 LIMIT 1   [ RunTime:0.0395s ]
NOTIC: [8] Undefined variable: islogin C:\xampp\htdocs\shejuyi\Application\Home\Controller\BaseController.class.php 第 118 行.
SQL: SELECT * FROM `sjy_project` WHERE `status` = 2 AND `community_id` = 30  [ RunTime:0.0394s ]
SQL: SHOW COLUMNS FROM `sjy_origanization_position_info` [ RunTime:0.0469s ]
SQL: SELECT `sjy_origanization_id` FROM `sjy_origanization_position_info` WHERE `sjy_origanization_city` = 110000  [ RunTime:0.0390s ]
SQL: SHOW COLUMNS FROM `sjy_origanization_base_info` [ RunTime:0.0413s ]
SQL: SELECT * FROM `sjy_origanization_base_info` LIMIT 0,10   [ RunTime:0.0455s ]
SQL: SELECT * FROM `sjy_origanization_position_info` WHERE `sjy_origanization_id` = '24' LIMIT 1   [ RunTime:0.0450s ]
SQL: SELECT COUNT(*) AS tp_count FROM `sjy_origanization_base_info` LIMIT 1   [ RunTime:0.0440s ]

[ 2018-04-12T15:00:55+08:00 ] 127.0.0.1 /index.php/Home/Community/index
INFO: [ app_init ] --START--
INFO: Run Behavior\BuildLiteBehavior [ RunTime:0.000010s ]
INFO: [ app_init ] --END-- [ RunTime:0.000327s ]
INFO: [ app_begin ] --START--
INFO: Run Behavior\ReadHtmlCacheBehavior [ RunTime:0.000517s ]
INFO: [ app_begin ] --END-- [ RunTime:0.000557s ]
SQL: SHOW COLUMNS FROM `sjy_community_user_info` [ RunTime:0.0492s ]
SQL: SELECT * FROM `sjy_community_user_info` WHERE `sjy_id` = 57 LIMIT 1   [ RunTime:0.0402s ]
SQL: SHOW COLUMNS FROM `sjy_project` [ RunTime:0.0458s ]
SQL: SELECT * FROM `sjy_project` WHERE `community_id` = 30 AND `status` BETWEEN 1 AND 99 LIMIT 1   [ RunTime:0.0464s ]
SQL: SHOW COLUMNS FROM `sjy_cities` [ RunTime:0.0490s ]
SQL: SELECT `city` FROM `sjy_cities` WHERE `cityid` = 110000 LIMIT 1   [ RunTime:0.0442s ]
NOTIC: [8] Undefined variable: islogin C:\xampp\htdocs\shejuyi\Application\Home\Controller\BaseController.class.php 第 118 行.
SQL: SELECT * FROM `sjy_project` WHERE `status` = 2 AND `community_id` = 30  [ RunTime:0.0408s ]
INFO: [ view_parse ] --START--
INFO: [ template_filter ] --START--
INFO: Run Behavior\ContentReplaceBehavior [ RunTime:0.000204s ]
INFO: [ template_filter ] --END-- [ RunTime:0.000295s ]
INFO: Run Behavior\ParseTemplateBehavior [ RunTime:0.038557s ]
INFO: [ view_parse ] --END-- [ RunTime:0.038638s ]
INFO: [ view_filter ] --START--
INFO: Run Behavior\WriteHtmlCacheBehavior [ RunTime:0.000633s ]
INFO: [ view_filter ] --END-- [ RunTime:0.000670s ]
INFO: [ app_end ] --START--
INFO: Run Behavior\ShowPageTraceBehavior [ RunTime:0.000697s ]
INFO: [ app_end ] --END-- [ RunTime:0.000737s ]

[ 2018-04-12T15:00:56+08:00 ] 127.0.0.1 /index.php/Home/Community/getoriganizationlist/page/1
INFO: [ app_init ] --START--
INFO: Run Behavior\BuildLiteBehavior [ RunTime:0.000011s ]
INFO: [ app_init ] --END-- [ RunTime:0.000341s ]
INFO: [ app_begin ] --START--
INFO: Run Behavior\ReadHtmlCacheBehavior [ RunTime:0.000531s ]
INFO: [ app_begin ] --END-- [ RunTime:0.000567s ]
SQL: SHOW COLUMNS FROM `sjy_community_user_info` [ RunTime:0.0404s ]
SQL: SELECT * FROM `sjy_community_user_info` WHERE `sjy_id` = 57 LIMIT 1   [ RunTime:0.0452s ]
SQL: SHOW COLUMNS FROM `sjy_project` [ RunTime:0.0449s ]
SQL: SELECT * FROM `sjy_project` WHERE `community_id` = 30 AND `status` BETWEEN 1 AND 99 LIMIT 1   [ RunTime:0.0474s ]
SQL: SHOW COLUMNS FROM `sjy_cities` [ RunTime:0.0465s ]
SQL: SELECT `city` FROM `sjy_cities` WHERE `cityid` = 110000 LIMIT 1   [ RunTime:0.0476s ]
NOTIC: [8] Undefined variable: islogin C:\xampp\htdocs\shejuyi\Application\Home\Controller\BaseController.class.php 第 118 行.
SQL: SELECT * FROM `sjy_project` WHERE `status` = 2 AND `community_id` = 30  [ RunTime:0.0465s ]
SQL: SHOW COLUMNS FROM `sjy_origanization_position_info` [ RunTime:0.0449s ]
SQL: SELECT `sjy_origanization_id` FROM `sjy_origanization_position_info` WHERE `sjy_origanization_city` = 110000  [ RunTime:0.0410s ]
SQL: SHOW COLUMNS FROM `sjy_origanization_base_info` [ RunTime:0.0435s ]
SQL: SELECT * FROM `sjy_origanization_base_info` LIMIT 0,10   [ RunTime:0.0467s ]
SQL: SELECT * FROM `sjy_origanization_position_info` WHERE `sjy_origanization_id` = '24' LIMIT 1   [ RunTime:0.0395s ]
SQL: SELECT COUNT(*) AS tp_count FROM `sjy_origanization_base_info` LIMIT 1   [ RunTime:0.0392s ]

[ 2018-04-12T15:00:56+08:00 ] 127.0.0.1 /index.php/Home/Community/index
INFO: [ app_init ] --START--
INFO: Run Behavior\BuildLiteBehavior [ RunTime:0.000010s ]
INFO: [ app_init ] --END-- [ RunTime:0.000329s ]
INFO: [ app_begin ] --START--
INFO: Run Behavior\ReadHtmlCacheBehavior [ RunTime:0.000526s ]
INFO: [ app_begin ] --END-- [ RunTime:0.000567s ]
SQL: SHOW COLUMNS FROM `sjy_community_user_info` [ RunTime:0.0450s ]
SQL: SELECT * FROM `sjy_community_user_info` WHERE `sjy_id` = 57 LIMIT 1   [ RunTime:0.0453s ]
SQL: SHOW COLUMNS FROM `sjy_project` [ RunTime:0.0474s ]
SQL: SELECT * FROM `sjy_project` WHERE `community_id` = 30 AND `status` BETWEEN 1 AND 99 LIMIT 1   [ RunTime:0.0457s ]
SQL: SHOW COLUMNS FROM `sjy_cities` [ RunTime:0.0465s ]
SQL: SELECT `city` FROM `sjy_cities` WHERE `cityid` = 110000 LIMIT 1   [ RunTime:0.0444s ]
NOTIC: [8] Undefined variable: islogin C:\xampp\htdocs\shejuyi\Application\Home\Controller\BaseController.class.php 第 118 行.
SQL: SELECT * FROM `sjy_project` WHERE `status` = 2 AND `community_id` = 30  [ RunTime:0.0388s ]
INFO: [ view_parse ] --START--
INFO: [ template_filter ] --START--
INFO: Run Behavior\ContentReplaceBehavior [ RunTime:0.000095s ]
INFO: [ template_filter ] --END-- [ RunTime:0.000145s ]
INFO: Run Behavior\ParseTemplateBehavior [ RunTime:0.026056s ]
INFO: [ view_parse ] --END-- [ RunTime:0.026116s ]
INFO: [ view_filter ] --START--
INFO: Run Behavior\WriteHtmlCacheBehavior [ RunTime:0.000398s ]
INFO: [ view_filter ] --END-- [ RunTime:0.000431s ]
INFO: [ app_end ] --START--
INFO: Run Behavior\ShowPageTraceBehavior [ RunTime:0.000633s ]
INFO: [ app_end ] --END-- [ RunTime:0.000672s ]

[ 2018-04-12T15:00:57+08:00 ] 127.0.0.1 /index.php/Home/Community/getoriganizationlist/page/1
INFO: [ app_init ] --START--
INFO: Run Behavior\BuildLiteBehavior [ RunTime:0.000012s ]
INFO: [ app_init ] --END-- [ RunTime:0.000349s ]
INFO: [ app_begin ] --START--
INFO: Run Behavior\ReadHtmlCacheBehavior [ RunTime:0.000555s ]
INFO: [ app_begin ] --END-- [ RunTime:0.000599s ]
SQL: SHOW COLUMNS FROM `sjy_community_user_info` [ RunTime:0.0418s ]
SQL: SELECT * FROM `sjy_community_user_info` WHERE `sjy_id` = 57 LIMIT 1   [ RunTime:0.0390s ]
SQL: SHOW COLUMNS FROM `sjy_project` [ RunTime:0.0475s ]
SQL: SELECT * FROM `sjy_project` WHERE `community_id` = 30 AND `status` BETWEEN 1 AND 99 LIMIT 1   [ RunTime:0.0407s ]
SQL: SHOW COLUMNS FROM `sjy_cities` [ RunTime:0.0458s ]
SQL: SELECT `city` FROM `sjy_cities` WHERE `cityid` = 110000 LIMIT 1   [ RunTime:0.0421s ]
NOTIC: [8] Undefined variable: islogin C:\xampp\htdocs\shejuyi\Application\Home\Controller\BaseController.class.php 第 118 行.
SQL: SELECT * FROM `sjy_project` WHERE `status` = 2 AND `community_id` = 30  [ RunTime:0.0459s ]
SQL: SHOW COLUMNS FROM `sjy_origanization_position_info` [ RunTime:0.0391s ]
SQL: SELECT `sjy_origanization_id` FROM `sjy_origanization_position_info` WHERE `sjy_origanization_city` = 110000  [ RunTime:0.0450s ]
SQL: SHOW COLUMNS FROM `sjy_origanization_base_info` [ RunTime:0.0469s ]
SQL: SELECT * FROM `sjy_origanization_base_info` LIMIT 0,10   [ RunTime:0.0424s ]
SQL: SELECT * FROM `sjy_origanization_position_info` WHERE `sjy_origanization_id` = '24' LIMIT 1   [ RunTime:0.0455s ]
SQL: SELECT COUNT(*) AS tp_count FROM `sjy_origanization_base_info` LIMIT 1   [ RunTime:0.0380s ]

[ 2018-04-12T15:00:58+08:00 ] 127.0.0.1 /index.php/Home/Community/index
INFO: [ app_init ] --START--
INFO: Run Behavior\BuildLiteBehavior [ RunTime:0.000013s ]
INFO: [ app_init ] --END-- [ RunTime:0.000404s ]
INFO: [ app_begin ] --START--
INFO: Run Behavior\ReadHtmlCacheBehavior [ RunTime:0.000624s ]
INFO: [ app_begin ] --END-- [ RunTime:0.000676s ]
SQL: SHOW COLUMNS FROM `sjy_community_user_info` [ RunTime:0.0446s ]
SQL: SELECT * FROM `sjy_community_user_info` WHERE `sjy_id` = 57 LIMIT 1   [ RunTime:0.0441s ]
SQL: SHOW COLUMNS FROM `sjy_project` [ RunTime:0.0481s ]
SQL: SELECT * FROM `sjy_project` WHERE `community_id` = 30 AND `status` BETWEEN 1 AND 99 LIMIT 1   [ RunTime:0.0486s ]
SQL: SHOW COLUMNS FROM `sjy_cities` [ RunTime:0.0466s ]
SQL: SELECT `city` FROM `sjy_cities` WHERE `cityid` = 110000 LIMIT 1   [ RunTime:0.0492s ]
NOTIC: [8] Undefined variable: islogin C:\xampp\htdocs\shejuyi\Application\Home\Controller\BaseController.class.php 第 118 行.
SQL: SELECT * FROM `sjy_project` WHERE `status` = 2 AND `community_id` = 30  [ RunTime:0.0453s ]
INFO: [ view_parse ] --START--
INFO: [ template_filter ] --START--
INFO: Run Behavior\ContentReplaceBehavior [ RunTime:0.000205s ]
INFO: [ template_filter ] --END-- [ RunTime:0.000296s ]
INFO: Run Behavior\ParseTemplateBehavior [ RunTime:0.051550s ]
INFO: [ view_parse ] --END-- [ RunTime:0.051634s ]
INFO: [ view_filter ] --START--
INFO: Run Behavior\WriteHtmlCacheBehavior [ RunTime:0.000408s ]
INFO: [ view_filter ] --END-- [ RunTime:0.000440s ]
INFO: [ app_end ] --START--
INFO: Run Behavior\ShowPageTraceBehavior [ RunTime:0.000558s ]
INFO: [ app_end ] --END-- [ RunTime:0.000593s ]

[ 2018-04-12T15:00:59+08:00 ] 127.0.0.1 /index.php/Home/Community/getoriganizationlist/page/1
INFO: [ app_init ] --START--
INFO: Run Behavior\BuildLiteBehavior [ RunTime:0.000011s ]
INFO: [ app_init ] --END-- [ RunTime:0.000345s ]
INFO: [ app_begin ] --START--
INFO: Run Behavior\ReadHtmlCacheBehavior [ RunTime:0.000538s ]
INFO: [ app_begin ] --END-- [ RunTime:0.000577s ]
SQL: SHOW COLUMNS FROM `sjy_community_user_info` [ RunTime:0.0492s ]
SQL: SELECT * FROM `sjy_community_user_info` WHERE `sjy_id` = 57 LIMIT 1   [ RunTime:0.0461s ]
SQL: SHOW COLUMNS FROM `sjy_project` [ RunTime:0.0484s ]
SQL: SELECT * FROM `sjy_project` WHERE `community_id` = 30 AND `status` BETWEEN 1 AND 99 LIMIT 1   [ RunTime:0.0476s ]
SQL: SHOW COLUMNS FROM `sjy_cities` [ RunTime:0.0459s ]
SQL: SELECT `city` FROM `sjy_cities` WHERE `cityid` = 110000 LIMIT 1   [ RunTime:0.0469s ]
NOTIC: [8] Undefined variable: islogin C:\xampp\htdocs\shejuyi\Application\Home\Controller\BaseController.class.php 第 118 行.
SQL: SELECT * FROM `sjy_project` WHERE `status` = 2 AND `community_id` = 30  [ RunTime:0.0453s ]
SQL: SHOW COLUMNS FROM `sjy_origanization_position_info` [ RunTime:0.0458s ]
SQL: SELECT `sjy_origanization_id` FROM `sjy_origanization_position_info` WHERE `sjy_origanization_city` = 110000  [ RunTime:0.0470s ]
SQL: SHOW COLUMNS FROM `sjy_origanization_base_info` [ RunTime:0.0476s ]
SQL: SELECT * FROM `sjy_origanization_base_info` LIMIT 0,10   [ RunTime:0.0455s ]
SQL: SELECT * FROM `sjy_origanization_position_info` WHERE `sjy_origanization_id` = '24' LIMIT 1   [ RunTime:0.0464s ]
SQL: SELECT COUNT(*) AS tp_count FROM `sjy_origanization_base_info` LIMIT 1   [ RunTime:0.0453s ]

[ 2018-04-12T15:03:00+08:00 ] 127.0.0.1 /index.php/Home/Community/index
INFO: [ app_init ] --START--
INFO: Run Behavior\BuildLiteBehavior [ RunTime:0.000022s ]
INFO: [ app_init ] --END-- [ RunTime:0.000822s ]
INFO: [ app_begin ] --START--
INFO: Run Behavior\ReadHtmlCacheBehavior [ RunTime:0.000801s ]
INFO: [ app_begin ] --END-- [ RunTime:0.000852s ]
SQL: SHOW COLUMNS FROM `sjy_community_user_info` [ RunTime:0.0473s ]
SQL: SELECT * FROM `sjy_community_user_info` WHERE `sjy_id` = 57 LIMIT 1   [ RunTime:0.0484s ]
SQL: SHOW COLUMNS FROM `sjy_project` [ RunTime:0.0395s ]
SQL: SELECT * FROM `sjy_project` WHERE `community_id` = 30 AND `status` BETWEEN 1 AND 99 LIMIT 1   [ RunTime:0.0429s ]
SQL: SHOW COLUMNS FROM `sjy_cities` [ RunTime:0.0439s ]
SQL: SELECT `city` FROM `sjy_cities` WHERE `cityid` = 110000 LIMIT 1   [ RunTime:0.0408s ]
NOTIC: [8] Undefined variable: islogin C:\xampp\htdocs\shejuyi\Application\Home\Controller\BaseController.class.php 第 118 行.
SQL: SELECT * FROM `sjy_project` WHERE `status` = 2 AND `community_id` = 30  [ RunTime:0.0463s ]
INFO: [ view_parse ] --START--
INFO: [ template_filter ] --START--
INFO: Run Behavior\ContentReplaceBehavior [ RunTime:0.000108s ]
INFO: [ template_filter ] --END-- [ RunTime:0.000160s ]
INFO: Run Behavior\ParseTemplateBehavior [ RunTime:0.034550s ]
INFO: [ view_parse ] --END-- [ RunTime:0.034635s ]
INFO: [ view_filter ] --START--
INFO: Run Behavior\WriteHtmlCacheBehavior [ RunTime:0.000549s ]
INFO: [ view_filter ] --END-- [ RunTime:0.000585s ]
INFO: [ app_end ] --START--
INFO: Run Behavior\ShowPageTraceBehavior [ RunTime:0.000716s ]
INFO: [ app_end ] --END-- [ RunTime:0.000755s ]

[ 2018-04-12T15:03:00+08:00 ] 127.0.0.1 /index.php/Home/Community/getoriganizationlist/page/1
INFO: [ app_init ] --START--
INFO: Run Behavior\BuildLiteBehavior [ RunTime:0.000011s ]
INFO: [ app_init ] --END-- [ RunTime:0.000333s ]
INFO: [ app_begin ] --START--
INFO: Run Behavior\ReadHtmlCacheBehavior [ RunTime:0.000534s ]
INFO: [ app_begin ] --END-- [ RunTime:0.000572s ]
SQL: SHOW COLUMNS FROM `sjy_community_user_info` [ RunTime:0.0439s ]
SQL: SELECT * FROM `sjy_community_user_info` WHERE `sjy_id` = 57 LIMIT 1   [ RunTime:0.0402s ]
SQL: SHOW COLUMNS FROM `sjy_project` [ RunTime:0.0458s ]
SQL: SELECT * FROM `sjy_project` WHERE `community_id` = 30 AND `status` BETWEEN 1 AND 99 LIMIT 1   [ RunTime:0.0484s ]
SQL: SHOW COLUMNS FROM `sjy_cities` [ RunTime:0.0427s ]
SQL: SELECT `city` FROM `sjy_cities` WHERE `cityid` = 110000 LIMIT 1   [ RunTime:0.0460s ]
NOTIC: [8] Undefined variable: islogin C:\xampp\htdocs\shejuyi\Application\Home\Controller\BaseController.class.php 第 118 行.
SQL: SELECT * FROM `sjy_project` WHERE `status` = 2 AND `community_id` = 30  [ RunTime:0.0399s ]
SQL: SHOW COLUMNS FROM `sjy_origanization_position_info` [ RunTime:0.0464s ]
SQL: SELECT `sjy_origanization_id` FROM `sjy_origanization_position_info` WHERE `sjy_origanization_city` = 110000  [ RunTime:0.0488s ]
SQL: SHOW COLUMNS FROM `sjy_origanization_base_info` [ RunTime:0.0406s ]
SQL: SELECT * FROM `sjy_origanization_base_info` LIMIT 0,10   [ RunTime:0.0463s ]
SQL: SELECT * FROM `sjy_origanization_position_info` WHERE `sjy_origanization_id` = '24' LIMIT 1   [ RunTime:0.0487s ]
SQL: SELECT COUNT(*) AS tp_count FROM `sjy_origanization_base_info` LIMIT 1   [ RunTime:0.0419s ]

[ 2018-04-12T15:03:34+08:00 ] 127.0.0.1 /index.php/Home/Home/displayOriganizationHome/id/24
INFO: [ app_init ] --START--
INFO: Run Behavior\BuildLiteBehavior [ RunTime:0.000011s ]
INFO: [ app_init ] --END-- [ RunTime:0.000346s ]
INFO: [ app_begin ] --START--
INFO: Run Behavior\ReadHtmlCacheBehavior [ RunTime:0.000538s ]
INFO: [ app_begin ] --END-- [ RunTime:0.000578s ]
SQL: SHOW COLUMNS FROM `sjy_community_user_info` [ RunTime:0.0386s ]
SQL: SELECT * FROM `sjy_community_user_info` WHERE `sjy_id` = 57 LIMIT 1   [ RunTime:0.0429s ]
SQL: SHOW COLUMNS FROM `sjy_project` [ RunTime:0.0409s ]
SQL: SELECT * FROM `sjy_project` WHERE `community_id` = 30 AND `status` BETWEEN 1 AND 99 LIMIT 1   [ RunTime:0.0451s ]
SQL: SHOW COLUMNS FROM `sjy_cities` [ RunTime:0.0427s ]
SQL: SELECT `city` FROM `sjy_cities` WHERE `cityid` = 110000 LIMIT 1   [ RunTime:0.0376s ]
NOTIC: [8] Undefined variable: islogin C:\xampp\htdocs\shejuyi\Application\Home\Controller\BaseController.class.php 第 118 行.
INFO: [ view_parse ] --START--
INFO: [ template_filter ] --START--
INFO: Run Behavior\ContentReplaceBehavior [ RunTime:0.000331s ]
INFO: [ template_filter ] --END-- [ RunTime:0.000418s ]
INFO: Run Behavior\ParseTemplateBehavior [ RunTime:0.049616s ]
INFO: [ view_parse ] --END-- [ RunTime:0.049697s ]
INFO: [ view_filter ] --START--
INFO: Run Behavior\WriteHtmlCacheBehavior [ RunTime:0.000408s ]
INFO: [ view_filter ] --END-- [ RunTime:0.000442s ]
INFO: [ app_end ] --START--
INFO: Run Behavior\ShowPageTraceBehavior [ RunTime:0.000595s ]
INFO: [ app_end ] --END-- [ RunTime:0.000636s ]

[ 2018-04-12T15:03:35+08:00 ] 127.0.0.1 /index.php/Home/Home/getOriganizationInfo?id=24
INFO: [ app_init ] --START--
INFO: Run Behavior\BuildLiteBehavior [ RunTime:0.000013s ]
INFO: [ app_init ] --END-- [ RunTime:0.000364s ]
INFO: [ app_begin ] --START--
INFO: Run Behavior\ReadHtmlCacheBehavior [ RunTime:0.000562s ]
INFO: [ app_begin ] --END-- [ RunTime:0.000607s ]
SQL: SHOW COLUMNS FROM `sjy_community_user_info` [ RunTime:0.0453s ]
SQL: SELECT * FROM `sjy_community_user_info` WHERE `sjy_id` = 57 LIMIT 1   [ RunTime:0.0440s ]
SQL: SHOW COLUMNS FROM `sjy_project` [ RunTime:0.0399s ]
SQL: SELECT * FROM `sjy_project` WHERE `community_id` = 30 AND `status` BETWEEN 1 AND 99 LIMIT 1   [ RunTime:0.0390s ]
SQL: SHOW COLUMNS FROM `sjy_cities` [ RunTime:0.0392s ]
SQL: SELECT `city` FROM `sjy_cities` WHERE `cityid` = 110000 LIMIT 1   [ RunTime:0.0479s ]
NOTIC: [8] Undefined variable: islogin C:\xampp\htdocs\shejuyi\Application\Home\Controller\BaseController.class.php 第 118 行.
SQL: SHOW COLUMNS FROM `sjy_origanization_base_info` [ RunTime:0.0405s ]
SQL: SELECT * FROM `sjy_origanization_base_info` WHERE `sjy_id` = 24 LIMIT 1   [ RunTime:0.0401s ]
SQL: SHOW COLUMNS FROM `sjy_origanization_position_info` [ RunTime:0.0382s ]
SQL: SELECT * FROM `sjy_origanization_position_info` WHERE `sjy_origanization_id` = '24' LIMIT 1   [ RunTime:0.0381s ]
SQL: SHOW COLUMNS FROM `sjy_origanization_images` [ RunTime:0.0450s ]
SQL: SELECT `sjy_origanization_images` FROM `sjy_origanization_images` WHERE `sjy_origanization_code` = '24' LIMIT 1   [ RunTime:0.0456s ]

[ 2018-04-12T15:03:38+08:00 ] 127.0.0.1 /index.php/Home/Community/getoriganizationlist/page/1
INFO: [ app_init ] --START--
INFO: Run Behavior\BuildLiteBehavior [ RunTime:0.000011s ]
INFO: [ app_init ] --END-- [ RunTime:0.000341s ]
INFO: [ app_begin ] --START--
INFO: Run Behavior\ReadHtmlCacheBehavior [ RunTime:0.000532s ]
INFO: [ app_begin ] --END-- [ RunTime:0.000570s ]
SQL: SHOW COLUMNS FROM `sjy_community_user_info` [ RunTime:0.0390s ]
SQL: SELECT * FROM `sjy_community_user_info` WHERE `sjy_id` = 57 LIMIT 1   [ RunTime:0.0380s ]
SQL: SHOW COLUMNS FROM `sjy_project` [ RunTime:0.0475s ]
SQL: SELECT * FROM `sjy_project` WHERE `community_id` = 30 AND `status` BETWEEN 1 AND 99 LIMIT 1   [ RunTime:0.0444s ]
SQL: SHOW COLUMNS FROM `sjy_cities` [ RunTime:0.0451s ]
SQL: SELECT `city` FROM `sjy_cities` WHERE `cityid` = 110000 LIMIT 1   [ RunTime:0.0383s ]
NOTIC: [8] Undefined variable: islogin C:\xampp\htdocs\shejuyi\Application\Home\Controller\BaseController.class.php 第 118 行.
SQL: SELECT * FROM `sjy_project` WHERE `status` = 2 AND `community_id` = 30  [ RunTime:0.0451s ]
SQL: SHOW COLUMNS FROM `sjy_origanization_position_info` [ RunTime:0.0389s ]
SQL: SELECT `sjy_origanization_id` FROM `sjy_origanization_position_info` WHERE `sjy_origanization_city` = 110000  [ RunTime:0.0392s ]
SQL: SHOW COLUMNS FROM `sjy_origanization_base_info` [ RunTime:0.0444s ]
SQL: SELECT * FROM `sjy_origanization_base_info` LIMIT 0,10   [ RunTime:0.0376s ]
SQL: SELECT * FROM `sjy_origanization_position_info` WHERE `sjy_origanization_id` = '24' LIMIT 1   [ RunTime:0.0462s ]
SQL: SELECT COUNT(*) AS tp_count FROM `sjy_origanization_base_info` LIMIT 1   [ RunTime:0.0380s ]

[ 2018-04-12T15:14:48+08:00 ] 127.0.0.1 /index.php/Home/Community/index
INFO: [ app_init ] --START--
INFO: Run Behavior\BuildLiteBehavior [ RunTime:0.000011s ]
INFO: [ app_init ] --END-- [ RunTime:0.000390s ]
INFO: [ app_begin ] --START--
INFO: Run Behavior\ReadHtmlCacheBehavior [ RunTime:0.000707s ]
INFO: [ app_begin ] --END-- [ RunTime:0.000751s ]
SQL: SHOW COLUMNS FROM `sjy_community_user_info` [ RunTime:0.0394s ]
SQL: SELECT * FROM `sjy_community_user_info` WHERE `sjy_id` = 57 LIMIT 1   [ RunTime:0.0411s ]
SQL: SHOW COLUMNS FROM `sjy_project` [ RunTime:0.0450s ]
SQL: SELECT * FROM `sjy_project` WHERE `community_id` = 30 AND `status` BETWEEN 1 AND 99 LIMIT 1   [ RunTime:0.0392s ]
SQL: SHOW COLUMNS FROM `sjy_cities` [ RunTime:0.0400s ]
SQL: SELECT `city` FROM `sjy_cities` WHERE `cityid` = 110000 LIMIT 1   [ RunTime:0.0381s ]
NOTIC: [8] Undefined variable: islogin C:\xampp\htdocs\shejuyi\Application\Home\Controller\BaseController.class.php 第 118 行.
SQL: SELECT * FROM `sjy_project` WHERE `status` = 2 AND `community_id` = 30  [ RunTime:0.0453s ]
INFO: [ view_parse ] --START--
INFO: [ template_filter ] --START--
INFO: Run Behavior\ContentReplaceBehavior [ RunTime:0.000137s ]
INFO: [ template_filter ] --END-- [ RunTime:0.000195s ]
INFO: Run Behavior\ParseTemplateBehavior [ RunTime:0.031069s ]
INFO: [ view_parse ] --END-- [ RunTime:0.031130s ]
INFO: [ view_filter ] --START--
INFO: Run Behavior\WriteHtmlCacheBehavior [ RunTime:0.000532s ]
INFO: [ view_filter ] --END-- [ RunTime:0.000564s ]
INFO: [ app_end ] --START--
INFO: Run Behavior\ShowPageTraceBehavior [ RunTime:0.000698s ]
INFO: [ app_end ] --END-- [ RunTime:0.000737s ]

[ 2018-04-12T15:14:49+08:00 ] 127.0.0.1 /index.php/Home/Community/index
INFO: [ app_init ] --START--
INFO: Run Behavior\BuildLiteBehavior [ RunTime:0.000014s ]
INFO: [ app_init ] --END-- [ RunTime:0.000449s ]
INFO: [ app_begin ] --START--
INFO: Run Behavior\ReadHtmlCacheBehavior [ RunTime:0.000740s ]
INFO: [ app_begin ] --END-- [ RunTime:0.000796s ]
SQL: SHOW COLUMNS FROM `sjy_community_user_info` [ RunTime:0.0383s ]
SQL: SELECT * FROM `sjy_community_user_info` WHERE `sjy_id` = 57 LIMIT 1   [ RunTime:0.0445s ]
SQL: SHOW COLUMNS FROM `sjy_project` [ RunTime:0.0373s ]
SQL: SELECT * FROM `sjy_project` WHERE `community_id` = 30 AND `status` BETWEEN 1 AND 99 LIMIT 1   [ RunTime:0.0388s ]
SQL: SHOW COLUMNS FROM `sjy_cities` [ RunTime:0.0378s ]
SQL: SELECT `city` FROM `sjy_cities` WHERE `cityid` = 110000 LIMIT 1   [ RunTime:0.0367s ]
NOTIC: [8] Undefined variable: islogin C:\xampp\htdocs\shejuyi\Application\Home\Controller\BaseController.class.php 第 118 行.
SQL: SELECT * FROM `sjy_project` WHERE `status` = 2 AND `community_id` = 30  [ RunTime:0.0482s ]
INFO: [ view_parse ] --START--
INFO: [ template_filter ] --START--
INFO: Run Behavior\ContentReplaceBehavior [ RunTime:0.000205s ]
INFO: [ template_filter ] --END-- [ RunTime:0.000293s ]
INFO: Run Behavior\ParseTemplateBehavior [ RunTime:0.055904s ]
INFO: [ view_parse ] --END-- [ RunTime:0.055987s ]
INFO: [ view_filter ] --START--
INFO: Run Behavior\WriteHtmlCacheBehavior [ RunTime:0.000556s ]
INFO: [ view_filter ] --END-- [ RunTime:0.000588s ]
INFO: [ app_end ] --START--
INFO: Run Behavior\ShowPageTraceBehavior [ RunTime:0.000704s ]
INFO: [ app_end ] --END-- [ RunTime:0.000739s ]

[ 2018-04-12T15:14:50+08:00 ] 127.0.0.1 /index.php/Home/Community/getoriganizationlist/page/1
INFO: [ app_init ] --START--
INFO: Run Behavior\BuildLiteBehavior [ RunTime:0.000012s ]
INFO: [ app_init ] --END-- [ RunTime:0.000341s ]
INFO: [ app_begin ] --START--
INFO: Run Behavior\ReadHtmlCacheBehavior [ RunTime:0.000694s ]
INFO: [ app_begin ] --END-- [ RunTime:0.000732s ]
SQL: SHOW COLUMNS FROM `sjy_community_user_info` [ RunTime:0.0473s ]
SQL: SELECT * FROM `sjy_community_user_info` WHERE `sjy_id` = 57 LIMIT 1   [ RunTime:0.0395s ]
SQL: SHOW COLUMNS FROM `sjy_project` [ RunTime:0.0439s ]
SQL: SELECT * FROM `sjy_project` WHERE `community_id` = 30 AND `status` BETWEEN 1 AND 99 LIMIT 1   [ RunTime:0.0373s ]
SQL: SHOW COLUMNS FROM `sjy_cities` [ RunTime:0.0369s ]
SQL: SELECT `city` FROM `sjy_cities` WHERE `cityid` = 110000 LIMIT 1   [ RunTime:0.0442s ]
NOTIC: [8] Undefined variable: islogin C:\xampp\htdocs\shejuyi\Application\Home\Controller\BaseController.class.php 第 118 行.
SQL: SELECT * FROM `sjy_project` WHERE `status` = 2 AND `community_id` = 30  [ RunTime:0.0424s ]
SQL: SHOW COLUMNS FROM `sjy_origanization_position_info` [ RunTime:0.0445s ]
SQL: SELECT `sjy_origanization_id` FROM `sjy_origanization_position_info` WHERE `sjy_origanization_city` = 110000  [ RunTime:0.0454s ]
SQL: SHOW COLUMNS FROM `sjy_origanization_base_info` [ RunTime:0.0411s ]
SQL: SELECT * FROM `sjy_origanization_base_info` LIMIT 0,10   [ RunTime:0.0463s ]
SQL: SELECT * FROM `sjy_origanization_position_info` WHERE `sjy_origanization_id` = '24' LIMIT 1   [ RunTime:0.0455s ]
SQL: SELECT COUNT(*) AS tp_count FROM `sjy_origanization_base_info` LIMIT 1   [ RunTime:0.0394s ]

[ 2018-04-12T15:18:18+08:00 ] 127.0.0.1 /index.php/Home/Community/index
INFO: [ app_init ] --START--
INFO: Run Behavior\BuildLiteBehavior [ RunTime:0.000010s ]
INFO: [ app_init ] --END-- [ RunTime:0.000385s ]
INFO: [ app_begin ] --START--
INFO: Run Behavior\ReadHtmlCacheBehavior [ RunTime:0.000822s ]
INFO: [ app_begin ] --END-- [ RunTime:0.000874s ]
SQL: SHOW COLUMNS FROM `sjy_community_user_info` [ RunTime:0.0471s ]
SQL: SELECT * FROM `sjy_community_user_info` WHERE `sjy_id` = 57 LIMIT 1   [ RunTime:0.0462s ]
SQL: SHOW COLUMNS FROM `sjy_project` [ RunTime:0.0451s ]
SQL: SELECT * FROM `sjy_project` WHERE `community_id` = 30 AND `status` BETWEEN 1 AND 99 LIMIT 1   [ RunTime:0.0462s ]
SQL: SHOW COLUMNS FROM `sjy_cities` [ RunTime:0.0459s ]
SQL: SELECT `city` FROM `sjy_cities` WHERE `cityid` = 110000 LIMIT 1   [ RunTime:0.0462s ]
NOTIC: [8] Undefined variable: islogin C:\xampp\htdocs\shejuyi\Application\Home\Controller\BaseController.class.php 第 118 行.
SQL: SELECT * FROM `sjy_project` WHERE `status` = 2 AND `community_id` = 30  [ RunTime:0.0464s ]
INFO: [ view_parse ] --START--
INFO: [ template_filter ] --START--
INFO: Run Behavior\ContentReplaceBehavior [ RunTime:0.000097s ]
INFO: [ template_filter ] --END-- [ RunTime:0.000139s ]
INFO: Run Behavior\ParseTemplateBehavior [ RunTime:0.031146s ]
INFO: [ view_parse ] --END-- [ RunTime:0.031207s ]
INFO: [ view_filter ] --START--
INFO: Run Behavior\WriteHtmlCacheBehavior [ RunTime:0.000549s ]
INFO: [ view_filter ] --END-- [ RunTime:0.000583s ]
INFO: [ app_end ] --START--
INFO: Run Behavior\ShowPageTraceBehavior [ RunTime:0.000812s ]
INFO: [ app_end ] --END-- [ RunTime:0.000855s ]

[ 2018-04-12T15:18:19+08:00 ] 127.0.0.1 /index.php/Home/Community/index
INFO: [ app_init ] --START--
INFO: Run Behavior\BuildLiteBehavior [ RunTime:0.000015s ]
INFO: [ app_init ] --END-- [ RunTime:0.000518s ]
INFO: [ app_begin ] --START--
INFO: Run Behavior\ReadHtmlCacheBehavior [ RunTime:0.000728s ]
INFO: [ app_begin ] --END-- [ RunTime:0.000778s ]
SQL: SHOW COLUMNS FROM `sjy_community_user_info` [ RunTime:0.0432s ]
SQL: SELECT * FROM `sjy_community_user_info` WHERE `sjy_id` = 57 LIMIT 1   [ RunTime:0.0403s ]
SQL: SHOW COLUMNS FROM `sjy_project` [ RunTime:0.0426s ]
SQL: SELECT * FROM `sjy_project` WHERE `community_id` = 30 AND `status` BETWEEN 1 AND 99 LIMIT 1   [ RunTime:0.0492s ]
SQL: SHOW COLUMNS FROM `sjy_cities` [ RunTime:0.0478s ]
SQL: SELECT `city` FROM `sjy_cities` WHERE `cityid` = 110000 LIMIT 1   [ RunTime:0.0449s ]
NOTIC: [8] Undefined variable: islogin C:\xampp\htdocs\shejuyi\Application\Home\Controller\BaseController.class.php 第 118 行.
SQL: SELECT * FROM `sjy_project` WHERE `status` = 2 AND `community_id` = 30  [ RunTime:0.0472s ]
INFO: [ view_parse ] --START--
INFO: [ template_filter ] --START--
INFO: Run Behavior\ContentReplaceBehavior [ RunTime:0.000205s ]
INFO: [ template_filter ] --END-- [ RunTime:0.000300s ]
INFO: Run Behavior\ParseTemplateBehavior [ RunTime:0.045674s ]
INFO: [ view_parse ] --END-- [ RunTime:0.045762s ]
INFO: [ view_filter ] --START--
INFO: Run Behavior\WriteHtmlCacheBehavior [ RunTime:0.000747s ]
INFO: [ view_filter ] --END-- [ RunTime:0.000790s ]
INFO: [ app_end ] --START--
INFO: Run Behavior\ShowPageTraceBehavior [ RunTime:0.001027s ]
INFO: [ app_end ] --END-- [ RunTime:0.001090s ]

[ 2018-04-12T15:18:20+08:00 ] 127.0.0.1 /index.php/Home/Community/getoriganizationlist/page/1
INFO: [ app_init ] --START--
INFO: Run Behavior\BuildLiteBehavior [ RunTime:0.000014s ]
INFO: [ app_init ] --END-- [ RunTime:0.000376s ]
INFO: [ app_begin ] --START--
INFO: Run Behavior\ReadHtmlCacheBehavior [ RunTime:0.000798s ]
INFO: [ app_begin ] --END-- [ RunTime:0.000852s ]
SQL: SHOW COLUMNS FROM `sjy_community_user_info` [ RunTime:0.0504s ]
SQL: SELECT * FROM `sjy_community_user_info` WHERE `sjy_id` = 57 LIMIT 1   [ RunTime:0.0435s ]
SQL: SHOW COLUMNS FROM `sjy_project` [ RunTime:0.0455s ]
SQL: SELECT * FROM `sjy_project` WHERE `community_id` = 30 AND `status` BETWEEN 1 AND 99 LIMIT 1   [ RunTime:0.0472s ]
SQL: SHOW COLUMNS FROM `sjy_cities` [ RunTime:0.0457s ]
SQL: SELECT `city` FROM `sjy_cities` WHERE `cityid` = 110000 LIMIT 1   [ RunTime:0.0425s ]
NOTIC: [8] Undefined variable: islogin C:\xampp\htdocs\shejuyi\Application\Home\Controller\BaseController.class.php 第 118 行.
SQL: SELECT * FROM `sjy_project` WHERE `status` = 2 AND `community_id` = 30  [ RunTime:0.0476s ]
SQL: SHOW COLUMNS FROM `sjy_origanization_position_info` [ RunTime:0.0469s ]
SQL: SELECT `sjy_origanization_id` FROM `sjy_origanization_position_info` WHERE `sjy_origanization_city` = 110000  [ RunTime:0.0458s ]
SQL: SHOW COLUMNS FROM `sjy_origanization_base_info` [ RunTime:0.0474s ]
SQL: SELECT * FROM `sjy_origanization_base_info` LIMIT 0,10   [ RunTime:0.0473s ]
SQL: SELECT * FROM `sjy_origanization_position_info` WHERE `sjy_origanization_id` = '24' LIMIT 1   [ RunTime:0.0476s ]
SQL: SELECT COUNT(*) AS tp_count FROM `sjy_origanization_base_info` LIMIT 1   [ RunTime:0.0461s ]

[ 2018-04-12T15:23:28+08:00 ] 127.0.0.1 /index.php/Home/Community/index
INFO: [ app_init ] --START--
INFO: Run Behavior\BuildLiteBehavior [ RunTime:0.000013s ]
INFO: [ app_init ] --END-- [ RunTime:0.000475s ]
INFO: [ app_begin ] --START--
INFO: Run Behavior\ReadHtmlCacheBehavior [ RunTime:0.000809s ]
INFO: [ app_begin ] --END-- [ RunTime:0.000858s ]
SQL: SHOW COLUMNS FROM `sjy_community_user_info` [ RunTime:0.0474s ]
SQL: SELECT * FROM `sjy_community_user_info` WHERE `sjy_id` = 57 LIMIT 1   [ RunTime:0.0440s ]
SQL: SHOW COLUMNS FROM `sjy_project` [ RunTime:0.0422s ]
SQL: SELECT * FROM `sjy_project` WHERE `community_id` = 30 AND `status` BETWEEN 1 AND 99 LIMIT 1   [ RunTime:0.0507s ]
SQL: SHOW COLUMNS FROM `sjy_cities` [ RunTime:0.0441s ]
SQL: SELECT `city` FROM `sjy_cities` WHERE `cityid` = 110000 LIMIT 1   [ RunTime:0.0468s ]
NOTIC: [8] Undefined variable: islogin C:\xampp\htdocs\shejuyi\Application\Home\Controller\BaseController.class.php 第 118 行.
SQL: SELECT * FROM `sjy_project` WHERE `status` = 2 AND `community_id` = 30  [ RunTime:0.0404s ]
INFO: [ view_parse ] --START--
INFO: [ template_filter ] --START--
INFO: Run Behavior\ContentReplaceBehavior [ RunTime:0.000210s ]
INFO: [ template_filter ] --END-- [ RunTime:0.000299s ]
INFO: Run Behavior\ParseTemplateBehavior [ RunTime:0.052772s ]
INFO: [ view_parse ] --END-- [ RunTime:0.052852s ]
INFO: [ view_filter ] --START--
INFO: Run Behavior\WriteHtmlCacheBehavior [ RunTime:0.000577s ]
INFO: [ view_filter ] --END-- [ RunTime:0.000612s ]
INFO: [ app_end ] --START--
INFO: Run Behavior\ShowPageTraceBehavior [ RunTime:0.000782s ]
INFO: [ app_end ] --END-- [ RunTime:0.000827s ]

[ 2018-04-12T15:23:29+08:00 ] 127.0.0.1 /index.php/Home/Community/getoriganizationlist/page/1
INFO: [ app_init ] --START--
INFO: Run Behavior\BuildLiteBehavior [ RunTime:0.000012s ]
INFO: [ app_init ] --END-- [ RunTime:0.000448s ]
INFO: [ app_begin ] --START--
INFO: Run Behavior\ReadHtmlCacheBehavior [ RunTime:0.000722s ]
INFO: [ app_begin ] --END-- [ RunTime:0.000767s ]
SQL: SHOW COLUMNS FROM `sjy_community_user_info` [ RunTime:0.0481s ]
SQL: SELECT * FROM `sjy_community_user_info` WHERE `sjy_id` = 57 LIMIT 1   [ RunTime:0.0464s ]
SQL: SHOW COLUMNS FROM `sjy_project` [ RunTime:0.0474s ]
SQL: SELECT * FROM `sjy_project` WHERE `community_id` = 30 AND `status` BETWEEN 1 AND 99 LIMIT 1   [ RunTime:0.0455s ]
SQL: SHOW COLUMNS FROM `sjy_cities` [ RunTime:0.0500s ]
SQL: SELECT `city` FROM `sjy_cities` WHERE `cityid` = 110000 LIMIT 1   [ RunTime:0.0409s ]
NOTIC: [8] Undefined variable: islogin C:\xampp\htdocs\shejuyi\Application\Home\Controller\BaseController.class.php 第 118 行.
SQL: SELECT * FROM `sjy_project` WHERE `status` = 2 AND `community_id` = 30  [ RunTime:0.0481s ]
SQL: SHOW COLUMNS FROM `sjy_origanization_position_info` [ RunTime:0.0459s ]
SQL: SELECT `sjy_origanization_id` FROM `sjy_origanization_position_info` WHERE `sjy_origanization_city` = 110000  [ RunTime:0.0460s ]
SQL: SHOW COLUMNS FROM `sjy_origanization_base_info` [ RunTime:0.0485s ]
SQL: SELECT * FROM `sjy_origanization_base_info` LIMIT 0,10   [ RunTime:0.0403s ]
SQL: SELECT * FROM `sjy_origanization_position_info` WHERE `sjy_origanization_id` = '24' LIMIT 1   [ RunTime:0.0475s ]
SQL: SELECT COUNT(*) AS tp_count FROM `sjy_origanization_base_info` LIMIT 1   [ RunTime:0.0462s ]

[ 2018-04-12T15:25:11+08:00 ] 127.0.0.1 /index.php/Home/Community/index
INFO: [ app_init ] --START--
INFO: Run Behavior\BuildLiteBehavior [ RunTime:0.000012s ]
INFO: [ app_init ] --END-- [ RunTime:0.000349s ]
INFO: [ app_begin ] --START--
INFO: Run Behavior\ReadHtmlCacheBehavior [ RunTime:0.000550s ]
INFO: [ app_begin ] --END-- [ RunTime:0.000594s ]
SQL: SHOW COLUMNS FROM `sjy_community_user_info` [ RunTime:0.0415s ]
SQL: SELECT * FROM `sjy_community_user_info` WHERE `sjy_id` = 57 LIMIT 1   [ RunTime:0.0403s ]
SQL: SHOW COLUMNS FROM `sjy_project` [ RunTime:0.0463s ]
SQL: SELECT * FROM `sjy_project` WHERE `community_id` = 30 AND `status` BETWEEN 1 AND 99 LIMIT 1   [ RunTime:0.0385s ]
SQL: SHOW COLUMNS FROM `sjy_cities` [ RunTime:0.0482s ]
SQL: SELECT `city` FROM `sjy_cities` WHERE `cityid` = 110000 LIMIT 1   [ RunTime:0.0380s ]
NOTIC: [8] Undefined variable: islogin C:\xampp\htdocs\shejuyi\Application\Home\Controller\BaseController.class.php 第 118 行.
SQL: SELECT * FROM `sjy_project` WHERE `status` = 2 AND `community_id` = 30  [ RunTime:0.0474s ]
INFO: [ view_parse ] --START--
INFO: [ template_filter ] --START--
INFO: Run Behavior\ContentReplaceBehavior [ RunTime:0.000103s ]
INFO: [ template_filter ] --END-- [ RunTime:0.000150s ]
INFO: Run Behavior\ParseTemplateBehavior [ RunTime:0.029065s ]
INFO: [ view_parse ] --END-- [ RunTime:0.029127s ]
INFO: [ view_filter ] --START--
INFO: Run Behavior\WriteHtmlCacheBehavior [ RunTime:0.000529s ]
INFO: [ view_filter ] --END-- [ RunTime:0.000560s ]
INFO: [ app_end ] --START--
INFO: Run Behavior\ShowPageTraceBehavior [ RunTime:0.000719s ]
INFO: [ app_end ] --END-- [ RunTime:0.000768s ]

[ 2018-04-12T15:25:12+08:00 ] 127.0.0.1 /index.php/Home/Community/getoriganizationlist/page/1
INFO: [ app_init ] --START--
INFO: Run Behavior\BuildLiteBehavior [ RunTime:0.000019s ]
INFO: [ app_init ] --END-- [ RunTime:0.000710s ]
INFO: [ app_begin ] --START--
INFO: Run Behavior\ReadHtmlCacheBehavior [ RunTime:0.000615s ]
INFO: [ app_begin ] --END-- [ RunTime:0.000667s ]
SQL: SHOW COLUMNS FROM `sjy_community_user_info` [ RunTime:0.0454s ]
SQL: SELECT * FROM `sjy_community_user_info` WHERE `sjy_id` = 57 LIMIT 1   [ RunTime:0.0463s ]
SQL: SHOW COLUMNS FROM `sjy_project` [ RunTime:0.0453s ]
SQL: SELECT * FROM `sjy_project` WHERE `community_id` = 30 AND `status` BETWEEN 1 AND 99 LIMIT 1   [ RunTime:0.0411s ]
SQL: SHOW COLUMNS FROM `sjy_cities` [ RunTime:0.0461s ]
SQL: SELECT `city` FROM `sjy_cities` WHERE `cityid` = 110000 LIMIT 1   [ RunTime:0.0394s ]
NOTIC: [8] Undefined variable: islogin C:\xampp\htdocs\shejuyi\Application\Home\Controller\BaseController.class.php 第 118 行.
SQL: SELECT * FROM `sjy_project` WHERE `status` = 2 AND `community_id` = 30  [ RunTime:0.0471s ]
SQL: SHOW COLUMNS FROM `sjy_origanization_position_info` [ RunTime:0.0380s ]
SQL: SELECT `sjy_origanization_id` FROM `sjy_origanization_position_info` WHERE `sjy_origanization_city` = 110000  [ RunTime:0.0473s ]
SQL: SHOW COLUMNS FROM `sjy_origanization_base_info` [ RunTime:0.0414s ]
SQL: SELECT * FROM `sjy_origanization_base_info` LIMIT 0,10   [ RunTime:0.0386s ]
SQL: SELECT * FROM `sjy_origanization_position_info` WHERE `sjy_origanization_id` = '24' LIMIT 1   [ RunTime:0.0388s ]
SQL: SELECT COUNT(*) AS tp_count FROM `sjy_origanization_base_info` LIMIT 1   [ RunTime:0.0452s ]

[ 2018-04-12T15:32:15+08:00 ] 127.0.0.1 /index.php/Home/Community/index
INFO: [ app_init ] --START--
INFO: Run Behavior\BuildLiteBehavior [ RunTime:0.000013s ]
INFO: [ app_init ] --END-- [ RunTime:0.000435s ]
INFO: [ app_begin ] --START--
INFO: Run Behavior\ReadHtmlCacheBehavior [ RunTime:0.000721s ]
INFO: [ app_begin ] --END-- [ RunTime:0.000769s ]
SQL: SHOW COLUMNS FROM `sjy_community_user_info` [ RunTime:0.0453s ]
SQL: SELECT * FROM `sjy_community_user_info` WHERE `sjy_id` = 57 LIMIT 1   [ RunTime:0.0492s ]
SQL: SHOW COLUMNS FROM `sjy_project` [ RunTime:0.0567s ]
SQL: SELECT * FROM `sjy_project` WHERE `community_id` = 30 AND `status` BETWEEN 1 AND 99 LIMIT 1   [ RunTime:0.0387s ]
SQL: SHOW COLUMNS FROM `sjy_cities` [ RunTime:0.0389s ]
SQL: SELECT `city` FROM `sjy_cities` WHERE `cityid` = 110000 LIMIT 1   [ RunTime:0.0421s ]
NOTIC: [8] Undefined variable: islogin C:\xampp\htdocs\shejuyi\Application\Home\Controller\BaseController.class.php 第 118 行.
SQL: SELECT * FROM `sjy_project` WHERE `status` = 2 AND `community_id` = 30  [ RunTime:0.0463s ]
INFO: [ view_parse ] --START--
INFO: [ template_filter ] --START--
INFO: Run Behavior\ContentReplaceBehavior [ RunTime:0.000096s ]
INFO: [ template_filter ] --END-- [ RunTime:0.000133s ]
INFO: Run Behavior\ParseTemplateBehavior [ RunTime:0.029755s ]
INFO: [ view_parse ] --END-- [ RunTime:0.029816s ]
INFO: [ view_filter ] --START--
INFO: Run Behavior\WriteHtmlCacheBehavior [ RunTime:0.000529s ]
INFO: [ view_filter ] --END-- [ RunTime:0.000559s ]
INFO: [ app_end ] --START--
INFO: Run Behavior\ShowPageTraceBehavior [ RunTime:0.000681s ]
INFO: [ app_end ] --END-- [ RunTime:0.000719s ]

[ 2018-04-12T15:32:16+08:00 ] 127.0.0.1 /index.php/Home/Community/index
INFO: [ app_init ] --START--
INFO: Run Behavior\BuildLiteBehavior [ RunTime:0.000014s ]
INFO: [ app_init ] --END-- [ RunTime:0.000451s ]
INFO: [ app_begin ] --START--
INFO: Run Behavior\ReadHtmlCacheBehavior [ RunTime:0.000811s ]
INFO: [ app_begin ] --END-- [ RunTime:0.000874s ]
SQL: SHOW COLUMNS FROM `sjy_community_user_info` [ RunTime:0.0463s ]
SQL: SELECT * FROM `sjy_community_user_info` WHERE `sjy_id` = 57 LIMIT 1   [ RunTime:0.0480s ]
SQL: SHOW COLUMNS FROM `sjy_project` [ RunTime:0.0483s ]
SQL: SELECT * FROM `sjy_project` WHERE `community_id` = 30 AND `status` BETWEEN 1 AND 99 LIMIT 1   [ RunTime:0.0461s ]
SQL: SHOW COLUMNS FROM `sjy_cities` [ RunTime:0.0468s ]
SQL: SELECT `city` FROM `sjy_cities` WHERE `cityid` = 110000 LIMIT 1   [ RunTime:0.0410s ]
NOTIC: [8] Undefined variable: islogin C:\xampp\htdocs\shejuyi\Application\Home\Controller\BaseController.class.php 第 118 行.
SQL: SELECT * FROM `sjy_project` WHERE `status` = 2 AND `community_id` = 30  [ RunTime:0.0392s ]
INFO: [ view_parse ] --START--
INFO: [ template_filter ] --START--
INFO: Run Behavior\ContentReplaceBehavior [ RunTime:0.000193s ]
INFO: [ template_filter ] --END-- [ RunTime:0.000285s ]
INFO: Run Behavior\ParseTemplateBehavior [ RunTime:0.062347s ]
INFO: [ view_parse ] --END-- [ RunTime:0.062455s ]
INFO: [ view_filter ] --START--
INFO: Run Behavior\WriteHtmlCacheBehavior [ RunTime:0.001088s ]
INFO: [ view_filter ] --END-- [ RunTime:0.001155s ]
INFO: [ app_end ] --START--
INFO: Run Behavior\ShowPageTraceBehavior [ RunTime:0.001405s ]
INFO: [ app_end ] --END-- [ RunTime:0.001486s ]

[ 2018-04-12T15:32:17+08:00 ] 127.0.0.1 /index.php/Home/Community/getoriganizationlist/page/1
INFO: [ app_init ] --START--
INFO: Run Behavior\BuildLiteBehavior [ RunTime:0.000013s ]
INFO: [ app_init ] --END-- [ RunTime:0.000369s ]
INFO: [ app_begin ] --START--
INFO: Run Behavior\ReadHtmlCacheBehavior [ RunTime:0.000809s ]
INFO: [ app_begin ] --END-- [ RunTime:0.000866s ]
SQL: SHOW COLUMNS FROM `sjy_community_user_info` [ RunTime:0.0471s ]
SQL: SELECT * FROM `sjy_community_user_info` WHERE `sjy_id` = 57 LIMIT 1   [ RunTime:0.0462s ]
SQL: SHOW COLUMNS FROM `sjy_project` [ RunTime:0.0460s ]
SQL: SELECT * FROM `sjy_project` WHERE `community_id` = 30 AND `status` BETWEEN 1 AND 99 LIMIT 1   [ RunTime:0.0467s ]
SQL: SHOW COLUMNS FROM `sjy_cities` [ RunTime:0.0453s ]
SQL: SELECT `city` FROM `sjy_cities` WHERE `cityid` = 110000 LIMIT 1   [ RunTime:0.0432s ]
NOTIC: [8] Undefined variable: islogin C:\xampp\htdocs\shejuyi\Application\Home\Controller\BaseController.class.php 第 118 行.
SQL: SELECT * FROM `sjy_project` WHERE `status` = 2 AND `community_id` = 30  [ RunTime:0.0437s ]
SQL: SHOW COLUMNS FROM `sjy_origanization_position_info` [ RunTime:0.0468s ]
SQL: SELECT `sjy_origanization_id` FROM `sjy_origanization_position_info` WHERE `sjy_origanization_city` = 110000  [ RunTime:0.0463s ]
SQL: SHOW COLUMNS FROM `sjy_origanization_base_info` [ RunTime:0.0482s ]
SQL: SELECT * FROM `sjy_origanization_base_info` LIMIT 0,10   [ RunTime:0.0464s ]
SQL: SELECT * FROM `sjy_origanization_position_info` WHERE `sjy_origanization_id` = '24' LIMIT 1   [ RunTime:0.0456s ]
SQL: SELECT COUNT(*) AS tp_count FROM `sjy_origanization_base_info` LIMIT 1   [ RunTime:0.0453s ]

[ 2018-04-12T15:35:41+08:00 ] 127.0.0.1 /index.php/Home/Community/index
INFO: [ app_init ] --START--
INFO: Run Behavior\BuildLiteBehavior [ RunTime:0.000015s ]
INFO: [ app_init ] --END-- [ RunTime:0.000518s ]
INFO: [ app_begin ] --START--
INFO: Run Behavior\ReadHtmlCacheBehavior [ RunTime:0.000826s ]
INFO: [ app_begin ] --END-- [ RunTime:0.000880s ]
SQL: SHOW COLUMNS FROM `sjy_community_user_info` [ RunTime:0.0403s ]
SQL: SELECT * FROM `sjy_community_user_info` WHERE `sjy_id` = 57 LIMIT 1   [ RunTime:0.0439s ]
SQL: SHOW COLUMNS FROM `sjy_project` [ RunTime:0.0453s ]
SQL: SELECT * FROM `sjy_project` WHERE `community_id` = 30 AND `status` BETWEEN 1 AND 99 LIMIT 1   [ RunTime:0.0472s ]
SQL: SHOW COLUMNS FROM `sjy_cities` [ RunTime:0.0470s ]
SQL: SELECT `city` FROM `sjy_cities` WHERE `cityid` = 110000 LIMIT 1   [ RunTime:0.0451s ]
NOTIC: [8] Undefined variable: islogin C:\xampp\htdocs\shejuyi\Application\Home\Controller\BaseController.class.php 第 118 行.
SQL: SELECT * FROM `sjy_project` WHERE `status` = 2 AND `community_id` = 30  [ RunTime:0.0452s ]
INFO: [ view_parse ] --START--
INFO: [ template_filter ] --START--
INFO: Run Behavior\ContentReplaceBehavior [ RunTime:0.000189s ]
INFO: [ template_filter ] --END-- [ RunTime:0.000275s ]
INFO: Run Behavior\ParseTemplateBehavior [ RunTime:0.048132s ]
INFO: [ view_parse ] --END-- [ RunTime:0.048215s ]
INFO: [ view_filter ] --START--
INFO: Run Behavior\WriteHtmlCacheBehavior [ RunTime:0.000583s ]
INFO: [ view_filter ] --END-- [ RunTime:0.000620s ]
INFO: [ app_end ] --START--
INFO: Run Behavior\ShowPageTraceBehavior [ RunTime:0.000947s ]
INFO: [ app_end ] --END-- [ RunTime:0.001006s ]

[ 2018-04-12T15:35:42+08:00 ] 127.0.0.1 /index.php/Home/Community/getoriganizationlist/page/1
INFO: [ app_init ] --START--
INFO: Run Behavior\BuildLiteBehavior [ RunTime:0.000019s ]
INFO: [ app_init ] --END-- [ RunTime:0.002127s ]
INFO: [ app_begin ] --START--
INFO: Run Behavior\ReadHtmlCacheBehavior [ RunTime:0.001165s ]
INFO: [ app_begin ] --END-- [ RunTime:0.001231s ]
SQL: SHOW COLUMNS FROM `sjy_community_user_info` [ RunTime:0.0482s ]
SQL: SELECT * FROM `sjy_community_user_info` WHERE `sjy_id` = 57 LIMIT 1   [ RunTime:0.0413s ]
SQL: SHOW COLUMNS FROM `sjy_project` [ RunTime:0.0411s ]
SQL: SELECT * FROM `sjy_project` WHERE `community_id` = 30 AND `status` BETWEEN 1 AND 99 LIMIT 1   [ RunTime:0.0461s ]
SQL: SHOW COLUMNS FROM `sjy_cities` [ RunTime:0.0451s ]
SQL: SELECT `city` FROM `sjy_cities` WHERE `cityid` = 110000 LIMIT 1   [ RunTime:0.0394s ]
NOTIC: [8] Undefined variable: islogin C:\xampp\htdocs\shejuyi\Application\Home\Controller\BaseController.class.php 第 118 行.
SQL: SELECT * FROM `sjy_project` WHERE `status` = 2 AND `community_id` = 30  [ RunTime:0.0402s ]
SQL: SHOW COLUMNS FROM `sjy_origanization_position_info` [ RunTime:0.0398s ]
SQL: SELECT `sjy_origanization_id` FROM `sjy_origanization_position_info` WHERE `sjy_origanization_city` = 110000  [ RunTime:0.0461s ]
SQL: SHOW COLUMNS FROM `sjy_origanization_base_info` [ RunTime:0.0397s ]
SQL: SELECT * FROM `sjy_origanization_base_info` LIMIT 0,10   [ RunTime:0.0465s ]
SQL: SELECT * FROM `sjy_origanization_position_info` WHERE `sjy_origanization_id` = '24' LIMIT 1   [ RunTime:0.0406s ]
SQL: SELECT COUNT(*) AS tp_count FROM `sjy_origanization_base_info` LIMIT 1   [ RunTime:0.0455s ]

[ 2018-04-12T15:36:16+08:00 ] 127.0.0.1 /index.php/Home/Community/index
INFO: [ app_init ] --START--
INFO: Run Behavior\BuildLiteBehavior [ RunTime:0.000013s ]
INFO: [ app_init ] --END-- [ RunTime:0.000527s ]
INFO: [ app_begin ] --START--
INFO: Run Behavior\ReadHtmlCacheBehavior [ RunTime:0.000816s ]
INFO: [ app_begin ] --END-- [ RunTime:0.000876s ]
SQL: SHOW COLUMNS FROM `sjy_community_user_info` [ RunTime:0.0472s ]
SQL: SELECT * FROM `sjy_community_user_info` WHERE `sjy_id` = 57 LIMIT 1   [ RunTime:0.0386s ]
SQL: SHOW COLUMNS FROM `sjy_project` [ RunTime:0.0449s ]
SQL: SELECT * FROM `sjy_project` WHERE `community_id` = 30 AND `status` BETWEEN 1 AND 99 LIMIT 1   [ RunTime:0.0391s ]
SQL: SHOW COLUMNS FROM `sjy_cities` [ RunTime:0.0427s ]
SQL: SELECT `city` FROM `sjy_cities` WHERE `cityid` = 110000 LIMIT 1   [ RunTime:0.0463s ]
NOTIC: [8] Undefined variable: islogin C:\xampp\htdocs\shejuyi\Application\Home\Controller\BaseController.class.php 第 118 行.
SQL: SELECT * FROM `sjy_project` WHERE `status` = 2 AND `community_id` = 30  [ RunTime:0.0468s ]
INFO: [ view_parse ] --START--
INFO: [ template_filter ] --START--
INFO: Run Behavior\ContentReplaceBehavior [ RunTime:0.000193s ]
INFO: [ template_filter ] --END-- [ RunTime:0.000282s ]
INFO: Run Behavior\ParseTemplateBehavior [ RunTime:0.044998s ]
INFO: [ view_parse ] --END-- [ RunTime:0.045087s ]
INFO: [ view_filter ] --START--
INFO: Run Behavior\WriteHtmlCacheBehavior [ RunTime:0.000609s ]
INFO: [ view_filter ] --END-- [ RunTime:0.000648s ]
INFO: [ app_end ] --START--
INFO: Run Behavior\ShowPageTraceBehavior [ RunTime:0.000801s ]
INFO: [ app_end ] --END-- [ RunTime:0.000849s ]

[ 2018-04-12T15:36:17+08:00 ] 127.0.0.1 /index.php/Home/Community/getoriganizationlist/page/1
INFO: [ app_init ] --START--
INFO: Run Behavior\BuildLiteBehavior [ RunTime:0.000013s ]
INFO: [ app_init ] --END-- [ RunTime:0.000353s ]
INFO: [ app_begin ] --START--
INFO: Run Behavior\ReadHtmlCacheBehavior [ RunTime:0.000559s ]
INFO: [ app_begin ] --END-- [ RunTime:0.000601s ]
SQL: SHOW COLUMNS FROM `sjy_community_user_info` [ RunTime:0.0412s ]
SQL: SELECT * FROM `sjy_community_user_info` WHERE `sjy_id` = 57 LIMIT 1   [ RunTime:0.0486s ]
SQL: SHOW COLUMNS FROM `sjy_project` [ RunTime:0.0407s ]
SQL: SELECT * FROM `sjy_project` WHERE `community_id` = 30 AND `status` BETWEEN 1 AND 99 LIMIT 1   [ RunTime:0.0465s ]
SQL: SHOW COLUMNS FROM `sjy_cities` [ RunTime:0.0401s ]
SQL: SELECT `city` FROM `sjy_cities` WHERE `cityid` = 110000 LIMIT 1   [ RunTime:0.0457s ]
NOTIC: [8] Undefined variable: islogin C:\xampp\htdocs\shejuyi\Application\Home\Controller\BaseController.class.php 第 118 行.
SQL: SELECT * FROM `sjy_project` WHERE `status` = 2 AND `community_id` = 30  [ RunTime:0.0445s ]
SQL: SHOW COLUMNS FROM `sjy_origanization_position_info` [ RunTime:0.0409s ]
SQL: SELECT `sjy_origanization_id` FROM `sjy_origanization_position_info` WHERE `sjy_origanization_city` = 110000  [ RunTime:0.0499s ]
SQL: SHOW COLUMNS FROM `sjy_origanization_base_info` [ RunTime:0.0467s ]
SQL: SELECT * FROM `sjy_origanization_base_info` LIMIT 0,10   [ RunTime:0.0452s ]
SQL: SELECT * FROM `sjy_origanization_position_info` WHERE `sjy_origanization_id` = '24' LIMIT 1   [ RunTime:0.0471s ]
SQL: SELECT COUNT(*) AS tp_count FROM `sjy_origanization_base_info` LIMIT 1   [ RunTime:0.0448s ]

[ 2018-04-12T15:36:36+08:00 ] 127.0.0.1 /index.php/Home/Community/index
INFO: [ app_init ] --START--
INFO: Run Behavior\BuildLiteBehavior [ RunTime:0.000067s ]
INFO: [ app_init ] --END-- [ RunTime:0.000769s ]
INFO: [ app_begin ] --START--
INFO: Run Behavior\ReadHtmlCacheBehavior [ RunTime:0.001473s ]
INFO: [ app_begin ] --END-- [ RunTime:0.001581s ]
SQL: SHOW COLUMNS FROM `sjy_community_user_info` [ RunTime:0.0432s ]
SQL: SELECT * FROM `sjy_community_user_info` WHERE `sjy_id` = 57 LIMIT 1   [ RunTime:0.0454s ]
SQL: SHOW COLUMNS FROM `sjy_project` [ RunTime:0.0388s ]
SQL: SELECT * FROM `sjy_project` WHERE `community_id` = 30 AND `status` BETWEEN 1 AND 99 LIMIT 1   [ RunTime:0.0456s ]
SQL: SHOW COLUMNS FROM `sjy_cities` [ RunTime:0.0470s ]
SQL: SELECT `city` FROM `sjy_cities` WHERE `cityid` = 110000 LIMIT 1   [ RunTime:0.0471s ]
NOTIC: [8] Undefined variable: islogin C:\xampp\htdocs\shejuyi\Application\Home\Controller\BaseController.class.php 第 118 行.
SQL: SELECT * FROM `sjy_project` WHERE `status` = 2 AND `community_id` = 30  [ RunTime:0.0478s ]
INFO: [ view_parse ] --START--
INFO: [ template_filter ] --START--
INFO: Run Behavior\ContentReplaceBehavior [ RunTime:0.000106s ]
INFO: [ template_filter ] --END-- [ RunTime:0.000163s ]
INFO: Run Behavior\ParseTemplateBehavior [ RunTime:0.035141s ]
INFO: [ view_parse ] --END-- [ RunTime:0.035230s ]
INFO: [ view_filter ] --START--
INFO: Run Behavior\WriteHtmlCacheBehavior [ RunTime:0.000430s ]
INFO: [ view_filter ] --END-- [ RunTime:0.000464s ]
INFO: [ app_end ] --START--
INFO: Run Behavior\ShowPageTraceBehavior [ RunTime:0.000594s ]
INFO: [ app_end ] --END-- [ RunTime:0.000631s ]

[ 2018-04-12T15:36:36+08:00 ] 127.0.0.1 /index.php/Home/Community/index
INFO: [ app_init ] --START--
INFO: Run Behavior\BuildLiteBehavior [ RunTime:0.000015s ]
INFO: [ app_init ] --END-- [ RunTime:0.000398s ]
INFO: [ app_begin ] --START--
INFO: Run Behavior\ReadHtmlCacheBehavior [ RunTime:0.000554s ]
INFO: [ app_begin ] --END-- [ RunTime:0.000599s ]
SQL: SHOW COLUMNS FROM `sjy_community_user_info` [ RunTime:0.0413s ]
SQL: SELECT * FROM `sjy_community_user_info` WHERE `sjy_id` = 57 LIMIT 1   [ RunTime:0.0480s ]
SQL: SHOW COLUMNS FROM `sjy_project` [ RunTime:0.0484s ]
SQL: SELECT * FROM `sjy_project` WHERE `community_id` = 30 AND `status` BETWEEN 1 AND 99 LIMIT 1   [ RunTime:0.0511s ]
SQL: SHOW COLUMNS FROM `sjy_cities` [ RunTime:0.0419s ]
SQL: SELECT `city` FROM `sjy_cities` WHERE `cityid` = 110000 LIMIT 1   [ RunTime:0.0410s ]
NOTIC: [8] Undefined variable: islogin C:\xampp\htdocs\shejuyi\Application\Home\Controller\BaseController.class.php 第 118 行.
SQL: SELECT * FROM `sjy_project` WHERE `status` = 2 AND `community_id` = 30  [ RunTime:0.0477s ]
INFO: [ view_parse ] --START--
INFO: [ template_filter ] --START--
INFO: Run Behavior\ContentReplaceBehavior [ RunTime:0.000190s ]
INFO: [ template_filter ] --END-- [ RunTime:0.000271s ]
INFO: Run Behavior\ParseTemplateBehavior [ RunTime:0.050008s ]
INFO: [ view_parse ] --END-- [ RunTime:0.050092s ]
INFO: [ view_filter ] --START--
INFO: Run Behavior\WriteHtmlCacheBehavior [ RunTime:0.000438s ]
INFO: [ view_filter ] --END-- [ RunTime:0.000475s ]
INFO: [ app_end ] --START--
INFO: Run Behavior\ShowPageTraceBehavior [ RunTime:0.000854s ]
INFO: [ app_end ] --END-- [ RunTime:0.000903s ]

[ 2018-04-12T15:36:37+08:00 ] 127.0.0.1 /index.php/Home/Community/getoriganizationlist/page/1
INFO: [ app_init ] --START--
INFO: Run Behavior\BuildLiteBehavior [ RunTime:0.000014s ]
INFO: [ app_init ] --END-- [ RunTime:0.000372s ]
INFO: [ app_begin ] --START--
INFO: Run Behavior\ReadHtmlCacheBehavior [ RunTime:0.000751s ]
INFO: [ app_begin ] --END-- [ RunTime:0.000799s ]
SQL: SHOW COLUMNS FROM `sjy_community_user_info` [ RunTime:0.0472s ]
SQL: SELECT * FROM `sjy_community_user_info` WHERE `sjy_id` = 57 LIMIT 1   [ RunTime:0.0463s ]
SQL: SHOW COLUMNS FROM `sjy_project` [ RunTime:0.0513s ]
SQL: SELECT * FROM `sjy_project` WHERE `community_id` = 30 AND `status` BETWEEN 1 AND 99 LIMIT 1   [ RunTime:0.0431s ]
SQL: SHOW COLUMNS FROM `sjy_cities` [ RunTime:0.0471s ]
SQL: SELECT `city` FROM `sjy_cities` WHERE `cityid` = 110000 LIMIT 1   [ RunTime:0.0481s ]
NOTIC: [8] Undefined variable: islogin C:\xampp\htdocs\shejuyi\Application\Home\Controller\BaseController.class.php 第 118 行.
SQL: SELECT * FROM `sjy_project` WHERE `status` = 2 AND `community_id` = 30  [ RunTime:0.0502s ]
SQL: SHOW COLUMNS FROM `sjy_origanization_position_info` [ RunTime:0.0472s ]
SQL: SELECT `sjy_origanization_id` FROM `sjy_origanization_position_info` WHERE `sjy_origanization_city` = 110000  [ RunTime:0.0466s ]
SQL: SHOW COLUMNS FROM `sjy_origanization_base_info` [ RunTime:0.0487s ]
SQL: SELECT * FROM `sjy_origanization_base_info` LIMIT 0,10   [ RunTime:0.0463s ]
SQL: SELECT * FROM `sjy_origanization_position_info` WHERE `sjy_origanization_id` = '24' LIMIT 1   [ RunTime:0.0445s ]
SQL: SELECT COUNT(*) AS tp_count FROM `sjy_origanization_base_info` LIMIT 1   [ RunTime:0.0454s ]

[ 2018-04-12T15:36:48+08:00 ] 127.0.0.1 /index.php/Home/Community/index
INFO: [ app_init ] --START--
INFO: Run Behavior\BuildLiteBehavior [ RunTime:0.000022s ]
INFO: [ app_init ] --END-- [ RunTime:0.000734s ]
INFO: [ app_begin ] --START--
INFO: Run Behavior\ReadHtmlCacheBehavior [ RunTime:0.001152s ]
INFO: [ app_begin ] --END-- [ RunTime:0.001247s ]
SQL: SHOW COLUMNS FROM `sjy_community_user_info` [ RunTime:0.0494s ]
SQL: SELECT * FROM `sjy_community_user_info` WHERE `sjy_id` = 57 LIMIT 1   [ RunTime:0.0392s ]
SQL: SHOW COLUMNS FROM `sjy_project` [ RunTime:0.0441s ]
SQL: SELECT * FROM `sjy_project` WHERE `community_id` = 30 AND `status` BETWEEN 1 AND 99 LIMIT 1   [ RunTime:0.0492s ]
SQL: SHOW COLUMNS FROM `sjy_cities` [ RunTime:0.0394s ]
SQL: SELECT `city` FROM `sjy_cities` WHERE `cityid` = 110000 LIMIT 1   [ RunTime:0.0385s ]
NOTIC: [8] Undefined variable: islogin C:\xampp\htdocs\shejuyi\Application\Home\Controller\BaseController.class.php 第 118 行.
SQL: SELECT * FROM `sjy_project` WHERE `status` = 2 AND `community_id` = 30  [ RunTime:0.0483s ]
INFO: [ view_parse ] --START--
INFO: [ template_filter ] --START--
INFO: Run Behavior\ContentReplaceBehavior [ RunTime:0.000192s ]
INFO: [ template_filter ] --END-- [ RunTime:0.000281s ]
INFO: Run Behavior\ParseTemplateBehavior [ RunTime:0.043831s ]
INFO: [ view_parse ] --END-- [ RunTime:0.043912s ]
INFO: [ view_filter ] --START--
INFO: Run Behavior\WriteHtmlCacheBehavior [ RunTime:0.000548s ]
INFO: [ view_filter ] --END-- [ RunTime:0.000582s ]
INFO: [ app_end ] --START--
INFO: Run Behavior\ShowPageTraceBehavior [ RunTime:0.000703s ]
INFO: [ app_end ] --END-- [ RunTime:0.000742s ]

[ 2018-04-12T15:36:49+08:00 ] 127.0.0.1 /index.php/Home/Community/index
INFO: [ app_init ] --START--
INFO: Run Behavior\BuildLiteBehavior [ RunTime:0.000012s ]
INFO: [ app_init ] --END-- [ RunTime:0.000368s ]
INFO: [ app_begin ] --START--
INFO: Run Behavior\ReadHtmlCacheBehavior [ RunTime:0.000801s ]
INFO: [ app_begin ] --END-- [ RunTime:0.000859s ]
SQL: SHOW COLUMNS FROM `sjy_community_user_info` [ RunTime:0.0483s ]
SQL: SELECT * FROM `sjy_community_user_info` WHERE `sjy_id` = 57 LIMIT 1   [ RunTime:0.0452s ]
SQL: SHOW COLUMNS FROM `sjy_project` [ RunTime:0.0391s ]
SQL: SELECT * FROM `sjy_project` WHERE `community_id` = 30 AND `status` BETWEEN 1 AND 99 LIMIT 1   [ RunTime:0.0390s ]
SQL: SHOW COLUMNS FROM `sjy_cities` [ RunTime:0.0466s ]
SQL: SELECT `city` FROM `sjy_cities` WHERE `cityid` = 110000 LIMIT 1   [ RunTime:0.0452s ]
NOTIC: [8] Undefined variable: islogin C:\xampp\htdocs\shejuyi\Application\Home\Controller\BaseController.class.php 第 118 行.
SQL: SELECT * FROM `sjy_project` WHERE `status` = 2 AND `community_id` = 30  [ RunTime:0.0473s ]
INFO: [ view_parse ] --START--
INFO: [ template_filter ] --START--
INFO: Run Behavior\ContentReplaceBehavior [ RunTime:0.000196s ]
INFO: [ template_filter ] --END-- [ RunTime:0.000286s ]
INFO: Run Behavior\ParseTemplateBehavior [ RunTime:0.047896s ]
INFO: [ view_parse ] --END-- [ RunTime:0.047979s ]
INFO: [ view_filter ] --START--
INFO: Run Behavior\WriteHtmlCacheBehavior [ RunTime:0.000623s ]
INFO: [ view_filter ] --END-- [ RunTime:0.000661s ]
INFO: [ app_end ] --START--
INFO: Run Behavior\ShowPageTraceBehavior [ RunTime:0.000789s ]
INFO: [ app_end ] --END-- [ RunTime:0.000831s ]

[ 2018-04-12T15:36:50+08:00 ] 127.0.0.1 /index.php/Home/Community/getoriganizationlist/page/1
INFO: [ app_init ] --START--
INFO: Run Behavior\BuildLiteBehavior [ RunTime:0.000013s ]
INFO: [ app_init ] --END-- [ RunTime:0.000376s ]
INFO: [ app_begin ] --START--
INFO: Run Behavior\ReadHtmlCacheBehavior [ RunTime:0.000883s ]
INFO: [ app_begin ] --END-- [ RunTime:0.000940s ]
SQL: SHOW COLUMNS FROM `sjy_community_user_info` [ RunTime:0.0400s ]
SQL: SELECT * FROM `sjy_community_user_info` WHERE `sjy_id` = 57 LIMIT 1   [ RunTime:0.0426s ]
SQL: SHOW COLUMNS FROM `sjy_project` [ RunTime:0.0479s ]
SQL: SELECT * FROM `sjy_project` WHERE `community_id` = 30 AND `status` BETWEEN 1 AND 99 LIMIT 1   [ RunTime:0.0461s ]
SQL: SHOW COLUMNS FROM `sjy_cities` [ RunTime:0.0471s ]
SQL: SELECT `city` FROM `sjy_cities` WHERE `cityid` = 110000 LIMIT 1   [ RunTime:0.0416s ]
NOTIC: [8] Undefined variable: islogin C:\xampp\htdocs\shejuyi\Application\Home\Controller\BaseController.class.php 第 118 行.
SQL: SELECT * FROM `sjy_project` WHERE `status` = 2 AND `community_id` = 30  [ RunTime:0.0383s ]
SQL: SHOW COLUMNS FROM `sjy_origanization_position_info` [ RunTime:0.0448s ]
SQL: SELECT `sjy_origanization_id` FROM `sjy_origanization_position_info` WHERE `sjy_origanization_city` = 110000  [ RunTime:0.0379s ]
SQL: SHOW COLUMNS FROM `sjy_origanization_base_info` [ RunTime:0.0385s ]
SQL: SELECT * FROM `sjy_origanization_base_info` LIMIT 0,10   [ RunTime:0.0408s ]
SQL: SELECT * FROM `sjy_origanization_position_info` WHERE `sjy_origanization_id` = '24' LIMIT 1   [ RunTime:0.0384s ]
SQL: SELECT COUNT(*) AS tp_count FROM `sjy_origanization_base_info` LIMIT 1   [ RunTime:0.0383s ]

[ 2018-04-12T15:37:05+08:00 ] 127.0.0.1 /index.php/Home/Community/index
INFO: [ app_init ] --START--
INFO: Run Behavior\BuildLiteBehavior [ RunTime:0.000012s ]
INFO: [ app_init ] --END-- [ RunTime:0.000351s ]
INFO: [ app_begin ] --START--
INFO: Run Behavior\ReadHtmlCacheBehavior [ RunTime:0.000536s ]
INFO: [ app_begin ] --END-- [ RunTime:0.000578s ]
SQL: SHOW COLUMNS FROM `sjy_community_user_info` [ RunTime:0.0403s ]
SQL: SELECT * FROM `sjy_community_user_info` WHERE `sjy_id` = 57 LIMIT 1   [ RunTime:0.0401s ]
SQL: SHOW COLUMNS FROM `sjy_project` [ RunTime:0.0433s ]
SQL: SELECT * FROM `sjy_project` WHERE `community_id` = 30 AND `status` BETWEEN 1 AND 99 LIMIT 1   [ RunTime:0.0496s ]
SQL: SHOW COLUMNS FROM `sjy_cities` [ RunTime:0.0456s ]
SQL: SELECT `city` FROM `sjy_cities` WHERE `cityid` = 110000 LIMIT 1   [ RunTime:0.0438s ]
NOTIC: [8] Undefined variable: islogin C:\xampp\htdocs\shejuyi\Application\Home\Controller\BaseController.class.php 第 118 行.
SQL: SELECT * FROM `sjy_project` WHERE `status` = 2 AND `community_id` = 30  [ RunTime:0.0407s ]
INFO: [ view_parse ] --START--
INFO: [ template_filter ] --START--
INFO: Run Behavior\ContentReplaceBehavior [ RunTime:0.000192s ]
INFO: [ template_filter ] --END-- [ RunTime:0.000276s ]
INFO: Run Behavior\ParseTemplateBehavior [ RunTime:0.043364s ]
INFO: [ view_parse ] --END-- [ RunTime:0.043449s ]
INFO: [ view_filter ] --START--
INFO: Run Behavior\WriteHtmlCacheBehavior [ RunTime:0.000617s ]
INFO: [ view_filter ] --END-- [ RunTime:0.000655s ]
INFO: [ app_end ] --START--
INFO: Run Behavior\ShowPageTraceBehavior [ RunTime:0.000788s ]
INFO: [ app_end ] --END-- [ RunTime:0.000838s ]

[ 2018-04-12T15:37:05+08:00 ] 127.0.0.1 /index.php/Home/Community/index
INFO: [ app_init ] --START--
INFO: Run Behavior\BuildLiteBehavior [ RunTime:0.000023s ]
INFO: [ app_init ] --END-- [ RunTime:0.000948s ]
INFO: [ app_begin ] --START--
INFO: Run Behavior\ReadHtmlCacheBehavior [ RunTime:0.001508s ]
INFO: [ app_begin ] --END-- [ RunTime:0.001613s ]
SQL: SHOW COLUMNS FROM `sjy_community_user_info` [ RunTime:0.0476s ]
SQL: SELECT * FROM `sjy_community_user_info` WHERE `sjy_id` = 57 LIMIT 1   [ RunTime:0.0422s ]
SQL: SHOW COLUMNS FROM `sjy_project` [ RunTime:0.0462s ]
SQL: SELECT * FROM `sjy_project` WHERE `community_id` = 30 AND `status` BETWEEN 1 AND 99 LIMIT 1   [ RunTime:0.0474s ]
SQL: SHOW COLUMNS FROM `sjy_cities` [ RunTime:0.0424s ]
SQL: SELECT `city` FROM `sjy_cities` WHERE `cityid` = 110000 LIMIT 1   [ RunTime:0.0443s ]
NOTIC: [8] Undefined variable: islogin C:\xampp\htdocs\shejuyi\Application\Home\Controller\BaseController.class.php 第 118 行.
SQL: SELECT * FROM `sjy_project` WHERE `status` = 2 AND `community_id` = 30  [ RunTime:0.0421s ]
INFO: [ view_parse ] --START--
INFO: [ template_filter ] --START--
INFO: Run Behavior\ContentReplaceBehavior [ RunTime:0.000199s ]
INFO: [ template_filter ] --END-- [ RunTime:0.000291s ]
INFO: Run Behavior\ParseTemplateBehavior [ RunTime:0.045264s ]
INFO: [ view_parse ] --END-- [ RunTime:0.045345s ]
INFO: [ view_filter ] --START--
INFO: Run Behavior\WriteHtmlCacheBehavior [ RunTime:0.000506s ]
INFO: [ view_filter ] --END-- [ RunTime:0.000538s ]
INFO: [ app_end ] --START--
INFO: Run Behavior\ShowPageTraceBehavior [ RunTime:0.000883s ]
INFO: [ app_end ] --END-- [ RunTime:0.000953s ]

[ 2018-04-12T15:37:06+08:00 ] 127.0.0.1 /index.php/Home/Community/index
INFO: [ app_init ] --START--
INFO: Run Behavior\BuildLiteBehavior [ RunTime:0.000021s ]
INFO: [ app_init ] --END-- [ RunTime:0.000734s ]
INFO: [ app_begin ] --START--
INFO: Run Behavior\ReadHtmlCacheBehavior [ RunTime:0.001062s ]
INFO: [ app_begin ] --END-- [ RunTime:0.001129s ]
SQL: SHOW COLUMNS FROM `sjy_community_user_info` [ RunTime:0.0444s ]
SQL: SELECT * FROM `sjy_community_user_info` WHERE `sjy_id` = 57 LIMIT 1   [ RunTime:0.0448s ]
SQL: SHOW COLUMNS FROM `sjy_project` [ RunTime:0.0471s ]
SQL: SELECT * FROM `sjy_project` WHERE `community_id` = 30 AND `status` BETWEEN 1 AND 99 LIMIT 1   [ RunTime:0.0469s ]
SQL: SHOW COLUMNS FROM `sjy_cities` [ RunTime:0.0459s ]
SQL: SELECT `city` FROM `sjy_cities` WHERE `cityid` = 110000 LIMIT 1   [ RunTime:0.0461s ]
NOTIC: [8] Undefined variable: islogin C:\xampp\htdocs\shejuyi\Application\Home\Controller\BaseController.class.php 第 118 行.
SQL: SELECT * FROM `sjy_project` WHERE `status` = 2 AND `community_id` = 30  [ RunTime:0.0474s ]
INFO: [ view_parse ] --START--
INFO: [ template_filter ] --START--
INFO: Run Behavior\ContentReplaceBehavior [ RunTime:0.000098s ]
INFO: [ template_filter ] --END-- [ RunTime:0.000147s ]
INFO: Run Behavior\ParseTemplateBehavior [ RunTime:0.031869s ]
INFO: [ view_parse ] --END-- [ RunTime:0.031933s ]
INFO: [ view_filter ] --START--
INFO: Run Behavior\WriteHtmlCacheBehavior [ RunTime:0.000457s ]
INFO: [ view_filter ] --END-- [ RunTime:0.000492s ]
INFO: [ app_end ] --START--
INFO: Run Behavior\ShowPageTraceBehavior [ RunTime:0.000589s ]
INFO: [ app_end ] --END-- [ RunTime:0.000629s ]

[ 2018-04-12T15:37:07+08:00 ] 127.0.0.1 /index.php/Home/Community/index
INFO: [ app_init ] --START--
INFO: Run Behavior\BuildLiteBehavior [ RunTime:0.000012s ]
INFO: [ app_init ] --END-- [ RunTime:0.000342s ]
INFO: [ app_begin ] --START--
INFO: Run Behavior\ReadHtmlCacheBehavior [ RunTime:0.000533s ]
INFO: [ app_begin ] --END-- [ RunTime:0.000577s ]
SQL: SHOW COLUMNS FROM `sjy_community_user_info` [ RunTime:0.0494s ]
SQL: SELECT * FROM `sjy_community_user_info` WHERE `sjy_id` = 57 LIMIT 1   [ RunTime:0.0493s ]
SQL: SHOW COLUMNS FROM `sjy_project` [ RunTime:0.0508s ]
SQL: SELECT * FROM `sjy_project` WHERE `community_id` = 30 AND `status` BETWEEN 1 AND 99 LIMIT 1   [ RunTime:0.0475s ]
SQL: SHOW COLUMNS FROM `sjy_cities` [ RunTime:0.0491s ]
SQL: SELECT `city` FROM `sjy_cities` WHERE `cityid` = 110000 LIMIT 1   [ RunTime:0.0468s ]
NOTIC: [8] Undefined variable: islogin C:\xampp\htdocs\shejuyi\Application\Home\Controller\BaseController.class.php 第 118 行.
SQL: SELECT * FROM `sjy_project` WHERE `status` = 2 AND `community_id` = 30  [ RunTime:0.0471s ]
INFO: [ view_parse ] --START--
INFO: [ template_filter ] --START--
INFO: Run Behavior\ContentReplaceBehavior [ RunTime:0.000191s ]
INFO: [ template_filter ] --END-- [ RunTime:0.000277s ]
INFO: Run Behavior\ParseTemplateBehavior [ RunTime:0.055860s ]
INFO: [ view_parse ] --END-- [ RunTime:0.055961s ]
INFO: [ view_filter ] --START--
INFO: Run Behavior\WriteHtmlCacheBehavior [ RunTime:0.000465s ]
INFO: [ view_filter ] --END-- [ RunTime:0.000502s ]
INFO: [ app_end ] --START--
INFO: Run Behavior\ShowPageTraceBehavior [ RunTime:0.000603s ]
INFO: [ app_end ] --END-- [ RunTime:0.000644s ]

[ 2018-04-12T15:37:07+08:00 ] 127.0.0.1 /index.php/Home/Community/index
INFO: [ app_init ] --START--
INFO: Run Behavior\BuildLiteBehavior [ RunTime:0.000009s ]
INFO: [ app_init ] --END-- [ RunTime:0.000312s ]
INFO: [ app_begin ] --START--
INFO: Run Behavior\ReadHtmlCacheBehavior [ RunTime:0.000516s ]
INFO: [ app_begin ] --END-- [ RunTime:0.000565s ]
SQL: SHOW COLUMNS FROM `sjy_community_user_info` [ RunTime:0.0478s ]
SQL: SELECT * FROM `sjy_community_user_info` WHERE `sjy_id` = 57 LIMIT 1   [ RunTime:0.0467s ]
SQL: SHOW COLUMNS FROM `sjy_project` [ RunTime:0.0462s ]
SQL: SELECT * FROM `sjy_project` WHERE `community_id` = 30 AND `status` BETWEEN 1 AND 99 LIMIT 1   [ RunTime:0.0399s ]
SQL: SHOW COLUMNS FROM `sjy_cities` [ RunTime:0.0483s ]
SQL: SELECT `city` FROM `sjy_cities` WHERE `cityid` = 110000 LIMIT 1   [ RunTime:0.0425s ]
NOTIC: [8] Undefined variable: islogin C:\xampp\htdocs\shejuyi\Application\Home\Controller\BaseController.class.php 第 118 行.
SQL: SELECT * FROM `sjy_project` WHERE `status` = 2 AND `community_id` = 30  [ RunTime:0.0481s ]
INFO: [ view_parse ] --START--
INFO: [ template_filter ] --START--
INFO: Run Behavior\ContentReplaceBehavior [ RunTime:0.000200s ]
INFO: [ template_filter ] --END-- [ RunTime:0.000297s ]
INFO: Run Behavior\ParseTemplateBehavior [ RunTime:0.056138s ]
INFO: [ view_parse ] --END-- [ RunTime:0.056259s ]
INFO: [ view_filter ] --START--
INFO: Run Behavior\WriteHtmlCacheBehavior [ RunTime:0.000433s ]
INFO: [ view_filter ] --END-- [ RunTime:0.000467s ]
INFO: [ app_end ] --START--
INFO: Run Behavior\ShowPageTraceBehavior [ RunTime:0.000696s ]
INFO: [ app_end ] --END-- [ RunTime:0.000748s ]

[ 2018-04-12T15:37:08+08:00 ] 127.0.0.1 /index.php/Home/Community/index
INFO: [ app_init ] --START--
INFO: Run Behavior\BuildLiteBehavior [ RunTime:0.000010s ]
INFO: [ app_init ] --END-- [ RunTime:0.000395s ]
INFO: [ app_begin ] --START--
INFO: Run Behavior\ReadHtmlCacheBehavior [ RunTime:0.000704s ]
INFO: [ app_begin ] --END-- [ RunTime:0.000748s ]
SQL: SHOW COLUMNS FROM `sjy_community_user_info` [ RunTime:0.0406s ]
SQL: SELECT * FROM `sjy_community_user_info` WHERE `sjy_id` = 57 LIMIT 1   [ RunTime:0.0448s ]
SQL: SHOW COLUMNS FROM `sjy_project` [ RunTime:0.0481s ]
SQL: SELECT * FROM `sjy_project` WHERE `community_id` = 30 AND `status` BETWEEN 1 AND 99 LIMIT 1   [ RunTime:0.0404s ]
SQL: SHOW COLUMNS FROM `sjy_cities` [ RunTime:0.0395s ]
SQL: SELECT `city` FROM `sjy_cities` WHERE `cityid` = 110000 LIMIT 1   [ RunTime:0.0418s ]
NOTIC: [8] Undefined variable: islogin C:\xampp\htdocs\shejuyi\Application\Home\Controller\BaseController.class.php 第 118 行.
SQL: SELECT * FROM `sjy_project` WHERE `status` = 2 AND `community_id` = 30  [ RunTime:0.0398s ]
INFO: [ view_parse ] --START--
INFO: [ template_filter ] --START--
INFO: Run Behavior\ContentReplaceBehavior [ RunTime:0.000196s ]
INFO: [ template_filter ] --END-- [ RunTime:0.000283s ]
INFO: Run Behavior\ParseTemplateBehavior [ RunTime:0.042804s ]
INFO: [ view_parse ] --END-- [ RunTime:0.042889s ]
INFO: [ view_filter ] --START--
INFO: Run Behavior\WriteHtmlCacheBehavior [ RunTime:0.000552s ]
INFO: [ view_filter ] --END-- [ RunTime:0.000585s ]
INFO: [ app_end ] --START--
INFO: Run Behavior\ShowPageTraceBehavior [ RunTime:0.000719s ]
INFO: [ app_end ] --END-- [ RunTime:0.000761s ]

[ 2018-04-12T15:37:09+08:00 ] 127.0.0.1 /index.php/Home/Community/getoriganizationlist/page/1
INFO: [ app_init ] --START--
INFO: Run Behavior\BuildLiteBehavior [ RunTime:0.000010s ]
INFO: [ app_init ] --END-- [ RunTime:0.000338s ]
INFO: [ app_begin ] --START--
INFO: Run Behavior\ReadHtmlCacheBehavior [ RunTime:0.000546s ]
INFO: [ app_begin ] --END-- [ RunTime:0.000586s ]
SQL: SHOW COLUMNS FROM `sjy_community_user_info` [ RunTime:0.0486s ]
SQL: SELECT * FROM `sjy_community_user_info` WHERE `sjy_id` = 57 LIMIT 1   [ RunTime:0.0632s ]
SQL: SHOW COLUMNS FROM `sjy_project` [ RunTime:0.0456s ]
SQL: SELECT * FROM `sjy_project` WHERE `community_id` = 30 AND `status` BETWEEN 1 AND 99 LIMIT 1   [ RunTime:0.0424s ]
SQL: SHOW COLUMNS FROM `sjy_cities` [ RunTime:0.0474s ]
SQL: SELECT `city` FROM `sjy_cities` WHERE `cityid` = 110000 LIMIT 1   [ RunTime:0.0488s ]
NOTIC: [8] Undefined variable: islogin C:\xampp\htdocs\shejuyi\Application\Home\Controller\BaseController.class.php 第 118 行.
SQL: SELECT * FROM `sjy_project` WHERE `status` = 2 AND `community_id` = 30  [ RunTime:0.0436s ]
SQL: SHOW COLUMNS FROM `sjy_origanization_position_info` [ RunTime:0.0448s ]
SQL: SELECT `sjy_origanization_id` FROM `sjy_origanization_position_info` WHERE `sjy_origanization_city` = 110000  [ RunTime:0.0498s ]
SQL: SHOW COLUMNS FROM `sjy_origanization_base_info` [ RunTime:0.0416s ]
SQL: SELECT * FROM `sjy_origanization_base_info` LIMIT 0,10   [ RunTime:0.0461s ]
SQL: SELECT * FROM `sjy_origanization_position_info` WHERE `sjy_origanization_id` = '24' LIMIT 1   [ RunTime:0.0511s ]
SQL: SELECT COUNT(*) AS tp_count FROM `sjy_origanization_base_info` LIMIT 1   [ RunTime:0.0480s ]

