[ 2018-03-18T15:42:42+08:00 ] 127.0.0.1 /index.php/Home/Project/origanizationGetProjectBookList?project_id=40
INFO: [ app_init ] --START--
INFO: Run Behavior\BuildLiteBehavior [ RunTime:0.000026s ]
INFO: [ app_init ] --END-- [ RunTime:0.001171s ]
INFO: [ app_begin ] --START--
INFO: Run Behavior\ReadHtmlCacheBehavior [ RunTime:0.001738s ]
INFO: [ app_begin ] --END-- [ RunTime:0.001833s ]
SQL: SHOW COLUMNS FROM `sjy_origanization_user_info` [ RunTime:0.2743s ]
SQL: SELECT * FROM `sjy_origanization_user_info` WHERE `sjy_id` = 75 LIMIT 1   [ RunTime:0.0631s ]
SQL: SHOW COLUMNS FROM `sjy_cities` [ RunTime:0.0863s ]
SQL: SELECT `city` FROM `sjy_cities` WHERE `cityid` = 110000 LIMIT 1   [ RunTime:0.2801s ]
NOTIC: [8] Undefined variable: islogin C:\xampp\htdocs\shejuyi\Application\Home\Controller\BaseController.class.php 第 98 行.
SQL: SHOW COLUMNS FROM `sjy_project_book` [ RunTime:0.0617s ]
SQL: SELECT * FROM `sjy_project_book` WHERE `sjy_project_id` = 40 AND `sjy_origanization_id` = 23  [ RunTime:0.1162s ]

[ 2018-03-18T15:47:42+08:00 ] 127.0.0.1 /index.php/Home/Project/alreadySendProject
INFO: [ app_init ] --START--
INFO: Run Behavior\BuildLiteBehavior [ RunTime:0.000018s ]
INFO: [ app_init ] --END-- [ RunTime:0.000675s ]
INFO: [ app_begin ] --START--
INFO: Run Behavior\ReadHtmlCacheBehavior [ RunTime:0.001354s ]
INFO: [ app_begin ] --END-- [ RunTime:0.001427s ]
SQL: SHOW COLUMNS FROM `sjy_origanization_user_info` [ RunTime:0.1709s ]
SQL: SELECT * FROM `sjy_origanization_user_info` WHERE `sjy_id` = 75 LIMIT 1   [ RunTime:0.5482s ]
SQL: SHOW COLUMNS FROM `sjy_cities` [ RunTime:0.0612s ]
SQL: SELECT `city` FROM `sjy_cities` WHERE `cityid` = 110000 LIMIT 1   [ RunTime:0.5131s ]
NOTIC: [8] Undefined variable: islogin C:\xampp\htdocs\shejuyi\Application\Home\Controller\BaseController.class.php 第 98 行.
SQL: SHOW COLUMNS FROM `sjy_project` [ RunTime:0.0909s ]
SQL: SELECT * FROM `sjy_project` WHERE `origanization_id` = 23 AND `status` = 1 ORDER BY send_project_book_time desc LIMIT 0,15   [ RunTime:0.2162s ]
SQL: SHOW COLUMNS FROM `sjy_community_project_info` [ RunTime:0.0519s ]
SQL: SELECT * FROM `sjy_community_project_info` WHERE `sjy_id` = 40 LIMIT 1   [ RunTime:0.3664s ]
SQL: SELECT COUNT(*) AS tp_count FROM `sjy_project` WHERE `origanization_id` = 23 AND `status` = 1 LIMIT 1   [ RunTime:0.1536s ]

[ 2018-03-18T15:52:41+08:00 ] 127.0.0.1 /index.php/Home/Project/alreadySendProject
INFO: [ app_init ] --START--
INFO: Run Behavior\BuildLiteBehavior [ RunTime:0.000036s ]
INFO: [ app_init ] --END-- [ RunTime:0.001418s ]
INFO: [ app_begin ] --START--
INFO: Run Behavior\ReadHtmlCacheBehavior [ RunTime:0.002497s ]
INFO: [ app_begin ] --END-- [ RunTime:0.002632s ]

[ 2018-03-18T15:52:41+08:00 ] 127.0.0.1 /index.php/
INFO: [ app_init ] --START--
INFO: Run Behavior\BuildLiteBehavior [ RunTime:0.000020s ]
INFO: [ app_init ] --END-- [ RunTime:0.000627s ]
INFO: [ app_begin ] --START--
INFO: Run Behavior\ReadHtmlCacheBehavior [ RunTime:0.000933s ]
INFO: [ app_begin ] --END-- [ RunTime:0.001016s ]
INFO: [ view_parse ] --START--
INFO: [ template_filter ] --START--
INFO: Run Behavior\ContentReplaceBehavior [ RunTime:0.000198s ]
INFO: [ template_filter ] --END-- [ RunTime:0.000296s ]
INFO: Run Behavior\ParseTemplateBehavior [ RunTime:0.024068s ]
INFO: [ view_parse ] --END-- [ RunTime:0.024171s ]
INFO: [ view_filter ] --START--
INFO: Run Behavior\WriteHtmlCacheBehavior [ RunTime:0.002420s ]
INFO: [ view_filter ] --END-- [ RunTime:0.002514s ]
INFO: [ app_end ] --START--
INFO: Run Behavior\ShowPageTraceBehavior [ RunTime:0.003435s ]
INFO: [ app_end ] --END-- [ RunTime:0.003541s ]

[ 2018-03-18T15:55:04+08:00 ] 127.0.0.1 /index.php/Home/Project/origanizationProjectManger
INFO: [ app_init ] --START--
INFO: Run Behavior\BuildLiteBehavior [ RunTime:0.000016s ]
INFO: [ app_init ] --END-- [ RunTime:0.001233s ]
INFO: [ app_begin ] --START--
INFO: Run Behavior\ReadHtmlCacheBehavior [ RunTime:0.001122s ]
INFO: [ app_begin ] --END-- [ RunTime:0.001195s ]
SQL: SHOW COLUMNS FROM `sjy_origanization_user_info` [ RunTime:0.1904s ]
SQL: SELECT * FROM `sjy_origanization_user_info` WHERE `sjy_id` = 75 LIMIT 1   [ RunTime:0.4244s ]
SQL: SHOW COLUMNS FROM `sjy_cities` [ RunTime:0.6152s ]
SQL: SELECT `city` FROM `sjy_cities` WHERE `cityid` = 110000 LIMIT 1   [ RunTime:0.6107s ]
NOTIC: [8] Undefined variable: islogin C:\xampp\htdocs\shejuyi\Application\Home\Controller\BaseController.class.php 第 98 行.
INFO: [ view_parse ] --START--
INFO: [ template_filter ] --START--
INFO: Run Behavior\ContentReplaceBehavior [ RunTime:0.000980s ]
INFO: [ template_filter ] --END-- [ RunTime:0.001187s ]
INFO: Run Behavior\ParseTemplateBehavior [ RunTime:0.088096s ]
INFO: [ view_parse ] --END-- [ RunTime:0.088350s ]
INFO: [ view_filter ] --START--
INFO: Run Behavior\WriteHtmlCacheBehavior [ RunTime:0.002732s ]
INFO: [ view_filter ] --END-- [ RunTime:0.002901s ]
INFO: [ app_end ] --START--
INFO: Run Behavior\ShowPageTraceBehavior [ RunTime:0.007295s ]
INFO: [ app_end ] --END-- [ RunTime:0.007682s ]

[ 2018-03-18T15:55:11+08:00 ] 127.0.0.1 /index.php/Home/Project/alreadySendProject
INFO: [ app_init ] --START--
INFO: Run Behavior\BuildLiteBehavior [ RunTime:0.000019s ]
INFO: [ app_init ] --END-- [ RunTime:0.000697s ]
INFO: [ app_begin ] --START--
INFO: Run Behavior\ReadHtmlCacheBehavior [ RunTime:0.001941s ]
INFO: [ app_begin ] --END-- [ RunTime:0.002046s ]
SQL: SHOW COLUMNS FROM `sjy_origanization_user_info` [ RunTime:0.6140s ]
SQL: SELECT * FROM `sjy_origanization_user_info` WHERE `sjy_id` = 75 LIMIT 1   [ RunTime:0.0766s ]
SQL: SHOW COLUMNS FROM `sjy_cities` [ RunTime:0.0550s ]
SQL: SELECT `city` FROM `sjy_cities` WHERE `cityid` = 110000 LIMIT 1   [ RunTime:0.4792s ]
NOTIC: [8] Undefined variable: islogin C:\xampp\htdocs\shejuyi\Application\Home\Controller\BaseController.class.php 第 98 行.
SQL: SHOW COLUMNS FROM `sjy_project` [ RunTime:0.6140s ]
SQL: SELECT * FROM `sjy_project` WHERE `origanization_id` = 23 AND `status` = 1 ORDER BY send_project_book_time desc LIMIT 0,15   [ RunTime:0.0964s ]
SQL: SHOW COLUMNS FROM `sjy_community_project_info` [ RunTime:0.0771s ]
SQL: SELECT * FROM `sjy_community_project_info` WHERE `sjy_id` = 40 LIMIT 1   [ RunTime:0.8636s ]
SQL: SELECT COUNT(*) AS tp_count FROM `sjy_project` WHERE `origanization_id` = 23 AND `status` = 1 LIMIT 1   [ RunTime:0.6174s ]

[ 2018-03-18T15:55:15+08:00 ] 127.0.0.1 /index.php/Home/Project/origanizationGetProjectBookList/id/40
INFO: [ app_init ] --START--
INFO: Run Behavior\BuildLiteBehavior [ RunTime:0.000025s ]
INFO: [ app_init ] --END-- [ RunTime:0.000716s ]
INFO: [ app_begin ] --START--
INFO: Run Behavior\ReadHtmlCacheBehavior [ RunTime:0.000876s ]
INFO: [ app_begin ] --END-- [ RunTime:0.000942s ]
SQL: SHOW COLUMNS FROM `sjy_origanization_user_info` [ RunTime:0.0810s ]
SQL: SELECT * FROM `sjy_origanization_user_info` WHERE `sjy_id` = 75 LIMIT 1   [ RunTime:0.1675s ]
SQL: SHOW COLUMNS FROM `sjy_cities` [ RunTime:0.1834s ]
SQL: SELECT `city` FROM `sjy_cities` WHERE `cityid` = 110000 LIMIT 1   [ RunTime:0.1207s ]
NOTIC: [8] Undefined variable: islogin C:\xampp\htdocs\shejuyi\Application\Home\Controller\BaseController.class.php 第 98 行.
SQL: SHOW COLUMNS FROM `sjy_project_book` [ RunTime:0.1044s ]
SQL: SELECT * FROM `sjy_project_book` WHERE `sjy_project_id` = 0 AND `sjy_origanization_id` = 23  [ RunTime:0.0851s ]

[ 2018-03-18T15:56:27+08:00 ] 127.0.0.1 /index.php/Home/Project/origanizationProjectManger
INFO: [ app_init ] --START--
INFO: Run Behavior\BuildLiteBehavior [ RunTime:0.000046s ]
INFO: [ app_init ] --END-- [ RunTime:0.001412s ]
INFO: [ app_begin ] --START--
INFO: Run Behavior\ReadHtmlCacheBehavior [ RunTime:0.001526s ]
INFO: [ app_begin ] --END-- [ RunTime:0.001613s ]
SQL: SHOW COLUMNS FROM `sjy_origanization_user_info` [ RunTime:0.2025s ]
SQL: SELECT * FROM `sjy_origanization_user_info` WHERE `sjy_id` = 75 LIMIT 1   [ RunTime:0.3120s ]
SQL: SHOW COLUMNS FROM `sjy_cities` [ RunTime:0.0687s ]
SQL: SELECT `city` FROM `sjy_cities` WHERE `cityid` = 110000 LIMIT 1   [ RunTime:0.2053s ]
NOTIC: [8] Undefined variable: islogin C:\xampp\htdocs\shejuyi\Application\Home\Controller\BaseController.class.php 第 98 行.
INFO: [ view_parse ] --START--
INFO: [ template_filter ] --START--
INFO: Run Behavior\ContentReplaceBehavior [ RunTime:0.000497s ]
INFO: [ template_filter ] --END-- [ RunTime:0.000618s ]
INFO: Run Behavior\ParseTemplateBehavior [ RunTime:0.055763s ]
INFO: [ view_parse ] --END-- [ RunTime:0.055985s ]
INFO: [ view_filter ] --START--
INFO: Run Behavior\WriteHtmlCacheBehavior [ RunTime:0.001591s ]
INFO: [ view_filter ] --END-- [ RunTime:0.001680s ]
INFO: [ app_end ] --START--
INFO: Run Behavior\ShowPageTraceBehavior [ RunTime:0.003492s ]
INFO: [ app_end ] --END-- [ RunTime:0.003775s ]

[ 2018-03-18T15:56:35+08:00 ] 127.0.0.1 /index.php/Home/Project/alreadySendProject
INFO: [ app_init ] --START--
INFO: Run Behavior\BuildLiteBehavior [ RunTime:0.000027s ]
INFO: [ app_init ] --END-- [ RunTime:0.000802s ]
INFO: [ app_begin ] --START--
INFO: Run Behavior\ReadHtmlCacheBehavior [ RunTime:0.001647s ]
INFO: [ app_begin ] --END-- [ RunTime:0.001760s ]
SQL: SHOW COLUMNS FROM `sjy_origanization_user_info` [ RunTime:0.2478s ]
SQL: SELECT * FROM `sjy_origanization_user_info` WHERE `sjy_id` = 75 LIMIT 1   [ RunTime:0.4140s ]
SQL: SHOW COLUMNS FROM `sjy_cities` [ RunTime:0.3170s ]
SQL: SELECT `city` FROM `sjy_cities` WHERE `cityid` = 110000 LIMIT 1   [ RunTime:0.2960s ]
NOTIC: [8] Undefined variable: islogin C:\xampp\htdocs\shejuyi\Application\Home\Controller\BaseController.class.php 第 98 行.
SQL: SHOW COLUMNS FROM `sjy_project` [ RunTime:0.2108s ]
SQL: SELECT * FROM `sjy_project` WHERE `origanization_id` = 23 AND `status` = 1 ORDER BY send_project_book_time desc LIMIT 0,15   [ RunTime:0.3512s ]
SQL: SHOW COLUMNS FROM `sjy_community_project_info` [ RunTime:0.1561s ]
SQL: SELECT * FROM `sjy_community_project_info` WHERE `sjy_id` = 40 LIMIT 1   [ RunTime:0.2433s ]
SQL: SELECT COUNT(*) AS tp_count FROM `sjy_project` WHERE `origanization_id` = 23 AND `status` = 1 LIMIT 1   [ RunTime:0.2611s ]

[ 2018-03-18T15:56:36+08:00 ] 127.0.0.1 /index.php/Home/Project/origanizationProjectManger
INFO: [ app_init ] --START--
INFO: Run Behavior\BuildLiteBehavior [ RunTime:0.000025s ]
INFO: [ app_init ] --END-- [ RunTime:0.000589s ]
INFO: [ app_begin ] --START--
INFO: Run Behavior\ReadHtmlCacheBehavior [ RunTime:0.000854s ]
INFO: [ app_begin ] --END-- [ RunTime:0.000921s ]
SQL: SHOW COLUMNS FROM `sjy_origanization_user_info` [ RunTime:0.1892s ]
SQL: SELECT * FROM `sjy_origanization_user_info` WHERE `sjy_id` = 75 LIMIT 1   [ RunTime:0.1482s ]
SQL: SHOW COLUMNS FROM `sjy_cities` [ RunTime:0.2450s ]
SQL: SELECT `city` FROM `sjy_cities` WHERE `cityid` = 110000 LIMIT 1   [ RunTime:0.0923s ]
NOTIC: [8] Undefined variable: islogin C:\xampp\htdocs\shejuyi\Application\Home\Controller\BaseController.class.php 第 98 行.
INFO: [ view_parse ] --START--
INFO: [ template_filter ] --START--
INFO: Run Behavior\ContentReplaceBehavior [ RunTime:0.001076s ]
INFO: [ template_filter ] --END-- [ RunTime:0.001328s ]
INFO: Run Behavior\ParseTemplateBehavior [ RunTime:0.065743s ]
INFO: [ view_parse ] --END-- [ RunTime:0.066074s ]
INFO: [ view_filter ] --START--
INFO: Run Behavior\WriteHtmlCacheBehavior [ RunTime:0.003308s ]
INFO: [ view_filter ] --END-- [ RunTime:0.003582s ]
INFO: [ app_end ] --START--
INFO: Run Behavior\ShowPageTraceBehavior [ RunTime:0.003067s ]
INFO: [ app_end ] --END-- [ RunTime:0.003277s ]

[ 2018-03-18T15:56:44+08:00 ] 127.0.0.1 /index.php/Home/Project/alreadySendProject
INFO: [ app_init ] --START--
INFO: Run Behavior\BuildLiteBehavior [ RunTime:0.000043s ]
INFO: [ app_init ] --END-- [ RunTime:0.001075s ]
INFO: [ app_begin ] --START--
INFO: Run Behavior\ReadHtmlCacheBehavior [ RunTime:0.001147s ]
INFO: [ app_begin ] --END-- [ RunTime:0.001245s ]
SQL: SHOW COLUMNS FROM `sjy_origanization_user_info` [ RunTime:0.0873s ]
SQL: SELECT * FROM `sjy_origanization_user_info` WHERE `sjy_id` = 75 LIMIT 1   [ RunTime:0.0722s ]
SQL: SHOW COLUMNS FROM `sjy_cities` [ RunTime:0.1312s ]
SQL: SELECT `city` FROM `sjy_cities` WHERE `cityid` = 110000 LIMIT 1   [ RunTime:0.0465s ]
NOTIC: [8] Undefined variable: islogin C:\xampp\htdocs\shejuyi\Application\Home\Controller\BaseController.class.php 第 98 行.
SQL: SHOW COLUMNS FROM `sjy_project` [ RunTime:0.2841s ]
SQL: SELECT * FROM `sjy_project` WHERE `origanization_id` = 23 AND `status` = 1 ORDER BY send_project_book_time desc LIMIT 0,15   [ RunTime:0.0640s ]
SQL: SHOW COLUMNS FROM `sjy_community_project_info` [ RunTime:0.2173s ]
SQL: SELECT * FROM `sjy_community_project_info` WHERE `sjy_id` = 40 LIMIT 1   [ RunTime:0.3066s ]
SQL: SELECT COUNT(*) AS tp_count FROM `sjy_project` WHERE `origanization_id` = 23 AND `status` = 1 LIMIT 1   [ RunTime:0.0582s ]

[ 2018-03-18T15:56:48+08:00 ] 127.0.0.1 /index.php/Home/Project/origanizationGetProjectBookList/id/40
INFO: [ app_init ] --START--
INFO: Run Behavior\BuildLiteBehavior [ RunTime:0.000013s ]
INFO: [ app_init ] --END-- [ RunTime:0.000387s ]
INFO: [ app_begin ] --START--
INFO: Run Behavior\ReadHtmlCacheBehavior [ RunTime:0.000684s ]
INFO: [ app_begin ] --END-- [ RunTime:0.000730s ]
SQL: SHOW COLUMNS FROM `sjy_origanization_user_info` [ RunTime:0.3020s ]
SQL: SELECT * FROM `sjy_origanization_user_info` WHERE `sjy_id` = 75 LIMIT 1   [ RunTime:0.3050s ]
SQL: SHOW COLUMNS FROM `sjy_cities` [ RunTime:0.0731s ]
SQL: SELECT `city` FROM `sjy_cities` WHERE `cityid` = 110000 LIMIT 1   [ RunTime:0.2996s ]
NOTIC: [8] Undefined variable: islogin C:\xampp\htdocs\shejuyi\Application\Home\Controller\BaseController.class.php 第 98 行.
SQL: SHOW COLUMNS FROM `sjy_project_book` [ RunTime:0.0613s ]
SQL: SELECT * FROM `sjy_project_book` WHERE `sjy_project_id` = 0 AND `sjy_origanization_id` = 23  [ RunTime:0.1837s ]

[ 2018-03-18T16:04:21+08:00 ] 127.0.0.1 /index.php/Home/Project/origanizationProjectManger
INFO: [ app_init ] --START--
INFO: Run Behavior\BuildLiteBehavior [ RunTime:0.000022s ]
INFO: [ app_init ] --END-- [ RunTime:0.001375s ]
INFO: [ app_begin ] --START--
INFO: Run Behavior\ReadHtmlCacheBehavior [ RunTime:0.002067s ]
INFO: [ app_begin ] --END-- [ RunTime:0.002230s ]
SQL: SHOW COLUMNS FROM `sjy_origanization_user_info` [ RunTime:0.1757s ]
SQL: SELECT * FROM `sjy_origanization_user_info` WHERE `sjy_id` = 75 LIMIT 1   [ RunTime:0.4378s ]
SQL: SHOW COLUMNS FROM `sjy_cities` [ RunTime:0.4351s ]
SQL: SELECT `city` FROM `sjy_cities` WHERE `cityid` = 110000 LIMIT 1   [ RunTime:0.1791s ]
NOTIC: [8] Undefined variable: islogin C:\xampp\htdocs\shejuyi\Application\Home\Controller\BaseController.class.php 第 98 行.
INFO: [ view_parse ] --START--
INFO: [ template_filter ] --START--
INFO: Run Behavior\ContentReplaceBehavior [ RunTime:0.000223s ]
INFO: [ template_filter ] --END-- [ RunTime:0.000282s ]
INFO: Run Behavior\ParseTemplateBehavior [ RunTime:0.019144s ]
INFO: [ view_parse ] --END-- [ RunTime:0.019233s ]
INFO: [ view_filter ] --START--
INFO: Run Behavior\WriteHtmlCacheBehavior [ RunTime:0.001199s ]
INFO: [ view_filter ] --END-- [ RunTime:0.001274s ]
INFO: [ app_end ] --START--
INFO: Run Behavior\ShowPageTraceBehavior [ RunTime:0.001744s ]
INFO: [ app_end ] --END-- [ RunTime:0.001903s ]

[ 2018-03-18T16:04:27+08:00 ] 127.0.0.1 /index.php/Home/Project/alreadySendProject
INFO: [ app_init ] --START--
INFO: Run Behavior\BuildLiteBehavior [ RunTime:0.000031s ]
INFO: [ app_init ] --END-- [ RunTime:0.000850s ]
INFO: [ app_begin ] --START--
INFO: Run Behavior\ReadHtmlCacheBehavior [ RunTime:0.001220s ]
INFO: [ app_begin ] --END-- [ RunTime:0.001283s ]
SQL: SHOW COLUMNS FROM `sjy_origanization_user_info` [ RunTime:0.5249s ]
SQL: SELECT * FROM `sjy_origanization_user_info` WHERE `sjy_id` = 75 LIMIT 1   [ RunTime:0.0642s ]
SQL: SHOW COLUMNS FROM `sjy_cities` [ RunTime:0.0871s ]
SQL: SELECT `city` FROM `sjy_cities` WHERE `cityid` = 110000 LIMIT 1   [ RunTime:0.0540s ]
NOTIC: [8] Undefined variable: islogin C:\xampp\htdocs\shejuyi\Application\Home\Controller\BaseController.class.php 第 98 行.
SQL: SHOW COLUMNS FROM `sjy_project` [ RunTime:0.2637s ]
SQL: SELECT * FROM `sjy_project` WHERE `origanization_id` = 23 AND `status` = 1 ORDER BY send_project_book_time desc LIMIT 0,15   [ RunTime:0.1520s ]
SQL: SHOW COLUMNS FROM `sjy_community_project_info` [ RunTime:0.4450s ]
SQL: SELECT * FROM `sjy_community_project_info` WHERE `sjy_id` = 40 LIMIT 1   [ RunTime:0.1685s ]
SQL: SELECT COUNT(*) AS tp_count FROM `sjy_project` WHERE `origanization_id` = 23 AND `status` = 1 LIMIT 1   [ RunTime:0.1953s ]

[ 2018-03-18T16:04:31+08:00 ] 127.0.0.1 /index.php/Home/Project/origanizationGetProjectBookList/id/40
INFO: [ app_init ] --START--
INFO: Run Behavior\BuildLiteBehavior [ RunTime:0.000016s ]
INFO: [ app_init ] --END-- [ RunTime:0.000548s ]
INFO: [ app_begin ] --START--
INFO: Run Behavior\ReadHtmlCacheBehavior [ RunTime:0.000801s ]
INFO: [ app_begin ] --END-- [ RunTime:0.000911s ]
SQL: SHOW COLUMNS FROM `sjy_origanization_user_info` [ RunTime:0.2609s ]
SQL: SELECT * FROM `sjy_origanization_user_info` WHERE `sjy_id` = 75 LIMIT 1   [ RunTime:0.0828s ]
SQL: SHOW COLUMNS FROM `sjy_cities` [ RunTime:0.2853s ]
SQL: SELECT `city` FROM `sjy_cities` WHERE `cityid` = 110000 LIMIT 1   [ RunTime:0.1829s ]
NOTIC: [8] Undefined variable: islogin C:\xampp\htdocs\shejuyi\Application\Home\Controller\BaseController.class.php 第 98 行.
SQL: SHOW COLUMNS FROM `sjy_project_book` [ RunTime:0.0537s ]
SQL: SELECT * FROM `sjy_project_book` WHERE `sjy_project_id` = 0 AND `sjy_origanization_id` = 23  [ RunTime:0.3484s ]

[ 2018-03-18T16:05:40+08:00 ] 127.0.0.1 /index.php/Home/Project/origanizationProjectManger
INFO: [ app_init ] --START--
INFO: Run Behavior\BuildLiteBehavior [ RunTime:0.000016s ]
INFO: [ app_init ] --END-- [ RunTime:0.000539s ]
INFO: [ app_begin ] --START--
INFO: Run Behavior\ReadHtmlCacheBehavior [ RunTime:0.000851s ]
INFO: [ app_begin ] --END-- [ RunTime:0.000915s ]
SQL: SHOW COLUMNS FROM `sjy_origanization_user_info` [ RunTime:0.5925s ]
SQL: SELECT * FROM `sjy_origanization_user_info` WHERE `sjy_id` = 75 LIMIT 1   [ RunTime:0.0605s ]
SQL: SHOW COLUMNS FROM `sjy_cities` [ RunTime:0.2508s ]
SQL: SELECT `city` FROM `sjy_cities` WHERE `cityid` = 110000 LIMIT 1   [ RunTime:0.3219s ]
NOTIC: [8] Undefined variable: islogin C:\xampp\htdocs\shejuyi\Application\Home\Controller\BaseController.class.php 第 98 行.
INFO: [ view_parse ] --START--
INFO: [ template_filter ] --START--
INFO: Run Behavior\ContentReplaceBehavior [ RunTime:0.000823s ]
INFO: [ template_filter ] --END-- [ RunTime:0.001040s ]
INFO: Run Behavior\ParseTemplateBehavior [ RunTime:0.073192s ]
INFO: [ view_parse ] --END-- [ RunTime:0.073519s ]
INFO: [ view_filter ] --START--
INFO: Run Behavior\WriteHtmlCacheBehavior [ RunTime:0.004584s ]
INFO: [ view_filter ] --END-- [ RunTime:0.004967s ]
INFO: [ app_end ] --START--
INFO: Run Behavior\ShowPageTraceBehavior [ RunTime:0.004277s ]
INFO: [ app_end ] --END-- [ RunTime:0.004479s ]

[ 2018-03-18T16:05:45+08:00 ] 127.0.0.1 /index.php/Home/Project/alreadySendProject
INFO: [ app_init ] --START--
INFO: Run Behavior\BuildLiteBehavior [ RunTime:0.000053s ]
INFO: [ app_init ] --END-- [ RunTime:0.001166s ]
INFO: [ app_begin ] --START--
INFO: Run Behavior\ReadHtmlCacheBehavior [ RunTime:0.000799s ]
INFO: [ app_begin ] --END-- [ RunTime:0.000857s ]
SQL: SHOW COLUMNS FROM `sjy_origanization_user_info` [ RunTime:0.2617s ]
SQL: SELECT * FROM `sjy_origanization_user_info` WHERE `sjy_id` = 75 LIMIT 1   [ RunTime:0.0562s ]
SQL: SHOW COLUMNS FROM `sjy_cities` [ RunTime:0.3561s ]
SQL: SELECT `city` FROM `sjy_cities` WHERE `cityid` = 110000 LIMIT 1   [ RunTime:0.0655s ]
NOTIC: [8] Undefined variable: islogin C:\xampp\htdocs\shejuyi\Application\Home\Controller\BaseController.class.php 第 98 行.
SQL: SHOW COLUMNS FROM `sjy_project` [ RunTime:0.1239s ]
SQL: SELECT * FROM `sjy_project` WHERE `origanization_id` = 23 AND `status` = 1 ORDER BY send_project_book_time desc LIMIT 0,15   [ RunTime:0.0791s ]
SQL: SHOW COLUMNS FROM `sjy_community_project_info` [ RunTime:0.0943s ]
SQL: SELECT * FROM `sjy_community_project_info` WHERE `sjy_id` = 40 LIMIT 1   [ RunTime:0.0912s ]
SQL: SELECT COUNT(*) AS tp_count FROM `sjy_project` WHERE `origanization_id` = 23 AND `status` = 1 LIMIT 1   [ RunTime:0.3036s ]

[ 2018-03-18T16:05:52+08:00 ] 127.0.0.1 /index.php/Home/Project/origanizationGetProjectBookList/id/40
INFO: [ app_init ] --START--
INFO: Run Behavior\BuildLiteBehavior [ RunTime:0.000016s ]
INFO: [ app_init ] --END-- [ RunTime:0.000497s ]
INFO: [ app_begin ] --START--
INFO: Run Behavior\ReadHtmlCacheBehavior [ RunTime:0.000830s ]
INFO: [ app_begin ] --END-- [ RunTime:0.000887s ]
SQL: SHOW COLUMNS FROM `sjy_origanization_user_info` [ RunTime:0.6659s ]
SQL: SELECT * FROM `sjy_origanization_user_info` WHERE `sjy_id` = 75 LIMIT 1   [ RunTime:0.0879s ]
SQL: SHOW COLUMNS FROM `sjy_cities` [ RunTime:0.1319s ]
SQL: SELECT `city` FROM `sjy_cities` WHERE `cityid` = 110000 LIMIT 1   [ RunTime:0.4782s ]
NOTIC: [8] Undefined variable: islogin C:\xampp\htdocs\shejuyi\Application\Home\Controller\BaseController.class.php 第 98 行.
SQL: SHOW COLUMNS FROM `sjy_project_book` [ RunTime:0.5159s ]
SQL: SELECT * FROM `sjy_project_book` WHERE `sjy_project_id` = 0 AND `sjy_origanization_id` = 23  [ RunTime:0.3247s ]

[ 2018-03-18T16:06:35+08:00 ] 127.0.0.1 /index.php/Home/Project/origanizationProjectManger
INFO: [ app_init ] --START--
INFO: Run Behavior\BuildLiteBehavior [ RunTime:0.000039s ]
INFO: [ app_init ] --END-- [ RunTime:0.001020s ]
INFO: [ app_begin ] --START--
INFO: Run Behavior\ReadHtmlCacheBehavior [ RunTime:0.001144s ]
INFO: [ app_begin ] --END-- [ RunTime:0.001211s ]
SQL: SHOW COLUMNS FROM `sjy_origanization_user_info` [ RunTime:0.5232s ]
SQL: SELECT * FROM `sjy_origanization_user_info` WHERE `sjy_id` = 75 LIMIT 1   [ RunTime:0.1328s ]
SQL: SHOW COLUMNS FROM `sjy_cities` [ RunTime:0.3267s ]
SQL: SELECT `city` FROM `sjy_cities` WHERE `cityid` = 110000 LIMIT 1   [ RunTime:0.2454s ]
NOTIC: [8] Undefined variable: islogin C:\xampp\htdocs\shejuyi\Application\Home\Controller\BaseController.class.php 第 98 行.
INFO: [ view_parse ] --START--
INFO: [ template_filter ] --START--
INFO: Run Behavior\ContentReplaceBehavior [ RunTime:0.000758s ]
INFO: [ template_filter ] --END-- [ RunTime:0.000956s ]
INFO: Run Behavior\ParseTemplateBehavior [ RunTime:0.067561s ]
INFO: [ view_parse ] --END-- [ RunTime:0.067825s ]
INFO: [ view_filter ] --START--
INFO: Run Behavior\WriteHtmlCacheBehavior [ RunTime:0.005043s ]
INFO: [ view_filter ] --END-- [ RunTime:0.005566s ]
INFO: [ app_end ] --START--
INFO: Run Behavior\ShowPageTraceBehavior [ RunTime:0.004798s ]
INFO: [ app_end ] --END-- [ RunTime:0.005596s ]

[ 2018-03-18T16:06:40+08:00 ] 127.0.0.1 /index.php/Home/Project/origanizationProjectManger
INFO: [ app_init ] --START--
INFO: Run Behavior\BuildLiteBehavior [ RunTime:0.000029s ]
INFO: [ app_init ] --END-- [ RunTime:0.000840s ]
INFO: [ app_begin ] --START--
INFO: Run Behavior\ReadHtmlCacheBehavior [ RunTime:0.001173s ]
INFO: [ app_begin ] --END-- [ RunTime:0.001247s ]
SQL: SHOW COLUMNS FROM `sjy_origanization_user_info` [ RunTime:0.2803s ]
SQL: SELECT * FROM `sjy_origanization_user_info` WHERE `sjy_id` = 75 LIMIT 1   [ RunTime:0.2794s ]
SQL: SHOW COLUMNS FROM `sjy_cities` [ RunTime:0.2775s ]
SQL: SELECT `city` FROM `sjy_cities` WHERE `cityid` = 110000 LIMIT 1   [ RunTime:0.2785s ]
NOTIC: [8] Undefined variable: islogin C:\xampp\htdocs\shejuyi\Application\Home\Controller\BaseController.class.php 第 98 行.
INFO: [ view_parse ] --START--
INFO: [ template_filter ] --START--
INFO: Run Behavior\ContentReplaceBehavior [ RunTime:0.000746s ]
INFO: [ template_filter ] --END-- [ RunTime:0.000938s ]
INFO: Run Behavior\ParseTemplateBehavior [ RunTime:0.070844s ]
INFO: [ view_parse ] --END-- [ RunTime:0.071213s ]
INFO: [ view_filter ] --START--
INFO: Run Behavior\WriteHtmlCacheBehavior [ RunTime:0.003424s ]
INFO: [ view_filter ] --END-- [ RunTime:0.003707s ]
INFO: [ app_end ] --START--
INFO: Run Behavior\ShowPageTraceBehavior [ RunTime:0.007861s ]
INFO: [ app_end ] --END-- [ RunTime:0.008528s ]

[ 2018-03-18T16:06:48+08:00 ] 127.0.0.1 /index.php/Home/Project/alreadySendProject
INFO: [ app_init ] --START--
INFO: Run Behavior\BuildLiteBehavior [ RunTime:0.000019s ]
INFO: [ app_init ] --END-- [ RunTime:0.000634s ]
INFO: [ app_begin ] --START--
INFO: Run Behavior\ReadHtmlCacheBehavior [ RunTime:0.001478s ]
INFO: [ app_begin ] --END-- [ RunTime:0.001594s ]
SQL: SHOW COLUMNS FROM `sjy_origanization_user_info` [ RunTime:0.5488s ]
SQL: SELECT * FROM `sjy_origanization_user_info` WHERE `sjy_id` = 75 LIMIT 1   [ RunTime:0.3070s ]
SQL: SHOW COLUMNS FROM `sjy_cities` [ RunTime:0.3712s ]
SQL: SELECT `city` FROM `sjy_cities` WHERE `cityid` = 110000 LIMIT 1   [ RunTime:0.2242s ]
NOTIC: [8] Undefined variable: islogin C:\xampp\htdocs\shejuyi\Application\Home\Controller\BaseController.class.php 第 98 行.
SQL: SHOW COLUMNS FROM `sjy_project` [ RunTime:0.3902s ]
SQL: SELECT * FROM `sjy_project` WHERE `origanization_id` = 23 AND `status` = 1 ORDER BY send_project_book_time desc LIMIT 0,15   [ RunTime:0.6128s ]
SQL: SHOW COLUMNS FROM `sjy_community_project_info` [ RunTime:0.0600s ]
SQL: SELECT * FROM `sjy_community_project_info` WHERE `sjy_id` = 40 LIMIT 1   [ RunTime:0.1363s ]
SQL: SELECT COUNT(*) AS tp_count FROM `sjy_project` WHERE `origanization_id` = 23 AND `status` = 1 LIMIT 1   [ RunTime:0.2801s ]

[ 2018-03-18T16:06:53+08:00 ] 127.0.0.1 /index.php/Home/Project/origanizationGetProjectBookList/id/40
INFO: [ app_init ] --START--
INFO: Run Behavior\BuildLiteBehavior [ RunTime:0.000023s ]
INFO: [ app_init ] --END-- [ RunTime:0.000637s ]
INFO: [ app_begin ] --START--
INFO: Run Behavior\ReadHtmlCacheBehavior [ RunTime:0.001445s ]
INFO: [ app_begin ] --END-- [ RunTime:0.001544s ]
SQL: SHOW COLUMNS FROM `sjy_origanization_user_info` [ RunTime:0.2398s ]
SQL: SELECT * FROM `sjy_origanization_user_info` WHERE `sjy_id` = 75 LIMIT 1   [ RunTime:0.5619s ]
SQL: SHOW COLUMNS FROM `sjy_cities` [ RunTime:0.0590s ]
SQL: SELECT `city` FROM `sjy_cities` WHERE `cityid` = 110000 LIMIT 1   [ RunTime:0.5533s ]
NOTIC: [8] Undefined variable: islogin C:\xampp\htdocs\shejuyi\Application\Home\Controller\BaseController.class.php 第 98 行.
SQL: SHOW COLUMNS FROM `sjy_project_book` [ RunTime:0.0636s ]
SQL: SELECT * FROM `sjy_project_book` WHERE `sjy_project_id` = 0 AND `sjy_origanization_id` = 23  [ RunTime:0.1364s ]

[ 2018-03-18T16:07:18+08:00 ] 127.0.0.1 /index.php/Home/Project/origanizationProjectManger
INFO: [ app_init ] --START--
INFO: Run Behavior\BuildLiteBehavior [ RunTime:0.000023s ]
INFO: [ app_init ] --END-- [ RunTime:0.000686s ]
INFO: [ app_begin ] --START--
INFO: Run Behavior\ReadHtmlCacheBehavior [ RunTime:0.001131s ]
INFO: [ app_begin ] --END-- [ RunTime:0.001275s ]
SQL: SHOW COLUMNS FROM `sjy_origanization_user_info` [ RunTime:0.1051s ]
SQL: SELECT * FROM `sjy_origanization_user_info` WHERE `sjy_id` = 75 LIMIT 1   [ RunTime:0.0723s ]
SQL: SHOW COLUMNS FROM `sjy_cities` [ RunTime:0.4374s ]
SQL: SELECT `city` FROM `sjy_cities` WHERE `cityid` = 110000 LIMIT 1   [ RunTime:0.0867s ]
NOTIC: [8] Undefined variable: islogin C:\xampp\htdocs\shejuyi\Application\Home\Controller\BaseController.class.php 第 98 行.
INFO: [ view_parse ] --START--
INFO: [ template_filter ] --START--
INFO: Run Behavior\ContentReplaceBehavior [ RunTime:0.000798s ]
INFO: [ template_filter ] --END-- [ RunTime:0.000993s ]
INFO: Run Behavior\ParseTemplateBehavior [ RunTime:0.061431s ]
INFO: [ view_parse ] --END-- [ RunTime:0.061699s ]
INFO: [ view_filter ] --START--
INFO: Run Behavior\WriteHtmlCacheBehavior [ RunTime:0.002162s ]
INFO: [ view_filter ] --END-- [ RunTime:0.002431s ]
INFO: [ app_end ] --START--
INFO: Run Behavior\ShowPageTraceBehavior [ RunTime:0.021141s ]
INFO: [ app_end ] --END-- [ RunTime:0.021444s ]

[ 2018-03-18T16:07:23+08:00 ] 127.0.0.1 /index.php/Home/Project/alreadySendProject
INFO: [ app_init ] --START--
INFO: Run Behavior\BuildLiteBehavior [ RunTime:0.000036s ]
INFO: [ app_init ] --END-- [ RunTime:0.000928s ]
INFO: [ app_begin ] --START--
INFO: Run Behavior\ReadHtmlCacheBehavior [ RunTime:0.001777s ]
INFO: [ app_begin ] --END-- [ RunTime:0.001861s ]
SQL: SHOW COLUMNS FROM `sjy_origanization_user_info` [ RunTime:0.4324s ]
SQL: SELECT * FROM `sjy_origanization_user_info` WHERE `sjy_id` = 75 LIMIT 1   [ RunTime:0.3881s ]
SQL: SHOW COLUMNS FROM `sjy_cities` [ RunTime:0.0858s ]
SQL: SELECT `city` FROM `sjy_cities` WHERE `cityid` = 110000 LIMIT 1   [ RunTime:0.1363s ]
NOTIC: [8] Undefined variable: islogin C:\xampp\htdocs\shejuyi\Application\Home\Controller\BaseController.class.php 第 98 行.
SQL: SHOW COLUMNS FROM `sjy_project` [ RunTime:0.3375s ]
SQL: SELECT * FROM `sjy_project` WHERE `origanization_id` = 23 AND `status` = 1 ORDER BY send_project_book_time desc LIMIT 0,15   [ RunTime:0.3277s ]
SQL: SHOW COLUMNS FROM `sjy_community_project_info` [ RunTime:0.3421s ]
SQL: SELECT * FROM `sjy_community_project_info` WHERE `sjy_id` = 40 LIMIT 1   [ RunTime:0.2269s ]
SQL: SELECT COUNT(*) AS tp_count FROM `sjy_project` WHERE `origanization_id` = 23 AND `status` = 1 LIMIT 1   [ RunTime:0.1242s ]

[ 2018-03-18T16:07:27+08:00 ] 127.0.0.1 /index.php/Home/Project/origanization/GetProjectBookList/id/40
INFO: [ app_init ] --START--
INFO: Run Behavior\BuildLiteBehavior [ RunTime:0.000017s ]
INFO: [ app_init ] --END-- [ RunTime:0.000519s ]
INFO: [ app_begin ] --START--
INFO: Run Behavior\ReadHtmlCacheBehavior [ RunTime:0.000822s ]
INFO: [ app_begin ] --END-- [ RunTime:0.000877s ]
SQL: SHOW COLUMNS FROM `sjy_origanization_user_info` [ RunTime:0.0738s ]
SQL: SELECT * FROM `sjy_origanization_user_info` WHERE `sjy_id` = 75 LIMIT 1   [ RunTime:0.3827s ]
SQL: SHOW COLUMNS FROM `sjy_cities` [ RunTime:0.0830s ]
SQL: SELECT `city` FROM `sjy_cities` WHERE `cityid` = 110000 LIMIT 1   [ RunTime:0.3203s ]
NOTIC: [8] Undefined variable: islogin C:\xampp\htdocs\shejuyi\Application\Home\Controller\BaseController.class.php 第 98 行.
ERR: 非法操作:origanization

[ 2018-03-18T16:08:26+08:00 ] 127.0.0.1 /index.php/Home/Project/origanizationProjectManger
INFO: [ app_init ] --START--
INFO: Run Behavior\BuildLiteBehavior [ RunTime:0.000065s ]
INFO: [ app_init ] --END-- [ RunTime:0.002090s ]
INFO: [ app_begin ] --START--
INFO: Run Behavior\ReadHtmlCacheBehavior [ RunTime:0.000845s ]
INFO: [ app_begin ] --END-- [ RunTime:0.000904s ]
SQL: SHOW COLUMNS FROM `sjy_origanization_user_info` [ RunTime:0.9817s ]
SQL: SELECT * FROM `sjy_origanization_user_info` WHERE `sjy_id` = 75 LIMIT 1   [ RunTime:0.4133s ]
SQL: SHOW COLUMNS FROM `sjy_cities` [ RunTime:0.6690s ]
SQL: SELECT `city` FROM `sjy_cities` WHERE `cityid` = 110000 LIMIT 1   [ RunTime:0.3055s ]
NOTIC: [8] Undefined variable: islogin C:\xampp\htdocs\shejuyi\Application\Home\Controller\BaseController.class.php 第 98 行.
INFO: [ view_parse ] --START--
INFO: [ template_filter ] --START--
INFO: Run Behavior\ContentReplaceBehavior [ RunTime:0.000977s ]
INFO: [ template_filter ] --END-- [ RunTime:0.001206s ]
INFO: Run Behavior\ParseTemplateBehavior [ RunTime:0.065632s ]
INFO: [ view_parse ] --END-- [ RunTime:0.065900s ]
INFO: [ view_filter ] --START--
INFO: Run Behavior\WriteHtmlCacheBehavior [ RunTime:0.004181s ]
INFO: [ view_filter ] --END-- [ RunTime:0.004416s ]
INFO: [ app_end ] --START--
INFO: Run Behavior\ShowPageTraceBehavior [ RunTime:0.008558s ]
INFO: [ app_end ] --END-- [ RunTime:0.009172s ]

[ 2018-03-18T16:08:31+08:00 ] 127.0.0.1 /index.php/Home/Project/alreadySendProject
INFO: [ app_init ] --START--
INFO: Run Behavior\BuildLiteBehavior [ RunTime:0.000018s ]
INFO: [ app_init ] --END-- [ RunTime:0.000656s ]
INFO: [ app_begin ] --START--
INFO: Run Behavior\ReadHtmlCacheBehavior [ RunTime:0.001605s ]
INFO: [ app_begin ] --END-- [ RunTime:0.001740s ]
SQL: SHOW COLUMNS FROM `sjy_origanization_user_info` [ RunTime:0.0870s ]
SQL: SELECT * FROM `sjy_origanization_user_info` WHERE `sjy_id` = 75 LIMIT 1   [ RunTime:0.3692s ]
SQL: SHOW COLUMNS FROM `sjy_cities` [ RunTime:0.3306s ]
SQL: SELECT `city` FROM `sjy_cities` WHERE `cityid` = 110000 LIMIT 1   [ RunTime:0.0704s ]
NOTIC: [8] Undefined variable: islogin C:\xampp\htdocs\shejuyi\Application\Home\Controller\BaseController.class.php 第 98 行.
SQL: SHOW COLUMNS FROM `sjy_project` [ RunTime:0.3968s ]
SQL: SELECT * FROM `sjy_project` WHERE `origanization_id` = 23 AND `status` = 1 ORDER BY send_project_book_time desc LIMIT 0,15   [ RunTime:0.0843s ]
SQL: SHOW COLUMNS FROM `sjy_community_project_info` [ RunTime:0.3770s ]
SQL: SELECT * FROM `sjy_community_project_info` WHERE `sjy_id` = 40 LIMIT 1   [ RunTime:0.0963s ]
SQL: SELECT COUNT(*) AS tp_count FROM `sjy_project` WHERE `origanization_id` = 23 AND `status` = 1 LIMIT 1   [ RunTime:0.4120s ]

[ 2018-03-18T16:08:38+08:00 ] 127.0.0.1 /index.php/Home/Project/origanization/GetProjectBookList/project_id/40
INFO: [ app_init ] --START--
INFO: Run Behavior\BuildLiteBehavior [ RunTime:0.000016s ]
INFO: [ app_init ] --END-- [ RunTime:0.000533s ]
INFO: [ app_begin ] --START--
INFO: Run Behavior\ReadHtmlCacheBehavior [ RunTime:0.001287s ]
INFO: [ app_begin ] --END-- [ RunTime:0.001376s ]
SQL: SHOW COLUMNS FROM `sjy_origanization_user_info` [ RunTime:0.3102s ]
SQL: SELECT * FROM `sjy_origanization_user_info` WHERE `sjy_id` = 75 LIMIT 1   [ RunTime:0.5992s ]
SQL: SHOW COLUMNS FROM `sjy_cities` [ RunTime:1.1991s ]
SQL: SELECT `city` FROM `sjy_cities` WHERE `cityid` = 110000 LIMIT 1   [ RunTime:0.8049s ]
NOTIC: [8] Undefined variable: islogin C:\xampp\htdocs\shejuyi\Application\Home\Controller\BaseController.class.php 第 98 行.
ERR: 非法操作:origanization

[ 2018-03-18T16:09:08+08:00 ] 127.0.0.1 /index.php/Home/Project/origanizationProjectManger
INFO: [ app_init ] --START--
INFO: Run Behavior\BuildLiteBehavior [ RunTime:0.000019s ]
INFO: [ app_init ] --END-- [ RunTime:0.000532s ]
INFO: [ app_begin ] --START--
INFO: Run Behavior\ReadHtmlCacheBehavior [ RunTime:0.000849s ]
INFO: [ app_begin ] --END-- [ RunTime:0.000909s ]
SQL: SHOW COLUMNS FROM `sjy_origanization_user_info` [ RunTime:0.3209s ]
SQL: SELECT * FROM `sjy_origanization_user_info` WHERE `sjy_id` = 75 LIMIT 1   [ RunTime:0.1479s ]
SQL: SHOW COLUMNS FROM `sjy_cities` [ RunTime:0.1149s ]
SQL: SELECT `city` FROM `sjy_cities` WHERE `cityid` = 110000 LIMIT 1   [ RunTime:0.0459s ]
NOTIC: [8] Undefined variable: islogin C:\xampp\htdocs\shejuyi\Application\Home\Controller\BaseController.class.php 第 98 行.
INFO: [ view_parse ] --START--
INFO: [ template_filter ] --START--
INFO: Run Behavior\ContentReplaceBehavior [ RunTime:0.000272s ]
INFO: [ template_filter ] --END-- [ RunTime:0.000363s ]
INFO: Run Behavior\ParseTemplateBehavior [ RunTime:0.020700s ]
INFO: [ view_parse ] --END-- [ RunTime:0.020795s ]
INFO: [ view_filter ] --START--
INFO: Run Behavior\WriteHtmlCacheBehavior [ RunTime:0.000667s ]
INFO: [ view_filter ] --END-- [ RunTime:0.000718s ]
INFO: [ app_end ] --START--
INFO: Run Behavior\ShowPageTraceBehavior [ RunTime:0.001425s ]
INFO: [ app_end ] --END-- [ RunTime:0.001711s ]

[ 2018-03-18T16:09:22+08:00 ] 127.0.0.1 /index.php/Home/Project/alreadySendProject
INFO: [ app_init ] --START--
INFO: Run Behavior\BuildLiteBehavior [ RunTime:0.000027s ]
INFO: [ app_init ] --END-- [ RunTime:0.000838s ]
INFO: [ app_begin ] --START--
INFO: Run Behavior\ReadHtmlCacheBehavior [ RunTime:0.000926s ]
INFO: [ app_begin ] --END-- [ RunTime:0.000991s ]
SQL: SHOW COLUMNS FROM `sjy_origanization_user_info` [ RunTime:0.1166s ]
SQL: SELECT * FROM `sjy_origanization_user_info` WHERE `sjy_id` = 75 LIMIT 1   [ RunTime:0.2577s ]
SQL: SHOW COLUMNS FROM `sjy_cities` [ RunTime:0.7132s ]
SQL: SELECT `city` FROM `sjy_cities` WHERE `cityid` = 110000 LIMIT 1   [ RunTime:0.0985s ]
NOTIC: [8] Undefined variable: islogin C:\xampp\htdocs\shejuyi\Application\Home\Controller\BaseController.class.php 第 98 行.
SQL: SHOW COLUMNS FROM `sjy_project` [ RunTime:0.4532s ]
SQL: SELECT * FROM `sjy_project` WHERE `origanization_id` = 23 AND `status` = 1 ORDER BY send_project_book_time desc LIMIT 0,15   [ RunTime:0.4707s ]
SQL: SHOW COLUMNS FROM `sjy_community_project_info` [ RunTime:0.7199s ]
SQL: SELECT * FROM `sjy_community_project_info` WHERE `sjy_id` = 40 LIMIT 1   [ RunTime:0.7177s ]
SQL: SELECT COUNT(*) AS tp_count FROM `sjy_project` WHERE `origanization_id` = 23 AND `status` = 1 LIMIT 1   [ RunTime:0.7151s ]

[ 2018-03-18T16:09:25+08:00 ] 127.0.0.1 /index.php/Home/Project/GetProjectBookList/project_id/40
INFO: [ app_init ] --START--
INFO: Run Behavior\BuildLiteBehavior [ RunTime:0.000017s ]
INFO: [ app_init ] --END-- [ RunTime:0.000697s ]
INFO: [ app_begin ] --START--
INFO: Run Behavior\ReadHtmlCacheBehavior [ RunTime:0.001333s ]
INFO: [ app_begin ] --END-- [ RunTime:0.001402s ]
SQL: SHOW COLUMNS FROM `sjy_origanization_user_info` [ RunTime:0.0690s ]
SQL: SELECT * FROM `sjy_origanization_user_info` WHERE `sjy_id` = 75 LIMIT 1   [ RunTime:0.2785s ]
SQL: SHOW COLUMNS FROM `sjy_cities` [ RunTime:0.0871s ]
SQL: SELECT `city` FROM `sjy_cities` WHERE `cityid` = 110000 LIMIT 1   [ RunTime:0.0938s ]
NOTIC: [8] Undefined variable: islogin C:\xampp\htdocs\shejuyi\Application\Home\Controller\BaseController.class.php 第 98 行.
ERR: 非法操作:GetProjectBookList

[ 2018-03-18T16:11:49+08:00 ] 127.0.0.1 /index.php/Home/Project/origanizationProjectManger
INFO: [ app_init ] --START--
INFO: Run Behavior\BuildLiteBehavior [ RunTime:0.000049s ]
INFO: [ app_init ] --END-- [ RunTime:0.001273s ]
INFO: [ app_begin ] --START--
INFO: Run Behavior\ReadHtmlCacheBehavior [ RunTime:0.001804s ]
INFO: [ app_begin ] --END-- [ RunTime:0.001913s ]
SQL: SHOW COLUMNS FROM `sjy_origanization_user_info` [ RunTime:0.4169s ]
SQL: SELECT * FROM `sjy_origanization_user_info` WHERE `sjy_id` = 75 LIMIT 1   [ RunTime:0.1967s ]
SQL: SHOW COLUMNS FROM `sjy_cities` [ RunTime:0.6150s ]
SQL: SELECT `city` FROM `sjy_cities` WHERE `cityid` = 110000 LIMIT 1   [ RunTime:0.6129s ]
NOTIC: [8] Undefined variable: islogin C:\xampp\htdocs\shejuyi\Application\Home\Controller\BaseController.class.php 第 98 行.
INFO: [ view_parse ] --START--
INFO: [ template_filter ] --START--
INFO: Run Behavior\ContentReplaceBehavior [ RunTime:0.000307s ]
INFO: [ template_filter ] --END-- [ RunTime:0.000434s ]
INFO: Run Behavior\ParseTemplateBehavior [ RunTime:0.022588s ]
INFO: [ view_parse ] --END-- [ RunTime:0.022714s ]
INFO: [ view_filter ] --START--
INFO: Run Behavior\WriteHtmlCacheBehavior [ RunTime:0.001181s ]
INFO: [ view_filter ] --END-- [ RunTime:0.001263s ]
INFO: [ app_end ] --START--
INFO: Run Behavior\ShowPageTraceBehavior [ RunTime:0.001768s ]
INFO: [ app_end ] --END-- [ RunTime:0.001876s ]

[ 2018-03-18T16:11:51+08:00 ] 127.0.0.1 /index.php/Home/Project/origanizationProjectManger
INFO: [ app_init ] --START--
INFO: Run Behavior\BuildLiteBehavior [ RunTime:0.000025s ]
INFO: [ app_init ] --END-- [ RunTime:0.000945s ]
INFO: [ app_begin ] --START--
INFO: Run Behavior\ReadHtmlCacheBehavior [ RunTime:0.001559s ]
INFO: [ app_begin ] --END-- [ RunTime:0.001710s ]
SQL: SHOW COLUMNS FROM `sjy_origanization_user_info` [ RunTime:0.2561s ]
SQL: SELECT * FROM `sjy_origanization_user_info` WHERE `sjy_id` = 75 LIMIT 1   [ RunTime:0.0541s ]
SQL: SHOW COLUMNS FROM `sjy_cities` [ RunTime:0.3176s ]
SQL: SELECT `city` FROM `sjy_cities` WHERE `cityid` = 110000 LIMIT 1   [ RunTime:0.1573s ]
NOTIC: [8] Undefined variable: islogin C:\xampp\htdocs\shejuyi\Application\Home\Controller\BaseController.class.php 第 98 行.
INFO: [ view_parse ] --START--
INFO: [ template_filter ] --START--
INFO: Run Behavior\ContentReplaceBehavior [ RunTime:0.000749s ]
INFO: [ template_filter ] --END-- [ RunTime:0.000919s ]
INFO: Run Behavior\ParseTemplateBehavior [ RunTime:0.051433s ]
INFO: [ view_parse ] --END-- [ RunTime:0.051619s ]
INFO: [ view_filter ] --START--
INFO: Run Behavior\WriteHtmlCacheBehavior [ RunTime:0.001768s ]
INFO: [ view_filter ] --END-- [ RunTime:0.001878s ]
INFO: [ app_end ] --START--
INFO: Run Behavior\ShowPageTraceBehavior [ RunTime:0.004286s ]
INFO: [ app_end ] --END-- [ RunTime:0.004702s ]

[ 2018-03-18T16:11:56+08:00 ] 127.0.0.1 /index.php/Home/Project/alreadySendProject
INFO: [ app_init ] --START--
INFO: Run Behavior\BuildLiteBehavior [ RunTime:0.000030s ]
INFO: [ app_init ] --END-- [ RunTime:0.000843s ]
INFO: [ app_begin ] --START--
INFO: Run Behavior\ReadHtmlCacheBehavior [ RunTime:0.003167s ]
INFO: [ app_begin ] --END-- [ RunTime:0.003407s ]
SQL: SHOW COLUMNS FROM `sjy_origanization_user_info` [ RunTime:0.1032s ]
SQL: SELECT * FROM `sjy_origanization_user_info` WHERE `sjy_id` = 75 LIMIT 1   [ RunTime:0.3056s ]
SQL: SHOW COLUMNS FROM `sjy_cities` [ RunTime:0.0586s ]
SQL: SELECT `city` FROM `sjy_cities` WHERE `cityid` = 110000 LIMIT 1   [ RunTime:0.3039s ]
NOTIC: [8] Undefined variable: islogin C:\xampp\htdocs\shejuyi\Application\Home\Controller\BaseController.class.php 第 98 行.
SQL: SHOW COLUMNS FROM `sjy_project` [ RunTime:0.0649s ]
SQL: SELECT * FROM `sjy_project` WHERE `origanization_id` = 23 AND `status` = 1 ORDER BY send_project_book_time desc LIMIT 0,15   [ RunTime:0.3067s ]
SQL: SHOW COLUMNS FROM `sjy_community_project_info` [ RunTime:0.0805s ]
SQL: SELECT * FROM `sjy_community_project_info` WHERE `sjy_id` = 40 LIMIT 1   [ RunTime:0.2941s ]
SQL: SELECT COUNT(*) AS tp_count FROM `sjy_project` WHERE `origanization_id` = 23 AND `status` = 1 LIMIT 1   [ RunTime:0.0745s ]

[ 2018-03-18T16:11:59+08:00 ] 127.0.0.1 /index.php/Home/Project/_MODULE__/Project/origanizationGetProjectBookList/project_id/40
INFO: [ app_init ] --START--
INFO: Run Behavior\BuildLiteBehavior [ RunTime:0.000039s ]
INFO: [ app_init ] --END-- [ RunTime:0.001003s ]
INFO: [ app_begin ] --START--
INFO: Run Behavior\ReadHtmlCacheBehavior [ RunTime:0.001445s ]
INFO: [ app_begin ] --END-- [ RunTime:0.001561s ]
SQL: SHOW COLUMNS FROM `sjy_origanization_user_info` [ RunTime:0.1508s ]
SQL: SELECT * FROM `sjy_origanization_user_info` WHERE `sjy_id` = 75 LIMIT 1   [ RunTime:0.1676s ]
SQL: SHOW COLUMNS FROM `sjy_cities` [ RunTime:0.6137s ]
SQL: SELECT `city` FROM `sjy_cities` WHERE `cityid` = 110000 LIMIT 1   [ RunTime:0.3271s ]
NOTIC: [8] Undefined variable: islogin C:\xampp\htdocs\shejuyi\Application\Home\Controller\BaseController.class.php 第 98 行.
ERR: 非法操作:_MODULE__

[ 2018-03-18T16:12:39+08:00 ] 127.0.0.1 /index.php/Home/Project/origanizationProjectManger
INFO: [ app_init ] --START--
INFO: Run Behavior\BuildLiteBehavior [ RunTime:0.000025s ]
INFO: [ app_init ] --END-- [ RunTime:0.000954s ]
INFO: [ app_begin ] --START--
INFO: Run Behavior\ReadHtmlCacheBehavior [ RunTime:0.000759s ]
INFO: [ app_begin ] --END-- [ RunTime:0.000819s ]
SQL: SHOW COLUMNS FROM `sjy_origanization_user_info` [ RunTime:0.0507s ]
SQL: SELECT * FROM `sjy_origanization_user_info` WHERE `sjy_id` = 75 LIMIT 1   [ RunTime:0.5687s ]
SQL: SHOW COLUMNS FROM `sjy_cities` [ RunTime:0.6094s ]
SQL: SELECT `city` FROM `sjy_cities` WHERE `cityid` = 110000 LIMIT 1   [ RunTime:0.6130s ]
NOTIC: [8] Undefined variable: islogin C:\xampp\htdocs\shejuyi\Application\Home\Controller\BaseController.class.php 第 98 行.
INFO: [ view_parse ] --START--
INFO: [ template_filter ] --START--
INFO: Run Behavior\ContentReplaceBehavior [ RunTime:0.000641s ]
INFO: [ template_filter ] --END-- [ RunTime:0.000944s ]
INFO: Run Behavior\ParseTemplateBehavior [ RunTime:0.028287s ]
INFO: [ view_parse ] --END-- [ RunTime:0.028407s ]
INFO: [ view_filter ] --START--
INFO: Run Behavior\WriteHtmlCacheBehavior [ RunTime:0.001389s ]
INFO: [ view_filter ] --END-- [ RunTime:0.001475s ]
INFO: [ app_end ] --START--
INFO: Run Behavior\ShowPageTraceBehavior [ RunTime:0.001810s ]
INFO: [ app_end ] --END-- [ RunTime:0.001955s ]

[ 2018-03-18T16:12:45+08:00 ] 127.0.0.1 /index.php/Home/Project/alreadySendProject
INFO: [ app_init ] --START--
INFO: Run Behavior\BuildLiteBehavior [ RunTime:0.000053s ]
INFO: [ app_init ] --END-- [ RunTime:0.001196s ]
INFO: [ app_begin ] --START--
INFO: Run Behavior\ReadHtmlCacheBehavior [ RunTime:0.002423s ]
INFO: [ app_begin ] --END-- [ RunTime:0.002557s ]
SQL: SHOW COLUMNS FROM `sjy_origanization_user_info` [ RunTime:0.0971s ]
SQL: SELECT * FROM `sjy_origanization_user_info` WHERE `sjy_id` = 75 LIMIT 1   [ RunTime:0.1379s ]
SQL: SHOW COLUMNS FROM `sjy_cities` [ RunTime:0.4150s ]
SQL: SELECT `city` FROM `sjy_cities` WHERE `cityid` = 110000 LIMIT 1   [ RunTime:0.3807s ]
NOTIC: [8] Undefined variable: islogin C:\xampp\htdocs\shejuyi\Application\Home\Controller\BaseController.class.php 第 98 行.
SQL: SHOW COLUMNS FROM `sjy_project` [ RunTime:0.2062s ]
SQL: SELECT * FROM `sjy_project` WHERE `origanization_id` = 23 AND `status` = 1 ORDER BY send_project_book_time desc LIMIT 0,15   [ RunTime:0.1156s ]
SQL: SHOW COLUMNS FROM `sjy_community_project_info` [ RunTime:0.3886s ]
SQL: SELECT * FROM `sjy_community_project_info` WHERE `sjy_id` = 40 LIMIT 1   [ RunTime:0.0912s ]
SQL: SELECT COUNT(*) AS tp_count FROM `sjy_project` WHERE `origanization_id` = 23 AND `status` = 1 LIMIT 1   [ RunTime:0.5066s ]

[ 2018-03-18T16:12:49+08:00 ] 127.0.0.1 /index.php/Home/Project/origanizationGetProjectBookList/project_id/40
INFO: [ app_init ] --START--
INFO: Run Behavior\BuildLiteBehavior [ RunTime:0.000032s ]
INFO: [ app_init ] --END-- [ RunTime:0.000932s ]
INFO: [ app_begin ] --START--
INFO: Run Behavior\ReadHtmlCacheBehavior [ RunTime:0.001317s ]
INFO: [ app_begin ] --END-- [ RunTime:0.001405s ]
SQL: SHOW COLUMNS FROM `sjy_origanization_user_info` [ RunTime:0.3081s ]
SQL: SELECT * FROM `sjy_origanization_user_info` WHERE `sjy_id` = 75 LIMIT 1   [ RunTime:0.0587s ]
SQL: SHOW COLUMNS FROM `sjy_cities` [ RunTime:0.3014s ]
SQL: SELECT `city` FROM `sjy_cities` WHERE `cityid` = 110000 LIMIT 1   [ RunTime:0.0608s ]
NOTIC: [8] Undefined variable: islogin C:\xampp\htdocs\shejuyi\Application\Home\Controller\BaseController.class.php 第 98 行.
SQL: SHOW COLUMNS FROM `sjy_project_book` [ RunTime:0.2876s ]
SQL: SELECT * FROM `sjy_project_book` WHERE `sjy_project_id` = 40 AND `sjy_origanization_id` = 23  [ RunTime:0.0559s ]

[ 2018-03-18T16:13:44+08:00 ] 127.0.0.1 /index.php/Home/Project/origanizationProjectManger
INFO: [ app_init ] --START--
INFO: Run Behavior\BuildLiteBehavior [ RunTime:0.000035s ]
INFO: [ app_init ] --END-- [ RunTime:0.000956s ]
INFO: [ app_begin ] --START--
INFO: Run Behavior\ReadHtmlCacheBehavior [ RunTime:0.003780s ]
INFO: [ app_begin ] --END-- [ RunTime:0.003941s ]
SQL: SHOW COLUMNS FROM `sjy_origanization_user_info` [ RunTime:0.5042s ]
SQL: SELECT * FROM `sjy_origanization_user_info` WHERE `sjy_id` = 75 LIMIT 1   [ RunTime:0.1619s ]
SQL: SHOW COLUMNS FROM `sjy_cities` [ RunTime:0.4987s ]
SQL: SELECT `city` FROM `sjy_cities` WHERE `cityid` = 110000 LIMIT 1   [ RunTime:0.4771s ]
NOTIC: [8] Undefined variable: islogin C:\xampp\htdocs\shejuyi\Application\Home\Controller\BaseController.class.php 第 98 行.
INFO: [ view_parse ] --START--
INFO: [ template_filter ] --START--
INFO: Run Behavior\ContentReplaceBehavior [ RunTime:0.001391s ]
INFO: [ template_filter ] --END-- [ RunTime:0.001606s ]
INFO: Run Behavior\ParseTemplateBehavior [ RunTime:0.070997s ]
INFO: [ view_parse ] --END-- [ RunTime:0.071720s ]
INFO: [ view_filter ] --START--
INFO: Run Behavior\WriteHtmlCacheBehavior [ RunTime:0.004192s ]
INFO: [ view_filter ] --END-- [ RunTime:0.004520s ]
INFO: [ app_end ] --START--
INFO: Run Behavior\ShowPageTraceBehavior [ RunTime:0.008792s ]
INFO: [ app_end ] --END-- [ RunTime:0.009076s ]

[ 2018-03-18T16:13:52+08:00 ] 127.0.0.1 /index.php/Home/Project/origanizationProjectManger
INFO: [ app_init ] --START--
INFO: Run Behavior\BuildLiteBehavior [ RunTime:0.000029s ]
INFO: [ app_init ] --END-- [ RunTime:0.000974s ]
INFO: [ app_begin ] --START--
INFO: Run Behavior\ReadHtmlCacheBehavior [ RunTime:0.003050s ]
INFO: [ app_begin ] --END-- [ RunTime:0.003168s ]
SQL: SHOW COLUMNS FROM `sjy_origanization_user_info` [ RunTime:0.0703s ]
SQL: SELECT * FROM `sjy_origanization_user_info` WHERE `sjy_id` = 75 LIMIT 1   [ RunTime:0.2292s ]
SQL: SHOW COLUMNS FROM `sjy_cities` [ RunTime:0.5376s ]
SQL: SELECT `city` FROM `sjy_cities` WHERE `cityid` = 110000 LIMIT 1   [ RunTime:0.4122s ]
NOTIC: [8] Undefined variable: islogin C:\xampp\htdocs\shejuyi\Application\Home\Controller\BaseController.class.php 第 98 行.
INFO: [ view_parse ] --START--
INFO: [ template_filter ] --START--
INFO: Run Behavior\ContentReplaceBehavior [ RunTime:0.000509s ]
INFO: [ template_filter ] --END-- [ RunTime:0.000624s ]
INFO: Run Behavior\ParseTemplateBehavior [ RunTime:0.042760s ]
INFO: [ view_parse ] --END-- [ RunTime:0.042951s ]
INFO: [ view_filter ] --START--
INFO: Run Behavior\WriteHtmlCacheBehavior [ RunTime:0.001943s ]
INFO: [ view_filter ] --END-- [ RunTime:0.002039s ]
INFO: [ app_end ] --START--
INFO: Run Behavior\ShowPageTraceBehavior [ RunTime:0.002801s ]
INFO: [ app_end ] --END-- [ RunTime:0.004495s ]

[ 2018-03-18T16:14:08+08:00 ] 127.0.0.1 /index.php/Home/Project/alreadySendProject
INFO: [ app_init ] --START--
INFO: Run Behavior\BuildLiteBehavior [ RunTime:0.000029s ]
INFO: [ app_init ] --END-- [ RunTime:0.000777s ]
INFO: [ app_begin ] --START--
INFO: Run Behavior\ReadHtmlCacheBehavior [ RunTime:0.002958s ]
INFO: [ app_begin ] --END-- [ RunTime:0.003113s ]
SQL: SHOW COLUMNS FROM `sjy_origanization_user_info` [ RunTime:0.0744s ]
SQL: SELECT * FROM `sjy_origanization_user_info` WHERE `sjy_id` = 75 LIMIT 1   [ RunTime:0.1785s ]
SQL: SHOW COLUMNS FROM `sjy_cities` [ RunTime:0.0603s ]
SQL: SELECT `city` FROM `sjy_cities` WHERE `cityid` = 110000 LIMIT 1   [ RunTime:0.0492s ]
NOTIC: [8] Undefined variable: islogin C:\xampp\htdocs\shejuyi\Application\Home\Controller\BaseController.class.php 第 98 行.
SQL: SHOW COLUMNS FROM `sjy_project` [ RunTime:0.0589s ]
SQL: SELECT * FROM `sjy_project` WHERE `origanization_id` = 23 AND `status` = 1 ORDER BY send_project_book_time desc LIMIT 0,15   [ RunTime:0.0787s ]
SQL: SHOW COLUMNS FROM `sjy_community_project_info` [ RunTime:0.1890s ]
SQL: SELECT * FROM `sjy_community_project_info` WHERE `sjy_id` = 40 LIMIT 1   [ RunTime:0.3070s ]
SQL: SELECT COUNT(*) AS tp_count FROM `sjy_project` WHERE `origanization_id` = 23 AND `status` = 1 LIMIT 1   [ RunTime:0.3062s ]

[ 2018-03-18T16:14:13+08:00 ] 127.0.0.1 /index.php/Home/Project/origanizationGetProjectBookList/project_id/40
INFO: [ app_init ] --START--
INFO: Run Behavior\BuildLiteBehavior [ RunTime:0.000037s ]
INFO: [ app_init ] --END-- [ RunTime:0.000889s ]
INFO: [ app_begin ] --START--
INFO: Run Behavior\ReadHtmlCacheBehavior [ RunTime:0.001880s ]
INFO: [ app_begin ] --END-- [ RunTime:0.002270s ]
SQL: SHOW COLUMNS FROM `sjy_origanization_user_info` [ RunTime:0.0582s ]
SQL: SELECT * FROM `sjy_origanization_user_info` WHERE `sjy_id` = 75 LIMIT 1   [ RunTime:0.0745s ]
SQL: SHOW COLUMNS FROM `sjy_cities` [ RunTime:0.2875s ]
SQL: SELECT `city` FROM `sjy_cities` WHERE `cityid` = 110000 LIMIT 1   [ RunTime:0.3932s ]
NOTIC: [8] Undefined variable: islogin C:\xampp\htdocs\shejuyi\Application\Home\Controller\BaseController.class.php 第 98 行.
SQL: SHOW COLUMNS FROM `sjy_project_book` [ RunTime:0.2187s ]
SQL: SELECT * FROM `sjy_project_book` WHERE `sjy_project_id` = 40 AND `sjy_origanization_id` = 23  [ RunTime:0.5967s ]

[ 2018-03-18T16:15:23+08:00 ] 127.0.0.1 /index.php/Home/Project/origanizationProjectManger
INFO: [ app_init ] --START--
INFO: Run Behavior\BuildLiteBehavior [ RunTime:0.000019s ]
INFO: [ app_init ] --END-- [ RunTime:0.000612s ]
INFO: [ app_begin ] --START--
INFO: Run Behavior\ReadHtmlCacheBehavior [ RunTime:0.001030s ]
INFO: [ app_begin ] --END-- [ RunTime:0.001146s ]
SQL: SHOW COLUMNS FROM `sjy_origanization_user_info` [ RunTime:0.1358s ]
SQL: SELECT * FROM `sjy_origanization_user_info` WHERE `sjy_id` = 75 LIMIT 1   [ RunTime:0.4569s ]
SQL: SHOW COLUMNS FROM `sjy_cities` [ RunTime:0.1579s ]
SQL: SELECT `city` FROM `sjy_cities` WHERE `cityid` = 110000 LIMIT 1   [ RunTime:0.1008s ]
NOTIC: [8] Undefined variable: islogin C:\xampp\htdocs\shejuyi\Application\Home\Controller\BaseController.class.php 第 98 行.
INFO: [ view_parse ] --START--
INFO: [ template_filter ] --START--
INFO: Run Behavior\ContentReplaceBehavior [ RunTime:0.000380s ]
INFO: [ template_filter ] --END-- [ RunTime:0.000477s ]
INFO: Run Behavior\ParseTemplateBehavior [ RunTime:0.026105s ]
INFO: [ view_parse ] --END-- [ RunTime:0.026220s ]
INFO: [ view_filter ] --START--
INFO: Run Behavior\WriteHtmlCacheBehavior [ RunTime:0.001425s ]
INFO: [ view_filter ] --END-- [ RunTime:0.001522s ]
INFO: [ app_end ] --START--
INFO: Run Behavior\ShowPageTraceBehavior [ RunTime:0.002053s ]
INFO: [ app_end ] --END-- [ RunTime:0.002188s ]

[ 2018-03-18T16:15:38+08:00 ] 127.0.0.1 /index.php/Home/Project/alreadySendProject
INFO: [ app_init ] --START--
INFO: Run Behavior\BuildLiteBehavior [ RunTime:0.000017s ]
INFO: [ app_init ] --END-- [ RunTime:0.000667s ]
INFO: [ app_begin ] --START--
INFO: Run Behavior\ReadHtmlCacheBehavior [ RunTime:0.002232s ]
INFO: [ app_begin ] --END-- [ RunTime:0.002407s ]
SQL: SHOW COLUMNS FROM `sjy_origanization_user_info` [ RunTime:0.0620s ]
SQL: SELECT * FROM `sjy_origanization_user_info` WHERE `sjy_id` = 75 LIMIT 1   [ RunTime:0.2443s ]
SQL: SHOW COLUMNS FROM `sjy_cities` [ RunTime:0.0569s ]
SQL: SELECT `city` FROM `sjy_cities` WHERE `cityid` = 110000 LIMIT 1   [ RunTime:0.2468s ]
NOTIC: [8] Undefined variable: islogin C:\xampp\htdocs\shejuyi\Application\Home\Controller\BaseController.class.php 第 98 行.
SQL: SHOW COLUMNS FROM `sjy_project` [ RunTime:0.5041s ]
SQL: SELECT * FROM `sjy_project` WHERE `origanization_id` = 23 AND `status` = 1 ORDER BY send_project_book_time desc LIMIT 0,15   [ RunTime:0.1101s ]
SQL: SHOW COLUMNS FROM `sjy_community_project_info` [ RunTime:0.4894s ]
SQL: SELECT * FROM `sjy_community_project_info` WHERE `sjy_id` = 40 LIMIT 1   [ RunTime:0.0948s ]
SQL: SELECT COUNT(*) AS tp_count FROM `sjy_project` WHERE `origanization_id` = 23 AND `status` = 1 LIMIT 1   [ RunTime:0.0793s ]

[ 2018-03-18T16:15:41+08:00 ] 127.0.0.1 /index.php/Home/Project/origanizationGetProjectBookList/project_id/40
INFO: [ app_init ] --START--
INFO: Run Behavior\BuildLiteBehavior [ RunTime:0.000018s ]
INFO: [ app_init ] --END-- [ RunTime:0.000442s ]
INFO: [ app_begin ] --START--
INFO: Run Behavior\ReadHtmlCacheBehavior [ RunTime:0.000748s ]
INFO: [ app_begin ] --END-- [ RunTime:0.000804s ]
SQL: SHOW COLUMNS FROM `sjy_origanization_user_info` [ RunTime:0.0782s ]
SQL: SELECT * FROM `sjy_origanization_user_info` WHERE `sjy_id` = 75 LIMIT 1   [ RunTime:0.2689s ]
SQL: SHOW COLUMNS FROM `sjy_cities` [ RunTime:0.0843s ]
SQL: SELECT `city` FROM `sjy_cities` WHERE `cityid` = 110000 LIMIT 1   [ RunTime:0.2699s ]
NOTIC: [8] Undefined variable: islogin C:\xampp\htdocs\shejuyi\Application\Home\Controller\BaseController.class.php 第 98 行.
SQL: SHOW COLUMNS FROM `sjy_project_book` [ RunTime:0.0653s ]
SQL: SELECT * FROM `sjy_project_book` WHERE `sjy_project_id` = 40 AND `sjy_origanization_id` = 23  [ RunTime:0.2427s ]

[ 2018-03-18T16:22:50+08:00 ] 127.0.0.1 /index.php/Home/Project/origanizationProjectManger
INFO: [ app_init ] --START--
INFO: Run Behavior\BuildLiteBehavior [ RunTime:0.000015s ]
INFO: [ app_init ] --END-- [ RunTime:0.000623s ]
INFO: [ app_begin ] --START--
INFO: Run Behavior\ReadHtmlCacheBehavior [ RunTime:0.001673s ]
INFO: [ app_begin ] --END-- [ RunTime:0.001799s ]
SQL: SHOW COLUMNS FROM `sjy_origanization_user_info` [ RunTime:0.0827s ]
SQL: SELECT * FROM `sjy_origanization_user_info` WHERE `sjy_id` = 75 LIMIT 1   [ RunTime:0.0727s ]
SQL: SHOW COLUMNS FROM `sjy_cities` [ RunTime:0.0733s ]
SQL: SELECT `city` FROM `sjy_cities` WHERE `cityid` = 110000 LIMIT 1   [ RunTime:0.0707s ]
NOTIC: [8] Undefined variable: islogin C:\xampp\htdocs\shejuyi\Application\Home\Controller\BaseController.class.php 第 98 行.
INFO: [ view_parse ] --START--
INFO: [ template_filter ] --START--
INFO: Run Behavior\ContentReplaceBehavior [ RunTime:0.000211s ]
INFO: [ template_filter ] --END-- [ RunTime:0.000268s ]
INFO: Run Behavior\ParseTemplateBehavior [ RunTime:0.017226s ]
INFO: [ view_parse ] --END-- [ RunTime:0.017297s ]
INFO: [ view_filter ] --START--
INFO: Run Behavior\WriteHtmlCacheBehavior [ RunTime:0.001015s ]
INFO: [ view_filter ] --END-- [ RunTime:0.001059s ]
INFO: [ app_end ] --START--
INFO: Run Behavior\ShowPageTraceBehavior [ RunTime:0.001244s ]
INFO: [ app_end ] --END-- [ RunTime:0.001534s ]

[ 2018-03-18T16:22:51+08:00 ] 127.0.0.1 /index.php/Home/Project/origanizationProjectManger
INFO: [ app_init ] --START--
INFO: Run Behavior\BuildLiteBehavior [ RunTime:0.000015s ]
INFO: [ app_init ] --END-- [ RunTime:0.000559s ]
INFO: [ app_begin ] --START--
INFO: Run Behavior\ReadHtmlCacheBehavior [ RunTime:0.001675s ]
INFO: [ app_begin ] --END-- [ RunTime:0.001786s ]
SQL: SHOW COLUMNS FROM `sjy_origanization_user_info` [ RunTime:0.1241s ]
SQL: SELECT * FROM `sjy_origanization_user_info` WHERE `sjy_id` = 75 LIMIT 1   [ RunTime:0.1451s ]
SQL: SHOW COLUMNS FROM `sjy_cities` [ RunTime:0.0915s ]
SQL: SELECT `city` FROM `sjy_cities` WHERE `cityid` = 110000 LIMIT 1   [ RunTime:0.0749s ]
NOTIC: [8] Undefined variable: islogin C:\xampp\htdocs\shejuyi\Application\Home\Controller\BaseController.class.php 第 98 行.
INFO: [ view_parse ] --START--
INFO: [ template_filter ] --START--
INFO: Run Behavior\ContentReplaceBehavior [ RunTime:0.000314s ]
INFO: [ template_filter ] --END-- [ RunTime:0.000408s ]
INFO: Run Behavior\ParseTemplateBehavior [ RunTime:0.019999s ]
INFO: [ view_parse ] --END-- [ RunTime:0.020071s ]
INFO: [ view_filter ] --START--
INFO: Run Behavior\WriteHtmlCacheBehavior [ RunTime:0.001075s ]
INFO: [ view_filter ] --END-- [ RunTime:0.001134s ]
INFO: [ app_end ] --START--
INFO: Run Behavior\ShowPageTraceBehavior [ RunTime:0.001714s ]
INFO: [ app_end ] --END-- [ RunTime:0.001828s ]

[ 2018-03-18T16:23:02+08:00 ] 127.0.0.1 /index.php/Home/Project/alreadySendProject
INFO: [ app_init ] --START--
INFO: Run Behavior\BuildLiteBehavior [ RunTime:0.000014s ]
INFO: [ app_init ] --END-- [ RunTime:0.000542s ]
INFO: [ app_begin ] --START--
INFO: Run Behavior\ReadHtmlCacheBehavior [ RunTime:0.001151s ]
INFO: [ app_begin ] --END-- [ RunTime:0.001207s ]
SQL: SHOW COLUMNS FROM `sjy_origanization_user_info` [ RunTime:0.0741s ]
SQL: SELECT * FROM `sjy_origanization_user_info` WHERE `sjy_id` = 75 LIMIT 1   [ RunTime:0.0848s ]
SQL: SHOW COLUMNS FROM `sjy_cities` [ RunTime:0.0499s ]
SQL: SELECT `city` FROM `sjy_cities` WHERE `cityid` = 110000 LIMIT 1   [ RunTime:0.0501s ]
NOTIC: [8] Undefined variable: islogin C:\xampp\htdocs\shejuyi\Application\Home\Controller\BaseController.class.php 第 98 行.
SQL: SHOW COLUMNS FROM `sjy_project` [ RunTime:0.0583s ]
SQL: SELECT * FROM `sjy_project` WHERE `origanization_id` = 23 AND `status` = 1 ORDER BY send_project_book_time desc LIMIT 0,15   [ RunTime:0.0718s ]
SQL: SHOW COLUMNS FROM `sjy_community_project_info` [ RunTime:0.0780s ]
SQL: SELECT * FROM `sjy_community_project_info` WHERE `sjy_id` = 40 LIMIT 1   [ RunTime:0.0585s ]
SQL: SELECT COUNT(*) AS tp_count FROM `sjy_project` WHERE `origanization_id` = 23 AND `status` = 1 LIMIT 1   [ RunTime:0.0711s ]

[ 2018-03-18T16:23:06+08:00 ] 127.0.0.1 /index.php/Home/Project/origanizationGetProjectBookList/project_id/40
INFO: [ app_init ] --START--
INFO: Run Behavior\BuildLiteBehavior [ RunTime:0.000027s ]
INFO: [ app_init ] --END-- [ RunTime:0.000798s ]
INFO: [ app_begin ] --START--
INFO: Run Behavior\ReadHtmlCacheBehavior [ RunTime:0.000939s ]
INFO: [ app_begin ] --END-- [ RunTime:0.001028s ]
SQL: SHOW COLUMNS FROM `sjy_origanization_user_info` [ RunTime:0.0870s ]
SQL: SELECT * FROM `sjy_origanization_user_info` WHERE `sjy_id` = 75 LIMIT 1   [ RunTime:0.0725s ]
SQL: SHOW COLUMNS FROM `sjy_cities` [ RunTime:0.0679s ]
SQL: SELECT `city` FROM `sjy_cities` WHERE `cityid` = 110000 LIMIT 1   [ RunTime:0.0817s ]
NOTIC: [8] Undefined variable: islogin C:\xampp\htdocs\shejuyi\Application\Home\Controller\BaseController.class.php 第 98 行.
SQL: SHOW COLUMNS FROM `sjy_project_book` [ RunTime:0.0629s ]
SQL: SELECT * FROM `sjy_project_book` WHERE `sjy_project_id` = 40 AND `sjy_origanization_id` = 23  [ RunTime:0.0739s ]

[ 2018-03-18T16:23:18+08:00 ] 127.0.0.1 /index.php/Home/Origanization/getprojectlist/page/1
INFO: [ app_init ] --START--
INFO: Run Behavior\BuildLiteBehavior [ RunTime:0.000033s ]
INFO: [ app_init ] --END-- [ RunTime:0.001135s ]
INFO: [ app_begin ] --START--
INFO: Run Behavior\ReadHtmlCacheBehavior [ RunTime:0.001388s ]
INFO: [ app_begin ] --END-- [ RunTime:0.001515s ]
SQL: SHOW COLUMNS FROM `sjy_origanization_user_info` [ RunTime:0.0841s ]
SQL: SELECT * FROM `sjy_origanization_user_info` WHERE `sjy_id` = 75 LIMIT 1   [ RunTime:0.0854s ]
SQL: SHOW COLUMNS FROM `sjy_cities` [ RunTime:0.0701s ]
SQL: SELECT `city` FROM `sjy_cities` WHERE `cityid` = 110000 LIMIT 1   [ RunTime:0.0754s ]
NOTIC: [8] Undefined variable: islogin C:\xampp\htdocs\shejuyi\Application\Home\Controller\BaseController.class.php 第 98 行.
SQL: SHOW COLUMNS FROM `sjy_community_project_info` [ RunTime:0.0628s ]
SQL: SELECT * FROM `sjy_community_project_info` WHERE `cityid` = 110000 LIMIT 0,10   [ RunTime:0.0493s ]
SQL: SELECT COUNT(*) AS tp_count FROM `sjy_community_project_info` WHERE `cityid` = 110000 LIMIT 1   [ RunTime:0.0578s ]

[ 2018-03-18T16:23:24+08:00 ] 127.0.0.1 /index.php/Home/Project/origanizationProjectManger
INFO: [ app_init ] --START--
INFO: Run Behavior\BuildLiteBehavior [ RunTime:0.000045s ]
INFO: [ app_init ] --END-- [ RunTime:0.001379s ]
INFO: [ app_begin ] --START--
INFO: Run Behavior\ReadHtmlCacheBehavior [ RunTime:0.000982s ]
INFO: [ app_begin ] --END-- [ RunTime:0.001058s ]
SQL: SHOW COLUMNS FROM `sjy_origanization_user_info` [ RunTime:0.0670s ]
SQL: SELECT * FROM `sjy_origanization_user_info` WHERE `sjy_id` = 75 LIMIT 1   [ RunTime:0.0554s ]
SQL: SHOW COLUMNS FROM `sjy_cities` [ RunTime:0.0729s ]
SQL: SELECT `city` FROM `sjy_cities` WHERE `cityid` = 110000 LIMIT 1   [ RunTime:0.0786s ]
NOTIC: [8] Undefined variable: islogin C:\xampp\htdocs\shejuyi\Application\Home\Controller\BaseController.class.php 第 98 行.
INFO: [ view_parse ] --START--
INFO: [ template_filter ] --START--
INFO: Run Behavior\ContentReplaceBehavior [ RunTime:0.000567s ]
INFO: [ template_filter ] --END-- [ RunTime:0.000671s ]
INFO: Run Behavior\ParseTemplateBehavior [ RunTime:0.044452s ]
INFO: [ view_parse ] --END-- [ RunTime:0.044677s ]
INFO: [ view_filter ] --START--
INFO: Run Behavior\WriteHtmlCacheBehavior [ RunTime:0.001528s ]
INFO: [ view_filter ] --END-- [ RunTime:0.001609s ]
INFO: [ app_end ] --START--
INFO: Run Behavior\ShowPageTraceBehavior [ RunTime:0.003260s ]
INFO: [ app_end ] --END-- [ RunTime:0.003356s ]

[ 2018-03-18T16:23:27+08:00 ] 127.0.0.1 /index.php/Home/Project/alreadySendProject
INFO: [ app_init ] --START--
INFO: Run Behavior\BuildLiteBehavior [ RunTime:0.000029s ]
INFO: [ app_init ] --END-- [ RunTime:0.000832s ]
INFO: [ app_begin ] --START--
INFO: Run Behavior\ReadHtmlCacheBehavior [ RunTime:0.001562s ]
INFO: [ app_begin ] --END-- [ RunTime:0.001685s ]
SQL: SHOW COLUMNS FROM `sjy_origanization_user_info` [ RunTime:0.0876s ]
SQL: SELECT * FROM `sjy_origanization_user_info` WHERE `sjy_id` = 75 LIMIT 1   [ RunTime:0.0602s ]
SQL: SHOW COLUMNS FROM `sjy_cities` [ RunTime:0.0556s ]
SQL: SELECT `city` FROM `sjy_cities` WHERE `cityid` = 110000 LIMIT 1   [ RunTime:0.0554s ]
NOTIC: [8] Undefined variable: islogin C:\xampp\htdocs\shejuyi\Application\Home\Controller\BaseController.class.php 第 98 行.
SQL: SHOW COLUMNS FROM `sjy_project` [ RunTime:0.0659s ]
SQL: SELECT * FROM `sjy_project` WHERE `origanization_id` = 23 AND `status` = 1 ORDER BY send_project_book_time desc LIMIT 0,15   [ RunTime:0.0570s ]
SQL: SHOW COLUMNS FROM `sjy_community_project_info` [ RunTime:0.0641s ]
SQL: SELECT * FROM `sjy_community_project_info` WHERE `sjy_id` = 40 LIMIT 1   [ RunTime:0.0788s ]
SQL: SELECT COUNT(*) AS tp_count FROM `sjy_project` WHERE `origanization_id` = 23 AND `status` = 1 LIMIT 1   [ RunTime:0.0566s ]

[ 2018-03-18T16:23:29+08:00 ] 127.0.0.1 /index.php/Home/Project/origanizationGetProjectBookList/project_id/40
INFO: [ app_init ] --START--
INFO: Run Behavior\BuildLiteBehavior [ RunTime:0.000016s ]
INFO: [ app_init ] --END-- [ RunTime:0.000487s ]
INFO: [ app_begin ] --START--
INFO: Run Behavior\ReadHtmlCacheBehavior [ RunTime:0.000917s ]
INFO: [ app_begin ] --END-- [ RunTime:0.000977s ]
SQL: SHOW COLUMNS FROM `sjy_origanization_user_info` [ RunTime:0.1097s ]
SQL: SELECT * FROM `sjy_origanization_user_info` WHERE `sjy_id` = 75 LIMIT 1   [ RunTime:0.0871s ]
SQL: SHOW COLUMNS FROM `sjy_cities` [ RunTime:0.0712s ]
SQL: SELECT `city` FROM `sjy_cities` WHERE `cityid` = 110000 LIMIT 1   [ RunTime:0.0787s ]
NOTIC: [8] Undefined variable: islogin C:\xampp\htdocs\shejuyi\Application\Home\Controller\BaseController.class.php 第 98 行.
SQL: SHOW COLUMNS FROM `sjy_project_book` [ RunTime:0.0883s ]
SQL: SELECT * FROM `sjy_project_book` WHERE `sjy_project_id` = 40 AND `sjy_origanization_id` = 23  [ RunTime:0.0484s ]

[ 2018-03-18T16:23:43+08:00 ] 127.0.0.1 /index.php/Home/Project/projectBookList/origanization_id/23/project_id/40
INFO: [ app_init ] --START--
INFO: Run Behavior\BuildLiteBehavior [ RunTime:0.000016s ]
INFO: [ app_init ] --END-- [ RunTime:0.000496s ]
INFO: [ app_begin ] --START--
INFO: Run Behavior\ReadHtmlCacheBehavior [ RunTime:0.000842s ]
INFO: [ app_begin ] --END-- [ RunTime:0.000895s ]
SQL: SHOW COLUMNS FROM `sjy_origanization_user_info` [ RunTime:0.0753s ]
SQL: SELECT * FROM `sjy_origanization_user_info` WHERE `sjy_id` = 75 LIMIT 1   [ RunTime:0.0723s ]
SQL: SHOW COLUMNS FROM `sjy_cities` [ RunTime:0.0689s ]
SQL: SELECT `city` FROM `sjy_cities` WHERE `cityid` = 110000 LIMIT 1   [ RunTime:0.0647s ]
NOTIC: [8] Undefined variable: islogin C:\xampp\htdocs\shejuyi\Application\Home\Controller\BaseController.class.php 第 98 行.
NOTIC: [8] Undefined index: sjy_community_user_community_code C:\xampp\htdocs\shejuyi\Application\Home\Controller\ProjectController.class.php 第 545 行.
SQL: SHOW COLUMNS FROM `sjy_project_book` [ RunTime:0.0898s ]
SQL: SELECT * FROM `sjy_project_book` WHERE `sjy_project_id` = 40 AND `sjy_origanization_id` = 23 AND `sjy_community_id` = null LIMIT 0,15   [ RunTime:0.0802s ]
SQL: SELECT COUNT(*) AS tp_count FROM `sjy_project_book` WHERE `sjy_project_id` = 40 AND `sjy_origanization_id` = 23 AND `sjy_community_id` = null LIMIT 1   [ RunTime:0.0797s ]

[ 2018-03-18T16:23:49+08:00 ] 127.0.0.1 /index.php/Home/Project/projectBookList/origanization_id/23/project_id/40
INFO: [ app_init ] --START--
INFO: Run Behavior\BuildLiteBehavior [ RunTime:0.000016s ]
INFO: [ app_init ] --END-- [ RunTime:0.000479s ]
INFO: [ app_begin ] --START--
INFO: Run Behavior\ReadHtmlCacheBehavior [ RunTime:0.000899s ]
INFO: [ app_begin ] --END-- [ RunTime:0.000958s ]
SQL: SHOW COLUMNS FROM `sjy_origanization_user_info` [ RunTime:0.0769s ]
SQL: SELECT * FROM `sjy_origanization_user_info` WHERE `sjy_id` = 75 LIMIT 1   [ RunTime:0.0695s ]
SQL: SHOW COLUMNS FROM `sjy_cities` [ RunTime:0.0476s ]
SQL: SELECT `city` FROM `sjy_cities` WHERE `cityid` = 110000 LIMIT 1   [ RunTime:0.0656s ]
NOTIC: [8] Undefined variable: islogin C:\xampp\htdocs\shejuyi\Application\Home\Controller\BaseController.class.php 第 98 行.
NOTIC: [8] Undefined index: sjy_community_user_community_code C:\xampp\htdocs\shejuyi\Application\Home\Controller\ProjectController.class.php 第 545 行.
SQL: SHOW COLUMNS FROM `sjy_project_book` [ RunTime:0.0468s ]
SQL: SELECT * FROM `sjy_project_book` WHERE `sjy_project_id` = 40 AND `sjy_origanization_id` = 23 AND `sjy_community_id` = null LIMIT 0,15   [ RunTime:0.0640s ]
SQL: SELECT COUNT(*) AS tp_count FROM `sjy_project_book` WHERE `sjy_project_id` = 40 AND `sjy_origanization_id` = 23 AND `sjy_community_id` = null LIMIT 1   [ RunTime:0.0655s ]

