[ 2018-03-24T21:31:10+08:00 ] 127.0.0.1 /
INFO: [ app_init ] --START--
INFO: Run Behavior\BuildLiteBehavior [ RunTime:0.000025s ]
INFO: [ app_init ] --END-- [ RunTime:0.007566s ]
INFO: [ app_begin ] --START--
INFO: Run Behavior\ReadHtmlCacheBehavior [ RunTime:0.002408s ]
INFO: [ app_begin ] --END-- [ RunTime:0.002523s ]
INFO: [ view_parse ] --START--
INFO: [ template_filter ] --START--
INFO: Run Behavior\ContentReplaceBehavior [ RunTime:0.013822s ]
INFO: [ template_filter ] --END-- [ RunTime:0.013936s ]
INFO: Run Behavior\ParseTemplateBehavior [ RunTime:0.068548s ]
INFO: [ view_parse ] --END-- [ RunTime:0.068727s ]
INFO: [ view_filter ] --START--
INFO: Run Behavior\WriteHtmlCacheBehavior [ RunTime:0.004405s ]
INFO: [ view_filter ] --END-- [ RunTime:0.004487s ]
INFO: [ app_end ] --START--
INFO: Run Behavior\ShowPageTraceBehavior [ RunTime:0.005738s ]
INFO: [ app_end ] --END-- [ RunTime:0.005849s ]

[ 2018-03-24T21:31:19+08:00 ] 127.0.0.1 /index.php/Home/Login/verify?t=1521898279123
INFO: [ app_init ] --START--
INFO: Run Behavior\BuildLiteBehavior [ RunTime:0.000034s ]
INFO: [ app_init ] --END-- [ RunTime:0.000955s ]
INFO: [ app_begin ] --START--
INFO: Run Behavior\ReadHtmlCacheBehavior [ RunTime:0.002245s ]
INFO: [ app_begin ] --END-- [ RunTime:0.002359s ]
INFO: [ app_end ] --START--
INFO: Run Behavior\ShowPageTraceBehavior [ RunTime:0.001974s ]
INFO: [ app_end ] --END-- [ RunTime:0.002079s ]

[ 2018-03-24T21:31:28+08:00 ] 127.0.0.1 /index.php/Home/Login/dologin
INFO: [ app_init ] --START--
INFO: Run Behavior\BuildLiteBehavior [ RunTime:0.000018s ]
INFO: [ app_init ] --END-- [ RunTime:0.000542s ]
INFO: [ app_begin ] --START--
INFO: Run Behavior\ReadHtmlCacheBehavior [ RunTime:0.000929s ]
INFO: [ app_begin ] --END-- [ RunTime:0.000989s ]
SQL: SHOW COLUMNS FROM `sjy_origanization_user_info` [ RunTime:0.0685s ]
SQL: SELECT * FROM `sjy_origanization_user_info` WHERE `sjy_origanization_login_id` = '15620608137' AND `password` = 'e10adc3949ba59abbe56e057f20f883e' LIMIT 1   [ RunTime:0.0487s ]
SQL: SELECT * FROM `sjy_origanization_user_info` WHERE `sjy_origanization_login_id` = '15620608137' LIMIT 1   [ RunTime:0.0679s ]

[ 2018-03-24T21:31:29+08:00 ] 127.0.0.1 /index.php/Home/Origanization/index
INFO: [ app_init ] --START--
INFO: Run Behavior\BuildLiteBehavior [ RunTime:0.000049s ]
INFO: [ app_init ] --END-- [ RunTime:0.001357s ]
INFO: [ app_begin ] --START--
INFO: Run Behavior\ReadHtmlCacheBehavior [ RunTime:0.001206s ]
INFO: [ app_begin ] --END-- [ RunTime:0.001314s ]
SQL: SHOW COLUMNS FROM `sjy_origanization_user_info` [ RunTime:0.0888s ]
SQL: SELECT * FROM `sjy_origanization_user_info` WHERE `sjy_id` = 75 LIMIT 1   [ RunTime:0.0868s ]
SQL: SHOW COLUMNS FROM `sjy_cities` [ RunTime:0.0833s ]
SQL: SELECT `city` FROM `sjy_cities` WHERE `cityid` = 110000 LIMIT 1   [ RunTime:0.0715s ]
NOTIC: [8] Undefined variable: islogin C:\xampp\htdocs\shejuyi\Application\Home\Controller\BaseController.class.php 第 98 行.
INFO: [ view_parse ] --START--
INFO: [ template_filter ] --START--
INFO: Run Behavior\ContentReplaceBehavior [ RunTime:0.000183s ]
INFO: [ template_filter ] --END-- [ RunTime:0.000278s ]
INFO: Run Behavior\ParseTemplateBehavior [ RunTime:0.017032s ]
INFO: [ view_parse ] --END-- [ RunTime:0.017124s ]
INFO: [ view_filter ] --START--
INFO: Run Behavior\WriteHtmlCacheBehavior [ RunTime:0.000912s ]
INFO: [ view_filter ] --END-- [ RunTime:0.000959s ]
INFO: [ app_end ] --START--
INFO: Run Behavior\ShowPageTraceBehavior [ RunTime:0.001660s ]
INFO: [ app_end ] --END-- [ RunTime:0.001769s ]

[ 2018-03-24T21:31:30+08:00 ] 127.0.0.1 /index.php/Home/Origanization/getprojectlist/page/1
INFO: [ app_init ] --START--
INFO: Run Behavior\BuildLiteBehavior [ RunTime:0.000023s ]
INFO: [ app_init ] --END-- [ RunTime:0.000921s ]
INFO: [ app_begin ] --START--
INFO: Run Behavior\ReadHtmlCacheBehavior [ RunTime:0.001961s ]
INFO: [ app_begin ] --END-- [ RunTime:0.002125s ]
SQL: SHOW COLUMNS FROM `sjy_origanization_user_info` [ RunTime:0.1143s ]
SQL: SELECT * FROM `sjy_origanization_user_info` WHERE `sjy_id` = 75 LIMIT 1   [ RunTime:0.0962s ]
SQL: SHOW COLUMNS FROM `sjy_cities` [ RunTime:0.0786s ]
SQL: SELECT `city` FROM `sjy_cities` WHERE `cityid` = 110000 LIMIT 1   [ RunTime:0.0747s ]
NOTIC: [8] Undefined variable: islogin C:\xampp\htdocs\shejuyi\Application\Home\Controller\BaseController.class.php 第 98 行.
SQL: SHOW COLUMNS FROM `sjy_community_project_info` [ RunTime:0.0721s ]
SQL: SELECT * FROM `sjy_community_project_info` WHERE `cityid` = 110000 LIMIT 0,10   [ RunTime:0.0651s ]
SQL: SELECT COUNT(*) AS tp_count FROM `sjy_community_project_info` WHERE `cityid` = 110000 LIMIT 1   [ RunTime:0.0773s ]

[ 2018-03-24T21:31:59+08:00 ] 127.0.0.1 /index.php/Home/Project/origanizationProjectManger
INFO: [ app_init ] --START--
INFO: Run Behavior\BuildLiteBehavior [ RunTime:0.000015s ]
INFO: [ app_init ] --END-- [ RunTime:0.000475s ]
INFO: [ app_begin ] --START--
INFO: Run Behavior\ReadHtmlCacheBehavior [ RunTime:0.000764s ]
INFO: [ app_begin ] --END-- [ RunTime:0.000818s ]
SQL: SHOW COLUMNS FROM `sjy_origanization_user_info` [ RunTime:0.0744s ]
SQL: SELECT * FROM `sjy_origanization_user_info` WHERE `sjy_id` = 75 LIMIT 1   [ RunTime:0.0821s ]
SQL: SHOW COLUMNS FROM `sjy_cities` [ RunTime:0.0651s ]
SQL: SELECT `city` FROM `sjy_cities` WHERE `cityid` = 110000 LIMIT 1   [ RunTime:0.0773s ]
NOTIC: [8] Undefined variable: islogin C:\xampp\htdocs\shejuyi\Application\Home\Controller\BaseController.class.php 第 98 行.
INFO: [ view_parse ] --START--
INFO: [ template_filter ] --START--
INFO: Run Behavior\ContentReplaceBehavior [ RunTime:0.000337s ]
INFO: [ template_filter ] --END-- [ RunTime:0.000396s ]
INFO: Run Behavior\ParseTemplateBehavior [ RunTime:0.023302s ]
INFO: [ view_parse ] --END-- [ RunTime:0.023382s ]
INFO: [ view_filter ] --START--
INFO: Run Behavior\WriteHtmlCacheBehavior [ RunTime:0.001058s ]
INFO: [ view_filter ] --END-- [ RunTime:0.001114s ]
INFO: [ app_end ] --START--
INFO: Run Behavior\ShowPageTraceBehavior [ RunTime:0.001682s ]
INFO: [ app_end ] --END-- [ RunTime:0.001793s ]

[ 2018-03-24T21:32:03+08:00 ] 127.0.0.1 /index.php/Home/Project/ingProject
INFO: [ app_init ] --START--
INFO: Run Behavior\BuildLiteBehavior [ RunTime:0.000025s ]
INFO: [ app_init ] --END-- [ RunTime:0.000838s ]
INFO: [ app_begin ] --START--
INFO: Run Behavior\ReadHtmlCacheBehavior [ RunTime:0.002112s ]
INFO: [ app_begin ] --END-- [ RunTime:0.002238s ]
SQL: SHOW COLUMNS FROM `sjy_origanization_user_info` [ RunTime:0.0725s ]
SQL: SELECT * FROM `sjy_origanization_user_info` WHERE `sjy_id` = 75 LIMIT 1   [ RunTime:0.0711s ]
SQL: SHOW COLUMNS FROM `sjy_cities` [ RunTime:0.0736s ]
SQL: SELECT `city` FROM `sjy_cities` WHERE `cityid` = 110000 LIMIT 1   [ RunTime:0.0481s ]
NOTIC: [8] Undefined variable: islogin C:\xampp\htdocs\shejuyi\Application\Home\Controller\BaseController.class.php 第 98 行.
SQL: SHOW COLUMNS FROM `sjy_project` [ RunTime:0.0789s ]
SQL: SELECT * FROM `sjy_project` WHERE `origanization_id` = 23 AND `status` BETWEEN 10 AND 99 ORDER BY project_start_time desc  [ RunTime:0.0770s ]
SQL: SHOW COLUMNS FROM `sjy_community_project_info` [ RunTime:0.0803s ]
SQL: SELECT * FROM `sjy_community_project_info` WHERE `sjy_id` = 40 LIMIT 1   [ RunTime:0.0728s ]

[ 2018-03-24T21:33:20+08:00 ] 127.0.0.1 /index.php/Home/Project/displayCommunityProject/id/40
INFO: [ app_init ] --START--
INFO: Run Behavior\BuildLiteBehavior [ RunTime:0.000020s ]
INFO: [ app_init ] --END-- [ RunTime:0.000661s ]
INFO: [ app_begin ] --START--
INFO: Run Behavior\ReadHtmlCacheBehavior [ RunTime:0.000911s ]
INFO: [ app_begin ] --END-- [ RunTime:0.001016s ]
SQL: SHOW COLUMNS FROM `sjy_origanization_user_info` [ RunTime:0.0663s ]
SQL: SELECT * FROM `sjy_origanization_user_info` WHERE `sjy_id` = 75 LIMIT 1   [ RunTime:0.0878s ]
SQL: SHOW COLUMNS FROM `sjy_cities` [ RunTime:0.0659s ]
SQL: SELECT `city` FROM `sjy_cities` WHERE `cityid` = 110000 LIMIT 1   [ RunTime:0.0733s ]
NOTIC: [8] Undefined variable: islogin C:\xampp\htdocs\shejuyi\Application\Home\Controller\BaseController.class.php 第 98 行.
SQL: SHOW COLUMNS FROM `sjy_project` [ RunTime:0.1180s ]
SQL: SELECT * FROM `sjy_project` WHERE `project_id` = 40 AND `status` = 2 LIMIT 1   [ RunTime:0.0646s ]
INFO: [ view_parse ] --START--
INFO: [ template_filter ] --START--
INFO: Run Behavior\ContentReplaceBehavior [ RunTime:0.000347s ]
INFO: [ template_filter ] --END-- [ RunTime:0.000463s ]
INFO: Run Behavior\ParseTemplateBehavior [ RunTime:0.091774s ]
INFO: [ view_parse ] --END-- [ RunTime:0.091938s ]
INFO: [ view_filter ] --START--
INFO: Run Behavior\WriteHtmlCacheBehavior [ RunTime:0.002276s ]
INFO: [ view_filter ] --END-- [ RunTime:0.002415s ]
INFO: [ app_end ] --START--
INFO: Run Behavior\ShowPageTraceBehavior [ RunTime:0.004458s ]
INFO: [ app_end ] --END-- [ RunTime:0.004697s ]

[ 2018-03-24T21:33:22+08:00 ] 127.0.0.1 /index.php/Home/Project/getCommunityProject/id/40
INFO: [ app_init ] --START--
INFO: Run Behavior\BuildLiteBehavior [ RunTime:0.000043s ]
INFO: [ app_init ] --END-- [ RunTime:0.001145s ]
INFO: [ app_begin ] --START--
INFO: Run Behavior\ReadHtmlCacheBehavior [ RunTime:0.001397s ]
INFO: [ app_begin ] --END-- [ RunTime:0.001519s ]
SQL: SHOW COLUMNS FROM `sjy_origanization_user_info` [ RunTime:0.0993s ]
SQL: SELECT * FROM `sjy_origanization_user_info` WHERE `sjy_id` = 75 LIMIT 1   [ RunTime:0.0687s ]
SQL: SHOW COLUMNS FROM `sjy_cities` [ RunTime:0.0722s ]
SQL: SELECT `city` FROM `sjy_cities` WHERE `cityid` = 110000 LIMIT 1   [ RunTime:0.0800s ]
NOTIC: [8] Undefined variable: islogin C:\xampp\htdocs\shejuyi\Application\Home\Controller\BaseController.class.php 第 98 行.
SQL: SHOW COLUMNS FROM `sjy_community_project_info` [ RunTime:0.0584s ]
SQL: SELECT * FROM `sjy_community_project_info` WHERE `sjy_id` = 40 LIMIT 1   [ RunTime:0.0648s ]
SQL: SHOW COLUMNS FROM `sjy_community_position_info` [ RunTime:0.0714s ]
SQL: SELECT * FROM `sjy_community_position_info` WHERE `sjy_community_id` = '29' LIMIT 1   [ RunTime:0.0564s ]
SQL: SHOW COLUMNS FROM `sjy_community_project_image` [ RunTime:0.0652s ]
SQL: SELECT * FROM `sjy_community_project_image` WHERE `sjy_community_project_id` = 40  [ RunTime:0.0644s ]

[ 2018-03-24T21:33:27+08:00 ] 127.0.0.1 /index.php/Home/Project/ingProject
INFO: [ app_init ] --START--
INFO: Run Behavior\BuildLiteBehavior [ RunTime:0.000028s ]
INFO: [ app_init ] --END-- [ RunTime:0.000873s ]
INFO: [ app_begin ] --START--
INFO: Run Behavior\ReadHtmlCacheBehavior [ RunTime:0.001301s ]
INFO: [ app_begin ] --END-- [ RunTime:0.001376s ]
SQL: SHOW COLUMNS FROM `sjy_origanization_user_info` [ RunTime:0.0834s ]
SQL: SELECT * FROM `sjy_origanization_user_info` WHERE `sjy_id` = 75 LIMIT 1   [ RunTime:0.0872s ]
SQL: SHOW COLUMNS FROM `sjy_cities` [ RunTime:0.0700s ]
SQL: SELECT `city` FROM `sjy_cities` WHERE `cityid` = 110000 LIMIT 1   [ RunTime:0.0553s ]
NOTIC: [8] Undefined variable: islogin C:\xampp\htdocs\shejuyi\Application\Home\Controller\BaseController.class.php 第 98 行.
SQL: SHOW COLUMNS FROM `sjy_project` [ RunTime:0.0511s ]
SQL: SELECT * FROM `sjy_project` WHERE `origanization_id` = 23 AND `status` BETWEEN 10 AND 99 ORDER BY project_start_time desc  [ RunTime:0.0637s ]
SQL: SHOW COLUMNS FROM `sjy_community_project_info` [ RunTime:0.0723s ]
SQL: SELECT * FROM `sjy_community_project_info` WHERE `sjy_id` = 40 LIMIT 1   [ RunTime:0.0778s ]

[ 2018-03-24T21:55:24+08:00 ] 127.0.0.1 /
INFO: [ app_init ] --START--
INFO: Run Behavior\BuildLiteBehavior [ RunTime:0.000016s ]
INFO: [ app_init ] --END-- [ RunTime:0.000751s ]
INFO: [ app_begin ] --START--
INFO: Run Behavior\ReadHtmlCacheBehavior [ RunTime:0.001245s ]
INFO: [ app_begin ] --END-- [ RunTime:0.001311s ]
INFO: [ view_parse ] --START--
INFO: [ template_filter ] --START--
INFO: Run Behavior\ContentReplaceBehavior [ RunTime:0.000196s ]
INFO: [ template_filter ] --END-- [ RunTime:0.000289s ]
INFO: Run Behavior\ParseTemplateBehavior [ RunTime:0.015225s ]
INFO: [ view_parse ] --END-- [ RunTime:0.015298s ]
INFO: [ view_filter ] --START--
INFO: Run Behavior\WriteHtmlCacheBehavior [ RunTime:0.001159s ]
INFO: [ view_filter ] --END-- [ RunTime:0.001226s ]
INFO: [ app_end ] --START--
INFO: Run Behavior\ShowPageTraceBehavior [ RunTime:0.002939s ]
INFO: [ app_end ] --END-- [ RunTime:0.003423s ]

[ 2018-03-24T21:55:28+08:00 ] 127.0.0.1 /index.php/Home/Login/verify?t=1521899728060
INFO: [ app_init ] --START--
INFO: Run Behavior\BuildLiteBehavior [ RunTime:0.000025s ]
INFO: [ app_init ] --END-- [ RunTime:0.001070s ]
INFO: [ app_begin ] --START--
INFO: Run Behavior\ReadHtmlCacheBehavior [ RunTime:0.001278s ]
INFO: [ app_begin ] --END-- [ RunTime:0.001379s ]
INFO: [ app_end ] --START--
INFO: Run Behavior\ShowPageTraceBehavior [ RunTime:0.002888s ]
INFO: [ app_end ] --END-- [ RunTime:0.003082s ]

[ 2018-03-24T21:55:36+08:00 ] 127.0.0.1 /index.php/Home/Login/dologin
INFO: [ app_init ] --START--
INFO: Run Behavior\BuildLiteBehavior [ RunTime:0.000016s ]
INFO: [ app_init ] --END-- [ RunTime:0.000468s ]
INFO: [ app_begin ] --START--
INFO: Run Behavior\ReadHtmlCacheBehavior [ RunTime:0.000807s ]
INFO: [ app_begin ] --END-- [ RunTime:0.000867s ]
SQL: SHOW COLUMNS FROM `sjy_community_user_info` [ RunTime:0.0581s ]
SQL: SELECT * FROM `sjy_community_user_info` WHERE `sjy_community_login_id` = '15620608137' AND `password` = 'e10adc3949ba59abbe56e057f20f883e' LIMIT 1   [ RunTime:0.0709s ]
SQL: SELECT * FROM `sjy_community_user_info` WHERE `sjy_community_login_id` = '15620608137' LIMIT 1   [ RunTime:0.0656s ]

[ 2018-03-24T21:55:37+08:00 ] 127.0.0.1 /index.php/Home/Community/index
INFO: [ app_init ] --START--
INFO: Run Behavior\BuildLiteBehavior [ RunTime:0.000015s ]
INFO: [ app_init ] --END-- [ RunTime:0.000458s ]
INFO: [ app_begin ] --START--
INFO: Run Behavior\ReadHtmlCacheBehavior [ RunTime:0.000837s ]
INFO: [ app_begin ] --END-- [ RunTime:0.000893s ]
SQL: SHOW COLUMNS FROM `sjy_community_user_info` [ RunTime:0.0722s ]
SQL: SELECT * FROM `sjy_community_user_info` WHERE `sjy_id` = 52 LIMIT 1   [ RunTime:0.0874s ]
SQL: SELECT `sjy_community_user_community_code` FROM `sjy_community_user_info` WHERE `sjy_id` = 52 LIMIT 1   [ RunTime:0.0712s ]
SQL: SHOW COLUMNS FROM `sjy_cities` [ RunTime:0.0858s ]
SQL: SELECT `city` FROM `sjy_cities` WHERE `cityid` = 110000 LIMIT 1   [ RunTime:0.0790s ]
NOTIC: [8] Undefined variable: islogin C:\xampp\htdocs\shejuyi\Application\Home\Controller\BaseController.class.php 第 98 行.
SQL: SHOW COLUMNS FROM `sjy_project` [ RunTime:0.0648s ]
SQL: SELECT * FROM `sjy_project` WHERE `status` = 2 AND `community_id` = 29  [ RunTime:0.0662s ]
INFO: [ view_parse ] --START--
INFO: [ template_filter ] --START--
INFO: Run Behavior\ContentReplaceBehavior [ RunTime:0.000183s ]
INFO: [ template_filter ] --END-- [ RunTime:0.000279s ]
INFO: Run Behavior\ParseTemplateBehavior [ RunTime:0.025496s ]
INFO: [ view_parse ] --END-- [ RunTime:0.025665s ]
INFO: [ view_filter ] --START--
INFO: Run Behavior\WriteHtmlCacheBehavior [ RunTime:0.001033s ]
INFO: [ view_filter ] --END-- [ RunTime:0.001101s ]
INFO: [ app_end ] --START--
INFO: Run Behavior\ShowPageTraceBehavior [ RunTime:0.002069s ]
INFO: [ app_end ] --END-- [ RunTime:0.002347s ]

[ 2018-03-24T21:55:38+08:00 ] 127.0.0.1 /index.php/Home/Community/getoriganizationlist/page/1
INFO: [ app_init ] --START--
INFO: Run Behavior\BuildLiteBehavior [ RunTime:0.000032s ]
INFO: [ app_init ] --END-- [ RunTime:0.001066s ]
INFO: [ app_begin ] --START--
INFO: Run Behavior\ReadHtmlCacheBehavior [ RunTime:0.001749s ]
INFO: [ app_begin ] --END-- [ RunTime:0.001845s ]
SQL: SHOW COLUMNS FROM `sjy_community_user_info` [ RunTime:0.0851s ]
SQL: SELECT * FROM `sjy_community_user_info` WHERE `sjy_id` = 52 LIMIT 1   [ RunTime:0.0768s ]
SQL: SELECT `sjy_community_user_community_code` FROM `sjy_community_user_info` WHERE `sjy_id` = 52 LIMIT 1   [ RunTime:0.0526s ]
SQL: SHOW COLUMNS FROM `sjy_cities` [ RunTime:0.0776s ]
SQL: SELECT `city` FROM `sjy_cities` WHERE `cityid` = 110000 LIMIT 1   [ RunTime:0.0493s ]
NOTIC: [8] Undefined variable: islogin C:\xampp\htdocs\shejuyi\Application\Home\Controller\BaseController.class.php 第 98 行.
SQL: SHOW COLUMNS FROM `sjy_project` [ RunTime:0.0563s ]
SQL: SELECT * FROM `sjy_project` WHERE `status` = 2 AND `community_id` = 29  [ RunTime:0.0717s ]
SQL: SHOW COLUMNS FROM `sjy_origanization_position_info` [ RunTime:0.0576s ]
SQL: SELECT `sjy_origanization_id` FROM `sjy_origanization_position_info` WHERE `sjy_origanization_city` = 110000  [ RunTime:0.0715s ]
SQL: SHOW COLUMNS FROM `sjy_origanization_base_info` [ RunTime:0.0921s ]
SQL: SELECT COUNT(*) AS tp_count FROM `sjy_origanization_base_info` LIMIT 1   [ RunTime:0.0504s ]

[ 2018-03-24T21:55:42+08:00 ] 127.0.0.1 /index.php/Home/Project/communityProjectManger
INFO: [ app_init ] --START--
INFO: Run Behavior\BuildLiteBehavior [ RunTime:0.000023s ]
INFO: [ app_init ] --END-- [ RunTime:0.000556s ]
INFO: [ app_begin ] --START--
INFO: Run Behavior\ReadHtmlCacheBehavior [ RunTime:0.000800s ]
INFO: [ app_begin ] --END-- [ RunTime:0.000860s ]
SQL: SHOW COLUMNS FROM `sjy_community_user_info` [ RunTime:0.0616s ]
SQL: SELECT * FROM `sjy_community_user_info` WHERE `sjy_id` = 52 LIMIT 1   [ RunTime:0.0773s ]
SQL: SELECT `sjy_community_user_community_code` FROM `sjy_community_user_info` WHERE `sjy_id` = 52 LIMIT 1   [ RunTime:0.0719s ]
SQL: SHOW COLUMNS FROM `sjy_cities` [ RunTime:0.0744s ]
SQL: SELECT `city` FROM `sjy_cities` WHERE `cityid` = 110000 LIMIT 1   [ RunTime:0.0686s ]
NOTIC: [8] Undefined variable: islogin C:\xampp\htdocs\shejuyi\Application\Home\Controller\BaseController.class.php 第 98 行.
INFO: [ view_parse ] --START--
INFO: [ template_filter ] --START--
INFO: Run Behavior\ContentReplaceBehavior [ RunTime:0.000447s ]
INFO: [ template_filter ] --END-- [ RunTime:0.000551s ]
INFO: Run Behavior\ParseTemplateBehavior [ RunTime:0.037054s ]
INFO: [ view_parse ] --END-- [ RunTime:0.037216s ]
INFO: [ view_filter ] --START--
INFO: Run Behavior\WriteHtmlCacheBehavior [ RunTime:0.001294s ]
INFO: [ view_filter ] --END-- [ RunTime:0.001362s ]
INFO: [ app_end ] --START--
INFO: Run Behavior\ShowPageTraceBehavior [ RunTime:0.002895s ]
INFO: [ app_end ] --END-- [ RunTime:0.003040s ]

[ 2018-03-24T21:55:43+08:00 ] 127.0.0.1 /index.php/Home/Project/communityTenderProject
INFO: [ app_init ] --START--
INFO: Run Behavior\BuildLiteBehavior [ RunTime:0.000025s ]
INFO: [ app_init ] --END-- [ RunTime:0.000697s ]
INFO: [ app_begin ] --START--
INFO: Run Behavior\ReadHtmlCacheBehavior [ RunTime:0.001855s ]
INFO: [ app_begin ] --END-- [ RunTime:0.001997s ]
SQL: SHOW COLUMNS FROM `sjy_community_user_info` [ RunTime:0.0727s ]
SQL: SELECT * FROM `sjy_community_user_info` WHERE `sjy_id` = 52 LIMIT 1   [ RunTime:0.0792s ]
SQL: SELECT `sjy_community_user_community_code` FROM `sjy_community_user_info` WHERE `sjy_id` = 52 LIMIT 1   [ RunTime:0.1211s ]
SQL: SHOW COLUMNS FROM `sjy_cities` [ RunTime:0.0652s ]
SQL: SELECT `city` FROM `sjy_cities` WHERE `cityid` = 110000 LIMIT 1   [ RunTime:0.0836s ]
NOTIC: [8] Undefined variable: islogin C:\xampp\htdocs\shejuyi\Application\Home\Controller\BaseController.class.php 第 98 行.
SQL: SHOW COLUMNS FROM `sjy_community_project_info` [ RunTime:0.0811s ]
SQL: SELECT * FROM `sjy_community_project_info` WHERE `sjy_community_project_status` = 0 AND `sjy_community_project_collect_start_time` < '2018-03-24' AND `sjy_community_project_start_time` > '2018-03-24' LIMIT 0,15   [ RunTime:0.0991s ]
SQL: SELECT COUNT(*) AS tp_count FROM `sjy_community_project_info` WHERE `sjy_community_project_status` = 0 AND `sjy_community_project_collect_start_time` < '2018-03-24' AND `sjy_community_project_start_time` > '2018-03-24' LIMIT 1   [ RunTime:0.0624s ]

[ 2018-03-24T21:55:45+08:00 ] 127.0.0.1 /index.php/Home/Project/waitOriganizationStart
INFO: [ app_init ] --START--
INFO: Run Behavior\BuildLiteBehavior [ RunTime:0.000023s ]
INFO: [ app_init ] --END-- [ RunTime:0.012155s ]
INFO: [ app_begin ] --START--
INFO: Run Behavior\ReadHtmlCacheBehavior [ RunTime:0.002201s ]
INFO: [ app_begin ] --END-- [ RunTime:0.002351s ]
SQL: SHOW COLUMNS FROM `sjy_community_user_info` [ RunTime:0.1004s ]
SQL: SELECT * FROM `sjy_community_user_info` WHERE `sjy_id` = 52 LIMIT 1   [ RunTime:0.1474s ]
SQL: SELECT `sjy_community_user_community_code` FROM `sjy_community_user_info` WHERE `sjy_id` = 52 LIMIT 1   [ RunTime:0.1026s ]
SQL: SHOW COLUMNS FROM `sjy_cities` [ RunTime:0.0913s ]
SQL: SELECT `city` FROM `sjy_cities` WHERE `cityid` = 110000 LIMIT 1   [ RunTime:0.0946s ]
NOTIC: [8] Undefined variable: islogin C:\xampp\htdocs\shejuyi\Application\Home\Controller\BaseController.class.php 第 98 行.
SQL: SHOW COLUMNS FROM `sjy_project` [ RunTime:0.1376s ]
SQL: SELECT * FROM `sjy_project` WHERE `community_id` = 29 AND `status` = 2  [ RunTime:0.3262s ]

[ 2018-03-24T22:03:52+08:00 ] 127.0.0.1 /index.php/Home/Project/projectRate?project_id=40
INFO: [ app_init ] --START--
INFO: Run Behavior\BuildLiteBehavior [ RunTime:0.000014s ]
INFO: [ app_init ] --END-- [ RunTime:0.000602s ]
INFO: [ app_begin ] --START--
INFO: Run Behavior\ReadHtmlCacheBehavior [ RunTime:0.001218s ]
INFO: [ app_begin ] --END-- [ RunTime:0.001274s ]
SQL: SHOW COLUMNS FROM `sjy_community_user_info` [ RunTime:0.0660s ]
SQL: SELECT * FROM `sjy_community_user_info` WHERE `sjy_id` = 52 LIMIT 1   [ RunTime:0.0715s ]
SQL: SELECT `sjy_community_user_community_code` FROM `sjy_community_user_info` WHERE `sjy_id` = 52 LIMIT 1   [ RunTime:0.0633s ]
SQL: SHOW COLUMNS FROM `sjy_cities` [ RunTime:0.0494s ]
SQL: SELECT `city` FROM `sjy_cities` WHERE `cityid` = 110000 LIMIT 1   [ RunTime:0.3957s ]
NOTIC: [8] Undefined variable: islogin C:\xampp\htdocs\shejuyi\Application\Home\Controller\BaseController.class.php 第 98 行.
SQL: SHOW COLUMNS FROM `sjy_projectrate` [ RunTime:0.0802s ]
SQL: SELECT * FROM `sjy_projectrate` WHERE `sjy_project_id` = 40  [ RunTime:0.0744s ]

[ 2018-03-24T22:08:54+08:00 ] 127.0.0.1 /
INFO: [ app_init ] --START--
INFO: Run Behavior\BuildLiteBehavior [ RunTime:0.000015s ]
INFO: [ app_init ] --END-- [ RunTime:0.001140s ]
INFO: [ app_begin ] --START--
INFO: Run Behavior\ReadHtmlCacheBehavior [ RunTime:0.001139s ]
INFO: [ app_begin ] --END-- [ RunTime:0.001189s ]
INFO: [ view_parse ] --START--
INFO: [ template_filter ] --START--
INFO: Run Behavior\ContentReplaceBehavior [ RunTime:0.000140s ]
INFO: [ template_filter ] --END-- [ RunTime:0.000217s ]
INFO: Run Behavior\ParseTemplateBehavior [ RunTime:0.017237s ]
INFO: [ view_parse ] --END-- [ RunTime:0.017327s ]
INFO: [ view_filter ] --START--
INFO: Run Behavior\WriteHtmlCacheBehavior [ RunTime:0.002189s ]
INFO: [ view_filter ] --END-- [ RunTime:0.002274s ]
INFO: [ app_end ] --START--
INFO: Run Behavior\ShowPageTraceBehavior [ RunTime:0.002828s ]
INFO: [ app_end ] --END-- [ RunTime:0.002935s ]

[ 2018-03-24T22:08:57+08:00 ] 127.0.0.1 /index.php/Home/Login/verify?t=1521900537542
INFO: [ app_init ] --START--
INFO: Run Behavior\BuildLiteBehavior [ RunTime:0.000026s ]
INFO: [ app_init ] --END-- [ RunTime:0.000850s ]
INFO: [ app_begin ] --START--
INFO: Run Behavior\ReadHtmlCacheBehavior [ RunTime:0.001249s ]
INFO: [ app_begin ] --END-- [ RunTime:0.001311s ]
INFO: [ app_end ] --START--
INFO: Run Behavior\ShowPageTraceBehavior [ RunTime:0.005167s ]
INFO: [ app_end ] --END-- [ RunTime:0.005437s ]

[ 2018-03-24T22:09:07+08:00 ] 127.0.0.1 /index.php/Home/Login/dologin
INFO: [ app_init ] --START--
INFO: Run Behavior\BuildLiteBehavior [ RunTime:0.000013s ]
INFO: [ app_init ] --END-- [ RunTime:0.000406s ]
INFO: [ app_begin ] --START--
INFO: Run Behavior\ReadHtmlCacheBehavior [ RunTime:0.000784s ]
INFO: [ app_begin ] --END-- [ RunTime:0.000845s ]
SQL: SHOW COLUMNS FROM `sjy_community_user_info` [ RunTime:0.0516s ]
SQL: SELECT * FROM `sjy_community_user_info` WHERE `sjy_community_login_id` = '15620608137' AND `password` = 'e10adc3949ba59abbe56e057f20f883e' LIMIT 1   [ RunTime:0.0563s ]
SQL: SELECT * FROM `sjy_community_user_info` WHERE `sjy_community_login_id` = '15620608137' LIMIT 1   [ RunTime:0.0733s ]

[ 2018-03-24T22:09:08+08:00 ] 127.0.0.1 /index.php/Home/Community/index
INFO: [ app_init ] --START--
INFO: Run Behavior\BuildLiteBehavior [ RunTime:0.000019s ]
INFO: [ app_init ] --END-- [ RunTime:0.001314s ]
INFO: [ app_begin ] --START--
INFO: Run Behavior\ReadHtmlCacheBehavior [ RunTime:0.000982s ]
INFO: [ app_begin ] --END-- [ RunTime:0.001058s ]
SQL: SHOW COLUMNS FROM `sjy_community_user_info` [ RunTime:0.0584s ]
SQL: SELECT * FROM `sjy_community_user_info` WHERE `sjy_id` = 52 LIMIT 1   [ RunTime:0.0944s ]
SQL: SELECT `sjy_community_user_community_code` FROM `sjy_community_user_info` WHERE `sjy_id` = 52 LIMIT 1   [ RunTime:0.0838s ]
SQL: SHOW COLUMNS FROM `sjy_cities` [ RunTime:0.0880s ]
SQL: SELECT `city` FROM `sjy_cities` WHERE `cityid` = 110000 LIMIT 1   [ RunTime:0.0948s ]
NOTIC: [8] Undefined variable: islogin C:\xampp\htdocs\shejuyi\Application\Home\Controller\BaseController.class.php 第 98 行.
SQL: SHOW COLUMNS FROM `sjy_project` [ RunTime:0.1123s ]
SQL: SELECT * FROM `sjy_project` WHERE `status` = 2 AND `community_id` = 29  [ RunTime:0.0740s ]
INFO: [ view_parse ] --START--
INFO: [ template_filter ] --START--
INFO: Run Behavior\ContentReplaceBehavior [ RunTime:0.000236s ]
INFO: [ template_filter ] --END-- [ RunTime:0.000358s ]
INFO: Run Behavior\ParseTemplateBehavior [ RunTime:0.042005s ]
INFO: [ view_parse ] --END-- [ RunTime:0.042186s ]
INFO: [ view_filter ] --START--
INFO: Run Behavior\WriteHtmlCacheBehavior [ RunTime:0.002006s ]
INFO: [ view_filter ] --END-- [ RunTime:0.002096s ]
INFO: [ app_end ] --START--
INFO: Run Behavior\ShowPageTraceBehavior [ RunTime:0.008422s ]
INFO: [ app_end ] --END-- [ RunTime:0.008569s ]

[ 2018-03-24T22:09:09+08:00 ] 127.0.0.1 /index.php/Home/Community/getoriganizationlist/page/1
INFO: [ app_init ] --START--
INFO: Run Behavior\BuildLiteBehavior [ RunTime:0.000021s ]
INFO: [ app_init ] --END-- [ RunTime:0.000807s ]
INFO: [ app_begin ] --START--
INFO: Run Behavior\ReadHtmlCacheBehavior [ RunTime:0.002270s ]
INFO: [ app_begin ] --END-- [ RunTime:0.002504s ]
SQL: SHOW COLUMNS FROM `sjy_community_user_info` [ RunTime:0.0589s ]
SQL: SELECT * FROM `sjy_community_user_info` WHERE `sjy_id` = 52 LIMIT 1   [ RunTime:0.0525s ]
SQL: SELECT `sjy_community_user_community_code` FROM `sjy_community_user_info` WHERE `sjy_id` = 52 LIMIT 1   [ RunTime:0.0732s ]
SQL: SHOW COLUMNS FROM `sjy_cities` [ RunTime:0.0967s ]
SQL: SELECT `city` FROM `sjy_cities` WHERE `cityid` = 110000 LIMIT 1   [ RunTime:0.0677s ]
NOTIC: [8] Undefined variable: islogin C:\xampp\htdocs\shejuyi\Application\Home\Controller\BaseController.class.php 第 98 行.
SQL: SHOW COLUMNS FROM `sjy_project` [ RunTime:0.0660s ]
SQL: SELECT * FROM `sjy_project` WHERE `status` = 2 AND `community_id` = 29  [ RunTime:0.0711s ]
SQL: SHOW COLUMNS FROM `sjy_origanization_position_info` [ RunTime:0.0600s ]
SQL: SELECT `sjy_origanization_id` FROM `sjy_origanization_position_info` WHERE `sjy_origanization_city` = 110000  [ RunTime:0.0706s ]
SQL: SHOW COLUMNS FROM `sjy_origanization_base_info` [ RunTime:0.0588s ]
SQL: SELECT COUNT(*) AS tp_count FROM `sjy_origanization_base_info` LIMIT 1   [ RunTime:0.0667s ]

[ 2018-03-24T22:09:20+08:00 ] 127.0.0.1 /index.php/Home/Project/communityIngProject
INFO: [ app_init ] --START--
INFO: Run Behavior\BuildLiteBehavior [ RunTime:0.000023s ]
INFO: [ app_init ] --END-- [ RunTime:0.000834s ]
INFO: [ app_begin ] --START--
INFO: Run Behavior\ReadHtmlCacheBehavior [ RunTime:0.000785s ]
INFO: [ app_begin ] --END-- [ RunTime:0.000844s ]
SQL: SHOW COLUMNS FROM `sjy_community_user_info` [ RunTime:0.0865s ]
SQL: SELECT * FROM `sjy_community_user_info` WHERE `sjy_id` = 52 LIMIT 1   [ RunTime:0.0554s ]
SQL: SELECT `sjy_community_user_community_code` FROM `sjy_community_user_info` WHERE `sjy_id` = 52 LIMIT 1   [ RunTime:0.0654s ]
SQL: SHOW COLUMNS FROM `sjy_cities` [ RunTime:0.0760s ]
SQL: SELECT `city` FROM `sjy_cities` WHERE `cityid` = 110000 LIMIT 1   [ RunTime:0.0789s ]
NOTIC: [8] Undefined variable: islogin C:\xampp\htdocs\shejuyi\Application\Home\Controller\BaseController.class.php 第 98 行.
SQL: SHOW COLUMNS FROM `sjy_community_project_info` [ RunTime:0.0809s ]
SQL: SELECT * FROM `sjy_community_project_info` WHERE `sjy_community_project_status` = 1  [ RunTime:0.0788s ]

