[ 2018-06-15T11:29:16+08:00 ] ::1 /index.php/Home/Origanization/communityIndex
INFO: [ app_init ] --START--
INFO: Run Behavior\BuildLiteBehavior [ RunTime:0.000012s ]
INFO: [ app_init ] --END-- [ RunTime:0.000600s ]
INFO: [ app_begin ] --START--
INFO: Run Behavior\ReadHtmlCacheBehavior [ RunTime:0.000837s ]
INFO: [ app_begin ] --END-- [ RunTime:0.000881s ]
SQL: SHOW COLUMNS FROM `sjy_origanization_user_info` [ RunTime:0.0055s ]
SQL: SELECT * FROM `sjy_origanization_user_info` WHERE `sjy_id` = 103 LIMIT 1   [ RunTime:0.0043s ]
SQL: SHOW COLUMNS FROM `sjy_project` [ RunTime:0.0051s ]
SQL: SELECT * FROM `sjy_project` WHERE `origanization_id` = 38 AND `status` BETWEEN 0 AND 99 LIMIT 1   [ RunTime:0.0039s ]
SQL: SHOW COLUMNS FROM `sjy_origanization_base_info` [ RunTime:0.0055s ]
SQL: SELECT `sjy_origanization_name` FROM `sjy_origanization_base_info` WHERE `sjy_id` = 38 LIMIT 1   [ RunTime:0.3058s ]
SQL: SHOW COLUMNS FROM `sjy_cities` [ RunTime:0.0039s ]
SQL: SELECT `city` FROM `sjy_cities` WHERE `cityid` = 110000 LIMIT 1   [ RunTime:0.0048s ]
NOTIC: [8] Undefined variable: islogin C:\xampp\htdocs\shejuyi\Application\Home\Controller\BaseController.class.php 第 124 行.
SQL: SELECT * FROM `sjy_project` WHERE `status` = 2 AND `origanization_id` = 38  [ RunTime:0.0041s ]
SQL: SHOW COLUMNS FROM `sjy_origanization_type` [ RunTime:0.0062s ]
SQL: SELECT * FROM `sjy_origanization_type`  [ RunTime:0.0035s ]
SQL: SHOW COLUMNS FROM `sjy_community_project_info` [ RunTime:0.0063s ]
SQL: SELECT COUNT(*) AS tp_count FROM `sjy_community_project_info` LIMIT 1   [ RunTime:0.0033s ]
SQL: SHOW COLUMNS FROM `sjy_community_base_info` [ RunTime:0.0063s ]
SQL: SELECT COUNT(*) AS tp_count FROM `sjy_community_base_info` LIMIT 1   [ RunTime:0.0034s ]
SQL: SELECT COUNT(*) AS tp_count FROM `sjy_origanization_base_info` LIMIT 1   [ RunTime:0.0055s ]
INFO: [ view_parse ] --START--
INFO: [ template_filter ] --START--
INFO: Run Behavior\ContentReplaceBehavior [ RunTime:0.000097s ]
INFO: [ template_filter ] --END-- [ RunTime:0.000140s ]
NOTIC: [8] Undefined variable: service_object C:\xampp\htdocs\shejuyi\Application\Runtime\Cache\Home\07451263c0bac15ec1e2df1e0c1045cc.php 第 149 行.
INFO: Run Behavior\ParseTemplateBehavior [ RunTime:0.015195s ]
INFO: [ view_parse ] --END-- [ RunTime:0.015244s ]
INFO: [ view_filter ] --START--
INFO: Run Behavior\WriteHtmlCacheBehavior [ RunTime:0.000627s ]
INFO: [ view_filter ] --END-- [ RunTime:0.000659s ]
INFO: [ app_end ] --START--
INFO: Run Behavior\ShowPageTraceBehavior [ RunTime:0.001013s ]
INFO: [ app_end ] --END-- [ RunTime:0.001067s ]

[ 2018-06-15T11:29:17+08:00 ] ::1 /index.php/Home/Search/getOriganizationCount?type=&search_body=
INFO: [ app_init ] --START--
INFO: Run Behavior\BuildLiteBehavior [ RunTime:0.000012s ]
INFO: [ app_init ] --END-- [ RunTime:0.000446s ]
INFO: [ app_begin ] --START--
INFO: Run Behavior\ReadHtmlCacheBehavior [ RunTime:0.000839s ]
INFO: [ app_begin ] --END-- [ RunTime:0.000879s ]
SQL: SHOW COLUMNS FROM `sjy_origanization_user_info` [ RunTime:0.0050s ]
SQL: SELECT * FROM `sjy_origanization_user_info` WHERE `sjy_id` = 103 LIMIT 1   [ RunTime:0.0047s ]
SQL: SHOW COLUMNS FROM `sjy_project` [ RunTime:0.0044s ]
SQL: SELECT * FROM `sjy_project` WHERE `origanization_id` = 38 AND `status` BETWEEN 0 AND 99 LIMIT 1   [ RunTime:0.0043s ]
SQL: SHOW COLUMNS FROM `sjy_origanization_base_info` [ RunTime:0.0043s ]
SQL: SELECT `sjy_origanization_name` FROM `sjy_origanization_base_info` WHERE `sjy_id` = 38 LIMIT 1   [ RunTime:0.0053s ]
SQL: SHOW COLUMNS FROM `sjy_cities` [ RunTime:0.0046s ]
SQL: SELECT `city` FROM `sjy_cities` WHERE `cityid` = 110000 LIMIT 1   [ RunTime:0.0058s ]
NOTIC: [8] Undefined variable: islogin C:\xampp\htdocs\shejuyi\Application\Home\Controller\BaseController.class.php 第 124 行.

[ 2018-06-15T11:29:17+08:00 ] ::1 /index.php/Home/Search/searchOriganization?type=&search_body=&page=1
INFO: [ app_init ] --START--
INFO: Run Behavior\BuildLiteBehavior [ RunTime:0.000013s ]
INFO: [ app_init ] --END-- [ RunTime:0.000394s ]
INFO: [ app_begin ] --START--
INFO: Run Behavior\ReadHtmlCacheBehavior [ RunTime:0.000703s ]
INFO: [ app_begin ] --END-- [ RunTime:0.000753s ]
SQL: SHOW COLUMNS FROM `sjy_origanization_user_info` [ RunTime:0.0052s ]
SQL: SELECT * FROM `sjy_origanization_user_info` WHERE `sjy_id` = 103 LIMIT 1   [ RunTime:0.0039s ]
SQL: SHOW COLUMNS FROM `sjy_project` [ RunTime:0.0047s ]
SQL: SELECT * FROM `sjy_project` WHERE `origanization_id` = 38 AND `status` BETWEEN 0 AND 99 LIMIT 1   [ RunTime:0.0037s ]
SQL: SHOW COLUMNS FROM `sjy_origanization_base_info` [ RunTime:0.0034s ]
SQL: SELECT `sjy_origanization_name` FROM `sjy_origanization_base_info` WHERE `sjy_id` = 38 LIMIT 1   [ RunTime:0.0029s ]
SQL: SHOW COLUMNS FROM `sjy_cities` [ RunTime:0.0033s ]
SQL: SELECT `city` FROM `sjy_cities` WHERE `cityid` = 110000 LIMIT 1   [ RunTime:0.0031s ]
NOTIC: [8] Undefined variable: islogin C:\xampp\htdocs\shejuyi\Application\Home\Controller\BaseController.class.php 第 124 行.

