[ 2018-06-25T22:23:18+08:00 ] 127.0.0.1 /
INFO: [ app_init ] --START--
INFO: Run Behavior\BuildLiteBehavior [ RunTime:0.000037s ]
INFO: [ app_init ] --END-- [ RunTime:0.003394s ]
INFO: [ app_begin ] --START--
INFO: Run Behavior\ReadHtmlCacheBehavior [ RunTime:0.002174s ]
INFO: [ app_begin ] --END-- [ RunTime:0.002264s ]

[ 2018-06-25T22:23:19+08:00 ] 127.0.0.1 /index.php/Home/Origanization/index
INFO: [ app_init ] --START--
INFO: Run Behavior\BuildLiteBehavior [ RunTime:0.000017s ]
INFO: [ app_init ] --END-- [ RunTime:0.000487s ]
INFO: [ app_begin ] --START--
INFO: Run Behavior\ReadHtmlCacheBehavior [ RunTime:0.001072s ]
INFO: [ app_begin ] --END-- [ RunTime:0.001165s ]
ERR: SQLSTATE[HY000] [1130] Host '103.3.97.71' is not allowed to connect to this MySQL server
NOTIC: [2] include(): Filename cannot be empty D:\wamp64\www\shejuyi\ThinkPHP\Library\Think\Think.class.php 第 314 行.
NOTIC: [2] include(): Failed opening '' for inclusion (include_path='.;C:\php\pear') D:\wamp64\www\shejuyi\ThinkPHP\Library\Think\Think.class.php 第 314 行.

[ 2018-06-25T22:46:20+08:00 ] 127.0.0.1 /
INFO: [ app_init ] --START--
INFO: Run Behavior\BuildLiteBehavior [ RunTime:0.000019s ]
INFO: [ app_init ] --END-- [ RunTime:0.000972s ]
INFO: [ app_begin ] --START--
INFO: Run Behavior\ReadHtmlCacheBehavior [ RunTime:0.001763s ]
INFO: [ app_begin ] --END-- [ RunTime:0.001853s ]

[ 2018-06-25T22:46:21+08:00 ] 127.0.0.1 /index.php/Home/Origanization/index
INFO: [ app_init ] --START--
INFO: Run Behavior\BuildLiteBehavior [ RunTime:0.000029s ]
INFO: [ app_init ] --END-- [ RunTime:0.001213s ]
INFO: [ app_begin ] --START--
INFO: Run Behavior\ReadHtmlCacheBehavior [ RunTime:0.001030s ]
INFO: [ app_begin ] --END-- [ RunTime:0.001109s ]
SQL: SHOW COLUMNS FROM `sjy_origanization_user_info` [ RunTime:0.0793s ]
SQL: SELECT * FROM `sjy_origanization_user_info` WHERE `sjy_id` = 98 LIMIT 1   [ RunTime:0.0623s ]
SQL: SHOW COLUMNS FROM `sjy_project` [ RunTime:0.0717s ]
SQL: SELECT * FROM `sjy_project` WHERE `origanization_id` = 35 AND `status` BETWEEN 0 AND 99 LIMIT 1   [ RunTime:0.0673s ]
SQL: SHOW COLUMNS FROM `sjy_origanization_base_info` [ RunTime:0.0618s ]
SQL: SELECT `sjy_origanization_name` FROM `sjy_origanization_base_info` WHERE `sjy_id` = 35 LIMIT 1   [ RunTime:0.0682s ]
SQL: SHOW COLUMNS FROM `sjy_cities` [ RunTime:0.0597s ]
SQL: SELECT `city` FROM `sjy_cities` WHERE `cityid` = 110000 LIMIT 1   [ RunTime:0.0677s ]
NOTIC: [8] Undefined variable: islogin D:\wamp64\www\shejuyi\Application\Home\Controller\BaseController.class.php 第 124 行.
SQL: SELECT * FROM `sjy_project` WHERE `status` = 2 AND `origanization_id` = 35  [ RunTime:0.0726s ]
SQL: SHOW COLUMNS FROM `sjy_service_object` [ RunTime:0.0682s ]
SQL: SELECT * FROM `sjy_service_object`  [ RunTime:0.0685s ]
SQL: SHOW COLUMNS FROM `sjy_community_project_info` [ RunTime:0.0642s ]
SQL: SELECT COUNT(*) AS tp_count FROM `sjy_community_project_info` LIMIT 1   [ RunTime:0.0748s ]
SQL: SHOW COLUMNS FROM `sjy_community_base_info` [ RunTime:0.0600s ]
SQL: SELECT COUNT(*) AS tp_count FROM `sjy_community_base_info` LIMIT 1   [ RunTime:0.0611s ]
SQL: SELECT COUNT(*) AS tp_count FROM `sjy_origanization_base_info` LIMIT 1   [ RunTime:0.0678s ]
INFO: [ view_parse ] --START--
INFO: [ template_filter ] --START--
INFO: Run Behavior\ContentReplaceBehavior [ RunTime:0.002485s ]
INFO: [ template_filter ] --END-- [ RunTime:0.002611s ]
INFO: Run Behavior\ParseTemplateBehavior [ RunTime:0.049757s ]
INFO: [ view_parse ] --END-- [ RunTime:0.049886s ]
INFO: [ view_filter ] --START--
INFO: Run Behavior\WriteHtmlCacheBehavior [ RunTime:0.001703s ]
INFO: [ view_filter ] --END-- [ RunTime:0.001784s ]
INFO: [ app_end ] --START--
INFO: Run Behavior\ShowPageTraceBehavior [ RunTime:0.002342s ]
INFO: [ app_end ] --END-- [ RunTime:0.002449s ]

[ 2018-06-25T22:46:23+08:00 ] 127.0.0.1 /index.php/Home/Search/getCount?type=&search_body=
INFO: [ app_init ] --START--
INFO: Run Behavior\BuildLiteBehavior [ RunTime:0.000026s ]
INFO: [ app_init ] --END-- [ RunTime:0.000828s ]
INFO: [ app_begin ] --START--
INFO: Run Behavior\ReadHtmlCacheBehavior [ RunTime:0.003437s ]
INFO: [ app_begin ] --END-- [ RunTime:0.003610s ]
SQL: SHOW COLUMNS FROM `sjy_origanization_user_info` [ RunTime:0.0572s ]
SQL: SELECT * FROM `sjy_origanization_user_info` WHERE `sjy_id` = 98 LIMIT 1   [ RunTime:0.0672s ]
SQL: SHOW COLUMNS FROM `sjy_project` [ RunTime:0.0692s ]
SQL: SELECT * FROM `sjy_project` WHERE `origanization_id` = 35 AND `status` BETWEEN 0 AND 99 LIMIT 1   [ RunTime:0.0698s ]
SQL: SHOW COLUMNS FROM `sjy_origanization_base_info` [ RunTime:0.0645s ]
SQL: SELECT `sjy_origanization_name` FROM `sjy_origanization_base_info` WHERE `sjy_id` = 35 LIMIT 1   [ RunTime:0.0732s ]
SQL: SHOW COLUMNS FROM `sjy_cities` [ RunTime:0.0581s ]
SQL: SELECT `city` FROM `sjy_cities` WHERE `cityid` = 110000 LIMIT 1   [ RunTime:0.0726s ]
NOTIC: [8] Undefined variable: islogin D:\wamp64\www\shejuyi\Application\Home\Controller\BaseController.class.php 第 124 行.
ERR: Class 'XS' not found
NOTIC: [2] include(): Filename cannot be empty D:\wamp64\www\shejuyi\ThinkPHP\Library\Think\Think.class.php 第 314 行.
NOTIC: [2] include(): Failed opening '' for inclusion (include_path='.;C:\php\pear') D:\wamp64\www\shejuyi\ThinkPHP\Library\Think\Think.class.php 第 314 行.

[ 2018-06-25T22:46:28+08:00 ] 127.0.0.1 /index.php/Home/Project/origanizationProjectManger
INFO: [ app_init ] --START--
INFO: Run Behavior\BuildLiteBehavior [ RunTime:0.000017s ]
INFO: [ app_init ] --END-- [ RunTime:0.000489s ]
INFO: [ app_begin ] --START--
INFO: Run Behavior\ReadHtmlCacheBehavior [ RunTime:0.001465s ]
INFO: [ app_begin ] --END-- [ RunTime:0.001569s ]
SQL: SHOW COLUMNS FROM `sjy_origanization_user_info` [ RunTime:0.0601s ]
SQL: SELECT * FROM `sjy_origanization_user_info` WHERE `sjy_id` = 98 LIMIT 1   [ RunTime:0.0599s ]
SQL: SHOW COLUMNS FROM `sjy_project` [ RunTime:0.0649s ]
SQL: SELECT * FROM `sjy_project` WHERE `origanization_id` = 35 AND `status` BETWEEN 0 AND 99 LIMIT 1   [ RunTime:0.0697s ]
SQL: SHOW COLUMNS FROM `sjy_origanization_base_info` [ RunTime:0.0575s ]
SQL: SELECT `sjy_origanization_name` FROM `sjy_origanization_base_info` WHERE `sjy_id` = 35 LIMIT 1   [ RunTime:0.2260s ]
SQL: SHOW COLUMNS FROM `sjy_cities` [ RunTime:0.0729s ]
SQL: SELECT `city` FROM `sjy_cities` WHERE `cityid` = 110000 LIMIT 1   [ RunTime:0.0631s ]
NOTIC: [8] Undefined variable: islogin D:\wamp64\www\shejuyi\Application\Home\Controller\BaseController.class.php 第 124 行.
SQL: SELECT COUNT(*) AS tp_count FROM `sjy_project` WHERE `origanization_id` = 35 AND `status` = 0 LIMIT 1   [ RunTime:0.0647s ]
SQL: SELECT COUNT(*) AS tp_count FROM `sjy_project` WHERE `origanization_id` = 35 AND `status` = 1 LIMIT 1   [ RunTime:0.0721s ]
SQL: SELECT COUNT(*) AS tp_count FROM `sjy_project` WHERE `origanization_id` = 35 AND `status` = 2 LIMIT 1   [ RunTime:0.0718s ]
SQL: SELECT COUNT(*) AS tp_count FROM `sjy_project` WHERE `origanization_id` = 35 AND `status` BETWEEN 10 AND 98 LIMIT 1   [ RunTime:0.0657s ]
SQL: SELECT COUNT(*) AS tp_count FROM `sjy_project` WHERE `origanization_id` = 35 AND `status` = 99 LIMIT 1   [ RunTime:0.0656s ]
INFO: [ view_parse ] --START--
INFO: [ template_filter ] --START--
INFO: Run Behavior\ContentReplaceBehavior [ RunTime:0.000355s ]
INFO: [ template_filter ] --END-- [ RunTime:0.000448s ]
INFO: Run Behavior\ParseTemplateBehavior [ RunTime:0.023016s ]
INFO: [ view_parse ] --END-- [ RunTime:0.023147s ]
INFO: [ view_filter ] --START--
INFO: Run Behavior\WriteHtmlCacheBehavior [ RunTime:0.000890s ]
INFO: [ view_filter ] --END-- [ RunTime:0.000949s ]
INFO: [ app_end ] --START--
INFO: Run Behavior\ShowPageTraceBehavior [ RunTime:0.021802s ]
INFO: [ app_end ] --END-- [ RunTime:0.022209s ]

[ 2018-06-25T22:46:30+08:00 ] 127.0.0.1 /index.php/Home/Project/invite
INFO: [ app_init ] --START--
INFO: Run Behavior\BuildLiteBehavior [ RunTime:0.000025s ]
INFO: [ app_init ] --END-- [ RunTime:0.000811s ]
INFO: [ app_begin ] --START--
INFO: Run Behavior\ReadHtmlCacheBehavior [ RunTime:0.001144s ]
INFO: [ app_begin ] --END-- [ RunTime:0.001227s ]
SQL: SHOW COLUMNS FROM `sjy_origanization_user_info` [ RunTime:0.0618s ]
SQL: SELECT * FROM `sjy_origanization_user_info` WHERE `sjy_id` = 98 LIMIT 1   [ RunTime:0.0624s ]
SQL: SHOW COLUMNS FROM `sjy_project` [ RunTime:0.0607s ]
SQL: SELECT * FROM `sjy_project` WHERE `origanization_id` = 35 AND `status` BETWEEN 0 AND 99 LIMIT 1   [ RunTime:0.0603s ]
SQL: SHOW COLUMNS FROM `sjy_origanization_base_info` [ RunTime:0.0607s ]
SQL: SELECT `sjy_origanization_name` FROM `sjy_origanization_base_info` WHERE `sjy_id` = 35 LIMIT 1   [ RunTime:0.0613s ]
SQL: SHOW COLUMNS FROM `sjy_cities` [ RunTime:0.0689s ]
SQL: SELECT `city` FROM `sjy_cities` WHERE `cityid` = 110000 LIMIT 1   [ RunTime:0.0619s ]
NOTIC: [8] Undefined variable: islogin D:\wamp64\www\shejuyi\Application\Home\Controller\BaseController.class.php 第 124 行.
SQL: SELECT * FROM `sjy_project` WHERE `origanization_id` = 35 AND `status` = 0 ORDER BY invitate_time desc LIMIT 0,15   [ RunTime:0.0649s ]

[ 2018-06-25T22:46:31+08:00 ] 127.0.0.1 /index.php/Home/Project/completeProject
INFO: [ app_init ] --START--
INFO: Run Behavior\BuildLiteBehavior [ RunTime:0.000028s ]
INFO: [ app_init ] --END-- [ RunTime:0.000834s ]
INFO: [ app_begin ] --START--
INFO: Run Behavior\ReadHtmlCacheBehavior [ RunTime:0.001510s ]
INFO: [ app_begin ] --END-- [ RunTime:0.001619s ]
SQL: SHOW COLUMNS FROM `sjy_origanization_user_info` [ RunTime:0.0636s ]
SQL: SELECT * FROM `sjy_origanization_user_info` WHERE `sjy_id` = 98 LIMIT 1   [ RunTime:0.0650s ]
SQL: SHOW COLUMNS FROM `sjy_project` [ RunTime:0.0634s ]
SQL: SELECT * FROM `sjy_project` WHERE `origanization_id` = 35 AND `status` BETWEEN 0 AND 99 LIMIT 1   [ RunTime:0.0637s ]
SQL: SHOW COLUMNS FROM `sjy_origanization_base_info` [ RunTime:0.0664s ]
SQL: SELECT `sjy_origanization_name` FROM `sjy_origanization_base_info` WHERE `sjy_id` = 35 LIMIT 1   [ RunTime:0.0713s ]
SQL: SHOW COLUMNS FROM `sjy_cities` [ RunTime:0.0660s ]
SQL: SELECT `city` FROM `sjy_cities` WHERE `cityid` = 110000 LIMIT 1   [ RunTime:0.0951s ]
NOTIC: [8] Undefined variable: islogin D:\wamp64\www\shejuyi\Application\Home\Controller\BaseController.class.php 第 124 行.
SQL: SELECT * FROM `sjy_project` WHERE `origanization_id` = 35 AND `status` = 100 ORDER BY project_start_time desc  [ RunTime:0.0739s ]
SQL: SHOW COLUMNS FROM `sjy_community_project_info` [ RunTime:0.0680s ]
SQL: SELECT * FROM `sjy_community_project_info` WHERE `sjy_id` = 75 LIMIT 1   [ RunTime:0.0618s ]
SQL: SHOW COLUMNS FROM `sjy_community_project_image` [ RunTime:0.0559s ]
SQL: SELECT `sjy_community_project_image` FROM `sjy_community_project_image` WHERE `sjy_community_project_id` = 75 LIMIT 1   [ RunTime:0.0599s ]

[ 2018-06-25T22:46:34+08:00 ] 127.0.0.1 /index.php/Home/Project/reportBook/project_id/75
INFO: [ app_init ] --START--
INFO: Run Behavior\BuildLiteBehavior [ RunTime:0.000042s ]
INFO: [ app_init ] --END-- [ RunTime:0.001817s ]
INFO: [ app_begin ] --START--
INFO: Run Behavior\ReadHtmlCacheBehavior [ RunTime:0.001018s ]
INFO: [ app_begin ] --END-- [ RunTime:0.001114s ]
SQL: SHOW COLUMNS FROM `sjy_origanization_user_info` [ RunTime:0.0554s ]
SQL: SELECT * FROM `sjy_origanization_user_info` WHERE `sjy_id` = 98 LIMIT 1   [ RunTime:0.0735s ]
SQL: SHOW COLUMNS FROM `sjy_project` [ RunTime:0.0651s ]
SQL: SELECT * FROM `sjy_project` WHERE `origanization_id` = 35 AND `status` BETWEEN 0 AND 99 LIMIT 1   [ RunTime:0.0694s ]
SQL: SHOW COLUMNS FROM `sjy_origanization_base_info` [ RunTime:0.0744s ]
SQL: SELECT `sjy_origanization_name` FROM `sjy_origanization_base_info` WHERE `sjy_id` = 35 LIMIT 1   [ RunTime:0.0629s ]
SQL: SHOW COLUMNS FROM `sjy_cities` [ RunTime:0.0616s ]
SQL: SELECT `city` FROM `sjy_cities` WHERE `cityid` = 110000 LIMIT 1   [ RunTime:0.0595s ]
NOTIC: [8] Undefined variable: islogin D:\wamp64\www\shejuyi\Application\Home\Controller\BaseController.class.php 第 124 行.
SQL: SELECT * FROM `sjy_origanization_base_info` WHERE `sjy_id` = 35 LIMIT 1   [ RunTime:0.0696s ]
SQL: SHOW COLUMNS FROM `sjy_origanization_position_info` [ RunTime:0.0703s ]
SQL: SELECT * FROM `sjy_origanization_position_info` WHERE `sjy_origanization_id` = '35' LIMIT 1   [ RunTime:0.0694s ]
SQL: SHOW COLUMNS FROM `sjy_community_project_info` [ RunTime:0.0607s ]
SQL: SELECT * FROM `sjy_community_project_info` WHERE `sjy_id` = 75 LIMIT 1   [ RunTime:0.0787s ]
SQL: SELECT * FROM `sjy_project` WHERE `project_id` = 75 AND `origanization_id` = 35 LIMIT 1   [ RunTime:0.0720s ]
SQL: SHOW COLUMNS FROM `sjy_projectrate` [ RunTime:0.0628s ]
SQL: SELECT * FROM `sjy_projectrate` WHERE `sjy_project_id` = 75 AND `sjy_origanization_id` = 35  [ RunTime:0.0692s ]
SQL: SHOW COLUMNS FROM `sjy_community_base_info` [ RunTime:0.0641s ]
SQL: SELECT * FROM `sjy_community_base_info` WHERE `sjy_id` = 41 LIMIT 1   [ RunTime:0.0655s ]
SQL: SHOW COLUMNS FROM `sjy_community_position_info` [ RunTime:0.0619s ]
SQL: SELECT * FROM `sjy_community_position_info` WHERE `sjy_community_id` = '41' LIMIT 1   [ RunTime:0.0631s ]
INFO: [ app_end ] --START--
INFO: Run Behavior\ShowPageTraceBehavior [ RunTime:0.001791s ]
INFO: [ app_end ] --END-- [ RunTime:0.001871s ]

[ 2018-06-25T22:47:55+08:00 ] 127.0.0.1 /index.php/Home/Project/reportBook/project_id/75
INFO: [ app_init ] --START--
INFO: Run Behavior\BuildLiteBehavior [ RunTime:0.000019s ]
INFO: [ app_init ] --END-- [ RunTime:0.000801s ]
INFO: [ app_begin ] --START--
INFO: Run Behavior\ReadHtmlCacheBehavior [ RunTime:0.001441s ]
INFO: [ app_begin ] --END-- [ RunTime:0.001540s ]
SQL: SHOW COLUMNS FROM `sjy_origanization_user_info` [ RunTime:0.0668s ]
SQL: SELECT * FROM `sjy_origanization_user_info` WHERE `sjy_id` = 98 LIMIT 1   [ RunTime:0.0716s ]
SQL: SHOW COLUMNS FROM `sjy_project` [ RunTime:0.0643s ]
SQL: SELECT * FROM `sjy_project` WHERE `origanization_id` = 35 AND `status` BETWEEN 0 AND 99 LIMIT 1   [ RunTime:0.0673s ]
SQL: SHOW COLUMNS FROM `sjy_origanization_base_info` [ RunTime:0.0691s ]
SQL: SELECT `sjy_origanization_name` FROM `sjy_origanization_base_info` WHERE `sjy_id` = 35 LIMIT 1   [ RunTime:0.0690s ]
SQL: SHOW COLUMNS FROM `sjy_cities` [ RunTime:0.0592s ]
SQL: SELECT `city` FROM `sjy_cities` WHERE `cityid` = 110000 LIMIT 1   [ RunTime:0.0680s ]
NOTIC: [8] Undefined variable: islogin D:\wamp64\www\shejuyi\Application\Home\Controller\BaseController.class.php 第 124 行.
SQL: SELECT * FROM `sjy_origanization_base_info` WHERE `sjy_id` = 35 LIMIT 1   [ RunTime:0.0780s ]
SQL: SHOW COLUMNS FROM `sjy_origanization_position_info` [ RunTime:0.0634s ]
SQL: SELECT * FROM `sjy_origanization_position_info` WHERE `sjy_origanization_id` = '35' LIMIT 1   [ RunTime:0.0638s ]
SQL: SHOW COLUMNS FROM `sjy_community_project_info` [ RunTime:0.0686s ]
SQL: SELECT * FROM `sjy_community_project_info` WHERE `sjy_id` = 75 LIMIT 1   [ RunTime:0.0722s ]
SQL: SELECT * FROM `sjy_project` WHERE `project_id` = 75 AND `origanization_id` = 35 LIMIT 1   [ RunTime:0.0624s ]
SQL: SHOW COLUMNS FROM `sjy_projectrate` [ RunTime:0.0693s ]
SQL: SELECT * FROM `sjy_projectrate` WHERE `sjy_project_id` = 75 AND `sjy_origanization_id` = 35  [ RunTime:0.0694s ]
SQL: SHOW COLUMNS FROM `sjy_community_base_info` [ RunTime:0.0772s ]
SQL: SELECT * FROM `sjy_community_base_info` WHERE `sjy_id` = 41 LIMIT 1   [ RunTime:0.0664s ]
SQL: SHOW COLUMNS FROM `sjy_community_position_info` [ RunTime:0.0601s ]
SQL: SELECT * FROM `sjy_community_position_info` WHERE `sjy_community_id` = '41' LIMIT 1   [ RunTime:0.0592s ]
INFO: [ app_end ] --START--
INFO: Run Behavior\ShowPageTraceBehavior [ RunTime:0.001995s ]
INFO: [ app_end ] --END-- [ RunTime:0.002092s ]

[ 2018-06-25T22:53:20+08:00 ] 127.0.0.1 /index.php/Home/Project/reportBook/project_id/75
INFO: [ app_init ] --START--
INFO: Run Behavior\BuildLiteBehavior [ RunTime:0.000025s ]
INFO: [ app_init ] --END-- [ RunTime:0.001605s ]
INFO: [ app_begin ] --START--
INFO: Run Behavior\ReadHtmlCacheBehavior [ RunTime:0.001738s ]
INFO: [ app_begin ] --END-- [ RunTime:0.001874s ]
SQL: SHOW COLUMNS FROM `sjy_origanization_user_info` [ RunTime:0.0647s ]
SQL: SELECT * FROM `sjy_origanization_user_info` WHERE `sjy_id` = 98 LIMIT 1   [ RunTime:0.0666s ]
SQL: SHOW COLUMNS FROM `sjy_project` [ RunTime:0.0694s ]
SQL: SELECT * FROM `sjy_project` WHERE `origanization_id` = 35 AND `status` BETWEEN 0 AND 99 LIMIT 1   [ RunTime:0.0732s ]
SQL: SHOW COLUMNS FROM `sjy_origanization_base_info` [ RunTime:0.0609s ]
SQL: SELECT `sjy_origanization_name` FROM `sjy_origanization_base_info` WHERE `sjy_id` = 35 LIMIT 1   [ RunTime:0.0586s ]
SQL: SHOW COLUMNS FROM `sjy_cities` [ RunTime:0.0523s ]
SQL: SELECT `city` FROM `sjy_cities` WHERE `cityid` = 110000 LIMIT 1   [ RunTime:0.0604s ]
NOTIC: [8] Undefined variable: islogin D:\wamp64\www\shejuyi\Application\Home\Controller\BaseController.class.php 第 124 行.
SQL: SELECT * FROM `sjy_origanization_base_info` WHERE `sjy_id` = 35 LIMIT 1   [ RunTime:0.0739s ]
SQL: SHOW COLUMNS FROM `sjy_origanization_position_info` [ RunTime:0.0631s ]
SQL: SELECT * FROM `sjy_origanization_position_info` WHERE `sjy_origanization_id` = '35' LIMIT 1   [ RunTime:0.0601s ]
SQL: SHOW COLUMNS FROM `sjy_community_project_info` [ RunTime:0.0657s ]
SQL: SELECT * FROM `sjy_community_project_info` WHERE `sjy_id` = 75 LIMIT 1   [ RunTime:0.0738s ]
SQL: SELECT * FROM `sjy_project` WHERE `project_id` = 75 AND `origanization_id` = 35 LIMIT 1   [ RunTime:0.0681s ]
SQL: SHOW COLUMNS FROM `sjy_projectrate` [ RunTime:0.0522s ]
SQL: SELECT * FROM `sjy_projectrate` WHERE `sjy_project_id` = 75 AND `sjy_origanization_id` = 35  [ RunTime:0.0604s ]
SQL: SHOW COLUMNS FROM `sjy_community_base_info` [ RunTime:0.0671s ]
SQL: SELECT * FROM `sjy_community_base_info` WHERE `sjy_id` = 41 LIMIT 1   [ RunTime:0.0624s ]
SQL: SHOW COLUMNS FROM `sjy_community_position_info` [ RunTime:0.0670s ]
SQL: SELECT * FROM `sjy_community_position_info` WHERE `sjy_community_id` = '41' LIMIT 1   [ RunTime:0.0843s ]
INFO: [ app_end ] --START--
INFO: Run Behavior\ShowPageTraceBehavior [ RunTime:0.002214s ]
INFO: [ app_end ] --END-- [ RunTime:0.002307s ]

[ 2018-06-25T22:59:05+08:00 ] 127.0.0.1 /index.php/Home/Project/reportBook/project_id/75
INFO: [ app_init ] --START--
INFO: Run Behavior\BuildLiteBehavior [ RunTime:0.000021s ]
INFO: [ app_init ] --END-- [ RunTime:0.000756s ]
INFO: [ app_begin ] --START--
INFO: Run Behavior\ReadHtmlCacheBehavior [ RunTime:0.001387s ]
INFO: [ app_begin ] --END-- [ RunTime:0.001484s ]
SQL: SHOW COLUMNS FROM `sjy_origanization_user_info` [ RunTime:0.0771s ]
SQL: SELECT * FROM `sjy_origanization_user_info` WHERE `sjy_id` = 98 LIMIT 1   [ RunTime:0.0711s ]
SQL: SHOW COLUMNS FROM `sjy_project` [ RunTime:0.0612s ]
SQL: SELECT * FROM `sjy_project` WHERE `origanization_id` = 35 AND `status` BETWEEN 0 AND 99 LIMIT 1   [ RunTime:0.0693s ]
SQL: SHOW COLUMNS FROM `sjy_origanization_base_info` [ RunTime:0.0582s ]
SQL: SELECT `sjy_origanization_name` FROM `sjy_origanization_base_info` WHERE `sjy_id` = 35 LIMIT 1   [ RunTime:0.0701s ]
SQL: SHOW COLUMNS FROM `sjy_cities` [ RunTime:0.0672s ]
SQL: SELECT `city` FROM `sjy_cities` WHERE `cityid` = 110000 LIMIT 1   [ RunTime:0.0632s ]
NOTIC: [8] Undefined variable: islogin D:\wamp64\www\shejuyi\Application\Home\Controller\BaseController.class.php 第 124 行.
SQL: SELECT * FROM `sjy_origanization_base_info` WHERE `sjy_id` = 35 LIMIT 1   [ RunTime:0.0633s ]
SQL: SHOW COLUMNS FROM `sjy_origanization_position_info` [ RunTime:0.0682s ]
SQL: SELECT * FROM `sjy_origanization_position_info` WHERE `sjy_origanization_id` = '35' LIMIT 1   [ RunTime:0.0770s ]
SQL: SHOW COLUMNS FROM `sjy_community_project_info` [ RunTime:0.0709s ]
SQL: SELECT * FROM `sjy_community_project_info` WHERE `sjy_id` = 75 LIMIT 1   [ RunTime:0.1036s ]
SQL: SELECT * FROM `sjy_project` WHERE `project_id` = 75 AND `origanization_id` = 35 LIMIT 1   [ RunTime:0.0826s ]
SQL: SHOW COLUMNS FROM `sjy_projectrate` [ RunTime:0.0623s ]
SQL: SELECT * FROM `sjy_projectrate` WHERE `sjy_project_id` = 75 AND `sjy_origanization_id` = 35  [ RunTime:0.0748s ]
SQL: SHOW COLUMNS FROM `sjy_community_base_info` [ RunTime:0.0639s ]
SQL: SELECT * FROM `sjy_community_base_info` WHERE `sjy_id` = 41 LIMIT 1   [ RunTime:0.0709s ]
SQL: SHOW COLUMNS FROM `sjy_community_position_info` [ RunTime:0.0664s ]
SQL: SELECT * FROM `sjy_community_position_info` WHERE `sjy_community_id` = '41' LIMIT 1   [ RunTime:0.0771s ]
INFO: [ app_end ] --START--
INFO: Run Behavior\ShowPageTraceBehavior [ RunTime:0.004438s ]
INFO: [ app_end ] --END-- [ RunTime:0.004523s ]

