[ 2018-04-04T15:07:39+08:00 ] 127.0.0.1 /index.php/Home/Project/displayCommunityTendPorject?origanization_id=24
INFO: [ app_init ] --START--
INFO: Run Behavior\BuildLiteBehavior [ RunTime:0.000000s ]
INFO: [ app_init ] --END-- [ RunTime:0.001000s ]
INFO: [ app_begin ] --START--
INFO: Run Behavior\ReadHtmlCacheBehavior [ RunTime:0.002000s ]
INFO: [ app_begin ] --END-- [ RunTime:0.002000s ]
SQL: SHOW COLUMNS FROM `sjy_community_user_info` [ RunTime:0.0780s ]
SQL: SELECT * FROM `sjy_community_user_info` WHERE `sjy_id` = 57 LIMIT 1   [ RunTime:0.0510s ]
SQL: SHOW COLUMNS FROM `sjy_project` [ RunTime:0.0830s ]
SQL: SELECT * FROM `sjy_project` WHERE `community_id` = 30 AND `status` BETWEEN 1 AND 99 LIMIT 1   [ RunTime:0.0760s ]
SQL: SHOW COLUMNS FROM `sjy_cities` [ RunTime:0.0740s ]
SQL: SELECT `city` FROM `sjy_cities` WHERE `cityid` = 110000 LIMIT 1   [ RunTime:0.0740s ]
NOTIC: [8] Undefined variable: islogin C:\wamp64\www\shejuyi\Application\Home\Controller\BaseController.class.php 第 118 行.
SQL: SHOW COLUMNS FROM `sjy_origanization_base_info` [ RunTime:0.0580s ]
SQL: SELECT `sjy_origanization_name` FROM `sjy_origanization_base_info` WHERE `sjy_id` = 24 LIMIT 1   [ RunTime:0.0710s ]
INFO: [ view_parse ] --START--
INFO: [ template_filter ] --START--
INFO: Run Behavior\ContentReplaceBehavior [ RunTime:0.000000s ]
INFO: [ template_filter ] --END-- [ RunTime:0.000000s ]
INFO: Run Behavior\ParseTemplateBehavior [ RunTime:0.014000s ]
INFO: [ view_parse ] --END-- [ RunTime:0.014000s ]
INFO: [ view_filter ] --START--
INFO: Run Behavior\WriteHtmlCacheBehavior [ RunTime:0.002000s ]
INFO: [ view_filter ] --END-- [ RunTime:0.002000s ]
INFO: [ app_end ] --START--
INFO: Run Behavior\ShowPageTraceBehavior [ RunTime:0.001000s ]
INFO: [ app_end ] --END-- [ RunTime:0.001000s ]

[ 2018-04-04T15:07:41+08:00 ] 127.0.0.1 /index.php/Home/Project/communityTenderProject
INFO: [ app_init ] --START--
INFO: Run Behavior\BuildLiteBehavior [ RunTime:0.000000s ]
INFO: [ app_init ] --END-- [ RunTime:0.001000s ]
INFO: [ app_begin ] --START--
INFO: Run Behavior\ReadHtmlCacheBehavior [ RunTime:0.002000s ]
INFO: [ app_begin ] --END-- [ RunTime:0.002000s ]
SQL: SHOW COLUMNS FROM `sjy_community_user_info` [ RunTime:0.0790s ]
SQL: SELECT * FROM `sjy_community_user_info` WHERE `sjy_id` = 57 LIMIT 1   [ RunTime:0.0990s ]
SQL: SHOW COLUMNS FROM `sjy_project` [ RunTime:0.0580s ]
SQL: SELECT * FROM `sjy_project` WHERE `community_id` = 30 AND `status` BETWEEN 1 AND 99 LIMIT 1   [ RunTime:0.0780s ]
SQL: SHOW COLUMNS FROM `sjy_cities` [ RunTime:0.0800s ]
SQL: SELECT `city` FROM `sjy_cities` WHERE `cityid` = 110000 LIMIT 1   [ RunTime:0.0570s ]
NOTIC: [8] Undefined variable: islogin C:\wamp64\www\shejuyi\Application\Home\Controller\BaseController.class.php 第 118 行.
SQL: SHOW COLUMNS FROM `sjy_community_project_info` [ RunTime:0.0620s ]
SQL: SELECT * FROM `sjy_community_project_info` WHERE `sjy_community_project_status` = 0 AND `sjy_community_project_collect_start_time` < '2018-04-04' AND `sjy_community_project_start_time` > '2018-04-04' LIMIT 0,15   [ RunTime:0.0720s ]
SQL: SHOW COLUMNS FROM `sjy_community_project_image` [ RunTime:0.0550s ]
SQL: SELECT * FROM `sjy_community_project_image` WHERE `sjy_community_project_id` = 42 LIMIT 1   [ RunTime:0.0790s ]
SQL: SELECT * FROM `sjy_community_project_image` WHERE `sjy_community_project_id` = 43 LIMIT 1   [ RunTime:0.0640s ]
SQL: SELECT * FROM `sjy_community_project_image` WHERE `sjy_community_project_id` = 44 LIMIT 1   [ RunTime:0.0640s ]
SQL: SELECT * FROM `sjy_community_project_image` WHERE `sjy_community_project_id` = 45 LIMIT 1   [ RunTime:0.0450s ]
SQL: SELECT * FROM `sjy_community_project_image` WHERE `sjy_community_project_id` = 46 LIMIT 1   [ RunTime:0.0760s ]
SQL: SELECT COUNT(*) AS tp_count FROM `sjy_community_project_info` WHERE `sjy_community_project_status` = 0 AND `sjy_community_project_collect_start_time` < '2018-04-04' AND `sjy_community_project_start_time` > '2018-04-04' LIMIT 1   [ RunTime:0.0700s ]

[ 2018-04-04T15:07:45+08:00 ] 127.0.0.1 /index.php/Home/Project/inviteOriganization
INFO: [ app_init ] --START--
INFO: Run Behavior\BuildLiteBehavior [ RunTime:0.000000s ]
INFO: [ app_init ] --END-- [ RunTime:0.001000s ]
INFO: [ app_begin ] --START--
INFO: Run Behavior\ReadHtmlCacheBehavior [ RunTime:0.002000s ]
INFO: [ app_begin ] --END-- [ RunTime:0.002000s ]
SQL: SHOW COLUMNS FROM `sjy_community_user_info` [ RunTime:0.0820s ]
SQL: SELECT * FROM `sjy_community_user_info` WHERE `sjy_id` = 57 LIMIT 1   [ RunTime:0.0860s ]
SQL: SHOW COLUMNS FROM `sjy_project` [ RunTime:0.0880s ]
SQL: SELECT * FROM `sjy_project` WHERE `community_id` = 30 AND `status` BETWEEN 1 AND 99 LIMIT 1   [ RunTime:0.0720s ]
SQL: SHOW COLUMNS FROM `sjy_cities` [ RunTime:0.0560s ]
SQL: SELECT `city` FROM `sjy_cities` WHERE `cityid` = 110000 LIMIT 1   [ RunTime:0.0940s ]
NOTIC: [8] Undefined variable: islogin C:\wamp64\www\shejuyi\Application\Home\Controller\BaseController.class.php 第 118 行.
SQL: SHOW COLUMNS FROM `sjy_project` [ RunTime:0.0570s ]
SQL: SELECT * FROM `sjy_project` WHERE `project_id` = 43 AND `community_id` = 30 AND `origanization_id` = 24 AND `status` = 0 LIMIT 1   [ RunTime:0.0790s ]
SQL: SELECT * FROM `sjy_project` WHERE `project_id` = 43 AND `community_id` = 30 AND `origanization_id` = 24 AND `status` = 1 LIMIT 1   [ RunTime:0.0740s ]
SQL: INSERT INTO `sjy_project` (`project_id`,`community_id`,`status`,`invitate_time`,`origanization_id`) VALUES ('43','30','0','2018-04-04 15:07:45','24') [ RunTime:0.2020s ]

[ 2018-04-04T15:07:54+08:00 ] 127.0.0.1 /index.php/Home/Project/displayCommunityTendPorject?origanization_id=24
INFO: [ app_init ] --START--
INFO: Run Behavior\BuildLiteBehavior [ RunTime:0.000000s ]
INFO: [ app_init ] --END-- [ RunTime:0.001000s ]
INFO: [ app_begin ] --START--
INFO: Run Behavior\ReadHtmlCacheBehavior [ RunTime:0.002000s ]
INFO: [ app_begin ] --END-- [ RunTime:0.002000s ]
SQL: SHOW COLUMNS FROM `sjy_community_user_info` [ RunTime:0.0940s ]
SQL: SELECT * FROM `sjy_community_user_info` WHERE `sjy_id` = 57 LIMIT 1   [ RunTime:0.0710s ]
SQL: SHOW COLUMNS FROM `sjy_project` [ RunTime:0.0560s ]
SQL: SELECT * FROM `sjy_project` WHERE `community_id` = 30 AND `status` BETWEEN 1 AND 99 LIMIT 1   [ RunTime:0.0760s ]
SQL: SHOW COLUMNS FROM `sjy_cities` [ RunTime:0.0950s ]
SQL: SELECT `city` FROM `sjy_cities` WHERE `cityid` = 110000 LIMIT 1   [ RunTime:0.0880s ]
NOTIC: [8] Undefined variable: islogin C:\wamp64\www\shejuyi\Application\Home\Controller\BaseController.class.php 第 118 行.
SQL: SHOW COLUMNS FROM `sjy_origanization_base_info` [ RunTime:0.0670s ]
SQL: SELECT `sjy_origanization_name` FROM `sjy_origanization_base_info` WHERE `sjy_id` = 24 LIMIT 1   [ RunTime:0.0490s ]
INFO: [ view_parse ] --START--
INFO: [ template_filter ] --START--
INFO: Run Behavior\ContentReplaceBehavior [ RunTime:0.000000s ]
INFO: [ template_filter ] --END-- [ RunTime:0.000000s ]
INFO: Run Behavior\ParseTemplateBehavior [ RunTime:0.012000s ]
INFO: [ view_parse ] --END-- [ RunTime:0.012000s ]
INFO: [ view_filter ] --START--
INFO: Run Behavior\WriteHtmlCacheBehavior [ RunTime:0.001000s ]
INFO: [ view_filter ] --END-- [ RunTime:0.001000s ]
INFO: [ app_end ] --START--
INFO: Run Behavior\ShowPageTraceBehavior [ RunTime:0.002000s ]
INFO: [ app_end ] --END-- [ RunTime:0.002000s ]

[ 2018-04-04T15:07:57+08:00 ] 127.0.0.1 /index.php/Home/Project/communityTenderProject
INFO: [ app_init ] --START--
INFO: Run Behavior\BuildLiteBehavior [ RunTime:0.001000s ]
INFO: [ app_init ] --END-- [ RunTime:0.001000s ]
INFO: [ app_begin ] --START--
INFO: Run Behavior\ReadHtmlCacheBehavior [ RunTime:0.002000s ]
INFO: [ app_begin ] --END-- [ RunTime:0.002000s ]
SQL: SHOW COLUMNS FROM `sjy_community_user_info` [ RunTime:0.0880s ]
SQL: SELECT * FROM `sjy_community_user_info` WHERE `sjy_id` = 57 LIMIT 1   [ RunTime:0.0710s ]
SQL: SHOW COLUMNS FROM `sjy_project` [ RunTime:0.3910s ]
SQL: SELECT * FROM `sjy_project` WHERE `community_id` = 30 AND `status` BETWEEN 1 AND 99 LIMIT 1   [ RunTime:0.0650s ]
SQL: SHOW COLUMNS FROM `sjy_cities` [ RunTime:0.0570s ]
SQL: SELECT `city` FROM `sjy_cities` WHERE `cityid` = 110000 LIMIT 1   [ RunTime:0.0790s ]
NOTIC: [8] Undefined variable: islogin C:\wamp64\www\shejuyi\Application\Home\Controller\BaseController.class.php 第 118 行.
SQL: SHOW COLUMNS FROM `sjy_community_project_info` [ RunTime:0.3210s ]
SQL: SELECT * FROM `sjy_community_project_info` WHERE `sjy_community_project_status` = 0 AND `sjy_community_project_collect_start_time` < '2018-04-04' AND `sjy_community_project_start_time` > '2018-04-04' LIMIT 0,15   [ RunTime:0.0840s ]
SQL: SHOW COLUMNS FROM `sjy_community_project_image` [ RunTime:0.0780s ]
SQL: SELECT * FROM `sjy_community_project_image` WHERE `sjy_community_project_id` = 42 LIMIT 1   [ RunTime:0.0630s ]
SQL: SELECT * FROM `sjy_community_project_image` WHERE `sjy_community_project_id` = 43 LIMIT 1   [ RunTime:0.3980s ]
SQL: SELECT * FROM `sjy_community_project_image` WHERE `sjy_community_project_id` = 44 LIMIT 1   [ RunTime:0.0580s ]
SQL: SELECT * FROM `sjy_community_project_image` WHERE `sjy_community_project_id` = 45 LIMIT 1   [ RunTime:0.1200s ]
SQL: SELECT * FROM `sjy_community_project_image` WHERE `sjy_community_project_id` = 46 LIMIT 1   [ RunTime:0.0680s ]
SQL: SELECT COUNT(*) AS tp_count FROM `sjy_community_project_info` WHERE `sjy_community_project_status` = 0 AND `sjy_community_project_collect_start_time` < '2018-04-04' AND `sjy_community_project_start_time` > '2018-04-04' LIMIT 1   [ RunTime:0.0720s ]

[ 2018-04-04T15:09:53+08:00 ] 127.0.0.1 /index.php/Home/Project/communityProjectManger
INFO: [ app_init ] --START--
INFO: Run Behavior\BuildLiteBehavior [ RunTime:0.000000s ]
INFO: [ app_init ] --END-- [ RunTime:0.001000s ]
INFO: [ app_begin ] --START--
INFO: Run Behavior\ReadHtmlCacheBehavior [ RunTime:0.002000s ]
INFO: [ app_begin ] --END-- [ RunTime:0.002000s ]
SQL: SHOW COLUMNS FROM `sjy_community_user_info` [ RunTime:0.0590s ]
SQL: SELECT * FROM `sjy_community_user_info` WHERE `sjy_id` = 57 LIMIT 1   [ RunTime:0.0690s ]
SQL: SHOW COLUMNS FROM `sjy_project` [ RunTime:0.1090s ]
SQL: SELECT * FROM `sjy_project` WHERE `community_id` = 30 AND `status` BETWEEN 1 AND 99 LIMIT 1   [ RunTime:0.0800s ]
SQL: SHOW COLUMNS FROM `sjy_cities` [ RunTime:0.0830s ]
SQL: SELECT `city` FROM `sjy_cities` WHERE `cityid` = 110000 LIMIT 1   [ RunTime:0.0660s ]
NOTIC: [8] Undefined variable: islogin C:\wamp64\www\shejuyi\Application\Home\Controller\BaseController.class.php 第 118 行.
SQL: SELECT COUNT(*) AS tp_count FROM `sjy_project` WHERE `community_id` = 30 AND `status` = 1 LIMIT 1   [ RunTime:0.0670s ]
SQL: SELECT COUNT(*) AS tp_count FROM `sjy_project` WHERE `community_id` = 30 AND `status` = 2 LIMIT 1   [ RunTime:0.0670s ]
SQL: SELECT COUNT(*) AS tp_count FROM `sjy_project` WHERE `community_id` = 30 AND `status` BETWEEN 10 AND 98 LIMIT 1   [ RunTime:0.0700s ]
SQL: SELECT COUNT(*) AS tp_count FROM `sjy_project` WHERE `community_id` = 30 AND `status` = 99 LIMIT 1   [ RunTime:0.0710s ]
INFO: [ view_parse ] --START--
INFO: [ template_filter ] --START--
INFO: Run Behavior\ContentReplaceBehavior [ RunTime:0.001000s ]
INFO: [ template_filter ] --END-- [ RunTime:0.001000s ]
INFO: Run Behavior\ParseTemplateBehavior [ RunTime:0.046001s ]
INFO: [ view_parse ] --END-- [ RunTime:0.046001s ]
INFO: [ view_filter ] --START--
INFO: Run Behavior\WriteHtmlCacheBehavior [ RunTime:0.001000s ]
INFO: [ view_filter ] --END-- [ RunTime:0.001000s ]
INFO: [ app_end ] --START--
INFO: Run Behavior\ShowPageTraceBehavior [ RunTime:0.003000s ]
INFO: [ app_end ] --END-- [ RunTime:0.003000s ]

[ 2018-04-04T15:09:55+08:00 ] 127.0.0.1 /index.php/Home/Project/communityTenderProject
INFO: [ app_init ] --START--
INFO: Run Behavior\BuildLiteBehavior [ RunTime:0.000000s ]
INFO: [ app_init ] --END-- [ RunTime:0.001000s ]
INFO: [ app_begin ] --START--
INFO: Run Behavior\ReadHtmlCacheBehavior [ RunTime:0.002000s ]
INFO: [ app_begin ] --END-- [ RunTime:0.003000s ]
SQL: SHOW COLUMNS FROM `sjy_community_user_info` [ RunTime:0.0670s ]
SQL: SELECT * FROM `sjy_community_user_info` WHERE `sjy_id` = 57 LIMIT 1   [ RunTime:0.0740s ]
SQL: SHOW COLUMNS FROM `sjy_project` [ RunTime:0.0480s ]
SQL: SELECT * FROM `sjy_project` WHERE `community_id` = 30 AND `status` BETWEEN 1 AND 99 LIMIT 1   [ RunTime:0.0710s ]
SQL: SHOW COLUMNS FROM `sjy_cities` [ RunTime:0.0800s ]
SQL: SELECT `city` FROM `sjy_cities` WHERE `cityid` = 110000 LIMIT 1   [ RunTime:0.0840s ]
NOTIC: [8] Undefined variable: islogin C:\wamp64\www\shejuyi\Application\Home\Controller\BaseController.class.php 第 118 行.
SQL: SHOW COLUMNS FROM `sjy_community_project_info` [ RunTime:0.0670s ]
SQL: SELECT * FROM `sjy_community_project_info` WHERE `sjy_community_project_status` = 0 AND `sjy_community_project_collect_start_time` < '2018-04-04' AND `sjy_community_project_start_time` > '2018-04-04' LIMIT 0,15   [ RunTime:0.0720s ]
SQL: SHOW COLUMNS FROM `sjy_community_project_image` [ RunTime:0.0720s ]
SQL: SELECT * FROM `sjy_community_project_image` WHERE `sjy_community_project_id` = 42 LIMIT 1   [ RunTime:0.0630s ]
SQL: SELECT * FROM `sjy_community_project_image` WHERE `sjy_community_project_id` = 43 LIMIT 1   [ RunTime:0.1150s ]
SQL: SELECT * FROM `sjy_community_project_image` WHERE `sjy_community_project_id` = 44 LIMIT 1   [ RunTime:0.0570s ]
SQL: SELECT * FROM `sjy_community_project_image` WHERE `sjy_community_project_id` = 45 LIMIT 1   [ RunTime:0.0870s ]
SQL: SELECT * FROM `sjy_community_project_image` WHERE `sjy_community_project_id` = 46 LIMIT 1   [ RunTime:0.0730s ]
SQL: SELECT COUNT(*) AS tp_count FROM `sjy_community_project_info` WHERE `sjy_community_project_status` = 0 AND `sjy_community_project_collect_start_time` < '2018-04-04' AND `sjy_community_project_start_time` > '2018-04-04' LIMIT 1   [ RunTime:0.0440s ]

[ 2018-04-04T15:09:56+08:00 ] 127.0.0.1 /index.php/Home/Project/waitOriganizationStart
INFO: [ app_init ] --START--
INFO: Run Behavior\BuildLiteBehavior [ RunTime:0.000000s ]
INFO: [ app_init ] --END-- [ RunTime:0.001000s ]
INFO: [ app_begin ] --START--
INFO: Run Behavior\ReadHtmlCacheBehavior [ RunTime:0.001000s ]
INFO: [ app_begin ] --END-- [ RunTime:0.001000s ]
SQL: SHOW COLUMNS FROM `sjy_community_user_info` [ RunTime:0.0800s ]
SQL: SELECT * FROM `sjy_community_user_info` WHERE `sjy_id` = 57 LIMIT 1   [ RunTime:0.0710s ]
SQL: SHOW COLUMNS FROM `sjy_project` [ RunTime:0.0730s ]
SQL: SELECT * FROM `sjy_project` WHERE `community_id` = 30 AND `status` BETWEEN 1 AND 99 LIMIT 1   [ RunTime:0.0630s ]
SQL: SHOW COLUMNS FROM `sjy_cities` [ RunTime:0.0640s ]
SQL: SELECT `city` FROM `sjy_cities` WHERE `cityid` = 110000 LIMIT 1   [ RunTime:0.0450s ]
NOTIC: [8] Undefined variable: islogin C:\wamp64\www\shejuyi\Application\Home\Controller\BaseController.class.php 第 118 行.
SQL: SELECT * FROM `sjy_project` WHERE `community_id` = 30 AND `status` = 2  [ RunTime:0.0810s ]

