[ 2018-04-02T17:59:34+08:00 ] 127.0.0.1 /index.php/Home/Home/displayOriganizationHome/id/24
INFO: [ app_init ] --START--
INFO: Run Behavior\BuildLiteBehavior [ RunTime:0.000014s ]
INFO: [ app_init ] --END-- [ RunTime:0.000475s ]
INFO: [ app_begin ] --START--
INFO: Run Behavior\ReadHtmlCacheBehavior [ RunTime:0.000920s ]
INFO: [ app_begin ] --END-- [ RunTime:0.000995s ]
SQL: SHOW COLUMNS FROM `sjy_community_user_info` [ RunTime:0.0641s ]
SQL: SELECT * FROM `sjy_community_user_info` WHERE `sjy_id` = 57 LIMIT 1   [ RunTime:0.0720s ]
SQL: SHOW COLUMNS FROM `sjy_project` [ RunTime:0.0446s ]
SQL: SELECT * FROM `sjy_project` WHERE `community_id` = 30 AND `status` BETWEEN 1 AND 99 LIMIT 1   [ RunTime:0.0787s ]
SQL: SHOW COLUMNS FROM `sjy_cities` [ RunTime:0.0561s ]
SQL: SELECT `city` FROM `sjy_cities` WHERE `cityid` = 110000 LIMIT 1   [ RunTime:0.0584s ]
NOTIC: [8] Undefined variable: islogin C:\xampp\htdocs\shejuyi\Application\Home\Controller\BaseController.class.php 第 118 行.
INFO: [ view_parse ] --START--
INFO: [ template_filter ] --START--
INFO: Run Behavior\ContentReplaceBehavior [ RunTime:0.000311s ]
INFO: [ template_filter ] --END-- [ RunTime:0.000442s ]
INFO: Run Behavior\ParseTemplateBehavior [ RunTime:0.070506s ]
INFO: [ view_parse ] --END-- [ RunTime:0.070566s ]
INFO: [ view_filter ] --START--
INFO: Run Behavior\WriteHtmlCacheBehavior [ RunTime:0.000731s ]
INFO: [ view_filter ] --END-- [ RunTime:0.000768s ]
INFO: [ app_end ] --START--
INFO: Run Behavior\ShowPageTraceBehavior [ RunTime:0.000862s ]
INFO: [ app_end ] --END-- [ RunTime:0.000913s ]

[ 2018-04-02T17:59:35+08:00 ] 127.0.0.1 /index.php/Home/Home/getOriganizationInfo?id=24
INFO: [ app_init ] --START--
INFO: Run Behavior\BuildLiteBehavior [ RunTime:0.000012s ]
INFO: [ app_init ] --END-- [ RunTime:0.000358s ]
INFO: [ app_begin ] --START--
INFO: Run Behavior\ReadHtmlCacheBehavior [ RunTime:0.000534s ]
INFO: [ app_begin ] --END-- [ RunTime:0.000571s ]
SQL: SHOW COLUMNS FROM `sjy_community_user_info` [ RunTime:0.0649s ]
SQL: SELECT * FROM `sjy_community_user_info` WHERE `sjy_id` = 57 LIMIT 1   [ RunTime:0.0437s ]
SQL: SHOW COLUMNS FROM `sjy_project` [ RunTime:0.0509s ]
SQL: SELECT * FROM `sjy_project` WHERE `community_id` = 30 AND `status` BETWEEN 1 AND 99 LIMIT 1   [ RunTime:0.0436s ]
SQL: SHOW COLUMNS FROM `sjy_cities` [ RunTime:0.0504s ]
SQL: SELECT `city` FROM `sjy_cities` WHERE `cityid` = 110000 LIMIT 1   [ RunTime:0.0429s ]
NOTIC: [8] Undefined variable: islogin C:\xampp\htdocs\shejuyi\Application\Home\Controller\BaseController.class.php 第 118 行.
SQL: SHOW COLUMNS FROM `sjy_origanization_base_info` [ RunTime:0.0507s ]
SQL: SELECT * FROM `sjy_origanization_base_info` WHERE `sjy_id` = 24 LIMIT 1   [ RunTime:0.0431s ]
SQL: SHOW COLUMNS FROM `sjy_origanization_position_info` [ RunTime:0.0454s ]
SQL: SELECT * FROM `sjy_origanization_position_info` WHERE `sjy_origanization_id` = '24' LIMIT 1   [ RunTime:0.0921s ]
SQL: SHOW COLUMNS FROM `sjy_origanization_images` [ RunTime:0.0643s ]
SQL: SELECT `sjy_origanization_images` FROM `sjy_origanization_images` WHERE `sjy_origanization_code` = '24' LIMIT 1   [ RunTime:0.0496s ]

[ 2018-04-02T17:59:37+08:00 ] 127.0.0.1 /index.php/Home/Project/completeProject?id=24
INFO: [ app_init ] --START--
INFO: Run Behavior\BuildLiteBehavior [ RunTime:0.000012s ]
INFO: [ app_init ] --END-- [ RunTime:0.000346s ]
INFO: [ app_begin ] --START--
INFO: Run Behavior\ReadHtmlCacheBehavior [ RunTime:0.000544s ]
INFO: [ app_begin ] --END-- [ RunTime:0.000583s ]
SQL: SHOW COLUMNS FROM `sjy_community_user_info` [ RunTime:0.0451s ]
SQL: SELECT * FROM `sjy_community_user_info` WHERE `sjy_id` = 57 LIMIT 1   [ RunTime:0.0500s ]
SQL: SHOW COLUMNS FROM `sjy_project` [ RunTime:0.0569s ]
SQL: SELECT * FROM `sjy_project` WHERE `community_id` = 30 AND `status` BETWEEN 1 AND 99 LIMIT 1   [ RunTime:0.0791s ]
SQL: SHOW COLUMNS FROM `sjy_cities` [ RunTime:0.0722s ]
SQL: SELECT `city` FROM `sjy_cities` WHERE `cityid` = 110000 LIMIT 1   [ RunTime:0.0629s ]
NOTIC: [8] Undefined variable: islogin C:\xampp\htdocs\shejuyi\Application\Home\Controller\BaseController.class.php 第 118 行.
NOTIC: [8] Undefined index: sjy_origanization_user_origanization_code C:\xampp\htdocs\shejuyi\Application\Home\Controller\ProjectController.class.php 第 331 行.
SQL: SELECT * FROM `sjy_project` WHERE `origanization_id` = null AND `status` = 100 ORDER BY project_start_time desc  [ RunTime:0.0653s ]

[ 2018-04-02T17:59:44+08:00 ] 127.0.0.1 /index.php/Home/Project/completeProject?id=24
INFO: [ app_init ] --START--
INFO: Run Behavior\BuildLiteBehavior [ RunTime:0.000012s ]
INFO: [ app_init ] --END-- [ RunTime:0.000350s ]
INFO: [ app_begin ] --START--
INFO: Run Behavior\ReadHtmlCacheBehavior [ RunTime:0.000533s ]
INFO: [ app_begin ] --END-- [ RunTime:0.000571s ]
SQL: SHOW COLUMNS FROM `sjy_community_user_info` [ RunTime:0.0583s ]
SQL: SELECT * FROM `sjy_community_user_info` WHERE `sjy_id` = 57 LIMIT 1   [ RunTime:0.0701s ]
SQL: SHOW COLUMNS FROM `sjy_project` [ RunTime:0.0445s ]
SQL: SELECT * FROM `sjy_project` WHERE `community_id` = 30 AND `status` BETWEEN 1 AND 99 LIMIT 1   [ RunTime:0.0788s ]
SQL: SHOW COLUMNS FROM `sjy_cities` [ RunTime:0.0437s ]
SQL: SELECT `city` FROM `sjy_cities` WHERE `cityid` = 110000 LIMIT 1   [ RunTime:0.0720s ]
NOTIC: [8] Undefined variable: islogin C:\xampp\htdocs\shejuyi\Application\Home\Controller\BaseController.class.php 第 118 行.
NOTIC: [8] Undefined index: sjy_origanization_user_origanization_code C:\xampp\htdocs\shejuyi\Application\Home\Controller\ProjectController.class.php 第 331 行.
SQL: SELECT * FROM `sjy_project` WHERE `origanization_id` = null AND `status` = 100 ORDER BY project_start_time desc  [ RunTime:0.0650s ]

[ 2018-04-02T18:01:03+08:00 ] 127.0.0.1 /index.php/Home/Home/displayOriganizationHome/id/24
INFO: [ app_init ] --START--
INFO: Run Behavior\BuildLiteBehavior [ RunTime:0.000015s ]
INFO: [ app_init ] --END-- [ RunTime:0.000450s ]
INFO: [ app_begin ] --START--
INFO: Run Behavior\ReadHtmlCacheBehavior [ RunTime:0.001290s ]
INFO: [ app_begin ] --END-- [ RunTime:0.001337s ]
SQL: SHOW COLUMNS FROM `sjy_community_user_info` [ RunTime:0.0882s ]
SQL: SELECT * FROM `sjy_community_user_info` WHERE `sjy_id` = 57 LIMIT 1   [ RunTime:0.0431s ]
SQL: SHOW COLUMNS FROM `sjy_project` [ RunTime:0.0648s ]
SQL: SELECT * FROM `sjy_project` WHERE `community_id` = 30 AND `status` BETWEEN 1 AND 99 LIMIT 1   [ RunTime:0.0706s ]
SQL: SHOW COLUMNS FROM `sjy_cities` [ RunTime:0.0444s ]
SQL: SELECT `city` FROM `sjy_cities` WHERE `cityid` = 110000 LIMIT 1   [ RunTime:0.0433s ]
NOTIC: [8] Undefined variable: islogin C:\xampp\htdocs\shejuyi\Application\Home\Controller\BaseController.class.php 第 118 行.
INFO: [ view_parse ] --START--
INFO: [ template_filter ] --START--
INFO: Run Behavior\ContentReplaceBehavior [ RunTime:0.000318s ]
INFO: [ template_filter ] --END-- [ RunTime:0.000404s ]
INFO: Run Behavior\ParseTemplateBehavior [ RunTime:0.070660s ]
INFO: [ view_parse ] --END-- [ RunTime:0.070744s ]
INFO: [ view_filter ] --START--
INFO: Run Behavior\WriteHtmlCacheBehavior [ RunTime:0.000517s ]
INFO: [ view_filter ] --END-- [ RunTime:0.000553s ]
INFO: [ app_end ] --START--
INFO: Run Behavior\ShowPageTraceBehavior [ RunTime:0.000646s ]
INFO: [ app_end ] --END-- [ RunTime:0.000714s ]

[ 2018-04-02T18:01:04+08:00 ] 127.0.0.1 /index.php/Home/Home/getOriganizationInfo?id=24
INFO: [ app_init ] --START--
INFO: Run Behavior\BuildLiteBehavior [ RunTime:0.000014s ]
INFO: [ app_init ] --END-- [ RunTime:0.000401s ]
INFO: [ app_begin ] --START--
INFO: Run Behavior\ReadHtmlCacheBehavior [ RunTime:0.000684s ]
INFO: [ app_begin ] --END-- [ RunTime:0.000742s ]
SQL: SHOW COLUMNS FROM `sjy_community_user_info` [ RunTime:0.0508s ]
SQL: SELECT * FROM `sjy_community_user_info` WHERE `sjy_id` = 57 LIMIT 1   [ RunTime:0.0547s ]
SQL: SHOW COLUMNS FROM `sjy_project` [ RunTime:0.0410s ]
SQL: SELECT * FROM `sjy_project` WHERE `community_id` = 30 AND `status` BETWEEN 1 AND 99 LIMIT 1   [ RunTime:0.0440s ]
SQL: SHOW COLUMNS FROM `sjy_cities` [ RunTime:0.0707s ]
SQL: SELECT `city` FROM `sjy_cities` WHERE `cityid` = 110000 LIMIT 1   [ RunTime:0.0442s ]
NOTIC: [8] Undefined variable: islogin C:\xampp\htdocs\shejuyi\Application\Home\Controller\BaseController.class.php 第 118 行.
SQL: SHOW COLUMNS FROM `sjy_origanization_base_info` [ RunTime:0.0873s ]
SQL: SELECT * FROM `sjy_origanization_base_info` WHERE `sjy_id` = 24 LIMIT 1   [ RunTime:0.0587s ]
SQL: SHOW COLUMNS FROM `sjy_origanization_position_info` [ RunTime:0.0651s ]
SQL: SELECT * FROM `sjy_origanization_position_info` WHERE `sjy_origanization_id` = '24' LIMIT 1   [ RunTime:0.0790s ]
SQL: SHOW COLUMNS FROM `sjy_origanization_images` [ RunTime:0.0450s ]
SQL: SELECT `sjy_origanization_images` FROM `sjy_origanization_images` WHERE `sjy_origanization_code` = '24' LIMIT 1   [ RunTime:0.0722s ]

[ 2018-04-02T18:01:06+08:00 ] 127.0.0.1 /index.php/Home/Project/completeProject?origanization_code=24
INFO: [ app_init ] --START--
INFO: Run Behavior\BuildLiteBehavior [ RunTime:0.000012s ]
INFO: [ app_init ] --END-- [ RunTime:0.000364s ]
INFO: [ app_begin ] --START--
INFO: Run Behavior\ReadHtmlCacheBehavior [ RunTime:0.000555s ]
INFO: [ app_begin ] --END-- [ RunTime:0.000594s ]
SQL: SHOW COLUMNS FROM `sjy_community_user_info` [ RunTime:0.0525s ]
SQL: SELECT * FROM `sjy_community_user_info` WHERE `sjy_id` = 57 LIMIT 1   [ RunTime:0.0729s ]
SQL: SHOW COLUMNS FROM `sjy_project` [ RunTime:0.0648s ]
SQL: SELECT * FROM `sjy_project` WHERE `community_id` = 30 AND `status` BETWEEN 1 AND 99 LIMIT 1   [ RunTime:0.0624s ]
SQL: SHOW COLUMNS FROM `sjy_cities` [ RunTime:0.0727s ]
SQL: SELECT `city` FROM `sjy_cities` WHERE `cityid` = 110000 LIMIT 1   [ RunTime:0.0502s ]
NOTIC: [8] Undefined variable: islogin C:\xampp\htdocs\shejuyi\Application\Home\Controller\BaseController.class.php 第 118 行.
SQL: SELECT * FROM `sjy_project` WHERE `origanization_id` = 24 AND `status` = 100 ORDER BY project_start_time desc  [ RunTime:0.0597s ]
SQL: SHOW COLUMNS FROM `sjy_community_project_info` [ RunTime:0.0503s ]
SQL: SELECT * FROM `sjy_community_project_info` WHERE `sjy_id` = 41 LIMIT 1   [ RunTime:0.0791s ]
SQL: SHOW COLUMNS FROM `sjy_community_project_image` [ RunTime:0.0628s ]
SQL: SELECT `sjy_community_project_image` FROM `sjy_community_project_image` WHERE `sjy_community_project_id` = 41 LIMIT 1   [ RunTime:0.0440s ]

[ 2018-04-02T18:03:16+08:00 ] 127.0.0.1 /index.php/Home/Home/displayOriganizationHome/id/24
INFO: [ app_init ] --START--
INFO: Run Behavior\BuildLiteBehavior [ RunTime:0.000012s ]
INFO: [ app_init ] --END-- [ RunTime:0.000450s ]
INFO: [ app_begin ] --START--
INFO: Run Behavior\ReadHtmlCacheBehavior [ RunTime:0.001177s ]
INFO: [ app_begin ] --END-- [ RunTime:0.001239s ]
SQL: SHOW COLUMNS FROM `sjy_community_user_info` [ RunTime:0.0825s ]
SQL: SELECT * FROM `sjy_community_user_info` WHERE `sjy_id` = 57 LIMIT 1   [ RunTime:0.0449s ]
SQL: SHOW COLUMNS FROM `sjy_project` [ RunTime:0.0587s ]
SQL: SELECT * FROM `sjy_project` WHERE `community_id` = 30 AND `status` BETWEEN 1 AND 99 LIMIT 1   [ RunTime:0.0883s ]
SQL: SHOW COLUMNS FROM `sjy_cities` [ RunTime:0.1108s ]
SQL: SELECT `city` FROM `sjy_cities` WHERE `cityid` = 110000 LIMIT 1   [ RunTime:0.0377s ]
NOTIC: [8] Undefined variable: islogin C:\xampp\htdocs\shejuyi\Application\Home\Controller\BaseController.class.php 第 118 行.
INFO: [ view_parse ] --START--
INFO: [ template_filter ] --START--
INFO: Run Behavior\ContentReplaceBehavior [ RunTime:0.000320s ]
INFO: [ template_filter ] --END-- [ RunTime:0.000410s ]
INFO: Run Behavior\ParseTemplateBehavior [ RunTime:0.048003s ]
INFO: [ view_parse ] --END-- [ RunTime:0.048082s ]
INFO: [ view_filter ] --START--
INFO: Run Behavior\WriteHtmlCacheBehavior [ RunTime:0.000496s ]
INFO: [ view_filter ] --END-- [ RunTime:0.000526s ]
INFO: [ app_end ] --START--
INFO: Run Behavior\ShowPageTraceBehavior [ RunTime:0.000686s ]
INFO: [ app_end ] --END-- [ RunTime:0.000723s ]

[ 2018-04-02T18:03:17+08:00 ] 127.0.0.1 /index.php/Home/Home/getOriganizationInfo?id=24
INFO: [ app_init ] --START--
INFO: Run Behavior\BuildLiteBehavior [ RunTime:0.000012s ]
INFO: [ app_init ] --END-- [ RunTime:0.000429s ]
INFO: [ app_begin ] --START--
INFO: Run Behavior\ReadHtmlCacheBehavior [ RunTime:0.000733s ]
INFO: [ app_begin ] --END-- [ RunTime:0.000789s ]
SQL: SHOW COLUMNS FROM `sjy_community_user_info` [ RunTime:0.1415s ]
SQL: SELECT * FROM `sjy_community_user_info` WHERE `sjy_id` = 57 LIMIT 1   [ RunTime:0.0672s ]
SQL: SHOW COLUMNS FROM `sjy_project` [ RunTime:0.0741s ]
SQL: SELECT * FROM `sjy_project` WHERE `community_id` = 30 AND `status` BETWEEN 1 AND 99 LIMIT 1   [ RunTime:0.0661s ]
SQL: SHOW COLUMNS FROM `sjy_cities` [ RunTime:0.0550s ]
SQL: SELECT `city` FROM `sjy_cities` WHERE `cityid` = 110000 LIMIT 1   [ RunTime:0.0445s ]
NOTIC: [8] Undefined variable: islogin C:\xampp\htdocs\shejuyi\Application\Home\Controller\BaseController.class.php 第 118 行.
SQL: SHOW COLUMNS FROM `sjy_origanization_base_info` [ RunTime:0.0876s ]
SQL: SELECT * FROM `sjy_origanization_base_info` WHERE `sjy_id` = 24 LIMIT 1   [ RunTime:0.0560s ]
SQL: SHOW COLUMNS FROM `sjy_origanization_position_info` [ RunTime:0.0737s ]
SQL: SELECT * FROM `sjy_origanization_position_info` WHERE `sjy_origanization_id` = '24' LIMIT 1   [ RunTime:0.0790s ]
SQL: SHOW COLUMNS FROM `sjy_origanization_images` [ RunTime:0.0563s ]
SQL: SELECT `sjy_origanization_images` FROM `sjy_origanization_images` WHERE `sjy_origanization_code` = '24' LIMIT 1   [ RunTime:0.0641s ]

[ 2018-04-02T18:05:25+08:00 ] 127.0.0.1 /index.php/Home/Home/displayOriganizationHome/id/24
INFO: [ app_init ] --START--
INFO: Run Behavior\BuildLiteBehavior [ RunTime:0.000012s ]
INFO: [ app_init ] --END-- [ RunTime:0.000414s ]
INFO: [ app_begin ] --START--
INFO: Run Behavior\ReadHtmlCacheBehavior [ RunTime:0.000759s ]
INFO: [ app_begin ] --END-- [ RunTime:0.000809s ]
SQL: SHOW COLUMNS FROM `sjy_community_user_info` [ RunTime:0.0571s ]
SQL: SELECT * FROM `sjy_community_user_info` WHERE `sjy_id` = 57 LIMIT 1   [ RunTime:0.0569s ]
SQL: SHOW COLUMNS FROM `sjy_project` [ RunTime:0.0671s ]
SQL: SELECT * FROM `sjy_project` WHERE `community_id` = 30 AND `status` BETWEEN 1 AND 99 LIMIT 1   [ RunTime:0.0632s ]
SQL: SHOW COLUMNS FROM `sjy_cities` [ RunTime:0.0646s ]
SQL: SELECT `city` FROM `sjy_cities` WHERE `cityid` = 110000 LIMIT 1   [ RunTime:0.0586s ]
NOTIC: [8] Undefined variable: islogin C:\xampp\htdocs\shejuyi\Application\Home\Controller\BaseController.class.php 第 118 行.
INFO: [ view_parse ] --START--
INFO: [ template_filter ] --START--
INFO: Run Behavior\ContentReplaceBehavior [ RunTime:0.000324s ]
INFO: [ template_filter ] --END-- [ RunTime:0.000419s ]
INFO: Run Behavior\ParseTemplateBehavior [ RunTime:0.118090s ]
INFO: [ view_parse ] --END-- [ RunTime:0.118198s ]
INFO: [ view_filter ] --START--
INFO: Run Behavior\WriteHtmlCacheBehavior [ RunTime:0.001057s ]
INFO: [ view_filter ] --END-- [ RunTime:0.001122s ]
INFO: [ app_end ] --START--
INFO: Run Behavior\ShowPageTraceBehavior [ RunTime:0.001536s ]
INFO: [ app_end ] --END-- [ RunTime:0.001619s ]

[ 2018-04-02T18:05:26+08:00 ] 127.0.0.1 /index.php/Home/Home/getOriganizationInfo?id=24
INFO: [ app_init ] --START--
INFO: Run Behavior\BuildLiteBehavior [ RunTime:0.000016s ]
INFO: [ app_init ] --END-- [ RunTime:0.000462s ]
INFO: [ app_begin ] --START--
INFO: Run Behavior\ReadHtmlCacheBehavior [ RunTime:0.000798s ]
INFO: [ app_begin ] --END-- [ RunTime:0.000861s ]
SQL: SHOW COLUMNS FROM `sjy_community_user_info` [ RunTime:0.0572s ]
SQL: SELECT * FROM `sjy_community_user_info` WHERE `sjy_id` = 57 LIMIT 1   [ RunTime:0.0644s ]
SQL: SHOW COLUMNS FROM `sjy_project` [ RunTime:0.0736s ]
SQL: SELECT * FROM `sjy_project` WHERE `community_id` = 30 AND `status` BETWEEN 1 AND 99 LIMIT 1   [ RunTime:0.0518s ]
SQL: SHOW COLUMNS FROM `sjy_cities` [ RunTime:0.0432s ]
SQL: SELECT `city` FROM `sjy_cities` WHERE `cityid` = 110000 LIMIT 1   [ RunTime:0.0640s ]
NOTIC: [8] Undefined variable: islogin C:\xampp\htdocs\shejuyi\Application\Home\Controller\BaseController.class.php 第 118 行.
SQL: SHOW COLUMNS FROM `sjy_origanization_base_info` [ RunTime:0.0452s ]
SQL: SELECT * FROM `sjy_origanization_base_info` WHERE `sjy_id` = 24 LIMIT 1   [ RunTime:0.0548s ]
SQL: SHOW COLUMNS FROM `sjy_origanization_position_info` [ RunTime:0.0570s ]
SQL: SELECT * FROM `sjy_origanization_position_info` WHERE `sjy_origanization_id` = '24' LIMIT 1   [ RunTime:0.0634s ]
SQL: SHOW COLUMNS FROM `sjy_origanization_images` [ RunTime:0.0563s ]
SQL: SELECT `sjy_origanization_images` FROM `sjy_origanization_images` WHERE `sjy_origanization_code` = '24' LIMIT 1   [ RunTime:0.0707s ]

[ 2018-04-02T18:05:28+08:00 ] 127.0.0.1 /index.php/Home/Project/completeProject?origanization_code=24
INFO: [ app_init ] --START--
INFO: Run Behavior\BuildLiteBehavior [ RunTime:0.000012s ]
INFO: [ app_init ] --END-- [ RunTime:0.000351s ]
INFO: [ app_begin ] --START--
INFO: Run Behavior\ReadHtmlCacheBehavior [ RunTime:0.000525s ]
INFO: [ app_begin ] --END-- [ RunTime:0.000563s ]
SQL: SHOW COLUMNS FROM `sjy_community_user_info` [ RunTime:0.0511s ]
SQL: SELECT * FROM `sjy_community_user_info` WHERE `sjy_id` = 57 LIMIT 1   [ RunTime:0.0558s ]
SQL: SHOW COLUMNS FROM `sjy_project` [ RunTime:0.0717s ]
SQL: SELECT * FROM `sjy_project` WHERE `community_id` = 30 AND `status` BETWEEN 1 AND 99 LIMIT 1   [ RunTime:0.0715s ]
SQL: SHOW COLUMNS FROM `sjy_cities` [ RunTime:0.0480s ]
SQL: SELECT `city` FROM `sjy_cities` WHERE `cityid` = 110000 LIMIT 1   [ RunTime:0.0792s ]
NOTIC: [8] Undefined variable: islogin C:\xampp\htdocs\shejuyi\Application\Home\Controller\BaseController.class.php 第 118 行.
SQL: SELECT * FROM `sjy_project` WHERE `origanization_id` = 24 AND `status` = 100 ORDER BY project_start_time desc  [ RunTime:0.0439s ]
SQL: SHOW COLUMNS FROM `sjy_community_project_info` [ RunTime:0.0570s ]
SQL: SELECT * FROM `sjy_community_project_info` WHERE `sjy_id` = 41 LIMIT 1   [ RunTime:0.0705s ]
SQL: SHOW COLUMNS FROM `sjy_community_project_image` [ RunTime:0.0722s ]
SQL: SELECT `sjy_community_project_image` FROM `sjy_community_project_image` WHERE `sjy_community_project_id` = 41 LIMIT 1   [ RunTime:0.0496s ]

[ 2018-04-02T18:05:30+08:00 ] 127.0.0.1 /index.php/Home/Project/displayCommunityProject/id/25
INFO: [ app_init ] --START--
INFO: Run Behavior\BuildLiteBehavior [ RunTime:0.000013s ]
INFO: [ app_init ] --END-- [ RunTime:0.000382s ]
INFO: [ app_begin ] --START--
INFO: Run Behavior\ReadHtmlCacheBehavior [ RunTime:0.000579s ]
INFO: [ app_begin ] --END-- [ RunTime:0.000631s ]
SQL: SHOW COLUMNS FROM `sjy_community_user_info` [ RunTime:0.0599s ]
SQL: SELECT * FROM `sjy_community_user_info` WHERE `sjy_id` = 57 LIMIT 1   [ RunTime:0.0648s ]
SQL: SHOW COLUMNS FROM `sjy_project` [ RunTime:0.0656s ]
SQL: SELECT * FROM `sjy_project` WHERE `community_id` = 30 AND `status` BETWEEN 1 AND 99 LIMIT 1   [ RunTime:0.0715s ]
SQL: SHOW COLUMNS FROM `sjy_cities` [ RunTime:0.0571s ]
SQL: SELECT `city` FROM `sjy_cities` WHERE `cityid` = 110000 LIMIT 1   [ RunTime:0.0710s ]
NOTIC: [8] Undefined variable: islogin C:\xampp\htdocs\shejuyi\Application\Home\Controller\BaseController.class.php 第 118 行.
SQL: SHOW COLUMNS FROM `sjy_community_project_info` [ RunTime:0.0648s ]
SQL: SELECT `sjy_community_project_status` FROM `sjy_community_project_info` WHERE `sjy_id` = 25 LIMIT 1   [ RunTime:0.0644s ]
SQL: SELECT * FROM `sjy_project` WHERE `project_id` = 25 AND `status` = 2 LIMIT 1   [ RunTime:0.0703s ]
INFO: [ view_parse ] --START--
INFO: [ template_filter ] --START--
INFO: Run Behavior\ContentReplaceBehavior [ RunTime:0.000270s ]
INFO: [ template_filter ] --END-- [ RunTime:0.000358s ]
INFO: Run Behavior\ParseTemplateBehavior [ RunTime:0.055516s ]
INFO: [ view_parse ] --END-- [ RunTime:0.055589s ]
INFO: [ view_filter ] --START--
INFO: Run Behavior\WriteHtmlCacheBehavior [ RunTime:0.000684s ]
INFO: [ view_filter ] --END-- [ RunTime:0.000721s ]
INFO: [ app_end ] --START--
INFO: Run Behavior\ShowPageTraceBehavior [ RunTime:0.000739s ]
INFO: [ app_end ] --END-- [ RunTime:0.000778s ]

[ 2018-04-02T18:05:31+08:00 ] 127.0.0.1 /index.php/Home/Project/getCommunityProject/id/25
INFO: [ app_init ] --START--
INFO: Run Behavior\BuildLiteBehavior [ RunTime:0.000015s ]
INFO: [ app_init ] --END-- [ RunTime:0.000429s ]
INFO: [ app_begin ] --START--
INFO: Run Behavior\ReadHtmlCacheBehavior [ RunTime:0.000644s ]
INFO: [ app_begin ] --END-- [ RunTime:0.000698s ]
SQL: SHOW COLUMNS FROM `sjy_community_user_info` [ RunTime:0.0746s ]
SQL: SELECT * FROM `sjy_community_user_info` WHERE `sjy_id` = 57 LIMIT 1   [ RunTime:0.0640s ]
SQL: SHOW COLUMNS FROM `sjy_project` [ RunTime:0.0644s ]
SQL: SELECT * FROM `sjy_project` WHERE `community_id` = 30 AND `status` BETWEEN 1 AND 99 LIMIT 1   [ RunTime:0.0506s ]
SQL: SHOW COLUMNS FROM `sjy_cities` [ RunTime:0.0716s ]
SQL: SELECT `city` FROM `sjy_cities` WHERE `cityid` = 110000 LIMIT 1   [ RunTime:0.0435s ]
NOTIC: [8] Undefined variable: islogin C:\xampp\htdocs\shejuyi\Application\Home\Controller\BaseController.class.php 第 118 行.
SQL: SHOW COLUMNS FROM `sjy_community_project_info` [ RunTime:0.0804s ]
SQL: SELECT * FROM `sjy_community_project_info` WHERE `sjy_id` = 25 LIMIT 1   [ RunTime:0.0735s ]
SQL: SHOW COLUMNS FROM `sjy_community_position_info` [ RunTime:0.0792s ]
SQL: SELECT * FROM `sjy_community_position_info` WHERE `sjy_community_id` = null LIMIT 1   [ RunTime:0.0432s ]
SQL: SHOW COLUMNS FROM `sjy_community_project_image` [ RunTime:0.0793s ]
SQL: SELECT * FROM `sjy_community_project_image` WHERE `sjy_community_project_id` = 25  [ RunTime:0.0567s ]

[ 2018-04-02T18:05:34+08:00 ] 127.0.0.1 /index.php/Home/Project/ingProject?origanization_code=24
INFO: [ app_init ] --START--
INFO: Run Behavior\BuildLiteBehavior [ RunTime:0.000013s ]
INFO: [ app_init ] --END-- [ RunTime:0.000357s ]
INFO: [ app_begin ] --START--
INFO: Run Behavior\ReadHtmlCacheBehavior [ RunTime:0.000569s ]
INFO: [ app_begin ] --END-- [ RunTime:0.000612s ]
SQL: SHOW COLUMNS FROM `sjy_community_user_info` [ RunTime:0.0652s ]
SQL: SELECT * FROM `sjy_community_user_info` WHERE `sjy_id` = 57 LIMIT 1   [ RunTime:0.0725s ]
SQL: SHOW COLUMNS FROM `sjy_project` [ RunTime:0.0565s ]
SQL: SELECT * FROM `sjy_project` WHERE `community_id` = 30 AND `status` BETWEEN 1 AND 99 LIMIT 1   [ RunTime:0.0641s ]
SQL: SHOW COLUMNS FROM `sjy_cities` [ RunTime:0.0728s ]
SQL: SELECT `city` FROM `sjy_cities` WHERE `cityid` = 110000 LIMIT 1   [ RunTime:0.0436s ]
NOTIC: [8] Undefined variable: islogin C:\xampp\htdocs\shejuyi\Application\Home\Controller\BaseController.class.php 第 118 行.
SQL: SELECT * FROM `sjy_project` WHERE `origanization_id` = 24 AND `status` BETWEEN 10 AND 98 ORDER BY project_start_time desc  [ RunTime:0.0783s ]

[ 2018-04-02T18:05:43+08:00 ] 127.0.0.1 /index.php/Home/Project/origanizationSendProject?origanization_code=24
INFO: [ app_init ] --START--
INFO: Run Behavior\BuildLiteBehavior [ RunTime:0.000012s ]
INFO: [ app_init ] --END-- [ RunTime:0.000351s ]
INFO: [ app_begin ] --START--
INFO: Run Behavior\ReadHtmlCacheBehavior [ RunTime:0.000557s ]
INFO: [ app_begin ] --END-- [ RunTime:0.000592s ]
SQL: SHOW COLUMNS FROM `sjy_community_user_info` [ RunTime:0.0448s ]
SQL: SELECT * FROM `sjy_community_user_info` WHERE `sjy_id` = 57 LIMIT 1   [ RunTime:0.0640s ]
SQL: SHOW COLUMNS FROM `sjy_project` [ RunTime:0.0593s ]
SQL: SELECT * FROM `sjy_project` WHERE `community_id` = 30 AND `status` BETWEEN 1 AND 99 LIMIT 1   [ RunTime:0.0676s ]
SQL: SHOW COLUMNS FROM `sjy_cities` [ RunTime:0.0649s ]
SQL: SELECT `city` FROM `sjy_cities` WHERE `cityid` = 110000 LIMIT 1   [ RunTime:0.0641s ]
NOTIC: [8] Undefined variable: islogin C:\xampp\htdocs\shejuyi\Application\Home\Controller\BaseController.class.php 第 118 行.
SQL: SHOW COLUMNS FROM `sjy_origanization_project_info` [ RunTime:0.0658s ]
SQL: SELECT * FROM `sjy_origanization_project_info` WHERE `sjy_origanization_id` = '24'  [ RunTime:0.0642s ]
SQL: SHOW COLUMNS FROM `sjy_origanization_project_image` [ RunTime:0.0732s ]
SQL: SELECT `sjy_origanization_project_image` FROM `sjy_origanization_project_image` WHERE `sjy_origanization_project_id` = 59 LIMIT 1   [ RunTime:0.0643s ]
SQL: SELECT `sjy_origanization_project_image` FROM `sjy_origanization_project_image` WHERE `sjy_origanization_project_id` = 60 LIMIT 1   [ RunTime:0.0630s ]
SQL: SELECT `sjy_origanization_project_image` FROM `sjy_origanization_project_image` WHERE `sjy_origanization_project_id` = 61 LIMIT 1   [ RunTime:0.0436s ]

[ 2018-04-02T18:07:36+08:00 ] 127.0.0.1 /index.php/Home/Home/displayOriganizationHome/id/24
INFO: [ app_init ] --START--
INFO: Run Behavior\BuildLiteBehavior [ RunTime:0.000013s ]
INFO: [ app_init ] --END-- [ RunTime:0.000558s ]
INFO: [ app_begin ] --START--
INFO: Run Behavior\ReadHtmlCacheBehavior [ RunTime:0.000978s ]
INFO: [ app_begin ] --END-- [ RunTime:0.001027s ]
SQL: SHOW COLUMNS FROM `sjy_community_user_info` [ RunTime:0.0572s ]
SQL: SELECT * FROM `sjy_community_user_info` WHERE `sjy_id` = 57 LIMIT 1   [ RunTime:0.0640s ]
SQL: SHOW COLUMNS FROM `sjy_project` [ RunTime:0.0564s ]
SQL: SELECT * FROM `sjy_project` WHERE `community_id` = 30 AND `status` BETWEEN 1 AND 99 LIMIT 1   [ RunTime:0.0505s ]
SQL: SHOW COLUMNS FROM `sjy_cities` [ RunTime:0.0722s ]
SQL: SELECT `city` FROM `sjy_cities` WHERE `cityid` = 110000 LIMIT 1   [ RunTime:0.0634s ]
NOTIC: [8] Undefined variable: islogin C:\xampp\htdocs\shejuyi\Application\Home\Controller\BaseController.class.php 第 118 行.
INFO: [ view_parse ] --START--
INFO: [ template_filter ] --START--
INFO: Run Behavior\ContentReplaceBehavior [ RunTime:0.000326s ]
INFO: [ template_filter ] --END-- [ RunTime:0.000419s ]
INFO: Run Behavior\ParseTemplateBehavior [ RunTime:0.074656s ]
INFO: [ view_parse ] --END-- [ RunTime:0.074766s ]
INFO: [ view_filter ] --START--
INFO: Run Behavior\WriteHtmlCacheBehavior [ RunTime:0.001068s ]
INFO: [ view_filter ] --END-- [ RunTime:0.001135s ]
INFO: [ app_end ] --START--
INFO: Run Behavior\ShowPageTraceBehavior [ RunTime:0.001591s ]
INFO: [ app_end ] --END-- [ RunTime:0.001677s ]

[ 2018-04-02T18:07:37+08:00 ] 127.0.0.1 /index.php/Home/Home/getOriganizationInfo?id=24
INFO: [ app_init ] --START--
INFO: Run Behavior\BuildLiteBehavior [ RunTime:0.000014s ]
INFO: [ app_init ] --END-- [ RunTime:0.000390s ]
INFO: [ app_begin ] --START--
INFO: Run Behavior\ReadHtmlCacheBehavior [ RunTime:0.000580s ]
INFO: [ app_begin ] --END-- [ RunTime:0.000634s ]
SQL: SHOW COLUMNS FROM `sjy_community_user_info` [ RunTime:0.0427s ]
SQL: SELECT * FROM `sjy_community_user_info` WHERE `sjy_id` = 57 LIMIT 1   [ RunTime:0.0869s ]
SQL: SHOW COLUMNS FROM `sjy_project` [ RunTime:0.0646s ]
SQL: SELECT * FROM `sjy_project` WHERE `community_id` = 30 AND `status` BETWEEN 1 AND 99 LIMIT 1   [ RunTime:0.0455s ]
SQL: SHOW COLUMNS FROM `sjy_cities` [ RunTime:0.0782s ]
SQL: SELECT `city` FROM `sjy_cities` WHERE `cityid` = 110000 LIMIT 1   [ RunTime:0.0717s ]
NOTIC: [8] Undefined variable: islogin C:\xampp\htdocs\shejuyi\Application\Home\Controller\BaseController.class.php 第 118 行.
SQL: SHOW COLUMNS FROM `sjy_origanization_base_info` [ RunTime:0.0876s ]
SQL: SELECT * FROM `sjy_origanization_base_info` WHERE `sjy_id` = 24 LIMIT 1   [ RunTime:0.0645s ]
SQL: SHOW COLUMNS FROM `sjy_origanization_position_info` [ RunTime:0.0561s ]
SQL: SELECT * FROM `sjy_origanization_position_info` WHERE `sjy_origanization_id` = '24' LIMIT 1   [ RunTime:0.0571s ]
SQL: SHOW COLUMNS FROM `sjy_origanization_images` [ RunTime:0.0446s ]
SQL: SELECT `sjy_origanization_images` FROM `sjy_origanization_images` WHERE `sjy_origanization_code` = '24' LIMIT 1   [ RunTime:0.0425s ]

[ 2018-04-02T18:07:37+08:00 ] 127.0.0.1 /index.php/Home/Project/ingProject?origanization_code=24
INFO: [ app_init ] --START--
INFO: Run Behavior\BuildLiteBehavior [ RunTime:0.000013s ]
INFO: [ app_init ] --END-- [ RunTime:0.000445s ]
INFO: [ app_begin ] --START--
INFO: Run Behavior\ReadHtmlCacheBehavior [ RunTime:0.000779s ]
INFO: [ app_begin ] --END-- [ RunTime:0.000833s ]
SQL: SHOW COLUMNS FROM `sjy_community_user_info` [ RunTime:0.0776s ]
SQL: SELECT * FROM `sjy_community_user_info` WHERE `sjy_id` = 57 LIMIT 1   [ RunTime:0.0648s ]
SQL: SHOW COLUMNS FROM `sjy_project` [ RunTime:0.0651s ]
SQL: SELECT * FROM `sjy_project` WHERE `community_id` = 30 AND `status` BETWEEN 1 AND 99 LIMIT 1   [ RunTime:0.0558s ]
SQL: SHOW COLUMNS FROM `sjy_cities` [ RunTime:0.0797s ]
SQL: SELECT `city` FROM `sjy_cities` WHERE `cityid` = 110000 LIMIT 1   [ RunTime:0.0631s ]
NOTIC: [8] Undefined variable: islogin C:\xampp\htdocs\shejuyi\Application\Home\Controller\BaseController.class.php 第 118 行.
SQL: SELECT * FROM `sjy_project` WHERE `origanization_id` = 24 AND `status` BETWEEN 10 AND 98 ORDER BY project_start_time desc  [ RunTime:0.0565s ]

[ 2018-04-02T18:07:40+08:00 ] 127.0.0.1 /index.php/Home/Project/origanizationSendProject?origanization_code=24
INFO: [ app_init ] --START--
INFO: Run Behavior\BuildLiteBehavior [ RunTime:0.000011s ]
INFO: [ app_init ] --END-- [ RunTime:0.000336s ]
INFO: [ app_begin ] --START--
INFO: Run Behavior\ReadHtmlCacheBehavior [ RunTime:0.000548s ]
INFO: [ app_begin ] --END-- [ RunTime:0.000590s ]
SQL: SHOW COLUMNS FROM `sjy_community_user_info` [ RunTime:0.0849s ]
SQL: SELECT * FROM `sjy_community_user_info` WHERE `sjy_id` = 57 LIMIT 1   [ RunTime:0.0406s ]
SQL: SHOW COLUMNS FROM `sjy_project` [ RunTime:0.0492s ]
SQL: SELECT * FROM `sjy_project` WHERE `community_id` = 30 AND `status` BETWEEN 1 AND 99 LIMIT 1   [ RunTime:0.0728s ]
SQL: SHOW COLUMNS FROM `sjy_cities` [ RunTime:0.0723s ]
SQL: SELECT `city` FROM `sjy_cities` WHERE `cityid` = 110000 LIMIT 1   [ RunTime:0.0658s ]
NOTIC: [8] Undefined variable: islogin C:\xampp\htdocs\shejuyi\Application\Home\Controller\BaseController.class.php 第 118 行.
SQL: SHOW COLUMNS FROM `sjy_origanization_project_info` [ RunTime:0.0435s ]
SQL: SELECT * FROM `sjy_origanization_project_info` WHERE `sjy_origanization_id` = '24'  [ RunTime:0.0571s ]
SQL: SHOW COLUMNS FROM `sjy_origanization_project_image` [ RunTime:0.0613s ]
SQL: SELECT `sjy_origanization_project_image` FROM `sjy_origanization_project_image` WHERE `sjy_origanization_project_id` = 59 LIMIT 1   [ RunTime:0.0480s ]
SQL: SELECT `sjy_origanization_project_image` FROM `sjy_origanization_project_image` WHERE `sjy_origanization_project_id` = 60 LIMIT 1   [ RunTime:0.0795s ]
SQL: SELECT `sjy_origanization_project_image` FROM `sjy_origanization_project_image` WHERE `sjy_origanization_project_id` = 61 LIMIT 1   [ RunTime:0.0652s ]

