[ 2018-03-12T17:06:19+08:00 ] 127.0.0.1 /
INFO: [ app_init ] --START--
INFO: Run Behavior\BuildLiteBehavior [ RunTime:0.007000s ]
INFO: [ app_init ] --END-- [ RunTime:0.017000s ]
INFO: [ app_begin ] --START--
INFO: Run Behavior\ReadHtmlCacheBehavior [ RunTime:0.002000s ]
INFO: [ app_begin ] --END-- [ RunTime:0.002000s ]
INFO: [ view_parse ] --START--
INFO: [ template_filter ] --START--
INFO: Run Behavior\ContentReplaceBehavior [ RunTime:0.028000s ]
INFO: [ template_filter ] --END-- [ RunTime:0.029000s ]
INFO: Run Behavior\ParseTemplateBehavior [ RunTime:0.096001s ]
INFO: [ view_parse ] --END-- [ RunTime:0.097001s ]
INFO: [ view_filter ] --START--
INFO: Run Behavior\WriteHtmlCacheBehavior [ RunTime:0.007000s ]
INFO: [ view_filter ] --END-- [ RunTime:0.007000s ]
INFO: [ app_end ] --START--
INFO: Run Behavior\ShowPageTraceBehavior [ RunTime:0.008000s ]
INFO: [ app_end ] --END-- [ RunTime:0.008000s ]

[ 2018-03-12T17:06:22+08:00 ] 127.0.0.1 /index.php/Home/Login/verify?t=1520845581261
INFO: [ app_init ] --START--
INFO: Run Behavior\BuildLiteBehavior [ RunTime:0.000000s ]
INFO: [ app_init ] --END-- [ RunTime:0.001000s ]
INFO: [ app_begin ] --START--
INFO: Run Behavior\ReadHtmlCacheBehavior [ RunTime:0.002000s ]
INFO: [ app_begin ] --END-- [ RunTime:0.002000s ]
INFO: [ app_end ] --START--
INFO: Run Behavior\ShowPageTraceBehavior [ RunTime:0.002000s ]
INFO: [ app_end ] --END-- [ RunTime:0.003000s ]

[ 2018-03-12T17:06:31+08:00 ] 127.0.0.1 /index.php/Home/Login/dologin
INFO: [ app_init ] --START--
INFO: Run Behavior\BuildLiteBehavior [ RunTime:0.000000s ]
INFO: [ app_init ] --END-- [ RunTime:0.001000s ]
INFO: [ app_begin ] --START--
INFO: Run Behavior\ReadHtmlCacheBehavior [ RunTime:0.002000s ]
INFO: [ app_begin ] --END-- [ RunTime:0.002000s ]
SQL: SHOW COLUMNS FROM `sjy_community_user_info` [ RunTime:0.1100s ]
SQL: SELECT * FROM `sjy_community_user_info` WHERE `sjy_community_login_id` = '15620608137' AND `password` = 'e10adc3949ba59abbe56e057f20f883e' LIMIT 1   [ RunTime:0.0810s ]
SQL: SELECT * FROM `sjy_community_user_info` WHERE `sjy_community_login_id` = '15620608137' LIMIT 1   [ RunTime:0.0790s ]

[ 2018-03-12T17:06:32+08:00 ] 127.0.0.1 /index.php/Home/Community/index
INFO: [ app_init ] --START--
INFO: Run Behavior\BuildLiteBehavior [ RunTime:0.000000s ]
INFO: [ app_init ] --END-- [ RunTime:0.001000s ]
INFO: [ app_begin ] --START--
INFO: Run Behavior\ReadHtmlCacheBehavior [ RunTime:0.001000s ]
INFO: [ app_begin ] --END-- [ RunTime:0.001000s ]
SQL: SHOW COLUMNS FROM `sjy_community_user_info` [ RunTime:0.0790s ]
SQL: SELECT * FROM `sjy_community_user_info` WHERE `sjy_id` = 52 LIMIT 1   [ RunTime:0.0720s ]
SQL: SELECT `sjy_community_user_community_code` FROM `sjy_community_user_info` WHERE `sjy_id` = 52 LIMIT 1   [ RunTime:0.0790s ]
SQL: SHOW COLUMNS FROM `sjy_cities` [ RunTime:0.0570s ]
SQL: SELECT `city` FROM `sjy_cities` WHERE `cityid` = 110000 LIMIT 1   [ RunTime:0.0650s ]
NOTIC: [8] Undefined variable: islogin C:\wamp64\www\shejuyi\Application\Home\Controller\BaseController.class.php 第 98 行.
SQL: SHOW COLUMNS FROM `sjy_project` [ RunTime:0.0670s ]
SQL: SELECT * FROM `sjy_project` WHERE `status` = 2 AND `community_id` = 29  [ RunTime:0.0680s ]
SQL: SHOW COLUMNS FROM `sjy_community_project_info` [ RunTime:0.0540s ]
SQL: SELECT `sjy_community_project_start_time` FROM `sjy_community_project_info` WHERE `sjy_id` = 40 LIMIT 1   [ RunTime:0.0850s ]
INFO: [ view_parse ] --START--
INFO: [ template_filter ] --START--
INFO: Run Behavior\ContentReplaceBehavior [ RunTime:0.022000s ]
INFO: [ template_filter ] --END-- [ RunTime:0.022000s ]
INFO: Run Behavior\ParseTemplateBehavior [ RunTime:0.057000s ]
INFO: [ view_parse ] --END-- [ RunTime:0.057000s ]
INFO: [ view_filter ] --START--
INFO: Run Behavior\WriteHtmlCacheBehavior [ RunTime:0.002000s ]
INFO: [ view_filter ] --END-- [ RunTime:0.002000s ]
INFO: [ app_end ] --START--
INFO: Run Behavior\ShowPageTraceBehavior [ RunTime:0.002000s ]
INFO: [ app_end ] --END-- [ RunTime:0.002000s ]

[ 2018-03-12T17:06:34+08:00 ] 127.0.0.1 /index.php/Home/Community/getoriganizationlist/page/1
INFO: [ app_init ] --START--
INFO: Run Behavior\BuildLiteBehavior [ RunTime:0.000000s ]
INFO: [ app_init ] --END-- [ RunTime:0.001000s ]
INFO: [ app_begin ] --START--
INFO: Run Behavior\ReadHtmlCacheBehavior [ RunTime:0.002000s ]
INFO: [ app_begin ] --END-- [ RunTime:0.002000s ]
SQL: SHOW COLUMNS FROM `sjy_community_user_info` [ RunTime:0.0680s ]
SQL: SELECT * FROM `sjy_community_user_info` WHERE `sjy_id` = 52 LIMIT 1   [ RunTime:0.0730s ]
SQL: SELECT `sjy_community_user_community_code` FROM `sjy_community_user_info` WHERE `sjy_id` = 52 LIMIT 1   [ RunTime:0.0790s ]
SQL: SHOW COLUMNS FROM `sjy_cities` [ RunTime:0.0570s ]
SQL: SELECT `city` FROM `sjy_cities` WHERE `cityid` = 110000 LIMIT 1   [ RunTime:0.0640s ]
NOTIC: [8] Undefined variable: islogin C:\wamp64\www\shejuyi\Application\Home\Controller\BaseController.class.php 第 98 行.
SQL: SHOW COLUMNS FROM `sjy_project` [ RunTime:0.0900s ]
SQL: SELECT * FROM `sjy_project` WHERE `status` = 2 AND `community_id` = 29  [ RunTime:0.0790s ]
SQL: SHOW COLUMNS FROM `sjy_community_project_info` [ RunTime:0.0770s ]
SQL: SELECT `sjy_community_project_start_time` FROM `sjy_community_project_info` WHERE `sjy_id` = 40 LIMIT 1   [ RunTime:0.0840s ]
SQL: SHOW COLUMNS FROM `sjy_origanization_position_info` [ RunTime:0.0790s ]
SQL: SELECT `sjy_origanization_id` FROM `sjy_origanization_position_info` WHERE `sjy_origanization_city` = 110000  [ RunTime:0.0800s ]
SQL: SHOW COLUMNS FROM `sjy_origanization_base_info` [ RunTime:0.0570s ]
SQL: SELECT COUNT(*) AS tp_count FROM `sjy_origanization_base_info` LIMIT 1   [ RunTime:0.0790s ]

[ 2018-03-12T17:06:38+08:00 ] 127.0.0.1 /index.php/Home/Project/communityProjectManger
INFO: [ app_init ] --START--
INFO: Run Behavior\BuildLiteBehavior [ RunTime:0.000000s ]
INFO: [ app_init ] --END-- [ RunTime:0.001000s ]
INFO: [ app_begin ] --START--
INFO: Run Behavior\ReadHtmlCacheBehavior [ RunTime:0.002000s ]
INFO: [ app_begin ] --END-- [ RunTime:0.002000s ]
SQL: SHOW COLUMNS FROM `sjy_community_user_info` [ RunTime:0.0820s ]
SQL: SELECT * FROM `sjy_community_user_info` WHERE `sjy_id` = 52 LIMIT 1   [ RunTime:0.0730s ]
SQL: SELECT `sjy_community_user_community_code` FROM `sjy_community_user_info` WHERE `sjy_id` = 52 LIMIT 1   [ RunTime:0.0620s ]
SQL: SHOW COLUMNS FROM `sjy_cities` [ RunTime:0.0850s ]
SQL: SELECT `city` FROM `sjy_cities` WHERE `cityid` = 110000 LIMIT 1   [ RunTime:0.0680s ]
NOTIC: [8] Undefined variable: islogin C:\wamp64\www\shejuyi\Application\Home\Controller\BaseController.class.php 第 98 行.
INFO: [ view_parse ] --START--
INFO: [ template_filter ] --START--
INFO: Run Behavior\ContentReplaceBehavior [ RunTime:0.000000s ]
INFO: [ template_filter ] --END-- [ RunTime:0.000000s ]
INFO: Run Behavior\ParseTemplateBehavior [ RunTime:0.029001s ]
INFO: [ view_parse ] --END-- [ RunTime:0.029001s ]
INFO: [ view_filter ] --START--
INFO: Run Behavior\WriteHtmlCacheBehavior [ RunTime:0.002000s ]
INFO: [ view_filter ] --END-- [ RunTime:0.002000s ]
INFO: [ app_end ] --START--
INFO: Run Behavior\ShowPageTraceBehavior [ RunTime:0.002000s ]
INFO: [ app_end ] --END-- [ RunTime:0.002000s ]

[ 2018-03-12T17:06:39+08:00 ] 127.0.0.1 /index.php/Home/Project/communityTenderProject
INFO: [ app_init ] --START--
INFO: Run Behavior\BuildLiteBehavior [ RunTime:0.000000s ]
INFO: [ app_init ] --END-- [ RunTime:0.001000s ]
INFO: [ app_begin ] --START--
INFO: Run Behavior\ReadHtmlCacheBehavior [ RunTime:0.002000s ]
INFO: [ app_begin ] --END-- [ RunTime:0.002000s ]
SQL: SHOW COLUMNS FROM `sjy_community_user_info` [ RunTime:0.0730s ]
SQL: SELECT * FROM `sjy_community_user_info` WHERE `sjy_id` = 52 LIMIT 1   [ RunTime:0.0680s ]
SQL: SELECT `sjy_community_user_community_code` FROM `sjy_community_user_info` WHERE `sjy_id` = 52 LIMIT 1   [ RunTime:0.0690s ]
SQL: SHOW COLUMNS FROM `sjy_cities` [ RunTime:0.0680s ]
SQL: SELECT `city` FROM `sjy_cities` WHERE `cityid` = 110000 LIMIT 1   [ RunTime:0.0680s ]
NOTIC: [8] Undefined variable: islogin C:\wamp64\www\shejuyi\Application\Home\Controller\BaseController.class.php 第 98 行.
SQL: SHOW COLUMNS FROM `sjy_community_project_info` [ RunTime:0.0660s ]
SQL: SELECT * FROM `sjy_community_project_info` WHERE `sjy_community_project_status` = 0 AND `sjy_community_project_collect_start_time` < '2018-03-12' AND `sjy_community_project_start_time` > '2018-03-12' LIMIT 0,15   [ RunTime:0.0630s ]
SQL: SELECT COUNT(*) AS tp_count FROM `sjy_community_project_info` WHERE `sjy_community_project_status` = 0 AND `sjy_community_project_collect_start_time` < '2018-03-12' AND `sjy_community_project_start_time` > '2018-03-12' LIMIT 1   [ RunTime:0.0510s ]

[ 2018-03-12T17:06:40+08:00 ] 127.0.0.1 /index.php/Home/Project/waitOriganizationStart
INFO: [ app_init ] --START--
INFO: Run Behavior\BuildLiteBehavior [ RunTime:0.000000s ]
INFO: [ app_init ] --END-- [ RunTime:0.000000s ]
INFO: [ app_begin ] --START--
INFO: Run Behavior\ReadHtmlCacheBehavior [ RunTime:0.001000s ]
INFO: [ app_begin ] --END-- [ RunTime:0.001000s ]
SQL: SHOW COLUMNS FROM `sjy_community_user_info` [ RunTime:0.0790s ]
SQL: SELECT * FROM `sjy_community_user_info` WHERE `sjy_id` = 52 LIMIT 1   [ RunTime:0.0710s ]
SQL: SELECT `sjy_community_user_community_code` FROM `sjy_community_user_info` WHERE `sjy_id` = 52 LIMIT 1   [ RunTime:0.0660s ]
SQL: SHOW COLUMNS FROM `sjy_cities` [ RunTime:0.0560s ]
SQL: SELECT `city` FROM `sjy_cities` WHERE `cityid` = 110000 LIMIT 1   [ RunTime:0.0560s ]
NOTIC: [8] Undefined variable: islogin C:\wamp64\www\shejuyi\Application\Home\Controller\BaseController.class.php 第 98 行.
SQL: SHOW COLUMNS FROM `sjy_project` [ RunTime:0.0700s ]
SQL: SELECT * FROM `sjy_project` WHERE `community_id` = 29 AND `status` = 2  [ RunTime:0.0640s ]
SQL: SHOW COLUMNS FROM `sjy_community_project_info` [ RunTime:0.0660s ]
SQL: SELECT * FROM `sjy_community_project_info` WHERE `sjy_id` = 40 LIMIT 1   [ RunTime:0.0770s ]

[ 2018-03-12T17:06:57+08:00 ] 127.0.0.1 /index.php/Home/Project/communityProjectManger
INFO: [ app_init ] --START--
INFO: Run Behavior\BuildLiteBehavior [ RunTime:0.000000s ]
INFO: [ app_init ] --END-- [ RunTime:0.001000s ]
INFO: [ app_begin ] --START--
INFO: Run Behavior\ReadHtmlCacheBehavior [ RunTime:0.002000s ]
INFO: [ app_begin ] --END-- [ RunTime:0.002000s ]
SQL: SHOW COLUMNS FROM `sjy_community_user_info` [ RunTime:0.1100s ]
SQL: SELECT * FROM `sjy_community_user_info` WHERE `sjy_id` = 52 LIMIT 1   [ RunTime:0.0820s ]
SQL: SELECT `sjy_community_user_community_code` FROM `sjy_community_user_info` WHERE `sjy_id` = 52 LIMIT 1   [ RunTime:0.0500s ]
SQL: SHOW COLUMNS FROM `sjy_cities` [ RunTime:0.0660s ]
SQL: SELECT `city` FROM `sjy_cities` WHERE `cityid` = 110000 LIMIT 1   [ RunTime:0.0620s ]
NOTIC: [8] Undefined variable: islogin C:\wamp64\www\shejuyi\Application\Home\Controller\BaseController.class.php 第 98 行.
INFO: [ view_parse ] --START--
INFO: [ template_filter ] --START--
INFO: Run Behavior\ContentReplaceBehavior [ RunTime:0.001000s ]
INFO: [ template_filter ] --END-- [ RunTime:0.001000s ]
INFO: Run Behavior\ParseTemplateBehavior [ RunTime:0.020000s ]
INFO: [ view_parse ] --END-- [ RunTime:0.020000s ]
INFO: [ view_filter ] --START--
INFO: Run Behavior\WriteHtmlCacheBehavior [ RunTime:0.002000s ]
INFO: [ view_filter ] --END-- [ RunTime:0.002000s ]
INFO: [ app_end ] --START--
INFO: Run Behavior\ShowPageTraceBehavior [ RunTime:0.002001s ]
INFO: [ app_end ] --END-- [ RunTime:0.002001s ]

[ 2018-03-12T17:06:59+08:00 ] 127.0.0.1 /index.php/Home/Project/communityTenderProject
INFO: [ app_init ] --START--
INFO: Run Behavior\BuildLiteBehavior [ RunTime:0.000000s ]
INFO: [ app_init ] --END-- [ RunTime:0.001000s ]
INFO: [ app_begin ] --START--
INFO: Run Behavior\ReadHtmlCacheBehavior [ RunTime:0.002000s ]
INFO: [ app_begin ] --END-- [ RunTime:0.002000s ]
SQL: SHOW COLUMNS FROM `sjy_community_user_info` [ RunTime:0.0730s ]
SQL: SELECT * FROM `sjy_community_user_info` WHERE `sjy_id` = 52 LIMIT 1   [ RunTime:0.0560s ]
SQL: SELECT `sjy_community_user_community_code` FROM `sjy_community_user_info` WHERE `sjy_id` = 52 LIMIT 1   [ RunTime:0.0510s ]
SQL: SHOW COLUMNS FROM `sjy_cities` [ RunTime:0.0550s ]
SQL: SELECT `city` FROM `sjy_cities` WHERE `cityid` = 110000 LIMIT 1   [ RunTime:0.0790s ]
NOTIC: [8] Undefined variable: islogin C:\wamp64\www\shejuyi\Application\Home\Controller\BaseController.class.php 第 98 行.
SQL: SHOW COLUMNS FROM `sjy_community_project_info` [ RunTime:0.0660s ]
SQL: SELECT * FROM `sjy_community_project_info` WHERE `sjy_community_project_status` = 0 AND `sjy_community_project_collect_start_time` < '2018-03-12' AND `sjy_community_project_start_time` > '2018-03-12' LIMIT 0,15   [ RunTime:0.0540s ]
SQL: SELECT COUNT(*) AS tp_count FROM `sjy_community_project_info` WHERE `sjy_community_project_status` = 0 AND `sjy_community_project_collect_start_time` < '2018-03-12' AND `sjy_community_project_start_time` > '2018-03-12' LIMIT 1   [ RunTime:0.0640s ]

[ 2018-03-12T17:07:00+08:00 ] 127.0.0.1 /index.php/Home/Project/waitOriganizationStart
INFO: [ app_init ] --START--
INFO: Run Behavior\BuildLiteBehavior [ RunTime:0.000000s ]
INFO: [ app_init ] --END-- [ RunTime:0.001000s ]
INFO: [ app_begin ] --START--
INFO: Run Behavior\ReadHtmlCacheBehavior [ RunTime:0.003000s ]
INFO: [ app_begin ] --END-- [ RunTime:0.003000s ]
SQL: SHOW COLUMNS FROM `sjy_community_user_info` [ RunTime:0.0590s ]
SQL: SELECT * FROM `sjy_community_user_info` WHERE `sjy_id` = 52 LIMIT 1   [ RunTime:0.0800s ]
SQL: SELECT `sjy_community_user_community_code` FROM `sjy_community_user_info` WHERE `sjy_id` = 52 LIMIT 1   [ RunTime:0.0540s ]
SQL: SHOW COLUMNS FROM `sjy_cities` [ RunTime:0.0660s ]
SQL: SELECT `city` FROM `sjy_cities` WHERE `cityid` = 110000 LIMIT 1   [ RunTime:0.0640s ]
NOTIC: [8] Undefined variable: islogin C:\wamp64\www\shejuyi\Application\Home\Controller\BaseController.class.php 第 98 行.
SQL: SHOW COLUMNS FROM `sjy_project` [ RunTime:0.0760s ]
SQL: SELECT * FROM `sjy_project` WHERE `community_id` = 29 AND `status` = 2  [ RunTime:0.0760s ]
SQL: SHOW COLUMNS FROM `sjy_community_project_info` [ RunTime:0.0510s ]
SQL: SELECT * FROM `sjy_community_project_info` WHERE `sjy_id` = 40 LIMIT 1   [ RunTime:0.0650s ]

[ 2018-03-12T17:18:37+08:00 ] 127.0.0.1 /index.php/Home/Project/communityProjectManger
INFO: [ app_init ] --START--
INFO: Run Behavior\BuildLiteBehavior [ RunTime:0.000000s ]
INFO: [ app_init ] --END-- [ RunTime:0.001000s ]
INFO: [ app_begin ] --START--
INFO: Run Behavior\ReadHtmlCacheBehavior [ RunTime:0.002000s ]
INFO: [ app_begin ] --END-- [ RunTime:0.002000s ]
SQL: SHOW COLUMNS FROM `sjy_community_user_info` [ RunTime:0.0680s ]
SQL: SELECT * FROM `sjy_community_user_info` WHERE `sjy_id` = 52 LIMIT 1   [ RunTime:0.0630s ]
SQL: SELECT `sjy_community_user_community_code` FROM `sjy_community_user_info` WHERE `sjy_id` = 52 LIMIT 1   [ RunTime:0.0790s ]
SQL: SHOW COLUMNS FROM `sjy_cities` [ RunTime:0.0740s ]
SQL: SELECT `city` FROM `sjy_cities` WHERE `cityid` = 110000 LIMIT 1   [ RunTime:0.0640s ]
NOTIC: [8] Undefined variable: islogin C:\wamp64\www\shejuyi\Application\Home\Controller\BaseController.class.php 第 98 行.
INFO: [ view_parse ] --START--
INFO: [ template_filter ] --START--
INFO: Run Behavior\ContentReplaceBehavior [ RunTime:0.000000s ]
INFO: [ template_filter ] --END-- [ RunTime:0.000000s ]
INFO: Run Behavior\ParseTemplateBehavior [ RunTime:0.018000s ]
INFO: [ view_parse ] --END-- [ RunTime:0.018000s ]
INFO: [ view_filter ] --START--
INFO: Run Behavior\WriteHtmlCacheBehavior [ RunTime:0.002000s ]
INFO: [ view_filter ] --END-- [ RunTime:0.002000s ]
INFO: [ app_end ] --START--
INFO: Run Behavior\ShowPageTraceBehavior [ RunTime:0.002000s ]
INFO: [ app_end ] --END-- [ RunTime:0.002000s ]

[ 2018-03-12T17:18:40+08:00 ] 127.0.0.1 /index.php/Home/Project/communityTenderProject
INFO: [ app_init ] --START--
INFO: Run Behavior\BuildLiteBehavior [ RunTime:0.000000s ]
INFO: [ app_init ] --END-- [ RunTime:0.001000s ]
INFO: [ app_begin ] --START--
INFO: Run Behavior\ReadHtmlCacheBehavior [ RunTime:0.002000s ]
INFO: [ app_begin ] --END-- [ RunTime:0.002000s ]
SQL: SHOW COLUMNS FROM `sjy_community_user_info` [ RunTime:0.0590s ]
SQL: SELECT * FROM `sjy_community_user_info` WHERE `sjy_id` = 52 LIMIT 1   [ RunTime:0.0720s ]
SQL: SELECT `sjy_community_user_community_code` FROM `sjy_community_user_info` WHERE `sjy_id` = 52 LIMIT 1   [ RunTime:0.0710s ]
SQL: SHOW COLUMNS FROM `sjy_cities` [ RunTime:0.0810s ]
SQL: SELECT `city` FROM `sjy_cities` WHERE `cityid` = 110000 LIMIT 1   [ RunTime:0.0740s ]
NOTIC: [8] Undefined variable: islogin C:\wamp64\www\shejuyi\Application\Home\Controller\BaseController.class.php 第 98 行.
SQL: SHOW COLUMNS FROM `sjy_community_project_info` [ RunTime:0.0790s ]
SQL: SELECT * FROM `sjy_community_project_info` WHERE `sjy_community_project_status` = 0 AND `sjy_community_project_collect_start_time` < '2018-03-12' AND `sjy_community_project_start_time` > '2018-03-12' LIMIT 0,15   [ RunTime:0.0790s ]
SQL: SELECT COUNT(*) AS tp_count FROM `sjy_community_project_info` WHERE `sjy_community_project_status` = 0 AND `sjy_community_project_collect_start_time` < '2018-03-12' AND `sjy_community_project_start_time` > '2018-03-12' LIMIT 1   [ RunTime:0.0610s ]

[ 2018-03-12T17:18:41+08:00 ] 127.0.0.1 /index.php/Home/Project/waitOriganizationStart
INFO: [ app_init ] --START--
INFO: Run Behavior\BuildLiteBehavior [ RunTime:0.000000s ]
INFO: [ app_init ] --END-- [ RunTime:0.001000s ]
INFO: [ app_begin ] --START--
INFO: Run Behavior\ReadHtmlCacheBehavior [ RunTime:0.002000s ]
INFO: [ app_begin ] --END-- [ RunTime:0.002000s ]
SQL: SHOW COLUMNS FROM `sjy_community_user_info` [ RunTime:0.0660s ]
SQL: SELECT * FROM `sjy_community_user_info` WHERE `sjy_id` = 52 LIMIT 1   [ RunTime:0.0670s ]
SQL: SELECT `sjy_community_user_community_code` FROM `sjy_community_user_info` WHERE `sjy_id` = 52 LIMIT 1   [ RunTime:0.0540s ]
SQL: SHOW COLUMNS FROM `sjy_cities` [ RunTime:0.0770s ]
SQL: SELECT `city` FROM `sjy_cities` WHERE `cityid` = 110000 LIMIT 1   [ RunTime:0.0560s ]
NOTIC: [8] Undefined variable: islogin C:\wamp64\www\shejuyi\Application\Home\Controller\BaseController.class.php 第 98 行.
SQL: SHOW COLUMNS FROM `sjy_project` [ RunTime:0.0670s ]
SQL: SELECT * FROM `sjy_project` WHERE `community_id` = 29 AND `status` = 2  [ RunTime:0.0640s ]

[ 2018-03-12T17:18:42+08:00 ] 127.0.0.1 /index.php/Home/Project/intentOriganization/id/40
INFO: [ app_init ] --START--
INFO: Run Behavior\BuildLiteBehavior [ RunTime:0.000000s ]
INFO: [ app_init ] --END-- [ RunTime:0.001000s ]
INFO: [ app_begin ] --START--
INFO: Run Behavior\ReadHtmlCacheBehavior [ RunTime:0.002000s ]
INFO: [ app_begin ] --END-- [ RunTime:0.002000s ]
SQL: SHOW COLUMNS FROM `sjy_community_user_info` [ RunTime:0.0580s ]
SQL: SELECT * FROM `sjy_community_user_info` WHERE `sjy_id` = 52 LIMIT 1   [ RunTime:0.0750s ]
SQL: SELECT `sjy_community_user_community_code` FROM `sjy_community_user_info` WHERE `sjy_id` = 52 LIMIT 1   [ RunTime:0.0790s ]
SQL: SHOW COLUMNS FROM `sjy_cities` [ RunTime:0.0800s ]
SQL: SELECT `city` FROM `sjy_cities` WHERE `cityid` = 110000 LIMIT 1   [ RunTime:0.0720s ]
NOTIC: [8] Undefined variable: islogin C:\wamp64\www\shejuyi\Application\Home\Controller\BaseController.class.php 第 98 行.
SQL: SHOW COLUMNS FROM `sjy_project` [ RunTime:0.0710s ]
SQL: SELECT * FROM `sjy_project` WHERE `community_id` = 29 AND `project_id` = 40 AND `status` = 1 LIMIT 0,15   [ RunTime:0.0550s ]
SQL: SHOW COLUMNS FROM `sjy_origanization_base_info` [ RunTime:0.0630s ]
SQL: SELECT * FROM `sjy_origanization_base_info` WHERE `sjy_id` = 23 LIMIT 1   [ RunTime:0.0550s ]
SQL: SELECT COUNT(*) AS tp_count FROM `sjy_project` WHERE `community_id` = 29 AND `project_id` = 40 AND `status` = 1 LIMIT 1   [ RunTime:0.0840s ]

[ 2018-03-12T17:18:47+08:00 ] 127.0.0.1 /index.php/Home/Project/agreeProject
INFO: [ app_init ] --START--
INFO: Run Behavior\BuildLiteBehavior [ RunTime:0.000000s ]
INFO: [ app_init ] --END-- [ RunTime:0.001000s ]
INFO: [ app_begin ] --START--
INFO: Run Behavior\ReadHtmlCacheBehavior [ RunTime:0.002000s ]
INFO: [ app_begin ] --END-- [ RunTime:0.002000s ]
SQL: SHOW COLUMNS FROM `sjy_community_user_info` [ RunTime:0.0720s ]
SQL: SELECT * FROM `sjy_community_user_info` WHERE `sjy_id` = 52 LIMIT 1   [ RunTime:0.0720s ]
SQL: SELECT `sjy_community_user_community_code` FROM `sjy_community_user_info` WHERE `sjy_id` = 52 LIMIT 1   [ RunTime:0.0720s ]
SQL: SHOW COLUMNS FROM `sjy_cities` [ RunTime:0.0730s ]
SQL: SELECT `city` FROM `sjy_cities` WHERE `cityid` = 110000 LIMIT 1   [ RunTime:0.0710s ]
NOTIC: [8] Undefined variable: islogin C:\wamp64\www\shejuyi\Application\Home\Controller\BaseController.class.php 第 98 行.
SQL: SHOW COLUMNS FROM `sjy_project` [ RunTime:0.0950s ]
SQL: UPDATE `sjy_project` SET `status`='2',`community_agreen_project_start_time`='2018-03-12 17:18:46',`community_agreen_project_start_people_id`='52',`community_agreen_project_start_people`='孙建建' WHERE `project_id` = 40 AND `community_id` = 29 AND `origanization_id` = 23 AND `status` = 1 [ RunTime:0.0700s ]
SQL: SHOW COLUMNS FROM `sjy_origanization_base_info` [ RunTime:0.0590s ]
SQL: SELECT `sjy_origanization_name` FROM `sjy_origanization_base_info` WHERE `sjy_id` = 23 LIMIT 1   [ RunTime:0.0930s ]
SQL: SHOW COLUMNS FROM `sjy_community_project_info` [ RunTime:0.0660s ]
SQL: UPDATE `sjy_community_project_info` SET `sjy_community_project_status`='1',`sjy_community_project_origanization`='23',`sjy_community_project_origanization_name`='城建心协1' WHERE `sjy_id` = 40 [ RunTime:0.0540s ]

[ 2018-03-12T17:18:48+08:00 ] 127.0.0.1 /index.php/Home/Project/communityProjectManger
INFO: [ app_init ] --START--
INFO: Run Behavior\BuildLiteBehavior [ RunTime:0.000000s ]
INFO: [ app_init ] --END-- [ RunTime:0.001000s ]
INFO: [ app_begin ] --START--
INFO: Run Behavior\ReadHtmlCacheBehavior [ RunTime:0.003000s ]
INFO: [ app_begin ] --END-- [ RunTime:0.003000s ]
SQL: SHOW COLUMNS FROM `sjy_community_user_info` [ RunTime:0.0730s ]
SQL: SELECT * FROM `sjy_community_user_info` WHERE `sjy_id` = 52 LIMIT 1   [ RunTime:0.0790s ]
SQL: SELECT `sjy_community_user_community_code` FROM `sjy_community_user_info` WHERE `sjy_id` = 52 LIMIT 1   [ RunTime:0.0710s ]
SQL: SHOW COLUMNS FROM `sjy_cities` [ RunTime:0.0720s ]
SQL: SELECT `city` FROM `sjy_cities` WHERE `cityid` = 110000 LIMIT 1   [ RunTime:0.0720s ]
NOTIC: [8] Undefined variable: islogin C:\wamp64\www\shejuyi\Application\Home\Controller\BaseController.class.php 第 98 行.
INFO: [ view_parse ] --START--
INFO: [ template_filter ] --START--
INFO: Run Behavior\ContentReplaceBehavior [ RunTime:0.001000s ]
INFO: [ template_filter ] --END-- [ RunTime:0.001000s ]
INFO: Run Behavior\ParseTemplateBehavior [ RunTime:0.017000s ]
INFO: [ view_parse ] --END-- [ RunTime:0.017000s ]
INFO: [ view_filter ] --START--
INFO: Run Behavior\WriteHtmlCacheBehavior [ RunTime:0.001000s ]
INFO: [ view_filter ] --END-- [ RunTime:0.001000s ]
INFO: [ app_end ] --START--
INFO: Run Behavior\ShowPageTraceBehavior [ RunTime:0.002000s ]
INFO: [ app_end ] --END-- [ RunTime:0.002000s ]

[ 2018-03-12T17:18:50+08:00 ] 127.0.0.1 /index.php/Home/Project/communityTenderProject
INFO: [ app_init ] --START--
INFO: Run Behavior\BuildLiteBehavior [ RunTime:0.000000s ]
INFO: [ app_init ] --END-- [ RunTime:0.001000s ]
INFO: [ app_begin ] --START--
INFO: Run Behavior\ReadHtmlCacheBehavior [ RunTime:0.001000s ]
INFO: [ app_begin ] --END-- [ RunTime:0.001000s ]
SQL: SHOW COLUMNS FROM `sjy_community_user_info` [ RunTime:0.0730s ]
SQL: SELECT * FROM `sjy_community_user_info` WHERE `sjy_id` = 52 LIMIT 1   [ RunTime:0.0980s ]
SQL: SELECT `sjy_community_user_community_code` FROM `sjy_community_user_info` WHERE `sjy_id` = 52 LIMIT 1   [ RunTime:0.0810s ]
SQL: SHOW COLUMNS FROM `sjy_cities` [ RunTime:0.0870s ]
SQL: SELECT `city` FROM `sjy_cities` WHERE `cityid` = 110000 LIMIT 1   [ RunTime:0.0810s ]
NOTIC: [8] Undefined variable: islogin C:\wamp64\www\shejuyi\Application\Home\Controller\BaseController.class.php 第 98 行.
SQL: SHOW COLUMNS FROM `sjy_community_project_info` [ RunTime:0.0500s ]
SQL: SELECT * FROM `sjy_community_project_info` WHERE `sjy_community_project_status` = 0 AND `sjy_community_project_collect_start_time` < '2018-03-12' AND `sjy_community_project_start_time` > '2018-03-12' LIMIT 0,15   [ RunTime:0.0780s ]
SQL: SELECT COUNT(*) AS tp_count FROM `sjy_community_project_info` WHERE `sjy_community_project_status` = 0 AND `sjy_community_project_collect_start_time` < '2018-03-12' AND `sjy_community_project_start_time` > '2018-03-12' LIMIT 1   [ RunTime:0.0510s ]

[ 2018-03-12T17:18:51+08:00 ] 127.0.0.1 /index.php/Home/Project/waitOriganizationStart
INFO: [ app_init ] --START--
INFO: Run Behavior\BuildLiteBehavior [ RunTime:0.000000s ]
INFO: [ app_init ] --END-- [ RunTime:0.001000s ]
INFO: [ app_begin ] --START--
INFO: Run Behavior\ReadHtmlCacheBehavior [ RunTime:0.001000s ]
INFO: [ app_begin ] --END-- [ RunTime:0.002000s ]
SQL: SHOW COLUMNS FROM `sjy_community_user_info` [ RunTime:0.0480s ]
SQL: SELECT * FROM `sjy_community_user_info` WHERE `sjy_id` = 52 LIMIT 1   [ RunTime:0.0660s ]
SQL: SELECT `sjy_community_user_community_code` FROM `sjy_community_user_info` WHERE `sjy_id` = 52 LIMIT 1   [ RunTime:0.0650s ]
SQL: SHOW COLUMNS FROM `sjy_cities` [ RunTime:0.0560s ]
SQL: SELECT `city` FROM `sjy_cities` WHERE `cityid` = 110000 LIMIT 1   [ RunTime:0.0850s ]
NOTIC: [8] Undefined variable: islogin C:\wamp64\www\shejuyi\Application\Home\Controller\BaseController.class.php 第 98 行.
SQL: SHOW COLUMNS FROM `sjy_project` [ RunTime:0.0800s ]
SQL: SELECT * FROM `sjy_project` WHERE `community_id` = 29 AND `status` = 2  [ RunTime:0.0610s ]
SQL: SHOW COLUMNS FROM `sjy_community_project_info` [ RunTime:0.0790s ]
SQL: SELECT * FROM `sjy_community_project_info` WHERE `sjy_id` = 40 LIMIT 1   [ RunTime:0.0730s ]

[ 2018-03-12T17:18:59+08:00 ] 127.0.0.1 /index.php/Home/Project/communityProjectManger
INFO: [ app_init ] --START--
INFO: Run Behavior\BuildLiteBehavior [ RunTime:0.000000s ]
INFO: [ app_init ] --END-- [ RunTime:0.000000s ]
INFO: [ app_begin ] --START--
INFO: Run Behavior\ReadHtmlCacheBehavior [ RunTime:0.002000s ]
INFO: [ app_begin ] --END-- [ RunTime:0.002000s ]
SQL: SHOW COLUMNS FROM `sjy_community_user_info` [ RunTime:0.0910s ]
SQL: SELECT * FROM `sjy_community_user_info` WHERE `sjy_id` = 52 LIMIT 1   [ RunTime:0.0700s ]
SQL: SELECT `sjy_community_user_community_code` FROM `sjy_community_user_info` WHERE `sjy_id` = 52 LIMIT 1   [ RunTime:0.0770s ]
SQL: SHOW COLUMNS FROM `sjy_cities` [ RunTime:0.0760s ]
SQL: SELECT `city` FROM `sjy_cities` WHERE `cityid` = 110000 LIMIT 1   [ RunTime:0.0870s ]
NOTIC: [8] Undefined variable: islogin C:\wamp64\www\shejuyi\Application\Home\Controller\BaseController.class.php 第 98 行.
INFO: [ view_parse ] --START--
INFO: [ template_filter ] --START--
INFO: Run Behavior\ContentReplaceBehavior [ RunTime:0.000000s ]
INFO: [ template_filter ] --END-- [ RunTime:0.000000s ]
INFO: Run Behavior\ParseTemplateBehavior [ RunTime:0.018000s ]
INFO: [ view_parse ] --END-- [ RunTime:0.018000s ]
INFO: [ view_filter ] --START--
INFO: Run Behavior\WriteHtmlCacheBehavior [ RunTime:0.002000s ]
INFO: [ view_filter ] --END-- [ RunTime:0.002000s ]
INFO: [ app_end ] --START--
INFO: Run Behavior\ShowPageTraceBehavior [ RunTime:0.002000s ]
INFO: [ app_end ] --END-- [ RunTime:0.002000s ]

[ 2018-03-12T17:19:01+08:00 ] 127.0.0.1 /index.php/Home/Project/communityTenderProject
INFO: [ app_init ] --START--
INFO: Run Behavior\BuildLiteBehavior [ RunTime:0.000000s ]
INFO: [ app_init ] --END-- [ RunTime:0.001000s ]
INFO: [ app_begin ] --START--
INFO: Run Behavior\ReadHtmlCacheBehavior [ RunTime:0.001000s ]
INFO: [ app_begin ] --END-- [ RunTime:0.001000s ]
SQL: SHOW COLUMNS FROM `sjy_community_user_info` [ RunTime:0.0820s ]
SQL: SELECT * FROM `sjy_community_user_info` WHERE `sjy_id` = 52 LIMIT 1   [ RunTime:0.0470s ]
SQL: SELECT `sjy_community_user_community_code` FROM `sjy_community_user_info` WHERE `sjy_id` = 52 LIMIT 1   [ RunTime:0.0490s ]
SQL: SHOW COLUMNS FROM `sjy_cities` [ RunTime:0.0840s ]
SQL: SELECT `city` FROM `sjy_cities` WHERE `cityid` = 110000 LIMIT 1   [ RunTime:0.0710s ]
NOTIC: [8] Undefined variable: islogin C:\wamp64\www\shejuyi\Application\Home\Controller\BaseController.class.php 第 98 行.
SQL: SHOW COLUMNS FROM `sjy_community_project_info` [ RunTime:0.0820s ]
SQL: SELECT * FROM `sjy_community_project_info` WHERE `sjy_community_project_status` = 0 AND `sjy_community_project_collect_start_time` < '2018-03-12' AND `sjy_community_project_start_time` > '2018-03-12' LIMIT 0,15   [ RunTime:0.0570s ]
SQL: SELECT COUNT(*) AS tp_count FROM `sjy_community_project_info` WHERE `sjy_community_project_status` = 0 AND `sjy_community_project_collect_start_time` < '2018-03-12' AND `sjy_community_project_start_time` > '2018-03-12' LIMIT 1   [ RunTime:0.0870s ]

[ 2018-03-12T17:19:02+08:00 ] 127.0.0.1 /index.php/Home/Project/waitOriganizationStart
INFO: [ app_init ] --START--
INFO: Run Behavior\BuildLiteBehavior [ RunTime:0.000000s ]
INFO: [ app_init ] --END-- [ RunTime:0.001000s ]
INFO: [ app_begin ] --START--
INFO: Run Behavior\ReadHtmlCacheBehavior [ RunTime:0.002000s ]
INFO: [ app_begin ] --END-- [ RunTime:0.003000s ]
SQL: SHOW COLUMNS FROM `sjy_community_user_info` [ RunTime:0.0750s ]
SQL: SELECT * FROM `sjy_community_user_info` WHERE `sjy_id` = 52 LIMIT 1   [ RunTime:0.0560s ]
SQL: SELECT `sjy_community_user_community_code` FROM `sjy_community_user_info` WHERE `sjy_id` = 52 LIMIT 1   [ RunTime:0.0730s ]
SQL: SHOW COLUMNS FROM `sjy_cities` [ RunTime:0.0640s ]
SQL: SELECT `city` FROM `sjy_cities` WHERE `cityid` = 110000 LIMIT 1   [ RunTime:0.0490s ]
NOTIC: [8] Undefined variable: islogin C:\wamp64\www\shejuyi\Application\Home\Controller\BaseController.class.php 第 98 行.
SQL: SHOW COLUMNS FROM `sjy_project` [ RunTime:0.0830s ]
SQL: SELECT * FROM `sjy_project` WHERE `community_id` = 29 AND `status` = 2  [ RunTime:0.0650s ]
SQL: SHOW COLUMNS FROM `sjy_community_project_info` [ RunTime:0.0510s ]
SQL: SELECT * FROM `sjy_community_project_info` WHERE `sjy_id` = 40 LIMIT 1   [ RunTime:0.0720s ]

[ 2018-03-12T17:25:42+08:00 ] 127.0.0.1 /
INFO: [ app_init ] --START--
INFO: Run Behavior\BuildLiteBehavior [ RunTime:0.000000s ]
INFO: [ app_init ] --END-- [ RunTime:0.001000s ]
INFO: [ app_begin ] --START--
INFO: Run Behavior\ReadHtmlCacheBehavior [ RunTime:0.002000s ]
INFO: [ app_begin ] --END-- [ RunTime:0.002000s ]
INFO: [ view_parse ] --START--
INFO: [ template_filter ] --START--
INFO: Run Behavior\ContentReplaceBehavior [ RunTime:0.000000s ]
INFO: [ template_filter ] --END-- [ RunTime:0.000000s ]
INFO: Run Behavior\ParseTemplateBehavior [ RunTime:0.016001s ]
INFO: [ view_parse ] --END-- [ RunTime:0.016001s ]
INFO: [ view_filter ] --START--
INFO: Run Behavior\WriteHtmlCacheBehavior [ RunTime:0.003000s ]
INFO: [ view_filter ] --END-- [ RunTime:0.003000s ]
INFO: [ app_end ] --START--
INFO: Run Behavior\ShowPageTraceBehavior [ RunTime:0.002000s ]
INFO: [ app_end ] --END-- [ RunTime:0.002000s ]

[ 2018-03-12T17:25:44+08:00 ] 127.0.0.1 /index.php/Home/Login/verify?t=1520846744182
INFO: [ app_init ] --START--
INFO: Run Behavior\BuildLiteBehavior [ RunTime:0.000000s ]
INFO: [ app_init ] --END-- [ RunTime:0.001000s ]
INFO: [ app_begin ] --START--
INFO: Run Behavior\ReadHtmlCacheBehavior [ RunTime:0.002000s ]
INFO: [ app_begin ] --END-- [ RunTime:0.002000s ]
INFO: [ app_end ] --START--
INFO: Run Behavior\ShowPageTraceBehavior [ RunTime:0.002000s ]
INFO: [ app_end ] --END-- [ RunTime:0.002000s ]

[ 2018-03-12T17:25:57+08:00 ] 127.0.0.1 /index.php/Home/Login/dologin
INFO: [ app_init ] --START--
INFO: Run Behavior\BuildLiteBehavior [ RunTime:0.000000s ]
INFO: [ app_init ] --END-- [ RunTime:0.001000s ]
INFO: [ app_begin ] --START--
INFO: Run Behavior\ReadHtmlCacheBehavior [ RunTime:0.001000s ]
INFO: [ app_begin ] --END-- [ RunTime:0.001000s ]
SQL: SHOW COLUMNS FROM `sjy_origanization_user_info` [ RunTime:0.0530s ]
SQL: SELECT * FROM `sjy_origanization_user_info` WHERE `sjy_origanization_login_id` = '15620608137' AND `password` = 'e10adc3949ba59abbe56e057f20f883e' LIMIT 1   [ RunTime:0.0780s ]
SQL: SELECT * FROM `sjy_origanization_user_info` WHERE `sjy_origanization_login_id` = '15620608137' LIMIT 1   [ RunTime:0.0560s ]

[ 2018-03-12T17:25:58+08:00 ] 127.0.0.1 /index.php/Home/Origanization/index
INFO: [ app_init ] --START--
INFO: Run Behavior\BuildLiteBehavior [ RunTime:0.000000s ]
INFO: [ app_init ] --END-- [ RunTime:0.001000s ]
INFO: [ app_begin ] --START--
INFO: Run Behavior\ReadHtmlCacheBehavior [ RunTime:0.001000s ]
INFO: [ app_begin ] --END-- [ RunTime:0.001000s ]
SQL: SHOW COLUMNS FROM `sjy_origanization_user_info` [ RunTime:0.0800s ]
SQL: SELECT * FROM `sjy_origanization_user_info` WHERE `sjy_id` = 75 LIMIT 1   [ RunTime:0.0650s ]
SQL: SHOW COLUMNS FROM `sjy_cities` [ RunTime:0.0500s ]
SQL: SELECT `city` FROM `sjy_cities` WHERE `cityid` = 110000 LIMIT 1   [ RunTime:0.0560s ]
NOTIC: [8] Undefined variable: islogin C:\wamp64\www\shejuyi\Application\Home\Controller\BaseController.class.php 第 98 行.
INFO: [ view_parse ] --START--
INFO: [ template_filter ] --START--
INFO: Run Behavior\ContentReplaceBehavior [ RunTime:0.000000s ]
INFO: [ template_filter ] --END-- [ RunTime:0.000000s ]
INFO: Run Behavior\ParseTemplateBehavior [ RunTime:0.030000s ]
INFO: [ view_parse ] --END-- [ RunTime:0.030000s ]
INFO: [ view_filter ] --START--
INFO: Run Behavior\WriteHtmlCacheBehavior [ RunTime:0.002000s ]
INFO: [ view_filter ] --END-- [ RunTime:0.002000s ]
INFO: [ app_end ] --START--
INFO: Run Behavior\ShowPageTraceBehavior [ RunTime:0.002000s ]
INFO: [ app_end ] --END-- [ RunTime:0.002000s ]

[ 2018-03-12T17:25:59+08:00 ] 127.0.0.1 /index.php/Home/Origanization/getprojectlist/page/1
INFO: [ app_init ] --START--
INFO: Run Behavior\BuildLiteBehavior [ RunTime:0.000000s ]
INFO: [ app_init ] --END-- [ RunTime:0.001000s ]
INFO: [ app_begin ] --START--
INFO: Run Behavior\ReadHtmlCacheBehavior [ RunTime:0.002000s ]
INFO: [ app_begin ] --END-- [ RunTime:0.002000s ]
SQL: SHOW COLUMNS FROM `sjy_origanization_user_info` [ RunTime:0.0740s ]
SQL: SELECT * FROM `sjy_origanization_user_info` WHERE `sjy_id` = 75 LIMIT 1   [ RunTime:0.0660s ]
SQL: SHOW COLUMNS FROM `sjy_cities` [ RunTime:0.0570s ]
SQL: SELECT `city` FROM `sjy_cities` WHERE `cityid` = 110000 LIMIT 1   [ RunTime:0.0570s ]
NOTIC: [8] Undefined variable: islogin C:\wamp64\www\shejuyi\Application\Home\Controller\BaseController.class.php 第 98 行.
SQL: SHOW COLUMNS FROM `sjy_community_project_info` [ RunTime:0.0790s ]
SQL: SELECT * FROM `sjy_community_project_info` WHERE `cityid` = 110000 LIMIT 0,10   [ RunTime:0.0630s ]
SQL: SELECT COUNT(*) AS tp_count FROM `sjy_community_project_info` WHERE `cityid` = 110000 LIMIT 1   [ RunTime:0.0700s ]

[ 2018-03-12T17:26:02+08:00 ] 127.0.0.1 /index.php/Home/Project/origanizationProjectManger
INFO: [ app_init ] --START--
INFO: Run Behavior\BuildLiteBehavior [ RunTime:0.000000s ]
INFO: [ app_init ] --END-- [ RunTime:0.001000s ]
INFO: [ app_begin ] --START--
INFO: Run Behavior\ReadHtmlCacheBehavior [ RunTime:0.002000s ]
INFO: [ app_begin ] --END-- [ RunTime:0.002000s ]
SQL: SHOW COLUMNS FROM `sjy_origanization_user_info` [ RunTime:0.1100s ]
SQL: SELECT * FROM `sjy_origanization_user_info` WHERE `sjy_id` = 75 LIMIT 1   [ RunTime:0.0610s ]
SQL: SHOW COLUMNS FROM `sjy_cities` [ RunTime:0.0630s ]
SQL: SELECT `city` FROM `sjy_cities` WHERE `cityid` = 110000 LIMIT 1   [ RunTime:0.0900s ]
NOTIC: [8] Undefined variable: islogin C:\wamp64\www\shejuyi\Application\Home\Controller\BaseController.class.php 第 98 行.
INFO: [ view_parse ] --START--
INFO: [ template_filter ] --START--
INFO: Run Behavior\ContentReplaceBehavior [ RunTime:0.000000s ]
INFO: [ template_filter ] --END-- [ RunTime:0.001000s ]
INFO: Run Behavior\ParseTemplateBehavior [ RunTime:0.043000s ]
INFO: [ view_parse ] --END-- [ RunTime:0.043000s ]
INFO: [ view_filter ] --START--
INFO: Run Behavior\WriteHtmlCacheBehavior [ RunTime:0.001000s ]
INFO: [ view_filter ] --END-- [ RunTime:0.002000s ]
INFO: [ app_end ] --START--
INFO: Run Behavior\ShowPageTraceBehavior [ RunTime:0.002000s ]
INFO: [ app_end ] --END-- [ RunTime:0.002000s ]

