[ 2018-01-25T15:18:05+08:00 ] 127.0.0.1 /index.php/Home/Origanization/getcommunityinfo?id=9
INFO: [ app_init ] --START--
INFO: Run Behavior\BuildLiteBehavior [ RunTime:0.000000s ]
INFO: [ app_init ] --END-- [ RunTime:0.002000s ]
INFO: [ app_begin ] --START--
INFO: Run Behavior\ReadHtmlCacheBehavior [ RunTime:0.002000s ]
INFO: [ app_begin ] --END-- [ RunTime:0.002000s ]

[ 2018-01-25T15:18:05+08:00 ] 127.0.0.1 /index.php/
INFO: [ app_init ] --START--
INFO: Run Behavior\BuildLiteBehavior [ RunTime:0.000000s ]
INFO: [ app_init ] --END-- [ RunTime:0.001000s ]
INFO: [ app_begin ] --START--
INFO: Run Behavior\ReadHtmlCacheBehavior [ RunTime:0.001000s ]
INFO: [ app_begin ] --END-- [ RunTime:0.001000s ]
INFO: [ view_parse ] --START--
INFO: [ template_filter ] --START--
INFO: Run Behavior\ContentReplaceBehavior [ RunTime:0.002000s ]
INFO: [ template_filter ] --END-- [ RunTime:0.003000s ]
INFO: Run Behavior\ParseTemplateBehavior [ RunTime:0.070000s ]
INFO: [ view_parse ] --END-- [ RunTime:0.070000s ]
INFO: [ view_filter ] --START--
INFO: Run Behavior\WriteHtmlCacheBehavior [ RunTime:0.015001s ]
INFO: [ view_filter ] --END-- [ RunTime:0.015001s ]
INFO: [ app_end ] --START--
INFO: Run Behavior\ShowPageTraceBehavior [ RunTime:0.015000s ]
INFO: [ app_end ] --END-- [ RunTime:0.015000s ]

[ 2018-01-25T15:18:21+08:00 ] 127.0.0.1 /index.php/Home/Login/dologin
INFO: [ app_init ] --START--
INFO: Run Behavior\BuildLiteBehavior [ RunTime:0.000000s ]
INFO: [ app_init ] --END-- [ RunTime:0.000000s ]
INFO: [ app_begin ] --START--
INFO: Run Behavior\ReadHtmlCacheBehavior [ RunTime:0.001000s ]
INFO: [ app_begin ] --END-- [ RunTime:0.001000s ]
SQL: SHOW COLUMNS FROM `sjy_origanization_user_info` [ RunTime:0.0590s ]
SQL: SELECT * FROM `sjy_origanization_user_info` WHERE `sjy_origanization_login_id` = '13820962107' AND `password` = 'e10adc3949ba59abbe56e057f20f883e' LIMIT 1   [ RunTime:0.0830s ]

[ 2018-01-25T15:18:27+08:00 ] 127.0.0.1 /index.php/Home/Login/dologin
INFO: [ app_init ] --START--
INFO: Run Behavior\BuildLiteBehavior [ RunTime:0.000000s ]
INFO: [ app_init ] --END-- [ RunTime:0.001000s ]
INFO: [ app_begin ] --START--
INFO: Run Behavior\ReadHtmlCacheBehavior [ RunTime:0.001000s ]
INFO: [ app_begin ] --END-- [ RunTime:0.001000s ]
SQL: SHOW COLUMNS FROM `sjy_origanization_user_info` [ RunTime:0.0820s ]
SQL: SELECT * FROM `sjy_origanization_user_info` WHERE `sjy_origanization_login_id` = '13820992107' AND `password` = 'e10adc3949ba59abbe56e057f20f883e' LIMIT 1   [ RunTime:0.0810s ]
SQL: SELECT * FROM `sjy_origanization_user_info` WHERE `sjy_origanization_login_id` = '13820992107' LIMIT 1   [ RunTime:0.0780s ]

[ 2018-01-25T15:18:28+08:00 ] 127.0.0.1 /index.php/Home/Origanization/index
INFO: [ app_init ] --START--
INFO: Run Behavior\BuildLiteBehavior [ RunTime:0.000000s ]
INFO: [ app_init ] --END-- [ RunTime:0.001000s ]
INFO: [ app_begin ] --START--
INFO: Run Behavior\ReadHtmlCacheBehavior [ RunTime:0.002000s ]
INFO: [ app_begin ] --END-- [ RunTime:0.002000s ]
SQL: SHOW COLUMNS FROM `sjy_cities` [ RunTime:0.0630s ]
SQL: SELECT * FROM `sjy_cities` WHERE `cityid` = 110000 LIMIT 1   [ RunTime:0.0790s ]
NOTIC: [8] Undefined variable: islogin C:\wamp64\www\shejuyi\Application\Home\Controller\BaseController.class.php 第 94 行.
NOTIC: [8] Undefined variable: user_image C:\wamp64\www\shejuyi\Application\Home\Controller\BaseController.class.php 第 98 行.
INFO: [ view_parse ] --START--
INFO: [ template_filter ] --START--
INFO: Run Behavior\ContentReplaceBehavior [ RunTime:0.000000s ]
INFO: [ template_filter ] --END-- [ RunTime:0.000000s ]
INFO: Run Behavior\ParseTemplateBehavior [ RunTime:0.047001s ]
INFO: [ view_parse ] --END-- [ RunTime:0.047001s ]
INFO: [ view_filter ] --START--
INFO: Run Behavior\WriteHtmlCacheBehavior [ RunTime:0.001000s ]
INFO: [ view_filter ] --END-- [ RunTime:0.001000s ]
INFO: [ app_end ] --START--
INFO: Run Behavior\ShowPageTraceBehavior [ RunTime:0.002000s ]
INFO: [ app_end ] --END-- [ RunTime:0.002000s ]

[ 2018-01-25T15:19:12+08:00 ] 127.0.0.1 /index.php/Home/Origanization/getcommunityinfo?id=9
INFO: [ app_init ] --START--
INFO: Run Behavior\BuildLiteBehavior [ RunTime:0.000000s ]
INFO: [ app_init ] --END-- [ RunTime:0.001000s ]
INFO: [ app_begin ] --START--
INFO: Run Behavior\ReadHtmlCacheBehavior [ RunTime:0.001000s ]
INFO: [ app_begin ] --END-- [ RunTime:0.001000s ]
SQL: SHOW COLUMNS FROM `sjy_cities` [ RunTime:0.0550s ]
SQL: SELECT * FROM `sjy_cities` WHERE `cityid` = 110000 LIMIT 1   [ RunTime:0.0800s ]
NOTIC: [8] Undefined variable: islogin C:\wamp64\www\shejuyi\Application\Home\Controller\BaseController.class.php 第 94 行.
NOTIC: [8] Undefined variable: user_image C:\wamp64\www\shejuyi\Application\Home\Controller\BaseController.class.php 第 98 行.
SQL: SHOW COLUMNS FROM `sjy_community_base_info` [ RunTime:0.0810s ]
SQL: SELECT * FROM `sjy_community_base_info` WHERE `sjy_id` = 9 LIMIT 1   [ RunTime:0.0670s ]
SQL: SHOW COLUMNS FROM `sjy_community_position_info` [ RunTime:0.0650s ]
SQL: SELECT * FROM `sjy_community_position_info` WHERE `sjy_community_id` = '9' LIMIT 1   [ RunTime:0.0620s ]
SQL: SHOW COLUMNS FROM `sjy_community_images` [ RunTime:0.0790s ]
NOTIC: [8] Undefined index: sjy_community_code C:\wamp64\www\shejuyi\Application\Home\Controller\OriganizationController.class.php 第 542 行.
SQL: SELECT `sjy_community_images` FROM `sjy_community_images` WHERE `sjy_community_code` = null LIMIT 1   [ RunTime:0.0880s ]

[ 2018-01-25T15:19:59+08:00 ] 127.0.0.1 /index.php/Home/Origanization/getcommunityinfo?id=16
INFO: [ app_init ] --START--
INFO: Run Behavior\BuildLiteBehavior [ RunTime:0.000000s ]
INFO: [ app_init ] --END-- [ RunTime:0.001000s ]
INFO: [ app_begin ] --START--
INFO: Run Behavior\ReadHtmlCacheBehavior [ RunTime:0.002000s ]
INFO: [ app_begin ] --END-- [ RunTime:0.002000s ]
SQL: SHOW COLUMNS FROM `sjy_cities` [ RunTime:0.0600s ]
SQL: SELECT * FROM `sjy_cities` WHERE `cityid` = 110000 LIMIT 1   [ RunTime:0.0720s ]
NOTIC: [8] Undefined variable: islogin C:\wamp64\www\shejuyi\Application\Home\Controller\BaseController.class.php 第 94 行.
NOTIC: [8] Undefined variable: user_image C:\wamp64\www\shejuyi\Application\Home\Controller\BaseController.class.php 第 98 行.
SQL: SHOW COLUMNS FROM `sjy_community_base_info` [ RunTime:0.0810s ]
SQL: SELECT * FROM `sjy_community_base_info` WHERE `sjy_id` = 16 LIMIT 1   [ RunTime:0.0860s ]
SQL: SHOW COLUMNS FROM `sjy_community_position_info` [ RunTime:0.0560s ]
SQL: SELECT * FROM `sjy_community_position_info` WHERE `sjy_community_id` = '16' LIMIT 1   [ RunTime:0.0690s ]
SQL: SHOW COLUMNS FROM `sjy_community_images` [ RunTime:0.0660s ]
SQL: SELECT `sjy_community_images` FROM `sjy_community_images` WHERE `sjy_community_code` = '16' LIMIT 1   [ RunTime:0.0680s ]

[ 2018-01-25T15:20:30+08:00 ] 127.0.0.1 /index.php/Home/Origanization/getcommunityinfo?id=17
INFO: [ app_init ] --START--
INFO: Run Behavior\BuildLiteBehavior [ RunTime:0.000000s ]
INFO: [ app_init ] --END-- [ RunTime:0.001000s ]
INFO: [ app_begin ] --START--
INFO: Run Behavior\ReadHtmlCacheBehavior [ RunTime:0.002000s ]
INFO: [ app_begin ] --END-- [ RunTime:0.002000s ]
SQL: SHOW COLUMNS FROM `sjy_cities` [ RunTime:0.0660s ]
SQL: SELECT * FROM `sjy_cities` WHERE `cityid` = 110000 LIMIT 1   [ RunTime:0.0720s ]
NOTIC: [8] Undefined variable: islogin C:\wamp64\www\shejuyi\Application\Home\Controller\BaseController.class.php 第 94 行.
NOTIC: [8] Undefined variable: user_image C:\wamp64\www\shejuyi\Application\Home\Controller\BaseController.class.php 第 98 行.
SQL: SHOW COLUMNS FROM `sjy_community_base_info` [ RunTime:0.0660s ]
SQL: SELECT * FROM `sjy_community_base_info` WHERE `sjy_id` = 17 LIMIT 1   [ RunTime:0.0720s ]
SQL: SHOW COLUMNS FROM `sjy_community_position_info` [ RunTime:0.0690s ]
SQL: SELECT * FROM `sjy_community_position_info` WHERE `sjy_community_id` = '17' LIMIT 1   [ RunTime:0.0680s ]
SQL: SHOW COLUMNS FROM `sjy_community_images` [ RunTime:0.0640s ]
SQL: SELECT `sjy_community_images` FROM `sjy_community_images` WHERE `sjy_community_code` = '17' LIMIT 1   [ RunTime:0.0640s ]

[ 2018-01-25T15:20:36+08:00 ] 127.0.0.1 /index.php/Home/Origanization/getcommunityinfo?id=18
INFO: [ app_init ] --START--
INFO: Run Behavior\BuildLiteBehavior [ RunTime:0.000000s ]
INFO: [ app_init ] --END-- [ RunTime:0.001000s ]
INFO: [ app_begin ] --START--
INFO: Run Behavior\ReadHtmlCacheBehavior [ RunTime:0.002000s ]
INFO: [ app_begin ] --END-- [ RunTime:0.002000s ]
SQL: SHOW COLUMNS FROM `sjy_cities` [ RunTime:0.0800s ]
SQL: SELECT * FROM `sjy_cities` WHERE `cityid` = 110000 LIMIT 1   [ RunTime:0.0800s ]
NOTIC: [8] Undefined variable: islogin C:\wamp64\www\shejuyi\Application\Home\Controller\BaseController.class.php 第 94 行.
NOTIC: [8] Undefined variable: user_image C:\wamp64\www\shejuyi\Application\Home\Controller\BaseController.class.php 第 98 行.
SQL: SHOW COLUMNS FROM `sjy_community_base_info` [ RunTime:0.0600s ]
SQL: SELECT * FROM `sjy_community_base_info` WHERE `sjy_id` = 18 LIMIT 1   [ RunTime:0.0790s ]
SQL: SHOW COLUMNS FROM `sjy_community_position_info` [ RunTime:0.0650s ]
SQL: SELECT * FROM `sjy_community_position_info` WHERE `sjy_community_id` = '18' LIMIT 1   [ RunTime:0.0760s ]
SQL: SHOW COLUMNS FROM `sjy_community_images` [ RunTime:0.0770s ]
SQL: SELECT `sjy_community_images` FROM `sjy_community_images` WHERE `sjy_community_code` = '18' LIMIT 1   [ RunTime:0.0810s ]

[ 2018-01-25T15:20:49+08:00 ] 127.0.0.1 /index.php/Home/Origanization/getcommunityinfo?id=11
INFO: [ app_init ] --START--
INFO: Run Behavior\BuildLiteBehavior [ RunTime:0.000000s ]
INFO: [ app_init ] --END-- [ RunTime:0.001000s ]
INFO: [ app_begin ] --START--
INFO: Run Behavior\ReadHtmlCacheBehavior [ RunTime:0.001000s ]
INFO: [ app_begin ] --END-- [ RunTime:0.001000s ]
SQL: SHOW COLUMNS FROM `sjy_cities` [ RunTime:0.0540s ]
SQL: SELECT * FROM `sjy_cities` WHERE `cityid` = 110000 LIMIT 1   [ RunTime:0.0650s ]
NOTIC: [8] Undefined variable: islogin C:\wamp64\www\shejuyi\Application\Home\Controller\BaseController.class.php 第 94 行.
NOTIC: [8] Undefined variable: user_image C:\wamp64\www\shejuyi\Application\Home\Controller\BaseController.class.php 第 98 行.
SQL: SHOW COLUMNS FROM `sjy_community_base_info` [ RunTime:0.1110s ]
SQL: SELECT * FROM `sjy_community_base_info` WHERE `sjy_id` = 11 LIMIT 1   [ RunTime:0.0590s ]
SQL: SHOW COLUMNS FROM `sjy_community_position_info` [ RunTime:0.0740s ]
SQL: SELECT * FROM `sjy_community_position_info` WHERE `sjy_community_id` = '11' LIMIT 1   [ RunTime:0.0670s ]
SQL: SHOW COLUMNS FROM `sjy_community_images` [ RunTime:0.0740s ]
SQL: SELECT `sjy_community_images` FROM `sjy_community_images` WHERE `sjy_community_code` = '11' LIMIT 1   [ RunTime:0.0650s ]

[ 2018-01-25T15:21:00+08:00 ] 127.0.0.1 /index.php/Home/Origanization/getcommunityinfo?id=16
INFO: [ app_init ] --START--
INFO: Run Behavior\BuildLiteBehavior [ RunTime:0.000000s ]
INFO: [ app_init ] --END-- [ RunTime:0.000000s ]
INFO: [ app_begin ] --START--
INFO: Run Behavior\ReadHtmlCacheBehavior [ RunTime:0.002001s ]
INFO: [ app_begin ] --END-- [ RunTime:0.002001s ]
SQL: SHOW COLUMNS FROM `sjy_cities` [ RunTime:0.0820s ]
SQL: SELECT * FROM `sjy_cities` WHERE `cityid` = 110000 LIMIT 1   [ RunTime:0.0850s ]
NOTIC: [8] Undefined variable: islogin C:\wamp64\www\shejuyi\Application\Home\Controller\BaseController.class.php 第 94 行.
NOTIC: [8] Undefined variable: user_image C:\wamp64\www\shejuyi\Application\Home\Controller\BaseController.class.php 第 98 行.
SQL: SHOW COLUMNS FROM `sjy_community_base_info` [ RunTime:0.0740s ]
SQL: SELECT * FROM `sjy_community_base_info` WHERE `sjy_id` = 16 LIMIT 1   [ RunTime:0.0740s ]
SQL: SHOW COLUMNS FROM `sjy_community_position_info` [ RunTime:0.0570s ]
SQL: SELECT * FROM `sjy_community_position_info` WHERE `sjy_community_id` = '16' LIMIT 1   [ RunTime:0.0510s ]
SQL: SHOW COLUMNS FROM `sjy_community_images` [ RunTime:0.0550s ]
SQL: SELECT `sjy_community_images` FROM `sjy_community_images` WHERE `sjy_community_code` = '16' LIMIT 1   [ RunTime:0.0870s ]

[ 2018-01-25T15:22:28+08:00 ] 127.0.0.1 /index.php/Home/Origanization/getcommunityinfo?id=26
INFO: [ app_init ] --START--
INFO: Run Behavior\BuildLiteBehavior [ RunTime:0.000000s ]
INFO: [ app_init ] --END-- [ RunTime:0.001000s ]
INFO: [ app_begin ] --START--
INFO: Run Behavior\ReadHtmlCacheBehavior [ RunTime:0.001000s ]
INFO: [ app_begin ] --END-- [ RunTime:0.001000s ]
SQL: SHOW COLUMNS FROM `sjy_cities` [ RunTime:0.0990s ]
SQL: SELECT * FROM `sjy_cities` WHERE `cityid` = 110000 LIMIT 1   [ RunTime:0.0600s ]
NOTIC: [8] Undefined variable: islogin C:\wamp64\www\shejuyi\Application\Home\Controller\BaseController.class.php 第 94 行.
NOTIC: [8] Undefined variable: user_image C:\wamp64\www\shejuyi\Application\Home\Controller\BaseController.class.php 第 98 行.
SQL: SHOW COLUMNS FROM `sjy_community_base_info` [ RunTime:0.0740s ]
SQL: SELECT * FROM `sjy_community_base_info` WHERE `sjy_id` = 26 LIMIT 1   [ RunTime:0.0770s ]
SQL: SHOW COLUMNS FROM `sjy_community_position_info` [ RunTime:0.0560s ]
SQL: SELECT * FROM `sjy_community_position_info` WHERE `sjy_community_id` = '26' LIMIT 1   [ RunTime:0.0650s ]
SQL: SHOW COLUMNS FROM `sjy_community_images` [ RunTime:0.0710s ]
SQL: SELECT `sjy_community_images` FROM `sjy_community_images` WHERE `sjy_community_code` = '26' LIMIT 1   [ RunTime:0.0650s ]

[ 2018-01-25T15:41:58+08:00 ] 127.0.0.1 /index.php/Home/Community/getoriganizationinfo?id=8
INFO: [ app_init ] --START--
INFO: Run Behavior\BuildLiteBehavior [ RunTime:0.000000s ]
INFO: [ app_init ] --END-- [ RunTime:0.001000s ]
INFO: [ app_begin ] --START--
INFO: Run Behavior\ReadHtmlCacheBehavior [ RunTime:0.001000s ]
INFO: [ app_begin ] --END-- [ RunTime:0.001000s ]
SQL: SHOW COLUMNS FROM `sjy_cities` [ RunTime:0.0920s ]
SQL: SELECT * FROM `sjy_cities` WHERE `cityid` = 110000 LIMIT 1   [ RunTime:0.0850s ]
NOTIC: [8] Undefined variable: islogin C:\wamp64\www\shejuyi\Application\Home\Controller\BaseController.class.php 第 94 行.
NOTIC: [8] Undefined variable: user_image C:\wamp64\www\shejuyi\Application\Home\Controller\BaseController.class.php 第 98 行.
SQL: SHOW COLUMNS FROM `sjy_origanization_base_info` [ RunTime:0.0560s ]
SQL: SELECT * FROM `sjy_origanization_base_info` WHERE `sjy_id` = 8 LIMIT 1   [ RunTime:0.0880s ]
SQL: SHOW COLUMNS FROM `sjy_origanization_position_info` [ RunTime:0.0560s ]
SQL: SELECT * FROM `sjy_origanization_position_info` WHERE `sjy_origanization_id` = '8' LIMIT 1   [ RunTime:0.0690s ]
SQL: SHOW COLUMNS FROM `sjy_origanization_images` [ RunTime:0.0660s ]
NOTIC: [8] Undefined variable: community_info C:\wamp64\www\shejuyi\Application\Home\Controller\CommunityController.class.php 第 633 行.
SQL: SELECT `sjy_origanization_images` FROM `sjy_origanization_images` WHERE `sjy_origanization_code` = null LIMIT 1   [ RunTime:0.0520s ]

[ 2018-01-25T15:42:17+08:00 ] 127.0.0.1 /index.php/Home/Community/getoriganizationinfo?id=21
INFO: [ app_init ] --START--
INFO: Run Behavior\BuildLiteBehavior [ RunTime:0.000000s ]
INFO: [ app_init ] --END-- [ RunTime:0.001000s ]
INFO: [ app_begin ] --START--
INFO: Run Behavior\ReadHtmlCacheBehavior [ RunTime:0.001000s ]
INFO: [ app_begin ] --END-- [ RunTime:0.001000s ]
SQL: SHOW COLUMNS FROM `sjy_cities` [ RunTime:0.0540s ]
SQL: SELECT * FROM `sjy_cities` WHERE `cityid` = 110000 LIMIT 1   [ RunTime:0.0810s ]
NOTIC: [8] Undefined variable: islogin C:\wamp64\www\shejuyi\Application\Home\Controller\BaseController.class.php 第 94 行.
NOTIC: [8] Undefined variable: user_image C:\wamp64\www\shejuyi\Application\Home\Controller\BaseController.class.php 第 98 行.
SQL: SHOW COLUMNS FROM `sjy_origanization_base_info` [ RunTime:0.0550s ]
SQL: SELECT * FROM `sjy_origanization_base_info` WHERE `sjy_id` = 21 LIMIT 1   [ RunTime:0.0940s ]
SQL: SHOW COLUMNS FROM `sjy_origanization_position_info` [ RunTime:0.0940s ]
SQL: SELECT * FROM `sjy_origanization_position_info` WHERE `sjy_origanization_id` = '21' LIMIT 1   [ RunTime:0.0510s ]
SQL: SHOW COLUMNS FROM `sjy_origanization_images` [ RunTime:0.0850s ]
NOTIC: [8] Undefined variable: community_info C:\wamp64\www\shejuyi\Application\Home\Controller\CommunityController.class.php 第 633 行.
SQL: SELECT `sjy_origanization_images` FROM `sjy_origanization_images` WHERE `sjy_origanization_code` = null LIMIT 1   [ RunTime:0.0790s ]

[ 2018-01-25T15:43:18+08:00 ] 127.0.0.1 /index.php/Home/Community/getoriganizationinfo?id=20
INFO: [ app_init ] --START--
INFO: Run Behavior\BuildLiteBehavior [ RunTime:0.000000s ]
INFO: [ app_init ] --END-- [ RunTime:0.001000s ]
INFO: [ app_begin ] --START--
INFO: Run Behavior\ReadHtmlCacheBehavior [ RunTime:0.001000s ]
INFO: [ app_begin ] --END-- [ RunTime:0.001000s ]
SQL: SHOW COLUMNS FROM `sjy_cities` [ RunTime:0.0660s ]
SQL: SELECT * FROM `sjy_cities` WHERE `cityid` = 110000 LIMIT 1   [ RunTime:0.0570s ]
NOTIC: [8] Undefined variable: islogin C:\wamp64\www\shejuyi\Application\Home\Controller\BaseController.class.php 第 94 行.
NOTIC: [8] Undefined variable: user_image C:\wamp64\www\shejuyi\Application\Home\Controller\BaseController.class.php 第 98 行.
SQL: SHOW COLUMNS FROM `sjy_origanization_base_info` [ RunTime:0.0830s ]
SQL: SELECT * FROM `sjy_origanization_base_info` WHERE `sjy_id` = 20 LIMIT 1   [ RunTime:0.0790s ]
SQL: SHOW COLUMNS FROM `sjy_origanization_position_info` [ RunTime:0.0530s ]
SQL: SELECT * FROM `sjy_origanization_position_info` WHERE `sjy_origanization_id` = '20' LIMIT 1   [ RunTime:0.0650s ]
SQL: SHOW COLUMNS FROM `sjy_origanization_images` [ RunTime:0.0640s ]
NOTIC: [8] Undefined variable: community_info C:\wamp64\www\shejuyi\Application\Home\Controller\CommunityController.class.php 第 633 行.
SQL: SELECT `sjy_origanization_images` FROM `sjy_origanization_images` WHERE `sjy_origanization_code` = null LIMIT 1   [ RunTime:0.0850s ]

[ 2018-01-25T15:43:36+08:00 ] 127.0.0.1 /index.php/Home/Community/getoriganizationinfo?id=13
INFO: [ app_init ] --START--
INFO: Run Behavior\BuildLiteBehavior [ RunTime:0.000000s ]
INFO: [ app_init ] --END-- [ RunTime:0.000000s ]
INFO: [ app_begin ] --START--
INFO: Run Behavior\ReadHtmlCacheBehavior [ RunTime:0.001000s ]
INFO: [ app_begin ] --END-- [ RunTime:0.001000s ]
SQL: SHOW COLUMNS FROM `sjy_cities` [ RunTime:0.0580s ]
SQL: SELECT * FROM `sjy_cities` WHERE `cityid` = 110000 LIMIT 1   [ RunTime:0.0710s ]
NOTIC: [8] Undefined variable: islogin C:\wamp64\www\shejuyi\Application\Home\Controller\BaseController.class.php 第 94 行.
NOTIC: [8] Undefined variable: user_image C:\wamp64\www\shejuyi\Application\Home\Controller\BaseController.class.php 第 98 行.
SQL: SHOW COLUMNS FROM `sjy_origanization_base_info` [ RunTime:0.0730s ]
SQL: SELECT * FROM `sjy_origanization_base_info` WHERE `sjy_id` = 13 LIMIT 1   [ RunTime:0.0810s ]
SQL: SHOW COLUMNS FROM `sjy_origanization_position_info` [ RunTime:0.0630s ]
SQL: SELECT * FROM `sjy_origanization_position_info` WHERE `sjy_origanization_id` = '13' LIMIT 1   [ RunTime:0.0640s ]
SQL: SHOW COLUMNS FROM `sjy_origanization_images` [ RunTime:0.0730s ]
NOTIC: [8] Undefined variable: community_info C:\wamp64\www\shejuyi\Application\Home\Controller\CommunityController.class.php 第 633 行.
SQL: SELECT `sjy_origanization_images` FROM `sjy_origanization_images` WHERE `sjy_origanization_code` = null LIMIT 1   [ RunTime:0.0500s ]

[ 2018-01-25T15:43:56+08:00 ] 127.0.0.1 /index.php/Home/Community/getoriganizationinfo?id=22
INFO: [ app_init ] --START--
INFO: Run Behavior\BuildLiteBehavior [ RunTime:0.000000s ]
INFO: [ app_init ] --END-- [ RunTime:0.000000s ]
INFO: [ app_begin ] --START--
INFO: Run Behavior\ReadHtmlCacheBehavior [ RunTime:0.001000s ]
INFO: [ app_begin ] --END-- [ RunTime:0.001000s ]
SQL: SHOW COLUMNS FROM `sjy_cities` [ RunTime:0.0490s ]
SQL: SELECT * FROM `sjy_cities` WHERE `cityid` = 110000 LIMIT 1   [ RunTime:0.0740s ]
NOTIC: [8] Undefined variable: islogin C:\wamp64\www\shejuyi\Application\Home\Controller\BaseController.class.php 第 94 行.
NOTIC: [8] Undefined variable: user_image C:\wamp64\www\shejuyi\Application\Home\Controller\BaseController.class.php 第 98 行.
SQL: SHOW COLUMNS FROM `sjy_origanization_base_info` [ RunTime:0.0780s ]
SQL: SELECT * FROM `sjy_origanization_base_info` WHERE `sjy_id` = 22 LIMIT 1   [ RunTime:0.0820s ]
SQL: SHOW COLUMNS FROM `sjy_origanization_position_info` [ RunTime:0.0690s ]
SQL: SELECT * FROM `sjy_origanization_position_info` WHERE `sjy_origanization_id` = '22' LIMIT 1   [ RunTime:0.0790s ]
SQL: SHOW COLUMNS FROM `sjy_origanization_images` [ RunTime:0.0870s ]
NOTIC: [8] Undefined variable: community_info C:\wamp64\www\shejuyi\Application\Home\Controller\CommunityController.class.php 第 633 行.
SQL: SELECT `sjy_origanization_images` FROM `sjy_origanization_images` WHERE `sjy_origanization_code` = null LIMIT 1   [ RunTime:0.0720s ]

[ 2018-01-25T15:44:01+08:00 ] 127.0.0.1 /index.php/Home/Community/getoriganizationinfo?id=21
INFO: [ app_init ] --START--
INFO: Run Behavior\BuildLiteBehavior [ RunTime:0.000000s ]
INFO: [ app_init ] --END-- [ RunTime:0.000000s ]
INFO: [ app_begin ] --START--
INFO: Run Behavior\ReadHtmlCacheBehavior [ RunTime:0.001000s ]
INFO: [ app_begin ] --END-- [ RunTime:0.001000s ]
SQL: SHOW COLUMNS FROM `sjy_cities` [ RunTime:0.0580s ]
SQL: SELECT * FROM `sjy_cities` WHERE `cityid` = 110000 LIMIT 1   [ RunTime:0.0860s ]
NOTIC: [8] Undefined variable: islogin C:\wamp64\www\shejuyi\Application\Home\Controller\BaseController.class.php 第 94 行.
NOTIC: [8] Undefined variable: user_image C:\wamp64\www\shejuyi\Application\Home\Controller\BaseController.class.php 第 98 行.
SQL: SHOW COLUMNS FROM `sjy_origanization_base_info` [ RunTime:0.0820s ]
SQL: SELECT * FROM `sjy_origanization_base_info` WHERE `sjy_id` = 21 LIMIT 1   [ RunTime:0.0800s ]
SQL: SHOW COLUMNS FROM `sjy_origanization_position_info` [ RunTime:0.0520s ]
SQL: SELECT * FROM `sjy_origanization_position_info` WHERE `sjy_origanization_id` = '21' LIMIT 1   [ RunTime:0.0720s ]
SQL: SHOW COLUMNS FROM `sjy_origanization_images` [ RunTime:0.0460s ]
NOTIC: [8] Undefined variable: community_info C:\wamp64\www\shejuyi\Application\Home\Controller\CommunityController.class.php 第 633 行.
SQL: SELECT `sjy_origanization_images` FROM `sjy_origanization_images` WHERE `sjy_origanization_code` = null LIMIT 1   [ RunTime:0.0640s ]

[ 2018-01-25T16:04:46+08:00 ] 127.0.0.1 /index.php/Home/Origanization/getcommunitytenderproject?id=2
INFO: [ app_init ] --START--
INFO: Run Behavior\BuildLiteBehavior [ RunTime:0.000000s ]
INFO: [ app_init ] --END-- [ RunTime:0.000000s ]
INFO: [ app_begin ] --START--
INFO: Run Behavior\ReadHtmlCacheBehavior [ RunTime:0.002000s ]
INFO: [ app_begin ] --END-- [ RunTime:0.002000s ]
SQL: SHOW COLUMNS FROM `sjy_cities` [ RunTime:0.0870s ]
SQL: SELECT * FROM `sjy_cities` WHERE `cityid` = 110000 LIMIT 1   [ RunTime:0.0560s ]
NOTIC: [8] Undefined variable: islogin C:\wamp64\www\shejuyi\Application\Home\Controller\BaseController.class.php 第 94 行.
NOTIC: [8] Undefined variable: user_image C:\wamp64\www\shejuyi\Application\Home\Controller\BaseController.class.php 第 98 行.
ERR: 非法操作:getcommunitytenderproject

[ 2018-01-25T16:05:03+08:00 ] 127.0.0.1 /index.php/Home/Origanization/getcommunitytenderproject?id=2
INFO: [ app_init ] --START--
INFO: Run Behavior\BuildLiteBehavior [ RunTime:0.000000s ]
INFO: [ app_init ] --END-- [ RunTime:0.002000s ]
INFO: [ app_begin ] --START--
INFO: Run Behavior\ReadHtmlCacheBehavior [ RunTime:0.002000s ]
INFO: [ app_begin ] --END-- [ RunTime:0.002000s ]
SQL: SHOW COLUMNS FROM `sjy_cities` [ RunTime:0.0940s ]
SQL: SELECT * FROM `sjy_cities` WHERE `cityid` = 110000 LIMIT 1   [ RunTime:0.0560s ]
NOTIC: [8] Undefined variable: islogin C:\wamp64\www\shejuyi\Application\Home\Controller\BaseController.class.php 第 94 行.
NOTIC: [8] Undefined variable: user_image C:\wamp64\www\shejuyi\Application\Home\Controller\BaseController.class.php 第 98 行.
SQL: SHOW COLUMNS FROM `sjy_community_project_info` [ RunTime:0.0890s ]
SQL: SELECT * FROM `sjy_community_project_info` WHERE `sjy_community_id` = '' AND `sjy_community_project_status` = 0 AND `sjy_community_project_collect_end_time` > '2018-01-25 16:05:03'  [ RunTime:0.0660s ]

[ 2018-01-25T16:05:38+08:00 ] 127.0.0.1 /index.php/Home/Origanization/getcommunitytenderproject?id=26
INFO: [ app_init ] --START--
INFO: Run Behavior\BuildLiteBehavior [ RunTime:0.000000s ]
INFO: [ app_init ] --END-- [ RunTime:0.000000s ]
INFO: [ app_begin ] --START--
INFO: Run Behavior\ReadHtmlCacheBehavior [ RunTime:0.001000s ]
INFO: [ app_begin ] --END-- [ RunTime:0.001000s ]
SQL: SHOW COLUMNS FROM `sjy_cities` [ RunTime:0.0580s ]
SQL: SELECT * FROM `sjy_cities` WHERE `cityid` = 110000 LIMIT 1   [ RunTime:0.0890s ]
NOTIC: [8] Undefined variable: islogin C:\wamp64\www\shejuyi\Application\Home\Controller\BaseController.class.php 第 94 行.
NOTIC: [8] Undefined variable: user_image C:\wamp64\www\shejuyi\Application\Home\Controller\BaseController.class.php 第 98 行.
SQL: SHOW COLUMNS FROM `sjy_community_project_info` [ RunTime:0.0940s ]
SQL: SELECT * FROM `sjy_community_project_info` WHERE `sjy_community_id` = '' AND `sjy_community_project_status` = 0 AND `sjy_community_project_collect_end_time` > '2018-01-25 16:05:38'  [ RunTime:0.0860s ]

[ 2018-01-25T16:07:34+08:00 ] 127.0.0.1 /index.php/Home/Origanization/getcommunitytenderproject?id=26
INFO: [ app_init ] --START--
INFO: Run Behavior\BuildLiteBehavior [ RunTime:0.000000s ]
INFO: [ app_init ] --END-- [ RunTime:0.001000s ]
INFO: [ app_begin ] --START--
INFO: Run Behavior\ReadHtmlCacheBehavior [ RunTime:0.001000s ]
INFO: [ app_begin ] --END-- [ RunTime:0.002000s ]
SQL: SHOW COLUMNS FROM `sjy_cities` [ RunTime:0.0510s ]
SQL: SELECT * FROM `sjy_cities` WHERE `cityid` = 110000 LIMIT 1   [ RunTime:0.0740s ]
NOTIC: [8] Undefined variable: islogin C:\wamp64\www\shejuyi\Application\Home\Controller\BaseController.class.php 第 94 行.
NOTIC: [8] Undefined variable: user_image C:\wamp64\www\shejuyi\Application\Home\Controller\BaseController.class.php 第 98 行.
SQL: SHOW COLUMNS FROM `sjy_community_project_info` [ RunTime:0.0880s ]
SQL: SELECT * FROM `sjy_community_project_info` WHERE `sjy_community_id` = '' AND `sjy_community_project_state` = 0 AND `sjy_community_project_collect_end_time` > '2018-01-25 16:07:34'  [ RunTime:0.0520s ]

[ 2018-01-25T16:08:23+08:00 ] 127.0.0.1 /index.php/Home/Origanization/getcommunitytenderproject?id=26
INFO: [ app_init ] --START--
INFO: Run Behavior\BuildLiteBehavior [ RunTime:0.000000s ]
INFO: [ app_init ] --END-- [ RunTime:0.001000s ]
INFO: [ app_begin ] --START--
INFO: Run Behavior\ReadHtmlCacheBehavior [ RunTime:0.001000s ]
INFO: [ app_begin ] --END-- [ RunTime:0.001000s ]
SQL: SHOW COLUMNS FROM `sjy_cities` [ RunTime:0.0650s ]
SQL: SELECT * FROM `sjy_cities` WHERE `cityid` = 110000 LIMIT 1   [ RunTime:0.0680s ]
NOTIC: [8] Undefined variable: islogin C:\wamp64\www\shejuyi\Application\Home\Controller\BaseController.class.php 第 94 行.
NOTIC: [8] Undefined variable: user_image C:\wamp64\www\shejuyi\Application\Home\Controller\BaseController.class.php 第 98 行.
SQL: SHOW COLUMNS FROM `sjy_community_project_info` [ RunTime:0.0550s ]
SQL: SELECT * FROM `sjy_community_project_info` WHERE `sjy_community_id` = '' AND `sjy_community_project_state` = 0 AND `sjy_community_project_collect_end_time` > '2018-01-25 16:08:23'  [ RunTime:0.0760s ]

[ 2018-01-25T16:09:10+08:00 ] 127.0.0.1 /index.php/Home/Origanization/getcommunitytenderproject?id=26
INFO: [ app_init ] --START--
INFO: Run Behavior\BuildLiteBehavior [ RunTime:0.000000s ]
INFO: [ app_init ] --END-- [ RunTime:0.001000s ]
INFO: [ app_begin ] --START--
INFO: Run Behavior\ReadHtmlCacheBehavior [ RunTime:0.001000s ]
INFO: [ app_begin ] --END-- [ RunTime:0.002000s ]
SQL: SHOW COLUMNS FROM `sjy_cities` [ RunTime:0.0660s ]
SQL: SELECT * FROM `sjy_cities` WHERE `cityid` = 110000 LIMIT 1   [ RunTime:0.0770s ]
NOTIC: [8] Undefined variable: islogin C:\wamp64\www\shejuyi\Application\Home\Controller\BaseController.class.php 第 94 行.
NOTIC: [8] Undefined variable: user_image C:\wamp64\www\shejuyi\Application\Home\Controller\BaseController.class.php 第 98 行.
SQL: SHOW COLUMNS FROM `sjy_community_project_info` [ RunTime:0.0580s ]
SQL: SELECT * FROM `sjy_community_project_info` WHERE `sjy_community_id` = '26' AND `sjy_community_project_state` = 0 AND `sjy_community_project_collect_end_time` > '2018-01-25 16:09:10'  [ RunTime:0.0680s ]

[ 2018-01-25T16:15:27+08:00 ] 127.0.0.1 /index.php/Home/Origanization/getcommunitytenderproject?id=26
INFO: [ app_init ] --START--
INFO: Run Behavior\BuildLiteBehavior [ RunTime:0.000000s ]
INFO: [ app_init ] --END-- [ RunTime:0.001000s ]
INFO: [ app_begin ] --START--
INFO: Run Behavior\ReadHtmlCacheBehavior [ RunTime:0.002000s ]
INFO: [ app_begin ] --END-- [ RunTime:0.002000s ]
SQL: SHOW COLUMNS FROM `sjy_cities` [ RunTime:0.0480s ]
SQL: SELECT * FROM `sjy_cities` WHERE `cityid` = 110000 LIMIT 1   [ RunTime:0.0500s ]
NOTIC: [8] Undefined variable: islogin C:\wamp64\www\shejuyi\Application\Home\Controller\BaseController.class.php 第 94 行.
NOTIC: [8] Undefined variable: user_image C:\wamp64\www\shejuyi\Application\Home\Controller\BaseController.class.php 第 98 行.
SQL: SHOW COLUMNS FROM `sjy_community_project_info` [ RunTime:0.0650s ]
SQL: SELECT * FROM `sjy_community_project_info` WHERE `sjy_community_id` = '26' AND `sjy_community_project_state` = 0 AND `sjy_community_project_collect_end_time` > '2018-01-25 16:15:26'  [ RunTime:0.0570s ]
SQL: SHOW COLUMNS FROM `sjy_community_project_image` [ RunTime:0.0560s ]
SQL: SELECT `sjy_community_project_image` FROM `sjy_community_project_image` WHERE `sjy_community_project_id` = 37 LIMIT 1   [ RunTime:0.0490s ]

[ 2018-01-25T16:44:21+08:00 ] 127.0.0.1 /index.php/Home/Origanization/getcommunitytenderproject?id=26
INFO: [ app_init ] --START--
INFO: Run Behavior\BuildLiteBehavior [ RunTime:0.000000s ]
INFO: [ app_init ] --END-- [ RunTime:0.009000s ]
INFO: [ app_begin ] --START--
INFO: Run Behavior\ReadHtmlCacheBehavior [ RunTime:0.003000s ]
INFO: [ app_begin ] --END-- [ RunTime:0.004000s ]
SQL: SHOW COLUMNS FROM `sjy_cities` [ RunTime:0.0810s ]
SQL: SELECT * FROM `sjy_cities` WHERE `cityid` = 110000 LIMIT 1   [ RunTime:0.0770s ]
NOTIC: [8] Undefined variable: islogin C:\wamp64\www\shejuyi\Application\Home\Controller\BaseController.class.php 第 94 行.
NOTIC: [8] Undefined variable: user_image C:\wamp64\www\shejuyi\Application\Home\Controller\BaseController.class.php 第 98 行.
SQL: SHOW COLUMNS FROM `sjy_community_project_info` [ RunTime:0.0920s ]
SQL: SELECT * FROM `sjy_community_project_info` WHERE `sjy_community_id` = '26' AND `sjy_community_project_state` = 0 AND `sjy_community_project_collect_end_time` > '2018-01-25 16:44:20' LIMIT 0,15   [ RunTime:0.0650s ]
SQL: SHOW COLUMNS FROM `sjy_community_project_image` [ RunTime:0.0710s ]
SQL: SELECT `sjy_community_project_image` FROM `sjy_community_project_image` WHERE `sjy_community_project_id` = 36 LIMIT 1   [ RunTime:0.0710s ]
SQL: SELECT `sjy_community_project_image` FROM `sjy_community_project_image` WHERE `sjy_community_project_id` = 37 LIMIT 1   [ RunTime:0.1220s ]
SQL: SELECT COUNT(*) AS tp_count FROM `sjy_community_project_info` WHERE `sjy_community_id` = '26' AND `sjy_community_project_state` = 0 AND `sjy_community_project_collect_end_time` > '2018-01-25 16:44:20' LIMIT 1   [ RunTime:0.0670s ]

[ 2018-01-25T16:46:10+08:00 ] 127.0.0.1 /index.php/Home/Origanization/getcommunitytenderproject?id=26
INFO: [ app_init ] --START--
INFO: Run Behavior\BuildLiteBehavior [ RunTime:0.000000s ]
INFO: [ app_init ] --END-- [ RunTime:0.000000s ]
INFO: [ app_begin ] --START--
INFO: Run Behavior\ReadHtmlCacheBehavior [ RunTime:0.001000s ]
INFO: [ app_begin ] --END-- [ RunTime:0.001000s ]
SQL: SHOW COLUMNS FROM `sjy_cities` [ RunTime:0.0510s ]
SQL: SELECT * FROM `sjy_cities` WHERE `cityid` = 110000 LIMIT 1   [ RunTime:0.0660s ]
NOTIC: [8] Undefined variable: islogin C:\wamp64\www\shejuyi\Application\Home\Controller\BaseController.class.php 第 94 行.
NOTIC: [8] Undefined variable: user_image C:\wamp64\www\shejuyi\Application\Home\Controller\BaseController.class.php 第 98 行.
SQL: SHOW COLUMNS FROM `sjy_community_project_info` [ RunTime:0.0490s ]
SQL: SELECT * FROM `sjy_community_project_info` WHERE `sjy_community_id` = '26' AND `sjy_community_project_state` = 0 AND `sjy_community_project_collect_end_time` > '2018-01-25 16:46:09' LIMIT 0,15   [ RunTime:0.0640s ]
SQL: SHOW COLUMNS FROM `sjy_community_project_image` [ RunTime:0.0700s ]
SQL: SELECT `sjy_community_project_image` FROM `sjy_community_project_image` WHERE `sjy_community_project_id` = 36 LIMIT 1   [ RunTime:0.0580s ]
SQL: SELECT `sjy_community_project_image` FROM `sjy_community_project_image` WHERE `sjy_community_project_id` = 37 LIMIT 1   [ RunTime:0.0830s ]
SQL: SELECT COUNT(*) AS tp_count FROM `sjy_community_project_info` WHERE `sjy_community_id` = '26' AND `sjy_community_project_state` = 0 AND `sjy_community_project_collect_end_time` > '2018-01-25 16:46:09' LIMIT 1   [ RunTime:0.0710s ]

[ 2018-01-25T16:55:53+08:00 ] 127.0.0.1 /index.php/Home/Origanization/getcommunityingproject?id=26
INFO: [ app_init ] --START--
INFO: Run Behavior\BuildLiteBehavior [ RunTime:0.000000s ]
INFO: [ app_init ] --END-- [ RunTime:0.001000s ]
INFO: [ app_begin ] --START--
INFO: Run Behavior\ReadHtmlCacheBehavior [ RunTime:0.002000s ]
INFO: [ app_begin ] --END-- [ RunTime:0.002000s ]
SQL: SHOW COLUMNS FROM `sjy_cities` [ RunTime:0.0820s ]
SQL: SELECT * FROM `sjy_cities` WHERE `cityid` = 110000 LIMIT 1   [ RunTime:0.0700s ]
NOTIC: [8] Undefined variable: islogin C:\wamp64\www\shejuyi\Application\Home\Controller\BaseController.class.php 第 94 行.
NOTIC: [8] Undefined variable: user_image C:\wamp64\www\shejuyi\Application\Home\Controller\BaseController.class.php 第 98 行.
SQL: SHOW COLUMNS FROM `sjy_community_project_info` [ RunTime:0.0730s ]
SQL: SELECT * FROM `sjy_community_project_info` WHERE `sjy_community_id` = '26' AND `sjy_community_project_status` = 1  [ RunTime:0.0680s ]
SQL: SELECT COUNT(*) AS tp_count FROM `sjy_community_project_info` WHERE `sjy_community_id` = '26' AND `sjy_community_project_status` = 1 LIMIT 1   [ RunTime:0.0520s ]

[ 2018-01-25T16:56:21+08:00 ] 127.0.0.1 /index.php/Home/Origanization/getcommunityingproject?id=26
INFO: [ app_init ] --START--
INFO: Run Behavior\BuildLiteBehavior [ RunTime:0.000000s ]
INFO: [ app_init ] --END-- [ RunTime:0.001000s ]
INFO: [ app_begin ] --START--
INFO: Run Behavior\ReadHtmlCacheBehavior [ RunTime:0.002000s ]
INFO: [ app_begin ] --END-- [ RunTime:0.002000s ]
SQL: SHOW COLUMNS FROM `sjy_cities` [ RunTime:0.1220s ]
SQL: SELECT * FROM `sjy_cities` WHERE `cityid` = 110000 LIMIT 1   [ RunTime:0.0710s ]
NOTIC: [8] Undefined variable: islogin C:\wamp64\www\shejuyi\Application\Home\Controller\BaseController.class.php 第 94 行.
NOTIC: [8] Undefined variable: user_image C:\wamp64\www\shejuyi\Application\Home\Controller\BaseController.class.php 第 98 行.
SQL: SHOW COLUMNS FROM `sjy_community_project_info` [ RunTime:0.0730s ]
SQL: SELECT * FROM `sjy_community_project_info` WHERE `sjy_community_id` = '26' AND `sjy_community_project_status` = 1  [ RunTime:0.0560s ]
SQL: SHOW COLUMNS FROM `sjy_community_project_image` [ RunTime:0.0730s ]
SQL: SELECT `sjy_community_project_image` FROM `sjy_community_project_image` WHERE `sjy_community_project_id` = 35 LIMIT 1   [ RunTime:0.0620s ]
SQL: SELECT `sjy_community_project_image` FROM `sjy_community_project_image` WHERE `sjy_community_project_id` = 36 LIMIT 1   [ RunTime:0.0730s ]
SQL: SELECT COUNT(*) AS tp_count FROM `sjy_community_project_info` WHERE `sjy_community_id` = '26' AND `sjy_community_project_status` = 1 LIMIT 1   [ RunTime:0.0740s ]

[ 2018-01-25T16:57:01+08:00 ] 127.0.0.1 /index.php/Home/Origanization/getcommunityingproject?id=26
INFO: [ app_init ] --START--
INFO: Run Behavior\BuildLiteBehavior [ RunTime:0.000000s ]
INFO: [ app_init ] --END-- [ RunTime:0.001000s ]
INFO: [ app_begin ] --START--
INFO: Run Behavior\ReadHtmlCacheBehavior [ RunTime:0.001000s ]
INFO: [ app_begin ] --END-- [ RunTime:0.002000s ]
SQL: SHOW COLUMNS FROM `sjy_cities` [ RunTime:0.0710s ]
SQL: SELECT * FROM `sjy_cities` WHERE `cityid` = 110000 LIMIT 1   [ RunTime:0.0870s ]
NOTIC: [8] Undefined variable: islogin C:\wamp64\www\shejuyi\Application\Home\Controller\BaseController.class.php 第 94 行.
NOTIC: [8] Undefined variable: user_image C:\wamp64\www\shejuyi\Application\Home\Controller\BaseController.class.php 第 98 行.
SQL: SHOW COLUMNS FROM `sjy_community_project_info` [ RunTime:0.1050s ]
SQL: SELECT * FROM `sjy_community_project_info` WHERE `sjy_community_id` = '26' AND `sjy_community_project_status` = 1  [ RunTime:0.0710s ]
SQL: SHOW COLUMNS FROM `sjy_community_project_image` [ RunTime:0.0820s ]
SQL: SELECT `sjy_community_project_image` FROM `sjy_community_project_image` WHERE `sjy_community_project_id` = 35 LIMIT 1   [ RunTime:0.1120s ]
SQL: SELECT `sjy_community_project_image` FROM `sjy_community_project_image` WHERE `sjy_community_project_id` = 36 LIMIT 1   [ RunTime:0.1010s ]
SQL: SELECT COUNT(*) AS tp_count FROM `sjy_community_project_info` WHERE `sjy_community_id` = '26' AND `sjy_community_project_status` = 1 LIMIT 1   [ RunTime:0.0530s ]

[ 2018-01-25T17:19:53+08:00 ] 127.0.0.1 /index.php/Home/Origanization/getcommunityoldproject?id=26
INFO: [ app_init ] --START--
INFO: Run Behavior\BuildLiteBehavior [ RunTime:0.000000s ]
INFO: [ app_init ] --END-- [ RunTime:0.001000s ]
INFO: [ app_begin ] --START--
INFO: Run Behavior\ReadHtmlCacheBehavior [ RunTime:0.003000s ]
INFO: [ app_begin ] --END-- [ RunTime:0.004000s ]
SQL: SHOW COLUMNS FROM `sjy_cities` [ RunTime:0.0480s ]
SQL: SELECT * FROM `sjy_cities` WHERE `cityid` = 110000 LIMIT 1   [ RunTime:0.0610s ]
NOTIC: [8] Undefined variable: islogin C:\wamp64\www\shejuyi\Application\Home\Controller\BaseController.class.php 第 94 行.
NOTIC: [8] Undefined variable: user_image C:\wamp64\www\shejuyi\Application\Home\Controller\BaseController.class.php 第 98 行.
SQL: SHOW COLUMNS FROM `sjy_community_project_info` [ RunTime:0.0520s ]
SQL: SELECT * FROM `sjy_community_project_info` WHERE `sjy_community_id` = '26' AND `sjy_community_project_status` = 2  [ RunTime:0.0630s ]
SQL: SHOW COLUMNS FROM `sjy_community_project_image` [ RunTime:0.0510s ]
SQL: SELECT `sjy_community_project_image` FROM `sjy_community_project_image` WHERE `sjy_community_project_id` = 33 LIMIT 1   [ RunTime:0.0650s ]
SQL: SELECT `sjy_community_project_image` FROM `sjy_community_project_image` WHERE `sjy_community_project_id` = 38 LIMIT 1   [ RunTime:0.0650s ]
SQL: SELECT COUNT(*) AS tp_count FROM `sjy_community_project_info` WHERE `sjy_community_id` = '26' AND `sjy_community_project_status` = 2 LIMIT 1   [ RunTime:0.0720s ]

