[ 2018-03-26T16:06:04+08:00 ] 127.0.0.1 /index.php/Home/Project/communityTenderProject?community_code=30
INFO: [ app_init ] --START--
INFO: Run Behavior\BuildLiteBehavior [ RunTime:0.000015s ]
INFO: [ app_init ] --END-- [ RunTime:0.000676s ]
INFO: [ app_begin ] --START--
INFO: Run Behavior\ReadHtmlCacheBehavior [ RunTime:0.000766s ]
INFO: [ app_begin ] --END-- [ RunTime:0.000830s ]
SQL: SHOW COLUMNS FROM `sjy_origanization_user_info` [ RunTime:0.0736s ]
SQL: SELECT * FROM `sjy_origanization_user_info` WHERE `sjy_id` = 79 LIMIT 1   [ RunTime:0.0759s ]
SQL: SHOW COLUMNS FROM `sjy_cities` [ RunTime:0.0564s ]
SQL: SELECT `city` FROM `sjy_cities` WHERE `cityid` = '110000' LIMIT 1   [ RunTime:0.0430s ]
NOTIC: [8] Undefined variable: islogin C:\xampp\htdocs\shejuyi\Application\Home\Controller\BaseController.class.php 第 101 行.
SQL: SHOW COLUMNS FROM `sjy_community_project_info` [ RunTime:0.0448s ]
SQL: SELECT * FROM `sjy_community_project_info` WHERE `sjy_community_project_status` = 0 AND `sjy_community_project_collect_start_time` < '2018-03-26' AND `sjy_community_project_start_time` > '2018-03-26' LIMIT 0,15   [ RunTime:0.0808s ]
SQL: SHOW COLUMNS FROM `sjy_community_project_image` [ RunTime:0.0885s ]
SQL: SELECT * FROM `sjy_community_project_image` WHERE `sjy_community_project_id` = 41 LIMIT 1   [ RunTime:0.0648s ]
SQL: SELECT COUNT(*) AS tp_count FROM `sjy_community_project_info` WHERE `sjy_community_project_status` = 0 AND `sjy_community_project_collect_start_time` < '2018-03-26' AND `sjy_community_project_start_time` > '2018-03-26' LIMIT 1   [ RunTime:0.0721s ]

[ 2018-03-26T16:06:06+08:00 ] 127.0.0.1 /index.php/Home/Project/displayCommunityProject/id/41
INFO: [ app_init ] --START--
INFO: Run Behavior\BuildLiteBehavior [ RunTime:0.000010s ]
INFO: [ app_init ] --END-- [ RunTime:0.000333s ]
INFO: [ app_begin ] --START--
INFO: Run Behavior\ReadHtmlCacheBehavior [ RunTime:0.000523s ]
INFO: [ app_begin ] --END-- [ RunTime:0.000560s ]
SQL: SHOW COLUMNS FROM `sjy_origanization_user_info` [ RunTime:0.0761s ]
SQL: SELECT * FROM `sjy_origanization_user_info` WHERE `sjy_id` = 79 LIMIT 1   [ RunTime:0.0451s ]
SQL: SHOW COLUMNS FROM `sjy_cities` [ RunTime:0.1085s ]
SQL: SELECT `city` FROM `sjy_cities` WHERE `cityid` = '110000' LIMIT 1   [ RunTime:0.0579s ]
NOTIC: [8] Undefined variable: islogin C:\xampp\htdocs\shejuyi\Application\Home\Controller\BaseController.class.php 第 101 行.
SQL: SHOW COLUMNS FROM `sjy_project` [ RunTime:0.0805s ]
SQL: SELECT * FROM `sjy_project` WHERE `project_id` = 41 AND `status` = 2 LIMIT 1   [ RunTime:0.0592s ]
INFO: [ view_parse ] --START--
INFO: [ template_filter ] --START--
INFO: Run Behavior\ContentReplaceBehavior [ RunTime:0.000131s ]
INFO: [ template_filter ] --END-- [ RunTime:0.000170s ]
INFO: Run Behavior\ParseTemplateBehavior [ RunTime:0.027133s ]
INFO: [ view_parse ] --END-- [ RunTime:0.027190s ]
INFO: [ view_filter ] --START--
INFO: Run Behavior\WriteHtmlCacheBehavior [ RunTime:0.000606s ]
INFO: [ view_filter ] --END-- [ RunTime:0.000641s ]
INFO: [ app_end ] --START--
INFO: Run Behavior\ShowPageTraceBehavior [ RunTime:0.000651s ]
INFO: [ app_end ] --END-- [ RunTime:0.000687s ]

[ 2018-03-26T16:06:07+08:00 ] 127.0.0.1 /index.php/Home/Project/displayCommunityProject/id/41
INFO: [ app_init ] --START--
INFO: Run Behavior\BuildLiteBehavior [ RunTime:0.000010s ]
INFO: [ app_init ] --END-- [ RunTime:0.000372s ]
INFO: [ app_begin ] --START--
INFO: Run Behavior\ReadHtmlCacheBehavior [ RunTime:0.000657s ]
INFO: [ app_begin ] --END-- [ RunTime:0.000696s ]
SQL: SHOW COLUMNS FROM `sjy_origanization_user_info` [ RunTime:0.0764s ]
SQL: SELECT * FROM `sjy_origanization_user_info` WHERE `sjy_id` = 79 LIMIT 1   [ RunTime:0.0663s ]
SQL: SHOW COLUMNS FROM `sjy_cities` [ RunTime:0.0581s ]
SQL: SELECT `city` FROM `sjy_cities` WHERE `cityid` = '110000' LIMIT 1   [ RunTime:0.0436s ]
NOTIC: [8] Undefined variable: islogin C:\xampp\htdocs\shejuyi\Application\Home\Controller\BaseController.class.php 第 101 行.
SQL: SHOW COLUMNS FROM `sjy_project` [ RunTime:0.0677s ]
SQL: SELECT * FROM `sjy_project` WHERE `project_id` = 41 AND `status` = 2 LIMIT 1   [ RunTime:0.0651s ]
INFO: [ view_parse ] --START--
INFO: [ template_filter ] --START--
INFO: Run Behavior\ContentReplaceBehavior [ RunTime:0.000165s ]
INFO: [ template_filter ] --END-- [ RunTime:0.000229s ]
INFO: Run Behavior\ParseTemplateBehavior [ RunTime:0.029213s ]
INFO: [ view_parse ] --END-- [ RunTime:0.029287s ]
INFO: [ view_filter ] --START--
INFO: Run Behavior\WriteHtmlCacheBehavior [ RunTime:0.000650s ]
INFO: [ view_filter ] --END-- [ RunTime:0.000691s ]
INFO: [ app_end ] --START--
INFO: Run Behavior\ShowPageTraceBehavior [ RunTime:0.000812s ]
INFO: [ app_end ] --END-- [ RunTime:0.000860s ]

[ 2018-03-26T16:06:08+08:00 ] 127.0.0.1 /index.php/Home/Project/displayCommunityProject/id/41
INFO: [ app_init ] --START--
INFO: Run Behavior\BuildLiteBehavior [ RunTime:0.000010s ]
INFO: [ app_init ] --END-- [ RunTime:0.000308s ]
INFO: [ app_begin ] --START--
INFO: Run Behavior\ReadHtmlCacheBehavior [ RunTime:0.000592s ]
INFO: [ app_begin ] --END-- [ RunTime:0.000632s ]
SQL: SHOW COLUMNS FROM `sjy_origanization_user_info` [ RunTime:0.0729s ]
SQL: SELECT * FROM `sjy_origanization_user_info` WHERE `sjy_id` = 79 LIMIT 1   [ RunTime:0.0967s ]
SQL: SHOW COLUMNS FROM `sjy_cities` [ RunTime:0.0564s ]
SQL: SELECT `city` FROM `sjy_cities` WHERE `cityid` = '110000' LIMIT 1   [ RunTime:0.0709s ]
NOTIC: [8] Undefined variable: islogin C:\xampp\htdocs\shejuyi\Application\Home\Controller\BaseController.class.php 第 101 行.
SQL: SHOW COLUMNS FROM `sjy_project` [ RunTime:0.0516s ]
SQL: SELECT * FROM `sjy_project` WHERE `project_id` = 41 AND `status` = 2 LIMIT 1   [ RunTime:0.0643s ]
INFO: [ view_parse ] --START--
INFO: [ template_filter ] --START--
INFO: Run Behavior\ContentReplaceBehavior [ RunTime:0.000132s ]
INFO: [ template_filter ] --END-- [ RunTime:0.000176s ]
INFO: Run Behavior\ParseTemplateBehavior [ RunTime:0.026118s ]
INFO: [ view_parse ] --END-- [ RunTime:0.026184s ]
INFO: [ view_filter ] --START--
INFO: Run Behavior\WriteHtmlCacheBehavior [ RunTime:0.000550s ]
INFO: [ view_filter ] --END-- [ RunTime:0.000584s ]
INFO: [ app_end ] --START--
INFO: Run Behavior\ShowPageTraceBehavior [ RunTime:0.000581s ]
INFO: [ app_end ] --END-- [ RunTime:0.000621s ]

[ 2018-03-26T16:06:09+08:00 ] 127.0.0.1 /index.php/Home/Project/getCommunityProject/id/41
INFO: [ app_init ] --START--
INFO: Run Behavior\BuildLiteBehavior [ RunTime:0.000012s ]
INFO: [ app_init ] --END-- [ RunTime:0.000342s ]
INFO: [ app_begin ] --START--
INFO: Run Behavior\ReadHtmlCacheBehavior [ RunTime:0.000536s ]
INFO: [ app_begin ] --END-- [ RunTime:0.000573s ]
SQL: SHOW COLUMNS FROM `sjy_origanization_user_info` [ RunTime:0.0735s ]
SQL: SELECT * FROM `sjy_origanization_user_info` WHERE `sjy_id` = 79 LIMIT 1   [ RunTime:0.3346s ]
SQL: SHOW COLUMNS FROM `sjy_cities` [ RunTime:0.0826s ]
SQL: SELECT `city` FROM `sjy_cities` WHERE `cityid` = '110000' LIMIT 1   [ RunTime:0.0567s ]
NOTIC: [8] Undefined variable: islogin C:\xampp\htdocs\shejuyi\Application\Home\Controller\BaseController.class.php 第 101 行.
SQL: SHOW COLUMNS FROM `sjy_community_project_info` [ RunTime:0.0445s ]
SQL: SELECT * FROM `sjy_community_project_info` WHERE `sjy_id` = 41 LIMIT 1   [ RunTime:0.0721s ]
SQL: SHOW COLUMNS FROM `sjy_community_position_info` [ RunTime:0.0437s ]
SQL: SELECT * FROM `sjy_community_position_info` WHERE `sjy_community_id` = '30' LIMIT 1   [ RunTime:0.0636s ]
SQL: SHOW COLUMNS FROM `sjy_community_project_image` [ RunTime:0.0509s ]
SQL: SELECT * FROM `sjy_community_project_image` WHERE `sjy_community_project_id` = 41  [ RunTime:0.0437s ]

[ 2018-03-26T16:06:25+08:00 ] 127.0.0.1 /index.php/Home/Home/getCommunityInfo?id=30
INFO: [ app_init ] --START--
INFO: Run Behavior\BuildLiteBehavior [ RunTime:0.000013s ]
INFO: [ app_init ] --END-- [ RunTime:0.000355s ]
INFO: [ app_begin ] --START--
INFO: Run Behavior\ReadHtmlCacheBehavior [ RunTime:0.000531s ]
INFO: [ app_begin ] --END-- [ RunTime:0.000572s ]
SQL: SHOW COLUMNS FROM `sjy_origanization_user_info` [ RunTime:0.0588s ]
SQL: SELECT * FROM `sjy_origanization_user_info` WHERE `sjy_id` = 79 LIMIT 1   [ RunTime:0.0821s ]
SQL: SHOW COLUMNS FROM `sjy_cities` [ RunTime:0.0564s ]
SQL: SELECT `city` FROM `sjy_cities` WHERE `cityid` = '110000' LIMIT 1   [ RunTime:0.0563s ]
NOTIC: [8] Undefined variable: islogin C:\xampp\htdocs\shejuyi\Application\Home\Controller\BaseController.class.php 第 101 行.
SQL: SHOW COLUMNS FROM `sjy_community_base_info` [ RunTime:0.0444s ]
SQL: SELECT * FROM `sjy_community_base_info` WHERE `sjy_id` = 30 LIMIT 1   [ RunTime:0.0868s ]
SQL: SHOW COLUMNS FROM `sjy_community_position_info` [ RunTime:0.0437s ]
SQL: SELECT * FROM `sjy_community_position_info` WHERE `sjy_community_id` = '30' LIMIT 1   [ RunTime:0.0781s ]
SQL: SHOW COLUMNS FROM `sjy_community_images` [ RunTime:0.0797s ]
SQL: SELECT `sjy_community_images` FROM `sjy_community_images` WHERE `sjy_community_code` = '30' LIMIT 1   [ RunTime:0.0563s ]

[ 2018-03-26T16:07:01+08:00 ] 127.0.0.1 /index.php/Home/Home/displayCommunityHome/id/30
INFO: [ app_init ] --START--
INFO: Run Behavior\BuildLiteBehavior [ RunTime:0.000022s ]
INFO: [ app_init ] --END-- [ RunTime:0.000732s ]
INFO: [ app_begin ] --START--
INFO: Run Behavior\ReadHtmlCacheBehavior [ RunTime:0.001127s ]
INFO: [ app_begin ] --END-- [ RunTime:0.001210s ]
SQL: SHOW COLUMNS FROM `sjy_origanization_user_info` [ RunTime:0.0519s ]
SQL: SELECT * FROM `sjy_origanization_user_info` WHERE `sjy_id` = 79 LIMIT 1   [ RunTime:0.0476s ]
SQL: SHOW COLUMNS FROM `sjy_cities` [ RunTime:0.0712s ]
SQL: SELECT `city` FROM `sjy_cities` WHERE `cityid` = '110000' LIMIT 1   [ RunTime:0.0724s ]
NOTIC: [8] Undefined variable: islogin C:\xampp\htdocs\shejuyi\Application\Home\Controller\BaseController.class.php 第 101 行.
INFO: [ view_parse ] --START--
INFO: [ template_filter ] --START--
INFO: Run Behavior\ContentReplaceBehavior [ RunTime:0.000320s ]
INFO: [ template_filter ] --END-- [ RunTime:0.000410s ]
INFO: Run Behavior\ParseTemplateBehavior [ RunTime:0.043967s ]
INFO: [ view_parse ] --END-- [ RunTime:0.044082s ]
INFO: [ view_filter ] --START--
INFO: Run Behavior\WriteHtmlCacheBehavior [ RunTime:0.000569s ]
INFO: [ view_filter ] --END-- [ RunTime:0.000603s ]
INFO: [ app_end ] --START--
INFO: Run Behavior\ShowPageTraceBehavior [ RunTime:0.000599s ]
INFO: [ app_end ] --END-- [ RunTime:0.000638s ]

[ 2018-03-26T16:07:02+08:00 ] 127.0.0.1 /index.php/Home/Home/getCommunityInfo?id=30
INFO: [ app_init ] --START--
INFO: Run Behavior\BuildLiteBehavior [ RunTime:0.000018s ]
INFO: [ app_init ] --END-- [ RunTime:0.000776s ]
INFO: [ app_begin ] --START--
INFO: Run Behavior\ReadHtmlCacheBehavior [ RunTime:0.001370s ]
INFO: [ app_begin ] --END-- [ RunTime:0.001510s ]
SQL: SHOW COLUMNS FROM `sjy_origanization_user_info` [ RunTime:0.0658s ]
SQL: SELECT * FROM `sjy_origanization_user_info` WHERE `sjy_id` = 79 LIMIT 1   [ RunTime:0.0554s ]
SQL: SHOW COLUMNS FROM `sjy_cities` [ RunTime:0.0652s ]
SQL: SELECT `city` FROM `sjy_cities` WHERE `cityid` = '110000' LIMIT 1   [ RunTime:0.0566s ]
NOTIC: [8] Undefined variable: islogin C:\xampp\htdocs\shejuyi\Application\Home\Controller\BaseController.class.php 第 101 行.
SQL: SHOW COLUMNS FROM `sjy_community_base_info` [ RunTime:0.0646s ]
SQL: SELECT * FROM `sjy_community_base_info` WHERE `sjy_id` = 30 LIMIT 1   [ RunTime:0.0761s ]
SQL: SHOW COLUMNS FROM `sjy_community_position_info` [ RunTime:0.0483s ]
SQL: SELECT * FROM `sjy_community_position_info` WHERE `sjy_community_id` = '30' LIMIT 1   [ RunTime:0.0450s ]
SQL: SHOW COLUMNS FROM `sjy_community_images` [ RunTime:0.0794s ]
SQL: SELECT `sjy_community_images` FROM `sjy_community_images` WHERE `sjy_community_code` = '30' LIMIT 1   [ RunTime:0.0716s ]

[ 2018-03-26T16:07:26+08:00 ] 127.0.0.1 /index.php/Home/Home/displayCommunityHome/id/30
INFO: [ app_init ] --START--
INFO: Run Behavior\BuildLiteBehavior [ RunTime:0.000010s ]
INFO: [ app_init ] --END-- [ RunTime:0.000360s ]
INFO: [ app_begin ] --START--
INFO: Run Behavior\ReadHtmlCacheBehavior [ RunTime:0.000518s ]
INFO: [ app_begin ] --END-- [ RunTime:0.000556s ]
SQL: SHOW COLUMNS FROM `sjy_origanization_user_info` [ RunTime:0.0585s ]
SQL: SELECT * FROM `sjy_origanization_user_info` WHERE `sjy_id` = 79 LIMIT 1   [ RunTime:0.0708s ]
SQL: SHOW COLUMNS FROM `sjy_cities` [ RunTime:0.0707s ]
SQL: SELECT `city` FROM `sjy_cities` WHERE `cityid` = '110000' LIMIT 1   [ RunTime:0.2913s ]
NOTIC: [8] Undefined variable: islogin C:\xampp\htdocs\shejuyi\Application\Home\Controller\BaseController.class.php 第 101 行.
INFO: [ view_parse ] --START--
INFO: [ template_filter ] --START--
INFO: Run Behavior\ContentReplaceBehavior [ RunTime:0.000316s ]
INFO: [ template_filter ] --END-- [ RunTime:0.000411s ]
INFO: Run Behavior\ParseTemplateBehavior [ RunTime:0.040966s ]
INFO: [ view_parse ] --END-- [ RunTime:0.041076s ]
INFO: [ view_filter ] --START--
INFO: Run Behavior\WriteHtmlCacheBehavior [ RunTime:0.000663s ]
INFO: [ view_filter ] --END-- [ RunTime:0.000706s ]
INFO: [ app_end ] --START--
INFO: Run Behavior\ShowPageTraceBehavior [ RunTime:0.000690s ]
INFO: [ app_end ] --END-- [ RunTime:0.000758s ]

[ 2018-03-26T16:07:27+08:00 ] 127.0.0.1 /index.php/Home/Home/getCommunityInfo?id=30
INFO: [ app_init ] --START--
INFO: Run Behavior\BuildLiteBehavior [ RunTime:0.000014s ]
INFO: [ app_init ] --END-- [ RunTime:0.000379s ]
INFO: [ app_begin ] --START--
INFO: Run Behavior\ReadHtmlCacheBehavior [ RunTime:0.000674s ]
INFO: [ app_begin ] --END-- [ RunTime:0.000742s ]
SQL: SHOW COLUMNS FROM `sjy_origanization_user_info` [ RunTime:0.0798s ]
SQL: SELECT * FROM `sjy_origanization_user_info` WHERE `sjy_id` = 79 LIMIT 1   [ RunTime:0.0559s ]
SQL: SHOW COLUMNS FROM `sjy_cities` [ RunTime:0.0571s ]
SQL: SELECT `city` FROM `sjy_cities` WHERE `cityid` = '110000' LIMIT 1   [ RunTime:0.0629s ]
NOTIC: [8] Undefined variable: islogin C:\xampp\htdocs\shejuyi\Application\Home\Controller\BaseController.class.php 第 101 行.
SQL: SHOW COLUMNS FROM `sjy_community_base_info` [ RunTime:0.0505s ]
SQL: SELECT * FROM `sjy_community_base_info` WHERE `sjy_id` = 30 LIMIT 1   [ RunTime:0.0644s ]
SQL: SHOW COLUMNS FROM `sjy_community_position_info` [ RunTime:0.0562s ]
SQL: SELECT * FROM `sjy_community_position_info` WHERE `sjy_community_id` = '30' LIMIT 1   [ RunTime:0.0643s ]
SQL: SHOW COLUMNS FROM `sjy_community_images` [ RunTime:0.0874s ]
SQL: SELECT `sjy_community_images` FROM `sjy_community_images` WHERE `sjy_community_code` = '30' LIMIT 1   [ RunTime:0.0719s ]

[ 2018-03-26T16:08:09+08:00 ] 127.0.0.1 /index.php/Home/Home/displayCommunityHome/id/30
INFO: [ app_init ] --START--
INFO: Run Behavior\BuildLiteBehavior [ RunTime:0.000011s ]
INFO: [ app_init ] --END-- [ RunTime:0.000431s ]
INFO: [ app_begin ] --START--
INFO: Run Behavior\ReadHtmlCacheBehavior [ RunTime:0.000698s ]
INFO: [ app_begin ] --END-- [ RunTime:0.000739s ]
SQL: SHOW COLUMNS FROM `sjy_origanization_user_info` [ RunTime:0.0582s ]
SQL: SELECT * FROM `sjy_origanization_user_info` WHERE `sjy_id` = 79 LIMIT 1   [ RunTime:0.0784s ]
SQL: SHOW COLUMNS FROM `sjy_cities` [ RunTime:0.0435s ]
SQL: SELECT `city` FROM `sjy_cities` WHERE `cityid` = '110000' LIMIT 1   [ RunTime:0.0441s ]
NOTIC: [8] Undefined variable: islogin C:\xampp\htdocs\shejuyi\Application\Home\Controller\BaseController.class.php 第 101 行.
INFO: [ view_parse ] --START--
INFO: [ template_filter ] --START--
INFO: Run Behavior\ContentReplaceBehavior [ RunTime:0.000321s ]
INFO: [ template_filter ] --END-- [ RunTime:0.000419s ]
INFO: Run Behavior\ParseTemplateBehavior [ RunTime:0.051307s ]
INFO: [ view_parse ] --END-- [ RunTime:0.051446s ]
INFO: [ view_filter ] --START--
INFO: Run Behavior\WriteHtmlCacheBehavior [ RunTime:0.001247s ]
INFO: [ view_filter ] --END-- [ RunTime:0.001324s ]
INFO: [ app_end ] --START--
INFO: Run Behavior\ShowPageTraceBehavior [ RunTime:0.001487s ]
INFO: [ app_end ] --END-- [ RunTime:0.001574s ]

[ 2018-03-26T16:08:11+08:00 ] 127.0.0.1 /index.php/Home/Home/getCommunityInfo?id=30
INFO: [ app_init ] --START--
INFO: Run Behavior\BuildLiteBehavior [ RunTime:0.000014s ]
INFO: [ app_init ] --END-- [ RunTime:0.000453s ]
INFO: [ app_begin ] --START--
INFO: Run Behavior\ReadHtmlCacheBehavior [ RunTime:0.000824s ]
INFO: [ app_begin ] --END-- [ RunTime:0.000893s ]
SQL: SHOW COLUMNS FROM `sjy_origanization_user_info` [ RunTime:0.0573s ]
SQL: SELECT * FROM `sjy_origanization_user_info` WHERE `sjy_id` = 79 LIMIT 1   [ RunTime:0.0724s ]
SQL: SHOW COLUMNS FROM `sjy_cities` [ RunTime:0.0714s ]
SQL: SELECT `city` FROM `sjy_cities` WHERE `cityid` = '110000' LIMIT 1   [ RunTime:0.0632s ]
NOTIC: [8] Undefined variable: islogin C:\xampp\htdocs\shejuyi\Application\Home\Controller\BaseController.class.php 第 101 行.
SQL: SHOW COLUMNS FROM `sjy_community_base_info` [ RunTime:0.0571s ]
SQL: SELECT * FROM `sjy_community_base_info` WHERE `sjy_id` = 30 LIMIT 1   [ RunTime:0.0744s ]
SQL: SHOW COLUMNS FROM `sjy_community_position_info` [ RunTime:0.0624s ]
SQL: SELECT * FROM `sjy_community_position_info` WHERE `sjy_community_id` = '30' LIMIT 1   [ RunTime:0.0536s ]
SQL: SHOW COLUMNS FROM `sjy_community_images` [ RunTime:0.3602s ]
SQL: SELECT `sjy_community_images` FROM `sjy_community_images` WHERE `sjy_community_code` = '30' LIMIT 1   [ RunTime:0.0741s ]

[ 2018-03-26T16:08:23+08:00 ] 127.0.0.1 /index.php/Home/Home/displayCommunityHome/id/30
INFO: [ app_init ] --START--
INFO: Run Behavior\BuildLiteBehavior [ RunTime:0.000022s ]
INFO: [ app_init ] --END-- [ RunTime:0.000719s ]
INFO: [ app_begin ] --START--
INFO: Run Behavior\ReadHtmlCacheBehavior [ RunTime:0.001167s ]
INFO: [ app_begin ] --END-- [ RunTime:0.001254s ]
SQL: SHOW COLUMNS FROM `sjy_origanization_user_info` [ RunTime:0.0724s ]
SQL: SELECT * FROM `sjy_origanization_user_info` WHERE `sjy_id` = 79 LIMIT 1   [ RunTime:0.0645s ]
SQL: SHOW COLUMNS FROM `sjy_cities` [ RunTime:0.0784s ]
SQL: SELECT `city` FROM `sjy_cities` WHERE `cityid` = '110000' LIMIT 1   [ RunTime:0.0728s ]
NOTIC: [8] Undefined variable: islogin C:\xampp\htdocs\shejuyi\Application\Home\Controller\BaseController.class.php 第 101 行.
INFO: [ view_parse ] --START--
INFO: [ template_filter ] --START--
INFO: Run Behavior\ContentReplaceBehavior [ RunTime:0.000322s ]
INFO: [ template_filter ] --END-- [ RunTime:0.000420s ]
INFO: Run Behavior\ParseTemplateBehavior [ RunTime:0.051517s ]
INFO: [ view_parse ] --END-- [ RunTime:0.051652s ]
INFO: [ view_filter ] --START--
INFO: Run Behavior\WriteHtmlCacheBehavior [ RunTime:0.001096s ]
INFO: [ view_filter ] --END-- [ RunTime:0.001166s ]
INFO: [ app_end ] --START--
INFO: Run Behavior\ShowPageTraceBehavior [ RunTime:0.001633s ]
INFO: [ app_end ] --END-- [ RunTime:0.001720s ]

[ 2018-03-26T16:08:24+08:00 ] 127.0.0.1 /index.php/Home/Home/getCommunityInfo?id=30
INFO: [ app_init ] --START--
INFO: Run Behavior\BuildLiteBehavior [ RunTime:0.000017s ]
INFO: [ app_init ] --END-- [ RunTime:0.000401s ]
INFO: [ app_begin ] --START--
INFO: Run Behavior\ReadHtmlCacheBehavior [ RunTime:0.000814s ]
INFO: [ app_begin ] --END-- [ RunTime:0.000881s ]
SQL: SHOW COLUMNS FROM `sjy_origanization_user_info` [ RunTime:0.0450s ]
SQL: SELECT * FROM `sjy_origanization_user_info` WHERE `sjy_id` = 79 LIMIT 1   [ RunTime:0.0737s ]
SQL: SHOW COLUMNS FROM `sjy_cities` [ RunTime:0.0473s ]
SQL: SELECT `city` FROM `sjy_cities` WHERE `cityid` = '110000' LIMIT 1   [ RunTime:0.0639s ]
NOTIC: [8] Undefined variable: islogin C:\xampp\htdocs\shejuyi\Application\Home\Controller\BaseController.class.php 第 101 行.
SQL: SHOW COLUMNS FROM `sjy_community_base_info` [ RunTime:0.0566s ]
SQL: SELECT * FROM `sjy_community_base_info` WHERE `sjy_id` = 30 LIMIT 1   [ RunTime:0.0434s ]
SQL: SHOW COLUMNS FROM `sjy_community_position_info` [ RunTime:0.0731s ]
SQL: SELECT * FROM `sjy_community_position_info` WHERE `sjy_community_id` = '30' LIMIT 1   [ RunTime:0.0432s ]
SQL: SHOW COLUMNS FROM `sjy_community_images` [ RunTime:0.0818s ]
SQL: SELECT `sjy_community_images` FROM `sjy_community_images` WHERE `sjy_community_code` = '30' LIMIT 1   [ RunTime:0.0645s ]

[ 2018-03-26T16:08:30+08:00 ] 127.0.0.1 /index.php/Home/Project/communityTenderProject?community_code=30
INFO: [ app_init ] --START--
INFO: Run Behavior\BuildLiteBehavior [ RunTime:0.000014s ]
INFO: [ app_init ] --END-- [ RunTime:0.000377s ]
INFO: [ app_begin ] --START--
INFO: Run Behavior\ReadHtmlCacheBehavior [ RunTime:0.000535s ]
INFO: [ app_begin ] --END-- [ RunTime:0.000573s ]
SQL: SHOW COLUMNS FROM `sjy_origanization_user_info` [ RunTime:0.0577s ]
SQL: SELECT * FROM `sjy_origanization_user_info` WHERE `sjy_id` = 79 LIMIT 1   [ RunTime:0.0626s ]
SQL: SHOW COLUMNS FROM `sjy_cities` [ RunTime:0.0563s ]
SQL: SELECT `city` FROM `sjy_cities` WHERE `cityid` = '110000' LIMIT 1   [ RunTime:0.0727s ]
NOTIC: [8] Undefined variable: islogin C:\xampp\htdocs\shejuyi\Application\Home\Controller\BaseController.class.php 第 101 行.
SQL: SHOW COLUMNS FROM `sjy_community_project_info` [ RunTime:0.0444s ]
SQL: SELECT * FROM `sjy_community_project_info` WHERE `sjy_community_project_status` = 0 AND `sjy_community_project_collect_start_time` < '2018-03-26' AND `sjy_community_project_start_time` > '2018-03-26' LIMIT 0,15   [ RunTime:0.0641s ]
SQL: SHOW COLUMNS FROM `sjy_community_project_image` [ RunTime:0.0628s ]
SQL: SELECT * FROM `sjy_community_project_image` WHERE `sjy_community_project_id` = 41 LIMIT 1   [ RunTime:0.0641s ]
SQL: SELECT COUNT(*) AS tp_count FROM `sjy_community_project_info` WHERE `sjy_community_project_status` = 0 AND `sjy_community_project_collect_start_time` < '2018-03-26' AND `sjy_community_project_start_time` > '2018-03-26' LIMIT 1   [ RunTime:0.0459s ]

[ 2018-03-26T16:09:15+08:00 ] 127.0.0.1 /index.php/Home/Home/displayCommunityHome/id/30
INFO: [ app_init ] --START--
INFO: Run Behavior\BuildLiteBehavior [ RunTime:0.000013s ]
INFO: [ app_init ] --END-- [ RunTime:0.000416s ]
INFO: [ app_begin ] --START--
INFO: Run Behavior\ReadHtmlCacheBehavior [ RunTime:0.000541s ]
INFO: [ app_begin ] --END-- [ RunTime:0.000580s ]
SQL: SHOW COLUMNS FROM `sjy_origanization_user_info` [ RunTime:0.0583s ]
SQL: SELECT * FROM `sjy_origanization_user_info` WHERE `sjy_id` = 79 LIMIT 1   [ RunTime:0.0430s ]
SQL: SHOW COLUMNS FROM `sjy_cities` [ RunTime:0.0643s ]
SQL: SELECT `city` FROM `sjy_cities` WHERE `cityid` = '110000' LIMIT 1   [ RunTime:0.0435s ]
NOTIC: [8] Undefined variable: islogin C:\xampp\htdocs\shejuyi\Application\Home\Controller\BaseController.class.php 第 101 行.
INFO: [ view_parse ] --START--
INFO: [ template_filter ] --START--
INFO: Run Behavior\ContentReplaceBehavior [ RunTime:0.000198s ]
INFO: [ template_filter ] --END-- [ RunTime:0.000264s ]
INFO: Run Behavior\ParseTemplateBehavior [ RunTime:0.042413s ]
INFO: [ view_parse ] --END-- [ RunTime:0.042528s ]
INFO: [ view_filter ] --START--
INFO: Run Behavior\WriteHtmlCacheBehavior [ RunTime:0.000747s ]
INFO: [ view_filter ] --END-- [ RunTime:0.000793s ]
INFO: [ app_end ] --START--
INFO: Run Behavior\ShowPageTraceBehavior [ RunTime:0.000814s ]
INFO: [ app_end ] --END-- [ RunTime:0.000862s ]

[ 2018-03-26T16:09:16+08:00 ] 127.0.0.1 /index.php/Home/Home/getCommunityInfo?id=30
INFO: [ app_init ] --START--
INFO: Run Behavior\BuildLiteBehavior [ RunTime:0.000015s ]
INFO: [ app_init ] --END-- [ RunTime:0.000411s ]
INFO: [ app_begin ] --START--
INFO: Run Behavior\ReadHtmlCacheBehavior [ RunTime:0.000642s ]
INFO: [ app_begin ] --END-- [ RunTime:0.000701s ]
SQL: SHOW COLUMNS FROM `sjy_origanization_user_info` [ RunTime:0.0405s ]
SQL: SELECT * FROM `sjy_origanization_user_info` WHERE `sjy_id` = 79 LIMIT 1   [ RunTime:0.0665s ]
SQL: SHOW COLUMNS FROM `sjy_cities` [ RunTime:0.0494s ]
SQL: SELECT `city` FROM `sjy_cities` WHERE `cityid` = '110000' LIMIT 1   [ RunTime:0.0713s ]
NOTIC: [8] Undefined variable: islogin C:\xampp\htdocs\shejuyi\Application\Home\Controller\BaseController.class.php 第 101 行.
SQL: SHOW COLUMNS FROM `sjy_community_base_info` [ RunTime:0.0563s ]
SQL: SELECT * FROM `sjy_community_base_info` WHERE `sjy_id` = 30 LIMIT 1   [ RunTime:0.0562s ]
SQL: SHOW COLUMNS FROM `sjy_community_position_info` [ RunTime:0.0723s ]
SQL: SELECT * FROM `sjy_community_position_info` WHERE `sjy_community_id` = '30' LIMIT 1   [ RunTime:0.0560s ]
SQL: SHOW COLUMNS FROM `sjy_community_images` [ RunTime:0.0652s ]
SQL: SELECT `sjy_community_images` FROM `sjy_community_images` WHERE `sjy_community_code` = '30' LIMIT 1   [ RunTime:0.0557s ]

[ 2018-03-26T16:14:58+08:00 ] 127.0.0.1 /index.php/Home/Project/communityIngProject?community_code=30
INFO: [ app_init ] --START--
INFO: Run Behavior\BuildLiteBehavior [ RunTime:0.000013s ]
INFO: [ app_init ] --END-- [ RunTime:0.000429s ]
INFO: [ app_begin ] --START--
INFO: Run Behavior\ReadHtmlCacheBehavior [ RunTime:0.000689s ]
INFO: [ app_begin ] --END-- [ RunTime:0.000730s ]
SQL: SHOW COLUMNS FROM `sjy_origanization_user_info` [ RunTime:0.0667s ]
SQL: SELECT * FROM `sjy_origanization_user_info` WHERE `sjy_id` = 79 LIMIT 1   [ RunTime:0.0586s ]
SQL: SHOW COLUMNS FROM `sjy_cities` [ RunTime:0.0446s ]
SQL: SELECT `city` FROM `sjy_cities` WHERE `cityid` = '110000' LIMIT 1   [ RunTime:0.0561s ]
NOTIC: [8] Undefined variable: islogin C:\xampp\htdocs\shejuyi\Application\Home\Controller\BaseController.class.php 第 101 行.
SQL: SHOW COLUMNS FROM `sjy_project` [ RunTime:0.0638s ]
SQL: SELECT * FROM `sjy_project` WHERE `community_id` = 30 AND `status` BETWEEN 10 AND 99 ORDER BY project_start_time desc  [ RunTime:0.0481s ]
SQL: SHOW COLUMNS FROM `sjy_community_project_info` [ RunTime:0.0736s ]
SQL: SELECT * FROM `sjy_community_project_info` WHERE `sjy_id` = 41 LIMIT 1   [ RunTime:0.0437s ]
SQL: SHOW COLUMNS FROM `sjy_community_project_image` [ RunTime:0.0447s ]
SQL: SELECT * FROM `sjy_community_project_image` WHERE `sjy_community_project_id` = 41 LIMIT 1   [ RunTime:0.0436s ]

[ 2018-03-26T16:15:09+08:00 ] 127.0.0.1 /index.php/Home/Home/displayCommunityHome/id/30
INFO: [ app_init ] --START--
INFO: Run Behavior\BuildLiteBehavior [ RunTime:0.000011s ]
INFO: [ app_init ] --END-- [ RunTime:0.000321s ]
INFO: [ app_begin ] --START--
INFO: Run Behavior\ReadHtmlCacheBehavior [ RunTime:0.000510s ]
INFO: [ app_begin ] --END-- [ RunTime:0.000549s ]
SQL: SHOW COLUMNS FROM `sjy_origanization_user_info` [ RunTime:0.0580s ]
SQL: SELECT * FROM `sjy_origanization_user_info` WHERE `sjy_id` = 79 LIMIT 1   [ RunTime:0.0673s ]
SQL: SHOW COLUMNS FROM `sjy_cities` [ RunTime:0.0582s ]
SQL: SELECT `city` FROM `sjy_cities` WHERE `cityid` = '110000' LIMIT 1   [ RunTime:0.0572s ]
NOTIC: [8] Undefined variable: islogin C:\xampp\htdocs\shejuyi\Application\Home\Controller\BaseController.class.php 第 101 行.
INFO: [ view_parse ] --START--
INFO: [ template_filter ] --START--
INFO: Run Behavior\ContentReplaceBehavior [ RunTime:0.000322s ]
INFO: [ template_filter ] --END-- [ RunTime:0.000415s ]
INFO: Run Behavior\ParseTemplateBehavior [ RunTime:0.053165s ]
INFO: [ view_parse ] --END-- [ RunTime:0.053299s ]
INFO: [ view_filter ] --START--
INFO: Run Behavior\WriteHtmlCacheBehavior [ RunTime:0.001429s ]
INFO: [ view_filter ] --END-- [ RunTime:0.001511s ]
INFO: [ app_end ] --START--
INFO: Run Behavior\ShowPageTraceBehavior [ RunTime:0.001466s ]
INFO: [ app_end ] --END-- [ RunTime:0.001555s ]

[ 2018-03-26T16:15:10+08:00 ] 127.0.0.1 /index.php/Home/Home/getCommunityInfo?id=30
INFO: [ app_init ] --START--
INFO: Run Behavior\BuildLiteBehavior [ RunTime:0.000014s ]
INFO: [ app_init ] --END-- [ RunTime:0.000445s ]
INFO: [ app_begin ] --START--
INFO: Run Behavior\ReadHtmlCacheBehavior [ RunTime:0.000807s ]
INFO: [ app_begin ] --END-- [ RunTime:0.000870s ]
SQL: SHOW COLUMNS FROM `sjy_origanization_user_info` [ RunTime:0.0592s ]
SQL: SELECT * FROM `sjy_origanization_user_info` WHERE `sjy_id` = 79 LIMIT 1   [ RunTime:0.0514s ]
SQL: SHOW COLUMNS FROM `sjy_cities` [ RunTime:0.0510s ]
SQL: SELECT `city` FROM `sjy_cities` WHERE `cityid` = '110000' LIMIT 1   [ RunTime:0.3444s ]
NOTIC: [8] Undefined variable: islogin C:\xampp\htdocs\shejuyi\Application\Home\Controller\BaseController.class.php 第 101 行.
SQL: SHOW COLUMNS FROM `sjy_community_base_info` [ RunTime:0.0673s ]
SQL: SELECT * FROM `sjy_community_base_info` WHERE `sjy_id` = 30 LIMIT 1   [ RunTime:0.0505s ]
SQL: SHOW COLUMNS FROM `sjy_community_position_info` [ RunTime:0.0589s ]
SQL: SELECT * FROM `sjy_community_position_info` WHERE `sjy_community_id` = '30' LIMIT 1   [ RunTime:0.0663s ]
SQL: SHOW COLUMNS FROM `sjy_community_images` [ RunTime:0.0797s ]
SQL: SELECT `sjy_community_images` FROM `sjy_community_images` WHERE `sjy_community_code` = '30' LIMIT 1   [ RunTime:0.0885s ]

[ 2018-03-26T16:15:12+08:00 ] 127.0.0.1 /index.php/Home/Project/communityIngProject?community_code=30
INFO: [ app_init ] --START--
INFO: Run Behavior\BuildLiteBehavior [ RunTime:0.000013s ]
INFO: [ app_init ] --END-- [ RunTime:0.000346s ]
INFO: [ app_begin ] --START--
INFO: Run Behavior\ReadHtmlCacheBehavior [ RunTime:0.000710s ]
INFO: [ app_begin ] --END-- [ RunTime:0.000753s ]
SQL: SHOW COLUMNS FROM `sjy_origanization_user_info` [ RunTime:0.0683s ]
SQL: SELECT * FROM `sjy_origanization_user_info` WHERE `sjy_id` = 79 LIMIT 1   [ RunTime:0.0580s ]
SQL: SHOW COLUMNS FROM `sjy_cities` [ RunTime:0.0742s ]
SQL: SELECT `city` FROM `sjy_cities` WHERE `cityid` = '110000' LIMIT 1   [ RunTime:0.1103s ]
NOTIC: [8] Undefined variable: islogin C:\xampp\htdocs\shejuyi\Application\Home\Controller\BaseController.class.php 第 101 行.
SQL: SHOW COLUMNS FROM `sjy_project` [ RunTime:0.0753s ]
SQL: SELECT * FROM `sjy_project` WHERE `community_id` = 30 AND `status` BETWEEN 10 AND 99 ORDER BY project_start_time desc  [ RunTime:0.0580s ]
SQL: SHOW COLUMNS FROM `sjy_community_project_info` [ RunTime:0.0889s ]
SQL: SELECT * FROM `sjy_community_project_info` WHERE `sjy_id` = 41 LIMIT 1   [ RunTime:0.0738s ]
SQL: SHOW COLUMNS FROM `sjy_community_project_image` [ RunTime:0.0585s ]
SQL: SELECT * FROM `sjy_community_project_image` WHERE `sjy_community_project_id` = 41 LIMIT 1   [ RunTime:0.0525s ]

[ 2018-03-26T16:15:36+08:00 ] 127.0.0.1 /index.php/Home/Home/displayCommunityHome/id/30
INFO: [ app_init ] --START--
INFO: Run Behavior\BuildLiteBehavior [ RunTime:0.000012s ]
INFO: [ app_init ] --END-- [ RunTime:0.000324s ]
INFO: [ app_begin ] --START--
INFO: Run Behavior\ReadHtmlCacheBehavior [ RunTime:0.000528s ]
INFO: [ app_begin ] --END-- [ RunTime:0.000566s ]
SQL: SHOW COLUMNS FROM `sjy_origanization_user_info` [ RunTime:0.0666s ]
SQL: SELECT * FROM `sjy_origanization_user_info` WHERE `sjy_id` = 79 LIMIT 1   [ RunTime:0.0444s ]
SQL: SHOW COLUMNS FROM `sjy_cities` [ RunTime:0.0572s ]
SQL: SELECT `city` FROM `sjy_cities` WHERE `cityid` = '110000' LIMIT 1   [ RunTime:0.0642s ]
NOTIC: [8] Undefined variable: islogin C:\xampp\htdocs\shejuyi\Application\Home\Controller\BaseController.class.php 第 101 行.
INFO: [ view_parse ] --START--
INFO: [ template_filter ] --START--
INFO: Run Behavior\ContentReplaceBehavior [ RunTime:0.000325s ]
INFO: [ template_filter ] --END-- [ RunTime:0.000429s ]
INFO: Run Behavior\ParseTemplateBehavior [ RunTime:0.051758s ]
INFO: [ view_parse ] --END-- [ RunTime:0.051897s ]
INFO: [ view_filter ] --START--
INFO: Run Behavior\WriteHtmlCacheBehavior [ RunTime:0.000953s ]
INFO: [ view_filter ] --END-- [ RunTime:0.001004s ]
INFO: [ app_end ] --START--
INFO: Run Behavior\ShowPageTraceBehavior [ RunTime:0.000830s ]
INFO: [ app_end ] --END-- [ RunTime:0.000876s ]

[ 2018-03-26T16:15:37+08:00 ] 127.0.0.1 /index.php/Home/Home/getCommunityInfo?id=30
INFO: [ app_init ] --START--
INFO: Run Behavior\BuildLiteBehavior [ RunTime:0.000014s ]
INFO: [ app_init ] --END-- [ RunTime:0.000563s ]
INFO: [ app_begin ] --START--
INFO: Run Behavior\ReadHtmlCacheBehavior [ RunTime:0.001441s ]
INFO: [ app_begin ] --END-- [ RunTime:0.001502s ]
SQL: SHOW COLUMNS FROM `sjy_origanization_user_info` [ RunTime:0.0661s ]
SQL: SELECT * FROM `sjy_origanization_user_info` WHERE `sjy_id` = 79 LIMIT 1   [ RunTime:0.0597s ]
SQL: SHOW COLUMNS FROM `sjy_cities` [ RunTime:0.0793s ]
SQL: SELECT `city` FROM `sjy_cities` WHERE `cityid` = '110000' LIMIT 1   [ RunTime:0.0646s ]
NOTIC: [8] Undefined variable: islogin C:\xampp\htdocs\shejuyi\Application\Home\Controller\BaseController.class.php 第 101 行.
SQL: SHOW COLUMNS FROM `sjy_community_base_info` [ RunTime:0.0650s ]
SQL: SELECT * FROM `sjy_community_base_info` WHERE `sjy_id` = 30 LIMIT 1   [ RunTime:0.0718s ]
SQL: SHOW COLUMNS FROM `sjy_community_position_info` [ RunTime:0.0743s ]
SQL: SELECT * FROM `sjy_community_position_info` WHERE `sjy_community_id` = '30' LIMIT 1   [ RunTime:0.0603s ]
SQL: SHOW COLUMNS FROM `sjy_community_images` [ RunTime:0.0429s ]
SQL: SELECT `sjy_community_images` FROM `sjy_community_images` WHERE `sjy_community_code` = '30' LIMIT 1   [ RunTime:0.0519s ]

[ 2018-03-26T16:15:40+08:00 ] 127.0.0.1 /index.php/Home/Project/communityIngProject?community_code=30
INFO: [ app_init ] --START--
INFO: Run Behavior\BuildLiteBehavior [ RunTime:0.000012s ]
INFO: [ app_init ] --END-- [ RunTime:0.000345s ]
INFO: [ app_begin ] --START--
INFO: Run Behavior\ReadHtmlCacheBehavior [ RunTime:0.000526s ]
INFO: [ app_begin ] --END-- [ RunTime:0.000566s ]
SQL: SHOW COLUMNS FROM `sjy_origanization_user_info` [ RunTime:0.0804s ]
SQL: SELECT * FROM `sjy_origanization_user_info` WHERE `sjy_id` = 79 LIMIT 1   [ RunTime:0.0503s ]
SQL: SHOW COLUMNS FROM `sjy_cities` [ RunTime:0.0434s ]
SQL: SELECT `city` FROM `sjy_cities` WHERE `cityid` = '110000' LIMIT 1   [ RunTime:0.0707s ]
NOTIC: [8] Undefined variable: islogin C:\xampp\htdocs\shejuyi\Application\Home\Controller\BaseController.class.php 第 101 行.
SQL: SHOW COLUMNS FROM `sjy_project` [ RunTime:0.0380s ]
SQL: SELECT * FROM `sjy_project` WHERE `community_id` = 30 AND `status` BETWEEN 10 AND 99 ORDER BY project_start_time desc  [ RunTime:0.0860s ]
SQL: SHOW COLUMNS FROM `sjy_community_project_info` [ RunTime:0.0651s ]
SQL: SELECT * FROM `sjy_community_project_info` WHERE `sjy_id` = 41 LIMIT 1   [ RunTime:0.0450s ]
SQL: SHOW COLUMNS FROM `sjy_community_project_image` [ RunTime:0.0710s ]
SQL: SELECT * FROM `sjy_community_project_image` WHERE `sjy_community_project_id` = 41 LIMIT 1   [ RunTime:0.0433s ]

[ 2018-03-26T16:16:04+08:00 ] 127.0.0.1 /index.php/Home/Home/displayCommunityHome/id/30
INFO: [ app_init ] --START--
INFO: Run Behavior\BuildLiteBehavior [ RunTime:0.000010s ]
INFO: [ app_init ] --END-- [ RunTime:0.000325s ]
INFO: [ app_begin ] --START--
INFO: Run Behavior\ReadHtmlCacheBehavior [ RunTime:0.000497s ]
INFO: [ app_begin ] --END-- [ RunTime:0.000535s ]
SQL: SHOW COLUMNS FROM `sjy_origanization_user_info` [ RunTime:0.0406s ]
SQL: SELECT * FROM `sjy_origanization_user_info` WHERE `sjy_id` = 79 LIMIT 1   [ RunTime:0.0802s ]
SQL: SHOW COLUMNS FROM `sjy_cities` [ RunTime:0.0802s ]
SQL: SELECT `city` FROM `sjy_cities` WHERE `cityid` = '110000' LIMIT 1   [ RunTime:0.0376s ]
NOTIC: [8] Undefined variable: islogin C:\xampp\htdocs\shejuyi\Application\Home\Controller\BaseController.class.php 第 101 行.
INFO: [ view_parse ] --START--
INFO: [ template_filter ] --START--
INFO: Run Behavior\ContentReplaceBehavior [ RunTime:0.000326s ]
INFO: [ template_filter ] --END-- [ RunTime:0.000428s ]
INFO: Run Behavior\ParseTemplateBehavior [ RunTime:0.051611s ]
INFO: [ view_parse ] --END-- [ RunTime:0.051757s ]
INFO: [ view_filter ] --START--
INFO: Run Behavior\WriteHtmlCacheBehavior [ RunTime:0.001280s ]
INFO: [ view_filter ] --END-- [ RunTime:0.001351s ]
INFO: [ app_end ] --START--
INFO: Run Behavior\ShowPageTraceBehavior [ RunTime:0.001423s ]
INFO: [ app_end ] --END-- [ RunTime:0.001510s ]

[ 2018-03-26T16:16:06+08:00 ] 127.0.0.1 /index.php/Home/Home/getCommunityInfo?id=30
INFO: [ app_init ] --START--
INFO: Run Behavior\BuildLiteBehavior [ RunTime:0.000013s ]
INFO: [ app_init ] --END-- [ RunTime:0.000388s ]
INFO: [ app_begin ] --START--
INFO: Run Behavior\ReadHtmlCacheBehavior [ RunTime:0.000579s ]
INFO: [ app_begin ] --END-- [ RunTime:0.000626s ]
SQL: SHOW COLUMNS FROM `sjy_origanization_user_info` [ RunTime:0.0732s ]
SQL: SELECT * FROM `sjy_origanization_user_info` WHERE `sjy_id` = 79 LIMIT 1   [ RunTime:0.0511s ]
SQL: SHOW COLUMNS FROM `sjy_cities` [ RunTime:0.0564s ]
SQL: SELECT `city` FROM `sjy_cities` WHERE `cityid` = '110000' LIMIT 1   [ RunTime:0.0721s ]
NOTIC: [8] Undefined variable: islogin C:\xampp\htdocs\shejuyi\Application\Home\Controller\BaseController.class.php 第 101 行.
SQL: SHOW COLUMNS FROM `sjy_community_base_info` [ RunTime:0.0640s ]
SQL: SELECT * FROM `sjy_community_base_info` WHERE `sjy_id` = 30 LIMIT 1   [ RunTime:0.0717s ]
SQL: SHOW COLUMNS FROM `sjy_community_position_info` [ RunTime:0.0509s ]
SQL: SELECT * FROM `sjy_community_position_info` WHERE `sjy_community_id` = '30' LIMIT 1   [ RunTime:0.0866s ]
SQL: SHOW COLUMNS FROM `sjy_community_images` [ RunTime:0.0473s ]
SQL: SELECT `sjy_community_images` FROM `sjy_community_images` WHERE `sjy_community_code` = '30' LIMIT 1   [ RunTime:0.0789s ]

[ 2018-03-26T16:16:14+08:00 ] 127.0.0.1 /index.php/Home/Project/communityIngProject?community_code=30
INFO: [ app_init ] --START--
INFO: Run Behavior\BuildLiteBehavior [ RunTime:0.000013s ]
INFO: [ app_init ] --END-- [ RunTime:0.000353s ]
INFO: [ app_begin ] --START--
INFO: Run Behavior\ReadHtmlCacheBehavior [ RunTime:0.000544s ]
INFO: [ app_begin ] --END-- [ RunTime:0.000584s ]
SQL: SHOW COLUMNS FROM `sjy_origanization_user_info` [ RunTime:0.0970s ]
SQL: SELECT * FROM `sjy_origanization_user_info` WHERE `sjy_id` = 79 LIMIT 1   [ RunTime:0.1961s ]
SQL: SHOW COLUMNS FROM `sjy_cities` [ RunTime:0.0853s ]
SQL: SELECT `city` FROM `sjy_cities` WHERE `cityid` = '110000' LIMIT 1   [ RunTime:0.0454s ]
NOTIC: [8] Undefined variable: islogin C:\xampp\htdocs\shejuyi\Application\Home\Controller\BaseController.class.php 第 101 行.
SQL: SHOW COLUMNS FROM `sjy_project` [ RunTime:0.1029s ]
SQL: SELECT * FROM `sjy_project` WHERE `community_id` = 30 AND `status` BETWEEN 10 AND 99 ORDER BY project_start_time desc  [ RunTime:0.2040s ]
SQL: SHOW COLUMNS FROM `sjy_community_project_info` [ RunTime:0.0720s ]
SQL: SELECT * FROM `sjy_community_project_info` WHERE `sjy_id` = 41 LIMIT 1   [ RunTime:0.0729s ]
SQL: SHOW COLUMNS FROM `sjy_community_project_image` [ RunTime:0.0837s ]
SQL: SELECT * FROM `sjy_community_project_image` WHERE `sjy_community_project_id` = 41 LIMIT 1   [ RunTime:0.0443s ]

[ 2018-03-26T16:19:33+08:00 ] 127.0.0.1 /index.php/Home/Home/displayCommunityHome/id/30
INFO: [ app_init ] --START--
INFO: Run Behavior\BuildLiteBehavior [ RunTime:0.000013s ]
INFO: [ app_init ] --END-- [ RunTime:0.000408s ]
INFO: [ app_begin ] --START--
INFO: Run Behavior\ReadHtmlCacheBehavior [ RunTime:0.000685s ]
INFO: [ app_begin ] --END-- [ RunTime:0.000725s ]
SQL: SHOW COLUMNS FROM `sjy_origanization_user_info` [ RunTime:0.0735s ]
SQL: SELECT * FROM `sjy_origanization_user_info` WHERE `sjy_id` = 79 LIMIT 1   [ RunTime:0.0569s ]
SQL: SHOW COLUMNS FROM `sjy_cities` [ RunTime:0.0717s ]
SQL: SELECT `city` FROM `sjy_cities` WHERE `cityid` = '110000' LIMIT 1   [ RunTime:0.0659s ]
NOTIC: [8] Undefined variable: islogin C:\xampp\htdocs\shejuyi\Application\Home\Controller\BaseController.class.php 第 101 行.
INFO: [ view_parse ] --START--
INFO: [ template_filter ] --START--
INFO: Run Behavior\ContentReplaceBehavior [ RunTime:0.000325s ]
INFO: [ template_filter ] --END-- [ RunTime:0.000410s ]
INFO: Run Behavior\ParseTemplateBehavior [ RunTime:0.049041s ]
INFO: [ view_parse ] --END-- [ RunTime:0.049154s ]
INFO: [ view_filter ] --START--
INFO: Run Behavior\WriteHtmlCacheBehavior [ RunTime:0.000641s ]
INFO: [ view_filter ] --END-- [ RunTime:0.000682s ]
INFO: [ app_end ] --START--
INFO: Run Behavior\ShowPageTraceBehavior [ RunTime:0.000865s ]
INFO: [ app_end ] --END-- [ RunTime:0.000911s ]

[ 2018-03-26T16:19:34+08:00 ] 127.0.0.1 /index.php/Home/Home/getCommunityInfo?id=30
INFO: [ app_init ] --START--
INFO: Run Behavior\BuildLiteBehavior [ RunTime:0.000013s ]
INFO: [ app_init ] --END-- [ RunTime:0.000359s ]
INFO: [ app_begin ] --START--
INFO: Run Behavior\ReadHtmlCacheBehavior [ RunTime:0.000559s ]
INFO: [ app_begin ] --END-- [ RunTime:0.000620s ]
SQL: SHOW COLUMNS FROM `sjy_origanization_user_info` [ RunTime:0.0815s ]
SQL: SELECT * FROM `sjy_origanization_user_info` WHERE `sjy_id` = 79 LIMIT 1   [ RunTime:0.0556s ]
SQL: SHOW COLUMNS FROM `sjy_cities` [ RunTime:0.0730s ]
SQL: SELECT `city` FROM `sjy_cities` WHERE `cityid` = '110000' LIMIT 1   [ RunTime:0.0436s ]
NOTIC: [8] Undefined variable: islogin C:\xampp\htdocs\shejuyi\Application\Home\Controller\BaseController.class.php 第 101 行.
SQL: SHOW COLUMNS FROM `sjy_community_base_info` [ RunTime:0.0445s ]
SQL: SELECT * FROM `sjy_community_base_info` WHERE `sjy_id` = 30 LIMIT 1   [ RunTime:0.0433s ]
SQL: SHOW COLUMNS FROM `sjy_community_position_info` [ RunTime:0.0647s ]
SQL: SELECT * FROM `sjy_community_position_info` WHERE `sjy_community_id` = '30' LIMIT 1   [ RunTime:0.0508s ]
SQL: SHOW COLUMNS FROM `sjy_community_images` [ RunTime:0.0386s ]
SQL: SELECT `sjy_community_images` FROM `sjy_community_images` WHERE `sjy_community_code` = '30' LIMIT 1   [ RunTime:0.0866s ]

[ 2018-03-26T16:19:40+08:00 ] 127.0.0.1 /index.php/Home/Project/communityIngProject?community_code=30
INFO: [ app_init ] --START--
INFO: Run Behavior\BuildLiteBehavior [ RunTime:0.000021s ]
INFO: [ app_init ] --END-- [ RunTime:0.000346s ]
INFO: [ app_begin ] --START--
INFO: Run Behavior\ReadHtmlCacheBehavior [ RunTime:0.000505s ]
INFO: [ app_begin ] --END-- [ RunTime:0.000545s ]
SQL: SHOW COLUMNS FROM `sjy_origanization_user_info` [ RunTime:0.0584s ]
SQL: SELECT * FROM `sjy_origanization_user_info` WHERE `sjy_id` = 79 LIMIT 1   [ RunTime:0.0638s ]
SQL: SHOW COLUMNS FROM `sjy_cities` [ RunTime:0.0648s ]
SQL: SELECT `city` FROM `sjy_cities` WHERE `cityid` = '110000' LIMIT 1   [ RunTime:0.0639s ]
NOTIC: [8] Undefined variable: islogin C:\xampp\htdocs\shejuyi\Application\Home\Controller\BaseController.class.php 第 101 行.
SQL: SHOW COLUMNS FROM `sjy_project` [ RunTime:0.0511s ]
SQL: SELECT * FROM `sjy_project` WHERE `community_id` = 30 AND `status` BETWEEN 10 AND 99 ORDER BY project_start_time desc  [ RunTime:0.0569s ]
SQL: SHOW COLUMNS FROM `sjy_community_project_info` [ RunTime:0.0509s ]
SQL: SELECT * FROM `sjy_community_project_info` WHERE `sjy_id` = 41 LIMIT 1   [ RunTime:0.0722s ]
SQL: SHOW COLUMNS FROM `sjy_community_project_image` [ RunTime:0.3476s ]
SQL: SELECT * FROM `sjy_community_project_image` WHERE `sjy_community_project_id` = 41 LIMIT 1   [ RunTime:0.0434s ]

[ 2018-03-26T16:19:48+08:00 ] 127.0.0.1 /index.php/Home/Home/displayCommunityHome/id/30
INFO: [ app_init ] --START--
INFO: Run Behavior\BuildLiteBehavior [ RunTime:0.000012s ]
INFO: [ app_init ] --END-- [ RunTime:0.000356s ]
INFO: [ app_begin ] --START--
INFO: Run Behavior\ReadHtmlCacheBehavior [ RunTime:0.000566s ]
INFO: [ app_begin ] --END-- [ RunTime:0.000612s ]
SQL: SHOW COLUMNS FROM `sjy_origanization_user_info` [ RunTime:0.0663s ]
SQL: SELECT * FROM `sjy_origanization_user_info` WHERE `sjy_id` = 79 LIMIT 1   [ RunTime:0.0500s ]
SQL: SHOW COLUMNS FROM `sjy_cities` [ RunTime:0.0644s ]
SQL: SELECT `city` FROM `sjy_cities` WHERE `cityid` = '110000' LIMIT 1   [ RunTime:0.0562s ]
NOTIC: [8] Undefined variable: islogin C:\xampp\htdocs\shejuyi\Application\Home\Controller\BaseController.class.php 第 101 行.
INFO: [ view_parse ] --START--
INFO: [ template_filter ] --START--
INFO: Run Behavior\ContentReplaceBehavior [ RunTime:0.000325s ]
INFO: [ template_filter ] --END-- [ RunTime:0.000421s ]
INFO: Run Behavior\ParseTemplateBehavior [ RunTime:0.049983s ]
INFO: [ view_parse ] --END-- [ RunTime:0.050093s ]
INFO: [ view_filter ] --START--
INFO: Run Behavior\WriteHtmlCacheBehavior [ RunTime:0.000476s ]
INFO: [ view_filter ] --END-- [ RunTime:0.000513s ]
INFO: [ app_end ] --START--
INFO: Run Behavior\ShowPageTraceBehavior [ RunTime:0.000845s ]
INFO: [ app_end ] --END-- [ RunTime:0.000907s ]

[ 2018-03-26T16:19:49+08:00 ] 127.0.0.1 /index.php/Home/Home/getCommunityInfo?id=30
INFO: [ app_init ] --START--
INFO: Run Behavior\BuildLiteBehavior [ RunTime:0.000012s ]
INFO: [ app_init ] --END-- [ RunTime:0.000354s ]
INFO: [ app_begin ] --START--
INFO: Run Behavior\ReadHtmlCacheBehavior [ RunTime:0.000723s ]
INFO: [ app_begin ] --END-- [ RunTime:0.000772s ]
SQL: SHOW COLUMNS FROM `sjy_origanization_user_info` [ RunTime:0.0735s ]
SQL: SELECT * FROM `sjy_origanization_user_info` WHERE `sjy_id` = 79 LIMIT 1   [ RunTime:0.0447s ]
SQL: SHOW COLUMNS FROM `sjy_cities` [ RunTime:0.0430s ]
SQL: SELECT `city` FROM `sjy_cities` WHERE `cityid` = '110000' LIMIT 1   [ RunTime:0.0637s ]
NOTIC: [8] Undefined variable: islogin C:\xampp\htdocs\shejuyi\Application\Home\Controller\BaseController.class.php 第 101 行.
SQL: SHOW COLUMNS FROM `sjy_community_base_info` [ RunTime:0.0436s ]
SQL: SELECT * FROM `sjy_community_base_info` WHERE `sjy_id` = 30 LIMIT 1   [ RunTime:0.0562s ]
SQL: SHOW COLUMNS FROM `sjy_community_position_info` [ RunTime:0.0865s ]
SQL: SELECT * FROM `sjy_community_position_info` WHERE `sjy_community_id` = '30' LIMIT 1   [ RunTime:0.0558s ]
SQL: SHOW COLUMNS FROM `sjy_community_images` [ RunTime:0.0722s ]
SQL: SELECT `sjy_community_images` FROM `sjy_community_images` WHERE `sjy_community_code` = '30' LIMIT 1   [ RunTime:0.0426s ]

[ 2018-03-26T16:19:50+08:00 ] 127.0.0.1 /index.php/Home/Project/communityIngProject?community_code=30
INFO: [ app_init ] --START--
INFO: Run Behavior\BuildLiteBehavior [ RunTime:0.000014s ]
INFO: [ app_init ] --END-- [ RunTime:0.000384s ]
INFO: [ app_begin ] --START--
INFO: Run Behavior\ReadHtmlCacheBehavior [ RunTime:0.000565s ]
INFO: [ app_begin ] --END-- [ RunTime:0.000605s ]
SQL: SHOW COLUMNS FROM `sjy_origanization_user_info` [ RunTime:0.0452s ]
SQL: SELECT * FROM `sjy_origanization_user_info` WHERE `sjy_id` = 79 LIMIT 1   [ RunTime:0.0710s ]
SQL: SHOW COLUMNS FROM `sjy_cities` [ RunTime:0.0561s ]
SQL: SELECT `city` FROM `sjy_cities` WHERE `cityid` = '110000' LIMIT 1   [ RunTime:0.0788s ]
NOTIC: [8] Undefined variable: islogin C:\xampp\htdocs\shejuyi\Application\Home\Controller\BaseController.class.php 第 101 行.
SQL: SHOW COLUMNS FROM `sjy_project` [ RunTime:0.0570s ]
SQL: SELECT * FROM `sjy_project` WHERE `community_id` = 30 AND `status` BETWEEN 10 AND 99 ORDER BY project_start_time desc  [ RunTime:0.0803s ]
SQL: SHOW COLUMNS FROM `sjy_community_project_info` [ RunTime:0.0649s ]
SQL: SELECT * FROM `sjy_community_project_info` WHERE `sjy_id` = 41 LIMIT 1   [ RunTime:0.0706s ]
SQL: SHOW COLUMNS FROM `sjy_community_project_image` [ RunTime:0.0471s ]
SQL: SELECT * FROM `sjy_community_project_image` WHERE `sjy_community_project_id` = 41 LIMIT 1   [ RunTime:0.0433s ]

[ 2018-03-26T16:21:09+08:00 ] 127.0.0.1 /index.php/Home/Home/displayCommunityHome/id/30
INFO: [ app_init ] --START--
INFO: Run Behavior\BuildLiteBehavior [ RunTime:0.000012s ]
INFO: [ app_init ] --END-- [ RunTime:0.000345s ]
INFO: [ app_begin ] --START--
INFO: Run Behavior\ReadHtmlCacheBehavior [ RunTime:0.000539s ]
INFO: [ app_begin ] --END-- [ RunTime:0.000578s ]
SQL: SHOW COLUMNS FROM `sjy_origanization_user_info` [ RunTime:0.0658s ]
SQL: SELECT * FROM `sjy_origanization_user_info` WHERE `sjy_id` = 79 LIMIT 1   [ RunTime:0.0434s ]
SQL: SHOW COLUMNS FROM `sjy_cities` [ RunTime:0.0794s ]
SQL: SELECT `city` FROM `sjy_cities` WHERE `cityid` = '110000' LIMIT 1   [ RunTime:0.0433s ]
NOTIC: [8] Undefined variable: islogin C:\xampp\htdocs\shejuyi\Application\Home\Controller\BaseController.class.php 第 101 行.
INFO: [ view_parse ] --START--
INFO: [ template_filter ] --START--
INFO: Run Behavior\ContentReplaceBehavior [ RunTime:0.000324s ]
INFO: [ template_filter ] --END-- [ RunTime:0.000420s ]
INFO: Run Behavior\ParseTemplateBehavior [ RunTime:0.050869s ]
INFO: [ view_parse ] --END-- [ RunTime:0.050982s ]
INFO: [ view_filter ] --START--
INFO: Run Behavior\WriteHtmlCacheBehavior [ RunTime:0.000656s ]
INFO: [ view_filter ] --END-- [ RunTime:0.000693s ]
INFO: [ app_end ] --START--
INFO: Run Behavior\ShowPageTraceBehavior [ RunTime:0.000807s ]
INFO: [ app_end ] --END-- [ RunTime:0.000854s ]

[ 2018-03-26T16:21:11+08:00 ] 127.0.0.1 /index.php/Home/Home/getCommunityInfo?id=30
INFO: [ app_init ] --START--
INFO: Run Behavior\BuildLiteBehavior [ RunTime:0.000014s ]
INFO: [ app_init ] --END-- [ RunTime:0.000474s ]
INFO: [ app_begin ] --START--
INFO: Run Behavior\ReadHtmlCacheBehavior [ RunTime:0.000750s ]
INFO: [ app_begin ] --END-- [ RunTime:0.000809s ]
SQL: SHOW COLUMNS FROM `sjy_origanization_user_info` [ RunTime:0.0739s ]
SQL: SELECT * FROM `sjy_origanization_user_info` WHERE `sjy_id` = 79 LIMIT 1   [ RunTime:0.0514s ]
SQL: SHOW COLUMNS FROM `sjy_cities` [ RunTime:0.0749s ]
SQL: SELECT `city` FROM `sjy_cities` WHERE `cityid` = '110000' LIMIT 1   [ RunTime:0.0440s ]
NOTIC: [8] Undefined variable: islogin C:\xampp\htdocs\shejuyi\Application\Home\Controller\BaseController.class.php 第 101 行.
SQL: SHOW COLUMNS FROM `sjy_community_base_info` [ RunTime:0.0656s ]
SQL: SELECT * FROM `sjy_community_base_info` WHERE `sjy_id` = 30 LIMIT 1   [ RunTime:0.0642s ]
SQL: SHOW COLUMNS FROM `sjy_community_position_info` [ RunTime:0.0445s ]
SQL: SELECT * FROM `sjy_community_position_info` WHERE `sjy_community_id` = '30' LIMIT 1   [ RunTime:0.1943s ]
SQL: SHOW COLUMNS FROM `sjy_community_images` [ RunTime:0.0583s ]
SQL: SELECT `sjy_community_images` FROM `sjy_community_images` WHERE `sjy_community_code` = '30' LIMIT 1   [ RunTime:0.0501s ]

[ 2018-03-26T16:21:15+08:00 ] 127.0.0.1 /index.php/Home/Project/communityIngProject?community_code=30
INFO: [ app_init ] --START--
INFO: Run Behavior\BuildLiteBehavior [ RunTime:0.000012s ]
INFO: [ app_init ] --END-- [ RunTime:0.000347s ]
INFO: [ app_begin ] --START--
INFO: Run Behavior\ReadHtmlCacheBehavior [ RunTime:0.000520s ]
INFO: [ app_begin ] --END-- [ RunTime:0.000559s ]
SQL: SHOW COLUMNS FROM `sjy_origanization_user_info` [ RunTime:0.1847s ]
SQL: SELECT * FROM `sjy_origanization_user_info` WHERE `sjy_id` = 79 LIMIT 1   [ RunTime:0.3500s ]
SQL: SHOW COLUMNS FROM `sjy_cities` [ RunTime:0.0928s ]
SQL: SELECT `city` FROM `sjy_cities` WHERE `cityid` = '110000' LIMIT 1   [ RunTime:0.3054s ]
NOTIC: [8] Undefined variable: islogin C:\xampp\htdocs\shejuyi\Application\Home\Controller\BaseController.class.php 第 101 行.
SQL: SHOW COLUMNS FROM `sjy_project` [ RunTime:0.0567s ]
SQL: SELECT * FROM `sjy_project` WHERE `community_id` = 30 AND `status` BETWEEN 10 AND 99 ORDER BY project_start_time desc  [ RunTime:0.1536s ]
SQL: SHOW COLUMNS FROM `sjy_community_project_info` [ RunTime:0.7341s ]
SQL: SELECT * FROM `sjy_community_project_info` WHERE `sjy_id` = 41 LIMIT 1   [ RunTime:0.0520s ]
SQL: SHOW COLUMNS FROM `sjy_community_project_image` [ RunTime:0.0813s ]
SQL: SELECT * FROM `sjy_community_project_image` WHERE `sjy_community_project_id` = 41 LIMIT 1   [ RunTime:0.7782s ]

[ 2018-03-26T16:22:26+08:00 ] 127.0.0.1 /index.php/Home/Home/displayCommunityHome/id/30
INFO: [ app_init ] --START--
INFO: Run Behavior\BuildLiteBehavior [ RunTime:0.000017s ]
INFO: [ app_init ] --END-- [ RunTime:0.000400s ]
INFO: [ app_begin ] --START--
INFO: Run Behavior\ReadHtmlCacheBehavior [ RunTime:0.000607s ]
INFO: [ app_begin ] --END-- [ RunTime:0.000653s ]
SQL: SHOW COLUMNS FROM `sjy_origanization_user_info` [ RunTime:0.0748s ]
SQL: SELECT * FROM `sjy_origanization_user_info` WHERE `sjy_id` = 79 LIMIT 1   [ RunTime:0.0786s ]
SQL: SHOW COLUMNS FROM `sjy_cities` [ RunTime:0.2838s ]
SQL: SELECT `city` FROM `sjy_cities` WHERE `cityid` = '110000' LIMIT 1   [ RunTime:0.0629s ]
NOTIC: [8] Undefined variable: islogin C:\xampp\htdocs\shejuyi\Application\Home\Controller\BaseController.class.php 第 101 行.
INFO: [ view_parse ] --START--
INFO: [ template_filter ] --START--
INFO: Run Behavior\ContentReplaceBehavior [ RunTime:0.000351s ]
INFO: [ template_filter ] --END-- [ RunTime:0.000443s ]
INFO: Run Behavior\ParseTemplateBehavior [ RunTime:0.051610s ]
INFO: [ view_parse ] --END-- [ RunTime:0.051795s ]
INFO: [ view_filter ] --START--
INFO: Run Behavior\WriteHtmlCacheBehavior [ RunTime:0.001311s ]
INFO: [ view_filter ] --END-- [ RunTime:0.001383s ]
INFO: [ app_end ] --START--
INFO: Run Behavior\ShowPageTraceBehavior [ RunTime:0.001577s ]
INFO: [ app_end ] --END-- [ RunTime:0.001672s ]

[ 2018-03-26T16:22:28+08:00 ] 127.0.0.1 /index.php/Home/Home/getCommunityInfo?id=30
INFO: [ app_init ] --START--
INFO: Run Behavior\BuildLiteBehavior [ RunTime:0.000012s ]
INFO: [ app_init ] --END-- [ RunTime:0.000379s ]
INFO: [ app_begin ] --START--
INFO: Run Behavior\ReadHtmlCacheBehavior [ RunTime:0.000711s ]
INFO: [ app_begin ] --END-- [ RunTime:0.000758s ]
SQL: SHOW COLUMNS FROM `sjy_origanization_user_info` [ RunTime:0.0448s ]
SQL: SELECT * FROM `sjy_origanization_user_info` WHERE `sjy_id` = 79 LIMIT 1   [ RunTime:0.2095s ]
SQL: SHOW COLUMNS FROM `sjy_cities` [ RunTime:0.2814s ]
SQL: SELECT `city` FROM `sjy_cities` WHERE `cityid` = '110000' LIMIT 1   [ RunTime:0.0742s ]
NOTIC: [8] Undefined variable: islogin C:\xampp\htdocs\shejuyi\Application\Home\Controller\BaseController.class.php 第 101 行.
SQL: SHOW COLUMNS FROM `sjy_community_base_info` [ RunTime:0.0596s ]
SQL: SELECT * FROM `sjy_community_base_info` WHERE `sjy_id` = 30 LIMIT 1   [ RunTime:0.0435s ]
SQL: SHOW COLUMNS FROM `sjy_community_position_info` [ RunTime:0.0969s ]
SQL: SELECT * FROM `sjy_community_position_info` WHERE `sjy_community_id` = '30' LIMIT 1   [ RunTime:0.0449s ]
SQL: SHOW COLUMNS FROM `sjy_community_images` [ RunTime:0.0749s ]
SQL: SELECT `sjy_community_images` FROM `sjy_community_images` WHERE `sjy_community_code` = '30' LIMIT 1   [ RunTime:0.0451s ]

[ 2018-03-26T16:22:31+08:00 ] 127.0.0.1 /index.php/Home/Project/communityIngProject?community_code=30
INFO: [ app_init ] --START--
INFO: Run Behavior\BuildLiteBehavior [ RunTime:0.000013s ]
INFO: [ app_init ] --END-- [ RunTime:0.000391s ]
INFO: [ app_begin ] --START--
INFO: Run Behavior\ReadHtmlCacheBehavior [ RunTime:0.000569s ]
INFO: [ app_begin ] --END-- [ RunTime:0.000617s ]
SQL: SHOW COLUMNS FROM `sjy_origanization_user_info` [ RunTime:0.1771s ]
SQL: SELECT * FROM `sjy_origanization_user_info` WHERE `sjy_id` = 79 LIMIT 1   [ RunTime:0.1955s ]
SQL: SHOW COLUMNS FROM `sjy_cities` [ RunTime:0.0473s ]
SQL: SELECT `city` FROM `sjy_cities` WHERE `cityid` = '110000' LIMIT 1   [ RunTime:1.0809s ]
NOTIC: [8] Undefined variable: islogin C:\xampp\htdocs\shejuyi\Application\Home\Controller\BaseController.class.php 第 101 行.
SQL: SHOW COLUMNS FROM `sjy_project` [ RunTime:0.0591s ]
SQL: SELECT * FROM `sjy_project` WHERE `community_id` = 30 AND `status` BETWEEN 10 AND 99 ORDER BY project_start_time desc  [ RunTime:0.0644s ]
SQL: SHOW COLUMNS FROM `sjy_community_project_info` [ RunTime:0.0506s ]
SQL: SELECT * FROM `sjy_community_project_info` WHERE `sjy_id` = 41 LIMIT 1   [ RunTime:0.0874s ]
SQL: SHOW COLUMNS FROM `sjy_community_project_image` [ RunTime:0.0795s ]
SQL: SELECT * FROM `sjy_community_project_image` WHERE `sjy_community_project_id` = 41 LIMIT 1   [ RunTime:0.0794s ]

[ 2018-03-26T16:24:04+08:00 ] 127.0.0.1 /index.php/Home/Home/displayCommunityHome/id/30
INFO: [ app_init ] --START--
INFO: Run Behavior\BuildLiteBehavior [ RunTime:0.000012s ]
INFO: [ app_init ] --END-- [ RunTime:0.000414s ]
INFO: [ app_begin ] --START--
INFO: Run Behavior\ReadHtmlCacheBehavior [ RunTime:0.000577s ]
INFO: [ app_begin ] --END-- [ RunTime:0.000619s ]
SQL: SHOW COLUMNS FROM `sjy_origanization_user_info` [ RunTime:0.4601s ]
SQL: SELECT * FROM `sjy_origanization_user_info` WHERE `sjy_id` = 79 LIMIT 1   [ RunTime:0.2068s ]
SQL: SHOW COLUMNS FROM `sjy_cities` [ RunTime:0.3034s ]
SQL: SELECT `city` FROM `sjy_cities` WHERE `cityid` = '110000' LIMIT 1   [ RunTime:0.0590s ]
NOTIC: [8] Undefined variable: islogin C:\xampp\htdocs\shejuyi\Application\Home\Controller\BaseController.class.php 第 101 行.
INFO: [ view_parse ] --START--
INFO: [ template_filter ] --START--
INFO: Run Behavior\ContentReplaceBehavior [ RunTime:0.000320s ]
INFO: [ template_filter ] --END-- [ RunTime:0.000411s ]
INFO: Run Behavior\ParseTemplateBehavior [ RunTime:0.052360s ]
INFO: [ view_parse ] --END-- [ RunTime:0.052495s ]
INFO: [ view_filter ] --START--
INFO: Run Behavior\WriteHtmlCacheBehavior [ RunTime:0.001491s ]
INFO: [ view_filter ] --END-- [ RunTime:0.001571s ]
INFO: [ app_end ] --START--
INFO: Run Behavior\ShowPageTraceBehavior [ RunTime:0.001463s ]
INFO: [ app_end ] --END-- [ RunTime:0.001547s ]

[ 2018-03-26T16:24:05+08:00 ] 127.0.0.1 /index.php/Home/Home/getCommunityInfo?id=30
INFO: [ app_init ] --START--
INFO: Run Behavior\BuildLiteBehavior [ RunTime:0.000014s ]
INFO: [ app_init ] --END-- [ RunTime:0.000391s ]
INFO: [ app_begin ] --START--
INFO: Run Behavior\ReadHtmlCacheBehavior [ RunTime:0.000610s ]
INFO: [ app_begin ] --END-- [ RunTime:0.000667s ]
SQL: SHOW COLUMNS FROM `sjy_origanization_user_info` [ RunTime:0.0453s ]
SQL: SELECT * FROM `sjy_origanization_user_info` WHERE `sjy_id` = 79 LIMIT 1   [ RunTime:0.0752s ]
SQL: SHOW COLUMNS FROM `sjy_cities` [ RunTime:0.0716s ]
SQL: SELECT `city` FROM `sjy_cities` WHERE `cityid` = '110000' LIMIT 1   [ RunTime:0.0434s ]
NOTIC: [8] Undefined variable: islogin C:\xampp\htdocs\shejuyi\Application\Home\Controller\BaseController.class.php 第 101 行.
SQL: SHOW COLUMNS FROM `sjy_community_base_info` [ RunTime:0.0400s ]
SQL: SELECT * FROM `sjy_community_base_info` WHERE `sjy_id` = 30 LIMIT 1   [ RunTime:0.0387s ]
SQL: SHOW COLUMNS FROM `sjy_community_position_info` [ RunTime:0.0960s ]
SQL: SELECT * FROM `sjy_community_position_info` WHERE `sjy_community_id` = '30' LIMIT 1   [ RunTime:0.0747s ]
SQL: SHOW COLUMNS FROM `sjy_community_images` [ RunTime:0.0671s ]
SQL: SELECT `sjy_community_images` FROM `sjy_community_images` WHERE `sjy_community_code` = '30' LIMIT 1   [ RunTime:0.0440s ]

