[ 2017-12-07T16:32:49+08:00 ] 127.0.0.1 /shejuyi/imgs/shequ.png
INFO: [ app_init ] --START--
INFO: Run Behavior\BuildLiteBehavior [ RunTime:0.000000s ]
INFO: [ app_init ] --END-- [ RunTime:0.002000s ]
ERR: 无法加载模块:Imgs

[ 2017-12-07T16:32:49+08:00 ] 127.0.0.1 /shejuyi/imgs/banner.png
INFO: [ app_init ] --START--
INFO: Run Behavior\BuildLiteBehavior [ RunTime:0.000000s ]
INFO: [ app_init ] --END-- [ RunTime:0.001000s ]
ERR: 无法加载模块:Imgs

[ 2017-12-07T16:32:49+08:00 ] 127.0.0.1 /shejuyi/imgs/logo.png
INFO: [ app_init ] --START--
INFO: Run Behavior\BuildLiteBehavior [ RunTime:0.000000s ]
INFO: [ app_init ] --END-- [ RunTime:0.001000s ]
ERR: 无法加载模块:Imgs

[ 2017-12-07T16:32:49+08:00 ] 127.0.0.1 /shejuyi/imgs/shegong.png
INFO: [ app_init ] --START--
INFO: Run Behavior\BuildLiteBehavior [ RunTime:0.000000s ]
INFO: [ app_init ] --END-- [ RunTime:0.001000s ]
ERR: 无法加载模块:Imgs

[ 2017-12-07T16:32:49+08:00 ] 127.0.0.1 /shejuyi/imgs/xinhuadangjian.png
INFO: [ app_init ] --START--
INFO: Run Behavior\BuildLiteBehavior [ RunTime:0.000000s ]
INFO: [ app_init ] --END-- [ RunTime:0.002000s ]
ERR: 无法加载模块:Imgs

[ 2017-12-07T16:32:49+08:00 ] 127.0.0.1 /shejuyi/imgs/banner2.png
INFO: [ app_init ] --START--
INFO: Run Behavior\BuildLiteBehavior [ RunTime:0.000000s ]
INFO: [ app_init ] --END-- [ RunTime:0.001001s ]
ERR: 无法加载模块:Imgs

[ 2017-12-07T16:32:49+08:00 ] 127.0.0.1 /shejuyi/imgs/tonghuishuyuan.jpg
INFO: [ app_init ] --START--
INFO: Run Behavior\BuildLiteBehavior [ RunTime:0.000000s ]
INFO: [ app_init ] --END-- [ RunTime:0.001000s ]
ERR: 无法加载模块:Imgs

[ 2017-12-07T16:32:49+08:00 ] 127.0.0.1 /shejuyi/imgs/lvnong.png
INFO: [ app_init ] --START--
INFO: Run Behavior\BuildLiteBehavior [ RunTime:0.000000s ]
INFO: [ app_init ] --END-- [ RunTime:0.002000s ]
ERR: 无法加载模块:Imgs

[ 2017-12-07T16:32:49+08:00 ] 127.0.0.1 /shejuyi/imgs/shequ2.jpg
INFO: [ app_init ] --START--
INFO: Run Behavior\BuildLiteBehavior [ RunTime:0.000000s ]
INFO: [ app_init ] --END-- [ RunTime:0.001000s ]
ERR: 无法加载模块:Imgs

[ 2017-12-07T16:32:49+08:00 ] 127.0.0.1 /shejuyi/imgs/qimingxing.png
INFO: [ app_init ] --START--
INFO: Run Behavior\BuildLiteBehavior [ RunTime:0.000000s ]
INFO: [ app_init ] --END-- [ RunTime:0.004000s ]
ERR: 无法加载模块:Imgs

[ 2017-12-07T16:32:49+08:00 ] 127.0.0.1 /shejuyi/imgs/shequ1.jpg
INFO: [ app_init ] --START--
INFO: Run Behavior\BuildLiteBehavior [ RunTime:0.000000s ]
INFO: [ app_init ] --END-- [ RunTime:0.001000s ]
ERR: 无法加载模块:Imgs

[ 2017-12-07T16:32:49+08:00 ] 127.0.0.1 /shejuyi/imgs/shequ4.JPG
INFO: [ app_init ] --START--
INFO: Run Behavior\BuildLiteBehavior [ RunTime:0.000000s ]
INFO: [ app_init ] --END-- [ RunTime:0.001000s ]
ERR: 无法加载模块:Imgs

[ 2017-12-07T16:32:49+08:00 ] 127.0.0.1 /shejuyi/imgs/shequ3.jpg
INFO: [ app_init ] --START--
INFO: Run Behavior\BuildLiteBehavior [ RunTime:0.000000s ]
INFO: [ app_init ] --END-- [ RunTime:0.001000s ]
ERR: 无法加载模块:Imgs

[ 2017-12-07T16:32:50+08:00 ] 127.0.0.1 /shejuyi/imgs/shequ.png
INFO: [ app_init ] --START--
INFO: Run Behavior\BuildLiteBehavior [ RunTime:0.000000s ]
INFO: [ app_init ] --END-- [ RunTime:0.001000s ]
ERR: 无法加载模块:Imgs

[ 2017-12-07T16:32:50+08:00 ] 127.0.0.1 /shejuyi/imgs/shegong.png
INFO: [ app_init ] --START--
INFO: Run Behavior\BuildLiteBehavior [ RunTime:0.000000s ]
INFO: [ app_init ] --END-- [ RunTime:0.001000s ]
ERR: 无法加载模块:Imgs

[ 2017-12-07T16:32:50+08:00 ] 127.0.0.1 /shejuyi/imgs/logo.png
INFO: [ app_init ] --START--
INFO: Run Behavior\BuildLiteBehavior [ RunTime:0.000000s ]
INFO: [ app_init ] --END-- [ RunTime:0.001000s ]
ERR: 无法加载模块:Imgs

[ 2017-12-07T16:32:50+08:00 ] 127.0.0.1 /shejuyi/imgs/banner.png
INFO: [ app_init ] --START--
INFO: Run Behavior\BuildLiteBehavior [ RunTime:0.000000s ]
INFO: [ app_init ] --END-- [ RunTime:0.001000s ]
ERR: 无法加载模块:Imgs

[ 2017-12-07T16:32:50+08:00 ] 127.0.0.1 /shejuyi/imgs/banner2.png
INFO: [ app_init ] --START--
INFO: Run Behavior\BuildLiteBehavior [ RunTime:0.000000s ]
INFO: [ app_init ] --END-- [ RunTime:0.001000s ]
ERR: 无法加载模块:Imgs

[ 2017-12-07T16:32:50+08:00 ] 127.0.0.1 /shejuyi/imgs/lvnong.png
INFO: [ app_init ] --START--
INFO: Run Behavior\BuildLiteBehavior [ RunTime:0.000000s ]
INFO: [ app_init ] --END-- [ RunTime:0.001000s ]
ERR: 无法加载模块:Imgs

[ 2017-12-07T16:32:50+08:00 ] 127.0.0.1 /shejuyi/imgs/qimingxing.png
INFO: [ app_init ] --START--
INFO: Run Behavior\BuildLiteBehavior [ RunTime:0.000000s ]
INFO: [ app_init ] --END-- [ RunTime:0.002000s ]
ERR: 无法加载模块:Imgs



[ 2017-12-07T16:32:50+08:00 ] 127.0.0.1 /shejuyi/imgs/xinhuadangjian.png
INFO: [ app_init ] --START--
INFO: Run Behavior\BuildLiteBehavior [ RunTime:0.000000s ]
INFO: [ app_init ] --END-- [ RunTime:0.001000s ]
ERR: 无法加载模块:Imgs

[ 2017-12-07T16:32:50+08:00 ] 127.0.0.1 /shejuyi/imgs/shequ4.JPG
INFO: [ app_init ] --START--
INFO: Run Behavior\BuildLiteBehavior [ RunTime:0.000000s ]
INFO: [ app_init ] --END-- [ RunTime:0.001000s ]
ERR: 无法加载模块:Imgs

[ 2017-12-07T16:32:50+08:00 ] 127.0.0.1 /shejuyi/imgs/shequ3.jpg
INFO: [ app_init ] --START--
INFO: Run Behavior\BuildLiteBehavior [ RunTime:0.000000s ]
INFO: [ app_init ] --END-- [ RunTime:0.003000s ]
ERR: 无法加载模块:Imgs

[ 2017-12-07T16:32:50+08:00 ] 127.0.0.1 /shejuyi/imgs/shequ2.jpg
INFO: [ app_init ] --START--
INFO: Run Behavior\BuildLiteBehavior [ RunTime:0.000000s ]
INFO: [ app_init ] --END-- [ RunTime:0.001000s ]
ERR: 无法加载模块:Imgs

[ 2017-12-07T16:32:50+08:00 ] 127.0.0.1 /shejuyi/imgs/shequ1.jpg
INFO: [ app_init ] --START--
INFO: Run Behavior\BuildLiteBehavior [ RunTime:0.000000s ]
INFO: [ app_init ] --END-- [ RunTime:0.001000s ]
ERR: 无法加载模块:Imgs

[ 2017-12-07T16:35:03+08:00 ] 127.0.0.1 /shejuyi/imgs/banner2.png
INFO: [ app_init ] --START--
INFO: Run Behavior\BuildLiteBehavior [ RunTime:0.000000s ]
INFO: [ app_init ] --END-- [ RunTime:0.001000s ]
ERR: 无法加载模块:Imgs

[ 2017-12-07T16:35:03+08:00 ] 127.0.0.1 /shejuyi/imgs/lvnong.png
INFO: [ app_init ] --START--
INFO: Run Behavior\BuildLiteBehavior [ RunTime:0.000000s ]
INFO: [ app_init ] --END-- [ RunTime:0.001000s ]
ERR: 无法加载模块:Imgs

[ 2017-12-07T16:35:03+08:00 ] 127.0.0.1 /shejuyi/imgs/shegong.png
INFO: [ app_init ] --START--
INFO: Run Behavior\BuildLiteBehavior [ RunTime:0.000000s ]
INFO: [ app_init ] --END-- [ RunTime:0.001000s ]
ERR: 无法加载模块:Imgs

[ 2017-12-07T16:35:03+08:00 ] 127.0.0.1 /shejuyi/imgs/xinhuadangjian.png
INFO: [ app_init ] --START--
INFO: Run Behavior\BuildLiteBehavior [ RunTime:0.000000s ]
INFO: [ app_init ] --END-- [ RunTime:0.001000s ]
ERR: 无法加载模块:Imgs

[ 2017-12-07T16:35:03+08:00 ] 127.0.0.1 /shejuyi/imgs/tonghuishuyuan.jpg
INFO: [ app_init ] --START--
INFO: Run Behavior\BuildLiteBehavior [ RunTime:0.000000s ]
INFO: [ app_init ] --END-- [ RunTime:0.002000s ]
ERR: 无法加载模块:Imgs

[ 2017-12-07T16:35:03+08:00 ] 127.0.0.1 /shejuyi/imgs/shequ.png
INFO: [ app_init ] --START--
INFO: Run Behavior\BuildLiteBehavior [ RunTime:0.000000s ]
INFO: [ app_init ] --END-- [ RunTime:0.001000s ]
ERR: 无法加载模块:Imgs

[ 2017-12-07T16:35:03+08:00 ] 127.0.0.1 /shejuyi/imgs/shequ1.jpg
INFO: [ app_init ] --START--
INFO: Run Behavior\BuildLiteBehavior [ RunTime:0.000000s ]
INFO: [ app_init ] --END-- [ RunTime:0.001000s ]
ERR: 无法加载模块:Imgs

[ 2017-12-07T16:35:03+08:00 ] 127.0.0.1 /shejuyi/imgs/qimingxing.png
INFO: [ app_init ] --START--
INFO: Run Behavior\BuildLiteBehavior [ RunTime:0.000000s ]
INFO: [ app_init ] --END-- [ RunTime:0.001000s ]
ERR: 无法加载模块:Imgs

[ 2017-12-07T16:35:03+08:00 ] 127.0.0.1 /shejuyi/imgs/shequ2.jpg
INFO: [ app_init ] --START--
INFO: Run Behavior\BuildLiteBehavior [ RunTime:0.000000s ]
INFO: [ app_init ] --END-- [ RunTime:0.003000s ]
ERR: 无法加载模块:Imgs

[ 2017-12-07T16:35:03+08:00 ] 127.0.0.1 /shejuyi/imgs/shequ3.jpg
INFO: [ app_init ] --START--
INFO: Run Behavior\BuildLiteBehavior [ RunTime:0.000000s ]
INFO: [ app_init ] --END-- [ RunTime:0.001000s ]
ERR: 无法加载模块:Imgs

[ 2017-12-07T16:35:03+08:00 ] 127.0.0.1 /shejuyi/imgs/shequ4.JPG
INFO: [ app_init ] --START--
INFO: Run Behavior\BuildLiteBehavior [ RunTime:0.000000s ]
INFO: [ app_init ] --END-- [ RunTime:0.007000s ]
ERR: 无法加载模块:Imgs

[ 2017-12-07T16:35:04+08:00 ] 127.0.0.1 /shejuyi/imgs/shegong.png
INFO: [ app_init ] --START--
INFO: Run Behavior\BuildLiteBehavior [ RunTime:0.000000s ]
INFO: [ app_init ] --END-- [ RunTime:0.001000s ]
ERR: 无法加载模块:Imgs

[ 2017-12-07T16:35:04+08:00 ] 127.0.0.1 /shejuyi/imgs/lvnong.png
INFO: [ app_init ] --START--
INFO: Run Behavior\BuildLiteBehavior [ RunTime:0.000000s ]
INFO: [ app_init ] --END-- [ RunTime:0.002000s ]
ERR: 无法加载模块:Imgs

[ 2017-12-07T16:35:04+08:00 ] 127.0.0.1 /shejuyi/imgs/shequ.png
INFO: [ app_init ] --START--
INFO: Run Behavior\BuildLiteBehavior [ RunTime:0.000000s ]
INFO: [ app_init ] --END-- [ RunTime:0.008000s ]
ERR: 无法加载模块:Imgs

[ 2017-12-07T16:35:04+08:00 ] 127.0.0.1 /shejuyi/imgs/banner2.png
INFO: [ app_init ] --START--
INFO: Run Behavior\BuildLiteBehavior [ RunTime:0.000000s ]
INFO: [ app_init ] --END-- [ RunTime:0.001000s ]
ERR: 无法加载模块:Imgs

[ 2017-12-07T16:35:04+08:00 ] 127.0.0.1 /shejuyi/imgs/qimingxing.png
INFO: [ app_init ] --START--
INFO: Run Behavior\BuildLiteBehavior [ RunTime:0.000000s ]
INFO: [ app_init ] --END-- [ RunTime:0.001000s ]
ERR: 无法加载模块:Imgs

[ 2017-12-07T16:35:04+08:00 ] 127.0.0.1 /shejuyi/imgs/shequ3.jpg
INFO: [ app_init ] --START--
INFO: Run Behavior\BuildLiteBehavior [ RunTime:0.000000s ]
INFO: [ app_init ] --END-- [ RunTime:0.001000s ]
ERR: 无法加载模块:Imgs

[ 2017-12-07T16:35:04+08:00 ] 127.0.0.1 /shejuyi/imgs/tonghuishuyuan.jpg
INFO: [ app_init ] --START--
INFO: Run Behavior\BuildLiteBehavior [ RunTime:0.000000s ]
INFO: [ app_init ] --END-- [ RunTime:0.044000s ]
ERR: 无法加载模块:Imgs

[ 2017-12-07T16:35:04+08:00 ] 127.0.0.1 /shejuyi/imgs/xinhuadangjian.png
INFO: [ app_init ] --START--
INFO: Run Behavior\BuildLiteBehavior [ RunTime:0.000000s ]
INFO: [ app_init ] --END-- [ RunTime:0.001000s ]
ERR: 无法加载模块:Imgs

[ 2017-12-07T16:35:04+08:00 ] 127.0.0.1 /shejuyi/imgs/shequ2.jpg
INFO: [ app_init ] --START--
INFO: Run Behavior\BuildLiteBehavior [ RunTime:0.000000s ]
INFO: [ app_init ] --END-- [ RunTime:0.001000s ]
ERR: 无法加载模块:Imgs

[ 2017-12-07T16:35:04+08:00 ] 127.0.0.1 /shejuyi/imgs/shequ4.JPG
INFO: [ app_init ] --START--
INFO: Run Behavior\BuildLiteBehavior [ RunTime:0.000000s ]
INFO: [ app_init ] --END-- [ RunTime:0.001000s ]
ERR: 无法加载模块:Imgs

[ 2017-12-07T16:35:04+08:00 ] 127.0.0.1 /shejuyi/imgs/shequ1.jpg
INFO: [ app_init ] --START--
INFO: Run Behavior\BuildLiteBehavior [ RunTime:0.000000s ]
INFO: [ app_init ] --END-- [ RunTime:0.002000s ]
ERR: 无法加载模块:Imgs

[ 2017-12-07T16:35:30+08:00 ] 127.0.0.1 /shejuyi/imgs/shequ.png
INFO: [ app_init ] --START--
INFO: Run Behavior\BuildLiteBehavior [ RunTime:0.000000s ]
INFO: [ app_init ] --END-- [ RunTime:0.003000s ]
ERR: 无法加载模块:Imgs

[ 2017-12-07T16:35:31+08:00 ] 127.0.0.1 /shejuyi/imgs/shequ1.jpg
INFO: [ app_init ] --START--
INFO: Run Behavior\BuildLiteBehavior [ RunTime:0.000000s ]
INFO: [ app_init ] --END-- [ RunTime:0.001000s ]
ERR: 无法加载模块:Imgs

[ 2017-12-07T16:35:31+08:00 ] 127.0.0.1 /shejuyi/imgs/lvnong.png
INFO: [ app_init ] --START--
INFO: Run Behavior\BuildLiteBehavior [ RunTime:0.000000s ]
INFO: [ app_init ] --END-- [ RunTime:0.002000s ]
ERR: 无法加载模块:Imgs

[ 2017-12-07T16:35:31+08:00 ] 127.0.0.1 /shejuyi/imgs/tonghuishuyuan.jpg
INFO: [ app_init ] --START--
INFO: Run Behavior\BuildLiteBehavior [ RunTime:0.000000s ]
INFO: [ app_init ] --END-- [ RunTime:0.002000s ]
ERR: 无法加载模块:Imgs

[ 2017-12-07T16:35:31+08:00 ] 127.0.0.1 /shejuyi/imgs/banner2.png
INFO: [ app_init ] --START--
INFO: Run Behavior\BuildLiteBehavior [ RunTime:0.000000s ]
INFO: [ app_init ] --END-- [ RunTime:0.001000s ]
ERR: 无法加载模块:Imgs

[ 2017-12-07T16:35:31+08:00 ] 127.0.0.1 /shejuyi/imgs/xinhuadangjian.png
INFO: [ app_init ] --START--
INFO: Run Behavior\BuildLiteBehavior [ RunTime:0.000000s ]
INFO: [ app_init ] --END-- [ RunTime:0.017000s ]
ERR: 无法加载模块:Imgs

[ 2017-12-07T16:35:31+08:00 ] 127.0.0.1 /shejuyi/imgs/shequ2.jpg
INFO: [ app_init ] --START--
INFO: Run Behavior\BuildLiteBehavior [ RunTime:0.000000s ]
INFO: [ app_init ] --END-- [ RunTime:0.001000s ]
ERR: 无法加载模块:Imgs

[ 2017-12-07T16:35:31+08:00 ] 127.0.0.1 /shejuyi/imgs/shequ4.JPG
INFO: [ app_init ] --START--
INFO: Run Behavior\BuildLiteBehavior [ RunTime:0.000000s ]
INFO: [ app_init ] --END-- [ RunTime:0.001000s ]
ERR: 无法加载模块:Imgs

[ 2017-12-07T16:35:31+08:00 ] 127.0.0.1 /shejuyi/imgs/qimingxing.png
INFO: [ app_init ] --START--
INFO: Run Behavior\BuildLiteBehavior [ RunTime:0.000000s ]
INFO: [ app_init ] --END-- [ RunTime:0.005000s ]
ERR: 无法加载模块:Imgs

[ 2017-12-07T16:35:31+08:00 ] 127.0.0.1 /shejuyi/imgs/shequ3.jpg
INFO: [ app_init ] --START--
INFO: Run Behavior\BuildLiteBehavior [ RunTime:0.000000s ]
INFO: [ app_init ] --END-- [ RunTime:0.002000s ]
ERR: 无法加载模块:Imgs

[ 2017-12-07T16:35:31+08:00 ] 127.0.0.1 /shejuyi/imgs/lvnong.png
INFO: [ app_init ] --START--
INFO: Run Behavior\BuildLiteBehavior [ RunTime:0.000000s ]
INFO: [ app_init ] --END-- [ RunTime:0.001000s ]
ERR: 无法加载模块:Imgs

[ 2017-12-07T16:35:31+08:00 ] 127.0.0.1 /shejuyi/imgs/xinhuadangjian.png
INFO: [ app_init ] --START--
INFO: Run Behavior\BuildLiteBehavior [ RunTime:0.000000s ]
INFO: [ app_init ] --END-- [ RunTime:0.001000s ]
ERR: 无法加载模块:Imgs

[ 2017-12-07T16:35:31+08:00 ] 127.0.0.1 /shejuyi/imgs/banner2.png
INFO: [ app_init ] --START--
INFO: Run Behavior\BuildLiteBehavior [ RunTime:0.000000s ]
INFO: [ app_init ] --END-- [ RunTime:0.001000s ]
ERR: 无法加载模块:Imgs

[ 2017-12-07T16:35:31+08:00 ] 127.0.0.1 /shejuyi/imgs/shequ2.jpg
INFO: [ app_init ] --START--
INFO: Run Behavior\BuildLiteBehavior [ RunTime:0.000000s ]
INFO: [ app_init ] --END-- [ RunTime:0.001000s ]
ERR: 无法加载模块:Imgs

[ 2017-12-07T16:35:31+08:00 ] 127.0.0.1 /shejuyi/imgs/shequ.png
INFO: [ app_init ] --START--
INFO: Run Behavior\BuildLiteBehavior [ RunTime:0.000000s ]
INFO: [ app_init ] --END-- [ RunTime:0.001000s ]
ERR: 无法加载模块:Imgs

[ 2017-12-07T16:35:31+08:00 ] 127.0.0.1 /shejuyi/imgs/shequ3.jpg
INFO: [ app_init ] --START--
INFO: Run Behavior\BuildLiteBehavior [ RunTime:0.000000s ]
INFO: [ app_init ] --END-- [ RunTime:0.014000s ]
ERR: 无法加载模块:Imgs

[ 2017-12-07T16:35:31+08:00 ] 127.0.0.1 /shejuyi/imgs/qimingxing.png
INFO: [ app_init ] --START--
INFO: Run Behavior\BuildLiteBehavior [ RunTime:0.000000s ]
INFO: [ app_init ] --END-- [ RunTime:0.001000s ]
ERR: 无法加载模块:Imgs

[ 2017-12-07T16:35:31+08:00 ] 127.0.0.1 /shejuyi/imgs/tonghuishuyuan.jpg
INFO: [ app_init ] --START--
INFO: Run Behavior\BuildLiteBehavior [ RunTime:0.000000s ]
INFO: [ app_init ] --END-- [ RunTime:0.001000s ]
ERR: 无法加载模块:Imgs

[ 2017-12-07T16:35:31+08:00 ] 127.0.0.1 /shejuyi/imgs/shequ4.JPG
INFO: [ app_init ] --START--
INFO: Run Behavior\BuildLiteBehavior [ RunTime:0.000000s ]
INFO: [ app_init ] --END-- [ RunTime:0.003000s ]
ERR: 无法加载模块:Imgs

[ 2017-12-07T16:35:31+08:00 ] 127.0.0.1 /shejuyi/imgs/shequ1.jpg
INFO: [ app_init ] --START--
INFO: Run Behavior\BuildLiteBehavior [ RunTime:0.000000s ]
INFO: [ app_init ] --END-- [ RunTime:0.002000s ]
ERR: 无法加载模块:Imgs

[ 2017-12-07T16:36:03+08:00 ] 127.0.0.1 /shejuyi/imgs/banner2.png
INFO: [ app_init ] --START--
INFO: Run Behavior\BuildLiteBehavior [ RunTime:0.000000s ]
INFO: [ app_init ] --END-- [ RunTime:0.001000s ]
ERR: 无法加载模块:Imgs

[ 2017-12-07T16:36:03+08:00 ] 127.0.0.1 /shejuyi/imgs/qimingxing.png
INFO: [ app_init ] --START--
INFO: Run Behavior\BuildLiteBehavior [ RunTime:0.000000s ]
INFO: [ app_init ] --END-- [ RunTime:0.001000s ]
ERR: 无法加载模块:Imgs

[ 2017-12-07T16:36:03+08:00 ] 127.0.0.1 /shejuyi/imgs/xinhuadangjian.png
INFO: [ app_init ] --START--
INFO: Run Behavior\BuildLiteBehavior [ RunTime:0.000000s ]
INFO: [ app_init ] --END-- [ RunTime:0.002000s ]
ERR: 无法加载模块:Imgs

[ 2017-12-07T16:36:03+08:00 ] 127.0.0.1 /shejuyi/imgs/shequ2.jpg
INFO: [ app_init ] --START--
INFO: Run Behavior\BuildLiteBehavior [ RunTime:0.000000s ]
INFO: [ app_init ] --END-- [ RunTime:0.001000s ]
ERR: 无法加载模块:Imgs

[ 2017-12-07T16:36:03+08:00 ] 127.0.0.1 /shejuyi/imgs/lvnong.png
INFO: [ app_init ] --START--
INFO: Run Behavior\BuildLiteBehavior [ RunTime:0.000000s ]
INFO: [ app_init ] --END-- [ RunTime:0.001000s ]
ERR: 无法加载模块:Imgs

[ 2017-12-07T16:36:03+08:00 ] 127.0.0.1 /shejuyi/imgs/shequ1.jpg
INFO: [ app_init ] --START--
INFO: Run Behavior\BuildLiteBehavior [ RunTime:0.000000s ]
INFO: [ app_init ] --END-- [ RunTime:0.001000s ]
ERR: 无法加载模块:Imgs

[ 2017-12-07T16:36:03+08:00 ] 127.0.0.1 /shejuyi/imgs/tonghuishuyuan.jpg
INFO: [ app_init ] --START--
INFO: Run Behavior\BuildLiteBehavior [ RunTime:0.000000s ]
INFO: [ app_init ] --END-- [ RunTime:0.003000s ]
ERR: 无法加载模块:Imgs

[ 2017-12-07T16:36:03+08:00 ] 127.0.0.1 /shejuyi/imgs/shequ3.jpg
INFO: [ app_init ] --START--
INFO: Run Behavior\BuildLiteBehavior [ RunTime:0.000000s ]
INFO: [ app_init ] --END-- [ RunTime:0.001000s ]
ERR: 无法加载模块:Imgs

[ 2017-12-07T16:36:03+08:00 ] 127.0.0.1 /shejuyi/imgs/shequ4.JPG
INFO: [ app_init ] --START--
INFO: Run Behavior\BuildLiteBehavior [ RunTime:0.000000s ]
INFO: [ app_init ] --END-- [ RunTime:0.002000s ]
ERR: 无法加载模块:Imgs

[ 2017-12-07T16:36:04+08:00 ] 127.0.0.1 /shejuyi/imgs/shequ1.jpg
INFO: [ app_init ] --START--
INFO: Run Behavior\BuildLiteBehavior [ RunTime:0.000000s ]
INFO: [ app_init ] --END-- [ RunTime:0.001000s ]
ERR: 无法加载模块:Imgs

[ 2017-12-07T16:36:04+08:00 ] 127.0.0.1 /shejuyi/imgs/banner2.png
INFO: [ app_init ] --START--
INFO: Run Behavior\BuildLiteBehavior [ RunTime:0.000000s ]
INFO: [ app_init ] --END-- [ RunTime:0.005000s ]
ERR: 无法加载模块:Imgs

[ 2017-12-07T16:36:04+08:00 ] 127.0.0.1 /shejuyi/imgs/tonghuishuyuan.jpg
INFO: [ app_init ] --START--
INFO: Run Behavior\BuildLiteBehavior [ RunTime:0.000000s ]
INFO: [ app_init ] --END-- [ RunTime:0.001000s ]
ERR: 无法加载模块:Imgs

[ 2017-12-07T16:36:04+08:00 ] 127.0.0.1 /shejuyi/imgs/qimingxing.png
INFO: [ app_init ] --START--
INFO: Run Behavior\BuildLiteBehavior [ RunTime:0.000000s ]
INFO: [ app_init ] --END-- [ RunTime:0.001000s ]
ERR: 无法加载模块:Imgs

[ 2017-12-07T16:36:04+08:00 ] 127.0.0.1 /shejuyi/imgs/shequ2.jpg
INFO: [ app_init ] --START--
INFO: Run Behavior\BuildLiteBehavior [ RunTime:0.000000s ]
INFO: [ app_init ] --END-- [ RunTime:0.002000s ]
ERR: 无法加载模块:Imgs

[ 2017-12-07T16:36:04+08:00 ] 127.0.0.1 /shejuyi/imgs/shequ4.JPG
INFO: [ app_init ] --START--
INFO: Run Behavior\BuildLiteBehavior [ RunTime:0.000000s ]
INFO: [ app_init ] --END-- [ RunTime:0.009000s ]
ERR: 无法加载模块:Imgs

[ 2017-12-07T16:36:04+08:00 ] 127.0.0.1 /shejuyi/imgs/xinhuadangjian.png
INFO: [ app_init ] --START--
INFO: Run Behavior\BuildLiteBehavior [ RunTime:0.000000s ]
INFO: [ app_init ] --END-- [ RunTime:0.023000s ]
ERR: 无法加载模块:Imgs

[ 2017-12-07T16:36:04+08:00 ] 127.0.0.1 /shejuyi/imgs/shequ3.jpg
INFO: [ app_init ] --START--
INFO: Run Behavior\BuildLiteBehavior [ RunTime:0.000000s ]
INFO: [ app_init ] --END-- [ RunTime:0.002000s ]
ERR: 无法加载模块:Imgs

[ 2017-12-07T16:36:04+08:00 ] 127.0.0.1 /shejuyi/imgs/lvnong.png
INFO: [ app_init ] --START--
INFO: Run Behavior\BuildLiteBehavior [ RunTime:0.000000s ]
INFO: [ app_init ] --END-- [ RunTime:0.002000s ]
ERR: 无法加载模块:Imgs

[ 2017-12-07T16:36:38+08:00 ] 127.0.0.1 /shejuyi/imgs/qimingxing.png
INFO: [ app_init ] --START--
INFO: Run Behavior\BuildLiteBehavior [ RunTime:0.000000s ]
INFO: [ app_init ] --END-- [ RunTime:0.001000s ]
ERR: 无法加载模块:Imgs

[ 2017-12-07T16:36:38+08:00 ] 127.0.0.1 /shejuyi/imgs/lvnong.png
INFO: [ app_init ] --START--
INFO: Run Behavior\BuildLiteBehavior [ RunTime:0.001000s ]
INFO: [ app_init ] --END-- [ RunTime:0.002000s ]
ERR: 无法加载模块:Imgs

[ 2017-12-07T16:36:38+08:00 ] 127.0.0.1 /shejuyi/imgs/xinhuadangjian.png
INFO: [ app_init ] --START--
INFO: Run Behavior\BuildLiteBehavior [ RunTime:0.000000s ]
INFO: [ app_init ] --END-- [ RunTime:0.001000s ]
ERR: 无法加载模块:Imgs

[ 2017-12-07T16:36:38+08:00 ] 127.0.0.1 /shejuyi/imgs/tonghuishuyuan.jpg
INFO: [ app_init ] --START--
INFO: Run Behavior\BuildLiteBehavior [ RunTime:0.000000s ]
INFO: [ app_init ] --END-- [ RunTime:0.001000s ]
ERR: 无法加载模块:Imgs

[ 2017-12-07T16:36:38+08:00 ] 127.0.0.1 /shejuyi/imgs/shequ4.JPG
INFO: [ app_init ] --START--
INFO: Run Behavior\BuildLiteBehavior [ RunTime:0.000000s ]
INFO: [ app_init ] --END-- [ RunTime:0.002000s ]
ERR: 无法加载模块:Imgs

[ 2017-12-07T16:36:38+08:00 ] 127.0.0.1 /shejuyi/imgs/shequ3.jpg
INFO: [ app_init ] --START--
INFO: Run Behavior\BuildLiteBehavior [ RunTime:0.000000s ]
INFO: [ app_init ] --END-- [ RunTime:0.001000s ]
ERR: 无法加载模块:Imgs

[ 2017-12-07T16:36:38+08:00 ] 127.0.0.1 /shejuyi/imgs/shequ2.jpg
INFO: [ app_init ] --START--
INFO: Run Behavior\BuildLiteBehavior [ RunTime:0.000000s ]
INFO: [ app_init ] --END-- [ RunTime:0.002000s ]
ERR: 无法加载模块:Imgs

[ 2017-12-07T16:36:38+08:00 ] 127.0.0.1 /shejuyi/imgs/shequ1.jpg
INFO: [ app_init ] --START--
INFO: Run Behavior\BuildLiteBehavior [ RunTime:0.000000s ]
INFO: [ app_init ] --END-- [ RunTime:0.002000s ]
ERR: 无法加载模块:Imgs

[ 2017-12-07T16:36:38+08:00 ] 127.0.0.1 /shejuyi/imgs/xinhuadangjian.png
INFO: [ app_init ] --START--
INFO: Run Behavior\BuildLiteBehavior [ RunTime:0.000000s ]
INFO: [ app_init ] --END-- [ RunTime:0.001000s ]
ERR: 无法加载模块:Imgs

[ 2017-12-07T16:36:38+08:00 ] 127.0.0.1 /shejuyi/imgs/tonghuishuyuan.jpg
INFO: [ app_init ] --START--
INFO: Run Behavior\BuildLiteBehavior [ RunTime:0.000000s ]
INFO: [ app_init ] --END-- [ RunTime:0.001000s ]
ERR: 无法加载模块:Imgs

[ 2017-12-07T16:36:38+08:00 ] 127.0.0.1 /shejuyi/imgs/shequ1.jpg
INFO: [ app_init ] --START--
INFO: Run Behavior\BuildLiteBehavior [ RunTime:0.000000s ]
INFO: [ app_init ] --END-- [ RunTime:0.001000s ]
ERR: 无法加载模块:Imgs

[ 2017-12-07T16:36:38+08:00 ] 127.0.0.1 /shejuyi/imgs/lvnong.png
INFO: [ app_init ] --START--
INFO: Run Behavior\BuildLiteBehavior [ RunTime:0.000000s ]
INFO: [ app_init ] --END-- [ RunTime:0.037000s ]
ERR: 无法加载模块:Imgs

[ 2017-12-07T16:36:38+08:00 ] 127.0.0.1 /shejuyi/imgs/qimingxing.png
INFO: [ app_init ] --START--
INFO: Run Behavior\BuildLiteBehavior [ RunTime:0.000000s ]
INFO: [ app_init ] --END-- [ RunTime:0.001000s ]
ERR: 无法加载模块:Imgs

[ 2017-12-07T16:36:38+08:00 ] 127.0.0.1 /shejuyi/imgs/shequ2.jpg
INFO: [ app_init ] --START--
INFO: Run Behavior\BuildLiteBehavior [ RunTime:0.000000s ]
INFO: [ app_init ] --END-- [ RunTime:0.002000s ]
ERR: 无法加载模块:Imgs

[ 2017-12-07T16:36:38+08:00 ] 127.0.0.1 /shejuyi/imgs/shequ3.jpg
INFO: [ app_init ] --START--
INFO: Run Behavior\BuildLiteBehavior [ RunTime:0.000000s ]
INFO: [ app_init ] --END-- [ RunTime:0.001000s ]
ERR: 无法加载模块:Imgs

[ 2017-12-07T16:36:38+08:00 ] 127.0.0.1 /shejuyi/imgs/shequ4.JPG
INFO: [ app_init ] --START--
INFO: Run Behavior\BuildLiteBehavior [ RunTime:0.000000s ]
INFO: [ app_init ] --END-- [ RunTime:0.003000s ]
ERR: 无法加载模块:Imgs

[ 2017-12-07T16:37:29+08:00 ] 127.0.0.1 /shejuyi/imgs/tonghuishuyuan.jpg
INFO: [ app_init ] --START--
INFO: Run Behavior\BuildLiteBehavior [ RunTime:0.000000s ]
INFO: [ app_init ] --END-- [ RunTime:0.002000s ]
ERR: 无法加载模块:Imgs

[ 2017-12-07T16:37:29+08:00 ] 127.0.0.1 /shejuyi/imgs/xinhuadangjian.png
INFO: [ app_init ] --START--
INFO: Run Behavior\BuildLiteBehavior [ RunTime:0.000000s ]
INFO: [ app_init ] --END-- [ RunTime:0.001000s ]
ERR: 无法加载模块:Imgs

[ 2017-12-07T16:37:29+08:00 ] 127.0.0.1 /shejuyi/imgs/qimingxing.png
INFO: [ app_init ] --START--
INFO: Run Behavior\BuildLiteBehavior [ RunTime:0.000000s ]
INFO: [ app_init ] --END-- [ RunTime:0.001000s ]
ERR: 无法加载模块:Imgs

[ 2017-12-07T16:37:29+08:00 ] 127.0.0.1 /shejuyi/imgs/lvnong.png
INFO: [ app_init ] --START--
INFO: Run Behavior\BuildLiteBehavior [ RunTime:0.000000s ]
INFO: [ app_init ] --END-- [ RunTime:0.002000s ]
ERR: 无法加载模块:Imgs

[ 2017-12-07T16:37:29+08:00 ] 127.0.0.1 /shejuyi/imgs/shequ2.jpg
INFO: [ app_init ] --START--
INFO: Run Behavior\BuildLiteBehavior [ RunTime:0.000000s ]
INFO: [ app_init ] --END-- [ RunTime:0.001000s ]
ERR: 无法加载模块:Imgs

[ 2017-12-07T16:37:29+08:00 ] 127.0.0.1 /shejuyi/imgs/shequ3.jpg
INFO: [ app_init ] --START--
INFO: Run Behavior\BuildLiteBehavior [ RunTime:0.000000s ]
INFO: [ app_init ] --END-- [ RunTime:0.001000s ]
ERR: 无法加载模块:Imgs

[ 2017-12-07T16:37:29+08:00 ] 127.0.0.1 /shejuyi/imgs/shequ4.JPG
INFO: [ app_init ] --START--
INFO: Run Behavior\BuildLiteBehavior [ RunTime:0.000000s ]
INFO: [ app_init ] --END-- [ RunTime:0.001000s ]
ERR: 无法加载模块:Imgs

[ 2017-12-07T16:37:29+08:00 ] 127.0.0.1 /shejuyi/imgs/shequ1.jpg
INFO: [ app_init ] --START--
INFO: Run Behavior\BuildLiteBehavior [ RunTime:0.000000s ]
INFO: [ app_init ] --END-- [ RunTime:0.001000s ]
ERR: 无法加载模块:Imgs

[ 2017-12-07T16:37:29+08:00 ] 127.0.0.1 /shejuyi/imgs/lvnong.png
INFO: [ app_init ] --START--
INFO: Run Behavior\BuildLiteBehavior [ RunTime:0.000000s ]
INFO: [ app_init ] --END-- [ RunTime:0.002000s ]
ERR: 无法加载模块:Imgs

[ 2017-12-07T16:37:29+08:00 ] 127.0.0.1 /shejuyi/imgs/qimingxing.png
INFO: [ app_init ] --START--
INFO: Run Behavior\BuildLiteBehavior [ RunTime:0.000000s ]
INFO: [ app_init ] --END-- [ RunTime:0.001000s ]
ERR: 无法加载模块:Imgs

[ 2017-12-07T16:37:29+08:00 ] 127.0.0.1 /shejuyi/imgs/tonghuishuyuan.jpg
INFO: [ app_init ] --START--
INFO: Run Behavior\BuildLiteBehavior [ RunTime:0.000000s ]
INFO: [ app_init ] --END-- [ RunTime:0.001000s ]
ERR: 无法加载模块:Imgs

[ 2017-12-07T16:37:29+08:00 ] 127.0.0.1 /shejuyi/imgs/shequ3.jpg
INFO: [ app_init ] --START--
INFO: Run Behavior\BuildLiteBehavior [ RunTime:0.000000s ]
INFO: [ app_init ] --END-- [ RunTime:0.001000s ]
ERR: 无法加载模块:Imgs

[ 2017-12-07T16:37:29+08:00 ] 127.0.0.1 /shejuyi/imgs/shequ4.JPG
INFO: [ app_init ] --START--
INFO: Run Behavior\BuildLiteBehavior [ RunTime:0.000000s ]
INFO: [ app_init ] --END-- [ RunTime:0.001000s ]
ERR: 无法加载模块:Imgs

[ 2017-12-07T16:37:29+08:00 ] 127.0.0.1 /shejuyi/imgs/shequ2.jpg
INFO: [ app_init ] --START--
INFO: Run Behavior\BuildLiteBehavior [ RunTime:0.000000s ]
INFO: [ app_init ] --END-- [ RunTime:0.001000s ]
ERR: 无法加载模块:Imgs

[ 2017-12-07T16:37:29+08:00 ] 127.0.0.1 /shejuyi/imgs/xinhuadangjian.png
INFO: [ app_init ] --START--
INFO: Run Behavior\BuildLiteBehavior [ RunTime:0.000000s ]
INFO: [ app_init ] --END-- [ RunTime:0.003000s ]
ERR: 无法加载模块:Imgs

[ 2017-12-07T16:37:29+08:00 ] 127.0.0.1 /shejuyi/imgs/shequ1.jpg
INFO: [ app_init ] --START--
INFO: Run Behavior\BuildLiteBehavior [ RunTime:0.000000s ]
INFO: [ app_init ] --END-- [ RunTime:0.002000s ]
ERR: 无法加载模块:Imgs

[ 2017-12-07T16:37:38+08:00 ] 127.0.0.1 /shejuyi/Public/Home/css/bootstrap.css.map
INFO: [ app_init ] --START--
INFO: Run Behavior\BuildLiteBehavior [ RunTime:0.000000s ]
INFO: [ app_init ] --END-- [ RunTime:0.002000s ]
ERR: 无法加载模块:Public

[ 2017-12-07T16:37:46+08:00 ] 127.0.0.1 /shejuyi/imgs/lvnong.png
INFO: [ app_init ] --START--
INFO: Run Behavior\BuildLiteBehavior [ RunTime:0.000000s ]
INFO: [ app_init ] --END-- [ RunTime:0.056000s ]
ERR: 无法加载模块:Imgs

[ 2017-12-07T16:37:46+08:00 ] 127.0.0.1 /shejuyi/imgs/shequ2.jpg
INFO: [ app_init ] --START--
INFO: Run Behavior\BuildLiteBehavior [ RunTime:0.000000s ]
INFO: [ app_init ] --END-- [ RunTime:0.001000s ]
ERR: 无法加载模块:Imgs

[ 2017-12-07T16:37:46+08:00 ] 127.0.0.1 /shejuyi/imgs/qimingxing.png
INFO: [ app_init ] --START--
INFO: Run Behavior\BuildLiteBehavior [ RunTime:0.000000s ]
INFO: [ app_init ] --END-- [ RunTime:0.001000s ]
ERR: 无法加载模块:Imgs

[ 2017-12-07T16:37:46+08:00 ] 127.0.0.1 /shejuyi/imgs/xinhuadangjian.png
INFO: [ app_init ] --START--
INFO: Run Behavior\BuildLiteBehavior [ RunTime:0.000000s ]
INFO: [ app_init ] --END-- [ RunTime:0.040000s ]
ERR: 无法加载模块:Imgs

[ 2017-12-07T16:37:46+08:00 ] 127.0.0.1 /shejuyi/imgs/tonghuishuyuan.jpg
INFO: [ app_init ] --START--
INFO: Run Behavior\BuildLiteBehavior [ RunTime:0.000000s ]
INFO: [ app_init ] --END-- [ RunTime:0.047000s ]
ERR: 无法加载模块:Imgs

[ 2017-12-07T16:37:46+08:00 ] 127.0.0.1 /shejuyi/imgs/shequ1.jpg
INFO: [ app_init ] --START--
INFO: Run Behavior\BuildLiteBehavior [ RunTime:0.000000s ]
INFO: [ app_init ] --END-- [ RunTime:0.031000s ]
ERR: 无法加载模块:Imgs

[ 2017-12-07T16:37:46+08:00 ] 127.0.0.1 /shejuyi/imgs/shequ3.jpg
INFO: [ app_init ] --START--
INFO: Run Behavior\BuildLiteBehavior [ RunTime:0.000000s ]
INFO: [ app_init ] --END-- [ RunTime:0.002000s ]
ERR: 无法加载模块:Imgs

[ 2017-12-07T16:37:46+08:00 ] 127.0.0.1 /shejuyi/imgs/shequ4.JPG
INFO: [ app_init ] --START--
INFO: Run Behavior\BuildLiteBehavior [ RunTime:0.000000s ]
INFO: [ app_init ] --END-- [ RunTime:0.001000s ]
ERR: 无法加载模块:Imgs

[ 2017-12-07T16:37:47+08:00 ] 127.0.0.1 /shejuyi/imgs/xinhuadangjian.png
INFO: [ app_init ] --START--
INFO: Run Behavior\BuildLiteBehavior [ RunTime:0.000000s ]
INFO: [ app_init ] --END-- [ RunTime:0.001000s ]
ERR: 无法加载模块:Imgs

[ 2017-12-07T16:37:47+08:00 ] 127.0.0.1 /shejuyi/imgs/lvnong.png
INFO: [ app_init ] --START--
INFO: Run Behavior\BuildLiteBehavior [ RunTime:0.000000s ]
INFO: [ app_init ] --END-- [ RunTime:0.001000s ]
ERR: 无法加载模块:Imgs

[ 2017-12-07T16:37:47+08:00 ] 127.0.0.1 /shejuyi/imgs/qimingxing.png
INFO: [ app_init ] --START--
INFO: Run Behavior\BuildLiteBehavior [ RunTime:0.000000s ]
INFO: [ app_init ] --END-- [ RunTime:0.001000s ]
ERR: 无法加载模块:Imgs

[ 2017-12-07T16:37:47+08:00 ] 127.0.0.1 /shejuyi/imgs/shequ3.jpg
INFO: [ app_init ] --START--
INFO: Run Behavior\BuildLiteBehavior [ RunTime:0.000000s ]
INFO: [ app_init ] --END-- [ RunTime:0.001000s ]
ERR: 无法加载模块:Imgs

[ 2017-12-07T16:37:47+08:00 ] 127.0.0.1 /shejuyi/imgs/shequ1.jpg
INFO: [ app_init ] --START--
INFO: Run Behavior\BuildLiteBehavior [ RunTime:0.000000s ]
INFO: [ app_init ] --END-- [ RunTime:0.001000s ]
ERR: 无法加载模块:Imgs

[ 2017-12-07T16:37:47+08:00 ] 127.0.0.1 /shejuyi/imgs/shequ4.JPG
INFO: [ app_init ] --START--
INFO: Run Behavior\BuildLiteBehavior [ RunTime:0.000000s ]
INFO: [ app_init ] --END-- [ RunTime:0.002000s ]
ERR: 无法加载模块:Imgs

[ 2017-12-07T16:37:47+08:00 ] 127.0.0.1 /shejuyi/imgs/shequ2.jpg
INFO: [ app_init ] --START--
INFO: Run Behavior\BuildLiteBehavior [ RunTime:0.000000s ]
INFO: [ app_init ] --END-- [ RunTime:0.001000s ]
ERR: 无法加载模块:Imgs

[ 2017-12-07T16:37:47+08:00 ] 127.0.0.1 /shejuyi/imgs/tonghuishuyuan.jpg
INFO: [ app_init ] --START--
INFO: Run Behavior\BuildLiteBehavior [ RunTime:0.000000s ]
INFO: [ app_init ] --END-- [ RunTime:0.002000s ]
ERR: 无法加载模块:Imgs

[ 2017-12-07T16:37:51+08:00 ] 127.0.0.1 /shejuyi/Public/Home/css/bootstrap.css.map
INFO: [ app_init ] --START--
INFO: Run Behavior\BuildLiteBehavior [ RunTime:0.000000s ]
INFO: [ app_init ] --END-- [ RunTime:0.003000s ]
ERR: 无法加载模块:Public

[ 2017-12-07T16:39:28+08:00 ] 127.0.0.1 /shejuyi/Public/Home/css/bootstrap.css.map
INFO: [ app_init ] --START--
INFO: Run Behavior\BuildLiteBehavior [ RunTime:0.000000s ]
INFO: [ app_init ] --END-- [ RunTime:0.001000s ]
ERR: 无法加载模块:Public

[ 2017-12-07T16:41:56+08:00 ] 127.0.0.1 /shejuyi/Public/Home/css/bootstrap.css.map
INFO: [ app_init ] --START--
INFO: Run Behavior\BuildLiteBehavior [ RunTime:0.000000s ]
INFO: [ app_init ] --END-- [ RunTime:0.001000s ]
ERR: 无法加载模块:Public

[ 2017-12-07T16:46:02+08:00 ] 127.0.0.1 /shejuyi/Public/Home/css/bootstrap.css.map
INFO: [ app_init ] --START--
INFO: Run Behavior\BuildLiteBehavior [ RunTime:0.000000s ]
INFO: [ app_init ] --END-- [ RunTime:0.001000s ]
ERR: 无法加载模块:Public

[ 2017-12-07T17:23:19+08:00 ] 127.0.0.1 /shejuyi/Public/Home/css/bootstrap.css.map
INFO: [ app_init ] --START--
INFO: Run Behavior\BuildLiteBehavior [ RunTime:0.000000s ]
INFO: [ app_init ] --END-- [ RunTime:0.002001s ]
ERR: 无法加载模块:Public

[ 2017-12-07T17:27:54+08:00 ] 127.0.0.1 /shejuyi/Public/Home/css/bootstrap.css.map
INFO: [ app_init ] --START--
INFO: Run Behavior\BuildLiteBehavior [ RunTime:0.000000s ]
INFO: [ app_init ] --END-- [ RunTime:0.001000s ]
ERR: 无法加载模块:Public

