[ 2017-12-04T21:38:49+08:00 ] 114.250.136.223 /shejuyi/index.php/Login/doregister
INFO: [ app_init ] --START--
INFO: Run Behavior\BuildLiteBehavior [ RunTime:0.000016s ]
INFO: [ app_init ] --END-- [ RunTime:0.000328s ]
ERR: 无法加载模块:Login

[ 2017-12-04T21:40:02+08:00 ] 114.250.136.223 /shejuyi/index.php/Login/doregister
INFO: [ app_init ] --START--
INFO: Run Behavior\BuildLiteBehavior [ RunTime:0.000019s ]
INFO: [ app_init ] --END-- [ RunTime:0.000416s ]
ERR: 无法加载模块:Login

[ 2017-12-04T21:40:25+08:00 ] 114.250.136.223 /shejuyi/index.php/Login/doregister
INFO: [ app_init ] --START--
INFO: Run Behavior\BuildLiteBehavior [ RunTime:0.000016s ]
INFO: [ app_init ] --END-- [ RunTime:0.000664s ]
ERR: 无法加载模块:Login

[ 2017-12-04T21:40:35+08:00 ] 223.167.152.14 /shejuyi/index.php/Login/doregister
INFO: [ app_init ] --START--
INFO: Run Behavior\BuildLiteBehavior [ RunTime:0.000017s ]
INFO: [ app_init ] --END-- [ RunTime:0.000388s ]
ERR: 无法加载模块:Login

