[ 2018-04-12T14:40:21+08:00 ] 127.0.0.1 /favicon.ico
INFO: [ app_init ] --START--
INFO: Run Behavior\BuildLiteBehavior [ RunTime:0.000010s ]
INFO: [ app_init ] --END-- [ RunTime:0.000332s ]
ERR: 无法加载模块:Favicon

[ 2018-04-12T14:50:10+08:00 ] 127.0.0.1 /Uploads/origanization/logo/2018-04-03/15227394115ac328d35d1c5.jpg
INFO: [ app_init ] --START--
INFO: Run Behavior\BuildLiteBehavior [ RunTime:0.000010s ]
INFO: [ app_init ] --END-- [ RunTime:0.000326s ]
ERR: 无法加载模块:Uploads

[ 2018-04-12T14:57:02+08:00 ] 127.0.0.1 /Uploads/origanization/logo/2018-04-03/15227394115ac328d35d1c5.jpg
INFO: [ app_init ] --START--
INFO: Run Behavior\BuildLiteBehavior [ RunTime:0.000014s ]
INFO: [ app_init ] --END-- [ RunTime:0.000359s ]
ERR: 无法加载模块:Uploads

[ 2018-04-12T14:58:30+08:00 ] 127.0.0.1 /Uploads/origanization/logo/2018-04-03/15227394115ac328d35d1c5.jpg
INFO: [ app_init ] --START--
INFO: Run Behavior\BuildLiteBehavior [ RunTime:0.000013s ]
INFO: [ app_init ] --END-- [ RunTime:0.000402s ]
ERR: 无法加载模块:Uploads

[ 2018-04-12T14:58:31+08:00 ] 127.0.0.1 /Uploads/origanization/logo/2018-04-03/15227394115ac328d35d1c5.jpg
INFO: [ app_init ] --START--
INFO: Run Behavior\BuildLiteBehavior [ RunTime:0.000020s ]
INFO: [ app_init ] --END-- [ RunTime:0.000691s ]
ERR: 无法加载模块:Uploads

[ 2018-04-12T14:58:33+08:00 ] 127.0.0.1 /Uploads/origanization/logo/2018-04-03/15227394115ac328d35d1c5.jpg
INFO: [ app_init ] --START--
INFO: Run Behavior\BuildLiteBehavior [ RunTime:0.000012s ]
INFO: [ app_init ] --END-- [ RunTime:0.000359s ]
ERR: 无法加载模块:Uploads

[ 2018-04-12T14:58:34+08:00 ] 127.0.0.1 /Uploads/origanization/logo/2018-04-03/15227394115ac328d35d1c5.jpg
INFO: [ app_init ] --START--
INFO: Run Behavior\BuildLiteBehavior [ RunTime:0.000010s ]
INFO: [ app_init ] --END-- [ RunTime:0.000340s ]
ERR: 无法加载模块:Uploads

[ 2018-04-12T14:58:36+08:00 ] 127.0.0.1 /Uploads/origanization/logo/2018-04-03/15227394115ac328d35d1c5.jpg
INFO: [ app_init ] --START--
INFO: Run Behavior\BuildLiteBehavior [ RunTime:0.000010s ]
INFO: [ app_init ] --END-- [ RunTime:0.000343s ]
ERR: 无法加载模块:Uploads

[ 2018-04-12T15:00:55+08:00 ] 127.0.0.1 /Uploads/origanization/logo/2018-04-03/15227394115ac328d35d1c5.jpg
INFO: [ app_init ] --START--
INFO: Run Behavior\BuildLiteBehavior [ RunTime:0.000011s ]
INFO: [ app_init ] --END-- [ RunTime:0.000321s ]
ERR: 无法加载模块:Uploads

[ 2018-04-12T15:00:56+08:00 ] 127.0.0.1 /Uploads/origanization/logo/2018-04-03/15227394115ac328d35d1c5.jpg
INFO: [ app_init ] --START--
INFO: Run Behavior\BuildLiteBehavior [ RunTime:0.000010s ]
INFO: [ app_init ] --END-- [ RunTime:0.000320s ]
ERR: 无法加载模块:Uploads

[ 2018-04-12T15:00:57+08:00 ] 127.0.0.1 /Uploads/origanization/logo/2018-04-03/15227394115ac328d35d1c5.jpg
INFO: [ app_init ] --START--
INFO: Run Behavior\BuildLiteBehavior [ RunTime:0.000010s ]
INFO: [ app_init ] --END-- [ RunTime:0.000317s ]
ERR: 无法加载模块:Uploads

[ 2018-04-12T15:00:59+08:00 ] 127.0.0.1 /Uploads/origanization/logo/2018-04-03/15227394115ac328d35d1c5.jpg
INFO: [ app_init ] --START--
INFO: Run Behavior\BuildLiteBehavior [ RunTime:0.000012s ]
INFO: [ app_init ] --END-- [ RunTime:0.000395s ]
ERR: 无法加载模块:Uploads

[ 2018-04-12T15:03:01+08:00 ] 127.0.0.1 /Uploads/origanization/logo/2018-04-03/15227394115ac328d35d1c5.jpg
INFO: [ app_init ] --START--
INFO: Run Behavior\BuildLiteBehavior [ RunTime:0.000013s ]
INFO: [ app_init ] --END-- [ RunTime:0.000386s ]
ERR: 无法加载模块:Uploads

[ 2018-04-12T15:03:35+08:00 ] 127.0.0.1 /Uploads/origanization/logo/2018-04-03/15227394115ac328d35d1c5.jpg
INFO: [ app_init ] --START--
INFO: Run Behavior\BuildLiteBehavior [ RunTime:0.000023s ]
INFO: [ app_init ] --END-- [ RunTime:0.000706s ]
ERR: 无法加载模块:Uploads

[ 2018-04-12T15:03:38+08:00 ] 127.0.0.1 /Uploads/origanization/logo/2018-04-03/15227394115ac328d35d1c5.jpg
INFO: [ app_init ] --START--
INFO: Run Behavior\BuildLiteBehavior [ RunTime:0.000012s ]
INFO: [ app_init ] --END-- [ RunTime:0.000382s ]
ERR: 无法加载模块:Uploads

[ 2018-04-12T15:07:20+08:00 ] 127.0.0.1 /Public/Home/css/bootstrap.css.map
INFO: [ app_init ] --START--
INFO: Run Behavior\BuildLiteBehavior [ RunTime:0.000012s ]
INFO: [ app_init ] --END-- [ RunTime:0.000436s ]
ERR: 无法加载模块:Public

[ 2018-04-12T15:14:49+08:00 ] 127.0.0.1 /Public/Home/css/bootstrap.css.map
INFO: [ app_init ] --START--
INFO: Run Behavior\BuildLiteBehavior [ RunTime:0.000013s ]
INFO: [ app_init ] --END-- [ RunTime:0.000417s ]
ERR: 无法加载模块:Public

[ 2018-04-12T15:14:50+08:00 ] 127.0.0.1 /Uploads/origanization/logo/2018-04-03/15227394115ac328d35d1c5.jpg
INFO: [ app_init ] --START--
INFO: Run Behavior\BuildLiteBehavior [ RunTime:0.000010s ]
INFO: [ app_init ] --END-- [ RunTime:0.000435s ]
ERR: 无法加载模块:Uploads

[ 2018-04-12T15:18:19+08:00 ] 127.0.0.1 /Public/Home/css/bootstrap.css.map
INFO: [ app_init ] --START--
INFO: Run Behavior\BuildLiteBehavior [ RunTime:0.000012s ]
INFO: [ app_init ] --END-- [ RunTime:0.000407s ]
ERR: 无法加载模块:Public

[ 2018-04-12T15:18:20+08:00 ] 127.0.0.1 /Uploads/origanization/logo/2018-04-03/15227394115ac328d35d1c5.jpg
INFO: [ app_init ] --START--
INFO: Run Behavior\BuildLiteBehavior [ RunTime:0.000011s ]
INFO: [ app_init ] --END-- [ RunTime:0.000339s ]
ERR: 无法加载模块:Uploads

[ 2018-04-12T15:23:28+08:00 ] 127.0.0.1 /Public/Home/css/bootstrap.css.map
INFO: [ app_init ] --START--
INFO: Run Behavior\BuildLiteBehavior [ RunTime:0.000023s ]
INFO: [ app_init ] --END-- [ RunTime:0.000480s ]
ERR: 无法加载模块:Public

[ 2018-04-12T15:23:29+08:00 ] 127.0.0.1 /Uploads/origanization/logo/2018-04-03/15227394115ac328d35d1c5.jpg
INFO: [ app_init ] --START--
INFO: Run Behavior\BuildLiteBehavior [ RunTime:0.000012s ]
INFO: [ app_init ] --END-- [ RunTime:0.000338s ]
ERR: 无法加载模块:Uploads

[ 2018-04-12T15:25:11+08:00 ] 127.0.0.1 /Public/Home/css/bootstrap.css.map
INFO: [ app_init ] --START--
INFO: Run Behavior\BuildLiteBehavior [ RunTime:0.000012s ]
INFO: [ app_init ] --END-- [ RunTime:0.000365s ]
ERR: 无法加载模块:Public

[ 2018-04-12T15:25:12+08:00 ] 127.0.0.1 /Uploads/origanization/logo/2018-04-03/15227394115ac328d35d1c5.jpg
INFO: [ app_init ] --START--
INFO: Run Behavior\BuildLiteBehavior [ RunTime:0.000013s ]
INFO: [ app_init ] --END-- [ RunTime:0.000362s ]
ERR: 无法加载模块:Uploads

[ 2018-04-12T15:32:16+08:00 ] 127.0.0.1 /Public/Home/css/bootstrap.css.map
INFO: [ app_init ] --START--
INFO: Run Behavior\BuildLiteBehavior [ RunTime:0.000012s ]
INFO: [ app_init ] --END-- [ RunTime:0.000408s ]
ERR: 无法加载模块:Public

[ 2018-04-12T15:32:17+08:00 ] 127.0.0.1 /Uploads/origanization/logo/2018-04-03/15227394115ac328d35d1c5.jpg
INFO: [ app_init ] --START--
INFO: Run Behavior\BuildLiteBehavior [ RunTime:0.000011s ]
INFO: [ app_init ] --END-- [ RunTime:0.000399s ]
ERR: 无法加载模块:Uploads

[ 2018-04-12T15:35:41+08:00 ] 127.0.0.1 /Public/Home/css/bootstrap.css.map
INFO: [ app_init ] --START--
INFO: Run Behavior\BuildLiteBehavior [ RunTime:0.000013s ]
INFO: [ app_init ] --END-- [ RunTime:0.000382s ]
ERR: 无法加载模块:Public

[ 2018-04-12T15:35:42+08:00 ] 127.0.0.1 /Uploads/origanization/logo/2018-04-03/15227394115ac328d35d1c5.jpg
INFO: [ app_init ] --START--
INFO: Run Behavior\BuildLiteBehavior [ RunTime:0.000014s ]
INFO: [ app_init ] --END-- [ RunTime:0.000376s ]
ERR: 无法加载模块:Uploads

[ 2018-04-12T15:36:16+08:00 ] 127.0.0.1 /Public/Home/css/bootstrap.css.map
INFO: [ app_init ] --START--
INFO: Run Behavior\BuildLiteBehavior [ RunTime:0.000011s ]
INFO: [ app_init ] --END-- [ RunTime:0.000403s ]
ERR: 无法加载模块:Public

[ 2018-04-12T15:36:17+08:00 ] 127.0.0.1 /Uploads/origanization/logo/2018-04-03/15227394115ac328d35d1c5.jpg
INFO: [ app_init ] --START--
INFO: Run Behavior\BuildLiteBehavior [ RunTime:0.000011s ]
INFO: [ app_init ] --END-- [ RunTime:0.000338s ]
ERR: 无法加载模块:Uploads

[ 2018-04-12T15:36:36+08:00 ] 127.0.0.1 /Public/Home/css/bootstrap.css.map
INFO: [ app_init ] --START--
INFO: Run Behavior\BuildLiteBehavior [ RunTime:0.000015s ]
INFO: [ app_init ] --END-- [ RunTime:0.000474s ]
ERR: 无法加载模块:Public

[ 2018-04-12T15:36:37+08:00 ] 127.0.0.1 /Uploads/origanization/logo/2018-04-03/15227394115ac328d35d1c5.jpg
INFO: [ app_init ] --START--
INFO: Run Behavior\BuildLiteBehavior [ RunTime:0.000012s ]
INFO: [ app_init ] --END-- [ RunTime:0.000341s ]
ERR: 无法加载模块:Uploads

[ 2018-04-12T15:36:49+08:00 ] 127.0.0.1 /Public/Home/css/bootstrap.css.map
INFO: [ app_init ] --START--
INFO: Run Behavior\BuildLiteBehavior [ RunTime:0.000013s ]
INFO: [ app_init ] --END-- [ RunTime:0.000420s ]
ERR: 无法加载模块:Public

[ 2018-04-12T15:36:50+08:00 ] 127.0.0.1 /Uploads/origanization/logo/2018-04-03/15227394115ac328d35d1c5.jpg
INFO: [ app_init ] --START--
INFO: Run Behavior\BuildLiteBehavior [ RunTime:0.000012s ]
INFO: [ app_init ] --END-- [ RunTime:0.000381s ]
ERR: 无法加载模块:Uploads

[ 2018-04-12T15:37:09+08:00 ] 127.0.0.1 /Uploads/origanization/logo/2018-04-03/15227394115ac328d35d1c5.jpg
INFO: [ app_init ] --START--
INFO: Run Behavior\BuildLiteBehavior [ RunTime:0.000011s ]
INFO: [ app_init ] --END-- [ RunTime:0.000352s ]
ERR: 无法加载模块:Uploads

