[ 2018-06-20T18:10:22+08:00 ] ::1 /Public/Home/css/bootstrap.css.map
INFO: [ app_init ] --START--
INFO: Run Behavior\BuildLiteBehavior [ RunTime:0.000013s ]
INFO: [ app_init ] --END-- [ RunTime:0.000398s ]
ERR: 无法加载模块:Public
NOTIC: [2] include(/404.html): failed to open stream: No such file or directory C:\xampp\htdocs\shejuyi\ThinkPHP\Library\Think\Think.class.php 第 314 行.
NOTIC: [2] include(): Failed opening '/404.html' for inclusion (include_path='C:\xampp\php\PEAR') C:\xampp\htdocs\shejuyi\ThinkPHP\Library\Think\Think.class.php 第 314 行.

[ 2018-06-20T18:10:31+08:00 ] ::1 /Public/Home/css/bootstrap.css.map
INFO: [ app_init ] --START--
INFO: Run Behavior\BuildLiteBehavior [ RunTime:0.000012s ]
INFO: [ app_init ] --END-- [ RunTime:0.000380s ]
ERR: 无法加载模块:Public
NOTIC: [2] include(/404.html): failed to open stream: No such file or directory C:\xampp\htdocs\shejuyi\ThinkPHP\Library\Think\Think.class.php 第 314 行.
NOTIC: [2] include(): Failed opening '/404.html' for inclusion (include_path='C:\xampp\php\PEAR') C:\xampp\htdocs\shejuyi\ThinkPHP\Library\Think\Think.class.php 第 314 行.

[ 2018-06-20T18:10:32+08:00 ] ::1 /Public/Home/css/bootstrap.css.map
INFO: [ app_init ] --START--
INFO: Run Behavior\BuildLiteBehavior [ RunTime:0.000013s ]
INFO: [ app_init ] --END-- [ RunTime:0.000384s ]
ERR: 无法加载模块:Public
NOTIC: [2] include(/404.html): failed to open stream: No such file or directory C:\xampp\htdocs\shejuyi\ThinkPHP\Library\Think\Think.class.php 第 314 行.
NOTIC: [2] include(): Failed opening '/404.html' for inclusion (include_path='C:\xampp\php\PEAR') C:\xampp\htdocs\shejuyi\ThinkPHP\Library\Think\Think.class.php 第 314 行.

[ 2018-06-20T18:12:04+08:00 ] ::1 /Public/Home/css/bootstrap.css.map
INFO: [ app_init ] --START--
INFO: Run Behavior\BuildLiteBehavior [ RunTime:0.000013s ]
INFO: [ app_init ] --END-- [ RunTime:0.000393s ]
ERR: 无法加载模块:Public
NOTIC: [2] include(/404.html): failed to open stream: No such file or directory C:\xampp\htdocs\shejuyi\ThinkPHP\Library\Think\Think.class.php 第 314 行.
NOTIC: [2] include(): Failed opening '/404.html' for inclusion (include_path='C:\xampp\php\PEAR') C:\xampp\htdocs\shejuyi\ThinkPHP\Library\Think\Think.class.php 第 314 行.

[ 2018-06-20T18:12:05+08:00 ] ::1 /Public/Home/css/bootstrap.css.map
INFO: [ app_init ] --START--
INFO: Run Behavior\BuildLiteBehavior [ RunTime:0.000012s ]
INFO: [ app_init ] --END-- [ RunTime:0.000382s ]
ERR: 无法加载模块:Public
NOTIC: [2] include(/404.html): failed to open stream: No such file or directory C:\xampp\htdocs\shejuyi\ThinkPHP\Library\Think\Think.class.php 第 314 行.
NOTIC: [2] include(): Failed opening '/404.html' for inclusion (include_path='C:\xampp\php\PEAR') C:\xampp\htdocs\shejuyi\ThinkPHP\Library\Think\Think.class.php 第 314 行.

[ 2018-06-20T18:15:16+08:00 ] ::1 /Public/Home/css/bootstrap.css.map
INFO: [ app_init ] --START--
INFO: Run Behavior\BuildLiteBehavior [ RunTime:0.000012s ]
INFO: [ app_init ] --END-- [ RunTime:0.000429s ]
ERR: 无法加载模块:Public
NOTIC: [2] include(/404.html): failed to open stream: No such file or directory C:\xampp\htdocs\shejuyi\ThinkPHP\Library\Think\Think.class.php 第 314 行.
NOTIC: [2] include(): Failed opening '/404.html' for inclusion (include_path='C:\xampp\php\PEAR') C:\xampp\htdocs\shejuyi\ThinkPHP\Library\Think\Think.class.php 第 314 行.

[ 2018-06-20T18:15:37+08:00 ] ::1 /Public/Home/css/bootstrap.css.map
INFO: [ app_init ] --START--
INFO: Run Behavior\BuildLiteBehavior [ RunTime:0.000012s ]
INFO: [ app_init ] --END-- [ RunTime:0.000443s ]
ERR: 无法加载模块:Public
NOTIC: [2] include(/404.html): failed to open stream: No such file or directory C:\xampp\htdocs\shejuyi\ThinkPHP\Library\Think\Think.class.php 第 314 行.
NOTIC: [2] include(): Failed opening '/404.html' for inclusion (include_path='C:\xampp\php\PEAR') C:\xampp\htdocs\shejuyi\ThinkPHP\Library\Think\Think.class.php 第 314 行.

[ 2018-06-20T18:15:37+08:00 ] ::1 /Public/Home/css/bootstrap.css.map
INFO: [ app_init ] --START--
INFO: Run Behavior\BuildLiteBehavior [ RunTime:0.000013s ]
INFO: [ app_init ] --END-- [ RunTime:0.000462s ]
ERR: 无法加载模块:Public
NOTIC: [2] include(/404.html): failed to open stream: No such file or directory C:\xampp\htdocs\shejuyi\ThinkPHP\Library\Think\Think.class.php 第 314 行.
NOTIC: [2] include(): Failed opening '/404.html' for inclusion (include_path='C:\xampp\php\PEAR') C:\xampp\htdocs\shejuyi\ThinkPHP\Library\Think\Think.class.php 第 314 行.

[ 2018-06-20T18:16:09+08:00 ] ::1 /Public/Home/css/bootstrap.css.map
INFO: [ app_init ] --START--
INFO: Run Behavior\BuildLiteBehavior [ RunTime:0.000011s ]
INFO: [ app_init ] --END-- [ RunTime:0.000386s ]
ERR: 无法加载模块:Public
NOTIC: [2] include(/404.html): failed to open stream: No such file or directory C:\xampp\htdocs\shejuyi\ThinkPHP\Library\Think\Think.class.php 第 314 行.
NOTIC: [2] include(): Failed opening '/404.html' for inclusion (include_path='C:\xampp\php\PEAR') C:\xampp\htdocs\shejuyi\ThinkPHP\Library\Think\Think.class.php 第 314 行.

[ 2018-06-20T18:16:10+08:00 ] ::1 /Public/Home/css/bootstrap.css.map
INFO: [ app_init ] --START--
INFO: Run Behavior\BuildLiteBehavior [ RunTime:0.000012s ]
INFO: [ app_init ] --END-- [ RunTime:0.000391s ]
ERR: 无法加载模块:Public
NOTIC: [2] include(/404.html): failed to open stream: No such file or directory C:\xampp\htdocs\shejuyi\ThinkPHP\Library\Think\Think.class.php 第 314 行.
NOTIC: [2] include(): Failed opening '/404.html' for inclusion (include_path='C:\xampp\php\PEAR') C:\xampp\htdocs\shejuyi\ThinkPHP\Library\Think\Think.class.php 第 314 行.

[ 2018-06-20T18:16:16+08:00 ] ::1 /Public/Home/css/bootstrap.css.map
INFO: [ app_init ] --START--
INFO: Run Behavior\BuildLiteBehavior [ RunTime:0.000013s ]
INFO: [ app_init ] --END-- [ RunTime:0.000393s ]
ERR: 无法加载模块:Public
NOTIC: [2] include(/404.html): failed to open stream: No such file or directory C:\xampp\htdocs\shejuyi\ThinkPHP\Library\Think\Think.class.php 第 314 行.
NOTIC: [2] include(): Failed opening '/404.html' for inclusion (include_path='C:\xampp\php\PEAR') C:\xampp\htdocs\shejuyi\ThinkPHP\Library\Think\Think.class.php 第 314 行.

[ 2018-06-20T18:16:27+08:00 ] ::1 /Public/Home/css/bootstrap.css.map
INFO: [ app_init ] --START--
INFO: Run Behavior\BuildLiteBehavior [ RunTime:0.000011s ]
INFO: [ app_init ] --END-- [ RunTime:0.000378s ]
ERR: 无法加载模块:Public
NOTIC: [2] include(/404.html): failed to open stream: No such file or directory C:\xampp\htdocs\shejuyi\ThinkPHP\Library\Think\Think.class.php 第 314 行.
NOTIC: [2] include(): Failed opening '/404.html' for inclusion (include_path='C:\xampp\php\PEAR') C:\xampp\htdocs\shejuyi\ThinkPHP\Library\Think\Think.class.php 第 314 行.

[ 2018-06-20T18:19:05+08:00 ] ::1 /Public/Home/css/bootstrap.css.map
INFO: [ app_init ] --START--
INFO: Run Behavior\BuildLiteBehavior [ RunTime:0.000012s ]
INFO: [ app_init ] --END-- [ RunTime:0.000394s ]
ERR: 无法加载模块:Public
NOTIC: [2] include(/404.html): failed to open stream: No such file or directory C:\xampp\htdocs\shejuyi\ThinkPHP\Library\Think\Think.class.php 第 314 行.
NOTIC: [2] include(): Failed opening '/404.html' for inclusion (include_path='C:\xampp\php\PEAR') C:\xampp\htdocs\shejuyi\ThinkPHP\Library\Think\Think.class.php 第 314 行.

[ 2018-06-20T18:19:08+08:00 ] ::1 /Public/Home/css/bootstrap.css.map
INFO: [ app_init ] --START--
INFO: Run Behavior\BuildLiteBehavior [ RunTime:0.000012s ]
INFO: [ app_init ] --END-- [ RunTime:0.000391s ]
ERR: 无法加载模块:Public
NOTIC: [2] include(/404.html): failed to open stream: No such file or directory C:\xampp\htdocs\shejuyi\ThinkPHP\Library\Think\Think.class.php 第 314 行.
NOTIC: [2] include(): Failed opening '/404.html' for inclusion (include_path='C:\xampp\php\PEAR') C:\xampp\htdocs\shejuyi\ThinkPHP\Library\Think\Think.class.php 第 314 行.

[ 2018-06-20T18:19:10+08:00 ] ::1 /Public/Home/css/bootstrap.css.map
INFO: [ app_init ] --START--
INFO: Run Behavior\BuildLiteBehavior [ RunTime:0.000013s ]
INFO: [ app_init ] --END-- [ RunTime:0.000394s ]
ERR: 无法加载模块:Public
NOTIC: [2] include(/404.html): failed to open stream: No such file or directory C:\xampp\htdocs\shejuyi\ThinkPHP\Library\Think\Think.class.php 第 314 行.
NOTIC: [2] include(): Failed opening '/404.html' for inclusion (include_path='C:\xampp\php\PEAR') C:\xampp\htdocs\shejuyi\ThinkPHP\Library\Think\Think.class.php 第 314 行.

[ 2018-06-20T18:19:10+08:00 ] ::1 /Public/Home/css/bootstrap.css.map
INFO: [ app_init ] --START--
INFO: Run Behavior\BuildLiteBehavior [ RunTime:0.000012s ]
INFO: [ app_init ] --END-- [ RunTime:0.000383s ]
ERR: 无法加载模块:Public
NOTIC: [2] include(/404.html): failed to open stream: No such file or directory C:\xampp\htdocs\shejuyi\ThinkPHP\Library\Think\Think.class.php 第 314 行.
NOTIC: [2] include(): Failed opening '/404.html' for inclusion (include_path='C:\xampp\php\PEAR') C:\xampp\htdocs\shejuyi\ThinkPHP\Library\Think\Think.class.php 第 314 行.

[ 2018-06-20T18:22:07+08:00 ] ::1 /Public/Home/css/bootstrap.css.map
INFO: [ app_init ] --START--
INFO: Run Behavior\BuildLiteBehavior [ RunTime:0.000012s ]
INFO: [ app_init ] --END-- [ RunTime:0.000409s ]
ERR: 无法加载模块:Public
NOTIC: [2] include(/404.html): failed to open stream: No such file or directory C:\xampp\htdocs\shejuyi\ThinkPHP\Library\Think\Think.class.php 第 314 行.
NOTIC: [2] include(): Failed opening '/404.html' for inclusion (include_path='C:\xampp\php\PEAR') C:\xampp\htdocs\shejuyi\ThinkPHP\Library\Think\Think.class.php 第 314 行.

[ 2018-06-20T18:22:10+08:00 ] ::1 /Public/Home/css/bootstrap.css.map
INFO: [ app_init ] --START--
INFO: Run Behavior\BuildLiteBehavior [ RunTime:0.000012s ]
INFO: [ app_init ] --END-- [ RunTime:0.000375s ]
ERR: 无法加载模块:Public
NOTIC: [2] include(/404.html): failed to open stream: No such file or directory C:\xampp\htdocs\shejuyi\ThinkPHP\Library\Think\Think.class.php 第 314 行.
NOTIC: [2] include(): Failed opening '/404.html' for inclusion (include_path='C:\xampp\php\PEAR') C:\xampp\htdocs\shejuyi\ThinkPHP\Library\Think\Think.class.php 第 314 行.

[ 2018-06-20T18:22:11+08:00 ] ::1 /Public/Home/css/bootstrap.css.map
INFO: [ app_init ] --START--
INFO: Run Behavior\BuildLiteBehavior [ RunTime:0.000013s ]
INFO: [ app_init ] --END-- [ RunTime:0.000390s ]
ERR: 无法加载模块:Public
NOTIC: [2] include(/404.html): failed to open stream: No such file or directory C:\xampp\htdocs\shejuyi\ThinkPHP\Library\Think\Think.class.php 第 314 行.
NOTIC: [2] include(): Failed opening '/404.html' for inclusion (include_path='C:\xampp\php\PEAR') C:\xampp\htdocs\shejuyi\ThinkPHP\Library\Think\Think.class.php 第 314 行.

[ 2018-06-20T18:22:13+08:00 ] ::1 /Public/Home/css/bootstrap.css.map
INFO: [ app_init ] --START--
INFO: Run Behavior\BuildLiteBehavior [ RunTime:0.000012s ]
INFO: [ app_init ] --END-- [ RunTime:0.000378s ]
ERR: 无法加载模块:Public
NOTIC: [2] include(/404.html): failed to open stream: No such file or directory C:\xampp\htdocs\shejuyi\ThinkPHP\Library\Think\Think.class.php 第 314 行.
NOTIC: [2] include(): Failed opening '/404.html' for inclusion (include_path='C:\xampp\php\PEAR') C:\xampp\htdocs\shejuyi\ThinkPHP\Library\Think\Think.class.php 第 314 行.

[ 2018-06-20T18:25:06+08:00 ] ::1 /Public/Home/css/bootstrap.css.map
INFO: [ app_init ] --START--
INFO: Run Behavior\BuildLiteBehavior [ RunTime:0.000013s ]
INFO: [ app_init ] --END-- [ RunTime:0.000440s ]
ERR: 无法加载模块:Public
NOTIC: [2] include(/404.html): failed to open stream: No such file or directory C:\xampp\htdocs\shejuyi\ThinkPHP\Library\Think\Think.class.php 第 314 行.
NOTIC: [2] include(): Failed opening '/404.html' for inclusion (include_path='C:\xampp\php\PEAR') C:\xampp\htdocs\shejuyi\ThinkPHP\Library\Think\Think.class.php 第 314 行.

[ 2018-06-20T18:25:07+08:00 ] ::1 /Public/Home/css/bootstrap.css.map
INFO: [ app_init ] --START--
INFO: Run Behavior\BuildLiteBehavior [ RunTime:0.000015s ]
INFO: [ app_init ] --END-- [ RunTime:0.000457s ]
ERR: 无法加载模块:Public
NOTIC: [2] include(/404.html): failed to open stream: No such file or directory C:\xampp\htdocs\shejuyi\ThinkPHP\Library\Think\Think.class.php 第 314 行.
NOTIC: [2] include(): Failed opening '/404.html' for inclusion (include_path='C:\xampp\php\PEAR') C:\xampp\htdocs\shejuyi\ThinkPHP\Library\Think\Think.class.php 第 314 行.

[ 2018-06-20T18:25:38+08:00 ] ::1 /Public/Home/css/bootstrap.css.map
INFO: [ app_init ] --START--
INFO: Run Behavior\BuildLiteBehavior [ RunTime:0.000012s ]
INFO: [ app_init ] --END-- [ RunTime:0.000379s ]
ERR: 无法加载模块:Public
NOTIC: [2] include(/404.html): failed to open stream: No such file or directory C:\xampp\htdocs\shejuyi\ThinkPHP\Library\Think\Think.class.php 第 314 行.
NOTIC: [2] include(): Failed opening '/404.html' for inclusion (include_path='C:\xampp\php\PEAR') C:\xampp\htdocs\shejuyi\ThinkPHP\Library\Think\Think.class.php 第 314 行.

[ 2018-06-20T18:25:39+08:00 ] ::1 /Public/Home/css/bootstrap.css.map
INFO: [ app_init ] --START--
INFO: Run Behavior\BuildLiteBehavior [ RunTime:0.000011s ]
INFO: [ app_init ] --END-- [ RunTime:0.000435s ]
ERR: 无法加载模块:Public
NOTIC: [2] include(/404.html): failed to open stream: No such file or directory C:\xampp\htdocs\shejuyi\ThinkPHP\Library\Think\Think.class.php 第 314 行.
NOTIC: [2] include(): Failed opening '/404.html' for inclusion (include_path='C:\xampp\php\PEAR') C:\xampp\htdocs\shejuyi\ThinkPHP\Library\Think\Think.class.php 第 314 行.

[ 2018-06-20T18:25:39+08:00 ] ::1 /Public/Home/css/bootstrap.css.map
INFO: [ app_init ] --START--
INFO: Run Behavior\BuildLiteBehavior [ RunTime:0.000013s ]
INFO: [ app_init ] --END-- [ RunTime:0.000442s ]
ERR: 无法加载模块:Public
NOTIC: [2] include(/404.html): failed to open stream: No such file or directory C:\xampp\htdocs\shejuyi\ThinkPHP\Library\Think\Think.class.php 第 314 行.
NOTIC: [2] include(): Failed opening '/404.html' for inclusion (include_path='C:\xampp\php\PEAR') C:\xampp\htdocs\shejuyi\ThinkPHP\Library\Think\Think.class.php 第 314 行.

[ 2018-06-20T18:26:39+08:00 ] ::1 /Public/Home/css/bootstrap.css.map
INFO: [ app_init ] --START--
INFO: Run Behavior\BuildLiteBehavior [ RunTime:0.000012s ]
INFO: [ app_init ] --END-- [ RunTime:0.000378s ]
ERR: 无法加载模块:Public
NOTIC: [2] include(/404.html): failed to open stream: No such file or directory C:\xampp\htdocs\shejuyi\ThinkPHP\Library\Think\Think.class.php 第 314 行.
NOTIC: [2] include(): Failed opening '/404.html' for inclusion (include_path='C:\xampp\php\PEAR') C:\xampp\htdocs\shejuyi\ThinkPHP\Library\Think\Think.class.php 第 314 行.

[ 2018-06-20T18:28:23+08:00 ] ::1 /Public/Home/css/bootstrap.css.map
INFO: [ app_init ] --START--
INFO: Run Behavior\BuildLiteBehavior [ RunTime:0.000012s ]
INFO: [ app_init ] --END-- [ RunTime:0.000378s ]
ERR: 无法加载模块:Public
NOTIC: [2] include(/404.html): failed to open stream: No such file or directory C:\xampp\htdocs\shejuyi\ThinkPHP\Library\Think\Think.class.php 第 314 行.
NOTIC: [2] include(): Failed opening '/404.html' for inclusion (include_path='C:\xampp\php\PEAR') C:\xampp\htdocs\shejuyi\ThinkPHP\Library\Think\Think.class.php 第 314 行.

[ 2018-06-20T18:28:33+08:00 ] ::1 /Public/Home/css/bootstrap.css.map
INFO: [ app_init ] --START--
INFO: Run Behavior\BuildLiteBehavior [ RunTime:0.000023s ]
INFO: [ app_init ] --END-- [ RunTime:0.000402s ]
ERR: 无法加载模块:Public
NOTIC: [2] include(/404.html): failed to open stream: No such file or directory C:\xampp\htdocs\shejuyi\ThinkPHP\Library\Think\Think.class.php 第 314 行.
NOTIC: [2] include(): Failed opening '/404.html' for inclusion (include_path='C:\xampp\php\PEAR') C:\xampp\htdocs\shejuyi\ThinkPHP\Library\Think\Think.class.php 第 314 行.

[ 2018-06-20T18:28:56+08:00 ] ::1 /Public/Home/css/bootstrap.css.map
INFO: [ app_init ] --START--
INFO: Run Behavior\BuildLiteBehavior [ RunTime:0.000012s ]
INFO: [ app_init ] --END-- [ RunTime:0.000459s ]
ERR: 无法加载模块:Public
NOTIC: [2] include(/404.html): failed to open stream: No such file or directory C:\xampp\htdocs\shejuyi\ThinkPHP\Library\Think\Think.class.php 第 314 行.
NOTIC: [2] include(): Failed opening '/404.html' for inclusion (include_path='C:\xampp\php\PEAR') C:\xampp\htdocs\shejuyi\ThinkPHP\Library\Think\Think.class.php 第 314 行.

[ 2018-06-20T18:29:07+08:00 ] ::1 /Public/Home/css/bootstrap.css.map
INFO: [ app_init ] --START--
INFO: Run Behavior\BuildLiteBehavior [ RunTime:0.000014s ]
INFO: [ app_init ] --END-- [ RunTime:0.000444s ]
ERR: 无法加载模块:Public
NOTIC: [2] include(/404.html): failed to open stream: No such file or directory C:\xampp\htdocs\shejuyi\ThinkPHP\Library\Think\Think.class.php 第 314 行.
NOTIC: [2] include(): Failed opening '/404.html' for inclusion (include_path='C:\xampp\php\PEAR') C:\xampp\htdocs\shejuyi\ThinkPHP\Library\Think\Think.class.php 第 314 行.

