[ 2018-06-21T09:24:59+08:00 ] 127.0.0.1 /favicon.ico
INFO: [ app_init ] --START--
INFO: Run Behavior\BuildLiteBehavior [ RunTime:0.000026s ]
INFO: [ app_init ] --END-- [ RunTime:0.000657s ]
ERR: 无法加载模块:Favicon
NOTIC: [2] include(/404.html): failed to open stream: No such file or directory D:\wamp64\www\shejuyi\ThinkPHP\Library\Think\Think.class.php 第 314 行.
NOTIC: [2] include(): Failed opening '/404.html' for inclusion (include_path='.;C:\php\pear') D:\wamp64\www\shejuyi\ThinkPHP\Library\Think\Think.class.php 第 314 行.

[ 2018-06-21T09:25:03+08:00 ] 127.0.0.1 /favicon.ico
INFO: [ app_init ] --START--
INFO: Run Behavior\BuildLiteBehavior [ RunTime:0.000024s ]
INFO: [ app_init ] --END-- [ RunTime:0.000542s ]
ERR: 无法加载模块:Favicon
NOTIC: [2] include(/404.html): failed to open stream: No such file or directory D:\wamp64\www\shejuyi\ThinkPHP\Library\Think\Think.class.php 第 314 行.
NOTIC: [2] include(): Failed opening '/404.html' for inclusion (include_path='.;C:\php\pear') D:\wamp64\www\shejuyi\ThinkPHP\Library\Think\Think.class.php 第 314 行.

[ 2018-06-21T09:25:04+08:00 ] 127.0.0.1 /favicon.ico
INFO: [ app_init ] --START--
INFO: Run Behavior\BuildLiteBehavior [ RunTime:0.000034s ]
INFO: [ app_init ] --END-- [ RunTime:0.000815s ]
ERR: 无法加载模块:Favicon
NOTIC: [2] include(/404.html): failed to open stream: No such file or directory D:\wamp64\www\shejuyi\ThinkPHP\Library\Think\Think.class.php 第 314 行.
NOTIC: [2] include(): Failed opening '/404.html' for inclusion (include_path='.;C:\php\pear') D:\wamp64\www\shejuyi\ThinkPHP\Library\Think\Think.class.php 第 314 行.

[ 2018-06-21T09:43:12+08:00 ] 127.0.0.1 /favicon.ico
INFO: [ app_init ] --START--
INFO: Run Behavior\BuildLiteBehavior [ RunTime:0.000328s ]
INFO: [ app_init ] --END-- [ RunTime:0.003397s ]
ERR: 无法加载模块:Favicon
NOTIC: [2] include(/404.html): failed to open stream: No such file or directory D:\wamp64\www\shejuyi\ThinkPHP\Library\Think\Think.class.php 第 314 行.
NOTIC: [2] include(): Failed opening '/404.html' for inclusion (include_path='.;C:\php\pear') D:\wamp64\www\shejuyi\ThinkPHP\Library\Think\Think.class.php 第 314 行.

[ 2018-06-21T09:45:32+08:00 ] 127.0.0.1 /favicon.ico
INFO: [ app_init ] --START--
INFO: Run Behavior\BuildLiteBehavior [ RunTime:0.000019s ]
INFO: [ app_init ] --END-- [ RunTime:0.000384s ]
ERR: 无法加载模块:Favicon
NOTIC: [2] include(/404.html): failed to open stream: No such file or directory D:\wamp64\www\shejuyi\ThinkPHP\Library\Think\Think.class.php 第 314 行.
NOTIC: [2] include(): Failed opening '/404.html' for inclusion (include_path='.;C:\php\pear') D:\wamp64\www\shejuyi\ThinkPHP\Library\Think\Think.class.php 第 314 行.

[ 2018-06-21T09:46:24+08:00 ] 127.0.0.1 /favicon.ico
INFO: [ app_init ] --START--
INFO: Run Behavior\BuildLiteBehavior [ RunTime:0.000023s ]
INFO: [ app_init ] --END-- [ RunTime:0.000501s ]
ERR: 无法加载模块:Favicon
NOTIC: [2] include(/404.html): failed to open stream: No such file or directory D:\wamp64\www\shejuyi\ThinkPHP\Library\Think\Think.class.php 第 314 行.
NOTIC: [2] include(): Failed opening '/404.html' for inclusion (include_path='.;C:\php\pear') D:\wamp64\www\shejuyi\ThinkPHP\Library\Think\Think.class.php 第 314 行.

[ 2018-06-21T09:47:07+08:00 ] 127.0.0.1 /favicon.ico
INFO: [ app_init ] --START--
INFO: Run Behavior\BuildLiteBehavior [ RunTime:0.000016s ]
INFO: [ app_init ] --END-- [ RunTime:0.000432s ]
ERR: 无法加载模块:Favicon
NOTIC: [2] include(/404.html): failed to open stream: No such file or directory D:\wamp64\www\shejuyi\ThinkPHP\Library\Think\Think.class.php 第 314 行.
NOTIC: [2] include(): Failed opening '/404.html' for inclusion (include_path='.;C:\php\pear') D:\wamp64\www\shejuyi\ThinkPHP\Library\Think\Think.class.php 第 314 行.

[ 2018-06-21T09:50:30+08:00 ] 127.0.0.1 /favicon.ico
INFO: [ app_init ] --START--
INFO: Run Behavior\BuildLiteBehavior [ RunTime:0.000027s ]
INFO: [ app_init ] --END-- [ RunTime:0.000721s ]
ERR: 无法加载模块:Favicon
NOTIC: [2] include(/404.html): failed to open stream: No such file or directory D:\wamp64\www\shejuyi\ThinkPHP\Library\Think\Think.class.php 第 314 行.
NOTIC: [2] include(): Failed opening '/404.html' for inclusion (include_path='.;C:\php\pear') D:\wamp64\www\shejuyi\ThinkPHP\Library\Think\Think.class.php 第 314 行.

[ 2018-06-21T09:59:49+08:00 ] ::1 /favicon.ico
INFO: [ app_init ] --START--
INFO: Run Behavior\BuildLiteBehavior [ RunTime:0.000012s ]
INFO: [ app_init ] --END-- [ RunTime:0.000458s ]
ERR: 无法加载模块:Favicon
NOTIC: [2] include(/404.html): failed to open stream: No such file or directory C:\xampp\htdocs\shejuyi\ThinkPHP\Library\Think\Think.class.php 第 314 行.
NOTIC: [2] include(): Failed opening '/404.html' for inclusion (include_path='C:\xampp\php\PEAR') C:\xampp\htdocs\shejuyi\ThinkPHP\Library\Think\Think.class.php 第 314 行.

[ 2018-06-21T09:59:49+08:00 ] ::1 /favicon.ico
INFO: [ app_init ] --START--
INFO: Run Behavior\BuildLiteBehavior [ RunTime:0.000011s ]
INFO: [ app_init ] --END-- [ RunTime:0.000656s ]
ERR: 无法加载模块:Favicon
NOTIC: [2] include(/404.html): failed to open stream: No such file or directory C:\xampp\htdocs\shejuyi\ThinkPHP\Library\Think\Think.class.php 第 314 行.
NOTIC: [2] include(): Failed opening '/404.html' for inclusion (include_path='C:\xampp\php\PEAR') C:\xampp\htdocs\shejuyi\ThinkPHP\Library\Think\Think.class.php 第 314 行.

[ 2018-06-21T10:00:22+08:00 ] ::1 /Public/Home/css/bootstrap.css.map
INFO: [ app_init ] --START--
INFO: Run Behavior\BuildLiteBehavior [ RunTime:0.000011s ]
INFO: [ app_init ] --END-- [ RunTime:0.000379s ]
ERR: 无法加载模块:Public
NOTIC: [2] include(/404.html): failed to open stream: No such file or directory C:\xampp\htdocs\shejuyi\ThinkPHP\Library\Think\Think.class.php 第 314 行.
NOTIC: [2] include(): Failed opening '/404.html' for inclusion (include_path='C:\xampp\php\PEAR') C:\xampp\htdocs\shejuyi\ThinkPHP\Library\Think\Think.class.php 第 314 行.

[ 2018-06-21T10:02:05+08:00 ] ::1 /Public/Home/css/bootstrap.css.map
INFO: [ app_init ] --START--
INFO: Run Behavior\BuildLiteBehavior [ RunTime:0.000019s ]
INFO: [ app_init ] --END-- [ RunTime:0.001213s ]
ERR: 无法加载模块:Public
NOTIC: [2] include(/404.html): failed to open stream: No such file or directory C:\xampp\htdocs\shejuyi\ThinkPHP\Library\Think\Think.class.php 第 314 行.
NOTIC: [2] include(): Failed opening '/404.html' for inclusion (include_path='C:\xampp\php\PEAR') C:\xampp\htdocs\shejuyi\ThinkPHP\Library\Think\Think.class.php 第 314 行.

[ 2018-06-21T10:02:05+08:00 ] ::1 /Public/Home/css/bootstrap.css.map
INFO: [ app_init ] --START--
INFO: Run Behavior\BuildLiteBehavior [ RunTime:0.000012s ]
INFO: [ app_init ] --END-- [ RunTime:0.000381s ]
ERR: 无法加载模块:Public
NOTIC: [2] include(/404.html): failed to open stream: No such file or directory C:\xampp\htdocs\shejuyi\ThinkPHP\Library\Think\Think.class.php 第 314 行.
NOTIC: [2] include(): Failed opening '/404.html' for inclusion (include_path='C:\xampp\php\PEAR') C:\xampp\htdocs\shejuyi\ThinkPHP\Library\Think\Think.class.php 第 314 行.

[ 2018-06-21T10:02:32+08:00 ] ::1 /Public/Home/css/bootstrap.css.map
INFO: [ app_init ] --START--
INFO: Run Behavior\BuildLiteBehavior [ RunTime:0.000012s ]
INFO: [ app_init ] --END-- [ RunTime:0.000438s ]
ERR: 无法加载模块:Public
NOTIC: [2] include(/404.html): failed to open stream: No such file or directory C:\xampp\htdocs\shejuyi\ThinkPHP\Library\Think\Think.class.php 第 314 行.
NOTIC: [2] include(): Failed opening '/404.html' for inclusion (include_path='C:\xampp\php\PEAR') C:\xampp\htdocs\shejuyi\ThinkPHP\Library\Think\Think.class.php 第 314 行.

