[ 2018-04-09T17:04:21+08:00 ] 127.0.0.1 /favicon.ico
INFO: [ app_init ] --START--
INFO: Run Behavior\BuildLiteBehavior [ RunTime:0.000010s ]
INFO: [ app_init ] --END-- [ RunTime:0.000380s ]
ERR: 无法加载模块:Favicon

[ 2018-04-09T17:04:52+08:00 ] 127.0.0.1 /Uploads/community/projectimg/2018-04-02/15226545805ac1dd740859f
INFO: [ app_init ] --START--
INFO: Run Behavior\BuildLiteBehavior [ RunTime:0.000011s ]
INFO: [ app_init ] --END-- [ RunTime:0.000348s ]
ERR: 无法加载模块:Uploads

[ 2018-04-09T17:04:52+08:00 ] 127.0.0.1 /wefgerfrehb.jpg
INFO: [ app_init ] --START--
INFO: Run Behavior\BuildLiteBehavior [ RunTime:0.000010s ]
INFO: [ app_init ] --END-- [ RunTime:0.000384s ]
ERR: 无法加载模块:Wefgerfrehb

[ 2018-04-09T17:04:52+08:00 ] 127.0.0.1 /Uploads/community/projectimg/2018-04-02/15226541065ac1db9a55965
INFO: [ app_init ] --START--
INFO: Run Behavior\BuildLiteBehavior [ RunTime:0.000010s ]
INFO: [ app_init ] --END-- [ RunTime:0.000383s ]
ERR: 无法加载模块:Uploads

[ 2018-04-09T17:05:04+08:00 ] 127.0.0.1 /Public/Home/imgs/image.png
INFO: [ app_init ] --START--
INFO: Run Behavior\BuildLiteBehavior [ RunTime:0.000010s ]
INFO: [ app_init ] --END-- [ RunTime:0.000326s ]
ERR: 无法加载模块:Public

[ 2018-04-09T17:05:17+08:00 ] 127.0.0.1 /Public/Home/imgs/image.png
INFO: [ app_init ] --START--
INFO: Run Behavior\BuildLiteBehavior [ RunTime:0.000014s ]
INFO: [ app_init ] --END-- [ RunTime:0.000455s ]
ERR: 无法加载模块:Public

[ 2018-04-09T17:06:19+08:00 ] 127.0.0.1 /Public/Home/imgs/image.png
INFO: [ app_init ] --START--
INFO: Run Behavior\BuildLiteBehavior [ RunTime:0.000010s ]
INFO: [ app_init ] --END-- [ RunTime:0.000324s ]
ERR: 无法加载模块:Public

[ 2018-04-09T17:06:19+08:00 ] 127.0.0.1 /favicon.ico
INFO: [ app_init ] --START--
INFO: Run Behavior\BuildLiteBehavior [ RunTime:0.000011s ]
INFO: [ app_init ] --END-- [ RunTime:0.000353s ]
ERR: 无法加载模块:Favicon

[ 2018-04-09T17:06:43+08:00 ] 127.0.0.1 /Public/Home/imgs/image.png
INFO: [ app_init ] --START--
INFO: Run Behavior\BuildLiteBehavior [ RunTime:0.000013s ]
INFO: [ app_init ] --END-- [ RunTime:0.000349s ]
ERR: 无法加载模块:Public

[ 2018-04-09T17:06:43+08:00 ] 127.0.0.1 /favicon.ico
INFO: [ app_init ] --START--
INFO: Run Behavior\BuildLiteBehavior [ RunTime:0.000011s ]
INFO: [ app_init ] --END-- [ RunTime:0.000328s ]
ERR: 无法加载模块:Favicon

[ 2018-04-09T17:06:45+08:00 ] 127.0.0.1 /Public/Home/css/bootstrap.css.map
INFO: [ app_init ] --START--
INFO: Run Behavior\BuildLiteBehavior [ RunTime:0.000013s ]
INFO: [ app_init ] --END-- [ RunTime:0.000427s ]
ERR: 无法加载模块:Public

[ 2018-04-09T17:07:04+08:00 ] 127.0.0.1 /Public/Home/css/bootstrap.css.map
INFO: [ app_init ] --START--
INFO: Run Behavior\BuildLiteBehavior [ RunTime:0.000012s ]
INFO: [ app_init ] --END-- [ RunTime:0.000332s ]
ERR: 无法加载模块:Public

[ 2018-04-09T17:07:05+08:00 ] 127.0.0.1 /Public/Home/css/bootstrap.css.map
INFO: [ app_init ] --START--
INFO: Run Behavior\BuildLiteBehavior [ RunTime:0.000011s ]
INFO: [ app_init ] --END-- [ RunTime:0.000356s ]
ERR: 无法加载模块:Public

[ 2018-04-09T17:07:08+08:00 ] 127.0.0.1 /Public/Home/css/bootstrap.css.map
INFO: [ app_init ] --START--
INFO: Run Behavior\BuildLiteBehavior [ RunTime:0.000020s ]
INFO: [ app_init ] --END-- [ RunTime:0.000413s ]
ERR: 无法加载模块:Public

[ 2018-04-09T17:07:08+08:00 ] 127.0.0.1 /Public/Home/imgs/image.png
INFO: [ app_init ] --START--
INFO: Run Behavior\BuildLiteBehavior [ RunTime:0.000012s ]
INFO: [ app_init ] --END-- [ RunTime:0.000337s ]
ERR: 无法加载模块:Public

[ 2018-04-09T17:07:35+08:00 ] 127.0.0.1 /Public/Home/css/bootstrap.css.map
INFO: [ app_init ] --START--
INFO: Run Behavior\BuildLiteBehavior [ RunTime:0.000011s ]
INFO: [ app_init ] --END-- [ RunTime:0.000332s ]
ERR: 无法加载模块:Public

[ 2018-04-09T17:07:35+08:00 ] 127.0.0.1 /Public/Home/imgs/image.png
INFO: [ app_init ] --START--
INFO: Run Behavior\BuildLiteBehavior [ RunTime:0.000015s ]
INFO: [ app_init ] --END-- [ RunTime:0.000441s ]
ERR: 无法加载模块:Public

[ 2018-04-09T17:12:47+08:00 ] 127.0.0.1 /Public/Home/css/bootstrap.css.map
INFO: [ app_init ] --START--
INFO: Run Behavior\BuildLiteBehavior [ RunTime:0.000012s ]
INFO: [ app_init ] --END-- [ RunTime:0.000406s ]
ERR: 无法加载模块:Public

[ 2018-04-09T17:12:47+08:00 ] 127.0.0.1 /Public/Home/imgs/image.png
INFO: [ app_init ] --START--
INFO: Run Behavior\BuildLiteBehavior [ RunTime:0.000013s ]
INFO: [ app_init ] --END-- [ RunTime:0.000407s ]
ERR: 无法加载模块:Public

[ 2018-04-09T17:13:03+08:00 ] 127.0.0.1 /Public/Home/css/bootstrap.css.map
INFO: [ app_init ] --START--
INFO: Run Behavior\BuildLiteBehavior [ RunTime:0.000013s ]
INFO: [ app_init ] --END-- [ RunTime:0.000360s ]
ERR: 无法加载模块:Public

[ 2018-04-09T17:13:13+08:00 ] 127.0.0.1 /Public/Home/css/bootstrap.css.map
INFO: [ app_init ] --START--
INFO: Run Behavior\BuildLiteBehavior [ RunTime:0.000013s ]
INFO: [ app_init ] --END-- [ RunTime:0.000367s ]
ERR: 无法加载模块:Public

[ 2018-04-09T17:14:23+08:00 ] 127.0.0.1 /Public/Home/css/bootstrap.css.map
INFO: [ app_init ] --START--
INFO: Run Behavior\BuildLiteBehavior [ RunTime:0.000012s ]
INFO: [ app_init ] --END-- [ RunTime:0.000395s ]
ERR: 无法加载模块:Public

[ 2018-04-09T17:18:50+08:00 ] 127.0.0.1 /Public/Home/css/bootstrap.css.map
INFO: [ app_init ] --START--
INFO: Run Behavior\BuildLiteBehavior [ RunTime:0.000012s ]
INFO: [ app_init ] --END-- [ RunTime:0.000428s ]
ERR: 无法加载模块:Public

[ 2018-04-09T17:18:50+08:00 ] 127.0.0.1 /Public/Home/imgs/image.png
INFO: [ app_init ] --START--
INFO: Run Behavior\BuildLiteBehavior [ RunTime:0.000012s ]
INFO: [ app_init ] --END-- [ RunTime:0.000411s ]
ERR: 无法加载模块:Public

[ 2018-04-09T17:21:51+08:00 ] 127.0.0.1 /Public/Home/css/bootstrap.css.map
INFO: [ app_init ] --START--
INFO: Run Behavior\BuildLiteBehavior [ RunTime:0.000012s ]
INFO: [ app_init ] --END-- [ RunTime:0.000360s ]
ERR: 无法加载模块:Public

[ 2018-04-09T17:21:51+08:00 ] 127.0.0.1 /Public/Home/imgs/image.png
INFO: [ app_init ] --START--
INFO: Run Behavior\BuildLiteBehavior [ RunTime:0.000011s ]
INFO: [ app_init ] --END-- [ RunTime:0.000392s ]
ERR: 无法加载模块:Public

[ 2018-04-09T17:22:36+08:00 ] 127.0.0.1 /Public/Home/css/bootstrap.css.map
INFO: [ app_init ] --START--
INFO: Run Behavior\BuildLiteBehavior [ RunTime:0.000011s ]
INFO: [ app_init ] --END-- [ RunTime:0.000329s ]
ERR: 无法加载模块:Public

[ 2018-04-09T17:22:36+08:00 ] 127.0.0.1 /Public/Home/imgs/image.png
INFO: [ app_init ] --START--
INFO: Run Behavior\BuildLiteBehavior [ RunTime:0.000013s ]
INFO: [ app_init ] --END-- [ RunTime:0.000353s ]
ERR: 无法加载模块:Public

[ 2018-04-09T17:24:06+08:00 ] 127.0.0.1 /Public/Home/css/bootstrap.css.map
INFO: [ app_init ] --START--
INFO: Run Behavior\BuildLiteBehavior [ RunTime:0.000012s ]
INFO: [ app_init ] --END-- [ RunTime:0.000330s ]
ERR: 无法加载模块:Public

[ 2018-04-09T17:24:06+08:00 ] 127.0.0.1 /Public/Home/imgs/image.png
INFO: [ app_init ] --START--
INFO: Run Behavior\BuildLiteBehavior [ RunTime:0.000012s ]
INFO: [ app_init ] --END-- [ RunTime:0.000366s ]
ERR: 无法加载模块:Public

[ 2018-04-09T17:24:24+08:00 ] 127.0.0.1 /Public/Home/css/bootstrap.css.map
INFO: [ app_init ] --START--
INFO: Run Behavior\BuildLiteBehavior [ RunTime:0.000011s ]
INFO: [ app_init ] --END-- [ RunTime:0.000338s ]
ERR: 无法加载模块:Public

[ 2018-04-09T17:24:24+08:00 ] 127.0.0.1 /Public/Home/imgs/image.png
INFO: [ app_init ] --START--
INFO: Run Behavior\BuildLiteBehavior [ RunTime:0.000013s ]
INFO: [ app_init ] --END-- [ RunTime:0.000399s ]
ERR: 无法加载模块:Public

[ 2018-04-09T17:24:48+08:00 ] 127.0.0.1 /Public/Home/css/bootstrap.css.map
INFO: [ app_init ] --START--
INFO: Run Behavior\BuildLiteBehavior [ RunTime:0.000012s ]
INFO: [ app_init ] --END-- [ RunTime:0.000405s ]
ERR: 无法加载模块:Public

[ 2018-04-09T17:24:48+08:00 ] 127.0.0.1 /Public/Home/imgs/image.png
INFO: [ app_init ] --START--
INFO: Run Behavior\BuildLiteBehavior [ RunTime:0.000012s ]
INFO: [ app_init ] --END-- [ RunTime:0.000353s ]
ERR: 无法加载模块:Public

[ 2018-04-09T17:25:17+08:00 ] 127.0.0.1 /Public/Home/css/bootstrap.css.map
INFO: [ app_init ] --START--
INFO: Run Behavior\BuildLiteBehavior [ RunTime:0.000011s ]
INFO: [ app_init ] --END-- [ RunTime:0.000340s ]
ERR: 无法加载模块:Public

[ 2018-04-09T17:25:17+08:00 ] 127.0.0.1 /Public/Home/imgs/image.png
INFO: [ app_init ] --START--
INFO: Run Behavior\BuildLiteBehavior [ RunTime:0.000014s ]
INFO: [ app_init ] --END-- [ RunTime:0.000426s ]
ERR: 无法加载模块:Public

[ 2018-04-09T17:25:44+08:00 ] 127.0.0.1 /Public/Home/css/bootstrap.css.map
INFO: [ app_init ] --START--
INFO: Run Behavior\BuildLiteBehavior [ RunTime:0.000012s ]
INFO: [ app_init ] --END-- [ RunTime:0.000365s ]
ERR: 无法加载模块:Public

[ 2018-04-09T17:25:44+08:00 ] 127.0.0.1 /Public/Home/imgs/image.png
INFO: [ app_init ] --START--
INFO: Run Behavior\BuildLiteBehavior [ RunTime:0.000011s ]
INFO: [ app_init ] --END-- [ RunTime:0.000338s ]
ERR: 无法加载模块:Public

[ 2018-04-09T17:25:53+08:00 ] 127.0.0.1 /Public/Home/css/bootstrap.css.map
INFO: [ app_init ] --START--
INFO: Run Behavior\BuildLiteBehavior [ RunTime:0.000011s ]
INFO: [ app_init ] --END-- [ RunTime:0.000334s ]
ERR: 无法加载模块:Public

[ 2018-04-09T17:25:53+08:00 ] 127.0.0.1 /Public/Home/imgs/image.png
INFO: [ app_init ] --START--
INFO: Run Behavior\BuildLiteBehavior [ RunTime:0.000013s ]
INFO: [ app_init ] --END-- [ RunTime:0.000366s ]
ERR: 无法加载模块:Public

[ 2018-04-09T17:26:22+08:00 ] 127.0.0.1 /Public/Home/css/bootstrap.css.map
INFO: [ app_init ] --START--
INFO: Run Behavior\BuildLiteBehavior [ RunTime:0.000013s ]
INFO: [ app_init ] --END-- [ RunTime:0.000425s ]
ERR: 无法加载模块:Public

[ 2018-04-09T17:26:22+08:00 ] 127.0.0.1 /Public/Home/imgs/image.png
INFO: [ app_init ] --START--
INFO: Run Behavior\BuildLiteBehavior [ RunTime:0.000014s ]
INFO: [ app_init ] --END-- [ RunTime:0.000516s ]
ERR: 无法加载模块:Public

[ 2018-04-09T17:27:11+08:00 ] 127.0.0.1 /Public/Home/css/bootstrap.css.map
INFO: [ app_init ] --START--
INFO: Run Behavior\BuildLiteBehavior [ RunTime:0.000013s ]
INFO: [ app_init ] --END-- [ RunTime:0.000454s ]
ERR: 无法加载模块:Public

[ 2018-04-09T17:27:11+08:00 ] 127.0.0.1 /Public/Home/imgs/image.png
INFO: [ app_init ] --START--
INFO: Run Behavior\BuildLiteBehavior [ RunTime:0.000012s ]
INFO: [ app_init ] --END-- [ RunTime:0.000396s ]
ERR: 无法加载模块:Public

[ 2018-04-09T17:27:23+08:00 ] 127.0.0.1 /Public/Home/css/bootstrap.css.map
INFO: [ app_init ] --START--
INFO: Run Behavior\BuildLiteBehavior [ RunTime:0.000013s ]
INFO: [ app_init ] --END-- [ RunTime:0.000435s ]
ERR: 无法加载模块:Public

[ 2018-04-09T17:27:24+08:00 ] 127.0.0.1 /Public/Home/imgs/image.png
INFO: [ app_init ] --START--
INFO: Run Behavior\BuildLiteBehavior [ RunTime:0.000011s ]
INFO: [ app_init ] --END-- [ RunTime:0.000403s ]
ERR: 无法加载模块:Public

[ 2018-04-09T17:27:40+08:00 ] 127.0.0.1 /Public/Home/css/bootstrap.css.map
INFO: [ app_init ] --START--
INFO: Run Behavior\BuildLiteBehavior [ RunTime:0.000014s ]
INFO: [ app_init ] --END-- [ RunTime:0.000380s ]
ERR: 无法加载模块:Public

[ 2018-04-09T17:27:40+08:00 ] 127.0.0.1 /Public/Home/imgs/image.png
INFO: [ app_init ] --START--
INFO: Run Behavior\BuildLiteBehavior [ RunTime:0.000013s ]
INFO: [ app_init ] --END-- [ RunTime:0.000361s ]
ERR: 无法加载模块:Public

[ 2018-04-09T17:28:36+08:00 ] 127.0.0.1 /Public/Home/css/bootstrap.css.map
INFO: [ app_init ] --START--
INFO: Run Behavior\BuildLiteBehavior [ RunTime:0.000011s ]
INFO: [ app_init ] --END-- [ RunTime:0.000336s ]
ERR: 无法加载模块:Public

[ 2018-04-09T17:28:37+08:00 ] 127.0.0.1 /Public/Home/imgs/image.png
INFO: [ app_init ] --START--
INFO: Run Behavior\BuildLiteBehavior [ RunTime:0.000014s ]
INFO: [ app_init ] --END-- [ RunTime:0.000384s ]
ERR: 无法加载模块:Public

[ 2018-04-09T17:28:49+08:00 ] 127.0.0.1 /Public/Home/css/bootstrap.css.map
INFO: [ app_init ] --START--
INFO: Run Behavior\BuildLiteBehavior [ RunTime:0.000011s ]
INFO: [ app_init ] --END-- [ RunTime:0.000339s ]
ERR: 无法加载模块:Public

[ 2018-04-09T17:28:50+08:00 ] 127.0.0.1 /Public/Home/imgs/image.png
INFO: [ app_init ] --START--
INFO: Run Behavior\BuildLiteBehavior [ RunTime:0.000011s ]
INFO: [ app_init ] --END-- [ RunTime:0.000390s ]
ERR: 无法加载模块:Public

[ 2018-04-09T17:29:05+08:00 ] 127.0.0.1 /Public/Home/css/bootstrap.css.map
INFO: [ app_init ] --START--
INFO: Run Behavior\BuildLiteBehavior [ RunTime:0.000011s ]
INFO: [ app_init ] --END-- [ RunTime:0.000338s ]
ERR: 无法加载模块:Public

[ 2018-04-09T17:29:06+08:00 ] 127.0.0.1 /Public/Home/imgs/image.png
INFO: [ app_init ] --START--
INFO: Run Behavior\BuildLiteBehavior [ RunTime:0.000012s ]
INFO: [ app_init ] --END-- [ RunTime:0.000347s ]
ERR: 无法加载模块:Public

[ 2018-04-09T17:29:30+08:00 ] 127.0.0.1 /Public/Home/css/bootstrap.css.map
INFO: [ app_init ] --START--
INFO: Run Behavior\BuildLiteBehavior [ RunTime:0.000013s ]
INFO: [ app_init ] --END-- [ RunTime:0.000462s ]
ERR: 无法加载模块:Public

[ 2018-04-09T17:29:30+08:00 ] 127.0.0.1 /Public/Home/imgs/image.png
INFO: [ app_init ] --START--
INFO: Run Behavior\BuildLiteBehavior [ RunTime:0.000011s ]
INFO: [ app_init ] --END-- [ RunTime:0.000346s ]
ERR: 无法加载模块:Public

[ 2018-04-09T17:29:40+08:00 ] 127.0.0.1 /Public/Home/css/bootstrap.css.map
INFO: [ app_init ] --START--
INFO: Run Behavior\BuildLiteBehavior [ RunTime:0.000011s ]
INFO: [ app_init ] --END-- [ RunTime:0.000337s ]
ERR: 无法加载模块:Public

[ 2018-04-09T17:29:40+08:00 ] 127.0.0.1 /Public/Home/imgs/image.png
INFO: [ app_init ] --START--
INFO: Run Behavior\BuildLiteBehavior [ RunTime:0.000011s ]
INFO: [ app_init ] --END-- [ RunTime:0.000323s ]
ERR: 无法加载模块:Public

[ 2018-04-09T17:30:12+08:00 ] 127.0.0.1 /Public/Home/css/bootstrap.css.map
INFO: [ app_init ] --START--
INFO: Run Behavior\BuildLiteBehavior [ RunTime:0.000012s ]
INFO: [ app_init ] --END-- [ RunTime:0.000364s ]
ERR: 无法加载模块:Public

[ 2018-04-09T17:30:12+08:00 ] 127.0.0.1 /Public/Home/imgs/image.png
INFO: [ app_init ] --START--
INFO: Run Behavior\BuildLiteBehavior [ RunTime:0.000012s ]
INFO: [ app_init ] --END-- [ RunTime:0.000340s ]
ERR: 无法加载模块:Public

[ 2018-04-09T17:31:21+08:00 ] 127.0.0.1 /Public/Home/css/bootstrap.css.map
INFO: [ app_init ] --START--
INFO: Run Behavior\BuildLiteBehavior [ RunTime:0.000012s ]
INFO: [ app_init ] --END-- [ RunTime:0.000412s ]
ERR: 无法加载模块:Public

[ 2018-04-09T17:31:22+08:00 ] 127.0.0.1 /Public/Home/imgs/image.png
INFO: [ app_init ] --START--
INFO: Run Behavior\BuildLiteBehavior [ RunTime:0.000011s ]
INFO: [ app_init ] --END-- [ RunTime:0.000341s ]
ERR: 无法加载模块:Public

[ 2018-04-09T17:31:51+08:00 ] 127.0.0.1 /Public/Home/css/bootstrap.css.map
INFO: [ app_init ] --START--
INFO: Run Behavior\BuildLiteBehavior [ RunTime:0.000011s ]
INFO: [ app_init ] --END-- [ RunTime:0.000343s ]
ERR: 无法加载模块:Public

[ 2018-04-09T17:31:51+08:00 ] 127.0.0.1 /Public/Home/imgs/image.png
INFO: [ app_init ] --START--
INFO: Run Behavior\BuildLiteBehavior [ RunTime:0.000012s ]
INFO: [ app_init ] --END-- [ RunTime:0.000404s ]
ERR: 无法加载模块:Public

[ 2018-04-09T17:31:54+08:00 ] 127.0.0.1 /Public/Home/css/bootstrap.css.map
INFO: [ app_init ] --START--
INFO: Run Behavior\BuildLiteBehavior [ RunTime:0.000011s ]
INFO: [ app_init ] --END-- [ RunTime:0.000337s ]
ERR: 无法加载模块:Public

[ 2018-04-09T17:31:56+08:00 ] 127.0.0.1 /Public/Home/css/bootstrap.css.map
INFO: [ app_init ] --START--
INFO: Run Behavior\BuildLiteBehavior [ RunTime:0.000009s ]
INFO: [ app_init ] --END-- [ RunTime:0.000319s ]
ERR: 无法加载模块:Public

[ 2018-04-09T17:31:56+08:00 ] 127.0.0.1 /Public/Home/imgs/image.png
INFO: [ app_init ] --START--
INFO: Run Behavior\BuildLiteBehavior [ RunTime:0.000012s ]
INFO: [ app_init ] --END-- [ RunTime:0.000373s ]
ERR: 无法加载模块:Public

[ 2018-04-09T17:32:26+08:00 ] 127.0.0.1 /Public/Home/css/bootstrap.css.map
INFO: [ app_init ] --START--
INFO: Run Behavior\BuildLiteBehavior [ RunTime:0.000012s ]
INFO: [ app_init ] --END-- [ RunTime:0.000399s ]
ERR: 无法加载模块:Public

[ 2018-04-09T17:32:26+08:00 ] 127.0.0.1 /Public/Home/imgs/image.png
INFO: [ app_init ] --START--
INFO: Run Behavior\BuildLiteBehavior [ RunTime:0.000013s ]
INFO: [ app_init ] --END-- [ RunTime:0.000382s ]
ERR: 无法加载模块:Public

[ 2018-04-09T17:34:19+08:00 ] 127.0.0.1 /Public/Home/css/bootstrap.css.map
INFO: [ app_init ] --START--
INFO: Run Behavior\BuildLiteBehavior [ RunTime:0.000011s ]
INFO: [ app_init ] --END-- [ RunTime:0.000338s ]
ERR: 无法加载模块:Public

[ 2018-04-09T17:34:21+08:00 ] 127.0.0.1 /Public/Home/css/bootstrap.css.map
INFO: [ app_init ] --START--
INFO: Run Behavior\BuildLiteBehavior [ RunTime:0.000013s ]
INFO: [ app_init ] --END-- [ RunTime:0.000337s ]
ERR: 无法加载模块:Public

[ 2018-04-09T17:34:24+08:00 ] 127.0.0.1 /Public/Home/css/bootstrap.css.map
INFO: [ app_init ] --START--
INFO: Run Behavior\BuildLiteBehavior [ RunTime:0.000012s ]
INFO: [ app_init ] --END-- [ RunTime:0.000403s ]
ERR: 无法加载模块:Public

[ 2018-04-09T17:34:29+08:00 ] 127.0.0.1 /Public/Home/css/bootstrap.css.map
INFO: [ app_init ] --START--
INFO: Run Behavior\BuildLiteBehavior [ RunTime:0.000011s ]
INFO: [ app_init ] --END-- [ RunTime:0.000331s ]
ERR: 无法加载模块:Public

[ 2018-04-09T17:34:29+08:00 ] 127.0.0.1 /Public/Home/imgs/image.png
INFO: [ app_init ] --START--
INFO: Run Behavior\BuildLiteBehavior [ RunTime:0.000011s ]
INFO: [ app_init ] --END-- [ RunTime:0.000344s ]
ERR: 无法加载模块:Public

[ 2018-04-09T17:36:24+08:00 ] 127.0.0.1 /Public/Home/css/bootstrap.css.map
INFO: [ app_init ] --START--
INFO: Run Behavior\BuildLiteBehavior [ RunTime:0.000010s ]
INFO: [ app_init ] --END-- [ RunTime:0.000338s ]
ERR: 无法加载模块:Public

[ 2018-04-09T17:36:24+08:00 ] 127.0.0.1 /Public/Home/imgs/image.png
INFO: [ app_init ] --START--
INFO: Run Behavior\BuildLiteBehavior [ RunTime:0.000010s ]
INFO: [ app_init ] --END-- [ RunTime:0.000326s ]
ERR: 无法加载模块:Public

[ 2018-04-09T17:36:32+08:00 ] 127.0.0.1 /Public/Home/css/bootstrap.css.map
INFO: [ app_init ] --START--
INFO: Run Behavior\BuildLiteBehavior [ RunTime:0.000011s ]
INFO: [ app_init ] --END-- [ RunTime:0.000347s ]
ERR: 无法加载模块:Public

[ 2018-04-09T17:37:04+08:00 ] 127.0.0.1 /Public/Home/css/bootstrap.css.map
INFO: [ app_init ] --START--
INFO: Run Behavior\BuildLiteBehavior [ RunTime:0.000011s ]
INFO: [ app_init ] --END-- [ RunTime:0.000337s ]
ERR: 无法加载模块:Public

[ 2018-04-09T17:37:04+08:00 ] 127.0.0.1 /Public/Home/imgs/image.png
INFO: [ app_init ] --START--
INFO: Run Behavior\BuildLiteBehavior [ RunTime:0.000013s ]
INFO: [ app_init ] --END-- [ RunTime:0.000418s ]
ERR: 无法加载模块:Public

[ 2018-04-09T17:37:16+08:00 ] 127.0.0.1 /Public/Home/css/bootstrap.css.map
INFO: [ app_init ] --START--
INFO: Run Behavior\BuildLiteBehavior [ RunTime:0.000013s ]
INFO: [ app_init ] --END-- [ RunTime:0.000360s ]
ERR: 无法加载模块:Public

[ 2018-04-09T17:37:16+08:00 ] 127.0.0.1 /Public/Home/imgs/image.png
INFO: [ app_init ] --START--
INFO: Run Behavior\BuildLiteBehavior [ RunTime:0.000011s ]
INFO: [ app_init ] --END-- [ RunTime:0.000331s ]
ERR: 无法加载模块:Public

[ 2018-04-09T17:37:23+08:00 ] 127.0.0.1 /Public/Home/css/bootstrap.css.map
INFO: [ app_init ] --START--
INFO: Run Behavior\BuildLiteBehavior [ RunTime:0.000012s ]
INFO: [ app_init ] --END-- [ RunTime:0.000370s ]
ERR: 无法加载模块:Public

[ 2018-04-09T17:37:23+08:00 ] 127.0.0.1 /Public/Home/imgs/image.png
INFO: [ app_init ] --START--
INFO: Run Behavior\BuildLiteBehavior [ RunTime:0.000012s ]
INFO: [ app_init ] --END-- [ RunTime:0.000357s ]
ERR: 无法加载模块:Public

[ 2018-04-09T17:37:25+08:00 ] 127.0.0.1 /Public/Home/css/bootstrap.css.map
INFO: [ app_init ] --START--
INFO: Run Behavior\BuildLiteBehavior [ RunTime:0.000012s ]
INFO: [ app_init ] --END-- [ RunTime:0.000367s ]
ERR: 无法加载模块:Public

[ 2018-04-09T17:37:58+08:00 ] 127.0.0.1 /Public/Home/css/bootstrap.css.map
INFO: [ app_init ] --START--
INFO: Run Behavior\BuildLiteBehavior [ RunTime:0.000016s ]
INFO: [ app_init ] --END-- [ RunTime:0.000370s ]
ERR: 无法加载模块:Public

[ 2018-04-09T17:37:58+08:00 ] 127.0.0.1 /Public/Home/imgs/image.png
INFO: [ app_init ] --START--
INFO: Run Behavior\BuildLiteBehavior [ RunTime:0.000012s ]
INFO: [ app_init ] --END-- [ RunTime:0.000359s ]
ERR: 无法加载模块:Public

[ 2018-04-09T17:38:20+08:00 ] 127.0.0.1 /Public/Home/css/bootstrap.css.map
INFO: [ app_init ] --START--
INFO: Run Behavior\BuildLiteBehavior [ RunTime:0.000011s ]
INFO: [ app_init ] --END-- [ RunTime:0.000337s ]
ERR: 无法加载模块:Public

[ 2018-04-09T17:38:51+08:00 ] 127.0.0.1 /Public/Home/css/bootstrap.css.map
INFO: [ app_init ] --START--
INFO: Run Behavior\BuildLiteBehavior [ RunTime:0.000014s ]
INFO: [ app_init ] --END-- [ RunTime:0.000394s ]
ERR: 无法加载模块:Public

[ 2018-04-09T17:38:51+08:00 ] 127.0.0.1 /Public/Home/imgs/image.png
INFO: [ app_init ] --START--
INFO: Run Behavior\BuildLiteBehavior [ RunTime:0.000013s ]
INFO: [ app_init ] --END-- [ RunTime:0.000357s ]
ERR: 无法加载模块:Public

[ 2018-04-09T17:38:53+08:00 ] 127.0.0.1 /Public/Home/css/bootstrap.css.map
INFO: [ app_init ] --START--
INFO: Run Behavior\BuildLiteBehavior [ RunTime:0.000012s ]
INFO: [ app_init ] --END-- [ RunTime:0.000334s ]
ERR: 无法加载模块:Public

[ 2018-04-09T17:38:53+08:00 ] 127.0.0.1 /Public/Home/imgs/image.png
INFO: [ app_init ] --START--
INFO: Run Behavior\BuildLiteBehavior [ RunTime:0.000012s ]
INFO: [ app_init ] --END-- [ RunTime:0.000344s ]
ERR: 无法加载模块:Public

[ 2018-04-09T17:41:12+08:00 ] 127.0.0.1 /Public/Home/css/bootstrap.css.map
INFO: [ app_init ] --START--
INFO: Run Behavior\BuildLiteBehavior [ RunTime:0.000012s ]
INFO: [ app_init ] --END-- [ RunTime:0.000395s ]
ERR: 无法加载模块:Public

[ 2018-04-09T17:41:15+08:00 ] 127.0.0.1 /Public/Home/css/bootstrap.css.map
INFO: [ app_init ] --START--
INFO: Run Behavior\BuildLiteBehavior [ RunTime:0.000012s ]
INFO: [ app_init ] --END-- [ RunTime:0.000337s ]
ERR: 无法加载模块:Public

[ 2018-04-09T17:41:15+08:00 ] 127.0.0.1 /Public/Home/imgs/image.png
INFO: [ app_init ] --START--
INFO: Run Behavior\BuildLiteBehavior [ RunTime:0.000012s ]
INFO: [ app_init ] --END-- [ RunTime:0.000356s ]
ERR: 无法加载模块:Public

[ 2018-04-09T17:45:10+08:00 ] 127.0.0.1 /Public/Home/css/bootstrap.css.map
INFO: [ app_init ] --START--
INFO: Run Behavior\BuildLiteBehavior [ RunTime:0.000014s ]
INFO: [ app_init ] --END-- [ RunTime:0.000438s ]
ERR: 无法加载模块:Public

[ 2018-04-09T17:45:10+08:00 ] 127.0.0.1 /Public/Home/imgs/image.png
INFO: [ app_init ] --START--
INFO: Run Behavior\BuildLiteBehavior [ RunTime:0.000013s ]
INFO: [ app_init ] --END-- [ RunTime:0.000375s ]
ERR: 无法加载模块:Public

[ 2018-04-09T17:45:55+08:00 ] 127.0.0.1 /Public/Home/css/bootstrap.css.map
INFO: [ app_init ] --START--
INFO: Run Behavior\BuildLiteBehavior [ RunTime:0.000016s ]
INFO: [ app_init ] --END-- [ RunTime:0.000470s ]
ERR: 无法加载模块:Public

[ 2018-04-09T17:45:55+08:00 ] 127.0.0.1 /Public/Home/imgs/image.png
INFO: [ app_init ] --START--
INFO: Run Behavior\BuildLiteBehavior [ RunTime:0.000013s ]
INFO: [ app_init ] --END-- [ RunTime:0.000416s ]
ERR: 无法加载模块:Public

[ 2018-04-09T17:46:38+08:00 ] 127.0.0.1 /Public/Home/css/bootstrap.css.map
INFO: [ app_init ] --START--
INFO: Run Behavior\BuildLiteBehavior [ RunTime:0.000014s ]
INFO: [ app_init ] --END-- [ RunTime:0.000366s ]
ERR: 无法加载模块:Public

[ 2018-04-09T17:46:39+08:00 ] 127.0.0.1 /Public/Home/imgs/image.png
INFO: [ app_init ] --START--
INFO: Run Behavior\BuildLiteBehavior [ RunTime:0.000013s ]
INFO: [ app_init ] --END-- [ RunTime:0.000583s ]
ERR: 无法加载模块:Public

[ 2018-04-09T17:47:00+08:00 ] 127.0.0.1 /Public/Home/css/bootstrap.css.map
INFO: [ app_init ] --START--
INFO: Run Behavior\BuildLiteBehavior [ RunTime:0.000013s ]
INFO: [ app_init ] --END-- [ RunTime:0.000362s ]
ERR: 无法加载模块:Public

[ 2018-04-09T17:47:00+08:00 ] 127.0.0.1 /Public/Home/imgs/image.png
INFO: [ app_init ] --START--
INFO: Run Behavior\BuildLiteBehavior [ RunTime:0.000012s ]
INFO: [ app_init ] --END-- [ RunTime:0.000338s ]
ERR: 无法加载模块:Public

[ 2018-04-09T18:12:05+08:00 ] 127.0.0.1 /Public/Home/css/bootstrap.css.map
INFO: [ app_init ] --START--
INFO: Run Behavior\BuildLiteBehavior [ RunTime:0.000012s ]
INFO: [ app_init ] --END-- [ RunTime:0.000400s ]
ERR: 无法加载模块:Public

[ 2018-04-09T18:12:06+08:00 ] 127.0.0.1 /favicon.ico
INFO: [ app_init ] --START--
INFO: Run Behavior\BuildLiteBehavior [ RunTime:0.000012s ]
INFO: [ app_init ] --END-- [ RunTime:0.000347s ]
ERR: 无法加载模块:Favicon

[ 2018-04-09T18:12:06+08:00 ] 127.0.0.1 /Public/Home/imgs/image.png
INFO: [ app_init ] --START--
INFO: Run Behavior\BuildLiteBehavior [ RunTime:0.000013s ]
INFO: [ app_init ] --END-- [ RunTime:0.000422s ]
ERR: 无法加载模块:Public

[ 2018-04-09T18:16:42+08:00 ] 127.0.0.1 /Public/Home/css/bootstrap.css.map
INFO: [ app_init ] --START--
INFO: Run Behavior\BuildLiteBehavior [ RunTime:0.000012s ]
INFO: [ app_init ] --END-- [ RunTime:0.000419s ]
ERR: 无法加载模块:Public

[ 2018-04-09T18:16:42+08:00 ] 127.0.0.1 /Public/Home/imgs/image.png
INFO: [ app_init ] --START--
INFO: Run Behavior\BuildLiteBehavior [ RunTime:0.000014s ]
INFO: [ app_init ] --END-- [ RunTime:0.000448s ]
ERR: 无法加载模块:Public

[ 2018-04-09T18:18:25+08:00 ] 127.0.0.1 /Public/Home/css/bootstrap.css.map
INFO: [ app_init ] --START--
INFO: Run Behavior\BuildLiteBehavior [ RunTime:0.000013s ]
INFO: [ app_init ] --END-- [ RunTime:0.000358s ]
ERR: 无法加载模块:Public

[ 2018-04-09T18:18:25+08:00 ] 127.0.0.1 /Public/Home/imgs/image.png
INFO: [ app_init ] --START--
INFO: Run Behavior\BuildLiteBehavior [ RunTime:0.000014s ]
INFO: [ app_init ] --END-- [ RunTime:0.000412s ]
ERR: 无法加载模块:Public

[ 2018-04-09T18:18:52+08:00 ] 127.0.0.1 /Public/Home/css/bootstrap.css.map
INFO: [ app_init ] --START--
INFO: Run Behavior\BuildLiteBehavior [ RunTime:0.000011s ]
INFO: [ app_init ] --END-- [ RunTime:0.000337s ]
ERR: 无法加载模块:Public

[ 2018-04-09T18:18:52+08:00 ] 127.0.0.1 /Public/Home/imgs/image.png
INFO: [ app_init ] --START--
INFO: Run Behavior\BuildLiteBehavior [ RunTime:0.000012s ]
INFO: [ app_init ] --END-- [ RunTime:0.000431s ]
ERR: 无法加载模块:Public

[ 2018-04-09T18:24:03+08:00 ] 127.0.0.1 /Public/Home/css/bootstrap.css.map
INFO: [ app_init ] --START--
INFO: Run Behavior\BuildLiteBehavior [ RunTime:0.000012s ]
INFO: [ app_init ] --END-- [ RunTime:0.000412s ]
ERR: 无法加载模块:Public

[ 2018-04-09T18:24:03+08:00 ] 127.0.0.1 /Public/Home/imgs/image.png
INFO: [ app_init ] --START--
INFO: Run Behavior\BuildLiteBehavior [ RunTime:0.000013s ]
INFO: [ app_init ] --END-- [ RunTime:0.000433s ]
ERR: 无法加载模块:Public

[ 2018-04-09T18:24:44+08:00 ] 127.0.0.1 /Public/Home/css/bootstrap.css.map
INFO: [ app_init ] --START--
INFO: Run Behavior\BuildLiteBehavior [ RunTime:0.000012s ]
INFO: [ app_init ] --END-- [ RunTime:0.000415s ]
ERR: 无法加载模块:Public

[ 2018-04-09T18:24:44+08:00 ] 127.0.0.1 /Public/Home/imgs/image.png
INFO: [ app_init ] --START--
INFO: Run Behavior\BuildLiteBehavior [ RunTime:0.000011s ]
INFO: [ app_init ] --END-- [ RunTime:0.000331s ]
ERR: 无法加载模块:Public

[ 2018-04-09T18:25:02+08:00 ] 127.0.0.1 /Public/Home/css/bootstrap.css.map
INFO: [ app_init ] --START--
INFO: Run Behavior\BuildLiteBehavior [ RunTime:0.000011s ]
INFO: [ app_init ] --END-- [ RunTime:0.000399s ]
ERR: 无法加载模块:Public

[ 2018-04-09T18:25:02+08:00 ] 127.0.0.1 /Public/Home/imgs/image.png
INFO: [ app_init ] --START--
INFO: Run Behavior\BuildLiteBehavior [ RunTime:0.000012s ]
INFO: [ app_init ] --END-- [ RunTime:0.000352s ]
ERR: 无法加载模块:Public

[ 2018-04-09T18:25:14+08:00 ] 127.0.0.1 /Public/Home/css/bootstrap.css.map
INFO: [ app_init ] --START--
INFO: Run Behavior\BuildLiteBehavior [ RunTime:0.000013s ]
INFO: [ app_init ] --END-- [ RunTime:0.000353s ]
ERR: 无法加载模块:Public

[ 2018-04-09T18:25:14+08:00 ] 127.0.0.1 /Public/Home/imgs/image.png
INFO: [ app_init ] --START--
INFO: Run Behavior\BuildLiteBehavior [ RunTime:0.000012s ]
INFO: [ app_init ] --END-- [ RunTime:0.000414s ]
ERR: 无法加载模块:Public

[ 2018-04-09T18:25:31+08:00 ] 127.0.0.1 /Public/Home/css/bootstrap.css.map
INFO: [ app_init ] --START--
INFO: Run Behavior\BuildLiteBehavior [ RunTime:0.000012s ]
INFO: [ app_init ] --END-- [ RunTime:0.000345s ]
ERR: 无法加载模块:Public

[ 2018-04-09T18:25:31+08:00 ] 127.0.0.1 /Public/Home/imgs/image.png
INFO: [ app_init ] --START--
INFO: Run Behavior\BuildLiteBehavior [ RunTime:0.000012s ]
INFO: [ app_init ] --END-- [ RunTime:0.000362s ]
ERR: 无法加载模块:Public

[ 2018-04-09T18:29:49+08:00 ] 127.0.0.1 /Public/Home/css/bootstrap.css.map
INFO: [ app_init ] --START--
INFO: Run Behavior\BuildLiteBehavior [ RunTime:0.000012s ]
INFO: [ app_init ] --END-- [ RunTime:0.000348s ]
ERR: 无法加载模块:Public

[ 2018-04-09T18:29:49+08:00 ] 127.0.0.1 /Public/Home/imgs/image.png
INFO: [ app_init ] --START--
INFO: Run Behavior\BuildLiteBehavior [ RunTime:0.000013s ]
INFO: [ app_init ] --END-- [ RunTime:0.000397s ]
ERR: 无法加载模块:Public

[ 2018-04-09T18:30:12+08:00 ] 127.0.0.1 /Public/Home/css/bootstrap.css.map
INFO: [ app_init ] --START--
INFO: Run Behavior\BuildLiteBehavior [ RunTime:0.000012s ]
INFO: [ app_init ] --END-- [ RunTime:0.000323s ]
ERR: 无法加载模块:Public

[ 2018-04-09T18:30:12+08:00 ] 127.0.0.1 /Public/Home/imgs/image.png
INFO: [ app_init ] --START--
INFO: Run Behavior\BuildLiteBehavior [ RunTime:0.000014s ]
INFO: [ app_init ] --END-- [ RunTime:0.000373s ]
ERR: 无法加载模块:Public

[ 2018-04-09T18:30:21+08:00 ] 127.0.0.1 /Public/Home/css/bootstrap.css.map
INFO: [ app_init ] --START--
INFO: Run Behavior\BuildLiteBehavior [ RunTime:0.000011s ]
INFO: [ app_init ] --END-- [ RunTime:0.000346s ]
ERR: 无法加载模块:Public

[ 2018-04-09T18:30:21+08:00 ] 127.0.0.1 /Public/Home/imgs/image.png
INFO: [ app_init ] --START--
INFO: Run Behavior\BuildLiteBehavior [ RunTime:0.000012s ]
INFO: [ app_init ] --END-- [ RunTime:0.000349s ]
ERR: 无法加载模块:Public

