[ 2018-02-08T12:07:56+08:00 ] 127.0.0.1 /favicon.ico
INFO: [ app_init ] --START--
INFO: Run Behavior\BuildLiteBehavior [ RunTime:0.000010s ]
INFO: [ app_init ] --END-- [ RunTime:0.000369s ]
ERR: 无法加载模块:Favicon

[ 2018-02-08T16:03:47+08:00 ] 127.0.0.1 http://config.pinyin.sogou.com/api/toolbox/geturl.php?h=ED573B078CD4F5C408612B95D3F1EE5B&v=8.8.0.1953&r=0000_sogou_pinyin_82e
INFO: [ app_init ] --START--
INFO: Run Behavior\BuildLiteBehavior [ RunTime:0.000009s ]
INFO: [ app_init ] --END-- [ RunTime:0.000351s ]
ERR: 无法加载模块:Api

[ 2018-02-08T16:04:41+08:00 ] 127.0.0.1 http://config.pinyin.sogou.com/api/toolbox/geturl.php?h=ED573B078CD4F5C408612B95D3F1EE5B&v=8.8.0.1953&r=0000_sogou_pinyin_82e
INFO: [ app_init ] --START--
INFO: Run Behavior\BuildLiteBehavior [ RunTime:0.000011s ]
INFO: [ app_init ] --END-- [ RunTime:0.000346s ]
ERR: 无法加载模块:Api

[ 2018-02-08T16:07:52+08:00 ] 127.0.0.1 http://config.pinyin.sogou.com/api/toolbox/geturl.php?h=ED573B078CD4F5C408612B95D3F1EE5B&v=8.8.0.1953&r=0000_sogou_pinyin_82e
INFO: [ app_init ] --START--
INFO: Run Behavior\BuildLiteBehavior [ RunTime:0.000011s ]
INFO: [ app_init ] --END-- [ RunTime:0.000368s ]
ERR: 无法加载模块:Api

[ 2018-02-08T16:19:11+08:00 ] 127.0.0.1 http://config.pinyin.sogou.com/api/toolbox/geturl.php?h=ED573B078CD4F5C408612B95D3F1EE5B&v=8.8.0.1953&r=0000_sogou_pinyin_82e
INFO: [ app_init ] --START--
INFO: Run Behavior\BuildLiteBehavior [ RunTime:0.000009s ]
INFO: [ app_init ] --END-- [ RunTime:0.000348s ]
ERR: 无法加载模块:Api

[ 2018-02-08T16:24:57+08:00 ] 127.0.0.1 /Public/Home/css/bootstrap.css.map
INFO: [ app_init ] --START--
INFO: Run Behavior\BuildLiteBehavior [ RunTime:0.000012s ]
INFO: [ app_init ] --END-- [ RunTime:0.000407s ]
ERR: 无法加载模块:Public

[ 2018-02-08T16:25:23+08:00 ] 127.0.0.1 /Public/Home/css/bootstrap.css.map
INFO: [ app_init ] --START--
INFO: Run Behavior\BuildLiteBehavior [ RunTime:0.000018s ]
INFO: [ app_init ] --END-- [ RunTime:0.000467s ]
ERR: 无法加载模块:Public

[ 2018-02-08T16:46:45+08:00 ] 127.0.0.1 /Public/Home/css/bootstrap.css.map
INFO: [ app_init ] --START--
INFO: Run Behavior\BuildLiteBehavior [ RunTime:0.000012s ]
INFO: [ app_init ] --END-- [ RunTime:0.000415s ]
ERR: 无法加载模块:Public

[ 2018-02-08T16:46:48+08:00 ] 127.0.0.1 /Public/Home/css/bootstrap.css.map
INFO: [ app_init ] --START--
INFO: Run Behavior\BuildLiteBehavior [ RunTime:0.000011s ]
INFO: [ app_init ] --END-- [ RunTime:0.000340s ]
ERR: 无法加载模块:Public

[ 2018-02-08T16:46:49+08:00 ] 127.0.0.1 /Public/Home/css/bootstrap.css.map
INFO: [ app_init ] --START--
INFO: Run Behavior\BuildLiteBehavior [ RunTime:0.000012s ]
INFO: [ app_init ] --END-- [ RunTime:0.000345s ]
ERR: 无法加载模块:Public

[ 2018-02-08T16:57:58+08:00 ] 127.0.0.1 http://www.sogou.com/imewis/msugg?ifc=4&em=4
INFO: [ app_init ] --START--
INFO: Run Behavior\BuildLiteBehavior [ RunTime:0.000012s ]
INFO: [ app_init ] --END-- [ RunTime:0.000415s ]
ERR: 无法加载模块:Imewis

[ 2018-02-08T16:57:58+08:00 ] 127.0.0.1 http://www.sogou.com/imewis/msugg?ifc=4&em=4
INFO: [ app_init ] --START--
INFO: Run Behavior\BuildLiteBehavior [ RunTime:0.000012s ]
INFO: [ app_init ] --END-- [ RunTime:0.000402s ]
ERR: 无法加载模块:Imewis

[ 2018-02-08T16:57:58+08:00 ] 127.0.0.1 http://www.sogou.com/imewis/msugg?ifc=4&em=4
INFO: [ app_init ] --START--
INFO: Run Behavior\BuildLiteBehavior [ RunTime:0.000022s ]
INFO: [ app_init ] --END-- [ RunTime:0.000678s ]
ERR: 无法加载模块:Imewis

[ 2018-02-08T16:57:59+08:00 ] 127.0.0.1 http://www.sogou.com/imewis/msugg?ifc=4&em=4
INFO: [ app_init ] --START--
INFO: Run Behavior\BuildLiteBehavior [ RunTime:0.000012s ]
INFO: [ app_init ] --END-- [ RunTime:0.000333s ]
ERR: 无法加载模块:Imewis

[ 2018-02-08T16:57:59+08:00 ] 127.0.0.1 http://www.sogou.com/imewis/msugg?ifc=4&em=4
INFO: [ app_init ] --START--
INFO: Run Behavior\BuildLiteBehavior [ RunTime:0.000021s ]
INFO: [ app_init ] --END-- [ RunTime:0.000683s ]
ERR: 无法加载模块:Imewis

[ 2018-02-08T16:58:02+08:00 ] 127.0.0.1 http://www.sogou.com/imewis/msugg?ifc=4&em=4
INFO: [ app_init ] --START--
INFO: Run Behavior\BuildLiteBehavior [ RunTime:0.000022s ]
INFO: [ app_init ] --END-- [ RunTime:0.000696s ]
ERR: 无法加载模块:Imewis

[ 2018-02-08T16:58:02+08:00 ] 127.0.0.1 http://www.sogou.com/imewis/msugg?ifc=4&em=4
INFO: [ app_init ] --START--
INFO: Run Behavior\BuildLiteBehavior [ RunTime:0.000011s ]
INFO: [ app_init ] --END-- [ RunTime:0.000334s ]
ERR: 无法加载模块:Imewis

[ 2018-02-08T16:58:03+08:00 ] 127.0.0.1 http://www.sogou.com/imewis/msugg?ifc=4&em=4
INFO: [ app_init ] --START--
INFO: Run Behavior\BuildLiteBehavior [ RunTime:0.000014s ]
INFO: [ app_init ] --END-- [ RunTime:0.000354s ]
ERR: 无法加载模块:Imewis

[ 2018-02-08T16:58:03+08:00 ] 127.0.0.1 http://www.sogou.com/imewis/msugg?ifc=4&em=4
INFO: [ app_init ] --START--
INFO: Run Behavior\BuildLiteBehavior [ RunTime:0.000021s ]
INFO: [ app_init ] --END-- [ RunTime:0.000707s ]
ERR: 无法加载模块:Imewis

[ 2018-02-08T16:58:04+08:00 ] 127.0.0.1 http://www.sogou.com/imewis/msugg?ifc=4&em=4
INFO: [ app_init ] --START--
INFO: Run Behavior\BuildLiteBehavior [ RunTime:0.000012s ]
INFO: [ app_init ] --END-- [ RunTime:0.000346s ]
ERR: 无法加载模块:Imewis

[ 2018-02-08T16:58:04+08:00 ] 127.0.0.1 http://www.sogou.com/imewis/msugg?ifc=4&em=4
INFO: [ app_init ] --START--
INFO: Run Behavior\BuildLiteBehavior [ RunTime:0.000022s ]
INFO: [ app_init ] --END-- [ RunTime:0.000760s ]
ERR: 无法加载模块:Imewis

[ 2018-02-08T16:58:04+08:00 ] 127.0.0.1 http://www.sogou.com/imewis/msugg?ifc=4&em=4
INFO: [ app_init ] --START--
INFO: Run Behavior\BuildLiteBehavior [ RunTime:0.000013s ]
INFO: [ app_init ] --END-- [ RunTime:0.000431s ]
ERR: 无法加载模块:Imewis

[ 2018-02-08T16:58:04+08:00 ] 127.0.0.1 http://www.sogou.com/imewis/msugg?ifc=4&em=4
INFO: [ app_init ] --START--
INFO: Run Behavior\BuildLiteBehavior [ RunTime:0.000011s ]
INFO: [ app_init ] --END-- [ RunTime:0.000350s ]
ERR: 无法加载模块:Imewis

[ 2018-02-08T16:58:05+08:00 ] 127.0.0.1 http://www.sogou.com/imewis/msugg?ifc=4&em=4
INFO: [ app_init ] --START--
INFO: Run Behavior\BuildLiteBehavior [ RunTime:0.000013s ]
INFO: [ app_init ] --END-- [ RunTime:0.000372s ]
ERR: 无法加载模块:Imewis

[ 2018-02-08T16:58:05+08:00 ] 127.0.0.1 http://www.sogou.com/imewis/msugg?ifc=4&em=4
INFO: [ app_init ] --START--
INFO: Run Behavior\BuildLiteBehavior [ RunTime:0.000013s ]
INFO: [ app_init ] --END-- [ RunTime:0.000401s ]
ERR: 无法加载模块:Imewis

[ 2018-02-08T16:58:05+08:00 ] 127.0.0.1 http://www.sogou.com/imewis/msugg?ifc=4&em=4
INFO: [ app_init ] --START--
INFO: Run Behavior\BuildLiteBehavior [ RunTime:0.000011s ]
INFO: [ app_init ] --END-- [ RunTime:0.000332s ]
ERR: 无法加载模块:Imewis

[ 2018-02-08T16:58:06+08:00 ] 127.0.0.1 http://www.sogou.com/imewis/msugg?ifc=4&em=4
INFO: [ app_init ] --START--
INFO: Run Behavior\BuildLiteBehavior [ RunTime:0.000011s ]
INFO: [ app_init ] --END-- [ RunTime:0.000402s ]
ERR: 无法加载模块:Imewis

[ 2018-02-08T16:58:06+08:00 ] 127.0.0.1 http://www.sogou.com/imewis/msugg?ifc=4&em=4
INFO: [ app_init ] --START--
INFO: Run Behavior\BuildLiteBehavior [ RunTime:0.000013s ]
INFO: [ app_init ] --END-- [ RunTime:0.000366s ]
ERR: 无法加载模块:Imewis

[ 2018-02-08T16:58:06+08:00 ] 127.0.0.1 http://www.sogou.com/imewis/msugg?ifc=4&em=4
INFO: [ app_init ] --START--
INFO: Run Behavior\BuildLiteBehavior [ RunTime:0.000022s ]
INFO: [ app_init ] --END-- [ RunTime:0.000719s ]
ERR: 无法加载模块:Imewis

[ 2018-02-08T16:58:07+08:00 ] 127.0.0.1 http://www.sogou.com/imewis/msugg?ifc=4&em=4
INFO: [ app_init ] --START--
INFO: Run Behavior\BuildLiteBehavior [ RunTime:0.000023s ]
INFO: [ app_init ] --END-- [ RunTime:0.000685s ]
ERR: 无法加载模块:Imewis

[ 2018-02-08T16:58:07+08:00 ] 127.0.0.1 http://www.sogou.com/imewis/msugg?ifc=4&em=4
INFO: [ app_init ] --START--
INFO: Run Behavior\BuildLiteBehavior [ RunTime:0.000013s ]
INFO: [ app_init ] --END-- [ RunTime:0.000346s ]
ERR: 无法加载模块:Imewis

[ 2018-02-08T16:58:07+08:00 ] 127.0.0.1 http://www.sogou.com/imewis/msugg?ifc=4&em=4
INFO: [ app_init ] --START--
INFO: Run Behavior\BuildLiteBehavior [ RunTime:0.000023s ]
INFO: [ app_init ] --END-- [ RunTime:0.000731s ]
ERR: 无法加载模块:Imewis

[ 2018-02-08T16:58:08+08:00 ] 127.0.0.1 http://www.sogou.com/imewis/msugg?ifc=4&em=4
INFO: [ app_init ] --START--
INFO: Run Behavior\BuildLiteBehavior [ RunTime:0.000012s ]
INFO: [ app_init ] --END-- [ RunTime:0.000348s ]
ERR: 无法加载模块:Imewis

[ 2018-02-08T16:58:08+08:00 ] 127.0.0.1 http://www.sogou.com/imewis/msugg?ifc=4&em=4
INFO: [ app_init ] --START--
INFO: Run Behavior\BuildLiteBehavior [ RunTime:0.000014s ]
INFO: [ app_init ] --END-- [ RunTime:0.000395s ]
ERR: 无法加载模块:Imewis

[ 2018-02-08T16:58:08+08:00 ] 127.0.0.1 http://www.sogou.com/imewis/msugg?ifc=4&em=4
INFO: [ app_init ] --START--
INFO: Run Behavior\BuildLiteBehavior [ RunTime:0.000015s ]
INFO: [ app_init ] --END-- [ RunTime:0.000413s ]
ERR: 无法加载模块:Imewis

[ 2018-02-08T16:58:12+08:00 ] 127.0.0.1 http://www.sogou.com/imewis/msugg?ifc=4&em=4
INFO: [ app_init ] --START--
INFO: Run Behavior\BuildLiteBehavior [ RunTime:0.000011s ]
INFO: [ app_init ] --END-- [ RunTime:0.000336s ]
ERR: 无法加载模块:Imewis

[ 2018-02-08T16:58:13+08:00 ] 127.0.0.1 http://www.sogou.com/imewis/msugg?ifc=4&em=4
INFO: [ app_init ] --START--
INFO: Run Behavior\BuildLiteBehavior [ RunTime:0.000011s ]
INFO: [ app_init ] --END-- [ RunTime:0.000324s ]
ERR: 无法加载模块:Imewis

[ 2018-02-08T16:58:13+08:00 ] 127.0.0.1 http://www.sogou.com/imewis/msugg?ifc=4&em=4
INFO: [ app_init ] --START--
INFO: Run Behavior\BuildLiteBehavior [ RunTime:0.000014s ]
INFO: [ app_init ] --END-- [ RunTime:0.000456s ]
ERR: 无法加载模块:Imewis

[ 2018-02-08T16:58:13+08:00 ] 127.0.0.1 http://www.sogou.com/imewis/msugg?ifc=4&em=4
INFO: [ app_init ] --START--
INFO: Run Behavior\BuildLiteBehavior [ RunTime:0.000013s ]
INFO: [ app_init ] --END-- [ RunTime:0.000392s ]
ERR: 无法加载模块:Imewis

[ 2018-02-08T16:58:13+08:00 ] 127.0.0.1 http://www.sogou.com/imewis/msugg?ifc=4&em=4
INFO: [ app_init ] --START--
INFO: Run Behavior\BuildLiteBehavior [ RunTime:0.000012s ]
INFO: [ app_init ] --END-- [ RunTime:0.000323s ]
ERR: 无法加载模块:Imewis

[ 2018-02-08T16:58:14+08:00 ] 127.0.0.1 http://www.sogou.com/imewis/msugg?ifc=4&em=4
INFO: [ app_init ] --START--
INFO: Run Behavior\BuildLiteBehavior [ RunTime:0.000023s ]
INFO: [ app_init ] --END-- [ RunTime:0.000724s ]
ERR: 无法加载模块:Imewis

[ 2018-02-08T16:58:14+08:00 ] 127.0.0.1 http://www.sogou.com/imewis/msugg?ifc=4&em=4
INFO: [ app_init ] --START--
INFO: Run Behavior\BuildLiteBehavior [ RunTime:0.000011s ]
INFO: [ app_init ] --END-- [ RunTime:0.000334s ]
ERR: 无法加载模块:Imewis

[ 2018-02-08T16:58:14+08:00 ] 127.0.0.1 http://www.sogou.com/imewis/msugg?ifc=4&em=4
INFO: [ app_init ] --START--
INFO: Run Behavior\BuildLiteBehavior [ RunTime:0.000013s ]
INFO: [ app_init ] --END-- [ RunTime:0.000389s ]
ERR: 无法加载模块:Imewis

[ 2018-02-08T16:58:15+08:00 ] 127.0.0.1 http://www.sogou.com/imewis/msugg?ifc=4&em=4
INFO: [ app_init ] --START--
INFO: Run Behavior\BuildLiteBehavior [ RunTime:0.000011s ]
INFO: [ app_init ] --END-- [ RunTime:0.000335s ]
ERR: 无法加载模块:Imewis

[ 2018-02-08T17:28:34+08:00 ] 127.0.0.1 http://www.sogou.com/imewis/msugg?ifc=4&em=4
INFO: [ app_init ] --START--
INFO: Run Behavior\BuildLiteBehavior [ RunTime:0.000015s ]
INFO: [ app_init ] --END-- [ RunTime:0.000493s ]
ERR: 无法加载模块:Imewis

[ 2018-02-08T17:28:35+08:00 ] 127.0.0.1 http://www.sogou.com/imewis/msugg?ifc=4&em=4
INFO: [ app_init ] --START--
INFO: Run Behavior\BuildLiteBehavior [ RunTime:0.000014s ]
INFO: [ app_init ] --END-- [ RunTime:0.000375s ]
ERR: 无法加载模块:Imewis

[ 2018-02-08T17:28:35+08:00 ] 127.0.0.1 http://www.sogou.com/imewis/msugg?ifc=4&em=4
INFO: [ app_init ] --START--
INFO: Run Behavior\BuildLiteBehavior [ RunTime:0.000026s ]
INFO: [ app_init ] --END-- [ RunTime:0.000654s ]
ERR: 无法加载模块:Imewis

[ 2018-02-08T17:28:36+08:00 ] 127.0.0.1 http://www.sogou.com/imewis/msugg?ifc=4&em=4
INFO: [ app_init ] --START--
INFO: Run Behavior\BuildLiteBehavior [ RunTime:0.000022s ]
INFO: [ app_init ] --END-- [ RunTime:0.000683s ]
ERR: 无法加载模块:Imewis

[ 2018-02-08T17:28:37+08:00 ] 127.0.0.1 http://www.sogou.com/imewis/msugg?ifc=4&em=4
INFO: [ app_init ] --START--
INFO: Run Behavior\BuildLiteBehavior [ RunTime:0.000023s ]
INFO: [ app_init ] --END-- [ RunTime:0.000711s ]
ERR: 无法加载模块:Imewis

[ 2018-02-08T17:28:37+08:00 ] 127.0.0.1 http://www.sogou.com/imewis/msugg?ifc=4&em=4
INFO: [ app_init ] --START--
INFO: Run Behavior\BuildLiteBehavior [ RunTime:0.000011s ]
INFO: [ app_init ] --END-- [ RunTime:0.000326s ]
ERR: 无法加载模块:Imewis

[ 2018-02-08T17:28:39+08:00 ] 127.0.0.1 http://www.sogou.com/imewis/msugg?ifc=4&em=4
INFO: [ app_init ] --START--
INFO: Run Behavior\BuildLiteBehavior [ RunTime:0.000022s ]
INFO: [ app_init ] --END-- [ RunTime:0.000674s ]
ERR: 无法加载模块:Imewis

[ 2018-02-08T17:39:35+08:00 ] 127.0.0.1 /Public/Home/css/bootstrap.css.map
INFO: [ app_init ] --START--
INFO: Run Behavior\BuildLiteBehavior [ RunTime:0.000013s ]
INFO: [ app_init ] --END-- [ RunTime:0.000383s ]
ERR: 无法加载模块:Public

[ 2018-02-08T17:39:42+08:00 ] 127.0.0.1 /Public/Home/css/bootstrap.css.map
INFO: [ app_init ] --START--
INFO: Run Behavior\BuildLiteBehavior [ RunTime:0.000012s ]
INFO: [ app_init ] --END-- [ RunTime:0.000368s ]
ERR: 无法加载模块:Public

[ 2018-02-08T17:39:46+08:00 ] 127.0.0.1 /Public/Home/css/bootstrap.css.map
INFO: [ app_init ] --START--
INFO: Run Behavior\BuildLiteBehavior [ RunTime:0.000009s ]
INFO: [ app_init ] --END-- [ RunTime:0.000387s ]
ERR: 无法加载模块:Public

[ 2018-02-08T17:39:59+08:00 ] 127.0.0.1 /Public/Home/css/bootstrap.css.map
INFO: [ app_init ] --START--
INFO: Run Behavior\BuildLiteBehavior [ RunTime:0.000010s ]
INFO: [ app_init ] --END-- [ RunTime:0.000337s ]
ERR: 无法加载模块:Public

[ 2018-02-08T17:40:01+08:00 ] 127.0.0.1 /Public/Home/css/bootstrap.css.map
INFO: [ app_init ] --START--
INFO: Run Behavior\BuildLiteBehavior [ RunTime:0.000013s ]
INFO: [ app_init ] --END-- [ RunTime:0.000344s ]
ERR: 无法加载模块:Public

[ 2018-02-08T17:40:03+08:00 ] 127.0.0.1 /Public/Home/css/bootstrap.css.map
INFO: [ app_init ] --START--
INFO: Run Behavior\BuildLiteBehavior [ RunTime:0.000011s ]
INFO: [ app_init ] --END-- [ RunTime:0.000337s ]
ERR: 无法加载模块:Public

[ 2018-02-08T17:40:06+08:00 ] 127.0.0.1 /Public/Home/css/bootstrap.css.map
INFO: [ app_init ] --START--
INFO: Run Behavior\BuildLiteBehavior [ RunTime:0.000012s ]
INFO: [ app_init ] --END-- [ RunTime:0.000371s ]
ERR: 无法加载模块:Public

[ 2018-02-08T17:40:08+08:00 ] 127.0.0.1 /Public/Home/css/bootstrap.css.map
INFO: [ app_init ] --START--
INFO: Run Behavior\BuildLiteBehavior [ RunTime:0.000013s ]
INFO: [ app_init ] --END-- [ RunTime:0.000387s ]
ERR: 无法加载模块:Public

[ 2018-02-08T17:42:05+08:00 ] 127.0.0.1 /Public/Home/css/bootstrap.css.map
INFO: [ app_init ] --START--
INFO: Run Behavior\BuildLiteBehavior [ RunTime:0.000011s ]
INFO: [ app_init ] --END-- [ RunTime:0.000401s ]
ERR: 无法加载模块:Public

[ 2018-02-08T17:44:15+08:00 ] 127.0.0.1 /Public/Home/css/bootstrap.css.map
INFO: [ app_init ] --START--
INFO: Run Behavior\BuildLiteBehavior [ RunTime:0.000017s ]
INFO: [ app_init ] --END-- [ RunTime:0.000462s ]
ERR: 无法加载模块:Public

[ 2018-02-08T17:44:40+08:00 ] 127.0.0.1 /Public/Home/css/bootstrap.css.map
INFO: [ app_init ] --START--
INFO: Run Behavior\BuildLiteBehavior [ RunTime:0.000012s ]
INFO: [ app_init ] --END-- [ RunTime:0.000346s ]
ERR: 无法加载模块:Public

[ 2018-02-08T17:45:35+08:00 ] 127.0.0.1 /favicon.ico
INFO: [ app_init ] --START--
INFO: Run Behavior\BuildLiteBehavior [ RunTime:0.000011s ]
INFO: [ app_init ] --END-- [ RunTime:0.000317s ]
ERR: 无法加载模块:Favicon

[ 2018-02-08T17:46:08+08:00 ] 127.0.0.1 /Public/Home/css/bootstrap.css.map
INFO: [ app_init ] --START--
INFO: Run Behavior\BuildLiteBehavior [ RunTime:0.000021s ]
INFO: [ app_init ] --END-- [ RunTime:0.000456s ]
ERR: 无法加载模块:Public

[ 2018-02-08T17:46:48+08:00 ] 127.0.0.1 /Public/Home/css/bootstrap.css.map
INFO: [ app_init ] --START--
INFO: Run Behavior\BuildLiteBehavior [ RunTime:0.000011s ]
INFO: [ app_init ] --END-- [ RunTime:0.000372s ]
ERR: 无法加载模块:Public

[ 2018-02-08T17:47:13+08:00 ] 127.0.0.1 /Public/Home/css/bootstrap.css.map
INFO: [ app_init ] --START--
INFO: Run Behavior\BuildLiteBehavior [ RunTime:0.000012s ]
INFO: [ app_init ] --END-- [ RunTime:0.000379s ]
ERR: 无法加载模块:Public

[ 2018-02-08T18:07:10+08:00 ] 127.0.0.1 /Public/Home/css/bootstrap.css.map
INFO: [ app_init ] --START--
INFO: Run Behavior\BuildLiteBehavior [ RunTime:0.000011s ]
INFO: [ app_init ] --END-- [ RunTime:0.000366s ]
ERR: 无法加载模块:Public

[ 2018-02-08T18:07:12+08:00 ] 127.0.0.1 /Public/Home/css/bootstrap.css.map
INFO: [ app_init ] --START--
INFO: Run Behavior\BuildLiteBehavior [ RunTime:0.000009s ]
INFO: [ app_init ] --END-- [ RunTime:0.000299s ]
ERR: 无法加载模块:Public

[ 2018-02-08T18:07:26+08:00 ] 127.0.0.1 /Public/Home/css/bootstrap.css.map
INFO: [ app_init ] --START--
INFO: Run Behavior\BuildLiteBehavior [ RunTime:0.000012s ]
INFO: [ app_init ] --END-- [ RunTime:0.000334s ]
ERR: 无法加载模块:Public

[ 2018-02-08T18:07:27+08:00 ] 127.0.0.1 /Public/Home/css/bootstrap.css.map
INFO: [ app_init ] --START--
INFO: Run Behavior\BuildLiteBehavior [ RunTime:0.000012s ]
INFO: [ app_init ] --END-- [ RunTime:0.000350s ]
ERR: 无法加载模块:Public

