[ 2018-06-06T10:35:02+08:00 ] ::1 /Public/Home/css/bootstrap.css.map
INFO: [ app_init ] --START--
INFO: Run Behavior\BuildLiteBehavior [ RunTime:0.000012s ]
INFO: [ app_init ] --END-- [ RunTime:0.000422s ]
ERR: 无法加载模块:Public
NOTIC: [2] include(/404.html): failed to open stream: No such file or directory C:\xampp\htdocs\shejuyi\ThinkPHP\Library\Think\Think.class.php 第 314 行.
NOTIC: [2] include(): Failed opening '/404.html' for inclusion (include_path='C:\xampp\php\PEAR') C:\xampp\htdocs\shejuyi\ThinkPHP\Library\Think\Think.class.php 第 314 行.

[ 2018-06-06T10:35:02+08:00 ] ::1 /Public/Home/css/bootstrap.css.map
INFO: [ app_init ] --START--
INFO: Run Behavior\BuildLiteBehavior [ RunTime:0.000013s ]
INFO: [ app_init ] --END-- [ RunTime:0.000424s ]
ERR: 无法加载模块:Public
NOTIC: [2] include(/404.html): failed to open stream: No such file or directory C:\xampp\htdocs\shejuyi\ThinkPHP\Library\Think\Think.class.php 第 314 行.
NOTIC: [2] include(): Failed opening '/404.html' for inclusion (include_path='C:\xampp\php\PEAR') C:\xampp\htdocs\shejuyi\ThinkPHP\Library\Think\Think.class.php 第 314 行.

[ 2018-06-06T10:35:02+08:00 ] ::1 /Public/Home/css/bootstrap.css.map
INFO: [ app_init ] --START--
INFO: Run Behavior\BuildLiteBehavior [ RunTime:0.000014s ]
INFO: [ app_init ] --END-- [ RunTime:0.000608s ]
ERR: 无法加载模块:Public
NOTIC: [2] include(/404.html): failed to open stream: No such file or directory C:\xampp\htdocs\shejuyi\ThinkPHP\Library\Think\Think.class.php 第 314 行.
NOTIC: [2] include(): Failed opening '/404.html' for inclusion (include_path='C:\xampp\php\PEAR') C:\xampp\htdocs\shejuyi\ThinkPHP\Library\Think\Think.class.php 第 314 行.

[ 2018-06-06T10:36:27+08:00 ] ::1 /Public/Home/css/bootstrap.css.map
INFO: [ app_init ] --START--
INFO: Run Behavior\BuildLiteBehavior [ RunTime:0.000013s ]
INFO: [ app_init ] --END-- [ RunTime:0.000419s ]
ERR: 无法加载模块:Public
NOTIC: [2] include(/404.html): failed to open stream: No such file or directory C:\xampp\htdocs\shejuyi\ThinkPHP\Library\Think\Think.class.php 第 314 行.
NOTIC: [2] include(): Failed opening '/404.html' for inclusion (include_path='C:\xampp\php\PEAR') C:\xampp\htdocs\shejuyi\ThinkPHP\Library\Think\Think.class.php 第 314 行.

[ 2018-06-06T10:41:34+08:00 ] ::1 /Public/Home/css/bootstrap.css.map
INFO: [ app_init ] --START--
INFO: Run Behavior\BuildLiteBehavior [ RunTime:0.000015s ]
INFO: [ app_init ] --END-- [ RunTime:0.000512s ]
ERR: 无法加载模块:Public
NOTIC: [2] include(/404.html): failed to open stream: No such file or directory C:\xampp\htdocs\shejuyi\ThinkPHP\Library\Think\Think.class.php 第 314 行.
NOTIC: [2] include(): Failed opening '/404.html' for inclusion (include_path='C:\xampp\php\PEAR') C:\xampp\htdocs\shejuyi\ThinkPHP\Library\Think\Think.class.php 第 314 行.

[ 2018-06-06T10:41:35+08:00 ] ::1 /Public/Home/css/bootstrap.css.map
INFO: [ app_init ] --START--
INFO: Run Behavior\BuildLiteBehavior [ RunTime:0.000016s ]
INFO: [ app_init ] --END-- [ RunTime:0.000429s ]
ERR: 无法加载模块:Public
NOTIC: [2] include(/404.html): failed to open stream: No such file or directory C:\xampp\htdocs\shejuyi\ThinkPHP\Library\Think\Think.class.php 第 314 行.
NOTIC: [2] include(): Failed opening '/404.html' for inclusion (include_path='C:\xampp\php\PEAR') C:\xampp\htdocs\shejuyi\ThinkPHP\Library\Think\Think.class.php 第 314 行.

[ 2018-06-06T10:41:35+08:00 ] ::1 /Public/Home/css/bootstrap.css.map
INFO: [ app_init ] --START--
INFO: Run Behavior\BuildLiteBehavior [ RunTime:0.000013s ]
INFO: [ app_init ] --END-- [ RunTime:0.000422s ]
ERR: 无法加载模块:Public
NOTIC: [2] include(/404.html): failed to open stream: No such file or directory C:\xampp\htdocs\shejuyi\ThinkPHP\Library\Think\Think.class.php 第 314 行.
NOTIC: [2] include(): Failed opening '/404.html' for inclusion (include_path='C:\xampp\php\PEAR') C:\xampp\htdocs\shejuyi\ThinkPHP\Library\Think\Think.class.php 第 314 行.

[ 2018-06-06T10:41:37+08:00 ] ::1 /Public/Home/css/bootstrap.css.map
INFO: [ app_init ] --START--
INFO: Run Behavior\BuildLiteBehavior [ RunTime:0.000015s ]
INFO: [ app_init ] --END-- [ RunTime:0.000506s ]
ERR: 无法加载模块:Public
NOTIC: [2] include(/404.html): failed to open stream: No such file or directory C:\xampp\htdocs\shejuyi\ThinkPHP\Library\Think\Think.class.php 第 314 行.
NOTIC: [2] include(): Failed opening '/404.html' for inclusion (include_path='C:\xampp\php\PEAR') C:\xampp\htdocs\shejuyi\ThinkPHP\Library\Think\Think.class.php 第 314 行.

[ 2018-06-06T10:41:37+08:00 ] ::1 /Public/Home/css/bootstrap.css.map
INFO: [ app_init ] --START--
INFO: Run Behavior\BuildLiteBehavior [ RunTime:0.000013s ]
INFO: [ app_init ] --END-- [ RunTime:0.000461s ]
ERR: 无法加载模块:Public
NOTIC: [2] include(/404.html): failed to open stream: No such file or directory C:\xampp\htdocs\shejuyi\ThinkPHP\Library\Think\Think.class.php 第 314 行.
NOTIC: [2] include(): Failed opening '/404.html' for inclusion (include_path='C:\xampp\php\PEAR') C:\xampp\htdocs\shejuyi\ThinkPHP\Library\Think\Think.class.php 第 314 行.

[ 2018-06-06T10:41:38+08:00 ] ::1 /Public/Home/css/bootstrap.css.map
INFO: [ app_init ] --START--
INFO: Run Behavior\BuildLiteBehavior [ RunTime:0.000013s ]
INFO: [ app_init ] --END-- [ RunTime:0.000425s ]
ERR: 无法加载模块:Public
NOTIC: [2] include(/404.html): failed to open stream: No such file or directory C:\xampp\htdocs\shejuyi\ThinkPHP\Library\Think\Think.class.php 第 314 行.
NOTIC: [2] include(): Failed opening '/404.html' for inclusion (include_path='C:\xampp\php\PEAR') C:\xampp\htdocs\shejuyi\ThinkPHP\Library\Think\Think.class.php 第 314 行.

[ 2018-06-06T10:41:59+08:00 ] ::1 /Public/Home/css/bootstrap.css.map
INFO: [ app_init ] --START--
INFO: Run Behavior\BuildLiteBehavior [ RunTime:0.000013s ]
INFO: [ app_init ] --END-- [ RunTime:0.000417s ]
ERR: 无法加载模块:Public
NOTIC: [2] include(/404.html): failed to open stream: No such file or directory C:\xampp\htdocs\shejuyi\ThinkPHP\Library\Think\Think.class.php 第 314 行.
NOTIC: [2] include(): Failed opening '/404.html' for inclusion (include_path='C:\xampp\php\PEAR') C:\xampp\htdocs\shejuyi\ThinkPHP\Library\Think\Think.class.php 第 314 行.

[ 2018-06-06T10:42:00+08:00 ] ::1 /Public/Home/css/bootstrap.css.map
INFO: [ app_init ] --START--
INFO: Run Behavior\BuildLiteBehavior [ RunTime:0.000013s ]
INFO: [ app_init ] --END-- [ RunTime:0.000421s ]
ERR: 无法加载模块:Public
NOTIC: [2] include(/404.html): failed to open stream: No such file or directory C:\xampp\htdocs\shejuyi\ThinkPHP\Library\Think\Think.class.php 第 314 行.
NOTIC: [2] include(): Failed opening '/404.html' for inclusion (include_path='C:\xampp\php\PEAR') C:\xampp\htdocs\shejuyi\ThinkPHP\Library\Think\Think.class.php 第 314 行.

[ 2018-06-06T10:42:20+08:00 ] ::1 /Public/Home/css/bootstrap.css.map
INFO: [ app_init ] --START--
INFO: Run Behavior\BuildLiteBehavior [ RunTime:0.000012s ]
INFO: [ app_init ] --END-- [ RunTime:0.000415s ]
ERR: 无法加载模块:Public
NOTIC: [2] include(/404.html): failed to open stream: No such file or directory C:\xampp\htdocs\shejuyi\ThinkPHP\Library\Think\Think.class.php 第 314 行.
NOTIC: [2] include(): Failed opening '/404.html' for inclusion (include_path='C:\xampp\php\PEAR') C:\xampp\htdocs\shejuyi\ThinkPHP\Library\Think\Think.class.php 第 314 行.

[ 2018-06-06T10:42:20+08:00 ] ::1 /Public/Home/css/bootstrap.css.map
INFO: [ app_init ] --START--
INFO: Run Behavior\BuildLiteBehavior [ RunTime:0.000014s ]
INFO: [ app_init ] --END-- [ RunTime:0.000438s ]
ERR: 无法加载模块:Public
NOTIC: [2] include(/404.html): failed to open stream: No such file or directory C:\xampp\htdocs\shejuyi\ThinkPHP\Library\Think\Think.class.php 第 314 行.
NOTIC: [2] include(): Failed opening '/404.html' for inclusion (include_path='C:\xampp\php\PEAR') C:\xampp\htdocs\shejuyi\ThinkPHP\Library\Think\Think.class.php 第 314 行.

[ 2018-06-06T10:42:32+08:00 ] ::1 /Public/Home/css/bootstrap.css.map
INFO: [ app_init ] --START--
INFO: Run Behavior\BuildLiteBehavior [ RunTime:0.000017s ]
INFO: [ app_init ] --END-- [ RunTime:0.000468s ]
ERR: 无法加载模块:Public
NOTIC: [2] include(/404.html): failed to open stream: No such file or directory C:\xampp\htdocs\shejuyi\ThinkPHP\Library\Think\Think.class.php 第 314 行.
NOTIC: [2] include(): Failed opening '/404.html' for inclusion (include_path='C:\xampp\php\PEAR') C:\xampp\htdocs\shejuyi\ThinkPHP\Library\Think\Think.class.php 第 314 行.

[ 2018-06-06T10:52:08+08:00 ] ::1 /Public/Home/css/bootstrap.css.map
INFO: [ app_init ] --START--
INFO: Run Behavior\BuildLiteBehavior [ RunTime:0.000011s ]
INFO: [ app_init ] --END-- [ RunTime:0.000373s ]
ERR: 无法加载模块:Public
NOTIC: [2] include(/404.html): failed to open stream: No such file or directory C:\xampp\htdocs\shejuyi\ThinkPHP\Library\Think\Think.class.php 第 314 行.
NOTIC: [2] include(): Failed opening '/404.html' for inclusion (include_path='C:\xampp\php\PEAR') C:\xampp\htdocs\shejuyi\ThinkPHP\Library\Think\Think.class.php 第 314 行.

[ 2018-06-06T10:52:22+08:00 ] ::1 /Public/Home/css/bootstrap.css.map
INFO: [ app_init ] --START--
INFO: Run Behavior\BuildLiteBehavior [ RunTime:0.000013s ]
INFO: [ app_init ] --END-- [ RunTime:0.000420s ]
ERR: 无法加载模块:Public
NOTIC: [2] include(/404.html): failed to open stream: No such file or directory C:\xampp\htdocs\shejuyi\ThinkPHP\Library\Think\Think.class.php 第 314 行.
NOTIC: [2] include(): Failed opening '/404.html' for inclusion (include_path='C:\xampp\php\PEAR') C:\xampp\htdocs\shejuyi\ThinkPHP\Library\Think\Think.class.php 第 314 行.

[ 2018-06-06T10:53:37+08:00 ] ::1 /Public/Home/css/bootstrap.css.map
INFO: [ app_init ] --START--
INFO: Run Behavior\BuildLiteBehavior [ RunTime:0.000013s ]
INFO: [ app_init ] --END-- [ RunTime:0.000412s ]
ERR: 无法加载模块:Public
NOTIC: [2] include(/404.html): failed to open stream: No such file or directory C:\xampp\htdocs\shejuyi\ThinkPHP\Library\Think\Think.class.php 第 314 行.
NOTIC: [2] include(): Failed opening '/404.html' for inclusion (include_path='C:\xampp\php\PEAR') C:\xampp\htdocs\shejuyi\ThinkPHP\Library\Think\Think.class.php 第 314 行.

[ 2018-06-06T10:54:13+08:00 ] ::1 /Public/Home/css/bootstrap.css.map
INFO: [ app_init ] --START--
INFO: Run Behavior\BuildLiteBehavior [ RunTime:0.000014s ]
INFO: [ app_init ] --END-- [ RunTime:0.000424s ]
ERR: 无法加载模块:Public
NOTIC: [2] include(/404.html): failed to open stream: No such file or directory C:\xampp\htdocs\shejuyi\ThinkPHP\Library\Think\Think.class.php 第 314 行.
NOTIC: [2] include(): Failed opening '/404.html' for inclusion (include_path='C:\xampp\php\PEAR') C:\xampp\htdocs\shejuyi\ThinkPHP\Library\Think\Think.class.php 第 314 行.

[ 2018-06-06T10:54:43+08:00 ] ::1 /Public/Home/css/bootstrap.css.map
INFO: [ app_init ] --START--
INFO: Run Behavior\BuildLiteBehavior [ RunTime:0.000015s ]
INFO: [ app_init ] --END-- [ RunTime:0.000512s ]
ERR: 无法加载模块:Public
NOTIC: [2] include(/404.html): failed to open stream: No such file or directory C:\xampp\htdocs\shejuyi\ThinkPHP\Library\Think\Think.class.php 第 314 行.
NOTIC: [2] include(): Failed opening '/404.html' for inclusion (include_path='C:\xampp\php\PEAR') C:\xampp\htdocs\shejuyi\ThinkPHP\Library\Think\Think.class.php 第 314 行.

[ 2018-06-06T10:54:43+08:00 ] ::1 /Public/Home/css/bootstrap.css.map
INFO: [ app_init ] --START--
INFO: Run Behavior\BuildLiteBehavior [ RunTime:0.000012s ]
INFO: [ app_init ] --END-- [ RunTime:0.000411s ]
ERR: 无法加载模块:Public
NOTIC: [2] include(/404.html): failed to open stream: No such file or directory C:\xampp\htdocs\shejuyi\ThinkPHP\Library\Think\Think.class.php 第 314 行.
NOTIC: [2] include(): Failed opening '/404.html' for inclusion (include_path='C:\xampp\php\PEAR') C:\xampp\htdocs\shejuyi\ThinkPHP\Library\Think\Think.class.php 第 314 行.

[ 2018-06-06T10:54:44+08:00 ] ::1 /Public/Home/css/bootstrap.css.map
INFO: [ app_init ] --START--
INFO: Run Behavior\BuildLiteBehavior [ RunTime:0.000015s ]
INFO: [ app_init ] --END-- [ RunTime:0.000488s ]
ERR: 无法加载模块:Public
NOTIC: [2] include(/404.html): failed to open stream: No such file or directory C:\xampp\htdocs\shejuyi\ThinkPHP\Library\Think\Think.class.php 第 314 行.
NOTIC: [2] include(): Failed opening '/404.html' for inclusion (include_path='C:\xampp\php\PEAR') C:\xampp\htdocs\shejuyi\ThinkPHP\Library\Think\Think.class.php 第 314 行.

[ 2018-06-06T10:55:02+08:00 ] ::1 /Public/Home/css/bootstrap.css.map
INFO: [ app_init ] --START--
INFO: Run Behavior\BuildLiteBehavior [ RunTime:0.000013s ]
INFO: [ app_init ] --END-- [ RunTime:0.000427s ]
ERR: 无法加载模块:Public
NOTIC: [2] include(/404.html): failed to open stream: No such file or directory C:\xampp\htdocs\shejuyi\ThinkPHP\Library\Think\Think.class.php 第 314 行.
NOTIC: [2] include(): Failed opening '/404.html' for inclusion (include_path='C:\xampp\php\PEAR') C:\xampp\htdocs\shejuyi\ThinkPHP\Library\Think\Think.class.php 第 314 行.

[ 2018-06-06T10:55:02+08:00 ] ::1 /Public/Home/css/bootstrap.css.map
INFO: [ app_init ] --START--
INFO: Run Behavior\BuildLiteBehavior [ RunTime:0.000014s ]
INFO: [ app_init ] --END-- [ RunTime:0.000469s ]
ERR: 无法加载模块:Public
NOTIC: [2] include(/404.html): failed to open stream: No such file or directory C:\xampp\htdocs\shejuyi\ThinkPHP\Library\Think\Think.class.php 第 314 行.
NOTIC: [2] include(): Failed opening '/404.html' for inclusion (include_path='C:\xampp\php\PEAR') C:\xampp\htdocs\shejuyi\ThinkPHP\Library\Think\Think.class.php 第 314 行.

[ 2018-06-06T10:55:03+08:00 ] ::1 /Public/Home/css/bootstrap.css.map
INFO: [ app_init ] --START--
INFO: Run Behavior\BuildLiteBehavior [ RunTime:0.000013s ]
INFO: [ app_init ] --END-- [ RunTime:0.000415s ]
ERR: 无法加载模块:Public
NOTIC: [2] include(/404.html): failed to open stream: No such file or directory C:\xampp\htdocs\shejuyi\ThinkPHP\Library\Think\Think.class.php 第 314 行.
NOTIC: [2] include(): Failed opening '/404.html' for inclusion (include_path='C:\xampp\php\PEAR') C:\xampp\htdocs\shejuyi\ThinkPHP\Library\Think\Think.class.php 第 314 行.

[ 2018-06-06T10:55:03+08:00 ] ::1 /Public/Home/css/bootstrap.css.map
INFO: [ app_init ] --START--
INFO: Run Behavior\BuildLiteBehavior [ RunTime:0.000013s ]
INFO: [ app_init ] --END-- [ RunTime:0.000412s ]
ERR: 无法加载模块:Public
NOTIC: [2] include(/404.html): failed to open stream: No such file or directory C:\xampp\htdocs\shejuyi\ThinkPHP\Library\Think\Think.class.php 第 314 行.
NOTIC: [2] include(): Failed opening '/404.html' for inclusion (include_path='C:\xampp\php\PEAR') C:\xampp\htdocs\shejuyi\ThinkPHP\Library\Think\Think.class.php 第 314 行.

[ 2018-06-06T10:55:03+08:00 ] ::1 /Public/Home/css/bootstrap.css.map
INFO: [ app_init ] --START--
INFO: Run Behavior\BuildLiteBehavior [ RunTime:0.000014s ]
INFO: [ app_init ] --END-- [ RunTime:0.000418s ]
ERR: 无法加载模块:Public
NOTIC: [2] include(/404.html): failed to open stream: No such file or directory C:\xampp\htdocs\shejuyi\ThinkPHP\Library\Think\Think.class.php 第 314 行.
NOTIC: [2] include(): Failed opening '/404.html' for inclusion (include_path='C:\xampp\php\PEAR') C:\xampp\htdocs\shejuyi\ThinkPHP\Library\Think\Think.class.php 第 314 行.

[ 2018-06-06T10:55:04+08:00 ] ::1 /Public/Home/css/bootstrap.css.map
INFO: [ app_init ] --START--
INFO: Run Behavior\BuildLiteBehavior [ RunTime:0.000013s ]
INFO: [ app_init ] --END-- [ RunTime:0.000456s ]
ERR: 无法加载模块:Public
NOTIC: [2] include(/404.html): failed to open stream: No such file or directory C:\xampp\htdocs\shejuyi\ThinkPHP\Library\Think\Think.class.php 第 314 行.
NOTIC: [2] include(): Failed opening '/404.html' for inclusion (include_path='C:\xampp\php\PEAR') C:\xampp\htdocs\shejuyi\ThinkPHP\Library\Think\Think.class.php 第 314 行.

[ 2018-06-06T10:55:04+08:00 ] ::1 /Public/Home/css/bootstrap.css.map
INFO: [ app_init ] --START--
INFO: Run Behavior\BuildLiteBehavior [ RunTime:0.000014s ]
INFO: [ app_init ] --END-- [ RunTime:0.000419s ]
ERR: 无法加载模块:Public
NOTIC: [2] include(/404.html): failed to open stream: No such file or directory C:\xampp\htdocs\shejuyi\ThinkPHP\Library\Think\Think.class.php 第 314 行.
NOTIC: [2] include(): Failed opening '/404.html' for inclusion (include_path='C:\xampp\php\PEAR') C:\xampp\htdocs\shejuyi\ThinkPHP\Library\Think\Think.class.php 第 314 行.

[ 2018-06-06T10:55:04+08:00 ] ::1 /Public/Home/css/bootstrap.css.map
INFO: [ app_init ] --START--
INFO: Run Behavior\BuildLiteBehavior [ RunTime:0.000013s ]
INFO: [ app_init ] --END-- [ RunTime:0.000420s ]
ERR: 无法加载模块:Public
NOTIC: [2] include(/404.html): failed to open stream: No such file or directory C:\xampp\htdocs\shejuyi\ThinkPHP\Library\Think\Think.class.php 第 314 行.
NOTIC: [2] include(): Failed opening '/404.html' for inclusion (include_path='C:\xampp\php\PEAR') C:\xampp\htdocs\shejuyi\ThinkPHP\Library\Think\Think.class.php 第 314 行.

[ 2018-06-06T10:55:08+08:00 ] ::1 /Public/Home/css/bootstrap.css.map
INFO: [ app_init ] --START--
INFO: Run Behavior\BuildLiteBehavior [ RunTime:0.000014s ]
INFO: [ app_init ] --END-- [ RunTime:0.000436s ]
ERR: 无法加载模块:Public
NOTIC: [2] include(/404.html): failed to open stream: No such file or directory C:\xampp\htdocs\shejuyi\ThinkPHP\Library\Think\Think.class.php 第 314 行.
NOTIC: [2] include(): Failed opening '/404.html' for inclusion (include_path='C:\xampp\php\PEAR') C:\xampp\htdocs\shejuyi\ThinkPHP\Library\Think\Think.class.php 第 314 行.

[ 2018-06-06T10:55:08+08:00 ] ::1 /Public/Home/css/bootstrap.css.map
INFO: [ app_init ] --START--
INFO: Run Behavior\BuildLiteBehavior [ RunTime:0.000015s ]
INFO: [ app_init ] --END-- [ RunTime:0.000535s ]
ERR: 无法加载模块:Public
NOTIC: [2] include(/404.html): failed to open stream: No such file or directory C:\xampp\htdocs\shejuyi\ThinkPHP\Library\Think\Think.class.php 第 314 行.
NOTIC: [2] include(): Failed opening '/404.html' for inclusion (include_path='C:\xampp\php\PEAR') C:\xampp\htdocs\shejuyi\ThinkPHP\Library\Think\Think.class.php 第 314 行.

[ 2018-06-06T10:55:09+08:00 ] ::1 /Public/Home/css/bootstrap.css.map
INFO: [ app_init ] --START--
INFO: Run Behavior\BuildLiteBehavior [ RunTime:0.000013s ]
INFO: [ app_init ] --END-- [ RunTime:0.000411s ]
ERR: 无法加载模块:Public
NOTIC: [2] include(/404.html): failed to open stream: No such file or directory C:\xampp\htdocs\shejuyi\ThinkPHP\Library\Think\Think.class.php 第 314 行.
NOTIC: [2] include(): Failed opening '/404.html' for inclusion (include_path='C:\xampp\php\PEAR') C:\xampp\htdocs\shejuyi\ThinkPHP\Library\Think\Think.class.php 第 314 行.

[ 2018-06-06T10:55:14+08:00 ] ::1 /Public/Home/css/bootstrap.css.map
INFO: [ app_init ] --START--
INFO: Run Behavior\BuildLiteBehavior [ RunTime:0.000013s ]
INFO: [ app_init ] --END-- [ RunTime:0.000481s ]
ERR: 无法加载模块:Public
NOTIC: [2] include(/404.html): failed to open stream: No such file or directory C:\xampp\htdocs\shejuyi\ThinkPHP\Library\Think\Think.class.php 第 314 行.
NOTIC: [2] include(): Failed opening '/404.html' for inclusion (include_path='C:\xampp\php\PEAR') C:\xampp\htdocs\shejuyi\ThinkPHP\Library\Think\Think.class.php 第 314 行.

[ 2018-06-06T10:56:39+08:00 ] ::1 /Public/Home/css/bootstrap.css.map
INFO: [ app_init ] --START--
INFO: Run Behavior\BuildLiteBehavior [ RunTime:0.000013s ]
INFO: [ app_init ] --END-- [ RunTime:0.000455s ]
ERR: 无法加载模块:Public
NOTIC: [2] include(/404.html): failed to open stream: No such file or directory C:\xampp\htdocs\shejuyi\ThinkPHP\Library\Think\Think.class.php 第 314 行.
NOTIC: [2] include(): Failed opening '/404.html' for inclusion (include_path='C:\xampp\php\PEAR') C:\xampp\htdocs\shejuyi\ThinkPHP\Library\Think\Think.class.php 第 314 行.

[ 2018-06-06T10:57:41+08:00 ] ::1 /Public/Home/css/bootstrap.css.map
INFO: [ app_init ] --START--
INFO: Run Behavior\BuildLiteBehavior [ RunTime:0.000014s ]
INFO: [ app_init ] --END-- [ RunTime:0.000430s ]
ERR: 无法加载模块:Public
NOTIC: [2] include(/404.html): failed to open stream: No such file or directory C:\xampp\htdocs\shejuyi\ThinkPHP\Library\Think\Think.class.php 第 314 行.
NOTIC: [2] include(): Failed opening '/404.html' for inclusion (include_path='C:\xampp\php\PEAR') C:\xampp\htdocs\shejuyi\ThinkPHP\Library\Think\Think.class.php 第 314 行.

[ 2018-06-06T10:58:21+08:00 ] ::1 /Public/Home/css/bootstrap.css.map
INFO: [ app_init ] --START--
INFO: Run Behavior\BuildLiteBehavior [ RunTime:0.000015s ]
INFO: [ app_init ] --END-- [ RunTime:0.000451s ]
ERR: 无法加载模块:Public
NOTIC: [2] include(/404.html): failed to open stream: No such file or directory C:\xampp\htdocs\shejuyi\ThinkPHP\Library\Think\Think.class.php 第 314 行.
NOTIC: [2] include(): Failed opening '/404.html' for inclusion (include_path='C:\xampp\php\PEAR') C:\xampp\htdocs\shejuyi\ThinkPHP\Library\Think\Think.class.php 第 314 行.

[ 2018-06-06T10:58:21+08:00 ] ::1 /Public/Home/css/bootstrap.css.map
INFO: [ app_init ] --START--
INFO: Run Behavior\BuildLiteBehavior [ RunTime:0.000013s ]
INFO: [ app_init ] --END-- [ RunTime:0.000427s ]
ERR: 无法加载模块:Public
NOTIC: [2] include(/404.html): failed to open stream: No such file or directory C:\xampp\htdocs\shejuyi\ThinkPHP\Library\Think\Think.class.php 第 314 行.
NOTIC: [2] include(): Failed opening '/404.html' for inclusion (include_path='C:\xampp\php\PEAR') C:\xampp\htdocs\shejuyi\ThinkPHP\Library\Think\Think.class.php 第 314 行.

[ 2018-06-06T10:59:31+08:00 ] ::1 /Public/Home/css/bootstrap.css.map
INFO: [ app_init ] --START--
INFO: Run Behavior\BuildLiteBehavior [ RunTime:0.000013s ]
INFO: [ app_init ] --END-- [ RunTime:0.000428s ]
ERR: 无法加载模块:Public
NOTIC: [2] include(/404.html): failed to open stream: No such file or directory C:\xampp\htdocs\shejuyi\ThinkPHP\Library\Think\Think.class.php 第 314 行.
NOTIC: [2] include(): Failed opening '/404.html' for inclusion (include_path='C:\xampp\php\PEAR') C:\xampp\htdocs\shejuyi\ThinkPHP\Library\Think\Think.class.php 第 314 行.

[ 2018-06-06T10:59:31+08:00 ] ::1 /Public/Home/css/bootstrap.css.map
INFO: [ app_init ] --START--
INFO: Run Behavior\BuildLiteBehavior [ RunTime:0.000014s ]
INFO: [ app_init ] --END-- [ RunTime:0.000439s ]
ERR: 无法加载模块:Public
NOTIC: [2] include(/404.html): failed to open stream: No such file or directory C:\xampp\htdocs\shejuyi\ThinkPHP\Library\Think\Think.class.php 第 314 行.
NOTIC: [2] include(): Failed opening '/404.html' for inclusion (include_path='C:\xampp\php\PEAR') C:\xampp\htdocs\shejuyi\ThinkPHP\Library\Think\Think.class.php 第 314 行.

[ 2018-06-06T11:00:53+08:00 ] ::1 /Public/Home/css/bootstrap.css.map
INFO: [ app_init ] --START--
INFO: Run Behavior\BuildLiteBehavior [ RunTime:0.000013s ]
INFO: [ app_init ] --END-- [ RunTime:0.000409s ]
ERR: 无法加载模块:Public
NOTIC: [2] include(/404.html): failed to open stream: No such file or directory C:\xampp\htdocs\shejuyi\ThinkPHP\Library\Think\Think.class.php 第 314 行.
NOTIC: [2] include(): Failed opening '/404.html' for inclusion (include_path='C:\xampp\php\PEAR') C:\xampp\htdocs\shejuyi\ThinkPHP\Library\Think\Think.class.php 第 314 行.

[ 2018-06-06T11:00:53+08:00 ] ::1 /Public/Home/css/bootstrap.css.map
INFO: [ app_init ] --START--
INFO: Run Behavior\BuildLiteBehavior [ RunTime:0.000013s ]
INFO: [ app_init ] --END-- [ RunTime:0.000425s ]
ERR: 无法加载模块:Public
NOTIC: [2] include(/404.html): failed to open stream: No such file or directory C:\xampp\htdocs\shejuyi\ThinkPHP\Library\Think\Think.class.php 第 314 行.
NOTIC: [2] include(): Failed opening '/404.html' for inclusion (include_path='C:\xampp\php\PEAR') C:\xampp\htdocs\shejuyi\ThinkPHP\Library\Think\Think.class.php 第 314 行.

[ 2018-06-06T11:00:54+08:00 ] ::1 /Public/Home/css/bootstrap.css.map
INFO: [ app_init ] --START--
INFO: Run Behavior\BuildLiteBehavior [ RunTime:0.000013s ]
INFO: [ app_init ] --END-- [ RunTime:0.000417s ]
ERR: 无法加载模块:Public
NOTIC: [2] include(/404.html): failed to open stream: No such file or directory C:\xampp\htdocs\shejuyi\ThinkPHP\Library\Think\Think.class.php 第 314 行.
NOTIC: [2] include(): Failed opening '/404.html' for inclusion (include_path='C:\xampp\php\PEAR') C:\xampp\htdocs\shejuyi\ThinkPHP\Library\Think\Think.class.php 第 314 行.

[ 2018-06-06T11:00:54+08:00 ] ::1 /Public/Home/css/bootstrap.css.map
INFO: [ app_init ] --START--
INFO: Run Behavior\BuildLiteBehavior [ RunTime:0.000013s ]
INFO: [ app_init ] --END-- [ RunTime:0.000450s ]
ERR: 无法加载模块:Public
NOTIC: [2] include(/404.html): failed to open stream: No such file or directory C:\xampp\htdocs\shejuyi\ThinkPHP\Library\Think\Think.class.php 第 314 行.
NOTIC: [2] include(): Failed opening '/404.html' for inclusion (include_path='C:\xampp\php\PEAR') C:\xampp\htdocs\shejuyi\ThinkPHP\Library\Think\Think.class.php 第 314 行.

[ 2018-06-06T11:00:59+08:00 ] ::1 /Public/Home/css/bootstrap.css.map
INFO: [ app_init ] --START--
INFO: Run Behavior\BuildLiteBehavior [ RunTime:0.000012s ]
INFO: [ app_init ] --END-- [ RunTime:0.000388s ]
ERR: 无法加载模块:Public
NOTIC: [2] include(/404.html): failed to open stream: No such file or directory C:\xampp\htdocs\shejuyi\ThinkPHP\Library\Think\Think.class.php 第 314 行.
NOTIC: [2] include(): Failed opening '/404.html' for inclusion (include_path='C:\xampp\php\PEAR') C:\xampp\htdocs\shejuyi\ThinkPHP\Library\Think\Think.class.php 第 314 行.

[ 2018-06-06T11:00:59+08:00 ] ::1 /Public/Home/css/bootstrap.css.map
INFO: [ app_init ] --START--
INFO: Run Behavior\BuildLiteBehavior [ RunTime:0.000013s ]
INFO: [ app_init ] --END-- [ RunTime:0.000436s ]
ERR: 无法加载模块:Public
NOTIC: [2] include(/404.html): failed to open stream: No such file or directory C:\xampp\htdocs\shejuyi\ThinkPHP\Library\Think\Think.class.php 第 314 行.
NOTIC: [2] include(): Failed opening '/404.html' for inclusion (include_path='C:\xampp\php\PEAR') C:\xampp\htdocs\shejuyi\ThinkPHP\Library\Think\Think.class.php 第 314 行.

[ 2018-06-06T11:01:00+08:00 ] ::1 /Public/Home/css/bootstrap.css.map
INFO: [ app_init ] --START--
INFO: Run Behavior\BuildLiteBehavior [ RunTime:0.000014s ]
INFO: [ app_init ] --END-- [ RunTime:0.000422s ]
ERR: 无法加载模块:Public
NOTIC: [2] include(/404.html): failed to open stream: No such file or directory C:\xampp\htdocs\shejuyi\ThinkPHP\Library\Think\Think.class.php 第 314 行.
NOTIC: [2] include(): Failed opening '/404.html' for inclusion (include_path='C:\xampp\php\PEAR') C:\xampp\htdocs\shejuyi\ThinkPHP\Library\Think\Think.class.php 第 314 行.

[ 2018-06-06T11:01:00+08:00 ] ::1 /Public/Home/css/bootstrap.css.map
INFO: [ app_init ] --START--
INFO: Run Behavior\BuildLiteBehavior [ RunTime:0.000012s ]
INFO: [ app_init ] --END-- [ RunTime:0.000415s ]
ERR: 无法加载模块:Public
NOTIC: [2] include(/404.html): failed to open stream: No such file or directory C:\xampp\htdocs\shejuyi\ThinkPHP\Library\Think\Think.class.php 第 314 行.
NOTIC: [2] include(): Failed opening '/404.html' for inclusion (include_path='C:\xampp\php\PEAR') C:\xampp\htdocs\shejuyi\ThinkPHP\Library\Think\Think.class.php 第 314 行.

[ 2018-06-06T11:01:16+08:00 ] ::1 /Public/Home/css/bootstrap.css.map
INFO: [ app_init ] --START--
INFO: Run Behavior\BuildLiteBehavior [ RunTime:0.000013s ]
INFO: [ app_init ] --END-- [ RunTime:0.000411s ]
ERR: 无法加载模块:Public
NOTIC: [2] include(/404.html): failed to open stream: No such file or directory C:\xampp\htdocs\shejuyi\ThinkPHP\Library\Think\Think.class.php 第 314 行.
NOTIC: [2] include(): Failed opening '/404.html' for inclusion (include_path='C:\xampp\php\PEAR') C:\xampp\htdocs\shejuyi\ThinkPHP\Library\Think\Think.class.php 第 314 行.

[ 2018-06-06T11:01:16+08:00 ] ::1 /Public/Home/css/bootstrap.css.map
INFO: [ app_init ] --START--
INFO: Run Behavior\BuildLiteBehavior [ RunTime:0.000013s ]
INFO: [ app_init ] --END-- [ RunTime:0.000421s ]
ERR: 无法加载模块:Public
NOTIC: [2] include(/404.html): failed to open stream: No such file or directory C:\xampp\htdocs\shejuyi\ThinkPHP\Library\Think\Think.class.php 第 314 行.
NOTIC: [2] include(): Failed opening '/404.html' for inclusion (include_path='C:\xampp\php\PEAR') C:\xampp\htdocs\shejuyi\ThinkPHP\Library\Think\Think.class.php 第 314 行.

[ 2018-06-06T11:01:17+08:00 ] ::1 /Public/Home/css/bootstrap.css.map
INFO: [ app_init ] --START--
INFO: Run Behavior\BuildLiteBehavior [ RunTime:0.000014s ]
INFO: [ app_init ] --END-- [ RunTime:0.000418s ]
ERR: 无法加载模块:Public
NOTIC: [2] include(/404.html): failed to open stream: No such file or directory C:\xampp\htdocs\shejuyi\ThinkPHP\Library\Think\Think.class.php 第 314 行.
NOTIC: [2] include(): Failed opening '/404.html' for inclusion (include_path='C:\xampp\php\PEAR') C:\xampp\htdocs\shejuyi\ThinkPHP\Library\Think\Think.class.php 第 314 行.

[ 2018-06-06T11:01:17+08:00 ] ::1 /Public/Home/css/bootstrap.css.map
INFO: [ app_init ] --START--
INFO: Run Behavior\BuildLiteBehavior [ RunTime:0.000014s ]
INFO: [ app_init ] --END-- [ RunTime:0.000423s ]
ERR: 无法加载模块:Public
NOTIC: [2] include(/404.html): failed to open stream: No such file or directory C:\xampp\htdocs\shejuyi\ThinkPHP\Library\Think\Think.class.php 第 314 行.
NOTIC: [2] include(): Failed opening '/404.html' for inclusion (include_path='C:\xampp\php\PEAR') C:\xampp\htdocs\shejuyi\ThinkPHP\Library\Think\Think.class.php 第 314 行.

[ 2018-06-06T11:01:17+08:00 ] ::1 /Public/Home/css/bootstrap.css.map
INFO: [ app_init ] --START--
INFO: Run Behavior\BuildLiteBehavior [ RunTime:0.000014s ]
INFO: [ app_init ] --END-- [ RunTime:0.000417s ]
ERR: 无法加载模块:Public
NOTIC: [2] include(/404.html): failed to open stream: No such file or directory C:\xampp\htdocs\shejuyi\ThinkPHP\Library\Think\Think.class.php 第 314 行.
NOTIC: [2] include(): Failed opening '/404.html' for inclusion (include_path='C:\xampp\php\PEAR') C:\xampp\htdocs\shejuyi\ThinkPHP\Library\Think\Think.class.php 第 314 行.

[ 2018-06-06T11:02:50+08:00 ] ::1 /Public/Home/css/bootstrap.css.map
INFO: [ app_init ] --START--
INFO: Run Behavior\BuildLiteBehavior [ RunTime:0.000015s ]
INFO: [ app_init ] --END-- [ RunTime:0.000441s ]
ERR: 无法加载模块:Public
NOTIC: [2] include(/404.html): failed to open stream: No such file or directory C:\xampp\htdocs\shejuyi\ThinkPHP\Library\Think\Think.class.php 第 314 行.
NOTIC: [2] include(): Failed opening '/404.html' for inclusion (include_path='C:\xampp\php\PEAR') C:\xampp\htdocs\shejuyi\ThinkPHP\Library\Think\Think.class.php 第 314 行.

[ 2018-06-06T11:02:50+08:00 ] ::1 /Public/Home/css/bootstrap.css.map
INFO: [ app_init ] --START--
INFO: Run Behavior\BuildLiteBehavior [ RunTime:0.000015s ]
INFO: [ app_init ] --END-- [ RunTime:0.000462s ]
ERR: 无法加载模块:Public
NOTIC: [2] include(/404.html): failed to open stream: No such file or directory C:\xampp\htdocs\shejuyi\ThinkPHP\Library\Think\Think.class.php 第 314 行.
NOTIC: [2] include(): Failed opening '/404.html' for inclusion (include_path='C:\xampp\php\PEAR') C:\xampp\htdocs\shejuyi\ThinkPHP\Library\Think\Think.class.php 第 314 行.

[ 2018-06-06T11:03:47+08:00 ] ::1 /Public/Home/css/bootstrap.css.map
INFO: [ app_init ] --START--
INFO: Run Behavior\BuildLiteBehavior [ RunTime:0.000012s ]
INFO: [ app_init ] --END-- [ RunTime:0.000420s ]
ERR: 无法加载模块:Public
NOTIC: [2] include(/404.html): failed to open stream: No such file or directory C:\xampp\htdocs\shejuyi\ThinkPHP\Library\Think\Think.class.php 第 314 行.
NOTIC: [2] include(): Failed opening '/404.html' for inclusion (include_path='C:\xampp\php\PEAR') C:\xampp\htdocs\shejuyi\ThinkPHP\Library\Think\Think.class.php 第 314 行.

[ 2018-06-06T11:03:47+08:00 ] ::1 /Public/Home/css/bootstrap.css.map
INFO: [ app_init ] --START--
INFO: Run Behavior\BuildLiteBehavior [ RunTime:0.000012s ]
INFO: [ app_init ] --END-- [ RunTime:0.000423s ]
ERR: 无法加载模块:Public
NOTIC: [2] include(/404.html): failed to open stream: No such file or directory C:\xampp\htdocs\shejuyi\ThinkPHP\Library\Think\Think.class.php 第 314 行.
NOTIC: [2] include(): Failed opening '/404.html' for inclusion (include_path='C:\xampp\php\PEAR') C:\xampp\htdocs\shejuyi\ThinkPHP\Library\Think\Think.class.php 第 314 行.

[ 2018-06-06T11:03:48+08:00 ] ::1 /Public/Home/css/bootstrap.css.map
INFO: [ app_init ] --START--
INFO: Run Behavior\BuildLiteBehavior [ RunTime:0.000012s ]
INFO: [ app_init ] --END-- [ RunTime:0.000410s ]
ERR: 无法加载模块:Public
NOTIC: [2] include(/404.html): failed to open stream: No such file or directory C:\xampp\htdocs\shejuyi\ThinkPHP\Library\Think\Think.class.php 第 314 行.
NOTIC: [2] include(): Failed opening '/404.html' for inclusion (include_path='C:\xampp\php\PEAR') C:\xampp\htdocs\shejuyi\ThinkPHP\Library\Think\Think.class.php 第 314 行.

[ 2018-06-06T11:06:15+08:00 ] ::1 /Public/Home/css/bootstrap.css.map
INFO: [ app_init ] --START--
INFO: Run Behavior\BuildLiteBehavior [ RunTime:0.000013s ]
INFO: [ app_init ] --END-- [ RunTime:0.000498s ]
ERR: 无法加载模块:Public
NOTIC: [2] include(/404.html): failed to open stream: No such file or directory C:\xampp\htdocs\shejuyi\ThinkPHP\Library\Think\Think.class.php 第 314 行.
NOTIC: [2] include(): Failed opening '/404.html' for inclusion (include_path='C:\xampp\php\PEAR') C:\xampp\htdocs\shejuyi\ThinkPHP\Library\Think\Think.class.php 第 314 行.

[ 2018-06-06T11:06:15+08:00 ] ::1 /Public/Home/css/bootstrap.css.map
INFO: [ app_init ] --START--
INFO: Run Behavior\BuildLiteBehavior [ RunTime:0.000012s ]
INFO: [ app_init ] --END-- [ RunTime:0.000458s ]
ERR: 无法加载模块:Public
NOTIC: [2] include(/404.html): failed to open stream: No such file or directory C:\xampp\htdocs\shejuyi\ThinkPHP\Library\Think\Think.class.php 第 314 行.
NOTIC: [2] include(): Failed opening '/404.html' for inclusion (include_path='C:\xampp\php\PEAR') C:\xampp\htdocs\shejuyi\ThinkPHP\Library\Think\Think.class.php 第 314 行.

[ 2018-06-06T11:07:01+08:00 ] ::1 /Public/Home/css/bootstrap.css.map
INFO: [ app_init ] --START--
INFO: Run Behavior\BuildLiteBehavior [ RunTime:0.000013s ]
INFO: [ app_init ] --END-- [ RunTime:0.000427s ]
ERR: 无法加载模块:Public
NOTIC: [2] include(/404.html): failed to open stream: No such file or directory C:\xampp\htdocs\shejuyi\ThinkPHP\Library\Think\Think.class.php 第 314 行.
NOTIC: [2] include(): Failed opening '/404.html' for inclusion (include_path='C:\xampp\php\PEAR') C:\xampp\htdocs\shejuyi\ThinkPHP\Library\Think\Think.class.php 第 314 行.

[ 2018-06-06T11:07:08+08:00 ] ::1 /Public/Home/css/bootstrap.css.map
INFO: [ app_init ] --START--
INFO: Run Behavior\BuildLiteBehavior [ RunTime:0.000012s ]
INFO: [ app_init ] --END-- [ RunTime:0.000393s ]
ERR: 无法加载模块:Public
NOTIC: [2] include(/404.html): failed to open stream: No such file or directory C:\xampp\htdocs\shejuyi\ThinkPHP\Library\Think\Think.class.php 第 314 行.
NOTIC: [2] include(): Failed opening '/404.html' for inclusion (include_path='C:\xampp\php\PEAR') C:\xampp\htdocs\shejuyi\ThinkPHP\Library\Think\Think.class.php 第 314 行.

[ 2018-06-06T11:07:11+08:00 ] ::1 /Public/Home/css/bootstrap.css.map
INFO: [ app_init ] --START--
INFO: Run Behavior\BuildLiteBehavior [ RunTime:0.000023s ]
INFO: [ app_init ] --END-- [ RunTime:0.000536s ]
ERR: 无法加载模块:Public
NOTIC: [2] include(/404.html): failed to open stream: No such file or directory C:\xampp\htdocs\shejuyi\ThinkPHP\Library\Think\Think.class.php 第 314 行.
NOTIC: [2] include(): Failed opening '/404.html' for inclusion (include_path='C:\xampp\php\PEAR') C:\xampp\htdocs\shejuyi\ThinkPHP\Library\Think\Think.class.php 第 314 行.

[ 2018-06-06T11:07:12+08:00 ] ::1 /Public/Home/css/bootstrap.css.map
INFO: [ app_init ] --START--
INFO: Run Behavior\BuildLiteBehavior [ RunTime:0.000012s ]
INFO: [ app_init ] --END-- [ RunTime:0.000413s ]
ERR: 无法加载模块:Public
NOTIC: [2] include(/404.html): failed to open stream: No such file or directory C:\xampp\htdocs\shejuyi\ThinkPHP\Library\Think\Think.class.php 第 314 行.
NOTIC: [2] include(): Failed opening '/404.html' for inclusion (include_path='C:\xampp\php\PEAR') C:\xampp\htdocs\shejuyi\ThinkPHP\Library\Think\Think.class.php 第 314 行.

[ 2018-06-06T11:07:13+08:00 ] ::1 /Public/Home/css/bootstrap.css.map
INFO: [ app_init ] --START--
INFO: Run Behavior\BuildLiteBehavior [ RunTime:0.000013s ]
INFO: [ app_init ] --END-- [ RunTime:0.000445s ]
ERR: 无法加载模块:Public
NOTIC: [2] include(/404.html): failed to open stream: No such file or directory C:\xampp\htdocs\shejuyi\ThinkPHP\Library\Think\Think.class.php 第 314 行.
NOTIC: [2] include(): Failed opening '/404.html' for inclusion (include_path='C:\xampp\php\PEAR') C:\xampp\htdocs\shejuyi\ThinkPHP\Library\Think\Think.class.php 第 314 行.

[ 2018-06-06T11:07:13+08:00 ] ::1 /Public/Home/css/bootstrap.css.map
INFO: [ app_init ] --START--
INFO: Run Behavior\BuildLiteBehavior [ RunTime:0.000012s ]
INFO: [ app_init ] --END-- [ RunTime:0.000430s ]
ERR: 无法加载模块:Public
NOTIC: [2] include(/404.html): failed to open stream: No such file or directory C:\xampp\htdocs\shejuyi\ThinkPHP\Library\Think\Think.class.php 第 314 行.
NOTIC: [2] include(): Failed opening '/404.html' for inclusion (include_path='C:\xampp\php\PEAR') C:\xampp\htdocs\shejuyi\ThinkPHP\Library\Think\Think.class.php 第 314 行.

[ 2018-06-06T11:07:14+08:00 ] ::1 /Public/Home/css/bootstrap.css.map
INFO: [ app_init ] --START--
INFO: Run Behavior\BuildLiteBehavior [ RunTime:0.000013s ]
INFO: [ app_init ] --END-- [ RunTime:0.000417s ]
ERR: 无法加载模块:Public
NOTIC: [2] include(/404.html): failed to open stream: No such file or directory C:\xampp\htdocs\shejuyi\ThinkPHP\Library\Think\Think.class.php 第 314 行.
NOTIC: [2] include(): Failed opening '/404.html' for inclusion (include_path='C:\xampp\php\PEAR') C:\xampp\htdocs\shejuyi\ThinkPHP\Library\Think\Think.class.php 第 314 行.

[ 2018-06-06T11:07:16+08:00 ] ::1 /Public/Home/css/bootstrap.css.map
INFO: [ app_init ] --START--
INFO: Run Behavior\BuildLiteBehavior [ RunTime:0.000012s ]
INFO: [ app_init ] --END-- [ RunTime:0.000396s ]
ERR: 无法加载模块:Public
NOTIC: [2] include(/404.html): failed to open stream: No such file or directory C:\xampp\htdocs\shejuyi\ThinkPHP\Library\Think\Think.class.php 第 314 行.
NOTIC: [2] include(): Failed opening '/404.html' for inclusion (include_path='C:\xampp\php\PEAR') C:\xampp\htdocs\shejuyi\ThinkPHP\Library\Think\Think.class.php 第 314 行.

[ 2018-06-06T11:07:17+08:00 ] ::1 /Public/Home/css/bootstrap.css.map
INFO: [ app_init ] --START--
INFO: Run Behavior\BuildLiteBehavior [ RunTime:0.000013s ]
INFO: [ app_init ] --END-- [ RunTime:0.000423s ]
ERR: 无法加载模块:Public
NOTIC: [2] include(/404.html): failed to open stream: No such file or directory C:\xampp\htdocs\shejuyi\ThinkPHP\Library\Think\Think.class.php 第 314 行.
NOTIC: [2] include(): Failed opening '/404.html' for inclusion (include_path='C:\xampp\php\PEAR') C:\xampp\htdocs\shejuyi\ThinkPHP\Library\Think\Think.class.php 第 314 行.

[ 2018-06-06T11:12:48+08:00 ] ::1 /favicon.ico
INFO: [ app_init ] --START--
INFO: Run Behavior\BuildLiteBehavior [ RunTime:0.000012s ]
INFO: [ app_init ] --END-- [ RunTime:0.000456s ]
ERR: 无法加载模块:Favicon
NOTIC: [2] include(/404.html): failed to open stream: No such file or directory C:\xampp\htdocs\shejuyi\ThinkPHP\Library\Think\Think.class.php 第 314 行.
NOTIC: [2] include(): Failed opening '/404.html' for inclusion (include_path='C:\xampp\php\PEAR') C:\xampp\htdocs\shejuyi\ThinkPHP\Library\Think\Think.class.php 第 314 行.

[ 2018-06-06T11:12:48+08:00 ] ::1 /favicon.ico
INFO: [ app_init ] --START--
INFO: Run Behavior\BuildLiteBehavior [ RunTime:0.000015s ]
INFO: [ app_init ] --END-- [ RunTime:0.000489s ]
ERR: 无法加载模块:Favicon
NOTIC: [2] include(/404.html): failed to open stream: No such file or directory C:\xampp\htdocs\shejuyi\ThinkPHP\Library\Think\Think.class.php 第 314 行.
NOTIC: [2] include(): Failed opening '/404.html' for inclusion (include_path='C:\xampp\php\PEAR') C:\xampp\htdocs\shejuyi\ThinkPHP\Library\Think\Think.class.php 第 314 行.

[ 2018-06-06T11:12:48+08:00 ] ::1 /favicon.ico
INFO: [ app_init ] --START--
INFO: Run Behavior\BuildLiteBehavior [ RunTime:0.000013s ]
INFO: [ app_init ] --END-- [ RunTime:0.000455s ]
ERR: 无法加载模块:Favicon
NOTIC: [2] include(/404.html): failed to open stream: No such file or directory C:\xampp\htdocs\shejuyi\ThinkPHP\Library\Think\Think.class.php 第 314 行.
NOTIC: [2] include(): Failed opening '/404.html' for inclusion (include_path='C:\xampp\php\PEAR') C:\xampp\htdocs\shejuyi\ThinkPHP\Library\Think\Think.class.php 第 314 行.

[ 2018-06-06T11:12:49+08:00 ] ::1 /favicon.ico
INFO: [ app_init ] --START--
INFO: Run Behavior\BuildLiteBehavior [ RunTime:0.000012s ]
INFO: [ app_init ] --END-- [ RunTime:0.000443s ]
ERR: 无法加载模块:Favicon
NOTIC: [2] include(/404.html): failed to open stream: No such file or directory C:\xampp\htdocs\shejuyi\ThinkPHP\Library\Think\Think.class.php 第 314 行.
NOTIC: [2] include(): Failed opening '/404.html' for inclusion (include_path='C:\xampp\php\PEAR') C:\xampp\htdocs\shejuyi\ThinkPHP\Library\Think\Think.class.php 第 314 行.

[ 2018-06-06T11:19:48+08:00 ] ::1 /Public/Home/css/bootstrap.css.map
INFO: [ app_init ] --START--
INFO: Run Behavior\BuildLiteBehavior [ RunTime:0.000012s ]
INFO: [ app_init ] --END-- [ RunTime:0.000387s ]
ERR: 无法加载模块:Public
NOTIC: [2] include(/404.html): failed to open stream: No such file or directory C:\xampp\htdocs\shejuyi\ThinkPHP\Library\Think\Think.class.php 第 314 行.
NOTIC: [2] include(): Failed opening '/404.html' for inclusion (include_path='C:\xampp\php\PEAR') C:\xampp\htdocs\shejuyi\ThinkPHP\Library\Think\Think.class.php 第 314 行.

[ 2018-06-06T11:31:15+08:00 ] ::1 /Public/Home/css/bootstrap.css.map
INFO: [ app_init ] --START--
INFO: Run Behavior\BuildLiteBehavior [ RunTime:0.000014s ]
INFO: [ app_init ] --END-- [ RunTime:0.000515s ]
ERR: 无法加载模块:Public
NOTIC: [2] include(/404.html): failed to open stream: No such file or directory C:\xampp\htdocs\shejuyi\ThinkPHP\Library\Think\Think.class.php 第 314 行.
NOTIC: [2] include(): Failed opening '/404.html' for inclusion (include_path='C:\xampp\php\PEAR') C:\xampp\htdocs\shejuyi\ThinkPHP\Library\Think\Think.class.php 第 314 行.

[ 2018-06-06T11:31:16+08:00 ] ::1 /Public/Home/css/bootstrap.css.map
INFO: [ app_init ] --START--
INFO: Run Behavior\BuildLiteBehavior [ RunTime:0.000013s ]
INFO: [ app_init ] --END-- [ RunTime:0.000420s ]
ERR: 无法加载模块:Public
NOTIC: [2] include(/404.html): failed to open stream: No such file or directory C:\xampp\htdocs\shejuyi\ThinkPHP\Library\Think\Think.class.php 第 314 行.
NOTIC: [2] include(): Failed opening '/404.html' for inclusion (include_path='C:\xampp\php\PEAR') C:\xampp\htdocs\shejuyi\ThinkPHP\Library\Think\Think.class.php 第 314 行.

[ 2018-06-06T11:32:54+08:00 ] ::1 /Public/Home/css/bootstrap.css.map
INFO: [ app_init ] --START--
INFO: Run Behavior\BuildLiteBehavior [ RunTime:0.000013s ]
INFO: [ app_init ] --END-- [ RunTime:0.000490s ]
ERR: 无法加载模块:Public
NOTIC: [2] include(/404.html): failed to open stream: No such file or directory C:\xampp\htdocs\shejuyi\ThinkPHP\Library\Think\Think.class.php 第 314 行.
NOTIC: [2] include(): Failed opening '/404.html' for inclusion (include_path='C:\xampp\php\PEAR') C:\xampp\htdocs\shejuyi\ThinkPHP\Library\Think\Think.class.php 第 314 行.

[ 2018-06-06T11:32:54+08:00 ] ::1 /Public/Home/css/bootstrap.css.map
INFO: [ app_init ] --START--
INFO: Run Behavior\BuildLiteBehavior [ RunTime:0.000013s ]
INFO: [ app_init ] --END-- [ RunTime:0.000502s ]
ERR: 无法加载模块:Public
NOTIC: [2] include(/404.html): failed to open stream: No such file or directory C:\xampp\htdocs\shejuyi\ThinkPHP\Library\Think\Think.class.php 第 314 行.
NOTIC: [2] include(): Failed opening '/404.html' for inclusion (include_path='C:\xampp\php\PEAR') C:\xampp\htdocs\shejuyi\ThinkPHP\Library\Think\Think.class.php 第 314 行.

[ 2018-06-06T11:32:55+08:00 ] ::1 /Public/Home/css/bootstrap.css.map
INFO: [ app_init ] --START--
INFO: Run Behavior\BuildLiteBehavior [ RunTime:0.000011s ]
INFO: [ app_init ] --END-- [ RunTime:0.000386s ]
ERR: 无法加载模块:Public
NOTIC: [2] include(/404.html): failed to open stream: No such file or directory C:\xampp\htdocs\shejuyi\ThinkPHP\Library\Think\Think.class.php 第 314 行.
NOTIC: [2] include(): Failed opening '/404.html' for inclusion (include_path='C:\xampp\php\PEAR') C:\xampp\htdocs\shejuyi\ThinkPHP\Library\Think\Think.class.php 第 314 行.

[ 2018-06-06T11:32:55+08:00 ] ::1 /Public/Home/css/bootstrap.css.map
INFO: [ app_init ] --START--
INFO: Run Behavior\BuildLiteBehavior [ RunTime:0.000012s ]
INFO: [ app_init ] --END-- [ RunTime:0.000414s ]
ERR: 无法加载模块:Public
NOTIC: [2] include(/404.html): failed to open stream: No such file or directory C:\xampp\htdocs\shejuyi\ThinkPHP\Library\Think\Think.class.php 第 314 行.
NOTIC: [2] include(): Failed opening '/404.html' for inclusion (include_path='C:\xampp\php\PEAR') C:\xampp\htdocs\shejuyi\ThinkPHP\Library\Think\Think.class.php 第 314 行.

[ 2018-06-06T11:33:09+08:00 ] ::1 /Public/Home/css/bootstrap.css.map
INFO: [ app_init ] --START--
INFO: Run Behavior\BuildLiteBehavior [ RunTime:0.000011s ]
INFO: [ app_init ] --END-- [ RunTime:0.000401s ]
ERR: 无法加载模块:Public
NOTIC: [2] include(/404.html): failed to open stream: No such file or directory C:\xampp\htdocs\shejuyi\ThinkPHP\Library\Think\Think.class.php 第 314 行.
NOTIC: [2] include(): Failed opening '/404.html' for inclusion (include_path='C:\xampp\php\PEAR') C:\xampp\htdocs\shejuyi\ThinkPHP\Library\Think\Think.class.php 第 314 行.

[ 2018-06-06T11:33:09+08:00 ] ::1 /Public/Home/css/bootstrap.css.map
INFO: [ app_init ] --START--
INFO: Run Behavior\BuildLiteBehavior [ RunTime:0.000013s ]
INFO: [ app_init ] --END-- [ RunTime:0.000404s ]
ERR: 无法加载模块:Public
NOTIC: [2] include(/404.html): failed to open stream: No such file or directory C:\xampp\htdocs\shejuyi\ThinkPHP\Library\Think\Think.class.php 第 314 行.
NOTIC: [2] include(): Failed opening '/404.html' for inclusion (include_path='C:\xampp\php\PEAR') C:\xampp\htdocs\shejuyi\ThinkPHP\Library\Think\Think.class.php 第 314 行.

[ 2018-06-06T11:38:24+08:00 ] ::1 /Public/Home/css/bootstrap.css.map
INFO: [ app_init ] --START--
INFO: Run Behavior\BuildLiteBehavior [ RunTime:0.000012s ]
INFO: [ app_init ] --END-- [ RunTime:0.000449s ]
ERR: 无法加载模块:Public
NOTIC: [2] include(/404.html): failed to open stream: No such file or directory C:\xampp\htdocs\shejuyi\ThinkPHP\Library\Think\Think.class.php 第 314 行.
NOTIC: [2] include(): Failed opening '/404.html' for inclusion (include_path='C:\xampp\php\PEAR') C:\xampp\htdocs\shejuyi\ThinkPHP\Library\Think\Think.class.php 第 314 行.

[ 2018-06-06T11:38:24+08:00 ] ::1 /Public/Home/css/bootstrap.css.map
INFO: [ app_init ] --START--
INFO: Run Behavior\BuildLiteBehavior [ RunTime:0.000013s ]
INFO: [ app_init ] --END-- [ RunTime:0.000545s ]
ERR: 无法加载模块:Public
NOTIC: [2] include(/404.html): failed to open stream: No such file or directory C:\xampp\htdocs\shejuyi\ThinkPHP\Library\Think\Think.class.php 第 314 行.
NOTIC: [2] include(): Failed opening '/404.html' for inclusion (include_path='C:\xampp\php\PEAR') C:\xampp\htdocs\shejuyi\ThinkPHP\Library\Think\Think.class.php 第 314 行.

[ 2018-06-06T11:42:35+08:00 ] ::1 /Public/Home/css/bootstrap.css.map
INFO: [ app_init ] --START--
INFO: Run Behavior\BuildLiteBehavior [ RunTime:0.000012s ]
INFO: [ app_init ] --END-- [ RunTime:0.000441s ]
ERR: 无法加载模块:Public
NOTIC: [2] include(/404.html): failed to open stream: No such file or directory C:\xampp\htdocs\shejuyi\ThinkPHP\Library\Think\Think.class.php 第 314 行.
NOTIC: [2] include(): Failed opening '/404.html' for inclusion (include_path='C:\xampp\php\PEAR') C:\xampp\htdocs\shejuyi\ThinkPHP\Library\Think\Think.class.php 第 314 行.

[ 2018-06-06T11:42:35+08:00 ] ::1 /Public/Home/css/bootstrap.css.map
INFO: [ app_init ] --START--
INFO: Run Behavior\BuildLiteBehavior [ RunTime:0.000011s ]
INFO: [ app_init ] --END-- [ RunTime:0.000452s ]
ERR: 无法加载模块:Public
NOTIC: [2] include(/404.html): failed to open stream: No such file or directory C:\xampp\htdocs\shejuyi\ThinkPHP\Library\Think\Think.class.php 第 314 行.
NOTIC: [2] include(): Failed opening '/404.html' for inclusion (include_path='C:\xampp\php\PEAR') C:\xampp\htdocs\shejuyi\ThinkPHP\Library\Think\Think.class.php 第 314 行.

[ 2018-06-06T11:42:35+08:00 ] ::1 /Public/Home/css/bootstrap.css.map
INFO: [ app_init ] --START--
INFO: Run Behavior\BuildLiteBehavior [ RunTime:0.000012s ]
INFO: [ app_init ] --END-- [ RunTime:0.000411s ]
ERR: 无法加载模块:Public
NOTIC: [2] include(/404.html): failed to open stream: No such file or directory C:\xampp\htdocs\shejuyi\ThinkPHP\Library\Think\Think.class.php 第 314 行.
NOTIC: [2] include(): Failed opening '/404.html' for inclusion (include_path='C:\xampp\php\PEAR') C:\xampp\htdocs\shejuyi\ThinkPHP\Library\Think\Think.class.php 第 314 行.

[ 2018-06-06T11:43:17+08:00 ] ::1 /Public/Home/css/bootstrap.css.map
INFO: [ app_init ] --START--
INFO: Run Behavior\BuildLiteBehavior [ RunTime:0.000014s ]
INFO: [ app_init ] --END-- [ RunTime:0.000431s ]
ERR: 无法加载模块:Public
NOTIC: [2] include(/404.html): failed to open stream: No such file or directory C:\xampp\htdocs\shejuyi\ThinkPHP\Library\Think\Think.class.php 第 314 行.
NOTIC: [2] include(): Failed opening '/404.html' for inclusion (include_path='C:\xampp\php\PEAR') C:\xampp\htdocs\shejuyi\ThinkPHP\Library\Think\Think.class.php 第 314 行.

[ 2018-06-06T11:43:17+08:00 ] ::1 /Public/Home/css/bootstrap.css.map
INFO: [ app_init ] --START--
INFO: Run Behavior\BuildLiteBehavior [ RunTime:0.000013s ]
INFO: [ app_init ] --END-- [ RunTime:0.000410s ]
ERR: 无法加载模块:Public
NOTIC: [2] include(/404.html): failed to open stream: No such file or directory C:\xampp\htdocs\shejuyi\ThinkPHP\Library\Think\Think.class.php 第 314 行.
NOTIC: [2] include(): Failed opening '/404.html' for inclusion (include_path='C:\xampp\php\PEAR') C:\xampp\htdocs\shejuyi\ThinkPHP\Library\Think\Think.class.php 第 314 行.

[ 2018-06-06T11:44:40+08:00 ] ::1 /Public/Home/css/bootstrap.css.map
INFO: [ app_init ] --START--
INFO: Run Behavior\BuildLiteBehavior [ RunTime:0.000014s ]
INFO: [ app_init ] --END-- [ RunTime:0.000576s ]
ERR: 无法加载模块:Public
NOTIC: [2] include(/404.html): failed to open stream: No such file or directory C:\xampp\htdocs\shejuyi\ThinkPHP\Library\Think\Think.class.php 第 314 行.
NOTIC: [2] include(): Failed opening '/404.html' for inclusion (include_path='C:\xampp\php\PEAR') C:\xampp\htdocs\shejuyi\ThinkPHP\Library\Think\Think.class.php 第 314 行.

[ 2018-06-06T11:45:26+08:00 ] ::1 /Public/Home/css/bootstrap.css.map
INFO: [ app_init ] --START--
INFO: Run Behavior\BuildLiteBehavior [ RunTime:0.000014s ]
INFO: [ app_init ] --END-- [ RunTime:0.000424s ]
ERR: 无法加载模块:Public
NOTIC: [2] include(/404.html): failed to open stream: No such file or directory C:\xampp\htdocs\shejuyi\ThinkPHP\Library\Think\Think.class.php 第 314 行.
NOTIC: [2] include(): Failed opening '/404.html' for inclusion (include_path='C:\xampp\php\PEAR') C:\xampp\htdocs\shejuyi\ThinkPHP\Library\Think\Think.class.php 第 314 行.

[ 2018-06-06T11:45:27+08:00 ] ::1 /Public/Home/css/bootstrap.css.map
INFO: [ app_init ] --START--
INFO: Run Behavior\BuildLiteBehavior [ RunTime:0.000014s ]
INFO: [ app_init ] --END-- [ RunTime:0.000446s ]
ERR: 无法加载模块:Public
NOTIC: [2] include(/404.html): failed to open stream: No such file or directory C:\xampp\htdocs\shejuyi\ThinkPHP\Library\Think\Think.class.php 第 314 行.
NOTIC: [2] include(): Failed opening '/404.html' for inclusion (include_path='C:\xampp\php\PEAR') C:\xampp\htdocs\shejuyi\ThinkPHP\Library\Think\Think.class.php 第 314 行.

[ 2018-06-06T11:45:27+08:00 ] ::1 /Public/Home/css/bootstrap.css.map
INFO: [ app_init ] --START--
INFO: Run Behavior\BuildLiteBehavior [ RunTime:0.000013s ]
INFO: [ app_init ] --END-- [ RunTime:0.000430s ]
ERR: 无法加载模块:Public
NOTIC: [2] include(/404.html): failed to open stream: No such file or directory C:\xampp\htdocs\shejuyi\ThinkPHP\Library\Think\Think.class.php 第 314 行.
NOTIC: [2] include(): Failed opening '/404.html' for inclusion (include_path='C:\xampp\php\PEAR') C:\xampp\htdocs\shejuyi\ThinkPHP\Library\Think\Think.class.php 第 314 行.

[ 2018-06-06T11:45:55+08:00 ] ::1 /Public/Home/css/bootstrap.css.map
INFO: [ app_init ] --START--
INFO: Run Behavior\BuildLiteBehavior [ RunTime:0.000012s ]
INFO: [ app_init ] --END-- [ RunTime:0.000389s ]
ERR: 无法加载模块:Public
NOTIC: [2] include(/404.html): failed to open stream: No such file or directory C:\xampp\htdocs\shejuyi\ThinkPHP\Library\Think\Think.class.php 第 314 行.
NOTIC: [2] include(): Failed opening '/404.html' for inclusion (include_path='C:\xampp\php\PEAR') C:\xampp\htdocs\shejuyi\ThinkPHP\Library\Think\Think.class.php 第 314 行.

[ 2018-06-06T11:45:55+08:00 ] ::1 /Public/Home/css/bootstrap.css.map
INFO: [ app_init ] --START--
INFO: Run Behavior\BuildLiteBehavior [ RunTime:0.000014s ]
INFO: [ app_init ] --END-- [ RunTime:0.000415s ]
ERR: 无法加载模块:Public
NOTIC: [2] include(/404.html): failed to open stream: No such file or directory C:\xampp\htdocs\shejuyi\ThinkPHP\Library\Think\Think.class.php 第 314 行.
NOTIC: [2] include(): Failed opening '/404.html' for inclusion (include_path='C:\xampp\php\PEAR') C:\xampp\htdocs\shejuyi\ThinkPHP\Library\Think\Think.class.php 第 314 行.

[ 2018-06-06T11:45:57+08:00 ] ::1 /Public/Home/css/bootstrap.css.map
INFO: [ app_init ] --START--
INFO: Run Behavior\BuildLiteBehavior [ RunTime:0.000012s ]
INFO: [ app_init ] --END-- [ RunTime:0.000399s ]
ERR: 无法加载模块:Public
NOTIC: [2] include(/404.html): failed to open stream: No such file or directory C:\xampp\htdocs\shejuyi\ThinkPHP\Library\Think\Think.class.php 第 314 行.
NOTIC: [2] include(): Failed opening '/404.html' for inclusion (include_path='C:\xampp\php\PEAR') C:\xampp\htdocs\shejuyi\ThinkPHP\Library\Think\Think.class.php 第 314 行.

[ 2018-06-06T11:45:58+08:00 ] ::1 /Public/Home/css/bootstrap.css.map
INFO: [ app_init ] --START--
INFO: Run Behavior\BuildLiteBehavior [ RunTime:0.000012s ]
INFO: [ app_init ] --END-- [ RunTime:0.000443s ]
ERR: 无法加载模块:Public
NOTIC: [2] include(/404.html): failed to open stream: No such file or directory C:\xampp\htdocs\shejuyi\ThinkPHP\Library\Think\Think.class.php 第 314 行.
NOTIC: [2] include(): Failed opening '/404.html' for inclusion (include_path='C:\xampp\php\PEAR') C:\xampp\htdocs\shejuyi\ThinkPHP\Library\Think\Think.class.php 第 314 行.

[ 2018-06-06T11:45:58+08:00 ] ::1 /Public/Home/css/bootstrap.css.map
INFO: [ app_init ] --START--
INFO: Run Behavior\BuildLiteBehavior [ RunTime:0.000013s ]
INFO: [ app_init ] --END-- [ RunTime:0.000410s ]
ERR: 无法加载模块:Public
NOTIC: [2] include(/404.html): failed to open stream: No such file or directory C:\xampp\htdocs\shejuyi\ThinkPHP\Library\Think\Think.class.php 第 314 行.
NOTIC: [2] include(): Failed opening '/404.html' for inclusion (include_path='C:\xampp\php\PEAR') C:\xampp\htdocs\shejuyi\ThinkPHP\Library\Think\Think.class.php 第 314 行.

[ 2018-06-06T11:45:58+08:00 ] ::1 /Public/Home/css/bootstrap.css.map
INFO: [ app_init ] --START--
INFO: Run Behavior\BuildLiteBehavior [ RunTime:0.000013s ]
INFO: [ app_init ] --END-- [ RunTime:0.000402s ]
ERR: 无法加载模块:Public
NOTIC: [2] include(/404.html): failed to open stream: No such file or directory C:\xampp\htdocs\shejuyi\ThinkPHP\Library\Think\Think.class.php 第 314 行.
NOTIC: [2] include(): Failed opening '/404.html' for inclusion (include_path='C:\xampp\php\PEAR') C:\xampp\htdocs\shejuyi\ThinkPHP\Library\Think\Think.class.php 第 314 行.

[ 2018-06-06T11:46:20+08:00 ] ::1 /Public/Home/css/bootstrap.css.map
INFO: [ app_init ] --START--
INFO: Run Behavior\BuildLiteBehavior [ RunTime:0.000026s ]
INFO: [ app_init ] --END-- [ RunTime:0.000621s ]
ERR: 无法加载模块:Public
NOTIC: [2] include(/404.html): failed to open stream: No such file or directory C:\xampp\htdocs\shejuyi\ThinkPHP\Library\Think\Think.class.php 第 314 行.
NOTIC: [2] include(): Failed opening '/404.html' for inclusion (include_path='C:\xampp\php\PEAR') C:\xampp\htdocs\shejuyi\ThinkPHP\Library\Think\Think.class.php 第 314 行.

[ 2018-06-06T11:46:21+08:00 ] ::1 /Public/Home/css/bootstrap.css.map
INFO: [ app_init ] --START--
INFO: Run Behavior\BuildLiteBehavior [ RunTime:0.000014s ]
INFO: [ app_init ] --END-- [ RunTime:0.000488s ]
ERR: 无法加载模块:Public
NOTIC: [2] include(/404.html): failed to open stream: No such file or directory C:\xampp\htdocs\shejuyi\ThinkPHP\Library\Think\Think.class.php 第 314 行.
NOTIC: [2] include(): Failed opening '/404.html' for inclusion (include_path='C:\xampp\php\PEAR') C:\xampp\htdocs\shejuyi\ThinkPHP\Library\Think\Think.class.php 第 314 行.

[ 2018-06-06T11:46:42+08:00 ] ::1 /Public/Home/css/bootstrap.css.map
INFO: [ app_init ] --START--
INFO: Run Behavior\BuildLiteBehavior [ RunTime:0.000012s ]
INFO: [ app_init ] --END-- [ RunTime:0.000402s ]
ERR: 无法加载模块:Public
NOTIC: [2] include(/404.html): failed to open stream: No such file or directory C:\xampp\htdocs\shejuyi\ThinkPHP\Library\Think\Think.class.php 第 314 行.
NOTIC: [2] include(): Failed opening '/404.html' for inclusion (include_path='C:\xampp\php\PEAR') C:\xampp\htdocs\shejuyi\ThinkPHP\Library\Think\Think.class.php 第 314 行.

[ 2018-06-06T11:46:42+08:00 ] ::1 /Public/Home/css/bootstrap.css.map
INFO: [ app_init ] --START--
INFO: Run Behavior\BuildLiteBehavior [ RunTime:0.000013s ]
INFO: [ app_init ] --END-- [ RunTime:0.000422s ]
ERR: 无法加载模块:Public
NOTIC: [2] include(/404.html): failed to open stream: No such file or directory C:\xampp\htdocs\shejuyi\ThinkPHP\Library\Think\Think.class.php 第 314 行.
NOTIC: [2] include(): Failed opening '/404.html' for inclusion (include_path='C:\xampp\php\PEAR') C:\xampp\htdocs\shejuyi\ThinkPHP\Library\Think\Think.class.php 第 314 行.

[ 2018-06-06T11:46:43+08:00 ] ::1 /Public/Home/css/bootstrap.css.map
INFO: [ app_init ] --START--
INFO: Run Behavior\BuildLiteBehavior [ RunTime:0.000015s ]
INFO: [ app_init ] --END-- [ RunTime:0.000411s ]
ERR: 无法加载模块:Public
NOTIC: [2] include(/404.html): failed to open stream: No such file or directory C:\xampp\htdocs\shejuyi\ThinkPHP\Library\Think\Think.class.php 第 314 行.
NOTIC: [2] include(): Failed opening '/404.html' for inclusion (include_path='C:\xampp\php\PEAR') C:\xampp\htdocs\shejuyi\ThinkPHP\Library\Think\Think.class.php 第 314 行.

[ 2018-06-06T11:46:43+08:00 ] ::1 /Public/Home/css/bootstrap.css.map
INFO: [ app_init ] --START--
INFO: Run Behavior\BuildLiteBehavior [ RunTime:0.000016s ]
INFO: [ app_init ] --END-- [ RunTime:0.000527s ]
ERR: 无法加载模块:Public
NOTIC: [2] include(/404.html): failed to open stream: No such file or directory C:\xampp\htdocs\shejuyi\ThinkPHP\Library\Think\Think.class.php 第 314 行.
NOTIC: [2] include(): Failed opening '/404.html' for inclusion (include_path='C:\xampp\php\PEAR') C:\xampp\htdocs\shejuyi\ThinkPHP\Library\Think\Think.class.php 第 314 行.

[ 2018-06-06T11:46:43+08:00 ] ::1 /Public/Home/css/bootstrap.css.map
INFO: [ app_init ] --START--
INFO: Run Behavior\BuildLiteBehavior [ RunTime:0.000013s ]
INFO: [ app_init ] --END-- [ RunTime:0.000438s ]
ERR: 无法加载模块:Public
NOTIC: [2] include(/404.html): failed to open stream: No such file or directory C:\xampp\htdocs\shejuyi\ThinkPHP\Library\Think\Think.class.php 第 314 行.
NOTIC: [2] include(): Failed opening '/404.html' for inclusion (include_path='C:\xampp\php\PEAR') C:\xampp\htdocs\shejuyi\ThinkPHP\Library\Think\Think.class.php 第 314 行.

[ 2018-06-06T11:46:43+08:00 ] ::1 /Public/Home/css/bootstrap.css.map
INFO: [ app_init ] --START--
INFO: Run Behavior\BuildLiteBehavior [ RunTime:0.000012s ]
INFO: [ app_init ] --END-- [ RunTime:0.000401s ]
ERR: 无法加载模块:Public
NOTIC: [2] include(/404.html): failed to open stream: No such file or directory C:\xampp\htdocs\shejuyi\ThinkPHP\Library\Think\Think.class.php 第 314 行.
NOTIC: [2] include(): Failed opening '/404.html' for inclusion (include_path='C:\xampp\php\PEAR') C:\xampp\htdocs\shejuyi\ThinkPHP\Library\Think\Think.class.php 第 314 行.

[ 2018-06-06T11:47:41+08:00 ] ::1 /Public/Home/css/bootstrap.css.map
INFO: [ app_init ] --START--
INFO: Run Behavior\BuildLiteBehavior [ RunTime:0.000014s ]
INFO: [ app_init ] --END-- [ RunTime:0.000538s ]
ERR: 无法加载模块:Public
NOTIC: [2] include(/404.html): failed to open stream: No such file or directory C:\xampp\htdocs\shejuyi\ThinkPHP\Library\Think\Think.class.php 第 314 行.
NOTIC: [2] include(): Failed opening '/404.html' for inclusion (include_path='C:\xampp\php\PEAR') C:\xampp\htdocs\shejuyi\ThinkPHP\Library\Think\Think.class.php 第 314 行.

[ 2018-06-06T11:47:41+08:00 ] ::1 /Public/Home/css/bootstrap.css.map
INFO: [ app_init ] --START--
INFO: Run Behavior\BuildLiteBehavior [ RunTime:0.000013s ]
INFO: [ app_init ] --END-- [ RunTime:0.000401s ]
ERR: 无法加载模块:Public
NOTIC: [2] include(/404.html): failed to open stream: No such file or directory C:\xampp\htdocs\shejuyi\ThinkPHP\Library\Think\Think.class.php 第 314 行.
NOTIC: [2] include(): Failed opening '/404.html' for inclusion (include_path='C:\xampp\php\PEAR') C:\xampp\htdocs\shejuyi\ThinkPHP\Library\Think\Think.class.php 第 314 行.

[ 2018-06-06T11:47:54+08:00 ] ::1 /Public/Home/css/bootstrap.css.map
INFO: [ app_init ] --START--
INFO: Run Behavior\BuildLiteBehavior [ RunTime:0.000015s ]
INFO: [ app_init ] --END-- [ RunTime:0.000543s ]
ERR: 无法加载模块:Public
NOTIC: [2] include(/404.html): failed to open stream: No such file or directory C:\xampp\htdocs\shejuyi\ThinkPHP\Library\Think\Think.class.php 第 314 行.
NOTIC: [2] include(): Failed opening '/404.html' for inclusion (include_path='C:\xampp\php\PEAR') C:\xampp\htdocs\shejuyi\ThinkPHP\Library\Think\Think.class.php 第 314 行.

[ 2018-06-06T11:47:54+08:00 ] ::1 /Public/Home/css/bootstrap.css.map
INFO: [ app_init ] --START--
INFO: Run Behavior\BuildLiteBehavior [ RunTime:0.000012s ]
INFO: [ app_init ] --END-- [ RunTime:0.000411s ]
ERR: 无法加载模块:Public
NOTIC: [2] include(/404.html): failed to open stream: No such file or directory C:\xampp\htdocs\shejuyi\ThinkPHP\Library\Think\Think.class.php 第 314 行.
NOTIC: [2] include(): Failed opening '/404.html' for inclusion (include_path='C:\xampp\php\PEAR') C:\xampp\htdocs\shejuyi\ThinkPHP\Library\Think\Think.class.php 第 314 行.

[ 2018-06-06T11:48:14+08:00 ] ::1 /Public/Home/css/bootstrap.css.map
INFO: [ app_init ] --START--
INFO: Run Behavior\BuildLiteBehavior [ RunTime:0.000013s ]
INFO: [ app_init ] --END-- [ RunTime:0.000414s ]
ERR: 无法加载模块:Public
NOTIC: [2] include(/404.html): failed to open stream: No such file or directory C:\xampp\htdocs\shejuyi\ThinkPHP\Library\Think\Think.class.php 第 314 行.
NOTIC: [2] include(): Failed opening '/404.html' for inclusion (include_path='C:\xampp\php\PEAR') C:\xampp\htdocs\shejuyi\ThinkPHP\Library\Think\Think.class.php 第 314 行.

[ 2018-06-06T11:48:19+08:00 ] ::1 /Public/Home/css/bootstrap.css.map
INFO: [ app_init ] --START--
INFO: Run Behavior\BuildLiteBehavior [ RunTime:0.000013s ]
INFO: [ app_init ] --END-- [ RunTime:0.000408s ]
ERR: 无法加载模块:Public
NOTIC: [2] include(/404.html): failed to open stream: No such file or directory C:\xampp\htdocs\shejuyi\ThinkPHP\Library\Think\Think.class.php 第 314 行.
NOTIC: [2] include(): Failed opening '/404.html' for inclusion (include_path='C:\xampp\php\PEAR') C:\xampp\htdocs\shejuyi\ThinkPHP\Library\Think\Think.class.php 第 314 行.

[ 2018-06-06T11:48:20+08:00 ] ::1 /Public/Home/css/bootstrap.css.map
INFO: [ app_init ] --START--
INFO: Run Behavior\BuildLiteBehavior [ RunTime:0.000012s ]
INFO: [ app_init ] --END-- [ RunTime:0.000401s ]
ERR: 无法加载模块:Public
NOTIC: [2] include(/404.html): failed to open stream: No such file or directory C:\xampp\htdocs\shejuyi\ThinkPHP\Library\Think\Think.class.php 第 314 行.
NOTIC: [2] include(): Failed opening '/404.html' for inclusion (include_path='C:\xampp\php\PEAR') C:\xampp\htdocs\shejuyi\ThinkPHP\Library\Think\Think.class.php 第 314 行.

[ 2018-06-06T11:48:56+08:00 ] ::1 /Public/Home/css/bootstrap.css.map
INFO: [ app_init ] --START--
INFO: Run Behavior\BuildLiteBehavior [ RunTime:0.000011s ]
INFO: [ app_init ] --END-- [ RunTime:0.000446s ]
ERR: 无法加载模块:Public
NOTIC: [2] include(/404.html): failed to open stream: No such file or directory C:\xampp\htdocs\shejuyi\ThinkPHP\Library\Think\Think.class.php 第 314 行.
NOTIC: [2] include(): Failed opening '/404.html' for inclusion (include_path='C:\xampp\php\PEAR') C:\xampp\htdocs\shejuyi\ThinkPHP\Library\Think\Think.class.php 第 314 行.

[ 2018-06-06T11:48:57+08:00 ] ::1 /Public/Home/css/bootstrap.css.map
INFO: [ app_init ] --START--
INFO: Run Behavior\BuildLiteBehavior [ RunTime:0.000012s ]
INFO: [ app_init ] --END-- [ RunTime:0.000409s ]
ERR: 无法加载模块:Public
NOTIC: [2] include(/404.html): failed to open stream: No such file or directory C:\xampp\htdocs\shejuyi\ThinkPHP\Library\Think\Think.class.php 第 314 行.
NOTIC: [2] include(): Failed opening '/404.html' for inclusion (include_path='C:\xampp\php\PEAR') C:\xampp\htdocs\shejuyi\ThinkPHP\Library\Think\Think.class.php 第 314 行.

[ 2018-06-06T11:48:57+08:00 ] ::1 /Public/Home/css/bootstrap.css.map
INFO: [ app_init ] --START--
INFO: Run Behavior\BuildLiteBehavior [ RunTime:0.000013s ]
INFO: [ app_init ] --END-- [ RunTime:0.000417s ]
ERR: 无法加载模块:Public
NOTIC: [2] include(/404.html): failed to open stream: No such file or directory C:\xampp\htdocs\shejuyi\ThinkPHP\Library\Think\Think.class.php 第 314 行.
NOTIC: [2] include(): Failed opening '/404.html' for inclusion (include_path='C:\xampp\php\PEAR') C:\xampp\htdocs\shejuyi\ThinkPHP\Library\Think\Think.class.php 第 314 行.

[ 2018-06-06T11:49:10+08:00 ] ::1 /Public/Home/css/bootstrap.css.map
INFO: [ app_init ] --START--
INFO: Run Behavior\BuildLiteBehavior [ RunTime:0.000014s ]
INFO: [ app_init ] --END-- [ RunTime:0.000414s ]
ERR: 无法加载模块:Public
NOTIC: [2] include(/404.html): failed to open stream: No such file or directory C:\xampp\htdocs\shejuyi\ThinkPHP\Library\Think\Think.class.php 第 314 行.
NOTIC: [2] include(): Failed opening '/404.html' for inclusion (include_path='C:\xampp\php\PEAR') C:\xampp\htdocs\shejuyi\ThinkPHP\Library\Think\Think.class.php 第 314 行.

[ 2018-06-06T11:49:11+08:00 ] ::1 /Public/Home/css/bootstrap.css.map
INFO: [ app_init ] --START--
INFO: Run Behavior\BuildLiteBehavior [ RunTime:0.000013s ]
INFO: [ app_init ] --END-- [ RunTime:0.000407s ]
ERR: 无法加载模块:Public
NOTIC: [2] include(/404.html): failed to open stream: No such file or directory C:\xampp\htdocs\shejuyi\ThinkPHP\Library\Think\Think.class.php 第 314 行.
NOTIC: [2] include(): Failed opening '/404.html' for inclusion (include_path='C:\xampp\php\PEAR') C:\xampp\htdocs\shejuyi\ThinkPHP\Library\Think\Think.class.php 第 314 行.

[ 2018-06-06T11:49:11+08:00 ] ::1 /Public/Home/css/bootstrap.css.map
INFO: [ app_init ] --START--
INFO: Run Behavior\BuildLiteBehavior [ RunTime:0.000014s ]
INFO: [ app_init ] --END-- [ RunTime:0.000521s ]
ERR: 无法加载模块:Public
NOTIC: [2] include(/404.html): failed to open stream: No such file or directory C:\xampp\htdocs\shejuyi\ThinkPHP\Library\Think\Think.class.php 第 314 行.
NOTIC: [2] include(): Failed opening '/404.html' for inclusion (include_path='C:\xampp\php\PEAR') C:\xampp\htdocs\shejuyi\ThinkPHP\Library\Think\Think.class.php 第 314 行.

[ 2018-06-06T11:49:35+08:00 ] ::1 /Public/Home/css/bootstrap.css.map
INFO: [ app_init ] --START--
INFO: Run Behavior\BuildLiteBehavior [ RunTime:0.000015s ]
INFO: [ app_init ] --END-- [ RunTime:0.000409s ]
ERR: 无法加载模块:Public
NOTIC: [2] include(/404.html): failed to open stream: No such file or directory C:\xampp\htdocs\shejuyi\ThinkPHP\Library\Think\Think.class.php 第 314 行.
NOTIC: [2] include(): Failed opening '/404.html' for inclusion (include_path='C:\xampp\php\PEAR') C:\xampp\htdocs\shejuyi\ThinkPHP\Library\Think\Think.class.php 第 314 行.

[ 2018-06-06T11:49:35+08:00 ] ::1 /Public/Home/css/bootstrap.css.map
INFO: [ app_init ] --START--
INFO: Run Behavior\BuildLiteBehavior [ RunTime:0.000012s ]
INFO: [ app_init ] --END-- [ RunTime:0.000407s ]
ERR: 无法加载模块:Public
NOTIC: [2] include(/404.html): failed to open stream: No such file or directory C:\xampp\htdocs\shejuyi\ThinkPHP\Library\Think\Think.class.php 第 314 行.
NOTIC: [2] include(): Failed opening '/404.html' for inclusion (include_path='C:\xampp\php\PEAR') C:\xampp\htdocs\shejuyi\ThinkPHP\Library\Think\Think.class.php 第 314 行.

[ 2018-06-06T11:50:37+08:00 ] ::1 /Public/Home/css/bootstrap.css.map
INFO: [ app_init ] --START--
INFO: Run Behavior\BuildLiteBehavior [ RunTime:0.000013s ]
INFO: [ app_init ] --END-- [ RunTime:0.000465s ]
ERR: 无法加载模块:Public
NOTIC: [2] include(/404.html): failed to open stream: No such file or directory C:\xampp\htdocs\shejuyi\ThinkPHP\Library\Think\Think.class.php 第 314 行.
NOTIC: [2] include(): Failed opening '/404.html' for inclusion (include_path='C:\xampp\php\PEAR') C:\xampp\htdocs\shejuyi\ThinkPHP\Library\Think\Think.class.php 第 314 行.

[ 2018-06-06T11:50:37+08:00 ] ::1 /Public/Home/css/bootstrap.css.map
INFO: [ app_init ] --START--
INFO: Run Behavior\BuildLiteBehavior [ RunTime:0.000012s ]
INFO: [ app_init ] --END-- [ RunTime:0.000401s ]
ERR: 无法加载模块:Public
NOTIC: [2] include(/404.html): failed to open stream: No such file or directory C:\xampp\htdocs\shejuyi\ThinkPHP\Library\Think\Think.class.php 第 314 行.
NOTIC: [2] include(): Failed opening '/404.html' for inclusion (include_path='C:\xampp\php\PEAR') C:\xampp\htdocs\shejuyi\ThinkPHP\Library\Think\Think.class.php 第 314 行.

[ 2018-06-06T11:51:01+08:00 ] ::1 /Public/Home/css/bootstrap.css.map
INFO: [ app_init ] --START--
INFO: Run Behavior\BuildLiteBehavior [ RunTime:0.000014s ]
INFO: [ app_init ] --END-- [ RunTime:0.000497s ]
ERR: 无法加载模块:Public
NOTIC: [2] include(/404.html): failed to open stream: No such file or directory C:\xampp\htdocs\shejuyi\ThinkPHP\Library\Think\Think.class.php 第 314 行.
NOTIC: [2] include(): Failed opening '/404.html' for inclusion (include_path='C:\xampp\php\PEAR') C:\xampp\htdocs\shejuyi\ThinkPHP\Library\Think\Think.class.php 第 314 行.

[ 2018-06-06T11:51:34+08:00 ] ::1 /Public/Home/css/bootstrap.css.map
INFO: [ app_init ] --START--
INFO: Run Behavior\BuildLiteBehavior [ RunTime:0.000013s ]
INFO: [ app_init ] --END-- [ RunTime:0.000470s ]
ERR: 无法加载模块:Public
NOTIC: [2] include(/404.html): failed to open stream: No such file or directory C:\xampp\htdocs\shejuyi\ThinkPHP\Library\Think\Think.class.php 第 314 行.
NOTIC: [2] include(): Failed opening '/404.html' for inclusion (include_path='C:\xampp\php\PEAR') C:\xampp\htdocs\shejuyi\ThinkPHP\Library\Think\Think.class.php 第 314 行.

[ 2018-06-06T11:51:34+08:00 ] ::1 /Public/Home/css/bootstrap.css.map
INFO: [ app_init ] --START--
INFO: Run Behavior\BuildLiteBehavior [ RunTime:0.000012s ]
INFO: [ app_init ] --END-- [ RunTime:0.000427s ]
ERR: 无法加载模块:Public
NOTIC: [2] include(/404.html): failed to open stream: No such file or directory C:\xampp\htdocs\shejuyi\ThinkPHP\Library\Think\Think.class.php 第 314 行.
NOTIC: [2] include(): Failed opening '/404.html' for inclusion (include_path='C:\xampp\php\PEAR') C:\xampp\htdocs\shejuyi\ThinkPHP\Library\Think\Think.class.php 第 314 行.

[ 2018-06-06T11:51:43+08:00 ] ::1 /Public/Home/css/bootstrap.css.map
INFO: [ app_init ] --START--
INFO: Run Behavior\BuildLiteBehavior [ RunTime:0.000012s ]
INFO: [ app_init ] --END-- [ RunTime:0.000427s ]
ERR: 无法加载模块:Public
NOTIC: [2] include(/404.html): failed to open stream: No such file or directory C:\xampp\htdocs\shejuyi\ThinkPHP\Library\Think\Think.class.php 第 314 行.
NOTIC: [2] include(): Failed opening '/404.html' for inclusion (include_path='C:\xampp\php\PEAR') C:\xampp\htdocs\shejuyi\ThinkPHP\Library\Think\Think.class.php 第 314 行.

[ 2018-06-06T11:51:44+08:00 ] ::1 /Public/Home/css/bootstrap.css.map
INFO: [ app_init ] --START--
INFO: Run Behavior\BuildLiteBehavior [ RunTime:0.000012s ]
INFO: [ app_init ] --END-- [ RunTime:0.000411s ]
ERR: 无法加载模块:Public
NOTIC: [2] include(/404.html): failed to open stream: No such file or directory C:\xampp\htdocs\shejuyi\ThinkPHP\Library\Think\Think.class.php 第 314 行.
NOTIC: [2] include(): Failed opening '/404.html' for inclusion (include_path='C:\xampp\php\PEAR') C:\xampp\htdocs\shejuyi\ThinkPHP\Library\Think\Think.class.php 第 314 行.

[ 2018-06-06T11:51:44+08:00 ] ::1 /Public/Home/css/bootstrap.css.map
INFO: [ app_init ] --START--
INFO: Run Behavior\BuildLiteBehavior [ RunTime:0.000013s ]
INFO: [ app_init ] --END-- [ RunTime:0.000417s ]
ERR: 无法加载模块:Public
NOTIC: [2] include(/404.html): failed to open stream: No such file or directory C:\xampp\htdocs\shejuyi\ThinkPHP\Library\Think\Think.class.php 第 314 行.
NOTIC: [2] include(): Failed opening '/404.html' for inclusion (include_path='C:\xampp\php\PEAR') C:\xampp\htdocs\shejuyi\ThinkPHP\Library\Think\Think.class.php 第 314 行.

[ 2018-06-06T11:51:44+08:00 ] ::1 /Public/Home/css/bootstrap.css.map
INFO: [ app_init ] --START--
INFO: Run Behavior\BuildLiteBehavior [ RunTime:0.000011s ]
INFO: [ app_init ] --END-- [ RunTime:0.000386s ]
ERR: 无法加载模块:Public
NOTIC: [2] include(/404.html): failed to open stream: No such file or directory C:\xampp\htdocs\shejuyi\ThinkPHP\Library\Think\Think.class.php 第 314 行.
NOTIC: [2] include(): Failed opening '/404.html' for inclusion (include_path='C:\xampp\php\PEAR') C:\xampp\htdocs\shejuyi\ThinkPHP\Library\Think\Think.class.php 第 314 行.

[ 2018-06-06T11:51:45+08:00 ] ::1 /Public/Home/css/bootstrap.css.map
INFO: [ app_init ] --START--
INFO: Run Behavior\BuildLiteBehavior [ RunTime:0.000013s ]
INFO: [ app_init ] --END-- [ RunTime:0.000396s ]
ERR: 无法加载模块:Public
NOTIC: [2] include(/404.html): failed to open stream: No such file or directory C:\xampp\htdocs\shejuyi\ThinkPHP\Library\Think\Think.class.php 第 314 行.
NOTIC: [2] include(): Failed opening '/404.html' for inclusion (include_path='C:\xampp\php\PEAR') C:\xampp\htdocs\shejuyi\ThinkPHP\Library\Think\Think.class.php 第 314 行.

[ 2018-06-06T11:51:45+08:00 ] ::1 /Public/Home/css/bootstrap.css.map
INFO: [ app_init ] --START--
INFO: Run Behavior\BuildLiteBehavior [ RunTime:0.000011s ]
INFO: [ app_init ] --END-- [ RunTime:0.000407s ]
ERR: 无法加载模块:Public
NOTIC: [2] include(/404.html): failed to open stream: No such file or directory C:\xampp\htdocs\shejuyi\ThinkPHP\Library\Think\Think.class.php 第 314 行.
NOTIC: [2] include(): Failed opening '/404.html' for inclusion (include_path='C:\xampp\php\PEAR') C:\xampp\htdocs\shejuyi\ThinkPHP\Library\Think\Think.class.php 第 314 行.

[ 2018-06-06T11:51:45+08:00 ] ::1 /Public/Home/css/bootstrap.css.map
INFO: [ app_init ] --START--
INFO: Run Behavior\BuildLiteBehavior [ RunTime:0.000014s ]
INFO: [ app_init ] --END-- [ RunTime:0.000418s ]
ERR: 无法加载模块:Public
NOTIC: [2] include(/404.html): failed to open stream: No such file or directory C:\xampp\htdocs\shejuyi\ThinkPHP\Library\Think\Think.class.php 第 314 行.
NOTIC: [2] include(): Failed opening '/404.html' for inclusion (include_path='C:\xampp\php\PEAR') C:\xampp\htdocs\shejuyi\ThinkPHP\Library\Think\Think.class.php 第 314 行.

[ 2018-06-06T11:51:57+08:00 ] ::1 /Public/Home/css/bootstrap.css.map
INFO: [ app_init ] --START--
INFO: Run Behavior\BuildLiteBehavior [ RunTime:0.000013s ]
INFO: [ app_init ] --END-- [ RunTime:0.000398s ]
ERR: 无法加载模块:Public
NOTIC: [2] include(/404.html): failed to open stream: No such file or directory C:\xampp\htdocs\shejuyi\ThinkPHP\Library\Think\Think.class.php 第 314 行.
NOTIC: [2] include(): Failed opening '/404.html' for inclusion (include_path='C:\xampp\php\PEAR') C:\xampp\htdocs\shejuyi\ThinkPHP\Library\Think\Think.class.php 第 314 行.

[ 2018-06-06T11:51:58+08:00 ] ::1 /Public/Home/css/bootstrap.css.map
INFO: [ app_init ] --START--
INFO: Run Behavior\BuildLiteBehavior [ RunTime:0.000014s ]
INFO: [ app_init ] --END-- [ RunTime:0.000496s ]
ERR: 无法加载模块:Public
NOTIC: [2] include(/404.html): failed to open stream: No such file or directory C:\xampp\htdocs\shejuyi\ThinkPHP\Library\Think\Think.class.php 第 314 行.
NOTIC: [2] include(): Failed opening '/404.html' for inclusion (include_path='C:\xampp\php\PEAR') C:\xampp\htdocs\shejuyi\ThinkPHP\Library\Think\Think.class.php 第 314 行.

[ 2018-06-06T11:51:58+08:00 ] ::1 /Public/Home/css/bootstrap.css.map
INFO: [ app_init ] --START--
INFO: Run Behavior\BuildLiteBehavior [ RunTime:0.000013s ]
INFO: [ app_init ] --END-- [ RunTime:0.000407s ]
ERR: 无法加载模块:Public
NOTIC: [2] include(/404.html): failed to open stream: No such file or directory C:\xampp\htdocs\shejuyi\ThinkPHP\Library\Think\Think.class.php 第 314 行.
NOTIC: [2] include(): Failed opening '/404.html' for inclusion (include_path='C:\xampp\php\PEAR') C:\xampp\htdocs\shejuyi\ThinkPHP\Library\Think\Think.class.php 第 314 行.

[ 2018-06-06T11:51:58+08:00 ] ::1 /Public/Home/css/bootstrap.css.map
INFO: [ app_init ] --START--
INFO: Run Behavior\BuildLiteBehavior [ RunTime:0.000012s ]
INFO: [ app_init ] --END-- [ RunTime:0.000455s ]
ERR: 无法加载模块:Public
NOTIC: [2] include(/404.html): failed to open stream: No such file or directory C:\xampp\htdocs\shejuyi\ThinkPHP\Library\Think\Think.class.php 第 314 行.
NOTIC: [2] include(): Failed opening '/404.html' for inclusion (include_path='C:\xampp\php\PEAR') C:\xampp\htdocs\shejuyi\ThinkPHP\Library\Think\Think.class.php 第 314 行.

[ 2018-06-06T11:52:05+08:00 ] ::1 /Public/Home/css/bootstrap.css.map
INFO: [ app_init ] --START--
INFO: Run Behavior\BuildLiteBehavior [ RunTime:0.000013s ]
INFO: [ app_init ] --END-- [ RunTime:0.000404s ]
ERR: 无法加载模块:Public
NOTIC: [2] include(/404.html): failed to open stream: No such file or directory C:\xampp\htdocs\shejuyi\ThinkPHP\Library\Think\Think.class.php 第 314 行.
NOTIC: [2] include(): Failed opening '/404.html' for inclusion (include_path='C:\xampp\php\PEAR') C:\xampp\htdocs\shejuyi\ThinkPHP\Library\Think\Think.class.php 第 314 行.

[ 2018-06-06T11:52:05+08:00 ] ::1 /Public/Home/css/bootstrap.css.map
INFO: [ app_init ] --START--
INFO: Run Behavior\BuildLiteBehavior [ RunTime:0.000013s ]
INFO: [ app_init ] --END-- [ RunTime:0.000427s ]
ERR: 无法加载模块:Public
NOTIC: [2] include(/404.html): failed to open stream: No such file or directory C:\xampp\htdocs\shejuyi\ThinkPHP\Library\Think\Think.class.php 第 314 行.
NOTIC: [2] include(): Failed opening '/404.html' for inclusion (include_path='C:\xampp\php\PEAR') C:\xampp\htdocs\shejuyi\ThinkPHP\Library\Think\Think.class.php 第 314 行.

[ 2018-06-06T11:52:05+08:00 ] ::1 /Public/Home/css/bootstrap.css.map
INFO: [ app_init ] --START--
INFO: Run Behavior\BuildLiteBehavior [ RunTime:0.000011s ]
INFO: [ app_init ] --END-- [ RunTime:0.000391s ]
ERR: 无法加载模块:Public
NOTIC: [2] include(/404.html): failed to open stream: No such file or directory C:\xampp\htdocs\shejuyi\ThinkPHP\Library\Think\Think.class.php 第 314 行.
NOTIC: [2] include(): Failed opening '/404.html' for inclusion (include_path='C:\xampp\php\PEAR') C:\xampp\htdocs\shejuyi\ThinkPHP\Library\Think\Think.class.php 第 314 行.

[ 2018-06-06T11:53:19+08:00 ] ::1 /Public/Home/css/bootstrap.css.map
INFO: [ app_init ] --START--
INFO: Run Behavior\BuildLiteBehavior [ RunTime:0.000013s ]
INFO: [ app_init ] --END-- [ RunTime:0.000528s ]
ERR: 无法加载模块:Public
NOTIC: [2] include(/404.html): failed to open stream: No such file or directory C:\xampp\htdocs\shejuyi\ThinkPHP\Library\Think\Think.class.php 第 314 行.
NOTIC: [2] include(): Failed opening '/404.html' for inclusion (include_path='C:\xampp\php\PEAR') C:\xampp\htdocs\shejuyi\ThinkPHP\Library\Think\Think.class.php 第 314 行.

[ 2018-06-06T11:53:19+08:00 ] ::1 /Public/Home/css/bootstrap.css.map
INFO: [ app_init ] --START--
INFO: Run Behavior\BuildLiteBehavior [ RunTime:0.000013s ]
INFO: [ app_init ] --END-- [ RunTime:0.000434s ]
ERR: 无法加载模块:Public
NOTIC: [2] include(/404.html): failed to open stream: No such file or directory C:\xampp\htdocs\shejuyi\ThinkPHP\Library\Think\Think.class.php 第 314 行.
NOTIC: [2] include(): Failed opening '/404.html' for inclusion (include_path='C:\xampp\php\PEAR') C:\xampp\htdocs\shejuyi\ThinkPHP\Library\Think\Think.class.php 第 314 行.

[ 2018-06-06T11:53:27+08:00 ] ::1 /Public/Home/css/bootstrap.css.map
INFO: [ app_init ] --START--
INFO: Run Behavior\BuildLiteBehavior [ RunTime:0.000012s ]
INFO: [ app_init ] --END-- [ RunTime:0.000393s ]
ERR: 无法加载模块:Public
NOTIC: [2] include(/404.html): failed to open stream: No such file or directory C:\xampp\htdocs\shejuyi\ThinkPHP\Library\Think\Think.class.php 第 314 行.
NOTIC: [2] include(): Failed opening '/404.html' for inclusion (include_path='C:\xampp\php\PEAR') C:\xampp\htdocs\shejuyi\ThinkPHP\Library\Think\Think.class.php 第 314 行.

[ 2018-06-06T11:53:27+08:00 ] ::1 /Public/Home/css/bootstrap.css.map
INFO: [ app_init ] --START--
INFO: Run Behavior\BuildLiteBehavior [ RunTime:0.000014s ]
INFO: [ app_init ] --END-- [ RunTime:0.000408s ]
ERR: 无法加载模块:Public
NOTIC: [2] include(/404.html): failed to open stream: No such file or directory C:\xampp\htdocs\shejuyi\ThinkPHP\Library\Think\Think.class.php 第 314 行.
NOTIC: [2] include(): Failed opening '/404.html' for inclusion (include_path='C:\xampp\php\PEAR') C:\xampp\htdocs\shejuyi\ThinkPHP\Library\Think\Think.class.php 第 314 行.

[ 2018-06-06T11:53:27+08:00 ] ::1 /Public/Home/css/bootstrap.css.map
INFO: [ app_init ] --START--
INFO: Run Behavior\BuildLiteBehavior [ RunTime:0.000013s ]
INFO: [ app_init ] --END-- [ RunTime:0.000410s ]
ERR: 无法加载模块:Public
NOTIC: [2] include(/404.html): failed to open stream: No such file or directory C:\xampp\htdocs\shejuyi\ThinkPHP\Library\Think\Think.class.php 第 314 行.
NOTIC: [2] include(): Failed opening '/404.html' for inclusion (include_path='C:\xampp\php\PEAR') C:\xampp\htdocs\shejuyi\ThinkPHP\Library\Think\Think.class.php 第 314 行.

[ 2018-06-06T11:53:52+08:00 ] 127.0.0.1 /messenger-front/get?c=nN640gDS6JvhLGVcrlwz0bCRKXVHrYH%2FaQAyyzd3n2FVhI06PVGtzfxtR%2By7FTxRIBxgxPDsP8XEuf1%2Bly6zkI99RlzG%2FCOfZR7Qo16IJjoM1c0U5RIT73xA1olViSqt2WhVRWlILSBrhLCueD71Ix5V2Q2y0tamab0wXzYQqxjPB%2F7YjHVjkPhy0aJmd1L5fVfjX%2FBXBLhvbboQDOpJUsGQRWHxa01QthMh9%2B7gLW4kzvqUIKhBDxLGQOMFqDy1tIJWdupfKX8Co9ycGXn2379Lnd1EgXBNlcAsN%2FvlvLH6WQU8s98x67ytcH%2F6%2BIbEPqqoAQMPvvapokG49uOx0s5lUlwSLm2F84ebG2M3rraxSd6tG62p3Y72LO8HDAu%2BaQ2jrVwHr3nK5Jk7J%2FJZ4oXBY2X4nGNBKjZ18Sgh15FZC2%2Fk8S4mBlNHgB%2BC3%2FwO5lf%2Bz0AsN2W1YpFwYrWQAyt7LocIfo%2BSVXERuZuv7C6w6dz%2FRNoBxJi4pztwApMOWYWag%2FeiRenAgQDehjHrWktZXOBdZfKdeQGh%2BLgcA3wJtmgsVgaV4b0iSHvaVL%2BvJIyTHANN6Dz6grFdfscl32bu0ZVQTBJACWgJ%2BP4fVx6xSQyudEWHSA%3D%3D&v=1
INFO: [ app_init ] --START--
INFO: Run Behavior\BuildLiteBehavior [ RunTime:0.000011s ]
INFO: [ app_init ] --END-- [ RunTime:0.000434s ]
ERR: 无法加载模块:Messenger-front
NOTIC: [2] include(/404.html): failed to open stream: No such file or directory C:\xampp\htdocs\shejuyi\ThinkPHP\Library\Think\Think.class.php 第 314 行.
NOTIC: [2] include(): Failed opening '/404.html' for inclusion (include_path='C:\xampp\php\PEAR') C:\xampp\htdocs\shejuyi\ThinkPHP\Library\Think\Think.class.php 第 314 行.

[ 2018-06-06T11:54:08+08:00 ] ::1 /Public/Home/css/bootstrap.css.map
INFO: [ app_init ] --START--
INFO: Run Behavior\BuildLiteBehavior [ RunTime:0.000013s ]
INFO: [ app_init ] --END-- [ RunTime:0.000399s ]
ERR: 无法加载模块:Public
NOTIC: [2] include(/404.html): failed to open stream: No such file or directory C:\xampp\htdocs\shejuyi\ThinkPHP\Library\Think\Think.class.php 第 314 行.
NOTIC: [2] include(): Failed opening '/404.html' for inclusion (include_path='C:\xampp\php\PEAR') C:\xampp\htdocs\shejuyi\ThinkPHP\Library\Think\Think.class.php 第 314 行.

[ 2018-06-06T11:54:08+08:00 ] ::1 /Public/Home/css/bootstrap.css.map
INFO: [ app_init ] --START--
INFO: Run Behavior\BuildLiteBehavior [ RunTime:0.000014s ]
INFO: [ app_init ] --END-- [ RunTime:0.000496s ]
ERR: 无法加载模块:Public
NOTIC: [2] include(/404.html): failed to open stream: No such file or directory C:\xampp\htdocs\shejuyi\ThinkPHP\Library\Think\Think.class.php 第 314 行.
NOTIC: [2] include(): Failed opening '/404.html' for inclusion (include_path='C:\xampp\php\PEAR') C:\xampp\htdocs\shejuyi\ThinkPHP\Library\Think\Think.class.php 第 314 行.

[ 2018-06-06T11:54:41+08:00 ] ::1 /Public/Home/css/bootstrap.css.map
INFO: [ app_init ] --START--
INFO: Run Behavior\BuildLiteBehavior [ RunTime:0.000012s ]
INFO: [ app_init ] --END-- [ RunTime:0.000405s ]
ERR: 无法加载模块:Public
NOTIC: [2] include(/404.html): failed to open stream: No such file or directory C:\xampp\htdocs\shejuyi\ThinkPHP\Library\Think\Think.class.php 第 314 行.
NOTIC: [2] include(): Failed opening '/404.html' for inclusion (include_path='C:\xampp\php\PEAR') C:\xampp\htdocs\shejuyi\ThinkPHP\Library\Think\Think.class.php 第 314 行.

[ 2018-06-06T11:54:41+08:00 ] ::1 /Public/Home/css/bootstrap.css.map
INFO: [ app_init ] --START--
INFO: Run Behavior\BuildLiteBehavior [ RunTime:0.000013s ]
INFO: [ app_init ] --END-- [ RunTime:0.000389s ]
ERR: 无法加载模块:Public
NOTIC: [2] include(/404.html): failed to open stream: No such file or directory C:\xampp\htdocs\shejuyi\ThinkPHP\Library\Think\Think.class.php 第 314 行.
NOTIC: [2] include(): Failed opening '/404.html' for inclusion (include_path='C:\xampp\php\PEAR') C:\xampp\htdocs\shejuyi\ThinkPHP\Library\Think\Think.class.php 第 314 行.

